1738161681.2052698 [INFO] [launch]: All log files can be found below /home/developer/SPWAR_ws/logs/2025-01-29-11-41-21-204244-b064b974ae0d-436049
1738161681.2054610 [INFO] [launch]: Default logging verbosity is set to INFO
1738161682.1304753 [INFO] [robot_state_publisher-1]: process started with pid [436057]
1738161682.1307623 [INFO] [move_group-2]: process started with pid [436059]
1738161682.1309409 [INFO] [rviz2-3]: process started with pid [436061]
1738161682.1310470 [INFO] [ros2_control_node-4]: process started with pid [436063]
1738161682.1311371 [INFO] [spawner-5]: process started with pid [436065]
1738161682.1312363 [INFO] [spawner-6]: process started with pid [436067]
1738161682.1313148 [INFO] [spawner-7]: process started with pid [436069]
1738161682.1322188 [rviz2-3] QStandardPaths: wrong permissions on runtime directory /run/user/1000, 0755 instead of 0700
1738161682.1324558 [ros2_control_node-4] [WARN] [1738161682.115764296] [controller_manager]: [Deprecated] Passing the robot description parameter directly to the control_manager node is deprecated. Use '~/robot_description' topic from 'robot_state_publisher' instead.
1738161682.1326830 [ros2_control_node-4] [INFO] [1738161682.116210669] [resource_manager]: Loading hardware 'FakeSystem' 
1738161682.1327605 [ros2_control_node-4] [INFO] [1738161682.116738558] [resource_manager]: Initialize hardware 'FakeSystem' 
1738161682.1328351 [ros2_control_node-4] [INFO] [1738161682.116786910] [resource_manager]: Successful initialization of hardware 'FakeSystem'
1738161682.1329105 [ros2_control_node-4] [INFO] [1738161682.116839551] [resource_manager]: 'configure' hardware 'FakeSystem' 
1738161682.1329844 [ros2_control_node-4] [INFO] [1738161682.116849309] [resource_manager]: Successful 'configure' of hardware 'FakeSystem'
1738161682.1330514 [ros2_control_node-4] [INFO] [1738161682.116855040] [resource_manager]: 'activate' hardware 'FakeSystem' 
1738161682.1331198 [ros2_control_node-4] [INFO] [1738161682.116859108] [resource_manager]: Successful 'activate' of hardware 'FakeSystem'
1738161682.1332028 [ros2_control_node-4] [INFO] [1738161682.121119531] [controller_manager]: update rate is 100 Hz
1738161682.1332710 [ros2_control_node-4] [INFO] [1738161682.121165559] [controller_manager]: Spawning controller_manager RT thread with scheduler priority: 50
1738161682.1333306 [ros2_control_node-4] [WARN] [1738161682.121273566] [controller_manager]: No real-time kernel detected on this system. See [https://control.ros.org/master/doc/ros2_control/controller_manager/doc/userdoc.html] for details on how to enable realtime scheduling.
1738161682.3276956 [ros2_control_node-4] [INFO] [1738161682.327342129] [controller_manager]: Loading controller 'spot_gripper_controller'
1738161682.3416870 [ros2_control_node-4] [INFO] [1738161682.341554063] [controller_manager]: Loading controller 'spot_arm_controller'
1738161682.3513064 [ros2_control_node-4] [WARN] [1738161682.351005117] [spot_arm_controller]: [Deprecated]: "allow_nonzero_velocity_at_trajectory_end" is set to true. The default behavior will change to false.
1738161682.3517759 [ros2_control_node-4] [INFO] [1738161682.351665058] [controller_manager]: Loading controller 'joint_state_broadcaster'
1738161682.3654981 [ros2_control_node-4] [INFO] [1738161682.365288327] [controller_manager]: Configuring controller 'spot_gripper_controller'
1738161682.3658948 [ros2_control_node-4] [INFO] [1738161682.365432352] [spot_gripper_controller]: Action status changes will be monitored at 20Hz.
1738161682.3717632 [ros2_control_node-4] [INFO] [1738161682.371611713] [controller_manager]: Configuring controller 'spot_arm_controller'
1738161682.3720646 [ros2_control_node-4] [INFO] [1738161682.371838997] [spot_arm_controller]: No specific joint names are used for command interfaces. Using 'joints' parameter.
1738161682.3721626 [ros2_control_node-4] [INFO] [1738161682.371872281] [spot_arm_controller]: Command interfaces are [position] and state interfaces are [position velocity].
1738161682.3722475 [ros2_control_node-4] [INFO] [1738161682.371901296] [spot_arm_controller]: Using 'splines' interpolation method.
1738161682.3735700 [ros2_control_node-4] [INFO] [1738161682.373433344] [spot_arm_controller]: Controller state will be published at 50.00 Hz.
1738161682.3763020 [ros2_control_node-4] [INFO] [1738161682.376159334] [spot_arm_controller]: Action status changes will be monitored at 20.00 Hz.
1738161682.4016666 [ros2_control_node-4] [INFO] [1738161682.401526940] [controller_manager]: Configuring controller 'joint_state_broadcaster'
1738161682.4019573 [ros2_control_node-4] [INFO] [1738161682.401590652] [joint_state_broadcaster]: 'joints' or 'interfaces' parameter is empty. All available state interfaces will be published
1738161682.5346425 [rviz2-3] [INFO] [1738161682.534339167] [rviz2]: Stereo is NOT SUPPORTED
1738161682.5350008 [rviz2-3] [INFO] [1738161682.534434980] [rviz2]: OpenGl version: 4.6 (GLSL 4.6)
1738161682.5553637 [rviz2-3] [INFO] [1738161682.555075170] [rviz2]: Stereo is NOT SUPPORTED
1738161682.5624654 [INFO] [spawner-6]: process has finished cleanly [pid 436067]
1738161682.5961742 [INFO] [spawner-5]: process has finished cleanly [pid 436065]
1738161682.6034949 [INFO] [spawner-7]: process has finished cleanly [pid 436069]
1738161682.6227007 [rviz2-3] Warning: class_loader.impl: SEVERE WARNING!!! A namespace collision has occurred with plugin factory for class rviz_default_plugins::displays::InteractiveMarkerDisplay. New factory will OVERWRITE existing one. This situation occurs when libraries containing plugins are directly linked against an executable (the one running right now generating this message). Please separate plugins out into their own library or just don't link against the library and use either class_loader::ClassLoader/MultiLibraryClassLoader to open.
1738161682.6228659 [rviz2-3]          at line 253 in /opt/ros/humble/include/class_loader/class_loader/class_loader_core.hpp
1738161685.6385651 [rviz2-3] [ERROR] [1738161685.637857964] [moveit_ros_visualization.motion_planning_frame]: Action server: /recognize_objects not available
1738161685.6510611 [rviz2-3] [INFO] [1738161685.650749843] [moveit_ros_visualization.motion_planning_frame]: MoveGroup namespace changed: / -> . Reloading params.
1738161685.6561468 [rviz2-3] [ERROR] [1738161685.655802730] [rviz2]: PluginlibFactory: The plugin for class 'moveit_visual_tools/RvizVisualToolsGui' failed to load. Error: According to the loaded plugin descriptions the class moveit_visual_tools/RvizVisualToolsGui with base class type rviz_common::Panel does not exist. Declared types are  rviz_visual_tools/RvizVisualToolsGui
1738161685.7413216 [rviz2-3] [INFO] [1738161685.740909599] [moveit_rdf_loader.rdf_loader]: Loaded robot model in 0.0549802 seconds
1738161685.7415478 [rviz2-3] [INFO] [1738161685.740965596] [moveit_robot_model.robot_model]: Loading robot model 'spot'...
1738161685.7416077 [rviz2-3] [INFO] [1738161685.740981166] [moveit_robot_model.robot_model]: No root/virtual joint specified in SRDF. Assuming fixed joint
1738161685.9123940 [rviz2-3] [INFO] [1738161685.911930899] [moveit_ros.planning_scene_monitor.planning_scene_monitor]: Starting planning scene monitor
1738161685.9128928 [rviz2-3] [INFO] [1738161685.912587564] [moveit_ros.planning_scene_monitor.planning_scene_monitor]: Listening to '/monitored_planning_scene'
1738161685.9751658 [rviz2-3] [INFO] [1738161685.974557333] [interactive_marker_display_96403955386976]: Connected on namespace: /rviz_moveit_motion_planning_display/robot_interaction_interactive_marker_topic
1738161685.9838538 [rviz2-3] [INFO] [1738161685.983601147] [moveit_ros_visualization.motion_planning_frame]: group spot_arm
1738161685.9840207 [rviz2-3] [INFO] [1738161685.983633549] [moveit_ros_visualization.motion_planning_frame]: Constructing new MoveGroup connection for group 'spot_arm' in namespace ''
1738161685.9887991 [rviz2-3] [INFO] [1738161685.988551899] [move_group_interface]: Ready to take commands for planning group spot_arm.
1738161685.9893916 [rviz2-3] [INFO] [1738161685.989262728] [moveit_ros_visualization.motion_planning_frame]: group spot_arm
1738161685.9937232 [rviz2-3] [INFO] [1738161685.993523361] [interactive_marker_display_96403955386976]: Sending request for interactive markers
1738161686.0264354 [rviz2-3] [INFO] [1738161686.026124138] [interactive_marker_display_96403955386976]: Service response received for initialization
1738161689.3695426 [rviz2-3] [INFO] [1738161689.368805753] [move_group_interface]: Plan and Execute request accepted
1738161689.4125178 [ros2_control_node-4] [INFO] [1738161689.412316988] [spot_arm_controller]: Received new action goal
1738161689.4127614 [ros2_control_node-4] [INFO] [1738161689.412393213] [spot_arm_controller]: Accepted new action goal
1738161694.0416729 [ros2_control_node-4] [INFO] [1738161694.041372721] [spot_arm_controller]: Goal reached, success!
1738161694.1029301 [rviz2-3] [INFO] [1738161694.102798272] [move_group_interface]: Plan and Execute request complete!
1738161695.1042004 [rviz2-3] [WARN] [1738161695.103807903] [moveit_ros.planning_scene_monitor.planning_scene_monitor]: Maybe failed to update robot state, time diff: 0.012s
1738161695.4006555 [WARNING] [launch]: user interrupted with ctrl-c (SIGINT)
1738161695.4038529 [ros2_control_node-4] [INFO] [1738161695.400406929] [rclcpp]: signal_handler(signum=2)
1738161695.4043398 [rviz2-3] [INFO] [1738161695.400421477] [rclcpp]: signal_handler(signum=2)
1738161695.4046140 [rviz2-3] [WARN] [1738161695.403627904] [interactive_marker_display_96403955386976]: Server not available while running, resetting
1738161695.4851890 [rviz2-3] 
1738161695.4854336 [rviz2-3] >>> [rcutils|error_handling.c:108] rcutils_set_error_state()
1738161695.4855204 [rviz2-3] This error state is being overwritten:
1738161695.4856000 [rviz2-3] 
1738161695.4856706 [rviz2-3]   'rcl node's context is invalid, at ./src/rcl/node.c:428'
1738161695.4857409 [rviz2-3] 
1738161695.4858119 [rviz2-3] with this new error message:
1738161695.4858840 [rviz2-3] 
1738161695.4859536 [rviz2-3]   'publisher's context is invalid, at ./src/rcl/publisher.c:389'
1738161695.4860215 [rviz2-3] 
1738161695.4860923 [rviz2-3] rcutils_reset_error() should be called after error handling to avoid this.
1738161695.4861743 [rviz2-3] <<<
1738161695.4866586 [rviz2-3] [INFO] [1738161695.486045908] [moveit_ros.planning_scene_monitor.planning_scene_monitor]: Stopping planning scene monitor
1738161695.5093360 [INFO] [robot_state_publisher-1]: process has finished cleanly [pid 436057]
1738161695.5264471 [INFO] [ros2_control_node-4]: process has finished cleanly [pid 436063]
1738161695.5453746 [ERROR] [move_group-2]: process has died [pid 436059, exit code -11, cmd '/opt/ros/humble/lib/moveit_ros_move_group/move_group --ros-args --params-file /tmp/launch_params_h1wlfo54 --params-file /tmp/launch_params_uratrh52'].
1738161695.6184313 [ERROR] [rviz2-3]: process has died [pid 436061, exit code -11, cmd '/opt/ros/humble/lib/rviz2/rviz2 -d /home/developer/SPWAR_ws/src/install/spot_moveit_config/share/spot_moveit_config/config/moveit.rviz --ros-args --params-file /tmp/launch_params_z14i1_s9 --params-file /tmp/launch_params_x39enobx --params-file /tmp/launch_params_vkbn1s5q'].
