[0.026s] Invoking command in '/home/developer/SPWAR_ws/build/hello_moveit': CMAKE_PREFIX_PATH=${CMAKE_PREFIX_PATH}:/opt/ros/humble /usr/bin/cmake --build /home/developer/SPWAR_ws/build/hello_moveit -- -j16 -l16
[0.170s] [100%] Built target hello_moveit
[0.198s] Invoked command in '/home/developer/SPWAR_ws/build/hello_moveit' returned '0': CMAKE_PREFIX_PATH=${CMAKE_PREFIX_PATH}:/opt/ros/humble /usr/bin/cmake --build /home/developer/SPWAR_ws/build/hello_moveit -- -j16 -l16
[0.250s] Invoking command in '/home/developer/SPWAR_ws/build/hello_moveit': CMAKE_PREFIX_PATH=${CMAKE_PREFIX_PATH}:/opt/ros/humble /usr/bin/cmake --install /home/developer/SPWAR_ws/build/hello_moveit
[0.264s] -- Install configuration: ""
[0.265s] -- Execute custom install script
[0.265s] -- Up-to-date symlink: /home/developer/SPWAR_ws/install/hello_moveit/lib/hello_moveit/hello_moveit
[0.266s] -- Up-to-date symlink: /home/developer/SPWAR_ws/install/hello_moveit/share/ament_index/resource_index/package_run_dependencies/hello_moveit
[0.266s] -- Up-to-date symlink: /home/developer/SPWAR_ws/install/hello_moveit/share/ament_index/resource_index/parent_prefix_path/hello_moveit
[0.266s] -- Up-to-date symlink: /home/developer/SPWAR_ws/install/hello_moveit/share/hello_moveit/environment/ament_prefix_path.sh
[0.266s] -- Up-to-date symlink: /home/developer/SPWAR_ws/install/hello_moveit/share/hello_moveit/environment/ament_prefix_path.dsv
[0.267s] -- Up-to-date symlink: /home/developer/SPWAR_ws/install/hello_moveit/share/hello_moveit/environment/path.sh
[0.267s] -- Up-to-date symlink: /home/developer/SPWAR_ws/install/hello_moveit/share/hello_moveit/environment/path.dsv
[0.267s] -- Up-to-date symlink: /home/developer/SPWAR_ws/install/hello_moveit/share/hello_moveit/local_setup.bash
[0.267s] -- Up-to-date symlink: /home/developer/SPWAR_ws/install/hello_moveit/share/hello_moveit/local_setup.sh
[0.268s] -- Up-to-date symlink: /home/developer/SPWAR_ws/install/hello_moveit/share/hello_moveit/local_setup.zsh
[0.268s] -- Up-to-date symlink: /home/developer/SPWAR_ws/install/hello_moveit/share/hello_moveit/local_setup.dsv
[0.268s] -- Symlinking: /home/developer/SPWAR_ws/install/hello_moveit/share/hello_moveit/package.dsv
[0.288s] -- Up-to-date symlink: /home/developer/SPWAR_ws/install/hello_moveit/share/ament_index/resource_index/packages/hello_moveit
[0.288s] -- Up-to-date symlink: /home/developer/SPWAR_ws/install/hello_moveit/share/hello_moveit/cmake/hello_moveitConfig.cmake
[0.288s] -- Up-to-date symlink: /home/developer/SPWAR_ws/install/hello_moveit/share/hello_moveit/cmake/hello_moveitConfig-version.cmake
[0.289s] -- Up-to-date symlink: /home/developer/SPWAR_ws/install/hello_moveit/share/hello_moveit/package.xml
[0.310s] Invoked command in '/home/developer/SPWAR_ws/build/hello_moveit' returned '0': CMAKE_PREFIX_PATH=${CMAKE_PREFIX_PATH}:/opt/ros/humble /usr/bin/cmake --install /home/developer/SPWAR_ws/build/hello_moveit
