[0.008s] Invoking command in '/home/developer/SPWAR_ws/build/spot_moveit_config': CMAKE_PREFIX_PATH=/home/developer/SPWAR_ws/install/spot_description:/home/developer/SPWAR_ws/install:/home/developer/SPWAR_ws/install:/home/developer/SPWAR_ws/install/hello_moveit:/home/developer/SPWAR_ws/src/install/spot_moveit_config:/home/developer/SPWAR_ws/src/install/spot_description:/home/developer/SPWAR_ws/src/install/hello_moveit:/home/developer/SPWAR_ws/install/spot_moveit_config:/opt/ros/humble /usr/bin/cmake /home/developer/SPWAR_ws/src/spot_moveit_config -DAMENT_CMAKE_SYMLINK_INSTALL=1 -DCMAKE_INSTALL_PREFIX=/home/developer/SPWAR_ws/install/spot_moveit_config
[0.056s] -- The C compiler identification is GNU 11.4.0
[0.104s] -- The CXX compiler identification is GNU 11.4.0
[0.110s] -- Detecting C compiler ABI info
[0.174s] -- Detecting C compiler ABI info - done
[0.180s] -- Check for working C compiler: /usr/bin/cc - skipped
[0.180s] -- Detecting C compile features
[0.181s] -- Detecting C compile features - done
[0.183s] -- Detecting CXX compiler ABI info
[0.255s] -- Detecting CXX compiler ABI info - done
[0.261s] -- Check for working CXX compiler: /usr/bin/c++ - skipped
[0.261s] -- Detecting CXX compile features
[0.262s] -- Detecting CXX compile features - done
[0.266s] -- Found ament_cmake: 1.3.10 (/opt/ros/humble/share/ament_cmake/cmake)
[0.394s] -- Found Python3: /usr/bin/python3 (found version "3.10.12") found components: Interpreter 
[0.448s] -- Override CMake install command with custom implementation using symlinks instead of copying resources
[0.507s] -- Found rclcpp: 16.0.10 (/opt/ros/humble/share/rclcpp/cmake)
[0.564s] -- Found rosidl_generator_c: 3.1.5 (/opt/ros/humble/share/rosidl_generator_c/cmake)
[0.572s] -- Found rosidl_adapter: 3.1.5 (/opt/ros/humble/share/rosidl_adapter/cmake)
[0.583s] -- Found rosidl_generator_cpp: 3.1.5 (/opt/ros/humble/share/rosidl_generator_cpp/cmake)
[0.596s] -- Using all available rosidl_typesupport_c: rosidl_typesupport_fastrtps_c;rosidl_typesupport_introspection_c
[0.615s] -- Using all available rosidl_typesupport_cpp: rosidl_typesupport_fastrtps_cpp;rosidl_typesupport_introspection_cpp
[0.670s] -- Found rmw_implementation_cmake: 6.1.2 (/opt/ros/humble/share/rmw_implementation_cmake/cmake)
[0.674s] -- Found rmw_fastrtps_cpp: 6.2.7 (/opt/ros/humble/share/rmw_fastrtps_cpp/cmake)
[0.773s] -- Found OpenSSL: /usr/lib/x86_64-linux-gnu/libcrypto.so (found version "3.0.2")  
[0.806s] -- Found FastRTPS: /opt/ros/humble/include  
[0.860s] -- Using RMW implementation 'rmw_fastrtps_cpp' as default
[0.873s] -- Looking for pthread.h
[0.942s] -- Looking for pthread.h - found
[0.942s] -- Performing Test CMAKE_HAVE_LIBC_PTHREAD
[1.009s] -- Performing Test CMAKE_HAVE_LIBC_PTHREAD - Success
[1.010s] -- Found Threads: TRUE  
[1.059s] -- Found moveit_ros_planning_interface: 2.5.7 (/opt/ros/humble/share/moveit_ros_planning_interface/cmake)
[1.096s] -- Found Boost: /usr/lib/x86_64-linux-gnu/cmake/Boost-1.74.0/BoostConfig.cmake (found version "1.74.0") found components: date_time filesystem program_options system thread 
[1.266s] -- Found Boost: /usr/lib/x86_64-linux-gnu/cmake/Boost-1.74.0/BoostConfig.cmake (found version "1.74.0") found components: chrono date_time filesystem iostreams program_options regex serialization system thread 
[1.318s] -- Found parameter_traits: 0.4.0 (/opt/ros/humble/share/parameter_traits/cmake)
[1.332s] -- Found Eigen3: TRUE (found version "3.4.0") 
[1.336s] -- Found rclcpp_lifecycle: 16.0.10 (/opt/ros/humble/share/rclcpp_lifecycle/cmake)
[1.362s] -- Found Boost: /usr/lib/x86_64-linux-gnu/cmake/Boost-1.74.0/BoostConfig.cmake (found version "1.74.0") found components: filesystem 
[1.472s] -- library: /usr/lib/x86_64-linux-gnu/libcurl.so
[1.508s] -- Ensuring Eigen3 include directory is part of orocos-kdl CMake target
[1.662s] -- Found Boost: /usr/lib/x86_64-linux-gnu/cmake/Boost-1.74.0/BoostConfig.cmake (found version "1.74.0") found components: system filesystem date_time program_options thread chrono 
[1.691s] -- Found Boost: /usr/lib/x86_64-linux-gnu/cmake/Boost-1.74.0/BoostConfig.cmake (found version "1.74.0") found components: thread system filesystem regex date_time program_options 
[1.712s] -- Found Boost: /usr/lib/x86_64-linux-gnu/cmake/Boost-1.74.0/BoostConfig.cmake (found version "1.74.0") found components: system filesystem date_time program_options thread 
[1.791s] -- Configuring done
[1.800s] -- Generating done
[1.802s] -- Build files have been written to: /home/developer/SPWAR_ws/build/spot_moveit_config
[1.814s] Invoked command in '/home/developer/SPWAR_ws/build/spot_moveit_config' returned '0': CMAKE_PREFIX_PATH=/home/developer/SPWAR_ws/install/spot_description:/home/developer/SPWAR_ws/install:/home/developer/SPWAR_ws/install:/home/developer/SPWAR_ws/install/hello_moveit:/home/developer/SPWAR_ws/src/install/spot_moveit_config:/home/developer/SPWAR_ws/src/install/spot_description:/home/developer/SPWAR_ws/src/install/hello_moveit:/home/developer/SPWAR_ws/install/spot_moveit_config:/opt/ros/humble /usr/bin/cmake /home/developer/SPWAR_ws/src/spot_moveit_config -DAMENT_CMAKE_SYMLINK_INSTALL=1 -DCMAKE_INSTALL_PREFIX=/home/developer/SPWAR_ws/install/spot_moveit_config
[1.815s] Invoking command in '/home/developer/SPWAR_ws/build/spot_moveit_config': CMAKE_PREFIX_PATH=/home/developer/SPWAR_ws/install/spot_description:/home/developer/SPWAR_ws/install:/home/developer/SPWAR_ws/install:/home/developer/SPWAR_ws/install/hello_moveit:/home/developer/SPWAR_ws/src/install/spot_moveit_config:/home/developer/SPWAR_ws/src/install/spot_description:/home/developer/SPWAR_ws/src/install/hello_moveit:/home/developer/SPWAR_ws/install/spot_moveit_config:/opt/ros/humble /usr/bin/cmake --build /home/developer/SPWAR_ws/build/spot_moveit_config -- -j16 -l16
[1.859s] Invoked command in '/home/developer/SPWAR_ws/build/spot_moveit_config' returned '0': CMAKE_PREFIX_PATH=/home/developer/SPWAR_ws/install/spot_description:/home/developer/SPWAR_ws/install:/home/developer/SPWAR_ws/install:/home/developer/SPWAR_ws/install/hello_moveit:/home/developer/SPWAR_ws/src/install/spot_moveit_config:/home/developer/SPWAR_ws/src/install/spot_description:/home/developer/SPWAR_ws/src/install/hello_moveit:/home/developer/SPWAR_ws/install/spot_moveit_config:/opt/ros/humble /usr/bin/cmake --build /home/developer/SPWAR_ws/build/spot_moveit_config -- -j16 -l16
[1.882s] Invoking command in '/home/developer/SPWAR_ws/build/spot_moveit_config': CMAKE_PREFIX_PATH=/home/developer/SPWAR_ws/install/spot_description:/home/developer/SPWAR_ws/install:/home/developer/SPWAR_ws/install:/home/developer/SPWAR_ws/install/hello_moveit:/home/developer/SPWAR_ws/src/install/spot_moveit_config:/home/developer/SPWAR_ws/src/install/spot_description:/home/developer/SPWAR_ws/src/install/hello_moveit:/home/developer/SPWAR_ws/install/spot_moveit_config:/opt/ros/humble /usr/bin/cmake --install /home/developer/SPWAR_ws/build/spot_moveit_config
[1.889s] -- Install configuration: ""
[1.889s] -- Execute custom install script
[1.890s] -- Symlinking: /home/developer/SPWAR_ws/install/spot_moveit_config/share/spot_moveit_config/launch/demo.launch.py
[1.899s] -- Symlinking: /home/developer/SPWAR_ws/install/spot_moveit_config/share/spot_moveit_config/launch/move_group.launch.py
[1.907s] -- Symlinking: /home/developer/SPWAR_ws/install/spot_moveit_config/share/spot_moveit_config/launch/moveit_rviz.launch.py
[1.915s] -- Symlinking: /home/developer/SPWAR_ws/install/spot_moveit_config/share/spot_moveit_config/launch/rsp.launch.py
[1.923s] -- Symlinking: /home/developer/SPWAR_ws/install/spot_moveit_config/share/spot_moveit_config/launch/setup_assistant.launch.py
[1.932s] -- Symlinking: /home/developer/SPWAR_ws/install/spot_moveit_config/share/spot_moveit_config/launch/spawn_controllers.launch.py
[1.943s] -- Symlinking: /home/developer/SPWAR_ws/install/spot_moveit_config/share/spot_moveit_config/launch/static_virtual_joint_tfs.launch.py
[1.951s] -- Symlinking: /home/developer/SPWAR_ws/install/spot_moveit_config/share/spot_moveit_config/launch/warehouse_db.launch.py
[1.960s] -- Symlinking: /home/developer/SPWAR_ws/install/spot_moveit_config/share/spot_moveit_config/config/initial_positions.yaml
[1.968s] -- Symlinking: /home/developer/SPWAR_ws/install/spot_moveit_config/share/spot_moveit_config/config/joint_limits.yaml
[1.978s] -- Symlinking: /home/developer/SPWAR_ws/install/spot_moveit_config/share/spot_moveit_config/config/kinematics.yaml
[1.986s] -- Symlinking: /home/developer/SPWAR_ws/install/spot_moveit_config/share/spot_moveit_config/config/moveit.rviz
[1.994s] -- Symlinking: /home/developer/SPWAR_ws/install/spot_moveit_config/share/spot_moveit_config/config/moveit_controllers.yaml
[2.002s] -- Symlinking: /home/developer/SPWAR_ws/install/spot_moveit_config/share/spot_moveit_config/config/pilz_cartesian_limits.yaml
[2.010s] -- Symlinking: /home/developer/SPWAR_ws/install/spot_moveit_config/share/spot_moveit_config/config/ros2_controllers.yaml
[2.018s] -- Symlinking: /home/developer/SPWAR_ws/install/spot_moveit_config/share/spot_moveit_config/config/sensors_3d.yaml
[2.027s] -- Symlinking: /home/developer/SPWAR_ws/install/spot_moveit_config/share/spot_moveit_config/config/spot.ros2_control.xacro
[2.035s] -- Symlinking: /home/developer/SPWAR_ws/install/spot_moveit_config/share/spot_moveit_config/config/spot.srdf
[2.044s] -- Symlinking: /home/developer/SPWAR_ws/install/spot_moveit_config/share/spot_moveit_config/config/spot.urdf.xacro
[2.052s] -- Symlinking: /home/developer/SPWAR_ws/install/spot_moveit_config/share/spot_moveit_config/.setup_assistant
[2.061s] -- Symlinking: /home/developer/SPWAR_ws/install/spot_moveit_config/share/ament_index/resource_index/package_run_dependencies/spot_moveit_config
[2.069s] -- Symlinking: /home/developer/SPWAR_ws/install/spot_moveit_config/share/ament_index/resource_index/parent_prefix_path/spot_moveit_config
[2.079s] -- Symlinking: /home/developer/SPWAR_ws/install/spot_moveit_config/share/spot_moveit_config/environment/ament_prefix_path.sh
[2.088s] -- Symlinking: /home/developer/SPWAR_ws/install/spot_moveit_config/share/spot_moveit_config/environment/ament_prefix_path.dsv
[2.097s] -- Symlinking: /home/developer/SPWAR_ws/install/spot_moveit_config/share/spot_moveit_config/environment/path.sh
[2.106s] -- Symlinking: /home/developer/SPWAR_ws/install/spot_moveit_config/share/spot_moveit_config/environment/path.dsv
[2.115s] -- Symlinking: /home/developer/SPWAR_ws/install/spot_moveit_config/share/spot_moveit_config/local_setup.bash
[2.123s] -- Symlinking: /home/developer/SPWAR_ws/install/spot_moveit_config/share/spot_moveit_config/local_setup.sh
[2.132s] -- Symlinking: /home/developer/SPWAR_ws/install/spot_moveit_config/share/spot_moveit_config/local_setup.zsh
[2.141s] -- Symlinking: /home/developer/SPWAR_ws/install/spot_moveit_config/share/spot_moveit_config/local_setup.dsv
[2.150s] -- Symlinking: /home/developer/SPWAR_ws/install/spot_moveit_config/share/spot_moveit_config/package.dsv
[2.160s] -- Symlinking: /home/developer/SPWAR_ws/install/spot_moveit_config/share/ament_index/resource_index/packages/spot_moveit_config
[2.169s] -- Symlinking: /home/developer/SPWAR_ws/install/spot_moveit_config/share/spot_moveit_config/cmake/spot_moveit_configConfig.cmake
[2.179s] -- Symlinking: /home/developer/SPWAR_ws/install/spot_moveit_config/share/spot_moveit_config/cmake/spot_moveit_configConfig-version.cmake
[2.188s] -- Symlinking: /home/developer/SPWAR_ws/install/spot_moveit_config/share/spot_moveit_config/package.xml
[2.200s] Invoked command in '/home/developer/SPWAR_ws/build/spot_moveit_config' returned '0': CMAKE_PREFIX_PATH=/home/developer/SPWAR_ws/install/spot_description:/home/developer/SPWAR_ws/install:/home/developer/SPWAR_ws/install:/home/developer/SPWAR_ws/install/hello_moveit:/home/developer/SPWAR_ws/src/install/spot_moveit_config:/home/developer/SPWAR_ws/src/install/spot_description:/home/developer/SPWAR_ws/src/install/hello_moveit:/home/developer/SPWAR_ws/install/spot_moveit_config:/opt/ros/humble /usr/bin/cmake --install /home/developer/SPWAR_ws/build/spot_moveit_config
