1738123403.5242887 [INFO] [launch]: All log files can be found below /home/developer/SPWAR_ws/logs/2025-01-29-01-03-23-522860-b064b974ae0d-87822
1738123403.5244923 [INFO] [launch]: Default logging verbosity is set to INFO
1738123405.2334056 [INFO] [robot_state_publisher-1]: process started with pid [87840]
1738123405.2337620 [INFO] [move_group-2]: process started with pid [87842]
1738123405.2339447 [INFO] [rviz2-3]: process started with pid [87844]
1738123405.2341805 [INFO] [ros2_control_node-4]: process started with pid [87847]
1738123405.2343519 [INFO] [spawner-5]: process started with pid [87849]
1738123405.2344944 [INFO] [spawner-6]: process started with pid [87851]
1738123405.2346344 [INFO] [spawner-7]: process started with pid [87853]
1738123405.2363973 [rviz2-3] QStandardPaths: wrong permissions on runtime directory /run/user/1000, 0755 instead of 0700
1738123405.2390425 [ros2_control_node-4] [WARN] [1738123405.238509706] [controller_manager]: [Deprecated] Passing the robot description parameter directly to the control_manager node is deprecated. Use '~/robot_description' topic from 'robot_state_publisher' instead.
1738123405.2398217 [ros2_control_node-4] [INFO] [1738123405.239221576] [resource_manager]: Loading hardware 'FakeSystem' 
1738123405.2404177 [ros2_control_node-4] [INFO] [1738123405.240070135] [resource_manager]: Initialize hardware 'FakeSystem' 
1738123405.2408688 [ros2_control_node-4] [INFO] [1738123405.240176917] [resource_manager]: Successful initialization of hardware 'FakeSystem'
1738123405.2410092 [ros2_control_node-4] [INFO] [1738123405.240299159] [resource_manager]: 'configure' hardware 'FakeSystem' 
1738123405.2411313 [ros2_control_node-4] [INFO] [1738123405.240318796] [resource_manager]: Successful 'configure' of hardware 'FakeSystem'
1738123405.2412806 [ros2_control_node-4] [INFO] [1738123405.240334355] [resource_manager]: 'activate' hardware 'FakeSystem' 
1738123405.2414122 [ros2_control_node-4] [INFO] [1738123405.240346098] [resource_manager]: Successful 'activate' of hardware 'FakeSystem'
1738123405.2474301 [ros2_control_node-4] [INFO] [1738123405.246966168] [controller_manager]: update rate is 100 Hz
1738123405.2477686 [ros2_control_node-4] [INFO] [1738123405.247015782] [controller_manager]: Spawning controller_manager RT thread with scheduler priority: 50
1738123405.2484121 [ros2_control_node-4] [WARN] [1738123405.247266958] [controller_manager]: No real-time kernel detected on this system. See [https://control.ros.org/master/doc/ros2_control/controller_manager/doc/userdoc.html] for details on how to enable realtime scheduling.
1738123405.5460315 [ros2_control_node-4] [INFO] [1738123405.545553038] [controller_manager]: Loading controller 'joint_state_broadcaster'
1738123405.5580375 [ros2_control_node-4] [INFO] [1738123405.557599294] [controller_manager]: Loading controller 'spot_gripper_controller'
1738123405.5782037 [ros2_control_node-4] [INFO] [1738123405.577806251] [controller_manager]: Loading controller 'spot_arm_controller'
1738123405.5944891 [ros2_control_node-4] [WARN] [1738123405.594172918] [spot_arm_controller]: [Deprecated]: "allow_nonzero_velocity_at_trajectory_end" is set to true. The default behavior will change to false.
1738123405.5980818 [ros2_control_node-4] [INFO] [1738123405.597806887] [controller_manager]: Configuring controller 'joint_state_broadcaster'
1738123405.5986643 [ros2_control_node-4] [INFO] [1738123405.598019540] [joint_state_broadcaster]: 'joints' or 'interfaces' parameter is empty. All available state interfaces will be published
1738123405.6280761 [ros2_control_node-4] [INFO] [1738123405.627654139] [controller_manager]: Configuring controller 'spot_gripper_controller'
1738123405.6286085 [ros2_control_node-4] [INFO] [1738123405.627807610] [spot_gripper_controller]: Action status changes will be monitored at 20Hz.
1738123405.6380954 [ros2_control_node-4] [INFO] [1738123405.637838306] [controller_manager]: Configuring controller 'spot_arm_controller'
1738123405.6386888 [ros2_control_node-4] [INFO] [1738123405.638109670] [spot_arm_controller]: No specific joint names are used for command interfaces. Using 'joints' parameter.
1738123405.6388605 [ros2_control_node-4] [INFO] [1738123405.638142873] [spot_arm_controller]: Command interfaces are [position] and state interfaces are [position velocity].
1738123405.6389802 [ros2_control_node-4] [INFO] [1738123405.638185945] [spot_arm_controller]: Using 'splines' interpolation method.
1738123405.6398163 [ros2_control_node-4] [INFO] [1738123405.639548598] [spot_arm_controller]: Controller state will be published at 50.00 Hz.
1738123405.6419652 [ros2_control_node-4] [INFO] [1738123405.641666433] [spot_arm_controller]: Action status changes will be monitored at 20.00 Hz.
1738123405.8077555 [INFO] [spawner-7]: process has finished cleanly [pid 87853]
1738123405.8692460 [INFO] [spawner-6]: process has finished cleanly [pid 87851]
1738123405.8876820 [INFO] [spawner-5]: process has finished cleanly [pid 87849]
1738123405.9323359 [rviz2-3] [INFO] [1738123405.931564501] [rviz2]: Stereo is NOT SUPPORTED
1738123405.9326546 [rviz2-3] [INFO] [1738123405.931769029] [rviz2]: OpenGl version: 4.6 (GLSL 4.6)
1738123405.9688954 [rviz2-3] [INFO] [1738123405.968101075] [rviz2]: Stereo is NOT SUPPORTED
1738123406.0827429 [rviz2-3] Warning: class_loader.impl: SEVERE WARNING!!! A namespace collision has occurred with plugin factory for class rviz_default_plugins::displays::InteractiveMarkerDisplay. New factory will OVERWRITE existing one. This situation occurs when libraries containing plugins are directly linked against an executable (the one running right now generating this message). Please separate plugins out into their own library or just don't link against the library and use either class_loader::ClassLoader/MultiLibraryClassLoader to open.
1738123406.0830667 [rviz2-3]          at line 253 in /opt/ros/humble/include/class_loader/class_loader/class_loader_core.hpp
1738123409.1166995 [rviz2-3] [ERROR] [1738123409.115671468] [moveit_ros_visualization.motion_planning_frame]: Action server: /recognize_objects not available
1738123409.1356645 [rviz2-3] [INFO] [1738123409.134823705] [moveit_ros_visualization.motion_planning_frame]: MoveGroup namespace changed: / -> . Reloading params.
1738123409.2625768 [rviz2-3] [INFO] [1738123409.262004529] [moveit_rdf_loader.rdf_loader]: Loaded robot model in 0.0898807 seconds
1738123409.2629123 [rviz2-3] [INFO] [1738123409.262085172] [moveit_robot_model.robot_model]: Loading robot model 'spot'...
1738123409.2630246 [rviz2-3] [INFO] [1738123409.262100922] [moveit_robot_model.robot_model]: No root/virtual joint specified in SRDF. Assuming fixed joint
1738123409.3391469 [rviz2-3] [WARN] [1738123409.338717603] [moveit_robot_model.robot_model]: Link fl.hip has visual geometry but no collision geometry. Collision geometry will be left empty. Fix your URDF file by explicitly specifying collision geometry.
1738123409.3394594 [rviz2-3] [WARN] [1738123409.338814817] [moveit_robot_model.robot_model]: Link fr.hip has visual geometry but no collision geometry. Collision geometry will be left empty. Fix your URDF file by explicitly specifying collision geometry.
1738123409.3396003 [rviz2-3] [WARN] [1738123409.338837039] [moveit_robot_model.robot_model]: Link hl.hip has visual geometry but no collision geometry. Collision geometry will be left empty. Fix your URDF file by explicitly specifying collision geometry.
1738123409.3397212 [rviz2-3] [WARN] [1738123409.338853761] [moveit_robot_model.robot_model]: Link hr.hip has visual geometry but no collision geometry. Collision geometry will be left empty. Fix your URDF file by explicitly specifying collision geometry.
1738123409.3497655 [rviz2-3] [WARN] [1738123409.349292139] [kdl_parser]: The root link base has an inertia specified in the URDF, but KDL does not support a root link with an inertia.  As a workaround, you can add an extra dummy link to your URDF.
1738123409.5562613 [rviz2-3] [INFO] [1738123409.555719859] [moveit_ros.planning_scene_monitor.planning_scene_monitor]: Starting planning scene monitor
1738123409.5570099 [rviz2-3] [INFO] [1738123409.556410739] [moveit_ros.planning_scene_monitor.planning_scene_monitor]: Listening to '/monitored_planning_scene'
1738123409.6754324 [rviz2-3] [INFO] [1738123409.674968767] [interactive_marker_display_105797335946576]: Connected on namespace: /rviz_moveit_motion_planning_display/robot_interaction_interactive_marker_topic
1738123409.6854820 [rviz2-3] [WARN] [1738123409.684613110] [kdl_parser]: The root link base has an inertia specified in the URDF, but KDL does not support a root link with an inertia.  As a workaround, you can add an extra dummy link to your URDF.
1738123409.6864767 [rviz2-3] [WARN] [1738123409.684841423] [kdl_parser]: The root link base has an inertia specified in the URDF, but KDL does not support a root link with an inertia.  As a workaround, you can add an extra dummy link to your URDF.
1738123409.6931632 [rviz2-3] [INFO] [1738123409.692628675] [moveit_ros_visualization.motion_planning_frame]: group spot_arm
1738123409.6934023 [rviz2-3] [INFO] [1738123409.692671606] [moveit_ros_visualization.motion_planning_frame]: Constructing new MoveGroup connection for group 'spot_arm' in namespace ''
1738123409.7039654 [rviz2-3] [INFO] [1738123409.703411646] [move_group_interface]: Ready to take commands for planning group spot_arm.
1738123409.7051418 [rviz2-3] [INFO] [1738123409.704799066] [moveit_ros_visualization.motion_planning_frame]: group spot_arm
1738123409.7058966 [rviz2-3] [INFO] [1738123409.705556752] [interactive_marker_display_105797335946576]: Sending request for interactive markers
1738123409.7391059 [rviz2-3] [INFO] [1738123409.738622224] [interactive_marker_display_105797335946576]: Service response received for initialization
1738123419.6699705 [ros2_control_node-4] [INFO] [1738123419.669013358] [spot_arm_controller]: Received new action goal
1738123419.6702230 [ros2_control_node-4] [INFO] [1738123419.669115832] [spot_arm_controller]: Accepted new action goal
1738123423.9478815 [ros2_control_node-4] [INFO] [1738123423.947433985] [spot_arm_controller]: Goal reached, success!
1738123431.0632896 [rviz2-3] [INFO] [1738123431.062031953] [move_group_interface]: Plan and Execute request accepted
1738123431.1199944 [ros2_control_node-4] [INFO] [1738123431.118850036] [spot_arm_controller]: Received new action goal
1738123431.1201687 [ros2_control_node-4] [INFO] [1738123431.118967669] [spot_arm_controller]: Accepted new action goal
1738123437.0579872 [ros2_control_node-4] [INFO] [1738123437.057440831] [spot_arm_controller]: Goal reached, success!
1738123437.1095212 [rviz2-3] [INFO] [1738123437.109014451] [move_group_interface]: Plan and Execute request complete!
1738123438.1107686 [rviz2-3] [WARN] [1738123438.110182182] [moveit_ros.planning_scene_monitor.planning_scene_monitor]: Maybe failed to update robot state, time diff: 0.033s
1738123571.9521680 [WARNING] [launch]: user interrupted with ctrl-c (SIGINT)
1738123571.9558387 [rviz2-3] [INFO] [1738123571.951697299] [rclcpp]: signal_handler(signum=2)
1738123571.9562700 [ros2_control_node-4] [INFO] [1738123571.951704132] [rclcpp]: signal_handler(signum=2)
1738123571.9980712 [rviz2-3] [INFO] [1738123571.997000341] [moveit_ros.planning_scene_monitor.planning_scene_monitor]: Stopping planning scene monitor
1738123572.0656979 [INFO] [robot_state_publisher-1]: process has finished cleanly [pid 87840]
1738123572.0963888 [INFO] [ros2_control_node-4]: process has finished cleanly [pid 87847]
1738123572.2175381 [ERROR] [move_group-2]: process has died [pid 87842, exit code -11, cmd '/opt/ros/humble/lib/moveit_ros_move_group/move_group --ros-args --params-file /tmp/launch_params_lnsraqml --params-file /tmp/launch_params_ae3fybu_'].
1738123572.2690713 [ERROR] [rviz2-3]: process has died [pid 87844, exit code -11, cmd '/opt/ros/humble/lib/rviz2/rviz2 -d /home/developer/SPWAR_ws/src/install/spot_moveit_config/share/spot_moveit_config/config/moveit.rviz --ros-args --params-file /tmp/launch_params_9n0oo9yl --params-file /tmp/launch_params_kz0fqtou --params-file /tmp/launch_params_1cxxcvnj'].
