[0.012s] Invoking command in '/home/developer/SPWAR_ws/src/build/hello_moveit': CMAKE_PREFIX_PATH=${CMAKE_PREFIX_PATH}:/opt/ros/humble /usr/bin/cmake --build /home/developer/SPWAR_ws/src/build/hello_moveit -- -j16 -l16
[0.088s] [ 50%] [32mBuilding CXX object CMakeFiles/hello_moveit.dir/src/hello_moveit.cpp.o[0m
[11.272s] [100%] [32m[1mLinking CXX executable hello_moveit[0m
[12.217s] [100%] Built target hello_moveit
[12.231s] Invoked command in '/home/developer/SPWAR_ws/src/build/hello_moveit' returned '0': CMAKE_PREFIX_PATH=${CMAKE_PREFIX_PATH}:/opt/ros/humble /usr/bin/cmake --build /home/developer/SPWAR_ws/src/build/hello_moveit -- -j16 -l16
[12.262s] Invoking command in '/home/developer/SPWAR_ws/src/build/hello_moveit': CMAKE_PREFIX_PATH=${CMAKE_PREFIX_PATH}:/opt/ros/humble /usr/bin/cmake --install /home/developer/SPWAR_ws/src/build/hello_moveit
[12.272s] -- Install configuration: ""
[12.272s] -- Execute custom install script
[12.274s] -- Up-to-date symlink: /home/developer/SPWAR_ws/src/install/hello_moveit/lib/hello_moveit/hello_moveit
[12.276s] -- Up-to-date symlink: /home/developer/SPWAR_ws/src/install/hello_moveit/share/ament_index/resource_index/package_run_dependencies/hello_moveit
[12.277s] -- Up-to-date symlink: /home/developer/SPWAR_ws/src/install/hello_moveit/share/ament_index/resource_index/parent_prefix_path/hello_moveit
[12.279s] -- Up-to-date symlink: /home/developer/SPWAR_ws/src/install/hello_moveit/share/hello_moveit/environment/ament_prefix_path.sh
[12.279s] -- Up-to-date symlink: /home/developer/SPWAR_ws/src/install/hello_moveit/share/hello_moveit/environment/ament_prefix_path.dsv
[12.280s] -- Up-to-date symlink: /home/developer/SPWAR_ws/src/install/hello_moveit/share/hello_moveit/environment/path.sh
[12.281s] -- Up-to-date symlink: /home/developer/SPWAR_ws/src/install/hello_moveit/share/hello_moveit/environment/path.dsv
[12.281s] -- Up-to-date symlink: /home/developer/SPWAR_ws/src/install/hello_moveit/share/hello_moveit/local_setup.bash
[12.281s] -- Up-to-date symlink: /home/developer/SPWAR_ws/src/install/hello_moveit/share/hello_moveit/local_setup.sh
[12.282s] -- Up-to-date symlink: /home/developer/SPWAR_ws/src/install/hello_moveit/share/hello_moveit/local_setup.zsh
[12.282s] -- Up-to-date symlink: /home/developer/SPWAR_ws/src/install/hello_moveit/share/hello_moveit/local_setup.dsv
[12.282s] -- Symlinking: /home/developer/SPWAR_ws/src/install/hello_moveit/share/hello_moveit/package.dsv
[12.295s] -- Up-to-date symlink: /home/developer/SPWAR_ws/src/install/hello_moveit/share/ament_index/resource_index/packages/hello_moveit
[12.296s] -- Up-to-date symlink: /home/developer/SPWAR_ws/src/install/hello_moveit/share/hello_moveit/cmake/hello_moveitConfig.cmake
[12.296s] -- Up-to-date symlink: /home/developer/SPWAR_ws/src/install/hello_moveit/share/hello_moveit/cmake/hello_moveitConfig-version.cmake
[12.296s] -- Up-to-date symlink: /home/developer/SPWAR_ws/src/install/hello_moveit/share/hello_moveit/package.xml
[12.300s] Invoked command in '/home/developer/SPWAR_ws/src/build/hello_moveit' returned '0': CMAKE_PREFIX_PATH=${CMAKE_PREFIX_PATH}:/opt/ros/humble /usr/bin/cmake --install /home/developer/SPWAR_ws/src/build/hello_moveit
