[0.203s] DEBUG:colcon:Command line arguments: ['/usr/bin/colcon', 'build', '--packages-select', 'spot_moveit_config']
[0.204s] DEBUG:colcon:Parsed command line arguments: Namespace(log_base=None, log_level=None, verb_name='build', build_base='build', install_base='install', merge_install=False, symlink_install=False, test_result_base=None, continue_on_error=False, executor='parallel', parallel_workers=16, event_handlers=None, ignore_user_meta=False, metas=['./colcon.meta'], base_paths=['.'], packages_ignore=None, packages_ignore_regex=None, paths=None, packages_up_to=None, packages_up_to_regex=None, packages_above=None, packages_above_and_dependencies=None, packages_above_depth=None, packages_select_by_dep=None, packages_skip_by_dep=None, packages_skip_up_to=None, packages_select_build_failed=False, packages_skip_build_finished=False, packages_select_test_failures=False, packages_skip_test_passed=False, packages_select=['spot_moveit_config'], packages_skip=None, packages_select_regex=None, packages_skip_regex=None, packages_start=None, packages_end=None, cmake_args=None, cmake_target=None, cmake_target_skip_unavailable=False, cmake_clean_cache=False, cmake_clean_first=False, cmake_force_configure=False, ament_cmake_args=None, catkin_cmake_args=None, catkin_skip_building_tests=False, mixin_files=None, mixin=None, verb_parser=<colcon_mixin.mixin.mixin_argument.MixinArgumentDecorator object at 0x7d45b74406d0>, verb_extension=<colcon_core.verb.build.BuildVerb object at 0x7d45b7440160>, main=<bound method BuildVerb.main of <colcon_core.verb.build.BuildVerb object at 0x7d45b7440160>>, mixin_verb=('build',))
[0.447s] Level 1:colcon.colcon_core.package_discovery:discover_packages(colcon_meta) check parameters
[0.448s] INFO:colcon.colcon_metadata.package_discovery.colcon_meta:Using configuration from '/root/.colcon/metadata/default/Gazebo.meta'
[0.449s] INFO:colcon.colcon_metadata.package_discovery.colcon_meta:Using configuration from '/root/.colcon/metadata/default/fastrtps.meta'
[0.449s] Level 1:colcon.colcon_core.package_discovery:discover_packages(recursive) check parameters
[0.449s] Level 1:colcon.colcon_core.package_discovery:discover_packages(ignore) check parameters
[0.449s] Level 1:colcon.colcon_core.package_discovery:discover_packages(path) check parameters
[0.449s] Level 1:colcon.colcon_core.package_discovery:discover_packages(colcon_meta) discover
[0.449s] Level 1:colcon.colcon_core.package_discovery:discover_packages(recursive) discover
[0.449s] INFO:colcon.colcon_core.package_discovery:Crawling recursively for packages in '/home/developer/SPWAR_ws'
[0.450s] Level 1:colcon.colcon_core.package_identification:_identify(.) by extensions ['ignore', 'ignore_ament_install']
[0.450s] Level 1:colcon.colcon_core.package_identification:_identify(.) by extension 'ignore'
[0.450s] Level 1:colcon.colcon_core.package_identification:_identify(.) by extension 'ignore_ament_install'
[0.450s] Level 1:colcon.colcon_core.package_identification:_identify(.) by extensions ['colcon_pkg']
[0.450s] Level 1:colcon.colcon_core.package_identification:_identify(.) by extension 'colcon_pkg'
[0.450s] Level 1:colcon.colcon_core.package_identification:_identify(.) by extensions ['colcon_meta']
[0.450s] Level 1:colcon.colcon_core.package_identification:_identify(.) by extension 'colcon_meta'
[0.450s] Level 1:colcon.colcon_core.package_identification:_identify(.) by extensions ['ros']
[0.450s] Level 1:colcon.colcon_core.package_identification:_identify(.) by extension 'ros'
[0.468s] Level 1:colcon.colcon_core.package_identification:_identify(.) by extensions ['cmake', 'python']
[0.468s] Level 1:colcon.colcon_core.package_identification:_identify(.) by extension 'cmake'
[0.468s] Level 1:colcon.colcon_core.package_identification:_identify(.) by extension 'python'
[0.468s] Level 1:colcon.colcon_core.package_identification:_identify(.) by extensions ['python_setup_py']
[0.468s] Level 1:colcon.colcon_core.package_identification:_identify(.) by extension 'python_setup_py'
[0.468s] Level 1:colcon.colcon_core.package_identification:_identify(__pycache__) by extensions ['ignore', 'ignore_ament_install']
[0.468s] Level 1:colcon.colcon_core.package_identification:_identify(__pycache__) by extension 'ignore'
[0.469s] Level 1:colcon.colcon_core.package_identification:_identify(__pycache__) by extension 'ignore_ament_install'
[0.469s] Level 1:colcon.colcon_core.package_identification:_identify(__pycache__) by extensions ['colcon_pkg']
[0.469s] Level 1:colcon.colcon_core.package_identification:_identify(__pycache__) by extension 'colcon_pkg'
[0.469s] Level 1:colcon.colcon_core.package_identification:_identify(__pycache__) by extensions ['colcon_meta']
[0.469s] Level 1:colcon.colcon_core.package_identification:_identify(__pycache__) by extension 'colcon_meta'
[0.469s] Level 1:colcon.colcon_core.package_identification:_identify(__pycache__) by extensions ['ros']
[0.469s] Level 1:colcon.colcon_core.package_identification:_identify(__pycache__) by extension 'ros'
[0.469s] Level 1:colcon.colcon_core.package_identification:_identify(__pycache__) by extensions ['cmake', 'python']
[0.469s] Level 1:colcon.colcon_core.package_identification:_identify(__pycache__) by extension 'cmake'
[0.469s] Level 1:colcon.colcon_core.package_identification:_identify(__pycache__) by extension 'python'
[0.469s] Level 1:colcon.colcon_core.package_identification:_identify(__pycache__) by extensions ['python_setup_py']
[0.469s] Level 1:colcon.colcon_core.package_identification:_identify(__pycache__) by extension 'python_setup_py'
[0.470s] Level 1:colcon.colcon_core.package_identification:_identify(build) by extensions ['ignore', 'ignore_ament_install']
[0.470s] Level 1:colcon.colcon_core.package_identification:_identify(build) by extension 'ignore'
[0.470s] Level 1:colcon.colcon_core.package_identification:_identify(build) ignored
[0.470s] Level 1:colcon.colcon_core.package_identification:_identify(install) by extensions ['ignore', 'ignore_ament_install']
[0.470s] Level 1:colcon.colcon_core.package_identification:_identify(install) by extension 'ignore'
[0.470s] Level 1:colcon.colcon_core.package_identification:_identify(install) ignored
[0.471s] Level 1:colcon.colcon_core.package_identification:_identify(log) by extensions ['ignore', 'ignore_ament_install']
[0.471s] Level 1:colcon.colcon_core.package_identification:_identify(log) by extension 'ignore'
[0.471s] Level 1:colcon.colcon_core.package_identification:_identify(log) ignored
[0.471s] Level 1:colcon.colcon_core.package_identification:_identify(logs) by extensions ['ignore', 'ignore_ament_install']
[0.471s] Level 1:colcon.colcon_core.package_identification:_identify(logs) by extension 'ignore'
[0.472s] Level 1:colcon.colcon_core.package_identification:_identify(logs) by extension 'ignore_ament_install'
[0.472s] Level 1:colcon.colcon_core.package_identification:_identify(logs) by extensions ['colcon_pkg']
[0.472s] Level 1:colcon.colcon_core.package_identification:_identify(logs) by extension 'colcon_pkg'
[0.472s] Level 1:colcon.colcon_core.package_identification:_identify(logs) by extensions ['colcon_meta']
[0.472s] Level 1:colcon.colcon_core.package_identification:_identify(logs) by extension 'colcon_meta'
[0.472s] Level 1:colcon.colcon_core.package_identification:_identify(logs) by extensions ['ros']
[0.472s] Level 1:colcon.colcon_core.package_identification:_identify(logs) by extension 'ros'
[0.472s] Level 1:colcon.colcon_core.package_identification:_identify(logs) by extensions ['cmake', 'python']
[0.472s] Level 1:colcon.colcon_core.package_identification:_identify(logs) by extension 'cmake'
[0.472s] Level 1:colcon.colcon_core.package_identification:_identify(logs) by extension 'python'
[0.472s] Level 1:colcon.colcon_core.package_identification:_identify(logs) by extensions ['python_setup_py']
[0.472s] Level 1:colcon.colcon_core.package_identification:_identify(logs) by extension 'python_setup_py'
[0.473s] Level 1:colcon.colcon_core.package_identification:_identify(logs/2025-01-19-23-54-33-725698-397ac8843c53-81) by extensions ['ignore', 'ignore_ament_install']
[0.473s] Level 1:colcon.colcon_core.package_identification:_identify(logs/2025-01-19-23-54-33-725698-397ac8843c53-81) by extension 'ignore'
[0.473s] Level 1:colcon.colcon_core.package_identification:_identify(logs/2025-01-19-23-54-33-725698-397ac8843c53-81) by extension 'ignore_ament_install'
[0.473s] Level 1:colcon.colcon_core.package_identification:_identify(logs/2025-01-19-23-54-33-725698-397ac8843c53-81) by extensions ['colcon_pkg']
[0.473s] Level 1:colcon.colcon_core.package_identification:_identify(logs/2025-01-19-23-54-33-725698-397ac8843c53-81) by extension 'colcon_pkg'
[0.473s] Level 1:colcon.colcon_core.package_identification:_identify(logs/2025-01-19-23-54-33-725698-397ac8843c53-81) by extensions ['colcon_meta']
[0.473s] Level 1:colcon.colcon_core.package_identification:_identify(logs/2025-01-19-23-54-33-725698-397ac8843c53-81) by extension 'colcon_meta'
[0.473s] Level 1:colcon.colcon_core.package_identification:_identify(logs/2025-01-19-23-54-33-725698-397ac8843c53-81) by extensions ['ros']
[0.473s] Level 1:colcon.colcon_core.package_identification:_identify(logs/2025-01-19-23-54-33-725698-397ac8843c53-81) by extension 'ros'
[0.473s] Level 1:colcon.colcon_core.package_identification:_identify(logs/2025-01-19-23-54-33-725698-397ac8843c53-81) by extensions ['cmake', 'python']
[0.474s] Level 1:colcon.colcon_core.package_identification:_identify(logs/2025-01-19-23-54-33-725698-397ac8843c53-81) by extension 'cmake'
[0.474s] Level 1:colcon.colcon_core.package_identification:_identify(logs/2025-01-19-23-54-33-725698-397ac8843c53-81) by extension 'python'
[0.474s] Level 1:colcon.colcon_core.package_identification:_identify(logs/2025-01-19-23-54-33-725698-397ac8843c53-81) by extensions ['python_setup_py']
[0.474s] Level 1:colcon.colcon_core.package_identification:_identify(logs/2025-01-19-23-54-33-725698-397ac8843c53-81) by extension 'python_setup_py'
[0.474s] Level 1:colcon.colcon_core.package_identification:_identify(logs/2025-01-20-00-01-23-722671-9b19273669b6-78) by extensions ['ignore', 'ignore_ament_install']
[0.474s] Level 1:colcon.colcon_core.package_identification:_identify(logs/2025-01-20-00-01-23-722671-9b19273669b6-78) by extension 'ignore'
[0.474s] Level 1:colcon.colcon_core.package_identification:_identify(logs/2025-01-20-00-01-23-722671-9b19273669b6-78) by extension 'ignore_ament_install'
[0.474s] Level 1:colcon.colcon_core.package_identification:_identify(logs/2025-01-20-00-01-23-722671-9b19273669b6-78) by extensions ['colcon_pkg']
[0.474s] Level 1:colcon.colcon_core.package_identification:_identify(logs/2025-01-20-00-01-23-722671-9b19273669b6-78) by extension 'colcon_pkg'
[0.474s] Level 1:colcon.colcon_core.package_identification:_identify(logs/2025-01-20-00-01-23-722671-9b19273669b6-78) by extensions ['colcon_meta']
[0.474s] Level 1:colcon.colcon_core.package_identification:_identify(logs/2025-01-20-00-01-23-722671-9b19273669b6-78) by extension 'colcon_meta'
[0.474s] Level 1:colcon.colcon_core.package_identification:_identify(logs/2025-01-20-00-01-23-722671-9b19273669b6-78) by extensions ['ros']
[0.475s] Level 1:colcon.colcon_core.package_identification:_identify(logs/2025-01-20-00-01-23-722671-9b19273669b6-78) by extension 'ros'
[0.475s] Level 1:colcon.colcon_core.package_identification:_identify(logs/2025-01-20-00-01-23-722671-9b19273669b6-78) by extensions ['cmake', 'python']
[0.475s] Level 1:colcon.colcon_core.package_identification:_identify(logs/2025-01-20-00-01-23-722671-9b19273669b6-78) by extension 'cmake'
[0.475s] Level 1:colcon.colcon_core.package_identification:_identify(logs/2025-01-20-00-01-23-722671-9b19273669b6-78) by extension 'python'
[0.475s] Level 1:colcon.colcon_core.package_identification:_identify(logs/2025-01-20-00-01-23-722671-9b19273669b6-78) by extensions ['python_setup_py']
[0.475s] Level 1:colcon.colcon_core.package_identification:_identify(logs/2025-01-20-00-01-23-722671-9b19273669b6-78) by extension 'python_setup_py'
[0.475s] Level 1:colcon.colcon_core.package_identification:_identify(logs/2025-01-20-00-06-17-488083-739bb811525e-304) by extensions ['ignore', 'ignore_ament_install']
[0.475s] Level 1:colcon.colcon_core.package_identification:_identify(logs/2025-01-20-00-06-17-488083-739bb811525e-304) by extension 'ignore'
[0.475s] Level 1:colcon.colcon_core.package_identification:_identify(logs/2025-01-20-00-06-17-488083-739bb811525e-304) by extension 'ignore_ament_install'
[0.475s] Level 1:colcon.colcon_core.package_identification:_identify(logs/2025-01-20-00-06-17-488083-739bb811525e-304) by extensions ['colcon_pkg']
[0.476s] Level 1:colcon.colcon_core.package_identification:_identify(logs/2025-01-20-00-06-17-488083-739bb811525e-304) by extension 'colcon_pkg'
[0.476s] Level 1:colcon.colcon_core.package_identification:_identify(logs/2025-01-20-00-06-17-488083-739bb811525e-304) by extensions ['colcon_meta']
[0.476s] Level 1:colcon.colcon_core.package_identification:_identify(logs/2025-01-20-00-06-17-488083-739bb811525e-304) by extension 'colcon_meta'
[0.476s] Level 1:colcon.colcon_core.package_identification:_identify(logs/2025-01-20-00-06-17-488083-739bb811525e-304) by extensions ['ros']
[0.476s] Level 1:colcon.colcon_core.package_identification:_identify(logs/2025-01-20-00-06-17-488083-739bb811525e-304) by extension 'ros'
[0.476s] Level 1:colcon.colcon_core.package_identification:_identify(logs/2025-01-20-00-06-17-488083-739bb811525e-304) by extensions ['cmake', 'python']
[0.476s] Level 1:colcon.colcon_core.package_identification:_identify(logs/2025-01-20-00-06-17-488083-739bb811525e-304) by extension 'cmake'
[0.476s] Level 1:colcon.colcon_core.package_identification:_identify(logs/2025-01-20-00-06-17-488083-739bb811525e-304) by extension 'python'
[0.476s] Level 1:colcon.colcon_core.package_identification:_identify(logs/2025-01-20-00-06-17-488083-739bb811525e-304) by extensions ['python_setup_py']
[0.476s] Level 1:colcon.colcon_core.package_identification:_identify(logs/2025-01-20-00-06-17-488083-739bb811525e-304) by extension 'python_setup_py'
[0.477s] Level 1:colcon.colcon_core.package_identification:_identify(logs/2025-01-20-00-46-18-279212-739bb811525e-727) by extensions ['ignore', 'ignore_ament_install']
[0.477s] Level 1:colcon.colcon_core.package_identification:_identify(logs/2025-01-20-00-46-18-279212-739bb811525e-727) by extension 'ignore'
[0.477s] Level 1:colcon.colcon_core.package_identification:_identify(logs/2025-01-20-00-46-18-279212-739bb811525e-727) by extension 'ignore_ament_install'
[0.477s] Level 1:colcon.colcon_core.package_identification:_identify(logs/2025-01-20-00-46-18-279212-739bb811525e-727) by extensions ['colcon_pkg']
[0.477s] Level 1:colcon.colcon_core.package_identification:_identify(logs/2025-01-20-00-46-18-279212-739bb811525e-727) by extension 'colcon_pkg'
[0.477s] Level 1:colcon.colcon_core.package_identification:_identify(logs/2025-01-20-00-46-18-279212-739bb811525e-727) by extensions ['colcon_meta']
[0.477s] Level 1:colcon.colcon_core.package_identification:_identify(logs/2025-01-20-00-46-18-279212-739bb811525e-727) by extension 'colcon_meta'
[0.477s] Level 1:colcon.colcon_core.package_identification:_identify(logs/2025-01-20-00-46-18-279212-739bb811525e-727) by extensions ['ros']
[0.477s] Level 1:colcon.colcon_core.package_identification:_identify(logs/2025-01-20-00-46-18-279212-739bb811525e-727) by extension 'ros'
[0.477s] Level 1:colcon.colcon_core.package_identification:_identify(logs/2025-01-20-00-46-18-279212-739bb811525e-727) by extensions ['cmake', 'python']
[0.477s] Level 1:colcon.colcon_core.package_identification:_identify(logs/2025-01-20-00-46-18-279212-739bb811525e-727) by extension 'cmake'
[0.478s] Level 1:colcon.colcon_core.package_identification:_identify(logs/2025-01-20-00-46-18-279212-739bb811525e-727) by extension 'python'
[0.478s] Level 1:colcon.colcon_core.package_identification:_identify(logs/2025-01-20-00-46-18-279212-739bb811525e-727) by extensions ['python_setup_py']
[0.478s] Level 1:colcon.colcon_core.package_identification:_identify(logs/2025-01-20-00-46-18-279212-739bb811525e-727) by extension 'python_setup_py'
[0.478s] Level 1:colcon.colcon_core.package_identification:_identify(logs/2025-01-20-01-04-41-720866-e2c2a517fb71-920) by extensions ['ignore', 'ignore_ament_install']
[0.478s] Level 1:colcon.colcon_core.package_identification:_identify(logs/2025-01-20-01-04-41-720866-e2c2a517fb71-920) by extension 'ignore'
[0.478s] Level 1:colcon.colcon_core.package_identification:_identify(logs/2025-01-20-01-04-41-720866-e2c2a517fb71-920) by extension 'ignore_ament_install'
[0.478s] Level 1:colcon.colcon_core.package_identification:_identify(logs/2025-01-20-01-04-41-720866-e2c2a517fb71-920) by extensions ['colcon_pkg']
[0.478s] Level 1:colcon.colcon_core.package_identification:_identify(logs/2025-01-20-01-04-41-720866-e2c2a517fb71-920) by extension 'colcon_pkg'
[0.478s] Level 1:colcon.colcon_core.package_identification:_identify(logs/2025-01-20-01-04-41-720866-e2c2a517fb71-920) by extensions ['colcon_meta']
[0.478s] Level 1:colcon.colcon_core.package_identification:_identify(logs/2025-01-20-01-04-41-720866-e2c2a517fb71-920) by extension 'colcon_meta'
[0.479s] Level 1:colcon.colcon_core.package_identification:_identify(logs/2025-01-20-01-04-41-720866-e2c2a517fb71-920) by extensions ['ros']
[0.479s] Level 1:colcon.colcon_core.package_identification:_identify(logs/2025-01-20-01-04-41-720866-e2c2a517fb71-920) by extension 'ros'
[0.479s] Level 1:colcon.colcon_core.package_identification:_identify(logs/2025-01-20-01-04-41-720866-e2c2a517fb71-920) by extensions ['cmake', 'python']
[0.479s] Level 1:colcon.colcon_core.package_identification:_identify(logs/2025-01-20-01-04-41-720866-e2c2a517fb71-920) by extension 'cmake'
[0.479s] Level 1:colcon.colcon_core.package_identification:_identify(logs/2025-01-20-01-04-41-720866-e2c2a517fb71-920) by extension 'python'
[0.479s] Level 1:colcon.colcon_core.package_identification:_identify(logs/2025-01-20-01-04-41-720866-e2c2a517fb71-920) by extensions ['python_setup_py']
[0.479s] Level 1:colcon.colcon_core.package_identification:_identify(logs/2025-01-20-01-04-41-720866-e2c2a517fb71-920) by extension 'python_setup_py'
[0.479s] Level 1:colcon.colcon_core.package_identification:_identify(logs/2025-01-20-01-09-57-508762-0613b6a6621a-1115) by extensions ['ignore', 'ignore_ament_install']
[0.479s] Level 1:colcon.colcon_core.package_identification:_identify(logs/2025-01-20-01-09-57-508762-0613b6a6621a-1115) by extension 'ignore'
[0.479s] Level 1:colcon.colcon_core.package_identification:_identify(logs/2025-01-20-01-09-57-508762-0613b6a6621a-1115) by extension 'ignore_ament_install'
[0.480s] Level 1:colcon.colcon_core.package_identification:_identify(logs/2025-01-20-01-09-57-508762-0613b6a6621a-1115) by extensions ['colcon_pkg']
[0.480s] Level 1:colcon.colcon_core.package_identification:_identify(logs/2025-01-20-01-09-57-508762-0613b6a6621a-1115) by extension 'colcon_pkg'
[0.480s] Level 1:colcon.colcon_core.package_identification:_identify(logs/2025-01-20-01-09-57-508762-0613b6a6621a-1115) by extensions ['colcon_meta']
[0.480s] Level 1:colcon.colcon_core.package_identification:_identify(logs/2025-01-20-01-09-57-508762-0613b6a6621a-1115) by extension 'colcon_meta'
[0.480s] Level 1:colcon.colcon_core.package_identification:_identify(logs/2025-01-20-01-09-57-508762-0613b6a6621a-1115) by extensions ['ros']
[0.480s] Level 1:colcon.colcon_core.package_identification:_identify(logs/2025-01-20-01-09-57-508762-0613b6a6621a-1115) by extension 'ros'
[0.480s] Level 1:colcon.colcon_core.package_identification:_identify(logs/2025-01-20-01-09-57-508762-0613b6a6621a-1115) by extensions ['cmake', 'python']
[0.480s] Level 1:colcon.colcon_core.package_identification:_identify(logs/2025-01-20-01-09-57-508762-0613b6a6621a-1115) by extension 'cmake'
[0.480s] Level 1:colcon.colcon_core.package_identification:_identify(logs/2025-01-20-01-09-57-508762-0613b6a6621a-1115) by extension 'python'
[0.480s] Level 1:colcon.colcon_core.package_identification:_identify(logs/2025-01-20-01-09-57-508762-0613b6a6621a-1115) by extensions ['python_setup_py']
[0.480s] Level 1:colcon.colcon_core.package_identification:_identify(logs/2025-01-20-01-09-57-508762-0613b6a6621a-1115) by extension 'python_setup_py'
[0.480s] Level 1:colcon.colcon_core.package_identification:_identify(logs/2025-01-20-01-13-37-764431-0613b6a6621a-3434) by extensions ['ignore', 'ignore_ament_install']
[0.481s] Level 1:colcon.colcon_core.package_identification:_identify(logs/2025-01-20-01-13-37-764431-0613b6a6621a-3434) by extension 'ignore'
[0.481s] Level 1:colcon.colcon_core.package_identification:_identify(logs/2025-01-20-01-13-37-764431-0613b6a6621a-3434) by extension 'ignore_ament_install'
[0.481s] Level 1:colcon.colcon_core.package_identification:_identify(logs/2025-01-20-01-13-37-764431-0613b6a6621a-3434) by extensions ['colcon_pkg']
[0.481s] Level 1:colcon.colcon_core.package_identification:_identify(logs/2025-01-20-01-13-37-764431-0613b6a6621a-3434) by extension 'colcon_pkg'
[0.481s] Level 1:colcon.colcon_core.package_identification:_identify(logs/2025-01-20-01-13-37-764431-0613b6a6621a-3434) by extensions ['colcon_meta']
[0.481s] Level 1:colcon.colcon_core.package_identification:_identify(logs/2025-01-20-01-13-37-764431-0613b6a6621a-3434) by extension 'colcon_meta'
[0.481s] Level 1:colcon.colcon_core.package_identification:_identify(logs/2025-01-20-01-13-37-764431-0613b6a6621a-3434) by extensions ['ros']
[0.481s] Level 1:colcon.colcon_core.package_identification:_identify(logs/2025-01-20-01-13-37-764431-0613b6a6621a-3434) by extension 'ros'
[0.481s] Level 1:colcon.colcon_core.package_identification:_identify(logs/2025-01-20-01-13-37-764431-0613b6a6621a-3434) by extensions ['cmake', 'python']
[0.481s] Level 1:colcon.colcon_core.package_identification:_identify(logs/2025-01-20-01-13-37-764431-0613b6a6621a-3434) by extension 'cmake'
[0.481s] Level 1:colcon.colcon_core.package_identification:_identify(logs/2025-01-20-01-13-37-764431-0613b6a6621a-3434) by extension 'python'
[0.482s] Level 1:colcon.colcon_core.package_identification:_identify(logs/2025-01-20-01-13-37-764431-0613b6a6621a-3434) by extensions ['python_setup_py']
[0.482s] Level 1:colcon.colcon_core.package_identification:_identify(logs/2025-01-20-01-13-37-764431-0613b6a6621a-3434) by extension 'python_setup_py'
[0.482s] Level 1:colcon.colcon_core.package_identification:_identify(logs/2025-01-20-01-15-36-690991-0613b6a6621a-4982) by extensions ['ignore', 'ignore_ament_install']
[0.482s] Level 1:colcon.colcon_core.package_identification:_identify(logs/2025-01-20-01-15-36-690991-0613b6a6621a-4982) by extension 'ignore'
[0.482s] Level 1:colcon.colcon_core.package_identification:_identify(logs/2025-01-20-01-15-36-690991-0613b6a6621a-4982) by extension 'ignore_ament_install'
[0.482s] Level 1:colcon.colcon_core.package_identification:_identify(logs/2025-01-20-01-15-36-690991-0613b6a6621a-4982) by extensions ['colcon_pkg']
[0.482s] Level 1:colcon.colcon_core.package_identification:_identify(logs/2025-01-20-01-15-36-690991-0613b6a6621a-4982) by extension 'colcon_pkg'
[0.482s] Level 1:colcon.colcon_core.package_identification:_identify(logs/2025-01-20-01-15-36-690991-0613b6a6621a-4982) by extensions ['colcon_meta']
[0.482s] Level 1:colcon.colcon_core.package_identification:_identify(logs/2025-01-20-01-15-36-690991-0613b6a6621a-4982) by extension 'colcon_meta'
[0.482s] Level 1:colcon.colcon_core.package_identification:_identify(logs/2025-01-20-01-15-36-690991-0613b6a6621a-4982) by extensions ['ros']
[0.482s] Level 1:colcon.colcon_core.package_identification:_identify(logs/2025-01-20-01-15-36-690991-0613b6a6621a-4982) by extension 'ros'
[0.483s] Level 1:colcon.colcon_core.package_identification:_identify(logs/2025-01-20-01-15-36-690991-0613b6a6621a-4982) by extensions ['cmake', 'python']
[0.483s] Level 1:colcon.colcon_core.package_identification:_identify(logs/2025-01-20-01-15-36-690991-0613b6a6621a-4982) by extension 'cmake'
[0.483s] Level 1:colcon.colcon_core.package_identification:_identify(logs/2025-01-20-01-15-36-690991-0613b6a6621a-4982) by extension 'python'
[0.483s] Level 1:colcon.colcon_core.package_identification:_identify(logs/2025-01-20-01-15-36-690991-0613b6a6621a-4982) by extensions ['python_setup_py']
[0.483s] Level 1:colcon.colcon_core.package_identification:_identify(logs/2025-01-20-01-15-36-690991-0613b6a6621a-4982) by extension 'python_setup_py'
[0.483s] Level 1:colcon.colcon_core.package_identification:_identify(logs/2025-01-20-01-42-20-126294-0613b6a6621a-19893) by extensions ['ignore', 'ignore_ament_install']
[0.483s] Level 1:colcon.colcon_core.package_identification:_identify(logs/2025-01-20-01-42-20-126294-0613b6a6621a-19893) by extension 'ignore'
[0.483s] Level 1:colcon.colcon_core.package_identification:_identify(logs/2025-01-20-01-42-20-126294-0613b6a6621a-19893) by extension 'ignore_ament_install'
[0.483s] Level 1:colcon.colcon_core.package_identification:_identify(logs/2025-01-20-01-42-20-126294-0613b6a6621a-19893) by extensions ['colcon_pkg']
[0.483s] Level 1:colcon.colcon_core.package_identification:_identify(logs/2025-01-20-01-42-20-126294-0613b6a6621a-19893) by extension 'colcon_pkg'
[0.483s] Level 1:colcon.colcon_core.package_identification:_identify(logs/2025-01-20-01-42-20-126294-0613b6a6621a-19893) by extensions ['colcon_meta']
[0.484s] Level 1:colcon.colcon_core.package_identification:_identify(logs/2025-01-20-01-42-20-126294-0613b6a6621a-19893) by extension 'colcon_meta'
[0.484s] Level 1:colcon.colcon_core.package_identification:_identify(logs/2025-01-20-01-42-20-126294-0613b6a6621a-19893) by extensions ['ros']
[0.484s] Level 1:colcon.colcon_core.package_identification:_identify(logs/2025-01-20-01-42-20-126294-0613b6a6621a-19893) by extension 'ros'
[0.484s] Level 1:colcon.colcon_core.package_identification:_identify(logs/2025-01-20-01-42-20-126294-0613b6a6621a-19893) by extensions ['cmake', 'python']
[0.484s] Level 1:colcon.colcon_core.package_identification:_identify(logs/2025-01-20-01-42-20-126294-0613b6a6621a-19893) by extension 'cmake'
[0.484s] Level 1:colcon.colcon_core.package_identification:_identify(logs/2025-01-20-01-42-20-126294-0613b6a6621a-19893) by extension 'python'
[0.484s] Level 1:colcon.colcon_core.package_identification:_identify(logs/2025-01-20-01-42-20-126294-0613b6a6621a-19893) by extensions ['python_setup_py']
[0.484s] Level 1:colcon.colcon_core.package_identification:_identify(logs/2025-01-20-01-42-20-126294-0613b6a6621a-19893) by extension 'python_setup_py'
[0.484s] Level 1:colcon.colcon_core.package_identification:_identify(logs/2025-01-20-01-47-56-476166-0613b6a6621a-23721) by extensions ['ignore', 'ignore_ament_install']
[0.484s] Level 1:colcon.colcon_core.package_identification:_identify(logs/2025-01-20-01-47-56-476166-0613b6a6621a-23721) by extension 'ignore'
[0.484s] Level 1:colcon.colcon_core.package_identification:_identify(logs/2025-01-20-01-47-56-476166-0613b6a6621a-23721) by extension 'ignore_ament_install'
[0.485s] Level 1:colcon.colcon_core.package_identification:_identify(logs/2025-01-20-01-47-56-476166-0613b6a6621a-23721) by extensions ['colcon_pkg']
[0.485s] Level 1:colcon.colcon_core.package_identification:_identify(logs/2025-01-20-01-47-56-476166-0613b6a6621a-23721) by extension 'colcon_pkg'
[0.485s] Level 1:colcon.colcon_core.package_identification:_identify(logs/2025-01-20-01-47-56-476166-0613b6a6621a-23721) by extensions ['colcon_meta']
[0.485s] Level 1:colcon.colcon_core.package_identification:_identify(logs/2025-01-20-01-47-56-476166-0613b6a6621a-23721) by extension 'colcon_meta'
[0.485s] Level 1:colcon.colcon_core.package_identification:_identify(logs/2025-01-20-01-47-56-476166-0613b6a6621a-23721) by extensions ['ros']
[0.485s] Level 1:colcon.colcon_core.package_identification:_identify(logs/2025-01-20-01-47-56-476166-0613b6a6621a-23721) by extension 'ros'
[0.485s] Level 1:colcon.colcon_core.package_identification:_identify(logs/2025-01-20-01-47-56-476166-0613b6a6621a-23721) by extensions ['cmake', 'python']
[0.485s] Level 1:colcon.colcon_core.package_identification:_identify(logs/2025-01-20-01-47-56-476166-0613b6a6621a-23721) by extension 'cmake'
[0.485s] Level 1:colcon.colcon_core.package_identification:_identify(logs/2025-01-20-01-47-56-476166-0613b6a6621a-23721) by extension 'python'
[0.485s] Level 1:colcon.colcon_core.package_identification:_identify(logs/2025-01-20-01-47-56-476166-0613b6a6621a-23721) by extensions ['python_setup_py']
[0.485s] Level 1:colcon.colcon_core.package_identification:_identify(logs/2025-01-20-01-47-56-476166-0613b6a6621a-23721) by extension 'python_setup_py'
[0.485s] Level 1:colcon.colcon_core.package_identification:_identify(logs/2025-01-20-01-49-30-982999-0613b6a6621a-24608) by extensions ['ignore', 'ignore_ament_install']
[0.486s] Level 1:colcon.colcon_core.package_identification:_identify(logs/2025-01-20-01-49-30-982999-0613b6a6621a-24608) by extension 'ignore'
[0.486s] Level 1:colcon.colcon_core.package_identification:_identify(logs/2025-01-20-01-49-30-982999-0613b6a6621a-24608) by extension 'ignore_ament_install'
[0.486s] Level 1:colcon.colcon_core.package_identification:_identify(logs/2025-01-20-01-49-30-982999-0613b6a6621a-24608) by extensions ['colcon_pkg']
[0.486s] Level 1:colcon.colcon_core.package_identification:_identify(logs/2025-01-20-01-49-30-982999-0613b6a6621a-24608) by extension 'colcon_pkg'
[0.486s] Level 1:colcon.colcon_core.package_identification:_identify(logs/2025-01-20-01-49-30-982999-0613b6a6621a-24608) by extensions ['colcon_meta']
[0.486s] Level 1:colcon.colcon_core.package_identification:_identify(logs/2025-01-20-01-49-30-982999-0613b6a6621a-24608) by extension 'colcon_meta'
[0.486s] Level 1:colcon.colcon_core.package_identification:_identify(logs/2025-01-20-01-49-30-982999-0613b6a6621a-24608) by extensions ['ros']
[0.486s] Level 1:colcon.colcon_core.package_identification:_identify(logs/2025-01-20-01-49-30-982999-0613b6a6621a-24608) by extension 'ros'
[0.486s] Level 1:colcon.colcon_core.package_identification:_identify(logs/2025-01-20-01-49-30-982999-0613b6a6621a-24608) by extensions ['cmake', 'python']
[0.486s] Level 1:colcon.colcon_core.package_identification:_identify(logs/2025-01-20-01-49-30-982999-0613b6a6621a-24608) by extension 'cmake'
[0.486s] Level 1:colcon.colcon_core.package_identification:_identify(logs/2025-01-20-01-49-30-982999-0613b6a6621a-24608) by extension 'python'
[0.486s] Level 1:colcon.colcon_core.package_identification:_identify(logs/2025-01-20-01-49-30-982999-0613b6a6621a-24608) by extensions ['python_setup_py']
[0.486s] Level 1:colcon.colcon_core.package_identification:_identify(logs/2025-01-20-01-49-30-982999-0613b6a6621a-24608) by extension 'python_setup_py'
[0.487s] Level 1:colcon.colcon_core.package_identification:_identify(logs/2025-01-20-01-58-57-221797-0613b6a6621a-30485) by extensions ['ignore', 'ignore_ament_install']
[0.487s] Level 1:colcon.colcon_core.package_identification:_identify(logs/2025-01-20-01-58-57-221797-0613b6a6621a-30485) by extension 'ignore'
[0.487s] Level 1:colcon.colcon_core.package_identification:_identify(logs/2025-01-20-01-58-57-221797-0613b6a6621a-30485) by extension 'ignore_ament_install'
[0.487s] Level 1:colcon.colcon_core.package_identification:_identify(logs/2025-01-20-01-58-57-221797-0613b6a6621a-30485) by extensions ['colcon_pkg']
[0.487s] Level 1:colcon.colcon_core.package_identification:_identify(logs/2025-01-20-01-58-57-221797-0613b6a6621a-30485) by extension 'colcon_pkg'
[0.487s] Level 1:colcon.colcon_core.package_identification:_identify(logs/2025-01-20-01-58-57-221797-0613b6a6621a-30485) by extensions ['colcon_meta']
[0.487s] Level 1:colcon.colcon_core.package_identification:_identify(logs/2025-01-20-01-58-57-221797-0613b6a6621a-30485) by extension 'colcon_meta'
[0.487s] Level 1:colcon.colcon_core.package_identification:_identify(logs/2025-01-20-01-58-57-221797-0613b6a6621a-30485) by extensions ['ros']
[0.487s] Level 1:colcon.colcon_core.package_identification:_identify(logs/2025-01-20-01-58-57-221797-0613b6a6621a-30485) by extension 'ros'
[0.487s] Level 1:colcon.colcon_core.package_identification:_identify(logs/2025-01-20-01-58-57-221797-0613b6a6621a-30485) by extensions ['cmake', 'python']
[0.487s] Level 1:colcon.colcon_core.package_identification:_identify(logs/2025-01-20-01-58-57-221797-0613b6a6621a-30485) by extension 'cmake'
[0.487s] Level 1:colcon.colcon_core.package_identification:_identify(logs/2025-01-20-01-58-57-221797-0613b6a6621a-30485) by extension 'python'
[0.488s] Level 1:colcon.colcon_core.package_identification:_identify(logs/2025-01-20-01-58-57-221797-0613b6a6621a-30485) by extensions ['python_setup_py']
[0.488s] Level 1:colcon.colcon_core.package_identification:_identify(logs/2025-01-20-01-58-57-221797-0613b6a6621a-30485) by extension 'python_setup_py'
[0.488s] Level 1:colcon.colcon_core.package_identification:_identify(logs/2025-01-20-01-59-23-763285-0613b6a6621a-30948) by extensions ['ignore', 'ignore_ament_install']
[0.488s] Level 1:colcon.colcon_core.package_identification:_identify(logs/2025-01-20-01-59-23-763285-0613b6a6621a-30948) by extension 'ignore'
[0.488s] Level 1:colcon.colcon_core.package_identification:_identify(logs/2025-01-20-01-59-23-763285-0613b6a6621a-30948) by extension 'ignore_ament_install'
[0.488s] Level 1:colcon.colcon_core.package_identification:_identify(logs/2025-01-20-01-59-23-763285-0613b6a6621a-30948) by extensions ['colcon_pkg']
[0.488s] Level 1:colcon.colcon_core.package_identification:_identify(logs/2025-01-20-01-59-23-763285-0613b6a6621a-30948) by extension 'colcon_pkg'
[0.488s] Level 1:colcon.colcon_core.package_identification:_identify(logs/2025-01-20-01-59-23-763285-0613b6a6621a-30948) by extensions ['colcon_meta']
[0.488s] Level 1:colcon.colcon_core.package_identification:_identify(logs/2025-01-20-01-59-23-763285-0613b6a6621a-30948) by extension 'colcon_meta'
[0.488s] Level 1:colcon.colcon_core.package_identification:_identify(logs/2025-01-20-01-59-23-763285-0613b6a6621a-30948) by extensions ['ros']
[0.488s] Level 1:colcon.colcon_core.package_identification:_identify(logs/2025-01-20-01-59-23-763285-0613b6a6621a-30948) by extension 'ros'
[0.489s] Level 1:colcon.colcon_core.package_identification:_identify(logs/2025-01-20-01-59-23-763285-0613b6a6621a-30948) by extensions ['cmake', 'python']
[0.489s] Level 1:colcon.colcon_core.package_identification:_identify(logs/2025-01-20-01-59-23-763285-0613b6a6621a-30948) by extension 'cmake'
[0.489s] Level 1:colcon.colcon_core.package_identification:_identify(logs/2025-01-20-01-59-23-763285-0613b6a6621a-30948) by extension 'python'
[0.489s] Level 1:colcon.colcon_core.package_identification:_identify(logs/2025-01-20-01-59-23-763285-0613b6a6621a-30948) by extensions ['python_setup_py']
[0.489s] Level 1:colcon.colcon_core.package_identification:_identify(logs/2025-01-20-01-59-23-763285-0613b6a6621a-30948) by extension 'python_setup_py'
[0.489s] Level 1:colcon.colcon_core.package_identification:_identify(logs/2025-01-20-02-07-06-633743-0613b6a6621a-35780) by extensions ['ignore', 'ignore_ament_install']
[0.489s] Level 1:colcon.colcon_core.package_identification:_identify(logs/2025-01-20-02-07-06-633743-0613b6a6621a-35780) by extension 'ignore'
[0.489s] Level 1:colcon.colcon_core.package_identification:_identify(logs/2025-01-20-02-07-06-633743-0613b6a6621a-35780) by extension 'ignore_ament_install'
[0.489s] Level 1:colcon.colcon_core.package_identification:_identify(logs/2025-01-20-02-07-06-633743-0613b6a6621a-35780) by extensions ['colcon_pkg']
[0.489s] Level 1:colcon.colcon_core.package_identification:_identify(logs/2025-01-20-02-07-06-633743-0613b6a6621a-35780) by extension 'colcon_pkg'
[0.489s] Level 1:colcon.colcon_core.package_identification:_identify(logs/2025-01-20-02-07-06-633743-0613b6a6621a-35780) by extensions ['colcon_meta']
[0.489s] Level 1:colcon.colcon_core.package_identification:_identify(logs/2025-01-20-02-07-06-633743-0613b6a6621a-35780) by extension 'colcon_meta'
[0.490s] Level 1:colcon.colcon_core.package_identification:_identify(logs/2025-01-20-02-07-06-633743-0613b6a6621a-35780) by extensions ['ros']
[0.490s] Level 1:colcon.colcon_core.package_identification:_identify(logs/2025-01-20-02-07-06-633743-0613b6a6621a-35780) by extension 'ros'
[0.490s] Level 1:colcon.colcon_core.package_identification:_identify(logs/2025-01-20-02-07-06-633743-0613b6a6621a-35780) by extensions ['cmake', 'python']
[0.490s] Level 1:colcon.colcon_core.package_identification:_identify(logs/2025-01-20-02-07-06-633743-0613b6a6621a-35780) by extension 'cmake'
[0.490s] Level 1:colcon.colcon_core.package_identification:_identify(logs/2025-01-20-02-07-06-633743-0613b6a6621a-35780) by extension 'python'
[0.490s] Level 1:colcon.colcon_core.package_identification:_identify(logs/2025-01-20-02-07-06-633743-0613b6a6621a-35780) by extensions ['python_setup_py']
[0.490s] Level 1:colcon.colcon_core.package_identification:_identify(logs/2025-01-20-02-07-06-633743-0613b6a6621a-35780) by extension 'python_setup_py'
[0.490s] Level 1:colcon.colcon_core.package_identification:_identify(logs/2025-01-20-02-08-59-332891-0613b6a6621a-37368) by extensions ['ignore', 'ignore_ament_install']
[0.490s] Level 1:colcon.colcon_core.package_identification:_identify(logs/2025-01-20-02-08-59-332891-0613b6a6621a-37368) by extension 'ignore'
[0.490s] Level 1:colcon.colcon_core.package_identification:_identify(logs/2025-01-20-02-08-59-332891-0613b6a6621a-37368) by extension 'ignore_ament_install'
[0.491s] Level 1:colcon.colcon_core.package_identification:_identify(logs/2025-01-20-02-08-59-332891-0613b6a6621a-37368) by extensions ['colcon_pkg']
[0.491s] Level 1:colcon.colcon_core.package_identification:_identify(logs/2025-01-20-02-08-59-332891-0613b6a6621a-37368) by extension 'colcon_pkg'
[0.491s] Level 1:colcon.colcon_core.package_identification:_identify(logs/2025-01-20-02-08-59-332891-0613b6a6621a-37368) by extensions ['colcon_meta']
[0.491s] Level 1:colcon.colcon_core.package_identification:_identify(logs/2025-01-20-02-08-59-332891-0613b6a6621a-37368) by extension 'colcon_meta'
[0.491s] Level 1:colcon.colcon_core.package_identification:_identify(logs/2025-01-20-02-08-59-332891-0613b6a6621a-37368) by extensions ['ros']
[0.491s] Level 1:colcon.colcon_core.package_identification:_identify(logs/2025-01-20-02-08-59-332891-0613b6a6621a-37368) by extension 'ros'
[0.491s] Level 1:colcon.colcon_core.package_identification:_identify(logs/2025-01-20-02-08-59-332891-0613b6a6621a-37368) by extensions ['cmake', 'python']
[0.491s] Level 1:colcon.colcon_core.package_identification:_identify(logs/2025-01-20-02-08-59-332891-0613b6a6621a-37368) by extension 'cmake'
[0.491s] Level 1:colcon.colcon_core.package_identification:_identify(logs/2025-01-20-02-08-59-332891-0613b6a6621a-37368) by extension 'python'
[0.491s] Level 1:colcon.colcon_core.package_identification:_identify(logs/2025-01-20-02-08-59-332891-0613b6a6621a-37368) by extensions ['python_setup_py']
[0.491s] Level 1:colcon.colcon_core.package_identification:_identify(logs/2025-01-20-02-08-59-332891-0613b6a6621a-37368) by extension 'python_setup_py'
[0.491s] Level 1:colcon.colcon_core.package_identification:_identify(logs/2025-01-20-02-11-41-889548-0613b6a6621a-39757) by extensions ['ignore', 'ignore_ament_install']
[0.492s] Level 1:colcon.colcon_core.package_identification:_identify(logs/2025-01-20-02-11-41-889548-0613b6a6621a-39757) by extension 'ignore'
[0.492s] Level 1:colcon.colcon_core.package_identification:_identify(logs/2025-01-20-02-11-41-889548-0613b6a6621a-39757) by extension 'ignore_ament_install'
[0.492s] Level 1:colcon.colcon_core.package_identification:_identify(logs/2025-01-20-02-11-41-889548-0613b6a6621a-39757) by extensions ['colcon_pkg']
[0.492s] Level 1:colcon.colcon_core.package_identification:_identify(logs/2025-01-20-02-11-41-889548-0613b6a6621a-39757) by extension 'colcon_pkg'
[0.492s] Level 1:colcon.colcon_core.package_identification:_identify(logs/2025-01-20-02-11-41-889548-0613b6a6621a-39757) by extensions ['colcon_meta']
[0.492s] Level 1:colcon.colcon_core.package_identification:_identify(logs/2025-01-20-02-11-41-889548-0613b6a6621a-39757) by extension 'colcon_meta'
[0.492s] Level 1:colcon.colcon_core.package_identification:_identify(logs/2025-01-20-02-11-41-889548-0613b6a6621a-39757) by extensions ['ros']
[0.492s] Level 1:colcon.colcon_core.package_identification:_identify(logs/2025-01-20-02-11-41-889548-0613b6a6621a-39757) by extension 'ros'
[0.492s] Level 1:colcon.colcon_core.package_identification:_identify(logs/2025-01-20-02-11-41-889548-0613b6a6621a-39757) by extensions ['cmake', 'python']
[0.492s] Level 1:colcon.colcon_core.package_identification:_identify(logs/2025-01-20-02-11-41-889548-0613b6a6621a-39757) by extension 'cmake'
[0.492s] Level 1:colcon.colcon_core.package_identification:_identify(logs/2025-01-20-02-11-41-889548-0613b6a6621a-39757) by extension 'python'
[0.493s] Level 1:colcon.colcon_core.package_identification:_identify(logs/2025-01-20-02-11-41-889548-0613b6a6621a-39757) by extensions ['python_setup_py']
[0.493s] Level 1:colcon.colcon_core.package_identification:_identify(logs/2025-01-20-02-11-41-889548-0613b6a6621a-39757) by extension 'python_setup_py'
[0.493s] Level 1:colcon.colcon_core.package_identification:_identify(logs/2025-01-20-02-17-29-136048-0613b6a6621a-43553) by extensions ['ignore', 'ignore_ament_install']
[0.493s] Level 1:colcon.colcon_core.package_identification:_identify(logs/2025-01-20-02-17-29-136048-0613b6a6621a-43553) by extension 'ignore'
[0.493s] Level 1:colcon.colcon_core.package_identification:_identify(logs/2025-01-20-02-17-29-136048-0613b6a6621a-43553) by extension 'ignore_ament_install'
[0.493s] Level 1:colcon.colcon_core.package_identification:_identify(logs/2025-01-20-02-17-29-136048-0613b6a6621a-43553) by extensions ['colcon_pkg']
[0.493s] Level 1:colcon.colcon_core.package_identification:_identify(logs/2025-01-20-02-17-29-136048-0613b6a6621a-43553) by extension 'colcon_pkg'
[0.493s] Level 1:colcon.colcon_core.package_identification:_identify(logs/2025-01-20-02-17-29-136048-0613b6a6621a-43553) by extensions ['colcon_meta']
[0.493s] Level 1:colcon.colcon_core.package_identification:_identify(logs/2025-01-20-02-17-29-136048-0613b6a6621a-43553) by extension 'colcon_meta'
[0.493s] Level 1:colcon.colcon_core.package_identification:_identify(logs/2025-01-20-02-17-29-136048-0613b6a6621a-43553) by extensions ['ros']
[0.493s] Level 1:colcon.colcon_core.package_identification:_identify(logs/2025-01-20-02-17-29-136048-0613b6a6621a-43553) by extension 'ros'
[0.494s] Level 1:colcon.colcon_core.package_identification:_identify(logs/2025-01-20-02-17-29-136048-0613b6a6621a-43553) by extensions ['cmake', 'python']
[0.494s] Level 1:colcon.colcon_core.package_identification:_identify(logs/2025-01-20-02-17-29-136048-0613b6a6621a-43553) by extension 'cmake'
[0.494s] Level 1:colcon.colcon_core.package_identification:_identify(logs/2025-01-20-02-17-29-136048-0613b6a6621a-43553) by extension 'python'
[0.494s] Level 1:colcon.colcon_core.package_identification:_identify(logs/2025-01-20-02-17-29-136048-0613b6a6621a-43553) by extensions ['python_setup_py']
[0.494s] Level 1:colcon.colcon_core.package_identification:_identify(logs/2025-01-20-02-17-29-136048-0613b6a6621a-43553) by extension 'python_setup_py'
[0.494s] Level 1:colcon.colcon_core.package_identification:_identify(logs/2025-01-20-02-23-55-355803-0613b6a6621a-47689) by extensions ['ignore', 'ignore_ament_install']
[0.494s] Level 1:colcon.colcon_core.package_identification:_identify(logs/2025-01-20-02-23-55-355803-0613b6a6621a-47689) by extension 'ignore'
[0.494s] Level 1:colcon.colcon_core.package_identification:_identify(logs/2025-01-20-02-23-55-355803-0613b6a6621a-47689) by extension 'ignore_ament_install'
[0.494s] Level 1:colcon.colcon_core.package_identification:_identify(logs/2025-01-20-02-23-55-355803-0613b6a6621a-47689) by extensions ['colcon_pkg']
[0.494s] Level 1:colcon.colcon_core.package_identification:_identify(logs/2025-01-20-02-23-55-355803-0613b6a6621a-47689) by extension 'colcon_pkg'
[0.495s] Level 1:colcon.colcon_core.package_identification:_identify(logs/2025-01-20-02-23-55-355803-0613b6a6621a-47689) by extensions ['colcon_meta']
[0.495s] Level 1:colcon.colcon_core.package_identification:_identify(logs/2025-01-20-02-23-55-355803-0613b6a6621a-47689) by extension 'colcon_meta'
[0.495s] Level 1:colcon.colcon_core.package_identification:_identify(logs/2025-01-20-02-23-55-355803-0613b6a6621a-47689) by extensions ['ros']
[0.495s] Level 1:colcon.colcon_core.package_identification:_identify(logs/2025-01-20-02-23-55-355803-0613b6a6621a-47689) by extension 'ros'
[0.495s] Level 1:colcon.colcon_core.package_identification:_identify(logs/2025-01-20-02-23-55-355803-0613b6a6621a-47689) by extensions ['cmake', 'python']
[0.495s] Level 1:colcon.colcon_core.package_identification:_identify(logs/2025-01-20-02-23-55-355803-0613b6a6621a-47689) by extension 'cmake'
[0.495s] Level 1:colcon.colcon_core.package_identification:_identify(logs/2025-01-20-02-23-55-355803-0613b6a6621a-47689) by extension 'python'
[0.495s] Level 1:colcon.colcon_core.package_identification:_identify(logs/2025-01-20-02-23-55-355803-0613b6a6621a-47689) by extensions ['python_setup_py']
[0.495s] Level 1:colcon.colcon_core.package_identification:_identify(logs/2025-01-20-02-23-55-355803-0613b6a6621a-47689) by extension 'python_setup_py'
[0.495s] Level 1:colcon.colcon_core.package_identification:_identify(logs/2025-01-20-02-24-45-078405-0613b6a6621a-48428) by extensions ['ignore', 'ignore_ament_install']
[0.495s] Level 1:colcon.colcon_core.package_identification:_identify(logs/2025-01-20-02-24-45-078405-0613b6a6621a-48428) by extension 'ignore'
[0.496s] Level 1:colcon.colcon_core.package_identification:_identify(logs/2025-01-20-02-24-45-078405-0613b6a6621a-48428) by extension 'ignore_ament_install'
[0.496s] Level 1:colcon.colcon_core.package_identification:_identify(logs/2025-01-20-02-24-45-078405-0613b6a6621a-48428) by extensions ['colcon_pkg']
[0.496s] Level 1:colcon.colcon_core.package_identification:_identify(logs/2025-01-20-02-24-45-078405-0613b6a6621a-48428) by extension 'colcon_pkg'
[0.496s] Level 1:colcon.colcon_core.package_identification:_identify(logs/2025-01-20-02-24-45-078405-0613b6a6621a-48428) by extensions ['colcon_meta']
[0.496s] Level 1:colcon.colcon_core.package_identification:_identify(logs/2025-01-20-02-24-45-078405-0613b6a6621a-48428) by extension 'colcon_meta'
[0.496s] Level 1:colcon.colcon_core.package_identification:_identify(logs/2025-01-20-02-24-45-078405-0613b6a6621a-48428) by extensions ['ros']
[0.496s] Level 1:colcon.colcon_core.package_identification:_identify(logs/2025-01-20-02-24-45-078405-0613b6a6621a-48428) by extension 'ros'
[0.496s] Level 1:colcon.colcon_core.package_identification:_identify(logs/2025-01-20-02-24-45-078405-0613b6a6621a-48428) by extensions ['cmake', 'python']
[0.496s] Level 1:colcon.colcon_core.package_identification:_identify(logs/2025-01-20-02-24-45-078405-0613b6a6621a-48428) by extension 'cmake'
[0.496s] Level 1:colcon.colcon_core.package_identification:_identify(logs/2025-01-20-02-24-45-078405-0613b6a6621a-48428) by extension 'python'
[0.496s] Level 1:colcon.colcon_core.package_identification:_identify(logs/2025-01-20-02-24-45-078405-0613b6a6621a-48428) by extensions ['python_setup_py']
[0.496s] Level 1:colcon.colcon_core.package_identification:_identify(logs/2025-01-20-02-24-45-078405-0613b6a6621a-48428) by extension 'python_setup_py'
[0.497s] Level 1:colcon.colcon_core.package_identification:_identify(logs/2025-01-20-19-01-48-691685-ce4368b3e964-82) by extensions ['ignore', 'ignore_ament_install']
[0.497s] Level 1:colcon.colcon_core.package_identification:_identify(logs/2025-01-20-19-01-48-691685-ce4368b3e964-82) by extension 'ignore'
[0.497s] Level 1:colcon.colcon_core.package_identification:_identify(logs/2025-01-20-19-01-48-691685-ce4368b3e964-82) by extension 'ignore_ament_install'
[0.497s] Level 1:colcon.colcon_core.package_identification:_identify(logs/2025-01-20-19-01-48-691685-ce4368b3e964-82) by extensions ['colcon_pkg']
[0.497s] Level 1:colcon.colcon_core.package_identification:_identify(logs/2025-01-20-19-01-48-691685-ce4368b3e964-82) by extension 'colcon_pkg'
[0.497s] Level 1:colcon.colcon_core.package_identification:_identify(logs/2025-01-20-19-01-48-691685-ce4368b3e964-82) by extensions ['colcon_meta']
[0.497s] Level 1:colcon.colcon_core.package_identification:_identify(logs/2025-01-20-19-01-48-691685-ce4368b3e964-82) by extension 'colcon_meta'
[0.497s] Level 1:colcon.colcon_core.package_identification:_identify(logs/2025-01-20-19-01-48-691685-ce4368b3e964-82) by extensions ['ros']
[0.497s] Level 1:colcon.colcon_core.package_identification:_identify(logs/2025-01-20-19-01-48-691685-ce4368b3e964-82) by extension 'ros'
[0.497s] Level 1:colcon.colcon_core.package_identification:_identify(logs/2025-01-20-19-01-48-691685-ce4368b3e964-82) by extensions ['cmake', 'python']
[0.497s] Level 1:colcon.colcon_core.package_identification:_identify(logs/2025-01-20-19-01-48-691685-ce4368b3e964-82) by extension 'cmake'
[0.497s] Level 1:colcon.colcon_core.package_identification:_identify(logs/2025-01-20-19-01-48-691685-ce4368b3e964-82) by extension 'python'
[0.498s] Level 1:colcon.colcon_core.package_identification:_identify(logs/2025-01-20-19-01-48-691685-ce4368b3e964-82) by extensions ['python_setup_py']
[0.498s] Level 1:colcon.colcon_core.package_identification:_identify(logs/2025-01-20-19-01-48-691685-ce4368b3e964-82) by extension 'python_setup_py'
[0.498s] Level 1:colcon.colcon_core.package_identification:_identify(logs/2025-01-20-19-02-04-335754-ce4368b3e964-280) by extensions ['ignore', 'ignore_ament_install']
[0.498s] Level 1:colcon.colcon_core.package_identification:_identify(logs/2025-01-20-19-02-04-335754-ce4368b3e964-280) by extension 'ignore'
[0.498s] Level 1:colcon.colcon_core.package_identification:_identify(logs/2025-01-20-19-02-04-335754-ce4368b3e964-280) by extension 'ignore_ament_install'
[0.498s] Level 1:colcon.colcon_core.package_identification:_identify(logs/2025-01-20-19-02-04-335754-ce4368b3e964-280) by extensions ['colcon_pkg']
[0.498s] Level 1:colcon.colcon_core.package_identification:_identify(logs/2025-01-20-19-02-04-335754-ce4368b3e964-280) by extension 'colcon_pkg'
[0.498s] Level 1:colcon.colcon_core.package_identification:_identify(logs/2025-01-20-19-02-04-335754-ce4368b3e964-280) by extensions ['colcon_meta']
[0.498s] Level 1:colcon.colcon_core.package_identification:_identify(logs/2025-01-20-19-02-04-335754-ce4368b3e964-280) by extension 'colcon_meta'
[0.498s] Level 1:colcon.colcon_core.package_identification:_identify(logs/2025-01-20-19-02-04-335754-ce4368b3e964-280) by extensions ['ros']
[0.499s] Level 1:colcon.colcon_core.package_identification:_identify(logs/2025-01-20-19-02-04-335754-ce4368b3e964-280) by extension 'ros'
[0.499s] Level 1:colcon.colcon_core.package_identification:_identify(logs/2025-01-20-19-02-04-335754-ce4368b3e964-280) by extensions ['cmake', 'python']
[0.499s] Level 1:colcon.colcon_core.package_identification:_identify(logs/2025-01-20-19-02-04-335754-ce4368b3e964-280) by extension 'cmake'
[0.499s] Level 1:colcon.colcon_core.package_identification:_identify(logs/2025-01-20-19-02-04-335754-ce4368b3e964-280) by extension 'python'
[0.499s] Level 1:colcon.colcon_core.package_identification:_identify(logs/2025-01-20-19-02-04-335754-ce4368b3e964-280) by extensions ['python_setup_py']
[0.499s] Level 1:colcon.colcon_core.package_identification:_identify(logs/2025-01-20-19-02-04-335754-ce4368b3e964-280) by extension 'python_setup_py'
[0.499s] Level 1:colcon.colcon_core.package_identification:_identify(logs/2025-01-20-19-02-16-912196-ce4368b3e964-460) by extensions ['ignore', 'ignore_ament_install']
[0.499s] Level 1:colcon.colcon_core.package_identification:_identify(logs/2025-01-20-19-02-16-912196-ce4368b3e964-460) by extension 'ignore'
[0.499s] Level 1:colcon.colcon_core.package_identification:_identify(logs/2025-01-20-19-02-16-912196-ce4368b3e964-460) by extension 'ignore_ament_install'
[0.500s] Level 1:colcon.colcon_core.package_identification:_identify(logs/2025-01-20-19-02-16-912196-ce4368b3e964-460) by extensions ['colcon_pkg']
[0.500s] Level 1:colcon.colcon_core.package_identification:_identify(logs/2025-01-20-19-02-16-912196-ce4368b3e964-460) by extension 'colcon_pkg'
[0.500s] Level 1:colcon.colcon_core.package_identification:_identify(logs/2025-01-20-19-02-16-912196-ce4368b3e964-460) by extensions ['colcon_meta']
[0.500s] Level 1:colcon.colcon_core.package_identification:_identify(logs/2025-01-20-19-02-16-912196-ce4368b3e964-460) by extension 'colcon_meta'
[0.500s] Level 1:colcon.colcon_core.package_identification:_identify(logs/2025-01-20-19-02-16-912196-ce4368b3e964-460) by extensions ['ros']
[0.500s] Level 1:colcon.colcon_core.package_identification:_identify(logs/2025-01-20-19-02-16-912196-ce4368b3e964-460) by extension 'ros'
[0.500s] Level 1:colcon.colcon_core.package_identification:_identify(logs/2025-01-20-19-02-16-912196-ce4368b3e964-460) by extensions ['cmake', 'python']
[0.500s] Level 1:colcon.colcon_core.package_identification:_identify(logs/2025-01-20-19-02-16-912196-ce4368b3e964-460) by extension 'cmake'
[0.500s] Level 1:colcon.colcon_core.package_identification:_identify(logs/2025-01-20-19-02-16-912196-ce4368b3e964-460) by extension 'python'
[0.500s] Level 1:colcon.colcon_core.package_identification:_identify(logs/2025-01-20-19-02-16-912196-ce4368b3e964-460) by extensions ['python_setup_py']
[0.500s] Level 1:colcon.colcon_core.package_identification:_identify(logs/2025-01-20-19-02-16-912196-ce4368b3e964-460) by extension 'python_setup_py'
[0.500s] Level 1:colcon.colcon_core.package_identification:_identify(logs/2025-01-20-19-02-45-859625-ce4368b3e964-696) by extensions ['ignore', 'ignore_ament_install']
[0.501s] Level 1:colcon.colcon_core.package_identification:_identify(logs/2025-01-20-19-02-45-859625-ce4368b3e964-696) by extension 'ignore'
[0.501s] Level 1:colcon.colcon_core.package_identification:_identify(logs/2025-01-20-19-02-45-859625-ce4368b3e964-696) by extension 'ignore_ament_install'
[0.501s] Level 1:colcon.colcon_core.package_identification:_identify(logs/2025-01-20-19-02-45-859625-ce4368b3e964-696) by extensions ['colcon_pkg']
[0.501s] Level 1:colcon.colcon_core.package_identification:_identify(logs/2025-01-20-19-02-45-859625-ce4368b3e964-696) by extension 'colcon_pkg'
[0.501s] Level 1:colcon.colcon_core.package_identification:_identify(logs/2025-01-20-19-02-45-859625-ce4368b3e964-696) by extensions ['colcon_meta']
[0.501s] Level 1:colcon.colcon_core.package_identification:_identify(logs/2025-01-20-19-02-45-859625-ce4368b3e964-696) by extension 'colcon_meta'
[0.501s] Level 1:colcon.colcon_core.package_identification:_identify(logs/2025-01-20-19-02-45-859625-ce4368b3e964-696) by extensions ['ros']
[0.501s] Level 1:colcon.colcon_core.package_identification:_identify(logs/2025-01-20-19-02-45-859625-ce4368b3e964-696) by extension 'ros'
[0.501s] Level 1:colcon.colcon_core.package_identification:_identify(logs/2025-01-20-19-02-45-859625-ce4368b3e964-696) by extensions ['cmake', 'python']
[0.501s] Level 1:colcon.colcon_core.package_identification:_identify(logs/2025-01-20-19-02-45-859625-ce4368b3e964-696) by extension 'cmake'
[0.501s] Level 1:colcon.colcon_core.package_identification:_identify(logs/2025-01-20-19-02-45-859625-ce4368b3e964-696) by extension 'python'
[0.501s] Level 1:colcon.colcon_core.package_identification:_identify(logs/2025-01-20-19-02-45-859625-ce4368b3e964-696) by extensions ['python_setup_py']
[0.501s] Level 1:colcon.colcon_core.package_identification:_identify(logs/2025-01-20-19-02-45-859625-ce4368b3e964-696) by extension 'python_setup_py'
[0.502s] Level 1:colcon.colcon_core.package_identification:_identify(logs/2025-01-20-19-03-55-797730-ce4368b3e964-1074) by extensions ['ignore', 'ignore_ament_install']
[0.502s] Level 1:colcon.colcon_core.package_identification:_identify(logs/2025-01-20-19-03-55-797730-ce4368b3e964-1074) by extension 'ignore'
[0.502s] Level 1:colcon.colcon_core.package_identification:_identify(logs/2025-01-20-19-03-55-797730-ce4368b3e964-1074) by extension 'ignore_ament_install'
[0.502s] Level 1:colcon.colcon_core.package_identification:_identify(logs/2025-01-20-19-03-55-797730-ce4368b3e964-1074) by extensions ['colcon_pkg']
[0.502s] Level 1:colcon.colcon_core.package_identification:_identify(logs/2025-01-20-19-03-55-797730-ce4368b3e964-1074) by extension 'colcon_pkg'
[0.502s] Level 1:colcon.colcon_core.package_identification:_identify(logs/2025-01-20-19-03-55-797730-ce4368b3e964-1074) by extensions ['colcon_meta']
[0.502s] Level 1:colcon.colcon_core.package_identification:_identify(logs/2025-01-20-19-03-55-797730-ce4368b3e964-1074) by extension 'colcon_meta'
[0.502s] Level 1:colcon.colcon_core.package_identification:_identify(logs/2025-01-20-19-03-55-797730-ce4368b3e964-1074) by extensions ['ros']
[0.502s] Level 1:colcon.colcon_core.package_identification:_identify(logs/2025-01-20-19-03-55-797730-ce4368b3e964-1074) by extension 'ros'
[0.503s] Level 1:colcon.colcon_core.package_identification:_identify(logs/2025-01-20-19-03-55-797730-ce4368b3e964-1074) by extensions ['cmake', 'python']
[0.503s] Level 1:colcon.colcon_core.package_identification:_identify(logs/2025-01-20-19-03-55-797730-ce4368b3e964-1074) by extension 'cmake'
[0.503s] Level 1:colcon.colcon_core.package_identification:_identify(logs/2025-01-20-19-03-55-797730-ce4368b3e964-1074) by extension 'python'
[0.503s] Level 1:colcon.colcon_core.package_identification:_identify(logs/2025-01-20-19-03-55-797730-ce4368b3e964-1074) by extensions ['python_setup_py']
[0.503s] Level 1:colcon.colcon_core.package_identification:_identify(logs/2025-01-20-19-03-55-797730-ce4368b3e964-1074) by extension 'python_setup_py'
[0.503s] Level 1:colcon.colcon_core.package_identification:_identify(logs/2025-01-20-19-24-20-029407-ce4368b3e964-1669) by extensions ['ignore', 'ignore_ament_install']
[0.503s] Level 1:colcon.colcon_core.package_identification:_identify(logs/2025-01-20-19-24-20-029407-ce4368b3e964-1669) by extension 'ignore'
[0.503s] Level 1:colcon.colcon_core.package_identification:_identify(logs/2025-01-20-19-24-20-029407-ce4368b3e964-1669) by extension 'ignore_ament_install'
[0.503s] Level 1:colcon.colcon_core.package_identification:_identify(logs/2025-01-20-19-24-20-029407-ce4368b3e964-1669) by extensions ['colcon_pkg']
[0.503s] Level 1:colcon.colcon_core.package_identification:_identify(logs/2025-01-20-19-24-20-029407-ce4368b3e964-1669) by extension 'colcon_pkg'
[0.503s] Level 1:colcon.colcon_core.package_identification:_identify(logs/2025-01-20-19-24-20-029407-ce4368b3e964-1669) by extensions ['colcon_meta']
[0.503s] Level 1:colcon.colcon_core.package_identification:_identify(logs/2025-01-20-19-24-20-029407-ce4368b3e964-1669) by extension 'colcon_meta'
[0.504s] Level 1:colcon.colcon_core.package_identification:_identify(logs/2025-01-20-19-24-20-029407-ce4368b3e964-1669) by extensions ['ros']
[0.504s] Level 1:colcon.colcon_core.package_identification:_identify(logs/2025-01-20-19-24-20-029407-ce4368b3e964-1669) by extension 'ros'
[0.504s] Level 1:colcon.colcon_core.package_identification:_identify(logs/2025-01-20-19-24-20-029407-ce4368b3e964-1669) by extensions ['cmake', 'python']
[0.504s] Level 1:colcon.colcon_core.package_identification:_identify(logs/2025-01-20-19-24-20-029407-ce4368b3e964-1669) by extension 'cmake'
[0.504s] Level 1:colcon.colcon_core.package_identification:_identify(logs/2025-01-20-19-24-20-029407-ce4368b3e964-1669) by extension 'python'
[0.504s] Level 1:colcon.colcon_core.package_identification:_identify(logs/2025-01-20-19-24-20-029407-ce4368b3e964-1669) by extensions ['python_setup_py']
[0.504s] Level 1:colcon.colcon_core.package_identification:_identify(logs/2025-01-20-19-24-20-029407-ce4368b3e964-1669) by extension 'python_setup_py'
[0.504s] Level 1:colcon.colcon_core.package_identification:_identify(logs/2025-01-20-19-24-39-825446-ce4368b3e964-1883) by extensions ['ignore', 'ignore_ament_install']
[0.504s] Level 1:colcon.colcon_core.package_identification:_identify(logs/2025-01-20-19-24-39-825446-ce4368b3e964-1883) by extension 'ignore'
[0.504s] Level 1:colcon.colcon_core.package_identification:_identify(logs/2025-01-20-19-24-39-825446-ce4368b3e964-1883) by extension 'ignore_ament_install'
[0.505s] Level 1:colcon.colcon_core.package_identification:_identify(logs/2025-01-20-19-24-39-825446-ce4368b3e964-1883) by extensions ['colcon_pkg']
[0.505s] Level 1:colcon.colcon_core.package_identification:_identify(logs/2025-01-20-19-24-39-825446-ce4368b3e964-1883) by extension 'colcon_pkg'
[0.505s] Level 1:colcon.colcon_core.package_identification:_identify(logs/2025-01-20-19-24-39-825446-ce4368b3e964-1883) by extensions ['colcon_meta']
[0.505s] Level 1:colcon.colcon_core.package_identification:_identify(logs/2025-01-20-19-24-39-825446-ce4368b3e964-1883) by extension 'colcon_meta'
[0.505s] Level 1:colcon.colcon_core.package_identification:_identify(logs/2025-01-20-19-24-39-825446-ce4368b3e964-1883) by extensions ['ros']
[0.505s] Level 1:colcon.colcon_core.package_identification:_identify(logs/2025-01-20-19-24-39-825446-ce4368b3e964-1883) by extension 'ros'
[0.505s] Level 1:colcon.colcon_core.package_identification:_identify(logs/2025-01-20-19-24-39-825446-ce4368b3e964-1883) by extensions ['cmake', 'python']
[0.505s] Level 1:colcon.colcon_core.package_identification:_identify(logs/2025-01-20-19-24-39-825446-ce4368b3e964-1883) by extension 'cmake'
[0.505s] Level 1:colcon.colcon_core.package_identification:_identify(logs/2025-01-20-19-24-39-825446-ce4368b3e964-1883) by extension 'python'
[0.505s] Level 1:colcon.colcon_core.package_identification:_identify(logs/2025-01-20-19-24-39-825446-ce4368b3e964-1883) by extensions ['python_setup_py']
[0.505s] Level 1:colcon.colcon_core.package_identification:_identify(logs/2025-01-20-19-24-39-825446-ce4368b3e964-1883) by extension 'python_setup_py'
[0.506s] Level 1:colcon.colcon_core.package_identification:_identify(logs/2025-01-20-19-25-37-778592-ce4368b3e964-2203) by extensions ['ignore', 'ignore_ament_install']
[0.506s] Level 1:colcon.colcon_core.package_identification:_identify(logs/2025-01-20-19-25-37-778592-ce4368b3e964-2203) by extension 'ignore'
[0.506s] Level 1:colcon.colcon_core.package_identification:_identify(logs/2025-01-20-19-25-37-778592-ce4368b3e964-2203) by extension 'ignore_ament_install'
[0.506s] Level 1:colcon.colcon_core.package_identification:_identify(logs/2025-01-20-19-25-37-778592-ce4368b3e964-2203) by extensions ['colcon_pkg']
[0.506s] Level 1:colcon.colcon_core.package_identification:_identify(logs/2025-01-20-19-25-37-778592-ce4368b3e964-2203) by extension 'colcon_pkg'
[0.506s] Level 1:colcon.colcon_core.package_identification:_identify(logs/2025-01-20-19-25-37-778592-ce4368b3e964-2203) by extensions ['colcon_meta']
[0.506s] Level 1:colcon.colcon_core.package_identification:_identify(logs/2025-01-20-19-25-37-778592-ce4368b3e964-2203) by extension 'colcon_meta'
[0.506s] Level 1:colcon.colcon_core.package_identification:_identify(logs/2025-01-20-19-25-37-778592-ce4368b3e964-2203) by extensions ['ros']
[0.506s] Level 1:colcon.colcon_core.package_identification:_identify(logs/2025-01-20-19-25-37-778592-ce4368b3e964-2203) by extension 'ros'
[0.506s] Level 1:colcon.colcon_core.package_identification:_identify(logs/2025-01-20-19-25-37-778592-ce4368b3e964-2203) by extensions ['cmake', 'python']
[0.507s] Level 1:colcon.colcon_core.package_identification:_identify(logs/2025-01-20-19-25-37-778592-ce4368b3e964-2203) by extension 'cmake'
[0.507s] Level 1:colcon.colcon_core.package_identification:_identify(logs/2025-01-20-19-25-37-778592-ce4368b3e964-2203) by extension 'python'
[0.507s] Level 1:colcon.colcon_core.package_identification:_identify(logs/2025-01-20-19-25-37-778592-ce4368b3e964-2203) by extensions ['python_setup_py']
[0.507s] Level 1:colcon.colcon_core.package_identification:_identify(logs/2025-01-20-19-25-37-778592-ce4368b3e964-2203) by extension 'python_setup_py'
[0.507s] Level 1:colcon.colcon_core.package_identification:_identify(logs/2025-01-27-02-54-48-539753-cd7b1ac304da-5880) by extensions ['ignore', 'ignore_ament_install']
[0.507s] Level 1:colcon.colcon_core.package_identification:_identify(logs/2025-01-27-02-54-48-539753-cd7b1ac304da-5880) by extension 'ignore'
[0.507s] Level 1:colcon.colcon_core.package_identification:_identify(logs/2025-01-27-02-54-48-539753-cd7b1ac304da-5880) by extension 'ignore_ament_install'
[0.507s] Level 1:colcon.colcon_core.package_identification:_identify(logs/2025-01-27-02-54-48-539753-cd7b1ac304da-5880) by extensions ['colcon_pkg']
[0.507s] Level 1:colcon.colcon_core.package_identification:_identify(logs/2025-01-27-02-54-48-539753-cd7b1ac304da-5880) by extension 'colcon_pkg'
[0.507s] Level 1:colcon.colcon_core.package_identification:_identify(logs/2025-01-27-02-54-48-539753-cd7b1ac304da-5880) by extensions ['colcon_meta']
[0.507s] Level 1:colcon.colcon_core.package_identification:_identify(logs/2025-01-27-02-54-48-539753-cd7b1ac304da-5880) by extension 'colcon_meta'
[0.508s] Level 1:colcon.colcon_core.package_identification:_identify(logs/2025-01-27-02-54-48-539753-cd7b1ac304da-5880) by extensions ['ros']
[0.508s] Level 1:colcon.colcon_core.package_identification:_identify(logs/2025-01-27-02-54-48-539753-cd7b1ac304da-5880) by extension 'ros'
[0.508s] Level 1:colcon.colcon_core.package_identification:_identify(logs/2025-01-27-02-54-48-539753-cd7b1ac304da-5880) by extensions ['cmake', 'python']
[0.508s] Level 1:colcon.colcon_core.package_identification:_identify(logs/2025-01-27-02-54-48-539753-cd7b1ac304da-5880) by extension 'cmake'
[0.508s] Level 1:colcon.colcon_core.package_identification:_identify(logs/2025-01-27-02-54-48-539753-cd7b1ac304da-5880) by extension 'python'
[0.508s] Level 1:colcon.colcon_core.package_identification:_identify(logs/2025-01-27-02-54-48-539753-cd7b1ac304da-5880) by extensions ['python_setup_py']
[0.508s] Level 1:colcon.colcon_core.package_identification:_identify(logs/2025-01-27-02-54-48-539753-cd7b1ac304da-5880) by extension 'python_setup_py'
[0.508s] Level 1:colcon.colcon_core.package_identification:_identify(logs/2025-01-27-02-59-14-519501-cd7b1ac304da-8291) by extensions ['ignore', 'ignore_ament_install']
[0.508s] Level 1:colcon.colcon_core.package_identification:_identify(logs/2025-01-27-02-59-14-519501-cd7b1ac304da-8291) by extension 'ignore'
[0.508s] Level 1:colcon.colcon_core.package_identification:_identify(logs/2025-01-27-02-59-14-519501-cd7b1ac304da-8291) by extension 'ignore_ament_install'
[0.509s] Level 1:colcon.colcon_core.package_identification:_identify(logs/2025-01-27-02-59-14-519501-cd7b1ac304da-8291) by extensions ['colcon_pkg']
[0.509s] Level 1:colcon.colcon_core.package_identification:_identify(logs/2025-01-27-02-59-14-519501-cd7b1ac304da-8291) by extension 'colcon_pkg'
[0.509s] Level 1:colcon.colcon_core.package_identification:_identify(logs/2025-01-27-02-59-14-519501-cd7b1ac304da-8291) by extensions ['colcon_meta']
[0.509s] Level 1:colcon.colcon_core.package_identification:_identify(logs/2025-01-27-02-59-14-519501-cd7b1ac304da-8291) by extension 'colcon_meta'
[0.509s] Level 1:colcon.colcon_core.package_identification:_identify(logs/2025-01-27-02-59-14-519501-cd7b1ac304da-8291) by extensions ['ros']
[0.509s] Level 1:colcon.colcon_core.package_identification:_identify(logs/2025-01-27-02-59-14-519501-cd7b1ac304da-8291) by extension 'ros'
[0.509s] Level 1:colcon.colcon_core.package_identification:_identify(logs/2025-01-27-02-59-14-519501-cd7b1ac304da-8291) by extensions ['cmake', 'python']
[0.509s] Level 1:colcon.colcon_core.package_identification:_identify(logs/2025-01-27-02-59-14-519501-cd7b1ac304da-8291) by extension 'cmake'
[0.509s] Level 1:colcon.colcon_core.package_identification:_identify(logs/2025-01-27-02-59-14-519501-cd7b1ac304da-8291) by extension 'python'
[0.509s] Level 1:colcon.colcon_core.package_identification:_identify(logs/2025-01-27-02-59-14-519501-cd7b1ac304da-8291) by extensions ['python_setup_py']
[0.509s] Level 1:colcon.colcon_core.package_identification:_identify(logs/2025-01-27-02-59-14-519501-cd7b1ac304da-8291) by extension 'python_setup_py'
[0.510s] Level 1:colcon.colcon_core.package_identification:_identify(logs/2025-01-27-03-04-03-331178-cd7b1ac304da-10853) by extensions ['ignore', 'ignore_ament_install']
[0.510s] Level 1:colcon.colcon_core.package_identification:_identify(logs/2025-01-27-03-04-03-331178-cd7b1ac304da-10853) by extension 'ignore'
[0.510s] Level 1:colcon.colcon_core.package_identification:_identify(logs/2025-01-27-03-04-03-331178-cd7b1ac304da-10853) by extension 'ignore_ament_install'
[0.510s] Level 1:colcon.colcon_core.package_identification:_identify(logs/2025-01-27-03-04-03-331178-cd7b1ac304da-10853) by extensions ['colcon_pkg']
[0.510s] Level 1:colcon.colcon_core.package_identification:_identify(logs/2025-01-27-03-04-03-331178-cd7b1ac304da-10853) by extension 'colcon_pkg'
[0.510s] Level 1:colcon.colcon_core.package_identification:_identify(logs/2025-01-27-03-04-03-331178-cd7b1ac304da-10853) by extensions ['colcon_meta']
[0.510s] Level 1:colcon.colcon_core.package_identification:_identify(logs/2025-01-27-03-04-03-331178-cd7b1ac304da-10853) by extension 'colcon_meta'
[0.510s] Level 1:colcon.colcon_core.package_identification:_identify(logs/2025-01-27-03-04-03-331178-cd7b1ac304da-10853) by extensions ['ros']
[0.510s] Level 1:colcon.colcon_core.package_identification:_identify(logs/2025-01-27-03-04-03-331178-cd7b1ac304da-10853) by extension 'ros'
[0.511s] Level 1:colcon.colcon_core.package_identification:_identify(logs/2025-01-27-03-04-03-331178-cd7b1ac304da-10853) by extensions ['cmake', 'python']
[0.511s] Level 1:colcon.colcon_core.package_identification:_identify(logs/2025-01-27-03-04-03-331178-cd7b1ac304da-10853) by extension 'cmake'
[0.511s] Level 1:colcon.colcon_core.package_identification:_identify(logs/2025-01-27-03-04-03-331178-cd7b1ac304da-10853) by extension 'python'
[0.511s] Level 1:colcon.colcon_core.package_identification:_identify(logs/2025-01-27-03-04-03-331178-cd7b1ac304da-10853) by extensions ['python_setup_py']
[0.511s] Level 1:colcon.colcon_core.package_identification:_identify(logs/2025-01-27-03-04-03-331178-cd7b1ac304da-10853) by extension 'python_setup_py'
[0.511s] Level 1:colcon.colcon_core.package_identification:_identify(logs/2025-01-27-03-05-38-569345-cd7b1ac304da-11691) by extensions ['ignore', 'ignore_ament_install']
[0.511s] Level 1:colcon.colcon_core.package_identification:_identify(logs/2025-01-27-03-05-38-569345-cd7b1ac304da-11691) by extension 'ignore'
[0.511s] Level 1:colcon.colcon_core.package_identification:_identify(logs/2025-01-27-03-05-38-569345-cd7b1ac304da-11691) by extension 'ignore_ament_install'
[0.512s] Level 1:colcon.colcon_core.package_identification:_identify(logs/2025-01-27-03-05-38-569345-cd7b1ac304da-11691) by extensions ['colcon_pkg']
[0.512s] Level 1:colcon.colcon_core.package_identification:_identify(logs/2025-01-27-03-05-38-569345-cd7b1ac304da-11691) by extension 'colcon_pkg'
[0.512s] Level 1:colcon.colcon_core.package_identification:_identify(logs/2025-01-27-03-05-38-569345-cd7b1ac304da-11691) by extensions ['colcon_meta']
[0.512s] Level 1:colcon.colcon_core.package_identification:_identify(logs/2025-01-27-03-05-38-569345-cd7b1ac304da-11691) by extension 'colcon_meta'
[0.512s] Level 1:colcon.colcon_core.package_identification:_identify(logs/2025-01-27-03-05-38-569345-cd7b1ac304da-11691) by extensions ['ros']
[0.512s] Level 1:colcon.colcon_core.package_identification:_identify(logs/2025-01-27-03-05-38-569345-cd7b1ac304da-11691) by extension 'ros'
[0.512s] Level 1:colcon.colcon_core.package_identification:_identify(logs/2025-01-27-03-05-38-569345-cd7b1ac304da-11691) by extensions ['cmake', 'python']
[0.512s] Level 1:colcon.colcon_core.package_identification:_identify(logs/2025-01-27-03-05-38-569345-cd7b1ac304da-11691) by extension 'cmake'
[0.512s] Level 1:colcon.colcon_core.package_identification:_identify(logs/2025-01-27-03-05-38-569345-cd7b1ac304da-11691) by extension 'python'
[0.512s] Level 1:colcon.colcon_core.package_identification:_identify(logs/2025-01-27-03-05-38-569345-cd7b1ac304da-11691) by extensions ['python_setup_py']
[0.512s] Level 1:colcon.colcon_core.package_identification:_identify(logs/2025-01-27-03-05-38-569345-cd7b1ac304da-11691) by extension 'python_setup_py'
[0.513s] Level 1:colcon.colcon_core.package_identification:_identify(src) by extensions ['ignore', 'ignore_ament_install']
[0.513s] Level 1:colcon.colcon_core.package_identification:_identify(src) by extension 'ignore'
[0.513s] Level 1:colcon.colcon_core.package_identification:_identify(src) by extension 'ignore_ament_install'
[0.513s] Level 1:colcon.colcon_core.package_identification:_identify(src) by extensions ['colcon_pkg']
[0.513s] Level 1:colcon.colcon_core.package_identification:_identify(src) by extension 'colcon_pkg'
[0.513s] Level 1:colcon.colcon_core.package_identification:_identify(src) by extensions ['colcon_meta']
[0.513s] Level 1:colcon.colcon_core.package_identification:_identify(src) by extension 'colcon_meta'
[0.513s] Level 1:colcon.colcon_core.package_identification:_identify(src) by extensions ['ros']
[0.513s] Level 1:colcon.colcon_core.package_identification:_identify(src) by extension 'ros'
[0.513s] Level 1:colcon.colcon_core.package_identification:_identify(src) by extensions ['cmake', 'python']
[0.513s] Level 1:colcon.colcon_core.package_identification:_identify(src) by extension 'cmake'
[0.513s] Level 1:colcon.colcon_core.package_identification:_identify(src) by extension 'python'
[0.514s] Level 1:colcon.colcon_core.package_identification:_identify(src) by extensions ['python_setup_py']
[0.514s] Level 1:colcon.colcon_core.package_identification:_identify(src) by extension 'python_setup_py'
[0.514s] Level 1:colcon.colcon_core.package_identification:_identify(src/build) by extensions ['ignore', 'ignore_ament_install']
[0.514s] Level 1:colcon.colcon_core.package_identification:_identify(src/build) by extension 'ignore'
[0.514s] Level 1:colcon.colcon_core.package_identification:_identify(src/build) ignored
[0.514s] Level 1:colcon.colcon_core.package_identification:_identify(src/install) by extensions ['ignore', 'ignore_ament_install']
[0.514s] Level 1:colcon.colcon_core.package_identification:_identify(src/install) by extension 'ignore'
[0.514s] Level 1:colcon.colcon_core.package_identification:_identify(src/install) ignored
[0.515s] Level 1:colcon.colcon_core.package_identification:_identify(src/log) by extensions ['ignore', 'ignore_ament_install']
[0.515s] Level 1:colcon.colcon_core.package_identification:_identify(src/log) by extension 'ignore'
[0.515s] Level 1:colcon.colcon_core.package_identification:_identify(src/log) ignored
[0.515s] Level 1:colcon.colcon_core.package_identification:_identify(src/spot_description) by extensions ['ignore', 'ignore_ament_install']
[0.515s] Level 1:colcon.colcon_core.package_identification:_identify(src/spot_description) by extension 'ignore'
[0.515s] Level 1:colcon.colcon_core.package_identification:_identify(src/spot_description) by extension 'ignore_ament_install'
[0.515s] Level 1:colcon.colcon_core.package_identification:_identify(src/spot_description) by extensions ['colcon_pkg']
[0.516s] Level 1:colcon.colcon_core.package_identification:_identify(src/spot_description) by extension 'colcon_pkg'
[0.516s] Level 1:colcon.colcon_core.package_identification:_identify(src/spot_description) by extensions ['colcon_meta']
[0.516s] Level 1:colcon.colcon_core.package_identification:_identify(src/spot_description) by extension 'colcon_meta'
[0.516s] Level 1:colcon.colcon_core.package_identification:_identify(src/spot_description) by extensions ['ros']
[0.516s] Level 1:colcon.colcon_core.package_identification:_identify(src/spot_description) by extension 'ros'
[0.522s] DEBUG:colcon.colcon_core.package_identification:Package 'src/spot_description' with type 'ros.ament_cmake' and name 'spot_description'
[0.522s] Level 1:colcon.colcon_core.package_identification:_identify(src/spot_moveit_config) by extensions ['ignore', 'ignore_ament_install']
[0.523s] Level 1:colcon.colcon_core.package_identification:_identify(src/spot_moveit_config) by extension 'ignore'
[0.523s] Level 1:colcon.colcon_core.package_identification:_identify(src/spot_moveit_config) by extension 'ignore_ament_install'
[0.523s] Level 1:colcon.colcon_core.package_identification:_identify(src/spot_moveit_config) by extensions ['colcon_pkg']
[0.523s] Level 1:colcon.colcon_core.package_identification:_identify(src/spot_moveit_config) by extension 'colcon_pkg'
[0.523s] Level 1:colcon.colcon_core.package_identification:_identify(src/spot_moveit_config) by extensions ['colcon_meta']
[0.523s] Level 1:colcon.colcon_core.package_identification:_identify(src/spot_moveit_config) by extension 'colcon_meta'
[0.523s] Level 1:colcon.colcon_core.package_identification:_identify(src/spot_moveit_config) by extensions ['ros']
[0.523s] Level 1:colcon.colcon_core.package_identification:_identify(src/spot_moveit_config) by extension 'ros'
[0.525s] DEBUG:colcon.colcon_core.package_identification:Package 'src/spot_moveit_config' with type 'ros.ament_cmake' and name 'spot_moveit_config'
[0.525s] Level 1:colcon.colcon_core.package_discovery:discover_packages(recursive) using defaults
[0.525s] Level 1:colcon.colcon_core.package_discovery:discover_packages(ignore) discover
[0.525s] Level 1:colcon.colcon_core.package_discovery:discover_packages(ignore) using defaults
[0.525s] Level 1:colcon.colcon_core.package_discovery:discover_packages(path) discover
[0.525s] Level 1:colcon.colcon_core.package_discovery:discover_packages(path) using defaults
[0.556s] INFO:colcon.colcon_core.package_selection:Skipping not selected package 'spot_description' in 'src/spot_description'
[0.557s] Level 5:colcon.colcon_core.verb:set package 'spot_moveit_config' build argument 'cmake_args' from command line to 'None'
[0.557s] Level 5:colcon.colcon_core.verb:set package 'spot_moveit_config' build argument 'cmake_target' from command line to 'None'
[0.557s] Level 5:colcon.colcon_core.verb:set package 'spot_moveit_config' build argument 'cmake_target_skip_unavailable' from command line to 'False'
[0.557s] Level 5:colcon.colcon_core.verb:set package 'spot_moveit_config' build argument 'cmake_clean_cache' from command line to 'False'
[0.557s] Level 5:colcon.colcon_core.verb:set package 'spot_moveit_config' build argument 'cmake_clean_first' from command line to 'False'
[0.557s] Level 5:colcon.colcon_core.verb:set package 'spot_moveit_config' build argument 'cmake_force_configure' from command line to 'False'
[0.557s] Level 5:colcon.colcon_core.verb:set package 'spot_moveit_config' build argument 'ament_cmake_args' from command line to 'None'
[0.557s] Level 5:colcon.colcon_core.verb:set package 'spot_moveit_config' build argument 'catkin_cmake_args' from command line to 'None'
[0.557s] Level 5:colcon.colcon_core.verb:set package 'spot_moveit_config' build argument 'catkin_skip_building_tests' from command line to 'False'
[0.558s] DEBUG:colcon.colcon_core.verb:Building package 'spot_moveit_config' with the following arguments: {'ament_cmake_args': None, 'build_base': '/home/developer/SPWAR_ws/build/spot_moveit_config', 'catkin_cmake_args': None, 'catkin_skip_building_tests': False, 'cmake_args': None, 'cmake_clean_cache': False, 'cmake_clean_first': False, 'cmake_force_configure': False, 'cmake_target': None, 'cmake_target_skip_unavailable': False, 'install_base': '/home/developer/SPWAR_ws/install/spot_moveit_config', 'merge_install': False, 'path': '/home/developer/SPWAR_ws/src/spot_moveit_config', 'symlink_install': False, 'test_result_base': None}
[0.558s] INFO:colcon.colcon_core.executor:Executing jobs using 'parallel' executor
[0.560s] DEBUG:colcon.colcon_parallel_executor.executor.parallel:run_until_complete
[0.560s] INFO:colcon.colcon_ros.task.ament_cmake.build:Building ROS package in '/home/developer/SPWAR_ws/src/spot_moveit_config' with build type 'ament_cmake'
[0.560s] INFO:colcon.colcon_cmake.task.cmake.build:Building CMake package in '/home/developer/SPWAR_ws/src/spot_moveit_config'
[0.565s] INFO:colcon.colcon_core.plugin_system:Skipping extension 'colcon_core.shell.bat': Not used on non-Windows systems
[0.565s] INFO:colcon.colcon_core.shell:Skip shell extension 'powershell' for command environment: Not usable outside of PowerShell
[0.565s] DEBUG:colcon.colcon_core.shell:Skip shell extension 'dsv' for command environment
[0.589s] DEBUG:colcon.colcon_core.event_handler.log_command:Invoking command in '/home/developer/SPWAR_ws/build/spot_moveit_config': CMAKE_PREFIX_PATH=${CMAKE_PREFIX_PATH}:/opt/ros/humble /usr/bin/cmake /home/developer/SPWAR_ws/src/spot_moveit_config -DCMAKE_INSTALL_PREFIX=/home/developer/SPWAR_ws/install/spot_moveit_config
[1.905s] DEBUG:colcon.colcon_core.event_handler.log_command:Invoked command in '/home/developer/SPWAR_ws/build/spot_moveit_config' returned '0': CMAKE_PREFIX_PATH=${CMAKE_PREFIX_PATH}:/opt/ros/humble /usr/bin/cmake /home/developer/SPWAR_ws/src/spot_moveit_config -DCMAKE_INSTALL_PREFIX=/home/developer/SPWAR_ws/install/spot_moveit_config
[1.908s] DEBUG:colcon.colcon_core.event_handler.log_command:Invoking command in '/home/developer/SPWAR_ws/build/spot_moveit_config': CMAKE_PREFIX_PATH=${CMAKE_PREFIX_PATH}:/opt/ros/humble /usr/bin/cmake --build /home/developer/SPWAR_ws/build/spot_moveit_config -- -j16 -l16
[1.986s] DEBUG:colcon.colcon_core.event_handler.log_command:Invoked command in '/home/developer/SPWAR_ws/build/spot_moveit_config' returned '0': CMAKE_PREFIX_PATH=${CMAKE_PREFIX_PATH}:/opt/ros/humble /usr/bin/cmake --build /home/developer/SPWAR_ws/build/spot_moveit_config -- -j16 -l16
[2.052s] DEBUG:colcon.colcon_core.event_handler.log_command:Invoking command in '/home/developer/SPWAR_ws/build/spot_moveit_config': CMAKE_PREFIX_PATH=${CMAKE_PREFIX_PATH}:/opt/ros/humble /usr/bin/cmake --install /home/developer/SPWAR_ws/build/spot_moveit_config
[2.082s] Level 1:colcon.colcon_core.environment:create_environment_scripts_only(spot_moveit_config)
[2.083s] DEBUG:colcon.colcon_core.event_handler.log_command:Invoked command in '/home/developer/SPWAR_ws/build/spot_moveit_config' returned '0': CMAKE_PREFIX_PATH=${CMAKE_PREFIX_PATH}:/opt/ros/humble /usr/bin/cmake --install /home/developer/SPWAR_ws/build/spot_moveit_config
[2.090s] Level 1:colcon.colcon_core.environment:checking '/home/developer/SPWAR_ws/install/spot_moveit_config' for CMake module files
[2.091s] Level 1:colcon.colcon_core.environment:checking '/home/developer/SPWAR_ws/install/spot_moveit_config' for CMake config files
[2.091s] Level 1:colcon.colcon_core.shell:create_environment_hook('spot_moveit_config', 'cmake_prefix_path')
[2.092s] INFO:colcon.colcon_core.shell:Creating environment hook '/home/developer/SPWAR_ws/install/spot_moveit_config/share/spot_moveit_config/hook/cmake_prefix_path.ps1'
[2.093s] INFO:colcon.colcon_core.shell:Creating environment descriptor '/home/developer/SPWAR_ws/install/spot_moveit_config/share/spot_moveit_config/hook/cmake_prefix_path.dsv'
[2.094s] INFO:colcon.colcon_core.shell:Creating environment hook '/home/developer/SPWAR_ws/install/spot_moveit_config/share/spot_moveit_config/hook/cmake_prefix_path.sh'
[2.095s] Level 1:colcon.colcon_core.environment:checking '/home/developer/SPWAR_ws/install/spot_moveit_config/bin'
[2.096s] Level 1:colcon.colcon_core.environment:checking '/home/developer/SPWAR_ws/install/spot_moveit_config/lib/pkgconfig/spot_moveit_config.pc'
[2.098s] Level 1:colcon.colcon_core.environment:checking '/home/developer/SPWAR_ws/install/spot_moveit_config/lib/python3.10/site-packages'
[2.099s] Level 1:colcon.colcon_core.environment:checking '/home/developer/SPWAR_ws/install/spot_moveit_config/bin'
[2.099s] INFO:colcon.colcon_core.shell:Creating package script '/home/developer/SPWAR_ws/install/spot_moveit_config/share/spot_moveit_config/package.ps1'
[2.100s] INFO:colcon.colcon_core.shell:Creating package descriptor '/home/developer/SPWAR_ws/install/spot_moveit_config/share/spot_moveit_config/package.dsv'
[2.101s] INFO:colcon.colcon_core.shell:Creating package script '/home/developer/SPWAR_ws/install/spot_moveit_config/share/spot_moveit_config/package.sh'
[2.103s] INFO:colcon.colcon_core.shell:Creating package script '/home/developer/SPWAR_ws/install/spot_moveit_config/share/spot_moveit_config/package.bash'
[2.104s] INFO:colcon.colcon_core.shell:Creating package script '/home/developer/SPWAR_ws/install/spot_moveit_config/share/spot_moveit_config/package.zsh'
[2.105s] Level 1:colcon.colcon_core.environment:create_file_with_runtime_dependencies(/home/developer/SPWAR_ws/install/spot_moveit_config/share/colcon-core/packages/spot_moveit_config)
[2.151s] Level 1:colcon.colcon_core.environment:create_environment_scripts_only(spot_moveit_config)
[2.152s] Level 1:colcon.colcon_core.environment:checking '/home/developer/SPWAR_ws/install/spot_moveit_config' for CMake module files
[2.153s] Level 1:colcon.colcon_core.environment:checking '/home/developer/SPWAR_ws/install/spot_moveit_config' for CMake config files
[2.153s] Level 1:colcon.colcon_core.shell:create_environment_hook('spot_moveit_config', 'cmake_prefix_path')
[2.153s] INFO:colcon.colcon_core.shell:Creating environment hook '/home/developer/SPWAR_ws/install/spot_moveit_config/share/spot_moveit_config/hook/cmake_prefix_path.ps1'
[2.154s] INFO:colcon.colcon_core.shell:Creating environment descriptor '/home/developer/SPWAR_ws/install/spot_moveit_config/share/spot_moveit_config/hook/cmake_prefix_path.dsv'
[2.155s] INFO:colcon.colcon_core.shell:Creating environment hook '/home/developer/SPWAR_ws/install/spot_moveit_config/share/spot_moveit_config/hook/cmake_prefix_path.sh'
[2.156s] Level 1:colcon.colcon_core.environment:checking '/home/developer/SPWAR_ws/install/spot_moveit_config/bin'
[2.156s] Level 1:colcon.colcon_core.environment:checking '/home/developer/SPWAR_ws/install/spot_moveit_config/lib/pkgconfig/spot_moveit_config.pc'
[2.156s] Level 1:colcon.colcon_core.environment:checking '/home/developer/SPWAR_ws/install/spot_moveit_config/lib/python3.10/site-packages'
[2.156s] Level 1:colcon.colcon_core.environment:checking '/home/developer/SPWAR_ws/install/spot_moveit_config/bin'
[2.157s] INFO:colcon.colcon_core.shell:Creating package script '/home/developer/SPWAR_ws/install/spot_moveit_config/share/spot_moveit_config/package.ps1'
[2.158s] INFO:colcon.colcon_core.shell:Creating package descriptor '/home/developer/SPWAR_ws/install/spot_moveit_config/share/spot_moveit_config/package.dsv'
[2.158s] INFO:colcon.colcon_core.shell:Creating package script '/home/developer/SPWAR_ws/install/spot_moveit_config/share/spot_moveit_config/package.sh'
[2.159s] INFO:colcon.colcon_core.shell:Creating package script '/home/developer/SPWAR_ws/install/spot_moveit_config/share/spot_moveit_config/package.bash'
[2.160s] INFO:colcon.colcon_core.shell:Creating package script '/home/developer/SPWAR_ws/install/spot_moveit_config/share/spot_moveit_config/package.zsh'
[2.160s] Level 1:colcon.colcon_core.environment:create_file_with_runtime_dependencies(/home/developer/SPWAR_ws/install/spot_moveit_config/share/colcon-core/packages/spot_moveit_config)
[2.161s] DEBUG:colcon.colcon_parallel_executor.executor.parallel:closing loop
[2.162s] DEBUG:colcon.colcon_parallel_executor.executor.parallel:loop closed
[2.162s] DEBUG:colcon.colcon_parallel_executor.executor.parallel:run_until_complete finished with '0'
[2.162s] DEBUG:colcon.colcon_core.event_reactor:joining thread
[2.172s] INFO:colcon.colcon_core.plugin_system:Skipping extension 'colcon_notification.desktop_notification.notify_send': Could not find 'notify-send'
[2.172s] INFO:colcon.colcon_core.plugin_system:Skipping extension 'colcon_notification.desktop_notification.terminal_notifier': Not used on non-Darwin systems
[2.172s] INFO:colcon.colcon_core.plugin_system:Skipping extension 'colcon_notification.desktop_notification.win32': Not used on non-Windows systems
[2.173s] INFO:colcon.colcon_notification.desktop_notification:Sending desktop notification using 'notify2'
[2.178s] DEBUG:colcon.colcon_notification.desktop_notification.notify2:Failed to initialize notify2: org.freedesktop.DBus.Error.Spawn.ExecFailed: /usr/bin/dbus-launch terminated abnormally without any error message
[2.178s] DEBUG:colcon.colcon_core.event_reactor:joined thread
[2.179s] INFO:colcon.colcon_core.shell:Creating prefix script '/home/developer/SPWAR_ws/install/local_setup.ps1'
[2.181s] INFO:colcon.colcon_core.shell:Creating prefix util module '/home/developer/SPWAR_ws/install/_local_setup_util_ps1.py'
[2.183s] INFO:colcon.colcon_core.shell:Creating prefix chain script '/home/developer/SPWAR_ws/install/setup.ps1'
[2.185s] INFO:colcon.colcon_core.shell:Creating prefix script '/home/developer/SPWAR_ws/install/local_setup.sh'
[2.185s] INFO:colcon.colcon_core.shell:Creating prefix util module '/home/developer/SPWAR_ws/install/_local_setup_util_sh.py'
[2.186s] INFO:colcon.colcon_core.shell:Creating prefix chain script '/home/developer/SPWAR_ws/install/setup.sh'
[2.188s] INFO:colcon.colcon_core.shell:Creating prefix script '/home/developer/SPWAR_ws/install/local_setup.bash'
[2.189s] INFO:colcon.colcon_core.shell:Creating prefix chain script '/home/developer/SPWAR_ws/install/setup.bash'
[2.190s] INFO:colcon.colcon_core.shell:Creating prefix script '/home/developer/SPWAR_ws/install/local_setup.zsh'
[2.191s] INFO:colcon.colcon_core.shell:Creating prefix chain script '/home/developer/SPWAR_ws/install/setup.zsh'
