1737964733.8930719 [INFO] [launch]: All log files can be found below /home/developer/SPWAR_ws/logs/2025-01-27-04-58-53-892342-cd7b1ac304da-76946
1737964733.8931844 [INFO] [launch]: Default logging verbosity is set to INFO
1737964734.8346081 [INFO] [robot_state_publisher-1]: process started with pid [76954]
1737964734.8350818 [INFO] [move_group-2]: process started with pid [76956]
1737964734.8353329 [INFO] [rviz2-3]: process started with pid [76958]
1737964734.8354969 [INFO] [ros2_control_node-4]: process started with pid [76960]
1737964734.8356411 [INFO] [spawner-5]: process started with pid [76962]
1737964734.8357534 [INFO] [spawner-6]: process started with pid [76964]
1737964734.8358564 [INFO] [spawner-7]: process started with pid [76966]
1737964734.8381631 [rviz2-3] QStandardPaths: wrong permissions on runtime directory /run/user/1000, 0755 instead of 0700
1737964734.8384604 [ros2_control_node-4] [WARN] [1737964734.785667685] [controller_manager]: [Deprecated] Passing the robot description parameter directly to the control_manager node is deprecated. Use '~/robot_description' topic from 'robot_state_publisher' instead.
1737964734.8385892 [ros2_control_node-4] [INFO] [1737964734.786100053] [resource_manager]: Loading hardware 'FakeSystem' 
1737964734.8386860 [ros2_control_node-4] [INFO] [1737964734.786641145] [resource_manager]: Initialize hardware 'FakeSystem' 
1737964734.8387704 [ros2_control_node-4] [INFO] [1737964734.786710494] [resource_manager]: Successful initialization of hardware 'FakeSystem'
1737964734.8388388 [ros2_control_node-4] [INFO] [1737964734.786762431] [resource_manager]: 'configure' hardware 'FakeSystem' 
1737964734.8389094 [ros2_control_node-4] [INFO] [1737964734.786771829] [resource_manager]: Successful 'configure' of hardware 'FakeSystem'
1737964734.8389847 [ros2_control_node-4] [INFO] [1737964734.786777820] [resource_manager]: 'activate' hardware 'FakeSystem' 
1737964734.8390512 [ros2_control_node-4] [INFO] [1737964734.786782679] [resource_manager]: Successful 'activate' of hardware 'FakeSystem'
1737964734.8391104 [ros2_control_node-4] [INFO] [1737964734.791867822] [controller_manager]: update rate is 100 Hz
1737964734.8391697 [ros2_control_node-4] [INFO] [1737964734.791917495] [controller_manager]: Spawning controller_manager RT thread with scheduler priority: 50
1737964734.8392315 [ros2_control_node-4] [WARN] [1737964734.792121175] [controller_manager]: No real-time kernel detected on this system. See [https://control.ros.org/master/doc/ros2_control/controller_manager/doc/userdoc.html] for details on how to enable realtime scheduling.
1737964735.0068033 [ros2_control_node-4] [INFO] [1737964735.006292271] [controller_manager]: Loading controller 'spot_gripper_controller'
1737964735.0071664 [ros2_control_node-4] [ERROR] [1737964735.006381528] [controller_manager]: Loader for controller 'spot_gripper_controller' (type 'position_controllers/GripperActionController') not found.
1737964735.0073507 [ros2_control_node-4] [INFO] [1737964735.006402437] [controller_manager]: Available classes:
1737964735.0078511 [ros2_control_node-4] [INFO] [1737964735.006417375] [controller_manager]:   controller_manager/test_controller
1737964735.0081849 [ros2_control_node-4] [INFO] [1737964735.006428355] [controller_manager]:   controller_manager/test_controller_failed_init
1737964735.0083287 [ros2_control_node-4] [INFO] [1737964735.006438695] [controller_manager]:   controller_manager/test_controller_with_interfaces
1737964735.0084295 [ros2_control_node-4] [INFO] [1737964735.006448503] [controller_manager]:   forward_command_controller/ForwardCommandController
1737964735.0085096 [ros2_control_node-4] [INFO] [1737964735.006457941] [controller_manager]:   forward_command_controller/MultiInterfaceForwardCommandController
1737964735.0086124 [ros2_control_node-4] [INFO] [1737964735.006466497] [controller_manager]:   joint_state_broadcaster/JointStateBroadcaster
1737964735.0086918 [ros2_control_node-4] [INFO] [1737964735.006475053] [controller_manager]:   joint_trajectory_controller/JointTrajectoryController
1737964735.0087667 [ros2_control_node-4] [INFO] [1737964735.006483969] [controller_manager]:   position_controllers/JointGroupPositionController
1737964735.0088506 [ros2_control_node-4] [INFO] [1737964735.006494259] [controller_manager]:   controller_manager/test_chainable_controller
1737964735.0124254 [ros2_control_node-4] [INFO] [1737964735.012195192] [controller_manager]: Loading controller 'spot_arm_controller'
1737964735.0221682 [ros2_control_node-4] [WARN] [1737964735.021810651] [spot_arm_controller]: [Deprecated]: "allow_nonzero_velocity_at_trajectory_end" is set to true. The default behavior will change to false.
1737964735.0282321 [ros2_control_node-4] [INFO] [1737964735.027895242] [controller_manager]: Loading controller 'joint_state_broadcaster'
1737964735.0474601 [ros2_control_node-4] [INFO] [1737964735.047234552] [controller_manager]: Configuring controller 'spot_arm_controller'
1737964735.0479829 [ros2_control_node-4] [INFO] [1737964735.047537809] [spot_arm_controller]: No specific joint names are used for command interfaces. Using 'joints' parameter.
1737964735.0481377 [ros2_control_node-4] [INFO] [1737964735.047599033] [spot_arm_controller]: Command interfaces are [position] and state interfaces are [position velocity].
1737964735.0482488 [ros2_control_node-4] [INFO] [1737964735.047636072] [spot_arm_controller]: Using 'splines' interpolation method.
1737964735.0499425 [ros2_control_node-4] [INFO] [1737964735.049707914] [spot_arm_controller]: Controller state will be published at 50.00 Hz.
1737964735.0536752 [ros2_control_node-4] [INFO] [1737964735.053265442] [spot_arm_controller]: Action status changes will be monitored at 20.00 Hz.
1737964735.0830524 [ros2_control_node-4] [INFO] [1737964735.082588910] [controller_manager]: Configuring controller 'joint_state_broadcaster'
1737964735.0838706 [ros2_control_node-4] [INFO] [1737964735.082717270] [joint_state_broadcaster]: 'joints' or 'interfaces' parameter is empty. All available state interfaces will be published
1737964735.0936530 [ERROR] [move_group-2]: process has died [pid 76956, exit code -6, cmd '/opt/ros/humble/lib/moveit_ros_move_group/move_group --ros-args --params-file /tmp/launch_params_hv0giq1l --params-file /tmp/launch_params_307yisgo'].
1737964735.2171345 [ERROR] [spawner-6]: process has died [pid 76964, exit code 1, cmd '/opt/ros/humble/lib/controller_manager/spawner spot_gripper_controller --ros-args'].
1737964735.2418277 [rviz2-3] [INFO] [1737964735.241516555] [rviz2]: Stereo is NOT SUPPORTED
1737964735.2422853 [rviz2-3] [INFO] [1737964735.241615750] [rviz2]: OpenGl version: 4.6 (GLSL 4.6)
1737964735.2520030 [INFO] [spawner-5]: process has finished cleanly [pid 76962]
1737964735.2603440 [rviz2-3] [INFO] [1737964735.260065208] [rviz2]: Stereo is NOT SUPPORTED
1737964735.2692943 [INFO] [spawner-7]: process has finished cleanly [pid 76966]
1737964735.3209429 [rviz2-3] Warning: class_loader.impl: SEVERE WARNING!!! A namespace collision has occurred with plugin factory for class rviz_default_plugins::displays::InteractiveMarkerDisplay. New factory will OVERWRITE existing one. This situation occurs when libraries containing plugins are directly linked against an executable (the one running right now generating this message). Please separate plugins out into their own library or just don't link against the library and use either class_loader::ClassLoader/MultiLibraryClassLoader to open.
1737964735.3211923 [rviz2-3]          at line 253 in /opt/ros/humble/include/class_loader/class_loader/class_loader_core.hpp
1737964738.3383842 [rviz2-3] [ERROR] [1737964738.337883622] [moveit_ros_visualization.motion_planning_frame]: Action server: /recognize_objects not available
1737964738.3573024 [rviz2-3] [INFO] [1737964738.356964451] [moveit_ros_visualization.motion_planning_frame]: MoveGroup namespace changed: / -> . Reloading params.
1737964748.4564013 [rviz2-3] [ERROR] [1737964748.455996841] [rviz]: Could not find parameter robot_description_semantic and did not receive robot_description_semantic via std_msgs::msg::String subscription within 10.000000 seconds.
1737964748.4785249 [rviz2-3] Error:   Could not parse the SRDF XML File. Error=XML_ERROR_EMPTY_DOCUMENT ErrorID=13 (0xd) Line number=0
1737964748.4788272 [rviz2-3]          at line 732 in ./src/model.cpp
1737964748.4789584 [rviz2-3] [ERROR] [1737964748.478163872] [moveit_rdf_loader.rdf_loader]: Unable to parse SRDF
1737964748.4928656 [rviz2-3] [ERROR] [1737964748.492461315] [moveit_ros.planning_scene_monitor.planning_scene_monitor]: Robot model not loaded
1737964795.6974845 [WARNING] [launch]: user interrupted with ctrl-c (SIGINT)
1737964795.7001634 [rviz2-3] [INFO] [1737964795.697087206] [rclcpp]: signal_handler(signum=2)
1737964795.7005131 [ros2_control_node-4] [INFO] [1737964795.697087887] [rclcpp]: signal_handler(signum=2)
1737964795.8064945 [INFO] [robot_state_publisher-1]: process has finished cleanly [pid 76954]
1737964795.8218296 [INFO] [ros2_control_node-4]: process has finished cleanly [pid 76960]
1737964795.9142270 [ERROR] [rviz2-3]: process has died [pid 76958, exit code -11, cmd '/opt/ros/humble/lib/rviz2/rviz2 -d /home/developer/SPWAR_ws/install/spot_moveit_config/share/spot_moveit_config/config/moveit.rviz --ros-args --params-file /tmp/launch_params_hxhrzhqj --params-file /tmp/launch_params_nqkd04_u --params-file /tmp/launch_params_lc6tvs8s'].
