[0.012s] Invoking command in '/home/developer/SPWAR_ws/build/spot_moveit_config': CMAKE_PREFIX_PATH=/home/developer/SPWAR_ws/install/spot_description:/home/developer/SPWAR_ws/install/spot_moveit_config:/home/developer/SPWAR_ws/install/hello_moveit:/opt/ros/humble /usr/bin/cmake /home/developer/SPWAR_ws/src/spot_moveit_config -DCMAKE_INSTALL_PREFIX=/home/developer/SPWAR_ws/install/spot_moveit_config
[0.028s] -- Found ament_cmake: 1.3.10 (/opt/ros/humble/share/ament_cmake/cmake)
[0.195s] -- Override CMake install command with custom implementation using symlinks instead of copying resources
[0.204s] -- Found rclcpp: 16.0.10 (/opt/ros/humble/share/rclcpp/cmake)
[0.251s] -- Found rosidl_generator_c: 3.1.5 (/opt/ros/humble/share/rosidl_generator_c/cmake)
[0.260s] -- Found rosidl_adapter: 3.1.5 (/opt/ros/humble/share/rosidl_adapter/cmake)
[0.268s] -- Found rosidl_generator_cpp: 3.1.5 (/opt/ros/humble/share/rosidl_generator_cpp/cmake)
[0.282s] -- Using all available rosidl_typesupport_c: rosidl_typesupport_fastrtps_c;rosidl_typesupport_introspection_c
[0.297s] -- Using all available rosidl_typesupport_cpp: rosidl_typesupport_fastrtps_cpp;rosidl_typesupport_introspection_cpp
[0.333s] -- Found rmw_implementation_cmake: 6.1.2 (/opt/ros/humble/share/rmw_implementation_cmake/cmake)
[0.334s] -- Found rmw_fastrtps_cpp: 6.2.7 (/opt/ros/humble/share/rmw_fastrtps_cpp/cmake)
[0.483s] -- Using RMW implementation 'rmw_fastrtps_cpp' as default
[0.529s] -- Found moveit_ros_planning_interface: 2.5.7 (/opt/ros/humble/share/moveit_ros_planning_interface/cmake)
[0.540s] -- Found Boost: /usr/lib/x86_64-linux-gnu/cmake/Boost-1.74.0/BoostConfig.cmake (found version "1.74.0") found components: date_time filesystem program_options system thread 
[0.685s] -- Found Boost: /usr/lib/x86_64-linux-gnu/cmake/Boost-1.74.0/BoostConfig.cmake (found version "1.74.0") found components: chrono date_time filesystem iostreams program_options regex serialization system thread 
[0.705s] -- Found parameter_traits: 0.4.0 (/opt/ros/humble/share/parameter_traits/cmake)
[0.713s] -- Found rclcpp_lifecycle: 16.0.10 (/opt/ros/humble/share/rclcpp_lifecycle/cmake)
[0.732s] -- Found Boost: /usr/lib/x86_64-linux-gnu/cmake/Boost-1.74.0/BoostConfig.cmake (found version "1.74.0") found components: filesystem 
[0.776s] -- library: /usr/lib/x86_64-linux-gnu/libcurl.so
[0.799s] -- Ensuring Eigen3 include directory is part of orocos-kdl CMake target
[0.906s] -- Found Boost: /usr/lib/x86_64-linux-gnu/cmake/Boost-1.74.0/BoostConfig.cmake (found version "1.74.0") found components: system filesystem date_time program_options thread chrono 
[0.932s] -- Found Boost: /usr/lib/x86_64-linux-gnu/cmake/Boost-1.74.0/BoostConfig.cmake (found version "1.74.0") found components: thread system filesystem regex date_time program_options 
[0.951s] -- Found Boost: /usr/lib/x86_64-linux-gnu/cmake/Boost-1.74.0/BoostConfig.cmake (found version "1.74.0") found components: system filesystem date_time program_options thread 
[1.044s] -- Configuring done
[1.056s] -- Generating done
[1.059s] -- Build files have been written to: /home/developer/SPWAR_ws/build/spot_moveit_config
[1.071s] Invoked command in '/home/developer/SPWAR_ws/build/spot_moveit_config' returned '0': CMAKE_PREFIX_PATH=/home/developer/SPWAR_ws/install/spot_description:/home/developer/SPWAR_ws/install/spot_moveit_config:/home/developer/SPWAR_ws/install/hello_moveit:/opt/ros/humble /usr/bin/cmake /home/developer/SPWAR_ws/src/spot_moveit_config -DCMAKE_INSTALL_PREFIX=/home/developer/SPWAR_ws/install/spot_moveit_config
[1.073s] Invoking command in '/home/developer/SPWAR_ws/build/spot_moveit_config': CMAKE_PREFIX_PATH=/home/developer/SPWAR_ws/install/spot_description:/home/developer/SPWAR_ws/install/spot_moveit_config:/home/developer/SPWAR_ws/install/hello_moveit:/opt/ros/humble /usr/bin/cmake --build /home/developer/SPWAR_ws/build/spot_moveit_config -- -j16 -l16
[1.129s] Invoked command in '/home/developer/SPWAR_ws/build/spot_moveit_config' returned '0': CMAKE_PREFIX_PATH=/home/developer/SPWAR_ws/install/spot_description:/home/developer/SPWAR_ws/install/spot_moveit_config:/home/developer/SPWAR_ws/install/hello_moveit:/opt/ros/humble /usr/bin/cmake --build /home/developer/SPWAR_ws/build/spot_moveit_config -- -j16 -l16
[1.157s] Invoking command in '/home/developer/SPWAR_ws/build/spot_moveit_config': CMAKE_PREFIX_PATH=/home/developer/SPWAR_ws/install/spot_description:/home/developer/SPWAR_ws/install/spot_moveit_config:/home/developer/SPWAR_ws/install/hello_moveit:/opt/ros/humble /usr/bin/cmake --install /home/developer/SPWAR_ws/build/spot_moveit_config
[1.167s] -- Install configuration: ""
[1.167s] -- Execute custom install script
[1.169s] -- Up-to-date symlink: /home/developer/SPWAR_ws/install/spot_moveit_config/share/spot_moveit_config/launch/demo.launch.py
[1.169s] -- Up-to-date symlink: /home/developer/SPWAR_ws/install/spot_moveit_config/share/spot_moveit_config/launch/move_group.launch.py
[1.169s] -- Up-to-date symlink: /home/developer/SPWAR_ws/install/spot_moveit_config/share/spot_moveit_config/launch/moveit_rviz.launch.py
[1.169s] -- Up-to-date symlink: /home/developer/SPWAR_ws/install/spot_moveit_config/share/spot_moveit_config/launch/rsp.launch.py
[1.169s] -- Up-to-date symlink: /home/developer/SPWAR_ws/install/spot_moveit_config/share/spot_moveit_config/launch/setup_assistant.launch.py
[1.170s] -- Up-to-date symlink: /home/developer/SPWAR_ws/install/spot_moveit_config/share/spot_moveit_config/launch/spawn_controllers.launch.py
[1.170s] -- Up-to-date symlink: /home/developer/SPWAR_ws/install/spot_moveit_config/share/spot_moveit_config/launch/static_virtual_joint_tfs.launch.py
[1.170s] -- Up-to-date symlink: /home/developer/SPWAR_ws/install/spot_moveit_config/share/spot_moveit_config/launch/warehouse_db.launch.py
[1.171s] -- Up-to-date symlink: /home/developer/SPWAR_ws/install/spot_moveit_config/share/spot_moveit_config/config/initial_positions.yaml
[1.171s] -- Up-to-date symlink: /home/developer/SPWAR_ws/install/spot_moveit_config/share/spot_moveit_config/config/joint_limits.yaml
[1.172s] -- Up-to-date symlink: /home/developer/SPWAR_ws/install/spot_moveit_config/share/spot_moveit_config/config/kinematics.yaml
[1.172s] -- Up-to-date symlink: /home/developer/SPWAR_ws/install/spot_moveit_config/share/spot_moveit_config/config/moveit.rviz
[1.172s] -- Up-to-date symlink: /home/developer/SPWAR_ws/install/spot_moveit_config/share/spot_moveit_config/config/moveit_controllers.yaml
[1.172s] -- Up-to-date symlink: /home/developer/SPWAR_ws/install/spot_moveit_config/share/spot_moveit_config/config/pilz_cartesian_limits.yaml
[1.172s] -- Up-to-date symlink: /home/developer/SPWAR_ws/install/spot_moveit_config/share/spot_moveit_config/config/ros2_controllers.yaml
[1.172s] -- Up-to-date symlink: /home/developer/SPWAR_ws/install/spot_moveit_config/share/spot_moveit_config/config/sensors_3d.yaml
[1.173s] -- Up-to-date symlink: /home/developer/SPWAR_ws/install/spot_moveit_config/share/spot_moveit_config/config/spot.ros2_control.xacro
[1.173s] -- Up-to-date symlink: /home/developer/SPWAR_ws/install/spot_moveit_config/share/spot_moveit_config/config/spot.srdf
[1.173s] -- Up-to-date symlink: /home/developer/SPWAR_ws/install/spot_moveit_config/share/spot_moveit_config/config/spot.urdf.xacro
[1.173s] -- Up-to-date symlink: /home/developer/SPWAR_ws/install/spot_moveit_config/share/spot_moveit_config/.setup_assistant
[1.174s] -- Up-to-date symlink: /home/developer/SPWAR_ws/install/spot_moveit_config/share/ament_index/resource_index/package_run_dependencies/spot_moveit_config
[1.174s] -- Up-to-date symlink: /home/developer/SPWAR_ws/install/spot_moveit_config/share/ament_index/resource_index/parent_prefix_path/spot_moveit_config
[1.174s] -- Up-to-date symlink: /home/developer/SPWAR_ws/install/spot_moveit_config/share/spot_moveit_config/environment/ament_prefix_path.sh
[1.174s] -- Up-to-date symlink: /home/developer/SPWAR_ws/install/spot_moveit_config/share/spot_moveit_config/environment/ament_prefix_path.dsv
[1.175s] -- Up-to-date symlink: /home/developer/SPWAR_ws/install/spot_moveit_config/share/spot_moveit_config/environment/path.sh
[1.175s] -- Up-to-date symlink: /home/developer/SPWAR_ws/install/spot_moveit_config/share/spot_moveit_config/environment/path.dsv
[1.175s] -- Up-to-date symlink: /home/developer/SPWAR_ws/install/spot_moveit_config/share/spot_moveit_config/local_setup.bash
[1.175s] -- Up-to-date symlink: /home/developer/SPWAR_ws/install/spot_moveit_config/share/spot_moveit_config/local_setup.sh
[1.175s] -- Up-to-date symlink: /home/developer/SPWAR_ws/install/spot_moveit_config/share/spot_moveit_config/local_setup.zsh
[1.175s] -- Up-to-date symlink: /home/developer/SPWAR_ws/install/spot_moveit_config/share/spot_moveit_config/local_setup.dsv
[1.176s] -- Symlinking: /home/developer/SPWAR_ws/install/spot_moveit_config/share/spot_moveit_config/package.dsv
[1.188s] -- Up-to-date symlink: /home/developer/SPWAR_ws/install/spot_moveit_config/share/ament_index/resource_index/packages/spot_moveit_config
[1.188s] -- Up-to-date symlink: /home/developer/SPWAR_ws/install/spot_moveit_config/share/spot_moveit_config/cmake/spot_moveit_configConfig.cmake
[1.188s] -- Up-to-date symlink: /home/developer/SPWAR_ws/install/spot_moveit_config/share/spot_moveit_config/cmake/spot_moveit_configConfig-version.cmake
[1.188s] -- Up-to-date symlink: /home/developer/SPWAR_ws/install/spot_moveit_config/share/spot_moveit_config/package.xml
[1.191s] Invoked command in '/home/developer/SPWAR_ws/build/spot_moveit_config' returned '0': CMAKE_PREFIX_PATH=/home/developer/SPWAR_ws/install/spot_description:/home/developer/SPWAR_ws/install/spot_moveit_config:/home/developer/SPWAR_ws/install/hello_moveit:/opt/ros/humble /usr/bin/cmake --install /home/developer/SPWAR_ws/build/spot_moveit_config
