[0.011s] Invoking command in '/home/developer/SPWAR_ws/build/spot_description': CMAKE_PREFIX_PATH=/opt/ros/humble /usr/bin/cmake --build /home/developer/SPWAR_ws/build/spot_description -- -j16 -l16
[0.038s] -- Found ament_cmake: 1.3.10 (/opt/ros/humble/share/ament_cmake/cmake)
[0.163s] [31mCMake Error at CMakeLists.txt:6 (find_package):
[0.163s]   By not providing "Findgazebo_ros.cmake" in CMAKE_MODULE_PATH this project
[0.163s]   has asked CMake to find a package configuration file provided by
[0.163s]   "gazebo_ros", but CMake did not find one.
[0.163s] 
[0.163s]   Could not find a package configuration file provided by "gazebo_ros" with
[0.163s]   any of the following names:
[0.163s] 
[0.163s]     gazebo_rosConfig.cmake
[0.163s]     gazebo_ros-config.cmake
[0.163s] 
[0.163s]   Add the installation prefix of "gazebo_ros" to CMAKE_PREFIX_PATH or set
[0.163s]   "gazebo_ros_DIR" to a directory containing one of the above files.  If
[0.163s]   "gazebo_ros" provides a separate development package or SDK, be sure it has
[0.164s]   been installed.
[0.164s] 
[0.164s] [0m
[0.164s] -- Configuring incomplete, errors occurred!
[0.164s] See also "/home/developer/SPWAR_ws/build/spot_description/CMakeFiles/CMakeOutput.log".
[0.165s] gmake: *** [Makefile:226: cmake_check_build_system] Error 1
[0.168s] Invoked command in '/home/developer/SPWAR_ws/build/spot_description' returned '2': CMAKE_PREFIX_PATH=/opt/ros/humble /usr/bin/cmake --build /home/developer/SPWAR_ws/build/spot_description -- -j16 -l16
