1737960170.3059130 [INFO] [launch]: All log files can be found below /home/developer/SPWAR_ws/logs/2025-01-27-03-42-50-304490-cd7b1ac304da-31670
1737960170.3061192 [INFO] [launch]: Default logging verbosity is set to INFO
1737960171.9490783 [INFO] [robot_state_publisher-1]: process started with pid [31688]
1737960171.9494102 [INFO] [move_group-2]: process started with pid [31690]
1737960171.9496062 [INFO] [rviz2-3]: process started with pid [31692]
1737960171.9497809 [INFO] [ros2_control_node-4]: process started with pid [31694]
1737960171.9499381 [INFO] [spawner-5]: process started with pid [31696]
1737960171.9500918 [INFO] [spawner-6]: process started with pid [31698]
1737960171.9502530 [INFO] [spawner-7]: process started with pid [31700]
1737960171.9875405 [ros2_control_node-4] [WARN] [1737960171.987087329] [controller_manager]: [Deprecated] Passing the robot description parameter directly to the control_manager node is deprecated. Use '~/robot_description' topic from 'robot_state_publisher' instead.
1737960171.9881909 [ros2_control_node-4] [INFO] [1737960171.987611953] [resource_manager]: Loading hardware 'FakeSystem' 
1737960171.9886656 [ros2_control_node-4] [INFO] [1737960171.988259392] [resource_manager]: Initialize hardware 'FakeSystem' 
1737960171.9888377 [ros2_control_node-4] [INFO] [1737960171.988344849] [resource_manager]: Successful initialization of hardware 'FakeSystem'
1737960171.9891944 [ros2_control_node-4] [INFO] [1737960171.988457356] [resource_manager]: 'configure' hardware 'FakeSystem' 
1737960171.9893236 [ros2_control_node-4] [INFO] [1737960171.988477262] [resource_manager]: Successful 'configure' of hardware 'FakeSystem'
1737960171.9894831 [ros2_control_node-4] [INFO] [1737960171.988493813] [resource_manager]: 'activate' hardware 'FakeSystem' 
1737960171.9896064 [ros2_control_node-4] [INFO] [1737960171.988506065] [resource_manager]: Successful 'activate' of hardware 'FakeSystem'
1737960171.9954755 [ros2_control_node-4] [INFO] [1737960171.994816258] [controller_manager]: update rate is 100 Hz
1737960171.9958944 [ros2_control_node-4] [INFO] [1737960171.994892368] [controller_manager]: Spawning controller_manager RT thread with scheduler priority: 50
1737960171.9965651 [ros2_control_node-4] [WARN] [1737960171.995316407] [controller_manager]: No real-time kernel detected on this system. See [https://control.ros.org/master/doc/ros2_control/controller_manager/doc/userdoc.html] for details on how to enable realtime scheduling.
1737960171.9981229 [rviz2-3] QStandardPaths: wrong permissions on runtime directory /run/user/1000, 0755 instead of 0700
1737960172.3123462 [ros2_control_node-4] [INFO] [1737960172.311719586] [controller_manager]: Loading controller 'spot_gripper_controller'
1737960172.3127325 [ros2_control_node-4] [ERROR] [1737960172.311854785] [controller_manager]: Loader for controller 'spot_gripper_controller' (type 'position_controllers/GripperActionController') not found.
1737960172.3130829 [ros2_control_node-4] [INFO] [1737960172.311878088] [controller_manager]: Available classes:
1737960172.3132379 [ros2_control_node-4] [INFO] [1737960172.311897143] [controller_manager]:   controller_manager/test_controller
1737960172.3138280 [ros2_control_node-4] [INFO] [1737960172.311910477] [controller_manager]:   controller_manager/test_controller_failed_init
1737960172.3141141 [ros2_control_node-4] [INFO] [1737960172.311923000] [controller_manager]:   controller_manager/test_controller_with_interfaces
1737960172.3142772 [ros2_control_node-4] [INFO] [1737960172.311935753] [controller_manager]:   controller_manager/test_chainable_controller
1737960172.3195262 [ros2_control_node-4] [INFO] [1737960172.319119822] [controller_manager]: Loading controller 'joint_state_broadcaster'
1737960172.3197649 [ros2_control_node-4] [ERROR] [1737960172.319207613] [controller_manager]: Loader for controller 'joint_state_broadcaster' (type 'joint_state_broadcaster/JointStateBroadcaster') not found.
1737960172.3199091 [ros2_control_node-4] [INFO] [1737960172.319239702] [controller_manager]: Available classes:
1737960172.3206453 [ros2_control_node-4] [INFO] [1737960172.319255562] [controller_manager]:   controller_manager/test_controller
1737960172.3208220 [ros2_control_node-4] [INFO] [1737960172.319276730] [controller_manager]:   controller_manager/test_controller_failed_init
1737960172.3209641 [ros2_control_node-4] [INFO] [1737960172.319289724] [controller_manager]:   controller_manager/test_controller_with_interfaces
1737960172.3210638 [ros2_control_node-4] [INFO] [1737960172.319303550] [controller_manager]:   controller_manager/test_chainable_controller
1737960172.3214808 [ERROR] [move_group-2]: process has died [pid 31690, exit code -6, cmd '/opt/ros/humble/lib/moveit_ros_move_group/move_group --ros-args --params-file /tmp/launch_params_vo7tj3ms --params-file /tmp/launch_params_r59g8fd4'].
1737960172.3231502 [ros2_control_node-4] [INFO] [1737960172.322821904] [controller_manager]: Loading controller 'spot_arm_controller'
1737960172.3233418 [ros2_control_node-4] [ERROR] [1737960172.322911999] [controller_manager]: Loader for controller 'spot_arm_controller' (type 'joint_trajectory_controller/JointTrajectoryController') not found.
1737960172.3237708 [ros2_control_node-4] [INFO] [1737960172.322933318] [controller_manager]: Available classes:
1737960172.3239057 [ros2_control_node-4] [INFO] [1737960172.322949738] [controller_manager]:   controller_manager/test_controller
1737960172.3240538 [ros2_control_node-4] [INFO] [1737960172.322963153] [controller_manager]:   controller_manager/test_controller_failed_init
1737960172.3241894 [ros2_control_node-4] [INFO] [1737960172.322976418] [controller_manager]:   controller_manager/test_controller_with_interfaces
1737960172.3243198 [ros2_control_node-4] [INFO] [1737960172.322991435] [controller_manager]:   controller_manager/test_chainable_controller
1737960172.5541258 [ERROR] [spawner-5]: process has died [pid 31696, exit code 1, cmd '/opt/ros/humble/lib/controller_manager/spawner spot_arm_controller --ros-args'].
1737960172.5600870 [ERROR] [spawner-7]: process has died [pid 31700, exit code 1, cmd '/opt/ros/humble/lib/controller_manager/spawner joint_state_broadcaster --ros-args'].
1737960172.5605986 [ERROR] [spawner-6]: process has died [pid 31698, exit code 1, cmd '/opt/ros/humble/lib/controller_manager/spawner spot_gripper_controller --ros-args'].
1737960172.6709347 [rviz2-3] [INFO] [1737960172.670512906] [rviz2]: Stereo is NOT SUPPORTED
1737960172.6711955 [rviz2-3] [INFO] [1737960172.670655669] [rviz2]: OpenGl version: 4.6 (GLSL 4.6)
1737960172.7039907 [rviz2-3] [INFO] [1737960172.703544072] [rviz2]: Stereo is NOT SUPPORTED
1737960172.8127723 [rviz2-3] Warning: class_loader.impl: SEVERE WARNING!!! A namespace collision has occurred with plugin factory for class rviz_default_plugins::displays::InteractiveMarkerDisplay. New factory will OVERWRITE existing one. This situation occurs when libraries containing plugins are directly linked against an executable (the one running right now generating this message). Please separate plugins out into their own library or just don't link against the library and use either class_loader::ClassLoader/MultiLibraryClassLoader to open.
1737960172.8130913 [rviz2-3]          at line 253 in /opt/ros/humble/include/class_loader/class_loader/class_loader_core.hpp
1737960175.8439147 [rviz2-3] [ERROR] [1737960175.843306795] [moveit_ros_visualization.motion_planning_frame]: Action server: /recognize_objects not available
1737960175.8780043 [rviz2-3] [INFO] [1737960175.877322970] [moveit_ros_visualization.motion_planning_frame]: MoveGroup namespace changed: / -> . Reloading params.
1737960186.0092382 [rviz2-3] [ERROR] [1737960186.008656624] [rviz]: Could not find parameter robot_description_semantic and did not receive robot_description_semantic via std_msgs::msg::String subscription within 10.000000 seconds.
1737960186.0478754 [rviz2-3] Error:   Could not parse the SRDF XML File. Error=XML_ERROR_EMPTY_DOCUMENT ErrorID=13 (0xd) Line number=0
1737960186.0481832 [rviz2-3]          at line 732 in ./src/model.cpp
1737960186.0483491 [rviz2-3] [ERROR] [1737960186.047477957] [moveit_rdf_loader.rdf_loader]: Unable to parse SRDF
1737960186.0781536 [rviz2-3] [ERROR] [1737960186.077295447] [moveit_ros.planning_scene_monitor.planning_scene_monitor]: Robot model not loaded
1737960230.2470372 [rviz2-3] Error:   Could not parse the SRDF XML File. Error=XML_ERROR_EMPTY_DOCUMENT ErrorID=13 (0xd) Line number=0
1737960230.2473516 [rviz2-3]          at line 732 in ./src/model.cpp
1737960230.2475243 [rviz2-3] [ERROR] [1737960230.246300083] [moveit_rdf_loader.rdf_loader]: Unable to parse SRDF
1737960244.6162651 [WARNING] [launch]: user interrupted with ctrl-c (SIGINT)
1737960244.6195955 [ros2_control_node-4] [INFO] [1737960244.615849793] [rclcpp]: signal_handler(signum=2)
1737960244.6200454 [rviz2-3] [INFO] [1737960244.615854492] [rclcpp]: signal_handler(signum=2)
1737960244.7289026 [INFO] [robot_state_publisher-1]: process has finished cleanly [pid 31688]
1737960244.7391315 [INFO] [ros2_control_node-4]: process has finished cleanly [pid 31694]
1737960244.9252107 [ERROR] [rviz2-3]: process has died [pid 31692, exit code -11, cmd '/opt/ros/humble/lib/rviz2/rviz2 -d /home/developer/SPWAR_ws/install/spot_moveit_config/share/spot_moveit_config/config/moveit.rviz --ros-args --params-file /tmp/launch_params_gktsxrqm --params-file /tmp/launch_params_vglk86y4 --params-file /tmp/launch_params_7chrku09'].
