1737960095.3787587 [INFO] [launch]: All log files can be found below /home/developer/SPWAR_ws/logs/2025-01-27-03-41-35-377254-cd7b1ac304da-30788
1737960095.3790519 [INFO] [launch]: Default logging verbosity is set to INFO
1737960095.4682362 [INFO] [moveit_setup_assistant-1]: process started with pid [30793]
1737960095.6027715 [moveit_setup_assistant-1] QStandardPaths: wrong permissions on runtime directory /run/user/1000, 0755 instead of 0700
1737960104.1718986 [moveit_setup_assistant-1] [INFO] [1737960104.171292147] [moveit_setup_assistant.urdf]: Loaded spot robot model.
1737960104.1727259 [moveit_setup_assistant-1] [INFO] [1737960104.171996476] [moveit_robot_model.robot_model]: Loading robot model 'spot'...
1737960104.1729581 [moveit_setup_assistant-1] [WARN] [1737960104.172149286] [moveit_robot_model.robot_model]: Link arm0.link_sh0 has visual geometry but no collision geometry. Collision geometry will be left empty. Fix your URDF file by explicitly specifying collision geometry.
1737960104.1731086 [moveit_setup_assistant-1] [WARN] [1737960104.172175794] [moveit_robot_model.robot_model]: Link arm0.link_sh1 has visual geometry but no collision geometry. Collision geometry will be left empty. Fix your URDF file by explicitly specifying collision geometry.
1737960104.1732638 [moveit_setup_assistant-1] [WARN] [1737960104.172210858] [moveit_robot_model.robot_model]: Link arm0.link_el0 has visual geometry but no collision geometry. Collision geometry will be left empty. Fix your URDF file by explicitly specifying collision geometry.
1737960104.1734025 [moveit_setup_assistant-1] [WARN] [1737960104.172231937] [moveit_robot_model.robot_model]: Link arm0.link_el1 has visual geometry but no collision geometry. Collision geometry will be left empty. Fix your URDF file by explicitly specifying collision geometry.
1737960104.1735270 [moveit_setup_assistant-1] [WARN] [1737960104.172244861] [moveit_robot_model.robot_model]: Link arm0.link_wr0 has visual geometry but no collision geometry. Collision geometry will be left empty. Fix your URDF file by explicitly specifying collision geometry.
1737960104.1736670 [moveit_setup_assistant-1] [WARN] [1737960104.172257143] [moveit_robot_model.robot_model]: Link arm0.link_wr1 has visual geometry but no collision geometry. Collision geometry will be left empty. Fix your URDF file by explicitly specifying collision geometry.
1737960104.1737781 [moveit_setup_assistant-1] [WARN] [1737960104.172270257] [moveit_robot_model.robot_model]: Link arm0.link_fngr has visual geometry but no collision geometry. Collision geometry will be left empty. Fix your URDF file by explicitly specifying collision geometry.
1737960104.1738920 [moveit_setup_assistant-1] [WARN] [1737960104.172285625] [moveit_robot_model.robot_model]: Link fl.hip has visual geometry but no collision geometry. Collision geometry will be left empty. Fix your URDF file by explicitly specifying collision geometry.
1737960104.1740236 [moveit_setup_assistant-1] [WARN] [1737960104.172317323] [moveit_robot_model.robot_model]: Link fr.hip has visual geometry but no collision geometry. Collision geometry will be left empty. Fix your URDF file by explicitly specifying collision geometry.
1737960104.1741564 [moveit_setup_assistant-1] [WARN] [1737960104.172344032] [moveit_robot_model.robot_model]: Link hl.hip has visual geometry but no collision geometry. Collision geometry will be left empty. Fix your URDF file by explicitly specifying collision geometry.
1737960104.1742752 [moveit_setup_assistant-1] [WARN] [1737960104.172378004] [moveit_robot_model.robot_model]: Link hr.hip has visual geometry but no collision geometry. Collision geometry will be left empty. Fix your URDF file by explicitly specifying collision geometry.
1737960104.1746848 [moveit_setup_assistant-1] [WARN] [1737960104.172588970] [moveit_robot_model.robot_model]: Could not identify parent group for end-effector 'spot_gripper'
1737960104.1748304 [moveit_setup_assistant-1] [INFO] [1737960104.172649682] [moveit_setup_assistant.srdf]: Robot semantic model successfully loaded.
1737960106.5404847 [moveit_setup_assistant-1] [INFO] [1737960106.539910111] [moveit_setup_assistant.urdf]: Loaded spot robot model.
1737960106.5412393 [moveit_setup_assistant-1] [INFO] [1737960106.540160700] [moveit_robot_model.robot_model]: Loading robot model 'spot'...
1737960106.5413821 [moveit_setup_assistant-1] [WARN] [1737960106.540205021] [moveit_robot_model.robot_model]: Link arm0.link_sh0 has visual geometry but no collision geometry. Collision geometry will be left empty. Fix your URDF file by explicitly specifying collision geometry.
1737960106.5415194 [moveit_setup_assistant-1] [WARN] [1737960106.540217343] [moveit_robot_model.robot_model]: Link arm0.link_sh1 has visual geometry but no collision geometry. Collision geometry will be left empty. Fix your URDF file by explicitly specifying collision geometry.
1737960106.5416639 [moveit_setup_assistant-1] [WARN] [1737960106.540227372] [moveit_robot_model.robot_model]: Link arm0.link_el0 has visual geometry but no collision geometry. Collision geometry will be left empty. Fix your URDF file by explicitly specifying collision geometry.
1737960106.5417604 [moveit_setup_assistant-1] [WARN] [1737960106.540236028] [moveit_robot_model.robot_model]: Link arm0.link_el1 has visual geometry but no collision geometry. Collision geometry will be left empty. Fix your URDF file by explicitly specifying collision geometry.
1737960106.5418506 [moveit_setup_assistant-1] [WARN] [1737960106.540244203] [moveit_robot_model.robot_model]: Link arm0.link_wr0 has visual geometry but no collision geometry. Collision geometry will be left empty. Fix your URDF file by explicitly specifying collision geometry.
1737960106.5420835 [moveit_setup_assistant-1] [WARN] [1737960106.540345738] [moveit_robot_model.robot_model]: Link arm0.link_wr1 has visual geometry but no collision geometry. Collision geometry will be left empty. Fix your URDF file by explicitly specifying collision geometry.
1737960106.5422165 [moveit_setup_assistant-1] [WARN] [1737960106.540354985] [moveit_robot_model.robot_model]: Link arm0.link_fngr has visual geometry but no collision geometry. Collision geometry will be left empty. Fix your URDF file by explicitly specifying collision geometry.
1737960106.5422933 [moveit_setup_assistant-1] [WARN] [1737960106.540363992] [moveit_robot_model.robot_model]: Link fl.hip has visual geometry but no collision geometry. Collision geometry will be left empty. Fix your URDF file by explicitly specifying collision geometry.
1737960106.5423658 [moveit_setup_assistant-1] [WARN] [1737960106.540378158] [moveit_robot_model.robot_model]: Link fr.hip has visual geometry but no collision geometry. Collision geometry will be left empty. Fix your URDF file by explicitly specifying collision geometry.
1737960106.5424345 [moveit_setup_assistant-1] [WARN] [1737960106.540390721] [moveit_robot_model.robot_model]: Link hl.hip has visual geometry but no collision geometry. Collision geometry will be left empty. Fix your URDF file by explicitly specifying collision geometry.
1737960106.5425065 [moveit_setup_assistant-1] [WARN] [1737960106.540402683] [moveit_robot_model.robot_model]: Link hr.hip has visual geometry but no collision geometry. Collision geometry will be left empty. Fix your URDF file by explicitly specifying collision geometry.
1737960106.5426228 [moveit_setup_assistant-1] [WARN] [1737960106.540497055] [moveit_robot_model.robot_model]: Could not identify parent group for end-effector 'spot_gripper'
1737960106.5427203 [moveit_setup_assistant-1] [INFO] [1737960106.540635990] [moveit_setup_assistant.srdf]: Robot semantic model successfully loaded.
1737960107.1078176 [moveit_setup_assistant-1] [rviz_rendering:debug] Available Renderers(1): OpenGL Rendering Subsystem, at ./src/rviz_rendering/render_system.cpp:301
1737960107.1079810 [moveit_setup_assistant-1] [rviz_rendering:info] Stereo is NOT SUPPORTED, at ./src/rviz_rendering/render_system.cpp:543
1737960107.1080570 [moveit_setup_assistant-1] [rviz_rendering:info] OpenGl version: 4.6 (GLSL 4.6), at ./src/rviz_rendering/render_system.cpp:284
1737960107.1081192 [moveit_setup_assistant-1] [rviz_rendering:info] Stereo is NOT SUPPORTED, at ./src/rviz_rendering/render_system.cpp:543
1737960107.1081913 [moveit_setup_assistant-1] [rviz_common:debug] Load pixmap at package://rviz_default_plugins/icons/classes/TF.svg, at ./src/rviz_common/load_resource.cpp:71
1737960107.1082506 [moveit_setup_assistant-1] [rviz_common:debug] Error retrieving file [file:///opt/ros/humble/share/rviz_default_plugins/icons/classes/TF.svg]: Couldn't open file /opt/ros/humble/share/rviz_default_plugins/icons/classes/TF.svg, at ./src/rviz_common/load_resource.cpp:55
1737960107.1083059 [moveit_setup_assistant-1] [rviz_common:debug] Load pixmap at package://rviz_default_plugins/icons/classes/TF.png, at ./src/rviz_common/load_resource.cpp:71
1737960107.1083615 [moveit_setup_assistant-1] [rviz_common:debug] Load pixmap at package://rviz_common/icons/classes/Identity.svg, at ./src/rviz_common/load_resource.cpp:71
1737960107.1084182 [moveit_setup_assistant-1] [rviz_common:debug] Error retrieving file [file:///opt/ros/humble/share/rviz_common/icons/classes/Identity.svg]: Couldn't open file /opt/ros/humble/share/rviz_common/icons/classes/Identity.svg, at ./src/rviz_common/load_resource.cpp:55
1737960107.1084714 [moveit_setup_assistant-1] [rviz_common:debug] Load pixmap at package://rviz_common/icons/classes/Identity.png, at ./src/rviz_common/load_resource.cpp:71
1737960107.1085942 [moveit_setup_assistant-1] [rviz_common:debug] Error retrieving file [file:///opt/ros/humble/share/rviz_common/icons/classes/Identity.png]: Couldn't open file /opt/ros/humble/share/rviz_common/icons/classes/Identity.png, at ./src/rviz_common/load_resource.cpp:55
1737960107.1086583 [moveit_setup_assistant-1] [rviz_common:debug] Load pixmap at package://rviz_common/icons/default_class_icon.png, at ./src/rviz_common/load_resource.cpp:71
1737960107.1087530 [moveit_setup_assistant-1] [rviz_common:debug] Load pixmap at package://rviz_common/icons/options.png, at ./src/rviz_common/load_resource.cpp:71
1737960107.1088471 [moveit_setup_assistant-1] [rviz_common:debug] Load pixmap at package://rviz_common/icons/ok.png, at ./src/rviz_common/load_resource.cpp:71
1737960107.1088984 [moveit_setup_assistant-1] [rviz_common:debug] Load pixmap at package://rviz_common/icons/warning.png, at ./src/rviz_common/load_resource.cpp:71
1737960107.1089482 [moveit_setup_assistant-1] [rviz_common:debug] Load pixmap at package://rviz_common/icons/error.png, at ./src/rviz_common/load_resource.cpp:71
1737960107.1089969 [moveit_setup_assistant-1] [rviz_common:debug] Load pixmap at package://rviz_default_plugins/icons/classes/Orbit.svg, at ./src/rviz_common/load_resource.cpp:71
1737960107.1090689 [moveit_setup_assistant-1] [rviz_common:debug] Error retrieving file [file:///opt/ros/humble/share/rviz_default_plugins/icons/classes/Orbit.svg]: Couldn't open file /opt/ros/humble/share/rviz_default_plugins/icons/classes/Orbit.svg, at ./src/rviz_common/load_resource.cpp:55
1737960107.1091425 [moveit_setup_assistant-1] [rviz_common:debug] Load pixmap at package://rviz_default_plugins/icons/classes/Orbit.png, at ./src/rviz_common/load_resource.cpp:71
1737960107.1091948 [moveit_setup_assistant-1] [rviz_common:debug] Error retrieving file [file:///opt/ros/humble/share/rviz_default_plugins/icons/classes/Orbit.png]: Couldn't open file /opt/ros/humble/share/rviz_default_plugins/icons/classes/Orbit.png, at ./src/rviz_common/load_resource.cpp:55
1737960107.1092680 [moveit_setup_assistant-1] [rviz_common:debug] Load pixmap at package://rviz_common/icons/rotate.svg, at ./src/rviz_common/load_resource.cpp:71
1737960107.1093173 [moveit_setup_assistant-1] [rviz_common:debug] Load pixmap at package://rviz_common/icons/cursor.svg, at ./src/rviz_common/load_resource.cpp:71
1737960107.1093674 [moveit_setup_assistant-1] [rviz_common:debug] Load pixmap at package://rviz_common/icons/rotate_cam.svg, at ./src/rviz_common/load_resource.cpp:71
1737960107.1094358 [moveit_setup_assistant-1] [rviz_common:debug] Load pixmap at package://rviz_common/icons/move2d.svg, at ./src/rviz_common/load_resource.cpp:71
1737960107.1094799 [moveit_setup_assistant-1] [rviz_common:debug] Load pixmap at package://rviz_common/icons/move_z.svg, at ./src/rviz_common/load_resource.cpp:71
1737960107.1095276 [moveit_setup_assistant-1] [rviz_common:debug] Load pixmap at package://rviz_common/icons/zoom.svg, at ./src/rviz_common/load_resource.cpp:71
1737960107.1095984 [moveit_setup_assistant-1] [rviz_common:debug] Load pixmap at package://rviz_common/icons/crosshair.svg, at ./src/rviz_common/load_resource.cpp:71
1737960107.1096492 [moveit_setup_assistant-1] [rviz_common:debug] Load pixmap at package://rviz_default_plugins/icons/classes/FocusCamera.svg, at ./src/rviz_common/load_resource.cpp:71
1737960107.1097157 [moveit_setup_assistant-1] [rviz_common:debug] Load pixmap at package://rviz_default_plugins/icons/classes/Interact.svg, at ./src/rviz_common/load_resource.cpp:71
1737960107.1141567 [moveit_setup_assistant-1] [INFO] [1737960107.113826985] [moveit_rdf_loader.rdf_loader]: Loaded robot model in 0.00249755 seconds
1737960107.1143968 [moveit_setup_assistant-1] [INFO] [1737960107.113878008] [moveit_robot_model.robot_model]: Loading robot model 'spot'...
1737960107.1145315 [moveit_setup_assistant-1] [WARN] [1737960107.113906991] [moveit_robot_model.robot_model]: Link arm0.link_sh0 has visual geometry but no collision geometry. Collision geometry will be left empty. Fix your URDF file by explicitly specifying collision geometry.
1737960107.1146820 [moveit_setup_assistant-1] [WARN] [1737960107.113922760] [moveit_robot_model.robot_model]: Link arm0.link_sh1 has visual geometry but no collision geometry. Collision geometry will be left empty. Fix your URDF file by explicitly specifying collision geometry.
1737960107.1151123 [moveit_setup_assistant-1] [WARN] [1737960107.113935103] [moveit_robot_model.robot_model]: Link arm0.link_el0 has visual geometry but no collision geometry. Collision geometry will be left empty. Fix your URDF file by explicitly specifying collision geometry.
1737960107.1152413 [moveit_setup_assistant-1] [WARN] [1737960107.113947816] [moveit_robot_model.robot_model]: Link arm0.link_el1 has visual geometry but no collision geometry. Collision geometry will be left empty. Fix your URDF file by explicitly specifying collision geometry.
1737960107.1153715 [moveit_setup_assistant-1] [WARN] [1737960107.113960339] [moveit_robot_model.robot_model]: Link arm0.link_wr0 has visual geometry but no collision geometry. Collision geometry will be left empty. Fix your URDF file by explicitly specifying collision geometry.
1737960107.1154869 [moveit_setup_assistant-1] [WARN] [1737960107.113972111] [moveit_robot_model.robot_model]: Link arm0.link_wr1 has visual geometry but no collision geometry. Collision geometry will be left empty. Fix your URDF file by explicitly specifying collision geometry.
1737960107.1156209 [moveit_setup_assistant-1] [WARN] [1737960107.113984022] [moveit_robot_model.robot_model]: Link arm0.link_fngr has visual geometry but no collision geometry. Collision geometry will be left empty. Fix your URDF file by explicitly specifying collision geometry.
1737960107.1157427 [moveit_setup_assistant-1] [WARN] [1737960107.113997046] [moveit_robot_model.robot_model]: Link fl.hip has visual geometry but no collision geometry. Collision geometry will be left empty. Fix your URDF file by explicitly specifying collision geometry.
1737960107.1158414 [moveit_setup_assistant-1] [WARN] [1737960107.114017784] [moveit_robot_model.robot_model]: Link fr.hip has visual geometry but no collision geometry. Collision geometry will be left empty. Fix your URDF file by explicitly specifying collision geometry.
1737960107.1161323 [moveit_setup_assistant-1] [WARN] [1737960107.114036559] [moveit_robot_model.robot_model]: Link hl.hip has visual geometry but no collision geometry. Collision geometry will be left empty. Fix your URDF file by explicitly specifying collision geometry.
1737960107.1162496 [moveit_setup_assistant-1] [WARN] [1737960107.114103551] [moveit_robot_model.robot_model]: Link hr.hip has visual geometry but no collision geometry. Collision geometry will be left empty. Fix your URDF file by explicitly specifying collision geometry.
1737960107.1163640 [moveit_setup_assistant-1] [WARN] [1737960107.114234922] [moveit_robot_model.robot_model]: Could not identify parent group for end-effector 'spot_gripper'
1737960107.2225704 [moveit_setup_assistant-1] [INFO] [1737960107.222173133] [moveit_rdf_loader.rdf_loader]: Loaded robot model in 0.00210613 seconds
1737960107.2228305 [moveit_setup_assistant-1] [INFO] [1737960107.222203038] [moveit_robot_model.robot_model]: Loading robot model 'spot'...
1737960107.2229967 [moveit_setup_assistant-1] [WARN] [1737960107.222224577] [moveit_robot_model.robot_model]: Link arm0.link_sh0 has visual geometry but no collision geometry. Collision geometry will be left empty. Fix your URDF file by explicitly specifying collision geometry.
1737960107.2231245 [moveit_setup_assistant-1] [WARN] [1737960107.222235087] [moveit_robot_model.robot_model]: Link arm0.link_sh1 has visual geometry but no collision geometry. Collision geometry will be left empty. Fix your URDF file by explicitly specifying collision geometry.
1737960107.2232428 [moveit_setup_assistant-1] [WARN] [1737960107.222243091] [moveit_robot_model.robot_model]: Link arm0.link_el0 has visual geometry but no collision geometry. Collision geometry will be left empty. Fix your URDF file by explicitly specifying collision geometry.
1737960107.2233968 [moveit_setup_assistant-1] [WARN] [1737960107.222251276] [moveit_robot_model.robot_model]: Link arm0.link_el1 has visual geometry but no collision geometry. Collision geometry will be left empty. Fix your URDF file by explicitly specifying collision geometry.
1737960107.2235770 [moveit_setup_assistant-1] [WARN] [1737960107.222258940] [moveit_robot_model.robot_model]: Link arm0.link_wr0 has visual geometry but no collision geometry. Collision geometry will be left empty. Fix your URDF file by explicitly specifying collision geometry.
1737960107.2236979 [moveit_setup_assistant-1] [WARN] [1737960107.222266314] [moveit_robot_model.robot_model]: Link arm0.link_wr1 has visual geometry but no collision geometry. Collision geometry will be left empty. Fix your URDF file by explicitly specifying collision geometry.
1737960107.2237902 [moveit_setup_assistant-1] [WARN] [1737960107.222273727] [moveit_robot_model.robot_model]: Link arm0.link_fngr has visual geometry but no collision geometry. Collision geometry will be left empty. Fix your URDF file by explicitly specifying collision geometry.
1737960107.2238822 [moveit_setup_assistant-1] [WARN] [1737960107.222282203] [moveit_robot_model.robot_model]: Link fl.hip has visual geometry but no collision geometry. Collision geometry will be left empty. Fix your URDF file by explicitly specifying collision geometry.
1737960107.2243092 [moveit_setup_assistant-1] [WARN] [1737960107.222296349] [moveit_robot_model.robot_model]: Link fr.hip has visual geometry but no collision geometry. Collision geometry will be left empty. Fix your URDF file by explicitly specifying collision geometry.
1737960107.2244217 [moveit_setup_assistant-1] [WARN] [1737960107.222308661] [moveit_robot_model.robot_model]: Link hl.hip has visual geometry but no collision geometry. Collision geometry will be left empty. Fix your URDF file by explicitly specifying collision geometry.
1737960107.2245276 [moveit_setup_assistant-1] [WARN] [1737960107.222321354] [moveit_robot_model.robot_model]: Link hr.hip has visual geometry but no collision geometry. Collision geometry will be left empty. Fix your URDF file by explicitly specifying collision geometry.
1737960107.2248313 [moveit_setup_assistant-1] [WARN] [1737960107.222416509] [moveit_robot_model.robot_model]: Could not identify parent group for end-effector 'spot_gripper'
1737960107.2293704 [moveit_setup_assistant-1] [INFO] [1737960107.229062626] [moveit_setup_assistant.Start Screen]: Loading Setup Assistant Complete
1737960110.6380281 [moveit_setup_assistant-1] [INFO] [1737960110.637609150] [moveit_robot_model.robot_model]: Loading robot model 'spot'...
1737960110.6383235 [moveit_setup_assistant-1] [WARN] [1737960110.637693254] [moveit_robot_model.robot_model]: Link arm0.link_sh0 has visual geometry but no collision geometry. Collision geometry will be left empty. Fix your URDF file by explicitly specifying collision geometry.
1737960110.6384604 [moveit_setup_assistant-1] [WARN] [1737960110.637710596] [moveit_robot_model.robot_model]: Link arm0.link_sh1 has visual geometry but no collision geometry. Collision geometry will be left empty. Fix your URDF file by explicitly specifying collision geometry.
1737960110.6385851 [moveit_setup_assistant-1] [WARN] [1737960110.637722878] [moveit_robot_model.robot_model]: Link arm0.link_el0 has visual geometry but no collision geometry. Collision geometry will be left empty. Fix your URDF file by explicitly specifying collision geometry.
1737960110.6390285 [moveit_setup_assistant-1] [WARN] [1737960110.637785483] [moveit_robot_model.robot_model]: Link arm0.link_el1 has visual geometry but no collision geometry. Collision geometry will be left empty. Fix your URDF file by explicitly specifying collision geometry.
1737960110.6391435 [moveit_setup_assistant-1] [WARN] [1737960110.637799088] [moveit_robot_model.robot_model]: Link arm0.link_wr0 has visual geometry but no collision geometry. Collision geometry will be left empty. Fix your URDF file by explicitly specifying collision geometry.
1737960110.6393049 [moveit_setup_assistant-1] [WARN] [1737960110.637810268] [moveit_robot_model.robot_model]: Link arm0.link_wr1 has visual geometry but no collision geometry. Collision geometry will be left empty. Fix your URDF file by explicitly specifying collision geometry.
1737960110.6394463 [moveit_setup_assistant-1] [WARN] [1737960110.637821649] [moveit_robot_model.robot_model]: Link arm0.link_fngr has visual geometry but no collision geometry. Collision geometry will be left empty. Fix your URDF file by explicitly specifying collision geometry.
1737960110.6395855 [moveit_setup_assistant-1] [WARN] [1737960110.637833691] [moveit_robot_model.robot_model]: Link fl.hip has visual geometry but no collision geometry. Collision geometry will be left empty. Fix your URDF file by explicitly specifying collision geometry.
1737960110.6397676 [moveit_setup_assistant-1] [WARN] [1737960110.637868685] [moveit_robot_model.robot_model]: Link fr.hip has visual geometry but no collision geometry. Collision geometry will be left empty. Fix your URDF file by explicitly specifying collision geometry.
1737960110.6398947 [moveit_setup_assistant-1] [WARN] [1737960110.637889694] [moveit_robot_model.robot_model]: Link hl.hip has visual geometry but no collision geometry. Collision geometry will be left empty. Fix your URDF file by explicitly specifying collision geometry.
1737960110.6399887 [moveit_setup_assistant-1] [WARN] [1737960110.637909830] [moveit_robot_model.robot_model]: Link hr.hip has visual geometry but no collision geometry. Collision geometry will be left empty. Fix your URDF file by explicitly specifying collision geometry.
1737960110.6400886 [moveit_setup_assistant-1] [WARN] [1737960110.638093306] [moveit_robot_model.robot_model]: Could not identify parent group for end-effector 'spot_gripper'
1737960118.2414055 [moveit_setup_assistant-1] [INFO] [1737960118.240996535] [moveit_robot_model.robot_model]: Loading robot model 'spot'...
1737960118.2416708 [moveit_setup_assistant-1] [INFO] [1737960118.241044212] [moveit_robot_model.robot_model]: No root/virtual joint specified in SRDF. Assuming fixed joint
1737960118.2418125 [moveit_setup_assistant-1] [WARN] [1737960118.241099764] [moveit_robot_model.robot_model]: Link arm0.link_sh0 has visual geometry but no collision geometry. Collision geometry will be left empty. Fix your URDF file by explicitly specifying collision geometry.
1737960118.2423482 [moveit_setup_assistant-1] [WARN] [1737960118.241120351] [moveit_robot_model.robot_model]: Link arm0.link_sh1 has visual geometry but no collision geometry. Collision geometry will be left empty. Fix your URDF file by explicitly specifying collision geometry.
1737960118.2424917 [moveit_setup_assistant-1] [WARN] [1737960118.241137443] [moveit_robot_model.robot_model]: Link arm0.link_el0 has visual geometry but no collision geometry. Collision geometry will be left empty. Fix your URDF file by explicitly specifying collision geometry.
1737960118.2426550 [moveit_setup_assistant-1] [WARN] [1737960118.241156738] [moveit_robot_model.robot_model]: Link arm0.link_el1 has visual geometry but no collision geometry. Collision geometry will be left empty. Fix your URDF file by explicitly specifying collision geometry.
1737960118.2427704 [moveit_setup_assistant-1] [WARN] [1737960118.241173198] [moveit_robot_model.robot_model]: Link arm0.link_wr0 has visual geometry but no collision geometry. Collision geometry will be left empty. Fix your URDF file by explicitly specifying collision geometry.
1737960118.2428725 [moveit_setup_assistant-1] [WARN] [1737960118.241201580] [moveit_robot_model.robot_model]: Link arm0.link_wr1 has visual geometry but no collision geometry. Collision geometry will be left empty. Fix your URDF file by explicitly specifying collision geometry.
1737960118.2429702 [moveit_setup_assistant-1] [WARN] [1737960118.241223661] [moveit_robot_model.robot_model]: Link arm0.link_fngr has visual geometry but no collision geometry. Collision geometry will be left empty. Fix your URDF file by explicitly specifying collision geometry.
1737960118.2430649 [moveit_setup_assistant-1] [WARN] [1737960118.241240822] [moveit_robot_model.robot_model]: Link fl.hip has visual geometry but no collision geometry. Collision geometry will be left empty. Fix your URDF file by explicitly specifying collision geometry.
1737960118.2433875 [moveit_setup_assistant-1] [WARN] [1737960118.241346696] [moveit_robot_model.robot_model]: Link fr.hip has visual geometry but no collision geometry. Collision geometry will be left empty. Fix your URDF file by explicitly specifying collision geometry.
1737960118.2435284 [moveit_setup_assistant-1] [WARN] [1737960118.241407668] [moveit_robot_model.robot_model]: Link hl.hip has visual geometry but no collision geometry. Collision geometry will be left empty. Fix your URDF file by explicitly specifying collision geometry.
1737960118.2436755 [moveit_setup_assistant-1] [WARN] [1737960118.241436811] [moveit_robot_model.robot_model]: Link hr.hip has visual geometry but no collision geometry. Collision geometry will be left empty. Fix your URDF file by explicitly specifying collision geometry.
1737960118.2438178 [moveit_setup_assistant-1] [WARN] [1737960118.241624104] [moveit_robot_model.robot_model]: Could not identify parent group for end-effector 'spot_gripper'
1737960118.2457550 [moveit_setup_assistant-1] [INFO] [1737960118.245511165] [moveit_rdf_loader.rdf_loader]: Loaded robot model in 0.00268475 seconds
1737960118.2459087 [moveit_setup_assistant-1] [INFO] [1737960118.245538976] [moveit_robot_model.robot_model]: Loading robot model 'spot'...
1737960118.2464802 [moveit_setup_assistant-1] [WARN] [1737960118.245571205] [moveit_robot_model.robot_model]: Link arm0.link_sh0 has visual geometry but no collision geometry. Collision geometry will be left empty. Fix your URDF file by explicitly specifying collision geometry.
1737960118.2466991 [moveit_setup_assistant-1] [WARN] [1737960118.245583457] [moveit_robot_model.robot_model]: Link arm0.link_sh1 has visual geometry but no collision geometry. Collision geometry will be left empty. Fix your URDF file by explicitly specifying collision geometry.
1737960118.2468321 [moveit_setup_assistant-1] [WARN] [1737960118.245592404] [moveit_robot_model.robot_model]: Link arm0.link_el0 has visual geometry but no collision geometry. Collision geometry will be left empty. Fix your URDF file by explicitly specifying collision geometry.
1737960118.2470105 [moveit_setup_assistant-1] [WARN] [1737960118.245601681] [moveit_robot_model.robot_model]: Link arm0.link_el1 has visual geometry but no collision geometry. Collision geometry will be left empty. Fix your URDF file by explicitly specifying collision geometry.
1737960118.2471564 [moveit_setup_assistant-1] [WARN] [1737960118.245614544] [moveit_robot_model.robot_model]: Link arm0.link_wr0 has visual geometry but no collision geometry. Collision geometry will be left empty. Fix your URDF file by explicitly specifying collision geometry.
1737960118.2473216 [moveit_setup_assistant-1] [WARN] [1737960118.245623741] [moveit_robot_model.robot_model]: Link arm0.link_wr1 has visual geometry but no collision geometry. Collision geometry will be left empty. Fix your URDF file by explicitly specifying collision geometry.
1737960118.2474141 [moveit_setup_assistant-1] [WARN] [1737960118.245637206] [moveit_robot_model.robot_model]: Link arm0.link_fngr has visual geometry but no collision geometry. Collision geometry will be left empty. Fix your URDF file by explicitly specifying collision geometry.
1737960118.2476485 [moveit_setup_assistant-1] [WARN] [1737960118.245647895] [moveit_robot_model.robot_model]: Link fl.hip has visual geometry but no collision geometry. Collision geometry will be left empty. Fix your URDF file by explicitly specifying collision geometry.
1737960118.2477548 [moveit_setup_assistant-1] [WARN] [1737960118.245663324] [moveit_robot_model.robot_model]: Link fr.hip has visual geometry but no collision geometry. Collision geometry will be left empty. Fix your URDF file by explicitly specifying collision geometry.
1737960118.2478414 [moveit_setup_assistant-1] [WARN] [1737960118.245676588] [moveit_robot_model.robot_model]: Link hl.hip has visual geometry but no collision geometry. Collision geometry will be left empty. Fix your URDF file by explicitly specifying collision geometry.
1737960118.2479663 [moveit_setup_assistant-1] [WARN] [1737960118.245691295] [moveit_robot_model.robot_model]: Link hr.hip has visual geometry but no collision geometry. Collision geometry will be left empty. Fix your URDF file by explicitly specifying collision geometry.
1737960118.2481768 [moveit_setup_assistant-1] [WARN] [1737960118.245811525] [moveit_robot_model.robot_model]: Could not identify parent group for end-effector 'spot_gripper'
1737960140.6124904 [WARNING] [launch]: user interrupted with ctrl-c (SIGINT)
1737960140.6363564 [moveit_setup_assistant-1] [rviz_common:debug] Error retrieving file [file:///opt/ros/humble/share/rviz_default_plugins/icons/classes/Interact.svg]: Couldn't open file /opt/ros/humble/share/rviz_default_plugins/icons/classes/Interact.svg, at ./src/rviz_common/load_resource.cpp:55
1737960140.6366124 [moveit_setup_assistant-1] [rviz_common:debug] Load pixmap at package://rviz_default_plugins/icons/classes/Interact.png, at ./src/rviz_common/load_resource.cpp:71
1737960140.6367126 [moveit_setup_assistant-1] [rviz_common:debug] Load pixmap at package://rviz_default_plugins/icons/classes/Measure.svg, at ./src/rviz_common/load_resource.cpp:71
1737960140.6367705 [moveit_setup_assistant-1] [rviz_common:debug] Load pixmap at package://rviz_default_plugins/icons/classes/MoveCamera.svg, at ./src/rviz_common/load_resource.cpp:71
1737960140.6368227 [moveit_setup_assistant-1] [rviz_common:debug] Error retrieving file [file:///opt/ros/humble/share/rviz_default_plugins/icons/classes/MoveCamera.svg]: Couldn't open file /opt/ros/humble/share/rviz_default_plugins/icons/classes/MoveCamera.svg, at ./src/rviz_common/load_resource.cpp:55
1737960140.6368759 [moveit_setup_assistant-1] [rviz_common:debug] Load pixmap at package://rviz_default_plugins/icons/classes/MoveCamera.png, at ./src/rviz_common/load_resource.cpp:71
1737960140.6369281 [moveit_setup_assistant-1] [rviz_common:debug] Load pixmap at package://rviz_default_plugins/icons/classes/PublishPoint.svg, at ./src/rviz_common/load_resource.cpp:71
1737960140.6369848 [moveit_setup_assistant-1] [rviz_common:debug] Load pixmap at package://rviz_default_plugins/icons/classes/Select.svg, at ./src/rviz_common/load_resource.cpp:71
1737960140.6370361 [moveit_setup_assistant-1] [rviz_common:debug] Error retrieving file [file:///opt/ros/humble/share/rviz_default_plugins/icons/classes/Select.svg]: Couldn't open file /opt/ros/humble/share/rviz_default_plugins/icons/classes/Select.svg, at ./src/rviz_common/load_resource.cpp:55
1737960140.6371052 [moveit_setup_assistant-1] [rviz_common:debug] Load pixmap at package://rviz_default_plugins/icons/classes/Select.png, at ./src/rviz_common/load_resource.cpp:71
1737960140.6372535 [moveit_setup_assistant-1] [rviz_common:debug] Load pixmap at package://rviz_default_plugins/icons/classes/SetGoal.svg, at ./src/rviz_common/load_resource.cpp:71
1737960140.6373146 [moveit_setup_assistant-1] [rviz_common:debug] Error retrieving file [file:///opt/ros/humble/share/rviz_default_plugins/icons/classes/SetGoal.svg]: Couldn't open file /opt/ros/humble/share/rviz_default_plugins/icons/classes/SetGoal.svg, at ./src/rviz_common/load_resource.cpp:55
1737960140.6373608 [moveit_setup_assistant-1] [rviz_common:debug] Load pixmap at package://rviz_default_plugins/icons/classes/SetGoal.png, at ./src/rviz_common/load_resource.cpp:71
1737960140.6374042 [moveit_setup_assistant-1] [rviz_common:debug] Load pixmap at package://rviz_default_plugins/icons/classes/SetInitialPose.svg, at ./src/rviz_common/load_resource.cpp:71
1737960140.6374452 [moveit_setup_assistant-1] [rviz_common:debug] Error retrieving file [file:///opt/ros/humble/share/rviz_default_plugins/icons/classes/SetInitialPose.svg]: Couldn't open file /opt/ros/humble/share/rviz_default_plugins/icons/classes/SetInitialPose.svg, at ./src/rviz_common/load_resource.cpp:55
1737960140.6374850 [moveit_setup_assistant-1] [rviz_common:debug] Load pixmap at package://rviz_default_plugins/icons/classes/SetInitialPose.png, at ./src/rviz_common/load_resource.cpp:71
1737960140.6375256 [moveit_setup_assistant-1] [rviz_common:debug] Load pixmap at package://rviz_default_plugins/icons/classes/RobotLink.png, at ./src/rviz_common/load_resource.cpp:71
1737960140.6375983 [moveit_setup_assistant-1] [rviz_common:debug] Load pixmap at package://rviz_default_plugins/icons/classes/RobotJoint.png, at ./src/rviz_common/load_resource.cpp:71
1737960140.7790143 [INFO] [moveit_setup_assistant-1]: process has finished cleanly [pid 30793]
