1738125415.0195601 [INFO] [launch]: All log files can be found below /home/developer/SPWAR_ws/logs/2025-01-29-01-36-55-018637-b064b974ae0d-111735
1738125415.0197024 [INFO] [launch]: Default logging verbosity is set to INFO
1738125415.9782622 [INFO] [robot_state_publisher-1]: process started with pid [111746]
1738125415.9785593 [INFO] [move_group-2]: process started with pid [111748]
1738125415.9786921 [INFO] [rviz2-3]: process started with pid [111750]
1738125415.9787920 [INFO] [ros2_control_node-4]: process started with pid [111752]
1738125415.9789038 [INFO] [spawner-5]: process started with pid [111754]
1738125415.9790068 [INFO] [spawner-6]: process started with pid [111756]
1738125415.9791334 [INFO] [spawner-7]: process started with pid [111758]
1738125415.9808681 [ros2_control_node-4] [WARN] [1738125415.949520382] [controller_manager]: [Deprecated] Passing the robot description parameter directly to the control_manager node is deprecated. Use '~/robot_description' topic from 'robot_state_publisher' instead.
1738125415.9809453 [ros2_control_node-4] [INFO] [1738125415.950657622] [resource_manager]: Loading hardware 'FakeSystem' 
1738125415.9810083 [ros2_control_node-4] [INFO] [1738125415.951987445] [resource_manager]: Initialize hardware 'FakeSystem' 
1738125415.9810798 [ros2_control_node-4] [INFO] [1738125415.952108868] [resource_manager]: Successful initialization of hardware 'FakeSystem'
1738125415.9811645 [ros2_control_node-4] [INFO] [1738125415.952232134] [resource_manager]: 'configure' hardware 'FakeSystem' 
1738125415.9812474 [ros2_control_node-4] [INFO] [1738125415.952498784] [resource_manager]: Successful 'configure' of hardware 'FakeSystem'
1738125415.9813063 [ros2_control_node-4] [INFO] [1738125415.952512530] [resource_manager]: 'activate' hardware 'FakeSystem' 
1738125415.9813688 [ros2_control_node-4] [INFO] [1738125415.952519623] [resource_manager]: Successful 'activate' of hardware 'FakeSystem'
1738125415.9814298 [ros2_control_node-4] [INFO] [1738125415.960417974] [controller_manager]: update rate is 100 Hz
1738125415.9814789 [ros2_control_node-4] [INFO] [1738125415.960456946] [controller_manager]: Spawning controller_manager RT thread with scheduler priority: 50
1738125415.9815297 [ros2_control_node-4] [WARN] [1738125415.960621769] [controller_manager]: No real-time kernel detected on this system. See [https://control.ros.org/master/doc/ros2_control/controller_manager/doc/userdoc.html] for details on how to enable realtime scheduling.
1738125416.0418286 [rviz2-3] QStandardPaths: wrong permissions on runtime directory /run/user/1000, 0755 instead of 0700
1738125416.1613851 [ros2_control_node-4] [INFO] [1738125416.161069352] [controller_manager]: Loading controller 'spot_arm_controller'
1738125416.1848326 [ros2_control_node-4] [WARN] [1738125416.183874193] [spot_arm_controller]: [Deprecated]: "allow_nonzero_velocity_at_trajectory_end" is set to true. The default behavior will change to false.
1738125416.1919577 [ros2_control_node-4] [INFO] [1738125416.191576635] [controller_manager]: Loading controller 'joint_state_broadcaster'
1738125416.2114778 [ros2_control_node-4] [INFO] [1738125416.211155890] [controller_manager]: Loading controller 'spot_gripper_controller'
1738125416.2214346 [ros2_control_node-4] [INFO] [1738125416.221118074] [controller_manager]: Configuring controller 'spot_arm_controller'
1738125416.2219222 [ros2_control_node-4] [INFO] [1738125416.221349730] [spot_arm_controller]: No specific joint names are used for command interfaces. Using 'joints' parameter.
1738125416.2220016 [ros2_control_node-4] [INFO] [1738125416.221372351] [spot_arm_controller]: Command interfaces are [position] and state interfaces are [position velocity].
1738125416.2220657 [ros2_control_node-4] [INFO] [1738125416.221408508] [spot_arm_controller]: Using 'splines' interpolation method.
1738125416.2235322 [ros2_control_node-4] [INFO] [1738125416.223327774] [spot_arm_controller]: Controller state will be published at 50.00 Hz.
1738125416.2283196 [ros2_control_node-4] [INFO] [1738125416.227958372] [spot_arm_controller]: Action status changes will be monitored at 20.00 Hz.
1738125416.2415655 [ros2_control_node-4] [INFO] [1738125416.241186317] [controller_manager]: Configuring controller 'joint_state_broadcaster'
1738125416.2420335 [ros2_control_node-4] [INFO] [1738125416.241282383] [joint_state_broadcaster]: 'joints' or 'interfaces' parameter is empty. All available state interfaces will be published
1738125416.2521372 [ros2_control_node-4] [INFO] [1738125416.251355261] [controller_manager]: Configuring controller 'spot_gripper_controller'
1738125416.2524214 [ros2_control_node-4] [INFO] [1738125416.251527518] [spot_gripper_controller]: Action status changes will be monitored at 20Hz.
1738125416.5044537 [INFO] [spawner-5]: process has finished cleanly [pid 111754]
1738125416.5213509 [INFO] [spawner-7]: process has finished cleanly [pid 111758]
1738125416.5361943 [INFO] [spawner-6]: process has finished cleanly [pid 111756]
1738125416.6859102 [rviz2-3] [INFO] [1738125416.685513671] [rviz2]: Stereo is NOT SUPPORTED
1738125416.6861258 [rviz2-3] [INFO] [1738125416.685639222] [rviz2]: OpenGl version: 4.6 (GLSL 4.6)
1738125416.7090027 [rviz2-3] [INFO] [1738125416.708727533] [rviz2]: Stereo is NOT SUPPORTED
1738125416.8073716 [rviz2-3] Warning: class_loader.impl: SEVERE WARNING!!! A namespace collision has occurred with plugin factory for class rviz_default_plugins::displays::InteractiveMarkerDisplay. New factory will OVERWRITE existing one. This situation occurs when libraries containing plugins are directly linked against an executable (the one running right now generating this message). Please separate plugins out into their own library or just don't link against the library and use either class_loader::ClassLoader/MultiLibraryClassLoader to open.
1738125416.8075526 [rviz2-3]          at line 253 in /opt/ros/humble/include/class_loader/class_loader/class_loader_core.hpp
1738125419.8314035 [rviz2-3] [ERROR] [1738125419.830545878] [moveit_ros_visualization.motion_planning_frame]: Action server: /recognize_objects not available
1738125419.8467743 [rviz2-3] [INFO] [1738125419.846142167] [moveit_ros_visualization.motion_planning_frame]: MoveGroup namespace changed: / -> . Reloading params.
1738125419.8558424 [rviz2-3] [ERROR] [1738125419.855587684] [rviz2]: PluginlibFactory: The plugin for class 'moveit_visual_tools/RvizVisualToolsGui' failed to load. Error: According to the loaded plugin descriptions the class moveit_visual_tools/RvizVisualToolsGui with base class type rviz_common::Panel does not exist. Declared types are  rviz_visual_tools/RvizVisualToolsGui
1738125419.9422677 [rviz2-3] [INFO] [1738125419.941994283] [moveit_rdf_loader.rdf_loader]: Loaded robot model in 0.0594476 seconds
1738125419.9424131 [rviz2-3] [INFO] [1738125419.942032593] [moveit_robot_model.robot_model]: Loading robot model 'spot'...
1738125419.9424782 [rviz2-3] [INFO] [1738125419.942041129] [moveit_robot_model.robot_model]: No root/virtual joint specified in SRDF. Assuming fixed joint
1738125419.9845390 [rviz2-3] [WARN] [1738125419.984186234] [moveit_robot_model.robot_model]: Link fl.hip has visual geometry but no collision geometry. Collision geometry will be left empty. Fix your URDF file by explicitly specifying collision geometry.
1738125419.9848642 [rviz2-3] [WARN] [1738125419.984250231] [moveit_robot_model.robot_model]: Link fr.hip has visual geometry but no collision geometry. Collision geometry will be left empty. Fix your URDF file by explicitly specifying collision geometry.
1738125419.9849656 [rviz2-3] [WARN] [1738125419.984261602] [moveit_robot_model.robot_model]: Link hl.hip has visual geometry but no collision geometry. Collision geometry will be left empty. Fix your URDF file by explicitly specifying collision geometry.
1738125419.9850438 [rviz2-3] [WARN] [1738125419.984272612] [moveit_robot_model.robot_model]: Link hr.hip has visual geometry but no collision geometry. Collision geometry will be left empty. Fix your URDF file by explicitly specifying collision geometry.
1738125419.9930682 [rviz2-3] [WARN] [1738125419.992777400] [kdl_parser]: The root link base has an inertia specified in the URDF, but KDL does not support a root link with an inertia.  As a workaround, you can add an extra dummy link to your URDF.
1738125420.1077764 [rviz2-3] [INFO] [1738125420.107496453] [moveit_ros.planning_scene_monitor.planning_scene_monitor]: Starting planning scene monitor
1738125420.1083050 [rviz2-3] [INFO] [1738125420.107926193] [moveit_ros.planning_scene_monitor.planning_scene_monitor]: Listening to '/monitored_planning_scene'
1738125420.1741302 [rviz2-3] [INFO] [1738125420.173875775] [interactive_marker_display_105026697397552]: Connected on namespace: /rviz_moveit_motion_planning_display/robot_interaction_interactive_marker_topic
1738125420.1789706 [rviz2-3] [WARN] [1738125420.178636934] [kdl_parser]: The root link base has an inertia specified in the URDF, but KDL does not support a root link with an inertia.  As a workaround, you can add an extra dummy link to your URDF.
1738125420.1796374 [rviz2-3] [WARN] [1738125420.179058439] [kdl_parser]: The root link base has an inertia specified in the URDF, but KDL does not support a root link with an inertia.  As a workaround, you can add an extra dummy link to your URDF.
1738125420.1868494 [rviz2-3] [INFO] [1738125420.186599236] [moveit_ros_visualization.motion_planning_frame]: group spot_arm
1738125420.1870041 [rviz2-3] [INFO] [1738125420.186619293] [moveit_ros_visualization.motion_planning_frame]: Constructing new MoveGroup connection for group 'spot_arm' in namespace ''
1738125420.1913764 [rviz2-3] [INFO] [1738125420.191173391] [move_group_interface]: Ready to take commands for planning group spot_arm.
1738125420.1919115 [rviz2-3] [INFO] [1738125420.191817585] [moveit_ros_visualization.motion_planning_frame]: group spot_arm
1738125420.1972961 [rviz2-3] [INFO] [1738125420.196797737] [interactive_marker_display_105026697397552]: Sending request for interactive markers
1738125420.2303219 [rviz2-3] [INFO] [1738125420.229855916] [interactive_marker_display_105026697397552]: Service response received for initialization
1738125449.0488842 [WARNING] [launch]: user interrupted with ctrl-c (SIGINT)
1738125449.0521646 [ros2_control_node-4] [INFO] [1738125449.048508398] [rclcpp]: signal_handler(signum=2)
1738125449.0524786 [rviz2-3] [INFO] [1738125449.048510441] [rclcpp]: signal_handler(signum=2)
1738125449.0639217 [rviz2-3] [WARN] [1738125449.063779240] [interactive_marker_display_105026697397552]: Server not available while running, resetting
1738125449.0870140 [rviz2-3] 
1738125449.0872216 [rviz2-3] >>> [rcutils|error_handling.c:108] rcutils_set_error_state()
1738125449.0873044 [rviz2-3] This error state is being overwritten:
1738125449.0873804 [rviz2-3] 
1738125449.0874512 [rviz2-3]   'rcl node's context is invalid, at ./src/rcl/node.c:428'
1738125449.0875185 [rviz2-3] 
1738125449.0875847 [rviz2-3] with this new error message:
1738125449.0876591 [rviz2-3] 
1738125449.0877278 [rviz2-3]   'publisher's context is invalid, at ./src/rcl/publisher.c:389'
1738125449.0877950 [rviz2-3] 
1738125449.0878577 [rviz2-3] rcutils_reset_error() should be called after error handling to avoid this.
1738125449.0879300 [rviz2-3] <<<
1738125449.0882871 [rviz2-3] [INFO] [1738125449.087924216] [moveit_ros.planning_scene_monitor.planning_scene_monitor]: Stopping planning scene monitor
1738125449.1590810 [INFO] [robot_state_publisher-1]: process has finished cleanly [pid 111746]
1738125449.1750162 [INFO] [ros2_control_node-4]: process has finished cleanly [pid 111752]
1738125449.2734795 [ERROR] [rviz2-3]: process has died [pid 111750, exit code -11, cmd '/opt/ros/humble/lib/rviz2/rviz2 -d /home/developer/SPWAR_ws/src/install/spot_moveit_config/share/spot_moveit_config/config/moveit.rviz --ros-args --params-file /tmp/launch_params_2ylfbioa --params-file /tmp/launch_params_r7c9o4mn --params-file /tmp/launch_params__1ue3j8c'].
1738125449.2816646 [ERROR] [move_group-2]: process has died [pid 111748, exit code -11, cmd '/opt/ros/humble/lib/moveit_ros_move_group/move_group --ros-args --params-file /tmp/launch_params_qg6ob50z --params-file /tmp/launch_params_ispt0_je'].
