1738160472.0598385 [INFO] [launch]: All log files can be found below /home/developer/SPWAR_ws/logs/2025-01-29-11-21-12-059073-b064b974ae0d-423562
1738160472.0599389 [INFO] [launch]: Default logging verbosity is set to INFO
1738160472.9531395 [INFO] [robot_state_publisher-1]: process started with pid [423573]
1738160472.9534564 [INFO] [move_group-2]: process started with pid [423575]
1738160472.9535441 [INFO] [rviz2-3]: process started with pid [423577]
1738160472.9536169 [INFO] [ros2_control_node-4]: process started with pid [423579]
1738160472.9536905 [INFO] [spawner-5]: process started with pid [423581]
1738160472.9537885 [INFO] [spawner-6]: process started with pid [423583]
1738160472.9538877 [INFO] [spawner-7]: process started with pid [423585]
1738160472.9750626 [ros2_control_node-4] [WARN] [1738160472.974639261] [controller_manager]: [Deprecated] Passing the robot description parameter directly to the control_manager node is deprecated. Use '~/robot_description' topic from 'robot_state_publisher' instead.
1738160472.9755518 [ros2_control_node-4] [INFO] [1738160472.974967994] [resource_manager]: Loading hardware 'FakeSystem' 
1738160472.9760816 [ros2_control_node-4] [INFO] [1738160472.975942191] [resource_manager]: Initialize hardware 'FakeSystem' 
1738160472.9763057 [ros2_control_node-4] [INFO] [1738160472.976007383] [resource_manager]: Successful initialization of hardware 'FakeSystem'
1738160472.9763725 [ros2_control_node-4] [INFO] [1738160472.976082944] [resource_manager]: 'configure' hardware 'FakeSystem' 
1738160472.9764481 [ros2_control_node-4] [INFO] [1738160472.976092522] [resource_manager]: Successful 'configure' of hardware 'FakeSystem'
1738160472.9765227 [ros2_control_node-4] [INFO] [1738160472.976101088] [resource_manager]: 'activate' hardware 'FakeSystem' 
1738160472.9765911 [ros2_control_node-4] [INFO] [1738160472.976106939] [resource_manager]: Successful 'activate' of hardware 'FakeSystem'
1738160472.9817398 [ros2_control_node-4] [INFO] [1738160472.980691762] [controller_manager]: update rate is 100 Hz
1738160472.9818432 [ros2_control_node-4] [INFO] [1738160472.980714084] [controller_manager]: Spawning controller_manager RT thread with scheduler priority: 50
1738160472.9820223 [ros2_control_node-4] [WARN] [1738160472.980858132] [controller_manager]: No real-time kernel detected on this system. See [https://control.ros.org/master/doc/ros2_control/controller_manager/doc/userdoc.html] for details on how to enable realtime scheduling.
1738160473.0132720 [rviz2-3] QStandardPaths: wrong permissions on runtime directory /run/user/1000, 0755 instead of 0700
1738160473.2094471 [ros2_control_node-4] [INFO] [1738160473.209096983] [controller_manager]: Loading controller 'spot_gripper_controller'
1738160473.2216318 [ros2_control_node-4] [INFO] [1738160473.221270133] [controller_manager]: Loading controller 'spot_arm_controller'
1738160473.2319567 [ros2_control_node-4] [WARN] [1738160473.231665806] [spot_arm_controller]: [Deprecated]: "allow_nonzero_velocity_at_trajectory_end" is set to true. The default behavior will change to false.
1738160473.2415221 [ros2_control_node-4] [INFO] [1738160473.241303906] [controller_manager]: Loading controller 'joint_state_broadcaster'
1738160473.2514210 [ros2_control_node-4] [INFO] [1738160473.251294264] [controller_manager]: Configuring controller 'spot_gripper_controller'
1738160473.2516811 [ros2_control_node-4] [INFO] [1738160473.251416772] [spot_gripper_controller]: Action status changes will be monitored at 20Hz.
1738160473.2814436 [ros2_control_node-4] [INFO] [1738160473.281287758] [controller_manager]: Configuring controller 'spot_arm_controller'
1738160473.2817967 [ros2_control_node-4] [INFO] [1738160473.281449290] [spot_arm_controller]: No specific joint names are used for command interfaces. Using 'joints' parameter.
1738160473.2818751 [ros2_control_node-4] [INFO] [1738160473.281468375] [spot_arm_controller]: Command interfaces are [position] and state interfaces are [position velocity].
1738160473.2819638 [ros2_control_node-4] [INFO] [1738160473.281485036] [spot_arm_controller]: Using 'splines' interpolation method.
1738160473.2835221 [ros2_control_node-4] [INFO] [1738160473.282639931] [spot_arm_controller]: Controller state will be published at 50.00 Hz.
1738160473.2841322 [ros2_control_node-4] [INFO] [1738160473.283995349] [spot_arm_controller]: Action status changes will be monitored at 20.00 Hz.
1738160473.2918351 [ros2_control_node-4] [INFO] [1738160473.291273658] [controller_manager]: Configuring controller 'joint_state_broadcaster'
1738160473.2926373 [ros2_control_node-4] [INFO] [1738160473.291399823] [joint_state_broadcaster]: 'joints' or 'interfaces' parameter is empty. All available state interfaces will be published
1738160473.4668012 [INFO] [spawner-6]: process has finished cleanly [pid 423583]
1738160473.4884322 [INFO] [spawner-5]: process has finished cleanly [pid 423581]
1738160473.4961407 [INFO] [spawner-7]: process has finished cleanly [pid 423585]
1738160473.5330334 [rviz2-3] [INFO] [1738160473.532746156] [rviz2]: Stereo is NOT SUPPORTED
1738160473.5333910 [rviz2-3] [INFO] [1738160473.532833509] [rviz2]: OpenGl version: 4.6 (GLSL 4.6)
1738160473.5554352 [rviz2-3] [INFO] [1738160473.554856264] [rviz2]: Stereo is NOT SUPPORTED
1738160473.6328189 [rviz2-3] Warning: class_loader.impl: SEVERE WARNING!!! A namespace collision has occurred with plugin factory for class rviz_default_plugins::displays::InteractiveMarkerDisplay. New factory will OVERWRITE existing one. This situation occurs when libraries containing plugins are directly linked against an executable (the one running right now generating this message). Please separate plugins out into their own library or just don't link against the library and use either class_loader::ClassLoader/MultiLibraryClassLoader to open.
1738160473.6329961 [rviz2-3]          at line 253 in /opt/ros/humble/include/class_loader/class_loader/class_loader_core.hpp
1738160476.6520214 [rviz2-3] [ERROR] [1738160476.651631003] [moveit_ros_visualization.motion_planning_frame]: Action server: /recognize_objects not available
1738160476.6650231 [rviz2-3] [INFO] [1738160476.664697720] [moveit_ros_visualization.motion_planning_frame]: MoveGroup namespace changed: / -> . Reloading params.
1738160476.6696150 [rviz2-3] [ERROR] [1738160476.669433865] [rviz2]: PluginlibFactory: The plugin for class 'moveit_visual_tools/RvizVisualToolsGui' failed to load. Error: According to the loaded plugin descriptions the class moveit_visual_tools/RvizVisualToolsGui with base class type rviz_common::Panel does not exist. Declared types are  rviz_visual_tools/RvizVisualToolsGui
1738160476.7531059 [rviz2-3] [INFO] [1738160476.752646793] [moveit_rdf_loader.rdf_loader]: Loaded robot model in 0.052083 seconds
1738160476.7534635 [rviz2-3] [INFO] [1738160476.752705964] [moveit_robot_model.robot_model]: Loading robot model 'spot'...
1738160476.7535634 [rviz2-3] [INFO] [1738160476.752721743] [moveit_robot_model.robot_model]: No root/virtual joint specified in SRDF. Assuming fixed joint
1738160476.7922165 [rviz2-3] [WARN] [1738160476.791915120] [moveit_robot_model.robot_model]: Link fl.hip has visual geometry but no collision geometry. Collision geometry will be left empty. Fix your URDF file by explicitly specifying collision geometry.
1738160476.7925308 [rviz2-3] [WARN] [1738160476.791964062] [moveit_robot_model.robot_model]: Link fr.hip has visual geometry but no collision geometry. Collision geometry will be left empty. Fix your URDF file by explicitly specifying collision geometry.
1738160476.7926412 [rviz2-3] [WARN] [1738160476.791976795] [moveit_robot_model.robot_model]: Link hl.hip has visual geometry but no collision geometry. Collision geometry will be left empty. Fix your URDF file by explicitly specifying collision geometry.
1738160476.7927208 [rviz2-3] [WARN] [1738160476.791990701] [moveit_robot_model.robot_model]: Link hr.hip has visual geometry but no collision geometry. Collision geometry will be left empty. Fix your URDF file by explicitly specifying collision geometry.
1738160476.7982304 [rviz2-3] [WARN] [1738160476.798009119] [kdl_parser]: The root link base has an inertia specified in the URDF, but KDL does not support a root link with an inertia.  As a workaround, you can add an extra dummy link to your URDF.
1738160476.9248247 [rviz2-3] [INFO] [1738160476.924307345] [moveit_ros.planning_scene_monitor.planning_scene_monitor]: Starting planning scene monitor
1738160476.9253495 [rviz2-3] [INFO] [1738160476.925006820] [moveit_ros.planning_scene_monitor.planning_scene_monitor]: Listening to '/monitored_planning_scene'
1738160476.9888737 [rviz2-3] [INFO] [1738160476.988582363] [interactive_marker_display_98655739966992]: Connected on namespace: /rviz_moveit_motion_planning_display/robot_interaction_interactive_marker_topic
1738160476.9934096 [rviz2-3] [WARN] [1738160476.993174841] [kdl_parser]: The root link base has an inertia specified in the URDF, but KDL does not support a root link with an inertia.  As a workaround, you can add an extra dummy link to your URDF.
1738160476.9937840 [rviz2-3] [WARN] [1738160476.993532177] [kdl_parser]: The root link base has an inertia specified in the URDF, but KDL does not support a root link with an inertia.  As a workaround, you can add an extra dummy link to your URDF.
1738160476.9996102 [rviz2-3] [INFO] [1738160476.999293115] [moveit_ros_visualization.motion_planning_frame]: group spot_arm
1738160476.9997611 [rviz2-3] [INFO] [1738160476.999351013] [moveit_ros_visualization.motion_planning_frame]: Constructing new MoveGroup connection for group 'spot_arm' in namespace ''
1738160477.0048840 [rviz2-3] [INFO] [1738160477.004619211] [move_group_interface]: Ready to take commands for planning group spot_arm.
1738160477.0054095 [rviz2-3] [INFO] [1738160477.005310661] [moveit_ros_visualization.motion_planning_frame]: group spot_arm
1738160477.0097055 [rviz2-3] [INFO] [1738160477.009526876] [interactive_marker_display_98655739966992]: Sending request for interactive markers
1738160477.0418994 [rviz2-3] [INFO] [1738160477.041571137] [interactive_marker_display_98655739966992]: Service response received for initialization
1738160662.8248191 [WARNING] [launch]: user interrupted with ctrl-c (SIGINT)
1738160662.8286569 [rviz2-3] [INFO] [1738160662.824483531] [rclcpp]: signal_handler(signum=2)
1738160662.8289139 [ros2_control_node-4] [INFO] [1738160662.824483541] [rclcpp]: signal_handler(signum=2)
1738160662.8398557 [rviz2-3] [WARN] [1738160662.839683720] [interactive_marker_display_98655739966992]: Server not available while running, resetting
1738160662.8859968 [rviz2-3] 
1738160662.8861797 [rviz2-3] >>> [rcutils|error_handling.c:108] rcutils_set_error_state()
1738160662.8862481 [rviz2-3] This error state is being overwritten:
1738160662.8863225 [rviz2-3] 
1738160662.8863919 [rviz2-3]   'rcl node's context is invalid, at ./src/rcl/node.c:428'
1738160662.8864560 [rviz2-3] 
1738160662.8865151 [rviz2-3] with this new error message:
1738160662.8865738 [rviz2-3] 
1738160662.8866429 [rviz2-3]   'publisher's context is invalid, at ./src/rcl/publisher.c:389'
1738160662.8867083 [rviz2-3] 
1738160662.8867724 [rviz2-3] rcutils_reset_error() should be called after error handling to avoid this.
1738160662.8868408 [rviz2-3] <<<
1738160662.8871839 [rviz2-3] [INFO] [1738160662.887048930] [moveit_ros.planning_scene_monitor.planning_scene_monitor]: Stopping planning scene monitor
1738160662.9346371 [INFO] [robot_state_publisher-1]: process has finished cleanly [pid 423573]
1738160662.9517674 [INFO] [ros2_control_node-4]: process has finished cleanly [pid 423579]
1738160663.0745811 [ERROR] [rviz2-3]: process has died [pid 423577, exit code -11, cmd '/opt/ros/humble/lib/rviz2/rviz2 -d /home/developer/SPWAR_ws/src/install/spot_moveit_config/share/spot_moveit_config/config/moveit.rviz --ros-args --params-file /tmp/launch_params_hdix9z_c --params-file /tmp/launch_params_15t9jub_ --params-file /tmp/launch_params_023ln5w8'].
1738160663.0765052 [ERROR] [move_group-2]: process has died [pid 423575, exit code -11, cmd '/opt/ros/humble/lib/moveit_ros_move_group/move_group --ros-args --params-file /tmp/launch_params_07fefrpn --params-file /tmp/launch_params_zbl76mwj'].
