[0.014s] Invoking command in '/home/developer/SPWAR_ws/build/hello_moveit': CMAKE_PREFIX_PATH=${CMAKE_PREFIX_PATH}:/opt/ros/humble /usr/bin/cmake /home/developer/SPWAR_ws/src/hello_moveit -DAMENT_CMAKE_SYMLINK_INSTALL=1 -DCMAKE_INSTALL_PREFIX=/home/developer/SPWAR_ws/install/hello_moveit
[0.057s] -- Found ament_cmake: 1.3.10 (/opt/ros/humble/share/ament_cmake/cmake)
[0.207s] -- Override CMake install command with custom implementation using symlinks instead of copying resources
[0.230s] -- Found moveit_ros_planning_interface: 2.5.7 (/opt/ros/humble/share/moveit_ros_planning_interface/cmake)
[0.253s] -- Found Boost: /usr/lib/x86_64-linux-gnu/cmake/Boost-1.74.0/BoostConfig.cmake (found version "1.74.0") found components: date_time filesystem program_options system thread 
[0.288s] -- Found rosidl_generator_c: 3.1.5 (/opt/ros/humble/share/rosidl_generator_c/cmake)
[0.290s] -- Found rosidl_adapter: 3.1.5 (/opt/ros/humble/share/rosidl_adapter/cmake)
[0.298s] -- Found rosidl_generator_cpp: 3.1.5 (/opt/ros/humble/share/rosidl_generator_cpp/cmake)
[0.311s] -- Using all available rosidl_typesupport_c: rosidl_typesupport_fastrtps_c;rosidl_typesupport_introspection_c
[0.326s] -- Using all available rosidl_typesupport_cpp: rosidl_typesupport_fastrtps_cpp;rosidl_typesupport_introspection_cpp
[0.536s] -- Found Boost: /usr/lib/x86_64-linux-gnu/cmake/Boost-1.74.0/BoostConfig.cmake (found version "1.74.0") found components: chrono date_time filesystem iostreams program_options regex serialization system thread 
[0.568s] -- Found parameter_traits: 0.4.0 (/opt/ros/humble/share/parameter_traits/cmake)
[0.594s] -- Found rmw_implementation_cmake: 6.1.2 (/opt/ros/humble/share/rmw_implementation_cmake/cmake)
[0.595s] -- Found rmw_fastrtps_cpp: 6.2.7 (/opt/ros/humble/share/rmw_fastrtps_cpp/cmake)
[0.742s] -- Using RMW implementation 'rmw_fastrtps_cpp' as default
[0.786s] -- Found rclcpp_lifecycle: 16.0.10 (/opt/ros/humble/share/rclcpp_lifecycle/cmake)
[0.818s] -- Found Boost: /usr/lib/x86_64-linux-gnu/cmake/Boost-1.74.0/BoostConfig.cmake (found version "1.74.0") found components: filesystem 
[0.876s] -- library: /usr/lib/x86_64-linux-gnu/libcurl.so
[0.907s] -- Ensuring Eigen3 include directory is part of orocos-kdl CMake target
[1.051s] -- Found Boost: /usr/lib/x86_64-linux-gnu/cmake/Boost-1.74.0/BoostConfig.cmake (found version "1.74.0") found components: system filesystem date_time program_options thread chrono 
[1.080s] -- Found Boost: /usr/lib/x86_64-linux-gnu/cmake/Boost-1.74.0/BoostConfig.cmake (found version "1.74.0") found components: thread system filesystem regex date_time program_options 
[1.100s] -- Found Boost: /usr/lib/x86_64-linux-gnu/cmake/Boost-1.74.0/BoostConfig.cmake (found version "1.74.0") found components: system filesystem date_time program_options thread 
[1.131s] -- Found moveit_visual_tools: 4.1.1 (/opt/ros/humble/share/moveit_visual_tools/cmake)
[1.195s] -- Setting assimp_DIR to: '/opt/ros/humble/share/rviz_assimp_vendor/cmake/../../../opt/rviz_assimp_vendor/lib/cmake/assimp-4.1'
[1.204s] -- Setting OGRE_DIR to: '/opt/ros/humble/share/rviz_ogre_vendor/cmake/../../../opt/rviz_ogre_vendor/lib/OGRE/cmake'
[1.207s] -- Found OGRE
[1.207s] --   static     : OFF
[1.207s] --   components : HLMS;MeshLodGenerator;Overlay;Paging;Property;RTShaderSystem;Terrain;Volume
[1.207s] --   plugins    : Plugin_BSPSceneManager;Plugin_OctreeSceneManager;Plugin_PCZSceneManager;Plugin_ParticleFX;RenderSystem_GL;RenderSystem_GL3Plus;Codec_STBI
[1.207s] --   media      : /opt/ros/humble/opt/rviz_ogre_vendor/share/OGRE/Media
[1.207s] -- OGRE_LIBRARIES: OgreHLMS;OgreMeshLodGenerator;OgreOverlay;OgrePaging;OgreProperty;OgreRTShaderSystem;OgreTerrain;OgreVolume;OgreMain
[1.207s] -- OGRE_LIBRARY_DIRS: /opt/ros/humble/opt/rviz_ogre_vendor/lib
[1.207s] -- OGRE_PLUGINS: Plugin_BSPSceneManager;Plugin_OctreeSceneManager;Plugin_PCZSceneManager;Plugin_ParticleFX;RenderSystem_GL;RenderSystem_GL3Plus;Codec_STBI
[1.208s] -- OGRE_PLUGIN_DIR: /opt/ros/humble/opt/rviz_ogre_vendor/lib/OGRE
[1.208s] -- rviz_ogre_vendor::OgreOverlay for IMPORTED_LOCATION_RELEASE: /opt/ros/humble/opt/rviz_ogre_vendor/lib/libOgreOverlay.so
[1.208s] -- rviz_ogre_vendor::OgreOverlay for IMPORTED_LOCATION_DEBUG: /opt/ros/humble/opt/rviz_ogre_vendor/lib/libOgreOverlay.so
[1.208s] -- rviz_ogre_vendor::OgreMain for IMPORTED_LOCATION_RELEASE: /opt/ros/humble/opt/rviz_ogre_vendor/lib/libOgreMain.so
[1.208s] -- rviz_ogre_vendor::OgreMain for IMPORTED_LOCATION_DEBUG: /opt/ros/humble/opt/rviz_ogre_vendor/lib/libOgreMain.so
[1.342s] -- Found ament_lint_auto: 0.12.11 (/opt/ros/humble/share/ament_lint_auto/cmake)
[1.428s] -- Added test 'cppcheck' to perform static code analysis on C / C++ code
[1.428s] -- Configured cppcheck include dirs: $<BUILD_INTERFACE:/home/developer/SPWAR_ws/src/hello_moveit/include>
[1.428s] -- Configured cppcheck exclude dirs and/or files: 
[1.429s] -- Added test 'lint_cmake' to check CMake code style
[1.430s] -- Added test 'uncrustify' to check C / C++ code style
[1.430s] -- Configured uncrustify additional arguments: 
[1.430s] -- Added test 'xmllint' to check XML markup files
[1.431s] -- Configuring done
[1.497s] -- Generating done
[1.500s] -- Build files have been written to: /home/developer/SPWAR_ws/build/hello_moveit
[1.520s] Invoked command in '/home/developer/SPWAR_ws/build/hello_moveit' returned '0': CMAKE_PREFIX_PATH=${CMAKE_PREFIX_PATH}:/opt/ros/humble /usr/bin/cmake /home/developer/SPWAR_ws/src/hello_moveit -DAMENT_CMAKE_SYMLINK_INSTALL=1 -DCMAKE_INSTALL_PREFIX=/home/developer/SPWAR_ws/install/hello_moveit
[1.522s] Invoking command in '/home/developer/SPWAR_ws/build/hello_moveit': CMAKE_PREFIX_PATH=${CMAKE_PREFIX_PATH}:/opt/ros/humble /usr/bin/cmake --build /home/developer/SPWAR_ws/build/hello_moveit -- -j16 -l16
[1.585s] [35m[1mConsolidate compiler generated dependencies of target hello_moveit[0m
[1.694s] [ 50%] [32mBuilding CXX object CMakeFiles/hello_moveit.dir/src/hello_moveit.cpp.o[0m
[9.462s] gmake[2]: *** [CMakeFiles/hello_moveit.dir/build.make:76: CMakeFiles/hello_moveit.dir/src/hello_moveit.cpp.o] Interrupt
[9.462s] gmake[1]: *** [CMakeFiles/Makefile2:137: CMakeFiles/hello_moveit.dir/all] Interrupt
[9.462s] gmake: *** [Makefile:146: all] Interrupt
[9.529s] Invoked command in '/home/developer/SPWAR_ws/build/hello_moveit' returned '-2': CMAKE_PREFIX_PATH=${CMAKE_PREFIX_PATH}:/opt/ros/humble /usr/bin/cmake --build /home/developer/SPWAR_ws/build/hello_moveit -- -j16 -l16
