[0.011s] Invoking command in '/home/developer/SPWAR_ws/build/spot_description': CMAKE_PREFIX_PATH=${CMAKE_PREFIX_PATH}:/opt/ros/humble /usr/bin/cmake --build /home/developer/SPWAR_ws/build/spot_description -- -j16 -l16
[0.039s] -- Found ament_cmake: 1.3.10 (/opt/ros/humble/share/ament_cmake/cmake)
[0.141s] -- Found gazebo_ros: 3.7.0 (/opt/ros/humble/share/gazebo_ros/cmake)
[0.173s] -- Found rosidl_generator_c: 3.1.5 (/opt/ros/humble/share/rosidl_generator_c/cmake)
[0.176s] -- Found rosidl_adapter: 3.1.5 (/opt/ros/humble/share/rosidl_adapter/cmake)
[0.184s] -- Found rosidl_generator_cpp: 3.1.5 (/opt/ros/humble/share/rosidl_generator_cpp/cmake)
[0.194s] -- Using all available rosidl_typesupport_c: rosidl_typesupport_fastrtps_c;rosidl_typesupport_introspection_c
[0.207s] -- Using all available rosidl_typesupport_cpp: rosidl_typesupport_fastrtps_cpp;rosidl_typesupport_introspection_cpp
[0.240s] -- Found rmw_implementation_cmake: 6.1.2 (/opt/ros/humble/share/rmw_implementation_cmake/cmake)
[0.242s] -- Found rmw_fastrtps_cpp: 6.2.7 (/opt/ros/humble/share/rmw_fastrtps_cpp/cmake)
[0.362s] -- Using RMW implementation 'rmw_fastrtps_cpp' as default
[0.437s] -- Found DART: /usr/include (Required is at least version "6.6") found components: dart 
[0.461s] -- Found Protobuf: /usr/lib/x86_64-linux-gnu/libprotobuf.so (found version "3.12.4") 
[0.463s] -- Looking for ignition-math6 -- found version 6.15.1
[0.468s] -- Searching for dependencies of ignition-math6
[0.470s] -- Looking for OGRE...
[0.475s] -- Found Ogre Ghadamon (1.9.0)
[0.476s] -- Found OGRE: optimized;/usr/lib/x86_64-linux-gnu/libOgreMain.so;debug;/usr/lib/x86_64-linux-gnu/libOgreMain.so
[0.484s] -- Looking for OGRE_Paging...
[0.484s] -- Found OGRE_Paging: optimized;/usr/lib/x86_64-linux-gnu/libOgrePaging.so;debug;/usr/lib/x86_64-linux-gnu/libOgrePaging.so
[0.484s] -- Looking for OGRE_Terrain...
[0.484s] -- Found OGRE_Terrain: optimized;/usr/lib/x86_64-linux-gnu/libOgreTerrain.so;debug;/usr/lib/x86_64-linux-gnu/libOgreTerrain.so
[0.484s] -- Looking for OGRE_Property...
[0.484s] -- Found OGRE_Property: optimized;/usr/lib/x86_64-linux-gnu/libOgreProperty.so;debug;/usr/lib/x86_64-linux-gnu/libOgreProperty.so
[0.484s] -- Looking for OGRE_RTShaderSystem...
[0.484s] -- Found OGRE_RTShaderSystem: optimized;/usr/lib/x86_64-linux-gnu/libOgreRTShaderSystem.so;debug;/usr/lib/x86_64-linux-gnu/libOgreRTShaderSystem.so
[0.484s] -- Looking for OGRE_Volume...
[0.484s] -- Found OGRE_Volume: optimized;/usr/lib/x86_64-linux-gnu/libOgreVolume.so;debug;/usr/lib/x86_64-linux-gnu/libOgreVolume.so
[0.484s] -- Looking for OGRE_Overlay...
[0.484s] -- Found OGRE_Overlay: optimized;/usr/lib/x86_64-linux-gnu/libOgreOverlay.so;debug;/usr/lib/x86_64-linux-gnu/libOgreOverlay.so
[0.553s] -- Looking for ignition-math6 -- found version 6.15.1
[0.554s] -- Looking for ignition-transport8 -- found version 8.2.1
[0.554s] -- Searching for dependencies of ignition-transport8
[0.577s] -- Found Protobuf: /usr/lib/x86_64-linux-gnu/libprotobuf.so (found suitable version "3.12.4", minimum required is "3") 
[0.593s] -- Config-file not installed for ZeroMQ -- checking for pkg-config
[0.598s] -- Checking for module 'libzmq >= 4'
[0.611s] --   Found libzmq , version 4.3.4
[0.652s] -- Checking for module 'uuid'
[0.664s] --   Found uuid, version 2.37.2
[0.698s] -- Looking for ignition-msgs5 -- found version 5.8.1
[0.698s] -- Searching for dependencies of ignition-msgs5
[0.722s] -- Looking for ignition-math6 -- found version 6.15.1
[0.727s] -- Checking for module 'tinyxml2'
[0.741s] --   Found tinyxml2, version 9.0.0
[0.776s] -- Looking for ignition-msgs5 -- found version 5.8.1
[0.776s] -- Looking for ignition-common3 -- found version 3.14.0
[0.776s] -- Searching for dependencies of ignition-common3
[0.777s] -- Looking for dlfcn.h - found
[0.777s] -- Looking for libdl - found
[0.788s] -- Searching for <ignition-common3> component [graphics]
[0.788s] -- Looking for ignition-common3-graphics -- found version 3.14.0
[0.789s] -- Searching for dependencies of ignition-common3-graphics
[0.789s] -- Looking for ignition-math6 -- found version 6.15.1
[0.790s] -- Looking for ignition-fuel_tools4 -- found version 4.4.0
[0.790s] -- Searching for dependencies of ignition-fuel_tools4
[0.833s] -- Checking for module 'jsoncpp'
[0.845s] --   Found jsoncpp, version 1.9.5
[0.883s] -- Checking for module 'libzip'
[0.896s] --   Found libzip, version 1.7.3
[0.930s] -- Looking for ignition-common3 -- found version 3.14.0
[0.930s] -- Looking for ignition-math6 -- found version 6.15.1
[0.931s] -- Looking for ignition-msgs5 -- found version 5.8.1
[0.932s] -- Gazebo version: 11.10
[0.933s] -- Found xacro: 2.0.8 (/opt/ros/humble/share/xacro/cmake)
[0.991s] -- Configuring done
[1.000s] -- Generating done
[1.002s] -- Build files have been written to: /home/developer/SPWAR_ws/build/spot_description
[1.031s] Invoked command in '/home/developer/SPWAR_ws/build/spot_description' returned '0': CMAKE_PREFIX_PATH=${CMAKE_PREFIX_PATH}:/opt/ros/humble /usr/bin/cmake --build /home/developer/SPWAR_ws/build/spot_description -- -j16 -l16
[1.064s] Invoking command in '/home/developer/SPWAR_ws/build/spot_description': CMAKE_PREFIX_PATH=${CMAKE_PREFIX_PATH}:/opt/ros/humble /usr/bin/cmake --install /home/developer/SPWAR_ws/build/spot_description
[1.070s] -- Install configuration: ""
[1.071s] -- Up-to-date: /home/developer/SPWAR_ws/install/spot_description/share/spot_description/urdf
[1.071s] -- Up-to-date: /home/developer/SPWAR_ws/install/spot_description/share/spot_description/urdf/simple_robot.urdf
[1.071s] -- Up-to-date: /home/developer/SPWAR_ws/install/spot_description/share/spot_description/urdf/spot_with_arm.urdf
[1.071s] -- Up-to-date: /home/developer/SPWAR_ws/install/spot_description/share/spot_description/meshes
[1.071s] -- Up-to-date: /home/developer/SPWAR_ws/install/spot_description/share/spot_description/meshes/arm0.link_el0.stl
[1.071s] -- Up-to-date: /home/developer/SPWAR_ws/install/spot_description/share/spot_description/meshes/arm0.link_wr1.stl
[1.071s] -- Up-to-date: /home/developer/SPWAR_ws/install/spot_description/share/spot_description/meshes/arm0.link_hr0.stl
[1.071s] -- Up-to-date: /home/developer/SPWAR_ws/install/spot_description/share/spot_description/meshes/arm0.link_sh0.stl
[1.071s] -- Up-to-date: /home/developer/SPWAR_ws/install/spot_description/share/spot_description/meshes/fl_hip_0_geom_visual_mesh.stl
[1.071s] -- Up-to-date: /home/developer/SPWAR_ws/install/spot_description/share/spot_description/meshes/arm0.link_fngr.stl
[1.071s] -- Up-to-date: /home/developer/SPWAR_ws/install/spot_description/share/spot_description/meshes/lleg_0_geom_visual_mesh.stl
[1.071s] -- Up-to-date: /home/developer/SPWAR_ws/install/spot_description/share/spot_description/meshes/fr_hip_0_geom_visual_mesh.stl
[1.071s] -- Up-to-date: /home/developer/SPWAR_ws/install/spot_description/share/spot_description/meshes/arm0.link_el1.stl
[1.072s] -- Up-to-date: /home/developer/SPWAR_ws/install/spot_description/share/spot_description/meshes/hr_hip_0_geom_visual_mesh.stl
[1.072s] -- Up-to-date: /home/developer/SPWAR_ws/install/spot_description/share/spot_description/meshes/arm0.link_wr0.stl
[1.072s] -- Up-to-date: /home/developer/SPWAR_ws/install/spot_description/share/spot_description/meshes/base_link_0_geom_visual_mesh.stl
[1.072s] -- Up-to-date: /home/developer/SPWAR_ws/install/spot_description/share/spot_description/meshes/l_uleg_0_geom_visual_mesh.stl
[1.072s] -- Up-to-date: /home/developer/SPWAR_ws/install/spot_description/share/spot_description/meshes/hl_hip_0_geom_visual_mesh.stl
[1.072s] -- Up-to-date: /home/developer/SPWAR_ws/install/spot_description/share/spot_description/meshes/arm0.link_sh1.stl
[1.072s] -- Up-to-date: /home/developer/SPWAR_ws/install/spot_description/share/spot_description/meshes/r_uleg_0_geom_visual_mesh.stl
[1.072s] -- Up-to-date: /home/developer/SPWAR_ws/install/spot_description/share/spot_description/launch
[1.072s] -- Up-to-date: /home/developer/SPWAR_ws/install/spot_description/share/spot_description/launch/gazebo.launch.py
[1.072s] -- Up-to-date: /home/developer/SPWAR_ws/install/spot_description/share/spot_description/launch/display.launch.py
[1.072s] -- Up-to-date: /home/developer/SPWAR_ws/install/spot_description/share/ament_index/resource_index/package_run_dependencies/spot_description
[1.072s] -- Up-to-date: /home/developer/SPWAR_ws/install/spot_description/share/ament_index/resource_index/parent_prefix_path/spot_description
[1.072s] -- Up-to-date: /home/developer/SPWAR_ws/install/spot_description/share/spot_description/environment/ament_prefix_path.sh
[1.072s] -- Installing: /home/developer/SPWAR_ws/install/spot_description/share/spot_description/environment/ament_prefix_path.dsv
[1.072s] -- Up-to-date: /home/developer/SPWAR_ws/install/spot_description/share/spot_description/environment/path.sh
[1.072s] -- Installing: /home/developer/SPWAR_ws/install/spot_description/share/spot_description/environment/path.dsv
[1.072s] -- Up-to-date: /home/developer/SPWAR_ws/install/spot_description/share/spot_description/local_setup.bash
[1.072s] -- Up-to-date: /home/developer/SPWAR_ws/install/spot_description/share/spot_description/local_setup.sh
[1.072s] -- Up-to-date: /home/developer/SPWAR_ws/install/spot_description/share/spot_description/local_setup.zsh
[1.073s] -- Installing: /home/developer/SPWAR_ws/install/spot_description/share/spot_description/local_setup.dsv
[1.073s] -- Installing: /home/developer/SPWAR_ws/install/spot_description/share/spot_description/package.dsv
[1.073s] -- Up-to-date: /home/developer/SPWAR_ws/install/spot_description/share/ament_index/resource_index/packages/spot_description
[1.073s] -- Up-to-date: /home/developer/SPWAR_ws/install/spot_description/share/spot_description/cmake/spot_descriptionConfig.cmake
[1.073s] -- Up-to-date: /home/developer/SPWAR_ws/install/spot_description/share/spot_description/cmake/spot_descriptionConfig-version.cmake
[1.073s] -- Up-to-date: /home/developer/SPWAR_ws/install/spot_description/share/spot_description/package.xml
[1.075s] Invoked command in '/home/developer/SPWAR_ws/build/spot_description' returned '0': CMAKE_PREFIX_PATH=${CMAKE_PREFIX_PATH}:/opt/ros/humble /usr/bin/cmake --install /home/developer/SPWAR_ws/build/spot_description
