[0.091s] DEBUG:colcon:Command line arguments: ['/usr/bin/colcon', 'build']
[0.091s] DEBUG:colcon:Parsed command line arguments: Namespace(log_base=None, log_level=None, verb_name='build', build_base='build', install_base='install', merge_install=False, symlink_install=False, test_result_base=None, continue_on_error=False, executor='parallel', parallel_workers=16, event_handlers=None, ignore_user_meta=False, metas=['./colcon.meta'], base_paths=['.'], packages_ignore=None, packages_ignore_regex=None, paths=None, packages_up_to=None, packages_up_to_regex=None, packages_above=None, packages_above_and_dependencies=None, packages_above_depth=None, packages_select_by_dep=None, packages_skip_by_dep=None, packages_skip_up_to=None, packages_select_build_failed=False, packages_skip_build_finished=False, packages_select_test_failures=False, packages_skip_test_passed=False, packages_select=None, packages_skip=None, packages_select_regex=None, packages_skip_regex=None, packages_start=None, packages_end=None, cmake_args=None, cmake_target=None, cmake_target_skip_unavailable=False, cmake_clean_cache=False, cmake_clean_first=False, cmake_force_configure=False, ament_cmake_args=None, catkin_cmake_args=None, catkin_skip_building_tests=False, mixin_files=None, mixin=None, verb_parser=<colcon_mixin.mixin.mixin_argument.MixinArgumentDecorator object at 0x7c7ed54f0940>, verb_extension=<colcon_core.verb.build.BuildVerb object at 0x7c7ed54f03d0>, main=<bound method BuildVerb.main of <colcon_core.verb.build.BuildVerb object at 0x7c7ed54f03d0>>, mixin_verb=('build',))
[0.203s] Level 1:colcon.colcon_core.package_discovery:discover_packages(colcon_meta) check parameters
[0.203s] INFO:colcon.colcon_metadata.package_discovery.colcon_meta:Using configuration from '/root/.colcon/metadata/default/Gazebo.meta'
[0.204s] INFO:colcon.colcon_metadata.package_discovery.colcon_meta:Using configuration from '/root/.colcon/metadata/default/fastrtps.meta'
[0.204s] Level 1:colcon.colcon_core.package_discovery:discover_packages(recursive) check parameters
[0.204s] Level 1:colcon.colcon_core.package_discovery:discover_packages(ignore) check parameters
[0.204s] Level 1:colcon.colcon_core.package_discovery:discover_packages(path) check parameters
[0.204s] Level 1:colcon.colcon_core.package_discovery:discover_packages(colcon_meta) discover
[0.204s] Level 1:colcon.colcon_core.package_discovery:discover_packages(recursive) discover
[0.204s] INFO:colcon.colcon_core.package_discovery:Crawling recursively for packages in '/home/developer/SPWAR_ws/src'
[0.204s] Level 1:colcon.colcon_core.package_identification:_identify(.) by extensions ['ignore', 'ignore_ament_install']
[0.204s] Level 1:colcon.colcon_core.package_identification:_identify(.) by extension 'ignore'
[0.204s] Level 1:colcon.colcon_core.package_identification:_identify(.) by extension 'ignore_ament_install'
[0.204s] Level 1:colcon.colcon_core.package_identification:_identify(.) by extensions ['colcon_pkg']
[0.204s] Level 1:colcon.colcon_core.package_identification:_identify(.) by extension 'colcon_pkg'
[0.204s] Level 1:colcon.colcon_core.package_identification:_identify(.) by extensions ['colcon_meta']
[0.204s] Level 1:colcon.colcon_core.package_identification:_identify(.) by extension 'colcon_meta'
[0.204s] Level 1:colcon.colcon_core.package_identification:_identify(.) by extensions ['ros']
[0.204s] Level 1:colcon.colcon_core.package_identification:_identify(.) by extension 'ros'
[0.213s] Level 1:colcon.colcon_core.package_identification:_identify(.) by extensions ['cmake', 'python']
[0.213s] Level 1:colcon.colcon_core.package_identification:_identify(.) by extension 'cmake'
[0.213s] Level 1:colcon.colcon_core.package_identification:_identify(.) by extension 'python'
[0.213s] Level 1:colcon.colcon_core.package_identification:_identify(.) by extensions ['python_setup_py']
[0.213s] Level 1:colcon.colcon_core.package_identification:_identify(.) by extension 'python_setup_py'
[0.213s] Level 1:colcon.colcon_core.package_identification:_identify(build) by extensions ['ignore', 'ignore_ament_install']
[0.213s] Level 1:colcon.colcon_core.package_identification:_identify(build) by extension 'ignore'
[0.213s] Level 1:colcon.colcon_core.package_identification:_identify(build) ignored
[0.213s] Level 1:colcon.colcon_core.package_identification:_identify(hello_moveit) by extensions ['ignore', 'ignore_ament_install']
[0.213s] Level 1:colcon.colcon_core.package_identification:_identify(hello_moveit) by extension 'ignore'
[0.213s] Level 1:colcon.colcon_core.package_identification:_identify(hello_moveit) by extension 'ignore_ament_install'
[0.213s] Level 1:colcon.colcon_core.package_identification:_identify(hello_moveit) by extensions ['colcon_pkg']
[0.213s] Level 1:colcon.colcon_core.package_identification:_identify(hello_moveit) by extension 'colcon_pkg'
[0.213s] Level 1:colcon.colcon_core.package_identification:_identify(hello_moveit) by extensions ['colcon_meta']
[0.213s] Level 1:colcon.colcon_core.package_identification:_identify(hello_moveit) by extension 'colcon_meta'
[0.213s] Level 1:colcon.colcon_core.package_identification:_identify(hello_moveit) by extensions ['ros']
[0.213s] Level 1:colcon.colcon_core.package_identification:_identify(hello_moveit) by extension 'ros'
[0.215s] DEBUG:colcon.colcon_core.package_identification:Package 'hello_moveit' with type 'ros.ament_cmake' and name 'hello_moveit'
[0.215s] Level 1:colcon.colcon_core.package_identification:_identify(install) by extensions ['ignore', 'ignore_ament_install']
[0.215s] Level 1:colcon.colcon_core.package_identification:_identify(install) by extension 'ignore'
[0.215s] Level 1:colcon.colcon_core.package_identification:_identify(install) ignored
[0.216s] Level 1:colcon.colcon_core.package_identification:_identify(log) by extensions ['ignore', 'ignore_ament_install']
[0.216s] Level 1:colcon.colcon_core.package_identification:_identify(log) by extension 'ignore'
[0.216s] Level 1:colcon.colcon_core.package_identification:_identify(log) ignored
[0.216s] Level 1:colcon.colcon_core.package_identification:_identify(spot_description) by extensions ['ignore', 'ignore_ament_install']
[0.216s] Level 1:colcon.colcon_core.package_identification:_identify(spot_description) by extension 'ignore'
[0.216s] Level 1:colcon.colcon_core.package_identification:_identify(spot_description) by extension 'ignore_ament_install'
[0.216s] Level 1:colcon.colcon_core.package_identification:_identify(spot_description) by extensions ['colcon_pkg']
[0.216s] Level 1:colcon.colcon_core.package_identification:_identify(spot_description) by extension 'colcon_pkg'
[0.216s] Level 1:colcon.colcon_core.package_identification:_identify(spot_description) by extensions ['colcon_meta']
[0.216s] Level 1:colcon.colcon_core.package_identification:_identify(spot_description) by extension 'colcon_meta'
[0.216s] Level 1:colcon.colcon_core.package_identification:_identify(spot_description) by extensions ['ros']
[0.216s] Level 1:colcon.colcon_core.package_identification:_identify(spot_description) by extension 'ros'
[0.217s] DEBUG:colcon.colcon_core.package_identification:Package 'spot_description' with type 'ros.ament_cmake' and name 'spot_description'
[0.217s] Level 1:colcon.colcon_core.package_identification:_identify(spot_moveit_config) by extensions ['ignore', 'ignore_ament_install']
[0.217s] Level 1:colcon.colcon_core.package_identification:_identify(spot_moveit_config) by extension 'ignore'
[0.217s] Level 1:colcon.colcon_core.package_identification:_identify(spot_moveit_config) by extension 'ignore_ament_install'
[0.217s] Level 1:colcon.colcon_core.package_identification:_identify(spot_moveit_config) by extensions ['colcon_pkg']
[0.217s] Level 1:colcon.colcon_core.package_identification:_identify(spot_moveit_config) by extension 'colcon_pkg'
[0.217s] Level 1:colcon.colcon_core.package_identification:_identify(spot_moveit_config) by extensions ['colcon_meta']
[0.217s] Level 1:colcon.colcon_core.package_identification:_identify(spot_moveit_config) by extension 'colcon_meta'
[0.218s] Level 1:colcon.colcon_core.package_identification:_identify(spot_moveit_config) by extensions ['ros']
[0.218s] Level 1:colcon.colcon_core.package_identification:_identify(spot_moveit_config) by extension 'ros'
[0.218s] DEBUG:colcon.colcon_core.package_identification:Package 'spot_moveit_config' with type 'ros.ament_cmake' and name 'spot_moveit_config'
[0.218s] Level 1:colcon.colcon_core.package_discovery:discover_packages(recursive) using defaults
[0.218s] Level 1:colcon.colcon_core.package_discovery:discover_packages(ignore) discover
[0.218s] Level 1:colcon.colcon_core.package_discovery:discover_packages(ignore) using defaults
[0.218s] Level 1:colcon.colcon_core.package_discovery:discover_packages(path) discover
[0.218s] Level 1:colcon.colcon_core.package_discovery:discover_packages(path) using defaults
[0.233s] Level 5:colcon.colcon_core.verb:set package 'hello_moveit' build argument 'cmake_args' from command line to 'None'
[0.233s] Level 5:colcon.colcon_core.verb:set package 'hello_moveit' build argument 'cmake_target' from command line to 'None'
[0.233s] Level 5:colcon.colcon_core.verb:set package 'hello_moveit' build argument 'cmake_target_skip_unavailable' from command line to 'False'
[0.233s] Level 5:colcon.colcon_core.verb:set package 'hello_moveit' build argument 'cmake_clean_cache' from command line to 'False'
[0.233s] Level 5:colcon.colcon_core.verb:set package 'hello_moveit' build argument 'cmake_clean_first' from command line to 'False'
[0.233s] Level 5:colcon.colcon_core.verb:set package 'hello_moveit' build argument 'cmake_force_configure' from command line to 'False'
[0.233s] Level 5:colcon.colcon_core.verb:set package 'hello_moveit' build argument 'ament_cmake_args' from command line to 'None'
[0.233s] Level 5:colcon.colcon_core.verb:set package 'hello_moveit' build argument 'catkin_cmake_args' from command line to 'None'
[0.233s] Level 5:colcon.colcon_core.verb:set package 'hello_moveit' build argument 'catkin_skip_building_tests' from command line to 'False'
[0.234s] DEBUG:colcon.colcon_core.verb:Building package 'hello_moveit' with the following arguments: {'ament_cmake_args': None, 'build_base': '/home/developer/SPWAR_ws/src/build/hello_moveit', 'catkin_cmake_args': None, 'catkin_skip_building_tests': False, 'cmake_args': None, 'cmake_clean_cache': False, 'cmake_clean_first': False, 'cmake_force_configure': False, 'cmake_target': None, 'cmake_target_skip_unavailable': False, 'install_base': '/home/developer/SPWAR_ws/src/install/hello_moveit', 'merge_install': False, 'path': '/home/developer/SPWAR_ws/src/hello_moveit', 'symlink_install': False, 'test_result_base': None}
[0.234s] Level 5:colcon.colcon_core.verb:set package 'spot_description' build argument 'cmake_args' from command line to 'None'
[0.234s] Level 5:colcon.colcon_core.verb:set package 'spot_description' build argument 'cmake_target' from command line to 'None'
[0.234s] Level 5:colcon.colcon_core.verb:set package 'spot_description' build argument 'cmake_target_skip_unavailable' from command line to 'False'
[0.234s] Level 5:colcon.colcon_core.verb:set package 'spot_description' build argument 'cmake_clean_cache' from command line to 'False'
[0.234s] Level 5:colcon.colcon_core.verb:set package 'spot_description' build argument 'cmake_clean_first' from command line to 'False'
[0.234s] Level 5:colcon.colcon_core.verb:set package 'spot_description' build argument 'cmake_force_configure' from command line to 'False'
[0.234s] Level 5:colcon.colcon_core.verb:set package 'spot_description' build argument 'ament_cmake_args' from command line to 'None'
[0.234s] Level 5:colcon.colcon_core.verb:set package 'spot_description' build argument 'catkin_cmake_args' from command line to 'None'
[0.234s] Level 5:colcon.colcon_core.verb:set package 'spot_description' build argument 'catkin_skip_building_tests' from command line to 'False'
[0.234s] DEBUG:colcon.colcon_core.verb:Building package 'spot_description' with the following arguments: {'ament_cmake_args': None, 'build_base': '/home/developer/SPWAR_ws/src/build/spot_description', 'catkin_cmake_args': None, 'catkin_skip_building_tests': False, 'cmake_args': None, 'cmake_clean_cache': False, 'cmake_clean_first': False, 'cmake_force_configure': False, 'cmake_target': None, 'cmake_target_skip_unavailable': False, 'install_base': '/home/developer/SPWAR_ws/src/install/spot_description', 'merge_install': False, 'path': '/home/developer/SPWAR_ws/src/spot_description', 'symlink_install': False, 'test_result_base': None}
[0.234s] Level 5:colcon.colcon_core.verb:set package 'spot_moveit_config' build argument 'cmake_args' from command line to 'None'
[0.234s] Level 5:colcon.colcon_core.verb:set package 'spot_moveit_config' build argument 'cmake_target' from command line to 'None'
[0.234s] Level 5:colcon.colcon_core.verb:set package 'spot_moveit_config' build argument 'cmake_target_skip_unavailable' from command line to 'False'
[0.234s] Level 5:colcon.colcon_core.verb:set package 'spot_moveit_config' build argument 'cmake_clean_cache' from command line to 'False'
[0.234s] Level 5:colcon.colcon_core.verb:set package 'spot_moveit_config' build argument 'cmake_clean_first' from command line to 'False'
[0.234s] Level 5:colcon.colcon_core.verb:set package 'spot_moveit_config' build argument 'cmake_force_configure' from command line to 'False'
[0.234s] Level 5:colcon.colcon_core.verb:set package 'spot_moveit_config' build argument 'ament_cmake_args' from command line to 'None'
[0.234s] Level 5:colcon.colcon_core.verb:set package 'spot_moveit_config' build argument 'catkin_cmake_args' from command line to 'None'
[0.234s] Level 5:colcon.colcon_core.verb:set package 'spot_moveit_config' build argument 'catkin_skip_building_tests' from command line to 'False'
[0.234s] DEBUG:colcon.colcon_core.verb:Building package 'spot_moveit_config' with the following arguments: {'ament_cmake_args': None, 'build_base': '/home/developer/SPWAR_ws/src/build/spot_moveit_config', 'catkin_cmake_args': None, 'catkin_skip_building_tests': False, 'cmake_args': None, 'cmake_clean_cache': False, 'cmake_clean_first': False, 'cmake_force_configure': False, 'cmake_target': None, 'cmake_target_skip_unavailable': False, 'install_base': '/home/developer/SPWAR_ws/src/install/spot_moveit_config', 'merge_install': False, 'path': '/home/developer/SPWAR_ws/src/spot_moveit_config', 'symlink_install': False, 'test_result_base': None}
[0.235s] INFO:colcon.colcon_core.executor:Executing jobs using 'parallel' executor
[0.235s] DEBUG:colcon.colcon_parallel_executor.executor.parallel:run_until_complete
[0.236s] INFO:colcon.colcon_ros.task.ament_cmake.build:Building ROS package in '/home/developer/SPWAR_ws/src/spot_description' with build type 'ament_cmake'
[0.236s] INFO:colcon.colcon_cmake.task.cmake.build:Building CMake package in '/home/developer/SPWAR_ws/src/spot_description'
[0.238s] INFO:colcon.colcon_core.plugin_system:Skipping extension 'colcon_core.shell.bat': Not used on non-Windows systems
[0.238s] INFO:colcon.colcon_core.shell:Skip shell extension 'powershell' for command environment: Not usable outside of PowerShell
[0.238s] DEBUG:colcon.colcon_core.shell:Skip shell extension 'dsv' for command environment
[0.243s] INFO:colcon.colcon_ros.task.ament_cmake.build:Building ROS package in '/home/developer/SPWAR_ws/src/hello_moveit' with build type 'ament_cmake'
[0.243s] INFO:colcon.colcon_cmake.task.cmake.build:Building CMake package in '/home/developer/SPWAR_ws/src/hello_moveit'
[0.244s] INFO:colcon.colcon_core.shell:Skip shell extension 'powershell' for command environment: Not usable outside of PowerShell
[0.244s] DEBUG:colcon.colcon_core.shell:Skip shell extension 'dsv' for command environment
[0.252s] DEBUG:colcon.colcon_core.event_handler.log_command:Invoking command in '/home/developer/SPWAR_ws/src/build/spot_description': CMAKE_PREFIX_PATH=${CMAKE_PREFIX_PATH}:/opt/ros/humble /usr/bin/cmake --build /home/developer/SPWAR_ws/src/build/spot_description -- -j16 -l16
[0.255s] DEBUG:colcon.colcon_core.event_handler.log_command:Invoking command in '/home/developer/SPWAR_ws/src/build/hello_moveit': CMAKE_PREFIX_PATH=${CMAKE_PREFIX_PATH}:/opt/ros/humble /usr/bin/cmake --build /home/developer/SPWAR_ws/src/build/hello_moveit -- -j16 -l16
[0.292s] DEBUG:colcon.colcon_core.event_handler.log_command:Invoked command in '/home/developer/SPWAR_ws/src/build/spot_description' returned '0': CMAKE_PREFIX_PATH=${CMAKE_PREFIX_PATH}:/opt/ros/humble /usr/bin/cmake --build /home/developer/SPWAR_ws/src/build/spot_description -- -j16 -l16
[0.324s] DEBUG:colcon.colcon_core.event_handler.log_command:Invoking command in '/home/developer/SPWAR_ws/src/build/spot_description': CMAKE_PREFIX_PATH=${CMAKE_PREFIX_PATH}:/opt/ros/humble /usr/bin/cmake --install /home/developer/SPWAR_ws/src/build/spot_description
[0.334s] DEBUG:colcon.colcon_core.event_handler.log_command:Invoked command in '/home/developer/SPWAR_ws/src/build/hello_moveit' returned '0': CMAKE_PREFIX_PATH=${CMAKE_PREFIX_PATH}:/opt/ros/humble /usr/bin/cmake --build /home/developer/SPWAR_ws/src/build/hello_moveit -- -j16 -l16
[0.344s] Level 1:colcon.colcon_core.environment:create_environment_scripts_only(spot_description)
[0.345s] DEBUG:colcon.colcon_core.event_handler.log_command:Invoked command in '/home/developer/SPWAR_ws/src/build/spot_description' returned '0': CMAKE_PREFIX_PATH=${CMAKE_PREFIX_PATH}:/opt/ros/humble /usr/bin/cmake --install /home/developer/SPWAR_ws/src/build/spot_description
[0.346s] Level 1:colcon.colcon_core.environment:checking '/home/developer/SPWAR_ws/src/install/spot_description' for CMake module files
[0.347s] Level 1:colcon.colcon_core.environment:checking '/home/developer/SPWAR_ws/src/install/spot_description' for CMake config files
[0.347s] Level 1:colcon.colcon_core.shell:create_environment_hook('spot_description', 'cmake_prefix_path')
[0.347s] INFO:colcon.colcon_core.shell:Creating environment hook '/home/developer/SPWAR_ws/src/install/spot_description/share/spot_description/hook/cmake_prefix_path.ps1'
[0.348s] INFO:colcon.colcon_core.shell:Creating environment descriptor '/home/developer/SPWAR_ws/src/install/spot_description/share/spot_description/hook/cmake_prefix_path.dsv'
[0.348s] INFO:colcon.colcon_core.shell:Creating environment hook '/home/developer/SPWAR_ws/src/install/spot_description/share/spot_description/hook/cmake_prefix_path.sh'
[0.349s] Level 1:colcon.colcon_core.environment:checking '/home/developer/SPWAR_ws/src/install/spot_description/bin'
[0.349s] Level 1:colcon.colcon_core.environment:checking '/home/developer/SPWAR_ws/src/install/spot_description/lib/pkgconfig/spot_description.pc'
[0.350s] Level 1:colcon.colcon_core.environment:checking '/home/developer/SPWAR_ws/src/install/spot_description/lib/python3.10/site-packages'
[0.351s] Level 1:colcon.colcon_core.environment:checking '/home/developer/SPWAR_ws/src/install/spot_description/bin'
[0.351s] INFO:colcon.colcon_core.shell:Creating package script '/home/developer/SPWAR_ws/src/install/spot_description/share/spot_description/package.ps1'
[0.351s] INFO:colcon.colcon_core.shell:Creating package descriptor '/home/developer/SPWAR_ws/src/install/spot_description/share/spot_description/package.dsv'
[0.352s] INFO:colcon.colcon_core.shell:Creating package script '/home/developer/SPWAR_ws/src/install/spot_description/share/spot_description/package.sh'
[0.353s] INFO:colcon.colcon_core.shell:Creating package script '/home/developer/SPWAR_ws/src/install/spot_description/share/spot_description/package.bash'
[0.353s] INFO:colcon.colcon_core.shell:Creating package script '/home/developer/SPWAR_ws/src/install/spot_description/share/spot_description/package.zsh'
[0.354s] Level 1:colcon.colcon_core.environment:create_file_with_runtime_dependencies(/home/developer/SPWAR_ws/src/install/spot_description/share/colcon-core/packages/spot_description)
[0.360s] DEBUG:colcon.colcon_core.event_handler.log_command:Invoking command in '/home/developer/SPWAR_ws/src/build/hello_moveit': CMAKE_PREFIX_PATH=${CMAKE_PREFIX_PATH}:/opt/ros/humble /usr/bin/cmake --install /home/developer/SPWAR_ws/src/build/hello_moveit
[0.377s] Level 1:colcon.colcon_core.environment:create_environment_scripts_only(spot_description)
[0.377s] Level 1:colcon.colcon_core.environment:checking '/home/developer/SPWAR_ws/src/install/spot_description' for CMake module files
[0.378s] Level 1:colcon.colcon_core.environment:checking '/home/developer/SPWAR_ws/src/install/spot_description' for CMake config files
[0.378s] Level 1:colcon.colcon_core.shell:create_environment_hook('spot_description', 'cmake_prefix_path')
[0.378s] INFO:colcon.colcon_core.shell:Creating environment hook '/home/developer/SPWAR_ws/src/install/spot_description/share/spot_description/hook/cmake_prefix_path.ps1'
[0.379s] INFO:colcon.colcon_core.shell:Creating environment descriptor '/home/developer/SPWAR_ws/src/install/spot_description/share/spot_description/hook/cmake_prefix_path.dsv'
[0.379s] INFO:colcon.colcon_core.shell:Creating environment hook '/home/developer/SPWAR_ws/src/install/spot_description/share/spot_description/hook/cmake_prefix_path.sh'
[0.380s] Level 1:colcon.colcon_core.environment:checking '/home/developer/SPWAR_ws/src/install/spot_description/bin'
[0.380s] Level 1:colcon.colcon_core.environment:checking '/home/developer/SPWAR_ws/src/install/spot_description/lib/pkgconfig/spot_description.pc'
[0.380s] Level 1:colcon.colcon_core.environment:checking '/home/developer/SPWAR_ws/src/install/spot_description/lib/python3.10/site-packages'
[0.380s] Level 1:colcon.colcon_core.environment:checking '/home/developer/SPWAR_ws/src/install/spot_description/bin'
[0.380s] INFO:colcon.colcon_core.shell:Creating package script '/home/developer/SPWAR_ws/src/install/spot_description/share/spot_description/package.ps1'
[0.381s] INFO:colcon.colcon_core.shell:Creating package descriptor '/home/developer/SPWAR_ws/src/install/spot_description/share/spot_description/package.dsv'
[0.381s] INFO:colcon.colcon_core.shell:Creating package script '/home/developer/SPWAR_ws/src/install/spot_description/share/spot_description/package.sh'
[0.381s] INFO:colcon.colcon_core.shell:Creating package script '/home/developer/SPWAR_ws/src/install/spot_description/share/spot_description/package.bash'
[0.382s] INFO:colcon.colcon_core.shell:Creating package script '/home/developer/SPWAR_ws/src/install/spot_description/share/spot_description/package.zsh'
[0.382s] Level 1:colcon.colcon_core.environment:create_file_with_runtime_dependencies(/home/developer/SPWAR_ws/src/install/spot_description/share/colcon-core/packages/spot_description)
[0.382s] INFO:colcon.colcon_ros.task.ament_cmake.build:Building ROS package in '/home/developer/SPWAR_ws/src/spot_moveit_config' with build type 'ament_cmake'
[0.383s] INFO:colcon.colcon_cmake.task.cmake.build:Building CMake package in '/home/developer/SPWAR_ws/src/spot_moveit_config'
[0.383s] INFO:colcon.colcon_core.shell:Skip shell extension 'powershell' for command environment: Not usable outside of PowerShell
[0.383s] DEBUG:colcon.colcon_core.shell:Skip shell extension 'dsv' for command environment
[0.388s] Level 1:colcon.colcon_core.environment:create_environment_scripts_only(hello_moveit)
[0.388s] Level 1:colcon.colcon_core.environment:checking '/home/developer/SPWAR_ws/src/install/hello_moveit' for CMake module files
[0.389s] DEBUG:colcon.colcon_core.event_handler.log_command:Invoked command in '/home/developer/SPWAR_ws/src/build/hello_moveit' returned '0': CMAKE_PREFIX_PATH=${CMAKE_PREFIX_PATH}:/opt/ros/humble /usr/bin/cmake --install /home/developer/SPWAR_ws/src/build/hello_moveit
[0.389s] Level 1:colcon.colcon_core.environment:checking '/home/developer/SPWAR_ws/src/install/hello_moveit' for CMake config files
[0.389s] Level 1:colcon.colcon_core.shell:create_environment_hook('hello_moveit', 'cmake_prefix_path')
[0.389s] INFO:colcon.colcon_core.shell:Creating environment hook '/home/developer/SPWAR_ws/src/install/hello_moveit/share/hello_moveit/hook/cmake_prefix_path.ps1'
[0.390s] INFO:colcon.colcon_core.shell:Creating environment descriptor '/home/developer/SPWAR_ws/src/install/hello_moveit/share/hello_moveit/hook/cmake_prefix_path.dsv'
[0.390s] INFO:colcon.colcon_core.shell:Creating environment hook '/home/developer/SPWAR_ws/src/install/hello_moveit/share/hello_moveit/hook/cmake_prefix_path.sh'
[0.391s] Level 1:colcon.colcon_core.environment:checking '/home/developer/SPWAR_ws/src/install/hello_moveit/lib'
[0.391s] Level 1:colcon.colcon_core.environment:checking '/home/developer/SPWAR_ws/src/install/hello_moveit/bin'
[0.391s] Level 1:colcon.colcon_core.environment:checking '/home/developer/SPWAR_ws/src/install/hello_moveit/lib/pkgconfig/hello_moveit.pc'
[0.391s] Level 1:colcon.colcon_core.environment:checking '/home/developer/SPWAR_ws/src/install/hello_moveit/lib/python3.10/site-packages'
[0.391s] Level 1:colcon.colcon_core.environment:checking '/home/developer/SPWAR_ws/src/install/hello_moveit/bin'
[0.392s] INFO:colcon.colcon_core.shell:Creating package script '/home/developer/SPWAR_ws/src/install/hello_moveit/share/hello_moveit/package.ps1'
[0.392s] INFO:colcon.colcon_core.shell:Creating package descriptor '/home/developer/SPWAR_ws/src/install/hello_moveit/share/hello_moveit/package.dsv'
[0.392s] INFO:colcon.colcon_core.shell:Creating package script '/home/developer/SPWAR_ws/src/install/hello_moveit/share/hello_moveit/package.sh'
[0.393s] INFO:colcon.colcon_core.shell:Creating package script '/home/developer/SPWAR_ws/src/install/hello_moveit/share/hello_moveit/package.bash'
[0.393s] INFO:colcon.colcon_core.shell:Creating package script '/home/developer/SPWAR_ws/src/install/hello_moveit/share/hello_moveit/package.zsh'
[0.393s] Level 1:colcon.colcon_core.environment:create_file_with_runtime_dependencies(/home/developer/SPWAR_ws/src/install/hello_moveit/share/colcon-core/packages/hello_moveit)
[0.397s] DEBUG:colcon.colcon_core.event_handler.log_command:Invoking command in '/home/developer/SPWAR_ws/src/build/spot_moveit_config': CMAKE_PREFIX_PATH=/home/developer/SPWAR_ws/src/install/spot_description:/home/developer/SPWAR_ws/install/hello_moveit:/home/developer/SPWAR_ws/src/install/spot_moveit_config:/home/developer/SPWAR_ws/src/install/hello_moveit:/home/developer/SPWAR_ws/install/spot_moveit_config:/home/developer/SPWAR_ws/install/spot_description:/opt/ros/humble /usr/bin/cmake --build /home/developer/SPWAR_ws/src/build/spot_moveit_config -- -j16 -l16
[0.420s] Level 1:colcon.colcon_core.environment:create_environment_scripts_only(hello_moveit)
[0.420s] Level 1:colcon.colcon_core.environment:checking '/home/developer/SPWAR_ws/src/install/hello_moveit' for CMake module files
[0.421s] Level 1:colcon.colcon_core.environment:checking '/home/developer/SPWAR_ws/src/install/hello_moveit' for CMake config files
[0.421s] Level 1:colcon.colcon_core.shell:create_environment_hook('hello_moveit', 'cmake_prefix_path')
[0.421s] INFO:colcon.colcon_core.shell:Creating environment hook '/home/developer/SPWAR_ws/src/install/hello_moveit/share/hello_moveit/hook/cmake_prefix_path.ps1'
[0.422s] INFO:colcon.colcon_core.shell:Creating environment descriptor '/home/developer/SPWAR_ws/src/install/hello_moveit/share/hello_moveit/hook/cmake_prefix_path.dsv'
[0.422s] INFO:colcon.colcon_core.shell:Creating environment hook '/home/developer/SPWAR_ws/src/install/hello_moveit/share/hello_moveit/hook/cmake_prefix_path.sh'
[0.423s] Level 1:colcon.colcon_core.environment:checking '/home/developer/SPWAR_ws/src/install/hello_moveit/lib'
[0.423s] Level 1:colcon.colcon_core.environment:checking '/home/developer/SPWAR_ws/src/install/hello_moveit/bin'
[0.423s] Level 1:colcon.colcon_core.environment:checking '/home/developer/SPWAR_ws/src/install/hello_moveit/lib/pkgconfig/hello_moveit.pc'
[0.423s] Level 1:colcon.colcon_core.environment:checking '/home/developer/SPWAR_ws/src/install/hello_moveit/lib/python3.10/site-packages'
[0.423s] Level 1:colcon.colcon_core.environment:checking '/home/developer/SPWAR_ws/src/install/hello_moveit/bin'
[0.423s] INFO:colcon.colcon_core.shell:Creating package script '/home/developer/SPWAR_ws/src/install/hello_moveit/share/hello_moveit/package.ps1'
[0.424s] INFO:colcon.colcon_core.shell:Creating package descriptor '/home/developer/SPWAR_ws/src/install/hello_moveit/share/hello_moveit/package.dsv'
[0.424s] INFO:colcon.colcon_core.shell:Creating package script '/home/developer/SPWAR_ws/src/install/hello_moveit/share/hello_moveit/package.sh'
[0.425s] INFO:colcon.colcon_core.shell:Creating package script '/home/developer/SPWAR_ws/src/install/hello_moveit/share/hello_moveit/package.bash'
[0.425s] INFO:colcon.colcon_core.shell:Creating package script '/home/developer/SPWAR_ws/src/install/hello_moveit/share/hello_moveit/package.zsh'
[0.425s] Level 1:colcon.colcon_core.environment:create_file_with_runtime_dependencies(/home/developer/SPWAR_ws/src/install/hello_moveit/share/colcon-core/packages/hello_moveit)
[0.434s] DEBUG:colcon.colcon_core.event_handler.log_command:Invoked command in '/home/developer/SPWAR_ws/src/build/spot_moveit_config' returned '0': CMAKE_PREFIX_PATH=/home/developer/SPWAR_ws/src/install/spot_description:/home/developer/SPWAR_ws/install/hello_moveit:/home/developer/SPWAR_ws/src/install/spot_moveit_config:/home/developer/SPWAR_ws/src/install/hello_moveit:/home/developer/SPWAR_ws/install/spot_moveit_config:/home/developer/SPWAR_ws/install/spot_description:/opt/ros/humble /usr/bin/cmake --build /home/developer/SPWAR_ws/src/build/spot_moveit_config -- -j16 -l16
[0.458s] DEBUG:colcon.colcon_core.event_handler.log_command:Invoking command in '/home/developer/SPWAR_ws/src/build/spot_moveit_config': CMAKE_PREFIX_PATH=/home/developer/SPWAR_ws/src/install/spot_description:/home/developer/SPWAR_ws/install/hello_moveit:/home/developer/SPWAR_ws/src/install/spot_moveit_config:/home/developer/SPWAR_ws/src/install/hello_moveit:/home/developer/SPWAR_ws/install/spot_moveit_config:/home/developer/SPWAR_ws/install/spot_description:/opt/ros/humble /usr/bin/cmake --install /home/developer/SPWAR_ws/src/build/spot_moveit_config
[0.479s] Level 1:colcon.colcon_core.environment:create_environment_scripts_only(spot_moveit_config)
[0.479s] Level 1:colcon.colcon_core.environment:checking '/home/developer/SPWAR_ws/src/install/spot_moveit_config' for CMake module files
[0.479s] DEBUG:colcon.colcon_core.event_handler.log_command:Invoked command in '/home/developer/SPWAR_ws/src/build/spot_moveit_config' returned '0': CMAKE_PREFIX_PATH=/home/developer/SPWAR_ws/src/install/spot_description:/home/developer/SPWAR_ws/install/hello_moveit:/home/developer/SPWAR_ws/src/install/spot_moveit_config:/home/developer/SPWAR_ws/src/install/hello_moveit:/home/developer/SPWAR_ws/install/spot_moveit_config:/home/developer/SPWAR_ws/install/spot_description:/opt/ros/humble /usr/bin/cmake --install /home/developer/SPWAR_ws/src/build/spot_moveit_config
[0.480s] Level 1:colcon.colcon_core.environment:checking '/home/developer/SPWAR_ws/src/install/spot_moveit_config' for CMake config files
[0.480s] Level 1:colcon.colcon_core.shell:create_environment_hook('spot_moveit_config', 'cmake_prefix_path')
[0.480s] INFO:colcon.colcon_core.shell:Creating environment hook '/home/developer/SPWAR_ws/src/install/spot_moveit_config/share/spot_moveit_config/hook/cmake_prefix_path.ps1'
[0.481s] INFO:colcon.colcon_core.shell:Creating environment descriptor '/home/developer/SPWAR_ws/src/install/spot_moveit_config/share/spot_moveit_config/hook/cmake_prefix_path.dsv'
[0.481s] INFO:colcon.colcon_core.shell:Creating environment hook '/home/developer/SPWAR_ws/src/install/spot_moveit_config/share/spot_moveit_config/hook/cmake_prefix_path.sh'
[0.481s] Level 1:colcon.colcon_core.environment:checking '/home/developer/SPWAR_ws/src/install/spot_moveit_config/bin'
[0.481s] Level 1:colcon.colcon_core.environment:checking '/home/developer/SPWAR_ws/src/install/spot_moveit_config/lib/pkgconfig/spot_moveit_config.pc'
[0.482s] Level 1:colcon.colcon_core.environment:checking '/home/developer/SPWAR_ws/src/install/spot_moveit_config/lib/python3.10/site-packages'
[0.482s] Level 1:colcon.colcon_core.environment:checking '/home/developer/SPWAR_ws/src/install/spot_moveit_config/bin'
[0.482s] INFO:colcon.colcon_core.shell:Creating package script '/home/developer/SPWAR_ws/src/install/spot_moveit_config/share/spot_moveit_config/package.ps1'
[0.482s] INFO:colcon.colcon_core.shell:Creating package descriptor '/home/developer/SPWAR_ws/src/install/spot_moveit_config/share/spot_moveit_config/package.dsv'
[0.483s] INFO:colcon.colcon_core.shell:Creating package script '/home/developer/SPWAR_ws/src/install/spot_moveit_config/share/spot_moveit_config/package.sh'
[0.483s] INFO:colcon.colcon_core.shell:Creating package script '/home/developer/SPWAR_ws/src/install/spot_moveit_config/share/spot_moveit_config/package.bash'
[0.483s] INFO:colcon.colcon_core.shell:Creating package script '/home/developer/SPWAR_ws/src/install/spot_moveit_config/share/spot_moveit_config/package.zsh'
[0.484s] Level 1:colcon.colcon_core.environment:create_file_with_runtime_dependencies(/home/developer/SPWAR_ws/src/install/spot_moveit_config/share/colcon-core/packages/spot_moveit_config)
[0.506s] Level 1:colcon.colcon_core.environment:create_environment_scripts_only(spot_moveit_config)
[0.506s] Level 1:colcon.colcon_core.environment:checking '/home/developer/SPWAR_ws/src/install/spot_moveit_config' for CMake module files
[0.507s] Level 1:colcon.colcon_core.environment:checking '/home/developer/SPWAR_ws/src/install/spot_moveit_config' for CMake config files
[0.507s] Level 1:colcon.colcon_core.shell:create_environment_hook('spot_moveit_config', 'cmake_prefix_path')
[0.507s] INFO:colcon.colcon_core.shell:Creating environment hook '/home/developer/SPWAR_ws/src/install/spot_moveit_config/share/spot_moveit_config/hook/cmake_prefix_path.ps1'
[0.507s] INFO:colcon.colcon_core.shell:Creating environment descriptor '/home/developer/SPWAR_ws/src/install/spot_moveit_config/share/spot_moveit_config/hook/cmake_prefix_path.dsv'
[0.508s] INFO:colcon.colcon_core.shell:Creating environment hook '/home/developer/SPWAR_ws/src/install/spot_moveit_config/share/spot_moveit_config/hook/cmake_prefix_path.sh'
[0.508s] Level 1:colcon.colcon_core.environment:checking '/home/developer/SPWAR_ws/src/install/spot_moveit_config/bin'
[0.508s] Level 1:colcon.colcon_core.environment:checking '/home/developer/SPWAR_ws/src/install/spot_moveit_config/lib/pkgconfig/spot_moveit_config.pc'
[0.509s] Level 1:colcon.colcon_core.environment:checking '/home/developer/SPWAR_ws/src/install/spot_moveit_config/lib/python3.10/site-packages'
[0.509s] Level 1:colcon.colcon_core.environment:checking '/home/developer/SPWAR_ws/src/install/spot_moveit_config/bin'
[0.509s] INFO:colcon.colcon_core.shell:Creating package script '/home/developer/SPWAR_ws/src/install/spot_moveit_config/share/spot_moveit_config/package.ps1'
[0.509s] INFO:colcon.colcon_core.shell:Creating package descriptor '/home/developer/SPWAR_ws/src/install/spot_moveit_config/share/spot_moveit_config/package.dsv'
[0.510s] INFO:colcon.colcon_core.shell:Creating package script '/home/developer/SPWAR_ws/src/install/spot_moveit_config/share/spot_moveit_config/package.sh'
[0.510s] INFO:colcon.colcon_core.shell:Creating package script '/home/developer/SPWAR_ws/src/install/spot_moveit_config/share/spot_moveit_config/package.bash'
[0.510s] INFO:colcon.colcon_core.shell:Creating package script '/home/developer/SPWAR_ws/src/install/spot_moveit_config/share/spot_moveit_config/package.zsh'
[0.511s] Level 1:colcon.colcon_core.environment:create_file_with_runtime_dependencies(/home/developer/SPWAR_ws/src/install/spot_moveit_config/share/colcon-core/packages/spot_moveit_config)
[0.511s] DEBUG:colcon.colcon_parallel_executor.executor.parallel:closing loop
[0.511s] DEBUG:colcon.colcon_parallel_executor.executor.parallel:loop closed
[0.511s] DEBUG:colcon.colcon_parallel_executor.executor.parallel:run_until_complete finished with '0'
[0.511s] DEBUG:colcon.colcon_core.event_reactor:joining thread
[0.516s] INFO:colcon.colcon_core.plugin_system:Skipping extension 'colcon_notification.desktop_notification.notify_send': Could not find 'notify-send'
[0.516s] INFO:colcon.colcon_core.plugin_system:Skipping extension 'colcon_notification.desktop_notification.terminal_notifier': Not used on non-Darwin systems
[0.516s] INFO:colcon.colcon_core.plugin_system:Skipping extension 'colcon_notification.desktop_notification.win32': Not used on non-Windows systems
[0.516s] INFO:colcon.colcon_notification.desktop_notification:Sending desktop notification using 'notify2'
[0.518s] DEBUG:colcon.colcon_notification.desktop_notification.notify2:Failed to initialize notify2: org.freedesktop.DBus.Error.Spawn.ExecFailed: /usr/bin/dbus-launch terminated abnormally without any error message
[0.518s] DEBUG:colcon.colcon_core.event_reactor:joined thread
[0.519s] INFO:colcon.colcon_core.shell:Creating prefix script '/home/developer/SPWAR_ws/src/install/local_setup.ps1'
[0.520s] INFO:colcon.colcon_core.shell:Creating prefix util module '/home/developer/SPWAR_ws/src/install/_local_setup_util_ps1.py'
[0.522s] INFO:colcon.colcon_core.shell:Creating prefix chain script '/home/developer/SPWAR_ws/src/install/setup.ps1'
[0.523s] INFO:colcon.colcon_core.shell:Creating prefix script '/home/developer/SPWAR_ws/src/install/local_setup.sh'
[0.523s] INFO:colcon.colcon_core.shell:Creating prefix util module '/home/developer/SPWAR_ws/src/install/_local_setup_util_sh.py'
[0.524s] INFO:colcon.colcon_core.shell:Creating prefix chain script '/home/developer/SPWAR_ws/src/install/setup.sh'
[0.525s] INFO:colcon.colcon_core.shell:Creating prefix script '/home/developer/SPWAR_ws/src/install/local_setup.bash'
[0.525s] INFO:colcon.colcon_core.shell:Creating prefix chain script '/home/developer/SPWAR_ws/src/install/setup.bash'
[0.526s] INFO:colcon.colcon_core.shell:Creating prefix script '/home/developer/SPWAR_ws/src/install/local_setup.zsh'
[0.526s] INFO:colcon.colcon_core.shell:Creating prefix chain script '/home/developer/SPWAR_ws/src/install/setup.zsh'
