[0.013s] Invoking command in '/home/developer/SPWAR_ws/src/build/hello_moveit': CMAKE_PREFIX_PATH=${CMAKE_PREFIX_PATH}:/opt/ros/humble /usr/bin/cmake /home/developer/SPWAR_ws/src/hello_moveit -DCMAKE_INSTALL_PREFIX=/home/developer/SPWAR_ws/src/install/hello_moveit
[0.063s] -- Found ament_cmake: 1.3.10 (/opt/ros/humble/share/ament_cmake/cmake)
[0.174s] -- Override CMake install command with custom implementation using symlinks instead of copying resources
[0.188s] -- Found moveit_ros_planning_interface: 2.5.7 (/opt/ros/humble/share/moveit_ros_planning_interface/cmake)
[0.205s] -- Found Boost: /usr/lib/x86_64-linux-gnu/cmake/Boost-1.74.0/BoostConfig.cmake (found version "1.74.0") found components: date_time filesystem program_options system thread 
[0.236s] -- Found rosidl_generator_c: 3.1.5 (/opt/ros/humble/share/rosidl_generator_c/cmake)
[0.238s] -- Found rosidl_adapter: 3.1.5 (/opt/ros/humble/share/rosidl_adapter/cmake)
[0.243s] -- Found rosidl_generator_cpp: 3.1.5 (/opt/ros/humble/share/rosidl_generator_cpp/cmake)
[0.253s] -- Using all available rosidl_typesupport_c: rosidl_typesupport_fastrtps_c;rosidl_typesupport_introspection_c
[0.266s] -- Using all available rosidl_typesupport_cpp: rosidl_typesupport_fastrtps_cpp;rosidl_typesupport_introspection_cpp
[0.459s] -- Found Boost: /usr/lib/x86_64-linux-gnu/cmake/Boost-1.74.0/BoostConfig.cmake (found version "1.74.0") found components: chrono date_time filesystem iostreams program_options regex serialization system thread 
[0.488s] -- Found parameter_traits: 0.4.0 (/opt/ros/humble/share/parameter_traits/cmake)
[0.512s] -- Found rmw_implementation_cmake: 6.1.2 (/opt/ros/humble/share/rmw_implementation_cmake/cmake)
[0.513s] -- Found rmw_fastrtps_cpp: 6.2.7 (/opt/ros/humble/share/rmw_fastrtps_cpp/cmake)
[0.634s] -- Using RMW implementation 'rmw_fastrtps_cpp' as default
[0.674s] -- Found rclcpp_lifecycle: 16.0.10 (/opt/ros/humble/share/rclcpp_lifecycle/cmake)
[0.696s] -- Found Boost: /usr/lib/x86_64-linux-gnu/cmake/Boost-1.74.0/BoostConfig.cmake (found version "1.74.0") found components: filesystem 
[0.738s] -- library: /usr/lib/x86_64-linux-gnu/libcurl.so
[0.764s] -- Ensuring Eigen3 include directory is part of orocos-kdl CMake target
[0.883s] -- Found Boost: /usr/lib/x86_64-linux-gnu/cmake/Boost-1.74.0/BoostConfig.cmake (found version "1.74.0") found components: system filesystem date_time program_options thread chrono 
[0.908s] -- Found Boost: /usr/lib/x86_64-linux-gnu/cmake/Boost-1.74.0/BoostConfig.cmake (found version "1.74.0") found components: thread system filesystem regex date_time program_options 
[0.926s] -- Found Boost: /usr/lib/x86_64-linux-gnu/cmake/Boost-1.74.0/BoostConfig.cmake (found version "1.74.0") found components: system filesystem date_time program_options thread 
[0.951s] -- Found moveit_visual_tools: 4.1.1 (/opt/ros/humble/share/moveit_visual_tools/cmake)
[1.003s] -- Setting assimp_DIR to: '/opt/ros/humble/share/rviz_assimp_vendor/cmake/../../../opt/rviz_assimp_vendor/lib/cmake/assimp-4.1'
[1.010s] -- Setting OGRE_DIR to: '/opt/ros/humble/share/rviz_ogre_vendor/cmake/../../../opt/rviz_ogre_vendor/lib/OGRE/cmake'
[1.013s] -- Found OGRE
[1.013s] --   static     : OFF
[1.013s] --   components : HLMS;MeshLodGenerator;Overlay;Paging;Property;RTShaderSystem;Terrain;Volume
[1.013s] --   plugins    : Plugin_BSPSceneManager;Plugin_OctreeSceneManager;Plugin_PCZSceneManager;Plugin_ParticleFX;RenderSystem_GL;RenderSystem_GL3Plus;Codec_STBI
[1.013s] --   media      : /opt/ros/humble/opt/rviz_ogre_vendor/share/OGRE/Media
[1.013s] -- OGRE_LIBRARIES: OgreHLMS;OgreMeshLodGenerator;OgreOverlay;OgrePaging;OgreProperty;OgreRTShaderSystem;OgreTerrain;OgreVolume;OgreMain
[1.014s] -- OGRE_LIBRARY_DIRS: /opt/ros/humble/opt/rviz_ogre_vendor/lib
[1.014s] -- OGRE_PLUGINS: Plugin_BSPSceneManager;Plugin_OctreeSceneManager;Plugin_PCZSceneManager;Plugin_ParticleFX;RenderSystem_GL;RenderSystem_GL3Plus;Codec_STBI
[1.014s] -- OGRE_PLUGIN_DIR: /opt/ros/humble/opt/rviz_ogre_vendor/lib/OGRE
[1.014s] -- rviz_ogre_vendor::OgreOverlay for IMPORTED_LOCATION_RELEASE: /opt/ros/humble/opt/rviz_ogre_vendor/lib/libOgreOverlay.so
[1.014s] -- rviz_ogre_vendor::OgreOverlay for IMPORTED_LOCATION_DEBUG: /opt/ros/humble/opt/rviz_ogre_vendor/lib/libOgreOverlay.so
[1.014s] -- rviz_ogre_vendor::OgreMain for IMPORTED_LOCATION_RELEASE: /opt/ros/humble/opt/rviz_ogre_vendor/lib/libOgreMain.so
[1.014s] -- rviz_ogre_vendor::OgreMain for IMPORTED_LOCATION_DEBUG: /opt/ros/humble/opt/rviz_ogre_vendor/lib/libOgreMain.so
[1.127s] -- Found ament_lint_auto: 0.12.11 (/opt/ros/humble/share/ament_lint_auto/cmake)
[1.194s] -- Added test 'cppcheck' to perform static code analysis on C / C++ code
[1.194s] -- Configured cppcheck include dirs: $<BUILD_INTERFACE:/home/developer/SPWAR_ws/src/hello_moveit/include>
[1.194s] -- Configured cppcheck exclude dirs and/or files: 
[1.195s] -- Added test 'lint_cmake' to check CMake code style
[1.196s] -- Added test 'uncrustify' to check C / C++ code style
[1.196s] -- Configured uncrustify additional arguments: 
[1.196s] -- Added test 'xmllint' to check XML markup files
[1.198s] -- Configuring done
[1.254s] -- Generating done
[1.257s] -- Build files have been written to: /home/developer/SPWAR_ws/src/build/hello_moveit
[1.268s] Invoked command in '/home/developer/SPWAR_ws/src/build/hello_moveit' returned '0': CMAKE_PREFIX_PATH=${CMAKE_PREFIX_PATH}:/opt/ros/humble /usr/bin/cmake /home/developer/SPWAR_ws/src/hello_moveit -DCMAKE_INSTALL_PREFIX=/home/developer/SPWAR_ws/src/install/hello_moveit
[1.270s] Invoking command in '/home/developer/SPWAR_ws/src/build/hello_moveit': CMAKE_PREFIX_PATH=${CMAKE_PREFIX_PATH}:/opt/ros/humble /usr/bin/cmake --build /home/developer/SPWAR_ws/src/build/hello_moveit -- -j16 -l16
[1.317s] [35m[1mConsolidate compiler generated dependencies of target hello_moveit[0m
[1.422s] [100%] Built target hello_moveit
[1.432s] Invoked command in '/home/developer/SPWAR_ws/src/build/hello_moveit' returned '0': CMAKE_PREFIX_PATH=${CMAKE_PREFIX_PATH}:/opt/ros/humble /usr/bin/cmake --build /home/developer/SPWAR_ws/src/build/hello_moveit -- -j16 -l16
[1.459s] Invoking command in '/home/developer/SPWAR_ws/src/build/hello_moveit': CMAKE_PREFIX_PATH=${CMAKE_PREFIX_PATH}:/opt/ros/humble /usr/bin/cmake --install /home/developer/SPWAR_ws/src/build/hello_moveit
[1.465s] -- Install configuration: ""
[1.466s] -- Execute custom install script
[1.466s] -- Up-to-date symlink: /home/developer/SPWAR_ws/src/install/hello_moveit/lib/hello_moveit/hello_moveit
[1.467s] -- Up-to-date symlink: /home/developer/SPWAR_ws/src/install/hello_moveit/share/ament_index/resource_index/package_run_dependencies/hello_moveit
[1.467s] -- Up-to-date symlink: /home/developer/SPWAR_ws/src/install/hello_moveit/share/ament_index/resource_index/parent_prefix_path/hello_moveit
[1.468s] -- Up-to-date symlink: /home/developer/SPWAR_ws/src/install/hello_moveit/share/hello_moveit/environment/ament_prefix_path.sh
[1.468s] -- Up-to-date symlink: /home/developer/SPWAR_ws/src/install/hello_moveit/share/hello_moveit/environment/ament_prefix_path.dsv
[1.468s] -- Up-to-date symlink: /home/developer/SPWAR_ws/src/install/hello_moveit/share/hello_moveit/environment/path.sh
[1.468s] -- Up-to-date symlink: /home/developer/SPWAR_ws/src/install/hello_moveit/share/hello_moveit/environment/path.dsv
[1.468s] -- Up-to-date symlink: /home/developer/SPWAR_ws/src/install/hello_moveit/share/hello_moveit/local_setup.bash
[1.469s] -- Up-to-date symlink: /home/developer/SPWAR_ws/src/install/hello_moveit/share/hello_moveit/local_setup.sh
[1.469s] -- Up-to-date symlink: /home/developer/SPWAR_ws/src/install/hello_moveit/share/hello_moveit/local_setup.zsh
[1.469s] -- Up-to-date symlink: /home/developer/SPWAR_ws/src/install/hello_moveit/share/hello_moveit/local_setup.dsv
[1.469s] -- Symlinking: /home/developer/SPWAR_ws/src/install/hello_moveit/share/hello_moveit/package.dsv
[1.478s] -- Up-to-date symlink: /home/developer/SPWAR_ws/src/install/hello_moveit/share/ament_index/resource_index/packages/hello_moveit
[1.478s] -- Up-to-date symlink: /home/developer/SPWAR_ws/src/install/hello_moveit/share/hello_moveit/cmake/hello_moveitConfig.cmake
[1.479s] -- Up-to-date symlink: /home/developer/SPWAR_ws/src/install/hello_moveit/share/hello_moveit/cmake/hello_moveitConfig-version.cmake
[1.479s] -- Up-to-date symlink: /home/developer/SPWAR_ws/src/install/hello_moveit/share/hello_moveit/package.xml
[1.481s] Invoked command in '/home/developer/SPWAR_ws/src/build/hello_moveit' returned '0': CMAKE_PREFIX_PATH=${CMAKE_PREFIX_PATH}:/opt/ros/humble /usr/bin/cmake --install /home/developer/SPWAR_ws/src/build/hello_moveit
