[0.014s] Invoking command in '/home/developer/SPWAR_ws/build/spot_description': CMAKE_PREFIX_PATH=/opt/ros/humble /usr/bin/cmake /home/developer/SPWAR_ws/src/spot_description -DCMAKE_INSTALL_PREFIX=/home/developer/SPWAR_ws/install/spot_description
[0.068s] [33mCMake Warning (dev) in CMakeLists.txt:
[0.068s]   No project() command is present.  The top-level CMakeLists.txt file must
[0.068s]   contain a literal, direct call to the project() command.  Add a line of
[0.068s]   code such as
[0.068s] 
[0.068s]     project(ProjectName)
[0.068s] 
[0.068s]   near the top of the file, but after cmake_minimum_required().
[0.068s] 
[0.068s]   CMake is pretending there is a "project(Project)" command on the first
[0.068s]   line.
[0.068s] This warning is for project developers.  Use -Wno-dev to suppress it.
[0.068s] [0m
[0.182s] -- The C compiler identification is GNU 11.4.0
[0.281s] -- The CXX compiler identification is GNU 11.4.0
[0.293s] -- Detecting C compiler ABI info
[0.388s] -- Detecting C compiler ABI info - done
[0.394s] -- Check for working C compiler: /usr/bin/cc - skipped
[0.395s] -- Detecting C compile features
[0.395s] -- Detecting C compile features - done
[0.399s] -- Detecting CXX compiler ABI info
[0.479s] -- Detecting CXX compiler ABI info - done
[0.485s] -- Check for working CXX compiler: /usr/bin/c++ - skipped
[0.486s] -- Detecting CXX compile features
[0.486s] -- Detecting CXX compile features - done
[0.487s] [31mCMake Error at CMakeLists.txt:19 (ament_package):
[0.487s]   Unknown CMake command "ament_package".
[0.487s] 
[0.487s] [0m
[0.487s] [33mCMake Warning (dev) in CMakeLists.txt:
[0.487s]   No cmake_minimum_required command is present.  A line of code such as
[0.487s] 
[0.488s]     cmake_minimum_required(VERSION 3.22)
[0.488s] 
[0.488s]   should be added at the top of the file.  The version specified may be lower
[0.488s]   if you wish to support older CMake versions for this project.  For more
[0.488s]   information run "cmake --help-policy CMP0000".
[0.488s] This warning is for project developers.  Use -Wno-dev to suppress it.
[0.488s] [0m
[0.488s] -- Configuring incomplete, errors occurred!
[0.488s] See also "/home/developer/SPWAR_ws/build/spot_description/CMakeFiles/CMakeOutput.log".
[0.491s] Invoked command in '/home/developer/SPWAR_ws/build/spot_description' returned '1': CMAKE_PREFIX_PATH=/opt/ros/humble /usr/bin/cmake /home/developer/SPWAR_ws/src/spot_description -DCMAKE_INSTALL_PREFIX=/home/developer/SPWAR_ws/install/spot_description
