[0.008s] Invoking command in '/home/developer/SPWAR_ws/build/spot_moveit_config': CMAKE_PREFIX_PATH=/home/developer/SPWAR_ws/install/spot_description:/home/developer/SPWAR_ws/install/spot_moveit_config:/opt/ros/humble /usr/bin/cmake /home/developer/SPWAR_ws/src/spot_moveit_config -DAMENT_CMAKE_SYMLINK_INSTALL=1 -DCMAKE_INSTALL_PREFIX=/home/developer/SPWAR_ws/install/spot_moveit_config
[0.020s] -- Found ament_cmake: 1.3.10 (/opt/ros/humble/share/ament_cmake/cmake)
[0.136s] -- Override CMake install command with custom implementation using symlinks instead of copying resources
[0.201s] -- Configuring done
[0.206s] -- Generating done
[0.207s] -- Build files have been written to: /home/developer/SPWAR_ws/build/spot_moveit_config
[0.211s] Invoked command in '/home/developer/SPWAR_ws/build/spot_moveit_config' returned '0': CMAKE_PREFIX_PATH=/home/developer/SPWAR_ws/install/spot_description:/home/developer/SPWAR_ws/install/spot_moveit_config:/opt/ros/humble /usr/bin/cmake /home/developer/SPWAR_ws/src/spot_moveit_config -DAMENT_CMAKE_SYMLINK_INSTALL=1 -DCMAKE_INSTALL_PREFIX=/home/developer/SPWAR_ws/install/spot_moveit_config
[0.213s] Invoking command in '/home/developer/SPWAR_ws/build/spot_moveit_config': CMAKE_PREFIX_PATH=/home/developer/SPWAR_ws/install/spot_description:/home/developer/SPWAR_ws/install/spot_moveit_config:/opt/ros/humble /usr/bin/cmake --build /home/developer/SPWAR_ws/build/spot_moveit_config -- -j16 -l16
[0.253s] Invoked command in '/home/developer/SPWAR_ws/build/spot_moveit_config' returned '0': CMAKE_PREFIX_PATH=/home/developer/SPWAR_ws/install/spot_description:/home/developer/SPWAR_ws/install/spot_moveit_config:/opt/ros/humble /usr/bin/cmake --build /home/developer/SPWAR_ws/build/spot_moveit_config -- -j16 -l16
[0.279s] Invoking command in '/home/developer/SPWAR_ws/build/spot_moveit_config': CMAKE_PREFIX_PATH=/home/developer/SPWAR_ws/install/spot_description:/home/developer/SPWAR_ws/install/spot_moveit_config:/opt/ros/humble /usr/bin/cmake --install /home/developer/SPWAR_ws/build/spot_moveit_config
[0.286s] -- Install configuration: ""
[0.287s] -- Execute custom install script
[0.287s] -- Symlinking: /home/developer/SPWAR_ws/install/spot_moveit_config/share/ament_index/resource_index/package_run_dependencies/spot_moveit_config
[0.298s] -- Symlinking: /home/developer/SPWAR_ws/install/spot_moveit_config/share/ament_index/resource_index/parent_prefix_path/spot_moveit_config
[0.306s] -- Symlinking: /home/developer/SPWAR_ws/install/spot_moveit_config/share/spot_moveit_config/environment/ament_prefix_path.sh
[0.316s] -- Symlinking: /home/developer/SPWAR_ws/install/spot_moveit_config/share/spot_moveit_config/environment/ament_prefix_path.dsv
[0.325s] -- Symlinking: /home/developer/SPWAR_ws/install/spot_moveit_config/share/spot_moveit_config/environment/path.sh
[0.334s] -- Symlinking: /home/developer/SPWAR_ws/install/spot_moveit_config/share/spot_moveit_config/environment/path.dsv
[0.344s] -- Symlinking: /home/developer/SPWAR_ws/install/spot_moveit_config/share/spot_moveit_config/local_setup.bash
[0.353s] -- Symlinking: /home/developer/SPWAR_ws/install/spot_moveit_config/share/spot_moveit_config/local_setup.sh
[0.365s] -- Symlinking: /home/developer/SPWAR_ws/install/spot_moveit_config/share/spot_moveit_config/local_setup.zsh
[0.373s] -- Symlinking: /home/developer/SPWAR_ws/install/spot_moveit_config/share/spot_moveit_config/local_setup.dsv
[0.384s] -- Symlinking: /home/developer/SPWAR_ws/install/spot_moveit_config/share/spot_moveit_config/package.dsv
[0.393s] -- Symlinking: /home/developer/SPWAR_ws/install/spot_moveit_config/share/ament_index/resource_index/packages/spot_moveit_config
[0.403s] -- Symlinking: /home/developer/SPWAR_ws/install/spot_moveit_config/share/spot_moveit_config/cmake/spot_moveit_configConfig.cmake
[0.414s] -- Symlinking: /home/developer/SPWAR_ws/install/spot_moveit_config/share/spot_moveit_config/cmake/spot_moveit_configConfig-version.cmake
[0.425s] -- Symlinking: /home/developer/SPWAR_ws/install/spot_moveit_config/share/spot_moveit_config/package.xml
[0.435s] -- Symlinking: /home/developer/SPWAR_ws/install/spot_moveit_config/share/spot_moveit_config/launch/demo.launch.py
[0.447s] -- Symlinking: /home/developer/SPWAR_ws/install/spot_moveit_config/share/spot_moveit_config/launch/move_group.launch.py
[0.457s] -- Symlinking: /home/developer/SPWAR_ws/install/spot_moveit_config/share/spot_moveit_config/launch/moveit_rviz.launch.py
[0.467s] -- Symlinking: /home/developer/SPWAR_ws/install/spot_moveit_config/share/spot_moveit_config/launch/rsp.launch.py
[0.478s] -- Symlinking: /home/developer/SPWAR_ws/install/spot_moveit_config/share/spot_moveit_config/launch/setup_assistant.launch.py
[0.488s] -- Symlinking: /home/developer/SPWAR_ws/install/spot_moveit_config/share/spot_moveit_config/launch/spawn_controllers.launch.py
[0.498s] -- Symlinking: /home/developer/SPWAR_ws/install/spot_moveit_config/share/spot_moveit_config/launch/static_virtual_joint_tfs.launch.py
[0.508s] -- Symlinking: /home/developer/SPWAR_ws/install/spot_moveit_config/share/spot_moveit_config/launch/warehouse_db.launch.py
[0.519s] -- Symlinking: /home/developer/SPWAR_ws/install/spot_moveit_config/share/spot_moveit_config/config/initial_positions.yaml
[0.529s] -- Symlinking: /home/developer/SPWAR_ws/install/spot_moveit_config/share/spot_moveit_config/config/joint_limits.yaml
[0.539s] -- Symlinking: /home/developer/SPWAR_ws/install/spot_moveit_config/share/spot_moveit_config/config/kinematics.yaml
[0.550s] -- Symlinking: /home/developer/SPWAR_ws/install/spot_moveit_config/share/spot_moveit_config/config/moveit.rviz
[0.560s] -- Symlinking: /home/developer/SPWAR_ws/install/spot_moveit_config/share/spot_moveit_config/config/moveit_controllers.yaml
[0.570s] -- Symlinking: /home/developer/SPWAR_ws/install/spot_moveit_config/share/spot_moveit_config/config/pilz_cartesian_limits.yaml
[0.582s] -- Symlinking: /home/developer/SPWAR_ws/install/spot_moveit_config/share/spot_moveit_config/config/ros2_controllers.yaml
[0.593s] -- Symlinking: /home/developer/SPWAR_ws/install/spot_moveit_config/share/spot_moveit_config/config/sensors_3d.yaml
[0.603s] -- Symlinking: /home/developer/SPWAR_ws/install/spot_moveit_config/share/spot_moveit_config/config/spot.ros2_control.xacro
[0.614s] -- Symlinking: /home/developer/SPWAR_ws/install/spot_moveit_config/share/spot_moveit_config/config/spot.srdf
[0.624s] -- Symlinking: /home/developer/SPWAR_ws/install/spot_moveit_config/share/spot_moveit_config/config/spot.urdf.xacro
[0.635s] -- Symlinking: /home/developer/SPWAR_ws/install/spot_moveit_config/share/spot_moveit_config/.setup_assistant
[0.649s] Invoked command in '/home/developer/SPWAR_ws/build/spot_moveit_config' returned '0': CMAKE_PREFIX_PATH=/home/developer/SPWAR_ws/install/spot_description:/home/developer/SPWAR_ws/install/spot_moveit_config:/opt/ros/humble /usr/bin/cmake --install /home/developer/SPWAR_ws/build/spot_moveit_config
