[0.092s] DEBUG:colcon:Command line arguments: ['/usr/bin/colcon', 'build', '--packages-select', 'spot_description']
[0.092s] DEBUG:colcon:Parsed command line arguments: Namespace(log_base=None, log_level=None, verb_name='build', build_base='build', install_base='install', merge_install=False, symlink_install=False, test_result_base=None, continue_on_error=False, executor='parallel', parallel_workers=16, event_handlers=None, ignore_user_meta=False, metas=['./colcon.meta'], base_paths=['.'], packages_ignore=None, packages_ignore_regex=None, paths=None, packages_up_to=None, packages_up_to_regex=None, packages_above=None, packages_above_and_dependencies=None, packages_above_depth=None, packages_select_by_dep=None, packages_skip_by_dep=None, packages_skip_up_to=None, packages_select_build_failed=False, packages_skip_build_finished=False, packages_select_test_failures=False, packages_skip_test_passed=False, packages_select=['spot_description'], packages_skip=None, packages_select_regex=None, packages_skip_regex=None, packages_start=None, packages_end=None, cmake_args=None, cmake_target=None, cmake_target_skip_unavailable=False, cmake_clean_cache=False, cmake_clean_first=False, cmake_force_configure=False, ament_cmake_args=None, catkin_cmake_args=None, catkin_skip_building_tests=False, mixin_files=None, mixin=None, verb_parser=<colcon_mixin.mixin.mixin_argument.MixinArgumentDecorator object at 0x71fd1b248130>, verb_extension=<colcon_core.verb.build.BuildVerb object at 0x71fd1b20bb80>, main=<bound method BuildVerb.main of <colcon_core.verb.build.BuildVerb object at 0x71fd1b20bb80>>, mixin_verb=('build',))
[0.200s] Level 1:colcon.colcon_core.package_discovery:discover_packages(colcon_meta) check parameters
[0.200s] INFO:colcon.colcon_metadata.package_discovery.colcon_meta:Using configuration from '/root/.colcon/metadata/default/Gazebo.meta'
[0.201s] INFO:colcon.colcon_metadata.package_discovery.colcon_meta:Using configuration from '/root/.colcon/metadata/default/fastrtps.meta'
[0.201s] Level 1:colcon.colcon_core.package_discovery:discover_packages(recursive) check parameters
[0.201s] Level 1:colcon.colcon_core.package_discovery:discover_packages(ignore) check parameters
[0.201s] Level 1:colcon.colcon_core.package_discovery:discover_packages(path) check parameters
[0.201s] Level 1:colcon.colcon_core.package_discovery:discover_packages(colcon_meta) discover
[0.201s] Level 1:colcon.colcon_core.package_discovery:discover_packages(recursive) discover
[0.201s] INFO:colcon.colcon_core.package_discovery:Crawling recursively for packages in '/home/developer/SPWAR_ws'
[0.201s] Level 1:colcon.colcon_core.package_identification:_identify(.) by extensions ['ignore', 'ignore_ament_install']
[0.201s] Level 1:colcon.colcon_core.package_identification:_identify(.) by extension 'ignore'
[0.201s] Level 1:colcon.colcon_core.package_identification:_identify(.) by extension 'ignore_ament_install'
[0.201s] Level 1:colcon.colcon_core.package_identification:_identify(.) by extensions ['colcon_pkg']
[0.201s] Level 1:colcon.colcon_core.package_identification:_identify(.) by extension 'colcon_pkg'
[0.201s] Level 1:colcon.colcon_core.package_identification:_identify(.) by extensions ['colcon_meta']
[0.201s] Level 1:colcon.colcon_core.package_identification:_identify(.) by extension 'colcon_meta'
[0.201s] Level 1:colcon.colcon_core.package_identification:_identify(.) by extensions ['ros']
[0.201s] Level 1:colcon.colcon_core.package_identification:_identify(.) by extension 'ros'
[0.209s] Level 1:colcon.colcon_core.package_identification:_identify(.) by extensions ['cmake', 'python']
[0.209s] Level 1:colcon.colcon_core.package_identification:_identify(.) by extension 'cmake'
[0.209s] Level 1:colcon.colcon_core.package_identification:_identify(.) by extension 'python'
[0.209s] Level 1:colcon.colcon_core.package_identification:_identify(.) by extensions ['python_setup_py']
[0.209s] Level 1:colcon.colcon_core.package_identification:_identify(.) by extension 'python_setup_py'
[0.209s] Level 1:colcon.colcon_core.package_identification:_identify(__pycache__) by extensions ['ignore', 'ignore_ament_install']
[0.210s] Level 1:colcon.colcon_core.package_identification:_identify(__pycache__) by extension 'ignore'
[0.210s] Level 1:colcon.colcon_core.package_identification:_identify(__pycache__) by extension 'ignore_ament_install'
[0.210s] Level 1:colcon.colcon_core.package_identification:_identify(__pycache__) by extensions ['colcon_pkg']
[0.210s] Level 1:colcon.colcon_core.package_identification:_identify(__pycache__) by extension 'colcon_pkg'
[0.210s] Level 1:colcon.colcon_core.package_identification:_identify(__pycache__) by extensions ['colcon_meta']
[0.210s] Level 1:colcon.colcon_core.package_identification:_identify(__pycache__) by extension 'colcon_meta'
[0.210s] Level 1:colcon.colcon_core.package_identification:_identify(__pycache__) by extensions ['ros']
[0.210s] Level 1:colcon.colcon_core.package_identification:_identify(__pycache__) by extension 'ros'
[0.210s] Level 1:colcon.colcon_core.package_identification:_identify(__pycache__) by extensions ['cmake', 'python']
[0.210s] Level 1:colcon.colcon_core.package_identification:_identify(__pycache__) by extension 'cmake'
[0.210s] Level 1:colcon.colcon_core.package_identification:_identify(__pycache__) by extension 'python'
[0.210s] Level 1:colcon.colcon_core.package_identification:_identify(__pycache__) by extensions ['python_setup_py']
[0.210s] Level 1:colcon.colcon_core.package_identification:_identify(__pycache__) by extension 'python_setup_py'
[0.210s] Level 1:colcon.colcon_core.package_identification:_identify(build) by extensions ['ignore', 'ignore_ament_install']
[0.210s] Level 1:colcon.colcon_core.package_identification:_identify(build) by extension 'ignore'
[0.210s] Level 1:colcon.colcon_core.package_identification:_identify(build) ignored
[0.210s] Level 1:colcon.colcon_core.package_identification:_identify(install) by extensions ['ignore', 'ignore_ament_install']
[0.210s] Level 1:colcon.colcon_core.package_identification:_identify(install) by extension 'ignore'
[0.210s] Level 1:colcon.colcon_core.package_identification:_identify(install) ignored
[0.210s] Level 1:colcon.colcon_core.package_identification:_identify(log) by extensions ['ignore', 'ignore_ament_install']
[0.210s] Level 1:colcon.colcon_core.package_identification:_identify(log) by extension 'ignore'
[0.210s] Level 1:colcon.colcon_core.package_identification:_identify(log) ignored
[0.211s] Level 1:colcon.colcon_core.package_identification:_identify(logs) by extensions ['ignore', 'ignore_ament_install']
[0.211s] Level 1:colcon.colcon_core.package_identification:_identify(logs) by extension 'ignore'
[0.211s] Level 1:colcon.colcon_core.package_identification:_identify(logs) by extension 'ignore_ament_install'
[0.211s] Level 1:colcon.colcon_core.package_identification:_identify(logs) by extensions ['colcon_pkg']
[0.211s] Level 1:colcon.colcon_core.package_identification:_identify(logs) by extension 'colcon_pkg'
[0.211s] Level 1:colcon.colcon_core.package_identification:_identify(logs) by extensions ['colcon_meta']
[0.211s] Level 1:colcon.colcon_core.package_identification:_identify(logs) by extension 'colcon_meta'
[0.211s] Level 1:colcon.colcon_core.package_identification:_identify(logs) by extensions ['ros']
[0.211s] Level 1:colcon.colcon_core.package_identification:_identify(logs) by extension 'ros'
[0.211s] Level 1:colcon.colcon_core.package_identification:_identify(logs) by extensions ['cmake', 'python']
[0.211s] Level 1:colcon.colcon_core.package_identification:_identify(logs) by extension 'cmake'
[0.211s] Level 1:colcon.colcon_core.package_identification:_identify(logs) by extension 'python'
[0.211s] Level 1:colcon.colcon_core.package_identification:_identify(logs) by extensions ['python_setup_py']
[0.211s] Level 1:colcon.colcon_core.package_identification:_identify(logs) by extension 'python_setup_py'
[0.211s] Level 1:colcon.colcon_core.package_identification:_identify(logs/2025-01-19-23-54-33-725698-397ac8843c53-81) by extensions ['ignore', 'ignore_ament_install']
[0.211s] Level 1:colcon.colcon_core.package_identification:_identify(logs/2025-01-19-23-54-33-725698-397ac8843c53-81) by extension 'ignore'
[0.211s] Level 1:colcon.colcon_core.package_identification:_identify(logs/2025-01-19-23-54-33-725698-397ac8843c53-81) by extension 'ignore_ament_install'
[0.211s] Level 1:colcon.colcon_core.package_identification:_identify(logs/2025-01-19-23-54-33-725698-397ac8843c53-81) by extensions ['colcon_pkg']
[0.211s] Level 1:colcon.colcon_core.package_identification:_identify(logs/2025-01-19-23-54-33-725698-397ac8843c53-81) by extension 'colcon_pkg'
[0.211s] Level 1:colcon.colcon_core.package_identification:_identify(logs/2025-01-19-23-54-33-725698-397ac8843c53-81) by extensions ['colcon_meta']
[0.211s] Level 1:colcon.colcon_core.package_identification:_identify(logs/2025-01-19-23-54-33-725698-397ac8843c53-81) by extension 'colcon_meta'
[0.211s] Level 1:colcon.colcon_core.package_identification:_identify(logs/2025-01-19-23-54-33-725698-397ac8843c53-81) by extensions ['ros']
[0.211s] Level 1:colcon.colcon_core.package_identification:_identify(logs/2025-01-19-23-54-33-725698-397ac8843c53-81) by extension 'ros'
[0.211s] Level 1:colcon.colcon_core.package_identification:_identify(logs/2025-01-19-23-54-33-725698-397ac8843c53-81) by extensions ['cmake', 'python']
[0.211s] Level 1:colcon.colcon_core.package_identification:_identify(logs/2025-01-19-23-54-33-725698-397ac8843c53-81) by extension 'cmake'
[0.211s] Level 1:colcon.colcon_core.package_identification:_identify(logs/2025-01-19-23-54-33-725698-397ac8843c53-81) by extension 'python'
[0.211s] Level 1:colcon.colcon_core.package_identification:_identify(logs/2025-01-19-23-54-33-725698-397ac8843c53-81) by extensions ['python_setup_py']
[0.211s] Level 1:colcon.colcon_core.package_identification:_identify(logs/2025-01-19-23-54-33-725698-397ac8843c53-81) by extension 'python_setup_py'
[0.211s] Level 1:colcon.colcon_core.package_identification:_identify(logs/2025-01-20-00-01-23-722671-9b19273669b6-78) by extensions ['ignore', 'ignore_ament_install']
[0.212s] Level 1:colcon.colcon_core.package_identification:_identify(logs/2025-01-20-00-01-23-722671-9b19273669b6-78) by extension 'ignore'
[0.212s] Level 1:colcon.colcon_core.package_identification:_identify(logs/2025-01-20-00-01-23-722671-9b19273669b6-78) by extension 'ignore_ament_install'
[0.212s] Level 1:colcon.colcon_core.package_identification:_identify(logs/2025-01-20-00-01-23-722671-9b19273669b6-78) by extensions ['colcon_pkg']
[0.212s] Level 1:colcon.colcon_core.package_identification:_identify(logs/2025-01-20-00-01-23-722671-9b19273669b6-78) by extension 'colcon_pkg'
[0.212s] Level 1:colcon.colcon_core.package_identification:_identify(logs/2025-01-20-00-01-23-722671-9b19273669b6-78) by extensions ['colcon_meta']
[0.212s] Level 1:colcon.colcon_core.package_identification:_identify(logs/2025-01-20-00-01-23-722671-9b19273669b6-78) by extension 'colcon_meta'
[0.212s] Level 1:colcon.colcon_core.package_identification:_identify(logs/2025-01-20-00-01-23-722671-9b19273669b6-78) by extensions ['ros']
[0.212s] Level 1:colcon.colcon_core.package_identification:_identify(logs/2025-01-20-00-01-23-722671-9b19273669b6-78) by extension 'ros'
[0.212s] Level 1:colcon.colcon_core.package_identification:_identify(logs/2025-01-20-00-01-23-722671-9b19273669b6-78) by extensions ['cmake', 'python']
[0.212s] Level 1:colcon.colcon_core.package_identification:_identify(logs/2025-01-20-00-01-23-722671-9b19273669b6-78) by extension 'cmake'
[0.212s] Level 1:colcon.colcon_core.package_identification:_identify(logs/2025-01-20-00-01-23-722671-9b19273669b6-78) by extension 'python'
[0.212s] Level 1:colcon.colcon_core.package_identification:_identify(logs/2025-01-20-00-01-23-722671-9b19273669b6-78) by extensions ['python_setup_py']
[0.212s] Level 1:colcon.colcon_core.package_identification:_identify(logs/2025-01-20-00-01-23-722671-9b19273669b6-78) by extension 'python_setup_py'
[0.212s] Level 1:colcon.colcon_core.package_identification:_identify(logs/2025-01-20-00-06-17-488083-739bb811525e-304) by extensions ['ignore', 'ignore_ament_install']
[0.212s] Level 1:colcon.colcon_core.package_identification:_identify(logs/2025-01-20-00-06-17-488083-739bb811525e-304) by extension 'ignore'
[0.212s] Level 1:colcon.colcon_core.package_identification:_identify(logs/2025-01-20-00-06-17-488083-739bb811525e-304) by extension 'ignore_ament_install'
[0.212s] Level 1:colcon.colcon_core.package_identification:_identify(logs/2025-01-20-00-06-17-488083-739bb811525e-304) by extensions ['colcon_pkg']
[0.212s] Level 1:colcon.colcon_core.package_identification:_identify(logs/2025-01-20-00-06-17-488083-739bb811525e-304) by extension 'colcon_pkg'
[0.212s] Level 1:colcon.colcon_core.package_identification:_identify(logs/2025-01-20-00-06-17-488083-739bb811525e-304) by extensions ['colcon_meta']
[0.212s] Level 1:colcon.colcon_core.package_identification:_identify(logs/2025-01-20-00-06-17-488083-739bb811525e-304) by extension 'colcon_meta'
[0.212s] Level 1:colcon.colcon_core.package_identification:_identify(logs/2025-01-20-00-06-17-488083-739bb811525e-304) by extensions ['ros']
[0.212s] Level 1:colcon.colcon_core.package_identification:_identify(logs/2025-01-20-00-06-17-488083-739bb811525e-304) by extension 'ros'
[0.212s] Level 1:colcon.colcon_core.package_identification:_identify(logs/2025-01-20-00-06-17-488083-739bb811525e-304) by extensions ['cmake', 'python']
[0.212s] Level 1:colcon.colcon_core.package_identification:_identify(logs/2025-01-20-00-06-17-488083-739bb811525e-304) by extension 'cmake'
[0.212s] Level 1:colcon.colcon_core.package_identification:_identify(logs/2025-01-20-00-06-17-488083-739bb811525e-304) by extension 'python'
[0.212s] Level 1:colcon.colcon_core.package_identification:_identify(logs/2025-01-20-00-06-17-488083-739bb811525e-304) by extensions ['python_setup_py']
[0.212s] Level 1:colcon.colcon_core.package_identification:_identify(logs/2025-01-20-00-06-17-488083-739bb811525e-304) by extension 'python_setup_py'
[0.212s] Level 1:colcon.colcon_core.package_identification:_identify(logs/2025-01-20-00-46-18-279212-739bb811525e-727) by extensions ['ignore', 'ignore_ament_install']
[0.212s] Level 1:colcon.colcon_core.package_identification:_identify(logs/2025-01-20-00-46-18-279212-739bb811525e-727) by extension 'ignore'
[0.212s] Level 1:colcon.colcon_core.package_identification:_identify(logs/2025-01-20-00-46-18-279212-739bb811525e-727) by extension 'ignore_ament_install'
[0.213s] Level 1:colcon.colcon_core.package_identification:_identify(logs/2025-01-20-00-46-18-279212-739bb811525e-727) by extensions ['colcon_pkg']
[0.213s] Level 1:colcon.colcon_core.package_identification:_identify(logs/2025-01-20-00-46-18-279212-739bb811525e-727) by extension 'colcon_pkg'
[0.213s] Level 1:colcon.colcon_core.package_identification:_identify(logs/2025-01-20-00-46-18-279212-739bb811525e-727) by extensions ['colcon_meta']
[0.213s] Level 1:colcon.colcon_core.package_identification:_identify(logs/2025-01-20-00-46-18-279212-739bb811525e-727) by extension 'colcon_meta'
[0.213s] Level 1:colcon.colcon_core.package_identification:_identify(logs/2025-01-20-00-46-18-279212-739bb811525e-727) by extensions ['ros']
[0.213s] Level 1:colcon.colcon_core.package_identification:_identify(logs/2025-01-20-00-46-18-279212-739bb811525e-727) by extension 'ros'
[0.213s] Level 1:colcon.colcon_core.package_identification:_identify(logs/2025-01-20-00-46-18-279212-739bb811525e-727) by extensions ['cmake', 'python']
[0.213s] Level 1:colcon.colcon_core.package_identification:_identify(logs/2025-01-20-00-46-18-279212-739bb811525e-727) by extension 'cmake'
[0.213s] Level 1:colcon.colcon_core.package_identification:_identify(logs/2025-01-20-00-46-18-279212-739bb811525e-727) by extension 'python'
[0.213s] Level 1:colcon.colcon_core.package_identification:_identify(logs/2025-01-20-00-46-18-279212-739bb811525e-727) by extensions ['python_setup_py']
[0.213s] Level 1:colcon.colcon_core.package_identification:_identify(logs/2025-01-20-00-46-18-279212-739bb811525e-727) by extension 'python_setup_py'
[0.213s] Level 1:colcon.colcon_core.package_identification:_identify(logs/2025-01-20-01-04-41-720866-e2c2a517fb71-920) by extensions ['ignore', 'ignore_ament_install']
[0.213s] Level 1:colcon.colcon_core.package_identification:_identify(logs/2025-01-20-01-04-41-720866-e2c2a517fb71-920) by extension 'ignore'
[0.213s] Level 1:colcon.colcon_core.package_identification:_identify(logs/2025-01-20-01-04-41-720866-e2c2a517fb71-920) by extension 'ignore_ament_install'
[0.213s] Level 1:colcon.colcon_core.package_identification:_identify(logs/2025-01-20-01-04-41-720866-e2c2a517fb71-920) by extensions ['colcon_pkg']
[0.213s] Level 1:colcon.colcon_core.package_identification:_identify(logs/2025-01-20-01-04-41-720866-e2c2a517fb71-920) by extension 'colcon_pkg'
[0.213s] Level 1:colcon.colcon_core.package_identification:_identify(logs/2025-01-20-01-04-41-720866-e2c2a517fb71-920) by extensions ['colcon_meta']
[0.213s] Level 1:colcon.colcon_core.package_identification:_identify(logs/2025-01-20-01-04-41-720866-e2c2a517fb71-920) by extension 'colcon_meta'
[0.213s] Level 1:colcon.colcon_core.package_identification:_identify(logs/2025-01-20-01-04-41-720866-e2c2a517fb71-920) by extensions ['ros']
[0.213s] Level 1:colcon.colcon_core.package_identification:_identify(logs/2025-01-20-01-04-41-720866-e2c2a517fb71-920) by extension 'ros'
[0.213s] Level 1:colcon.colcon_core.package_identification:_identify(logs/2025-01-20-01-04-41-720866-e2c2a517fb71-920) by extensions ['cmake', 'python']
[0.213s] Level 1:colcon.colcon_core.package_identification:_identify(logs/2025-01-20-01-04-41-720866-e2c2a517fb71-920) by extension 'cmake'
[0.213s] Level 1:colcon.colcon_core.package_identification:_identify(logs/2025-01-20-01-04-41-720866-e2c2a517fb71-920) by extension 'python'
[0.213s] Level 1:colcon.colcon_core.package_identification:_identify(logs/2025-01-20-01-04-41-720866-e2c2a517fb71-920) by extensions ['python_setup_py']
[0.213s] Level 1:colcon.colcon_core.package_identification:_identify(logs/2025-01-20-01-04-41-720866-e2c2a517fb71-920) by extension 'python_setup_py'
[0.213s] Level 1:colcon.colcon_core.package_identification:_identify(logs/2025-01-20-01-09-57-508762-0613b6a6621a-1115) by extensions ['ignore', 'ignore_ament_install']
[0.213s] Level 1:colcon.colcon_core.package_identification:_identify(logs/2025-01-20-01-09-57-508762-0613b6a6621a-1115) by extension 'ignore'
[0.213s] Level 1:colcon.colcon_core.package_identification:_identify(logs/2025-01-20-01-09-57-508762-0613b6a6621a-1115) by extension 'ignore_ament_install'
[0.213s] Level 1:colcon.colcon_core.package_identification:_identify(logs/2025-01-20-01-09-57-508762-0613b6a6621a-1115) by extensions ['colcon_pkg']
[0.213s] Level 1:colcon.colcon_core.package_identification:_identify(logs/2025-01-20-01-09-57-508762-0613b6a6621a-1115) by extension 'colcon_pkg'
[0.213s] Level 1:colcon.colcon_core.package_identification:_identify(logs/2025-01-20-01-09-57-508762-0613b6a6621a-1115) by extensions ['colcon_meta']
[0.213s] Level 1:colcon.colcon_core.package_identification:_identify(logs/2025-01-20-01-09-57-508762-0613b6a6621a-1115) by extension 'colcon_meta'
[0.214s] Level 1:colcon.colcon_core.package_identification:_identify(logs/2025-01-20-01-09-57-508762-0613b6a6621a-1115) by extensions ['ros']
[0.214s] Level 1:colcon.colcon_core.package_identification:_identify(logs/2025-01-20-01-09-57-508762-0613b6a6621a-1115) by extension 'ros'
[0.214s] Level 1:colcon.colcon_core.package_identification:_identify(logs/2025-01-20-01-09-57-508762-0613b6a6621a-1115) by extensions ['cmake', 'python']
[0.214s] Level 1:colcon.colcon_core.package_identification:_identify(logs/2025-01-20-01-09-57-508762-0613b6a6621a-1115) by extension 'cmake'
[0.214s] Level 1:colcon.colcon_core.package_identification:_identify(logs/2025-01-20-01-09-57-508762-0613b6a6621a-1115) by extension 'python'
[0.214s] Level 1:colcon.colcon_core.package_identification:_identify(logs/2025-01-20-01-09-57-508762-0613b6a6621a-1115) by extensions ['python_setup_py']
[0.214s] Level 1:colcon.colcon_core.package_identification:_identify(logs/2025-01-20-01-09-57-508762-0613b6a6621a-1115) by extension 'python_setup_py'
[0.214s] Level 1:colcon.colcon_core.package_identification:_identify(logs/2025-01-20-01-13-37-764431-0613b6a6621a-3434) by extensions ['ignore', 'ignore_ament_install']
[0.214s] Level 1:colcon.colcon_core.package_identification:_identify(logs/2025-01-20-01-13-37-764431-0613b6a6621a-3434) by extension 'ignore'
[0.214s] Level 1:colcon.colcon_core.package_identification:_identify(logs/2025-01-20-01-13-37-764431-0613b6a6621a-3434) by extension 'ignore_ament_install'
[0.214s] Level 1:colcon.colcon_core.package_identification:_identify(logs/2025-01-20-01-13-37-764431-0613b6a6621a-3434) by extensions ['colcon_pkg']
[0.214s] Level 1:colcon.colcon_core.package_identification:_identify(logs/2025-01-20-01-13-37-764431-0613b6a6621a-3434) by extension 'colcon_pkg'
[0.214s] Level 1:colcon.colcon_core.package_identification:_identify(logs/2025-01-20-01-13-37-764431-0613b6a6621a-3434) by extensions ['colcon_meta']
[0.214s] Level 1:colcon.colcon_core.package_identification:_identify(logs/2025-01-20-01-13-37-764431-0613b6a6621a-3434) by extension 'colcon_meta'
[0.214s] Level 1:colcon.colcon_core.package_identification:_identify(logs/2025-01-20-01-13-37-764431-0613b6a6621a-3434) by extensions ['ros']
[0.214s] Level 1:colcon.colcon_core.package_identification:_identify(logs/2025-01-20-01-13-37-764431-0613b6a6621a-3434) by extension 'ros'
[0.214s] Level 1:colcon.colcon_core.package_identification:_identify(logs/2025-01-20-01-13-37-764431-0613b6a6621a-3434) by extensions ['cmake', 'python']
[0.214s] Level 1:colcon.colcon_core.package_identification:_identify(logs/2025-01-20-01-13-37-764431-0613b6a6621a-3434) by extension 'cmake'
[0.214s] Level 1:colcon.colcon_core.package_identification:_identify(logs/2025-01-20-01-13-37-764431-0613b6a6621a-3434) by extension 'python'
[0.214s] Level 1:colcon.colcon_core.package_identification:_identify(logs/2025-01-20-01-13-37-764431-0613b6a6621a-3434) by extensions ['python_setup_py']
[0.214s] Level 1:colcon.colcon_core.package_identification:_identify(logs/2025-01-20-01-13-37-764431-0613b6a6621a-3434) by extension 'python_setup_py'
[0.214s] Level 1:colcon.colcon_core.package_identification:_identify(logs/2025-01-20-01-15-36-690991-0613b6a6621a-4982) by extensions ['ignore', 'ignore_ament_install']
[0.214s] Level 1:colcon.colcon_core.package_identification:_identify(logs/2025-01-20-01-15-36-690991-0613b6a6621a-4982) by extension 'ignore'
[0.214s] Level 1:colcon.colcon_core.package_identification:_identify(logs/2025-01-20-01-15-36-690991-0613b6a6621a-4982) by extension 'ignore_ament_install'
[0.214s] Level 1:colcon.colcon_core.package_identification:_identify(logs/2025-01-20-01-15-36-690991-0613b6a6621a-4982) by extensions ['colcon_pkg']
[0.214s] Level 1:colcon.colcon_core.package_identification:_identify(logs/2025-01-20-01-15-36-690991-0613b6a6621a-4982) by extension 'colcon_pkg'
[0.214s] Level 1:colcon.colcon_core.package_identification:_identify(logs/2025-01-20-01-15-36-690991-0613b6a6621a-4982) by extensions ['colcon_meta']
[0.214s] Level 1:colcon.colcon_core.package_identification:_identify(logs/2025-01-20-01-15-36-690991-0613b6a6621a-4982) by extension 'colcon_meta'
[0.214s] Level 1:colcon.colcon_core.package_identification:_identify(logs/2025-01-20-01-15-36-690991-0613b6a6621a-4982) by extensions ['ros']
[0.214s] Level 1:colcon.colcon_core.package_identification:_identify(logs/2025-01-20-01-15-36-690991-0613b6a6621a-4982) by extension 'ros'
[0.214s] Level 1:colcon.colcon_core.package_identification:_identify(logs/2025-01-20-01-15-36-690991-0613b6a6621a-4982) by extensions ['cmake', 'python']
[0.215s] Level 1:colcon.colcon_core.package_identification:_identify(logs/2025-01-20-01-15-36-690991-0613b6a6621a-4982) by extension 'cmake'
[0.215s] Level 1:colcon.colcon_core.package_identification:_identify(logs/2025-01-20-01-15-36-690991-0613b6a6621a-4982) by extension 'python'
[0.215s] Level 1:colcon.colcon_core.package_identification:_identify(logs/2025-01-20-01-15-36-690991-0613b6a6621a-4982) by extensions ['python_setup_py']
[0.215s] Level 1:colcon.colcon_core.package_identification:_identify(logs/2025-01-20-01-15-36-690991-0613b6a6621a-4982) by extension 'python_setup_py'
[0.215s] Level 1:colcon.colcon_core.package_identification:_identify(logs/2025-01-20-01-42-20-126294-0613b6a6621a-19893) by extensions ['ignore', 'ignore_ament_install']
[0.215s] Level 1:colcon.colcon_core.package_identification:_identify(logs/2025-01-20-01-42-20-126294-0613b6a6621a-19893) by extension 'ignore'
[0.215s] Level 1:colcon.colcon_core.package_identification:_identify(logs/2025-01-20-01-42-20-126294-0613b6a6621a-19893) by extension 'ignore_ament_install'
[0.215s] Level 1:colcon.colcon_core.package_identification:_identify(logs/2025-01-20-01-42-20-126294-0613b6a6621a-19893) by extensions ['colcon_pkg']
[0.215s] Level 1:colcon.colcon_core.package_identification:_identify(logs/2025-01-20-01-42-20-126294-0613b6a6621a-19893) by extension 'colcon_pkg'
[0.215s] Level 1:colcon.colcon_core.package_identification:_identify(logs/2025-01-20-01-42-20-126294-0613b6a6621a-19893) by extensions ['colcon_meta']
[0.215s] Level 1:colcon.colcon_core.package_identification:_identify(logs/2025-01-20-01-42-20-126294-0613b6a6621a-19893) by extension 'colcon_meta'
[0.215s] Level 1:colcon.colcon_core.package_identification:_identify(logs/2025-01-20-01-42-20-126294-0613b6a6621a-19893) by extensions ['ros']
[0.215s] Level 1:colcon.colcon_core.package_identification:_identify(logs/2025-01-20-01-42-20-126294-0613b6a6621a-19893) by extension 'ros'
[0.215s] Level 1:colcon.colcon_core.package_identification:_identify(logs/2025-01-20-01-42-20-126294-0613b6a6621a-19893) by extensions ['cmake', 'python']
[0.215s] Level 1:colcon.colcon_core.package_identification:_identify(logs/2025-01-20-01-42-20-126294-0613b6a6621a-19893) by extension 'cmake'
[0.215s] Level 1:colcon.colcon_core.package_identification:_identify(logs/2025-01-20-01-42-20-126294-0613b6a6621a-19893) by extension 'python'
[0.215s] Level 1:colcon.colcon_core.package_identification:_identify(logs/2025-01-20-01-42-20-126294-0613b6a6621a-19893) by extensions ['python_setup_py']
[0.215s] Level 1:colcon.colcon_core.package_identification:_identify(logs/2025-01-20-01-42-20-126294-0613b6a6621a-19893) by extension 'python_setup_py'
[0.215s] Level 1:colcon.colcon_core.package_identification:_identify(logs/2025-01-20-01-47-56-476166-0613b6a6621a-23721) by extensions ['ignore', 'ignore_ament_install']
[0.215s] Level 1:colcon.colcon_core.package_identification:_identify(logs/2025-01-20-01-47-56-476166-0613b6a6621a-23721) by extension 'ignore'
[0.215s] Level 1:colcon.colcon_core.package_identification:_identify(logs/2025-01-20-01-47-56-476166-0613b6a6621a-23721) by extension 'ignore_ament_install'
[0.215s] Level 1:colcon.colcon_core.package_identification:_identify(logs/2025-01-20-01-47-56-476166-0613b6a6621a-23721) by extensions ['colcon_pkg']
[0.215s] Level 1:colcon.colcon_core.package_identification:_identify(logs/2025-01-20-01-47-56-476166-0613b6a6621a-23721) by extension 'colcon_pkg'
[0.215s] Level 1:colcon.colcon_core.package_identification:_identify(logs/2025-01-20-01-47-56-476166-0613b6a6621a-23721) by extensions ['colcon_meta']
[0.215s] Level 1:colcon.colcon_core.package_identification:_identify(logs/2025-01-20-01-47-56-476166-0613b6a6621a-23721) by extension 'colcon_meta'
[0.215s] Level 1:colcon.colcon_core.package_identification:_identify(logs/2025-01-20-01-47-56-476166-0613b6a6621a-23721) by extensions ['ros']
[0.215s] Level 1:colcon.colcon_core.package_identification:_identify(logs/2025-01-20-01-47-56-476166-0613b6a6621a-23721) by extension 'ros'
[0.215s] Level 1:colcon.colcon_core.package_identification:_identify(logs/2025-01-20-01-47-56-476166-0613b6a6621a-23721) by extensions ['cmake', 'python']
[0.215s] Level 1:colcon.colcon_core.package_identification:_identify(logs/2025-01-20-01-47-56-476166-0613b6a6621a-23721) by extension 'cmake'
[0.215s] Level 1:colcon.colcon_core.package_identification:_identify(logs/2025-01-20-01-47-56-476166-0613b6a6621a-23721) by extension 'python'
[0.216s] Level 1:colcon.colcon_core.package_identification:_identify(logs/2025-01-20-01-47-56-476166-0613b6a6621a-23721) by extensions ['python_setup_py']
[0.216s] Level 1:colcon.colcon_core.package_identification:_identify(logs/2025-01-20-01-47-56-476166-0613b6a6621a-23721) by extension 'python_setup_py'
[0.216s] Level 1:colcon.colcon_core.package_identification:_identify(logs/2025-01-20-01-49-30-982999-0613b6a6621a-24608) by extensions ['ignore', 'ignore_ament_install']
[0.216s] Level 1:colcon.colcon_core.package_identification:_identify(logs/2025-01-20-01-49-30-982999-0613b6a6621a-24608) by extension 'ignore'
[0.216s] Level 1:colcon.colcon_core.package_identification:_identify(logs/2025-01-20-01-49-30-982999-0613b6a6621a-24608) by extension 'ignore_ament_install'
[0.216s] Level 1:colcon.colcon_core.package_identification:_identify(logs/2025-01-20-01-49-30-982999-0613b6a6621a-24608) by extensions ['colcon_pkg']
[0.216s] Level 1:colcon.colcon_core.package_identification:_identify(logs/2025-01-20-01-49-30-982999-0613b6a6621a-24608) by extension 'colcon_pkg'
[0.216s] Level 1:colcon.colcon_core.package_identification:_identify(logs/2025-01-20-01-49-30-982999-0613b6a6621a-24608) by extensions ['colcon_meta']
[0.216s] Level 1:colcon.colcon_core.package_identification:_identify(logs/2025-01-20-01-49-30-982999-0613b6a6621a-24608) by extension 'colcon_meta'
[0.216s] Level 1:colcon.colcon_core.package_identification:_identify(logs/2025-01-20-01-49-30-982999-0613b6a6621a-24608) by extensions ['ros']
[0.216s] Level 1:colcon.colcon_core.package_identification:_identify(logs/2025-01-20-01-49-30-982999-0613b6a6621a-24608) by extension 'ros'
[0.216s] Level 1:colcon.colcon_core.package_identification:_identify(logs/2025-01-20-01-49-30-982999-0613b6a6621a-24608) by extensions ['cmake', 'python']
[0.216s] Level 1:colcon.colcon_core.package_identification:_identify(logs/2025-01-20-01-49-30-982999-0613b6a6621a-24608) by extension 'cmake'
[0.216s] Level 1:colcon.colcon_core.package_identification:_identify(logs/2025-01-20-01-49-30-982999-0613b6a6621a-24608) by extension 'python'
[0.216s] Level 1:colcon.colcon_core.package_identification:_identify(logs/2025-01-20-01-49-30-982999-0613b6a6621a-24608) by extensions ['python_setup_py']
[0.216s] Level 1:colcon.colcon_core.package_identification:_identify(logs/2025-01-20-01-49-30-982999-0613b6a6621a-24608) by extension 'python_setup_py'
[0.216s] Level 1:colcon.colcon_core.package_identification:_identify(logs/2025-01-20-01-58-57-221797-0613b6a6621a-30485) by extensions ['ignore', 'ignore_ament_install']
[0.216s] Level 1:colcon.colcon_core.package_identification:_identify(logs/2025-01-20-01-58-57-221797-0613b6a6621a-30485) by extension 'ignore'
[0.216s] Level 1:colcon.colcon_core.package_identification:_identify(logs/2025-01-20-01-58-57-221797-0613b6a6621a-30485) by extension 'ignore_ament_install'
[0.216s] Level 1:colcon.colcon_core.package_identification:_identify(logs/2025-01-20-01-58-57-221797-0613b6a6621a-30485) by extensions ['colcon_pkg']
[0.216s] Level 1:colcon.colcon_core.package_identification:_identify(logs/2025-01-20-01-58-57-221797-0613b6a6621a-30485) by extension 'colcon_pkg'
[0.216s] Level 1:colcon.colcon_core.package_identification:_identify(logs/2025-01-20-01-58-57-221797-0613b6a6621a-30485) by extensions ['colcon_meta']
[0.216s] Level 1:colcon.colcon_core.package_identification:_identify(logs/2025-01-20-01-58-57-221797-0613b6a6621a-30485) by extension 'colcon_meta'
[0.216s] Level 1:colcon.colcon_core.package_identification:_identify(logs/2025-01-20-01-58-57-221797-0613b6a6621a-30485) by extensions ['ros']
[0.216s] Level 1:colcon.colcon_core.package_identification:_identify(logs/2025-01-20-01-58-57-221797-0613b6a6621a-30485) by extension 'ros'
[0.216s] Level 1:colcon.colcon_core.package_identification:_identify(logs/2025-01-20-01-58-57-221797-0613b6a6621a-30485) by extensions ['cmake', 'python']
[0.217s] Level 1:colcon.colcon_core.package_identification:_identify(logs/2025-01-20-01-58-57-221797-0613b6a6621a-30485) by extension 'cmake'
[0.217s] Level 1:colcon.colcon_core.package_identification:_identify(logs/2025-01-20-01-58-57-221797-0613b6a6621a-30485) by extension 'python'
[0.217s] Level 1:colcon.colcon_core.package_identification:_identify(logs/2025-01-20-01-58-57-221797-0613b6a6621a-30485) by extensions ['python_setup_py']
[0.217s] Level 1:colcon.colcon_core.package_identification:_identify(logs/2025-01-20-01-58-57-221797-0613b6a6621a-30485) by extension 'python_setup_py'
[0.217s] Level 1:colcon.colcon_core.package_identification:_identify(logs/2025-01-20-01-59-23-763285-0613b6a6621a-30948) by extensions ['ignore', 'ignore_ament_install']
[0.217s] Level 1:colcon.colcon_core.package_identification:_identify(logs/2025-01-20-01-59-23-763285-0613b6a6621a-30948) by extension 'ignore'
[0.217s] Level 1:colcon.colcon_core.package_identification:_identify(logs/2025-01-20-01-59-23-763285-0613b6a6621a-30948) by extension 'ignore_ament_install'
[0.217s] Level 1:colcon.colcon_core.package_identification:_identify(logs/2025-01-20-01-59-23-763285-0613b6a6621a-30948) by extensions ['colcon_pkg']
[0.217s] Level 1:colcon.colcon_core.package_identification:_identify(logs/2025-01-20-01-59-23-763285-0613b6a6621a-30948) by extension 'colcon_pkg'
[0.217s] Level 1:colcon.colcon_core.package_identification:_identify(logs/2025-01-20-01-59-23-763285-0613b6a6621a-30948) by extensions ['colcon_meta']
[0.217s] Level 1:colcon.colcon_core.package_identification:_identify(logs/2025-01-20-01-59-23-763285-0613b6a6621a-30948) by extension 'colcon_meta'
[0.217s] Level 1:colcon.colcon_core.package_identification:_identify(logs/2025-01-20-01-59-23-763285-0613b6a6621a-30948) by extensions ['ros']
[0.217s] Level 1:colcon.colcon_core.package_identification:_identify(logs/2025-01-20-01-59-23-763285-0613b6a6621a-30948) by extension 'ros'
[0.217s] Level 1:colcon.colcon_core.package_identification:_identify(logs/2025-01-20-01-59-23-763285-0613b6a6621a-30948) by extensions ['cmake', 'python']
[0.217s] Level 1:colcon.colcon_core.package_identification:_identify(logs/2025-01-20-01-59-23-763285-0613b6a6621a-30948) by extension 'cmake'
[0.217s] Level 1:colcon.colcon_core.package_identification:_identify(logs/2025-01-20-01-59-23-763285-0613b6a6621a-30948) by extension 'python'
[0.217s] Level 1:colcon.colcon_core.package_identification:_identify(logs/2025-01-20-01-59-23-763285-0613b6a6621a-30948) by extensions ['python_setup_py']
[0.217s] Level 1:colcon.colcon_core.package_identification:_identify(logs/2025-01-20-01-59-23-763285-0613b6a6621a-30948) by extension 'python_setup_py'
[0.217s] Level 1:colcon.colcon_core.package_identification:_identify(logs/2025-01-20-02-07-06-633743-0613b6a6621a-35780) by extensions ['ignore', 'ignore_ament_install']
[0.217s] Level 1:colcon.colcon_core.package_identification:_identify(logs/2025-01-20-02-07-06-633743-0613b6a6621a-35780) by extension 'ignore'
[0.217s] Level 1:colcon.colcon_core.package_identification:_identify(logs/2025-01-20-02-07-06-633743-0613b6a6621a-35780) by extension 'ignore_ament_install'
[0.217s] Level 1:colcon.colcon_core.package_identification:_identify(logs/2025-01-20-02-07-06-633743-0613b6a6621a-35780) by extensions ['colcon_pkg']
[0.217s] Level 1:colcon.colcon_core.package_identification:_identify(logs/2025-01-20-02-07-06-633743-0613b6a6621a-35780) by extension 'colcon_pkg'
[0.217s] Level 1:colcon.colcon_core.package_identification:_identify(logs/2025-01-20-02-07-06-633743-0613b6a6621a-35780) by extensions ['colcon_meta']
[0.217s] Level 1:colcon.colcon_core.package_identification:_identify(logs/2025-01-20-02-07-06-633743-0613b6a6621a-35780) by extension 'colcon_meta'
[0.217s] Level 1:colcon.colcon_core.package_identification:_identify(logs/2025-01-20-02-07-06-633743-0613b6a6621a-35780) by extensions ['ros']
[0.217s] Level 1:colcon.colcon_core.package_identification:_identify(logs/2025-01-20-02-07-06-633743-0613b6a6621a-35780) by extension 'ros'
[0.217s] Level 1:colcon.colcon_core.package_identification:_identify(logs/2025-01-20-02-07-06-633743-0613b6a6621a-35780) by extensions ['cmake', 'python']
[0.217s] Level 1:colcon.colcon_core.package_identification:_identify(logs/2025-01-20-02-07-06-633743-0613b6a6621a-35780) by extension 'cmake'
[0.217s] Level 1:colcon.colcon_core.package_identification:_identify(logs/2025-01-20-02-07-06-633743-0613b6a6621a-35780) by extension 'python'
[0.218s] Level 1:colcon.colcon_core.package_identification:_identify(logs/2025-01-20-02-07-06-633743-0613b6a6621a-35780) by extensions ['python_setup_py']
[0.218s] Level 1:colcon.colcon_core.package_identification:_identify(logs/2025-01-20-02-07-06-633743-0613b6a6621a-35780) by extension 'python_setup_py'
[0.218s] Level 1:colcon.colcon_core.package_identification:_identify(logs/2025-01-20-02-08-59-332891-0613b6a6621a-37368) by extensions ['ignore', 'ignore_ament_install']
[0.218s] Level 1:colcon.colcon_core.package_identification:_identify(logs/2025-01-20-02-08-59-332891-0613b6a6621a-37368) by extension 'ignore'
[0.218s] Level 1:colcon.colcon_core.package_identification:_identify(logs/2025-01-20-02-08-59-332891-0613b6a6621a-37368) by extension 'ignore_ament_install'
[0.218s] Level 1:colcon.colcon_core.package_identification:_identify(logs/2025-01-20-02-08-59-332891-0613b6a6621a-37368) by extensions ['colcon_pkg']
[0.218s] Level 1:colcon.colcon_core.package_identification:_identify(logs/2025-01-20-02-08-59-332891-0613b6a6621a-37368) by extension 'colcon_pkg'
[0.218s] Level 1:colcon.colcon_core.package_identification:_identify(logs/2025-01-20-02-08-59-332891-0613b6a6621a-37368) by extensions ['colcon_meta']
[0.218s] Level 1:colcon.colcon_core.package_identification:_identify(logs/2025-01-20-02-08-59-332891-0613b6a6621a-37368) by extension 'colcon_meta'
[0.218s] Level 1:colcon.colcon_core.package_identification:_identify(logs/2025-01-20-02-08-59-332891-0613b6a6621a-37368) by extensions ['ros']
[0.218s] Level 1:colcon.colcon_core.package_identification:_identify(logs/2025-01-20-02-08-59-332891-0613b6a6621a-37368) by extension 'ros'
[0.218s] Level 1:colcon.colcon_core.package_identification:_identify(logs/2025-01-20-02-08-59-332891-0613b6a6621a-37368) by extensions ['cmake', 'python']
[0.218s] Level 1:colcon.colcon_core.package_identification:_identify(logs/2025-01-20-02-08-59-332891-0613b6a6621a-37368) by extension 'cmake'
[0.218s] Level 1:colcon.colcon_core.package_identification:_identify(logs/2025-01-20-02-08-59-332891-0613b6a6621a-37368) by extension 'python'
[0.218s] Level 1:colcon.colcon_core.package_identification:_identify(logs/2025-01-20-02-08-59-332891-0613b6a6621a-37368) by extensions ['python_setup_py']
[0.218s] Level 1:colcon.colcon_core.package_identification:_identify(logs/2025-01-20-02-08-59-332891-0613b6a6621a-37368) by extension 'python_setup_py'
[0.218s] Level 1:colcon.colcon_core.package_identification:_identify(src) by extensions ['ignore', 'ignore_ament_install']
[0.218s] Level 1:colcon.colcon_core.package_identification:_identify(src) by extension 'ignore'
[0.218s] Level 1:colcon.colcon_core.package_identification:_identify(src) by extension 'ignore_ament_install'
[0.218s] Level 1:colcon.colcon_core.package_identification:_identify(src) by extensions ['colcon_pkg']
[0.218s] Level 1:colcon.colcon_core.package_identification:_identify(src) by extension 'colcon_pkg'
[0.218s] Level 1:colcon.colcon_core.package_identification:_identify(src) by extensions ['colcon_meta']
[0.218s] Level 1:colcon.colcon_core.package_identification:_identify(src) by extension 'colcon_meta'
[0.218s] Level 1:colcon.colcon_core.package_identification:_identify(src) by extensions ['ros']
[0.218s] Level 1:colcon.colcon_core.package_identification:_identify(src) by extension 'ros'
[0.218s] Level 1:colcon.colcon_core.package_identification:_identify(src) by extensions ['cmake', 'python']
[0.218s] Level 1:colcon.colcon_core.package_identification:_identify(src) by extension 'cmake'
[0.219s] Level 1:colcon.colcon_core.package_identification:_identify(src) by extension 'python'
[0.219s] Level 1:colcon.colcon_core.package_identification:_identify(src) by extensions ['python_setup_py']
[0.219s] Level 1:colcon.colcon_core.package_identification:_identify(src) by extension 'python_setup_py'
[0.219s] Level 1:colcon.colcon_core.package_identification:_identify(src/build) by extensions ['ignore', 'ignore_ament_install']
[0.219s] Level 1:colcon.colcon_core.package_identification:_identify(src/build) by extension 'ignore'
[0.219s] Level 1:colcon.colcon_core.package_identification:_identify(src/build) ignored
[0.219s] Level 1:colcon.colcon_core.package_identification:_identify(src/install) by extensions ['ignore', 'ignore_ament_install']
[0.219s] Level 1:colcon.colcon_core.package_identification:_identify(src/install) by extension 'ignore'
[0.219s] Level 1:colcon.colcon_core.package_identification:_identify(src/install) ignored
[0.219s] Level 1:colcon.colcon_core.package_identification:_identify(src/log) by extensions ['ignore', 'ignore_ament_install']
[0.219s] Level 1:colcon.colcon_core.package_identification:_identify(src/log) by extension 'ignore'
[0.219s] Level 1:colcon.colcon_core.package_identification:_identify(src/log) ignored
[0.219s] Level 1:colcon.colcon_core.package_identification:_identify(src/spot_description) by extensions ['ignore', 'ignore_ament_install']
[0.219s] Level 1:colcon.colcon_core.package_identification:_identify(src/spot_description) by extension 'ignore'
[0.219s] Level 1:colcon.colcon_core.package_identification:_identify(src/spot_description) by extension 'ignore_ament_install'
[0.219s] Level 1:colcon.colcon_core.package_identification:_identify(src/spot_description) by extensions ['colcon_pkg']
[0.219s] Level 1:colcon.colcon_core.package_identification:_identify(src/spot_description) by extension 'colcon_pkg'
[0.219s] Level 1:colcon.colcon_core.package_identification:_identify(src/spot_description) by extensions ['colcon_meta']
[0.219s] Level 1:colcon.colcon_core.package_identification:_identify(src/spot_description) by extension 'colcon_meta'
[0.219s] Level 1:colcon.colcon_core.package_identification:_identify(src/spot_description) by extensions ['ros']
[0.219s] Level 1:colcon.colcon_core.package_identification:_identify(src/spot_description) by extension 'ros'
[0.221s] DEBUG:colcon.colcon_core.package_identification:Package 'src/spot_description' with type 'ros.ament_cmake' and name 'spot_description'
[0.221s] Level 1:colcon.colcon_core.package_discovery:discover_packages(recursive) using defaults
[0.221s] Level 1:colcon.colcon_core.package_discovery:discover_packages(ignore) discover
[0.221s] Level 1:colcon.colcon_core.package_discovery:discover_packages(ignore) using defaults
[0.221s] Level 1:colcon.colcon_core.package_discovery:discover_packages(path) discover
[0.221s] Level 1:colcon.colcon_core.package_discovery:discover_packages(path) using defaults
[0.236s] Level 5:colcon.colcon_core.verb:set package 'spot_description' build argument 'cmake_args' from command line to 'None'
[0.236s] Level 5:colcon.colcon_core.verb:set package 'spot_description' build argument 'cmake_target' from command line to 'None'
[0.236s] Level 5:colcon.colcon_core.verb:set package 'spot_description' build argument 'cmake_target_skip_unavailable' from command line to 'False'
[0.236s] Level 5:colcon.colcon_core.verb:set package 'spot_description' build argument 'cmake_clean_cache' from command line to 'False'
[0.236s] Level 5:colcon.colcon_core.verb:set package 'spot_description' build argument 'cmake_clean_first' from command line to 'False'
[0.236s] Level 5:colcon.colcon_core.verb:set package 'spot_description' build argument 'cmake_force_configure' from command line to 'False'
[0.236s] Level 5:colcon.colcon_core.verb:set package 'spot_description' build argument 'ament_cmake_args' from command line to 'None'
[0.236s] Level 5:colcon.colcon_core.verb:set package 'spot_description' build argument 'catkin_cmake_args' from command line to 'None'
[0.236s] Level 5:colcon.colcon_core.verb:set package 'spot_description' build argument 'catkin_skip_building_tests' from command line to 'False'
[0.236s] DEBUG:colcon.colcon_core.verb:Building package 'spot_description' with the following arguments: {'ament_cmake_args': None, 'build_base': '/home/developer/SPWAR_ws/build/spot_description', 'catkin_cmake_args': None, 'catkin_skip_building_tests': False, 'cmake_args': None, 'cmake_clean_cache': False, 'cmake_clean_first': False, 'cmake_force_configure': False, 'cmake_target': None, 'cmake_target_skip_unavailable': False, 'install_base': '/home/developer/SPWAR_ws/install/spot_description', 'merge_install': False, 'path': '/home/developer/SPWAR_ws/src/spot_description', 'symlink_install': False, 'test_result_base': None}
[0.236s] INFO:colcon.colcon_core.executor:Executing jobs using 'parallel' executor
[0.237s] DEBUG:colcon.colcon_parallel_executor.executor.parallel:run_until_complete
[0.238s] INFO:colcon.colcon_ros.task.ament_cmake.build:Building ROS package in '/home/developer/SPWAR_ws/src/spot_description' with build type 'ament_cmake'
[0.238s] INFO:colcon.colcon_cmake.task.cmake.build:Building CMake package in '/home/developer/SPWAR_ws/src/spot_description'
[0.240s] INFO:colcon.colcon_core.plugin_system:Skipping extension 'colcon_core.shell.bat': Not used on non-Windows systems
[0.240s] INFO:colcon.colcon_core.shell:Skip shell extension 'powershell' for command environment: Not usable outside of PowerShell
[0.240s] DEBUG:colcon.colcon_core.shell:Skip shell extension 'dsv' for command environment
[0.241s] WARNING:colcon.colcon_ros.prefix_path.ament:The path '/home/developer/SPWAR_ws/install/spot_description' in the environment variable AMENT_PREFIX_PATH doesn't exist
[0.241s] WARNING:colcon.colcon_ros.prefix_path.catkin:The path '/home/developer/SPWAR_ws/install/spot_description' in the environment variable CMAKE_PREFIX_PATH doesn't exist
[0.248s] DEBUG:colcon.colcon_core.event_handler.log_command:Invoking command in '/home/developer/SPWAR_ws/build/spot_description': CMAKE_PREFIX_PATH=${CMAKE_PREFIX_PATH}:/opt/ros/humble /usr/bin/cmake /home/developer/SPWAR_ws/src/spot_description -DCMAKE_INSTALL_PREFIX=/home/developer/SPWAR_ws/install/spot_description
[2.489s] DEBUG:colcon.colcon_core.event_handler.log_command:Invoked command in '/home/developer/SPWAR_ws/build/spot_description' returned '0': CMAKE_PREFIX_PATH=${CMAKE_PREFIX_PATH}:/opt/ros/humble /usr/bin/cmake /home/developer/SPWAR_ws/src/spot_description -DCMAKE_INSTALL_PREFIX=/home/developer/SPWAR_ws/install/spot_description
[2.491s] DEBUG:colcon.colcon_core.event_handler.log_command:Invoking command in '/home/developer/SPWAR_ws/build/spot_description': CMAKE_PREFIX_PATH=${CMAKE_PREFIX_PATH}:/opt/ros/humble /usr/bin/cmake --build /home/developer/SPWAR_ws/build/spot_description -- -j16 -l16
[2.529s] DEBUG:colcon.colcon_core.event_handler.log_command:Invoked command in '/home/developer/SPWAR_ws/build/spot_description' returned '0': CMAKE_PREFIX_PATH=${CMAKE_PREFIX_PATH}:/opt/ros/humble /usr/bin/cmake --build /home/developer/SPWAR_ws/build/spot_description -- -j16 -l16
[2.561s] DEBUG:colcon.colcon_core.event_handler.log_command:Invoking command in '/home/developer/SPWAR_ws/build/spot_description': CMAKE_PREFIX_PATH=${CMAKE_PREFIX_PATH}:/opt/ros/humble /usr/bin/cmake --install /home/developer/SPWAR_ws/build/spot_description
[2.586s] Level 1:colcon.colcon_core.environment:create_environment_scripts_only(spot_description)
[2.587s] DEBUG:colcon.colcon_core.event_handler.log_command:Invoked command in '/home/developer/SPWAR_ws/build/spot_description' returned '0': CMAKE_PREFIX_PATH=${CMAKE_PREFIX_PATH}:/opt/ros/humble /usr/bin/cmake --install /home/developer/SPWAR_ws/build/spot_description
[2.589s] Level 1:colcon.colcon_core.environment:checking '/home/developer/SPWAR_ws/install/spot_description' for CMake module files
[2.590s] Level 1:colcon.colcon_core.environment:checking '/home/developer/SPWAR_ws/install/spot_description' for CMake config files
[2.590s] Level 1:colcon.colcon_core.shell:create_environment_hook('spot_description', 'cmake_prefix_path')
[2.590s] INFO:colcon.colcon_core.shell:Creating environment hook '/home/developer/SPWAR_ws/install/spot_description/share/spot_description/hook/cmake_prefix_path.ps1'
[2.591s] INFO:colcon.colcon_core.shell:Creating environment descriptor '/home/developer/SPWAR_ws/install/spot_description/share/spot_description/hook/cmake_prefix_path.dsv'
[2.591s] INFO:colcon.colcon_core.shell:Creating environment hook '/home/developer/SPWAR_ws/install/spot_description/share/spot_description/hook/cmake_prefix_path.sh'
[2.592s] Level 1:colcon.colcon_core.environment:checking '/home/developer/SPWAR_ws/install/spot_description/bin'
[2.592s] Level 1:colcon.colcon_core.environment:checking '/home/developer/SPWAR_ws/install/spot_description/lib/pkgconfig/spot_description.pc'
[2.594s] Level 1:colcon.colcon_core.environment:checking '/home/developer/SPWAR_ws/install/spot_description/lib/python3.10/site-packages'
[2.594s] Level 1:colcon.colcon_core.environment:checking '/home/developer/SPWAR_ws/install/spot_description/bin'
[2.594s] INFO:colcon.colcon_core.shell:Creating package script '/home/developer/SPWAR_ws/install/spot_description/share/spot_description/package.ps1'
[2.595s] INFO:colcon.colcon_core.shell:Creating package descriptor '/home/developer/SPWAR_ws/install/spot_description/share/spot_description/package.dsv'
[2.596s] INFO:colcon.colcon_core.shell:Creating package script '/home/developer/SPWAR_ws/install/spot_description/share/spot_description/package.sh'
[2.596s] INFO:colcon.colcon_core.shell:Creating package script '/home/developer/SPWAR_ws/install/spot_description/share/spot_description/package.bash'
[2.597s] INFO:colcon.colcon_core.shell:Creating package script '/home/developer/SPWAR_ws/install/spot_description/share/spot_description/package.zsh'
[2.597s] Level 1:colcon.colcon_core.environment:create_file_with_runtime_dependencies(/home/developer/SPWAR_ws/install/spot_description/share/colcon-core/packages/spot_description)
[2.623s] Level 1:colcon.colcon_core.environment:create_environment_scripts_only(spot_description)
[2.624s] Level 1:colcon.colcon_core.environment:checking '/home/developer/SPWAR_ws/install/spot_description' for CMake module files
[2.624s] Level 1:colcon.colcon_core.environment:checking '/home/developer/SPWAR_ws/install/spot_description' for CMake config files
[2.624s] Level 1:colcon.colcon_core.shell:create_environment_hook('spot_description', 'cmake_prefix_path')
[2.625s] INFO:colcon.colcon_core.shell:Creating environment hook '/home/developer/SPWAR_ws/install/spot_description/share/spot_description/hook/cmake_prefix_path.ps1'
[2.625s] INFO:colcon.colcon_core.shell:Creating environment descriptor '/home/developer/SPWAR_ws/install/spot_description/share/spot_description/hook/cmake_prefix_path.dsv'
[2.625s] INFO:colcon.colcon_core.shell:Creating environment hook '/home/developer/SPWAR_ws/install/spot_description/share/spot_description/hook/cmake_prefix_path.sh'
[2.626s] Level 1:colcon.colcon_core.environment:checking '/home/developer/SPWAR_ws/install/spot_description/bin'
[2.626s] Level 1:colcon.colcon_core.environment:checking '/home/developer/SPWAR_ws/install/spot_description/lib/pkgconfig/spot_description.pc'
[2.626s] Level 1:colcon.colcon_core.environment:checking '/home/developer/SPWAR_ws/install/spot_description/lib/python3.10/site-packages'
[2.626s] Level 1:colcon.colcon_core.environment:checking '/home/developer/SPWAR_ws/install/spot_description/bin'
[2.626s] INFO:colcon.colcon_core.shell:Creating package script '/home/developer/SPWAR_ws/install/spot_description/share/spot_description/package.ps1'
[2.627s] INFO:colcon.colcon_core.shell:Creating package descriptor '/home/developer/SPWAR_ws/install/spot_description/share/spot_description/package.dsv'
[2.627s] INFO:colcon.colcon_core.shell:Creating package script '/home/developer/SPWAR_ws/install/spot_description/share/spot_description/package.sh'
[2.628s] INFO:colcon.colcon_core.shell:Creating package script '/home/developer/SPWAR_ws/install/spot_description/share/spot_description/package.bash'
[2.628s] INFO:colcon.colcon_core.shell:Creating package script '/home/developer/SPWAR_ws/install/spot_description/share/spot_description/package.zsh'
[2.628s] Level 1:colcon.colcon_core.environment:create_file_with_runtime_dependencies(/home/developer/SPWAR_ws/install/spot_description/share/colcon-core/packages/spot_description)
[2.628s] DEBUG:colcon.colcon_parallel_executor.executor.parallel:closing loop
[2.629s] DEBUG:colcon.colcon_parallel_executor.executor.parallel:loop closed
[2.629s] DEBUG:colcon.colcon_parallel_executor.executor.parallel:run_until_complete finished with '0'
[2.629s] DEBUG:colcon.colcon_core.event_reactor:joining thread
[2.633s] INFO:colcon.colcon_core.plugin_system:Skipping extension 'colcon_notification.desktop_notification.notify_send': Could not find 'notify-send'
[2.634s] INFO:colcon.colcon_core.plugin_system:Skipping extension 'colcon_notification.desktop_notification.terminal_notifier': Not used on non-Darwin systems
[2.634s] INFO:colcon.colcon_core.plugin_system:Skipping extension 'colcon_notification.desktop_notification.win32': Not used on non-Windows systems
[2.634s] INFO:colcon.colcon_notification.desktop_notification:Sending desktop notification using 'notify2'
[2.637s] DEBUG:colcon.colcon_notification.desktop_notification.notify2:Failed to initialize notify2: org.freedesktop.DBus.Error.Spawn.ExecFailed: /usr/bin/dbus-launch terminated abnormally without any error message
[2.637s] DEBUG:colcon.colcon_core.event_reactor:joined thread
[2.638s] INFO:colcon.colcon_core.shell:Creating prefix script '/home/developer/SPWAR_ws/install/local_setup.ps1'
[2.639s] INFO:colcon.colcon_core.shell:Creating prefix util module '/home/developer/SPWAR_ws/install/_local_setup_util_ps1.py'
[2.640s] INFO:colcon.colcon_core.shell:Creating prefix chain script '/home/developer/SPWAR_ws/install/setup.ps1'
[2.640s] INFO:colcon.colcon_core.shell:Creating prefix script '/home/developer/SPWAR_ws/install/local_setup.sh'
[2.641s] INFO:colcon.colcon_core.shell:Creating prefix util module '/home/developer/SPWAR_ws/install/_local_setup_util_sh.py'
[2.641s] INFO:colcon.colcon_core.shell:Creating prefix chain script '/home/developer/SPWAR_ws/install/setup.sh'
[2.642s] INFO:colcon.colcon_core.shell:Creating prefix script '/home/developer/SPWAR_ws/install/local_setup.bash'
[2.642s] INFO:colcon.colcon_core.shell:Creating prefix chain script '/home/developer/SPWAR_ws/install/setup.bash'
[2.643s] INFO:colcon.colcon_core.shell:Creating prefix script '/home/developer/SPWAR_ws/install/local_setup.zsh'
[2.643s] INFO:colcon.colcon_core.shell:Creating prefix chain script '/home/developer/SPWAR_ws/install/setup.zsh'
