[0.031s] Invoking command in '/home/developer/SPWAR_ws/build/spot_description': CMAKE_PREFIX_PATH=${CMAKE_PREFIX_PATH}:/opt/ros/humble /usr/bin/cmake /home/developer/SPWAR_ws/src/spot_description -DCMAKE_INSTALL_PREFIX=/home/developer/SPWAR_ws/install/spot_description
[0.118s] -- Found ament_cmake: 1.3.10 (/opt/ros/humble/share/ament_cmake/cmake)
[0.290s] -- Override CMake install command with custom implementation using symlinks instead of copying resources
[0.310s] -- Found gazebo_ros: 3.7.0 (/opt/ros/humble/share/gazebo_ros/cmake)
[0.384s] -- Found rosidl_generator_c: 3.1.5 (/opt/ros/humble/share/rosidl_generator_c/cmake)
[0.388s] -- Found rosidl_adapter: 3.1.5 (/opt/ros/humble/share/rosidl_adapter/cmake)
[0.397s] -- Found rosidl_generator_cpp: 3.1.5 (/opt/ros/humble/share/rosidl_generator_cpp/cmake)
[0.410s] -- Using all available rosidl_typesupport_c: rosidl_typesupport_fastrtps_c;rosidl_typesupport_introspection_c
[0.426s] -- Using all available rosidl_typesupport_cpp: rosidl_typesupport_fastrtps_cpp;rosidl_typesupport_introspection_cpp
[0.473s] -- Found rmw_implementation_cmake: 6.1.2 (/opt/ros/humble/share/rmw_implementation_cmake/cmake)
[0.475s] -- Found rmw_fastrtps_cpp: 6.2.7 (/opt/ros/humble/share/rmw_fastrtps_cpp/cmake)
[0.635s] -- Using RMW implementation 'rmw_fastrtps_cpp' as default
[0.733s] -- Found DART: /usr/include (Required is at least version "6.6") found components: dart 
[0.780s] -- Found Protobuf: /usr/lib/x86_64-linux-gnu/libprotobuf.so (found version "3.12.4") 
[0.784s] -- Looking for ignition-math6 -- found version 6.15.1
[0.790s] -- Searching for dependencies of ignition-math6
[0.794s] -- Looking for OGRE...
[0.802s] -- Found Ogre Ghadamon (1.9.0)
[0.803s] -- Found OGRE: optimized;/usr/lib/x86_64-linux-gnu/libOgreMain.so;debug;/usr/lib/x86_64-linux-gnu/libOgreMain.so
[0.812s] -- Looking for OGRE_Paging...
[0.812s] -- Found OGRE_Paging: optimized;/usr/lib/x86_64-linux-gnu/libOgrePaging.so;debug;/usr/lib/x86_64-linux-gnu/libOgrePaging.so
[0.812s] -- Looking for OGRE_Terrain...
[0.812s] -- Found OGRE_Terrain: optimized;/usr/lib/x86_64-linux-gnu/libOgreTerrain.so;debug;/usr/lib/x86_64-linux-gnu/libOgreTerrain.so
[0.813s] -- Looking for OGRE_Property...
[0.813s] -- Found OGRE_Property: optimized;/usr/lib/x86_64-linux-gnu/libOgreProperty.so;debug;/usr/lib/x86_64-linux-gnu/libOgreProperty.so
[0.813s] -- Looking for OGRE_RTShaderSystem...
[0.813s] -- Found OGRE_RTShaderSystem: optimized;/usr/lib/x86_64-linux-gnu/libOgreRTShaderSystem.so;debug;/usr/lib/x86_64-linux-gnu/libOgreRTShaderSystem.so
[0.813s] -- Looking for OGRE_Volume...
[0.813s] -- Found OGRE_Volume: optimized;/usr/lib/x86_64-linux-gnu/libOgreVolume.so;debug;/usr/lib/x86_64-linux-gnu/libOgreVolume.so
[0.813s] -- Looking for OGRE_Overlay...
[0.813s] -- Found OGRE_Overlay: optimized;/usr/lib/x86_64-linux-gnu/libOgreOverlay.so;debug;/usr/lib/x86_64-linux-gnu/libOgreOverlay.so
[0.917s] -- Looking for ignition-math6 -- found version 6.15.1
[0.918s] -- Looking for ignition-transport8 -- found version 8.2.1
[0.918s] -- Searching for dependencies of ignition-transport8
[0.946s] -- Found Protobuf: /usr/lib/x86_64-linux-gnu/libprotobuf.so (found suitable version "3.12.4", minimum required is "3") 
[0.967s] -- Config-file not installed for ZeroMQ -- checking for pkg-config
[0.973s] -- Checking for module 'libzmq >= 4'
[0.993s] --   Found libzmq , version 4.3.4
[1.048s] -- Checking for module 'uuid'
[1.066s] --   Found uuid, version 2.37.2
[1.111s] -- Looking for ignition-msgs5 -- found version 5.8.1
[1.111s] -- Searching for dependencies of ignition-msgs5
[1.141s] -- Looking for ignition-math6 -- found version 6.15.1
[1.148s] -- Checking for module 'tinyxml2'
[1.168s] --   Found tinyxml2, version 9.0.0
[1.215s] -- Looking for ignition-msgs5 -- found version 5.8.1
[1.216s] -- Looking for ignition-common3 -- found version 3.14.0
[1.216s] -- Searching for dependencies of ignition-common3
[1.216s] -- Looking for dlfcn.h - found
[1.217s] -- Looking for libdl - found
[1.229s] -- Searching for <ignition-common3> component [graphics]
[1.230s] -- Looking for ignition-common3-graphics -- found version 3.14.0
[1.231s] -- Searching for dependencies of ignition-common3-graphics
[1.231s] -- Looking for ignition-math6 -- found version 6.15.1
[1.233s] -- Looking for ignition-fuel_tools4 -- found version 4.4.0
[1.233s] -- Searching for dependencies of ignition-fuel_tools4
[1.288s] -- Checking for module 'jsoncpp'
[1.308s] --   Found jsoncpp, version 1.9.5
[1.359s] -- Checking for module 'libzip'
[1.377s] --   Found libzip, version 1.7.3
[1.424s] -- Looking for ignition-common3 -- found version 3.14.0
[1.424s] -- Looking for ignition-math6 -- found version 6.15.1
[1.425s] -- Looking for ignition-msgs5 -- found version 5.8.1
[1.427s] -- Gazebo version: 11.10
[1.429s] -- Found xacro: 2.0.8 (/opt/ros/humble/share/xacro/cmake)
[1.518s] -- Configuring done
[1.533s] -- Generating done
[1.536s] -- Build files have been written to: /home/developer/SPWAR_ws/build/spot_description
[1.552s] Invoked command in '/home/developer/SPWAR_ws/build/spot_description' returned '0': CMAKE_PREFIX_PATH=${CMAKE_PREFIX_PATH}:/opt/ros/humble /usr/bin/cmake /home/developer/SPWAR_ws/src/spot_description -DCMAKE_INSTALL_PREFIX=/home/developer/SPWAR_ws/install/spot_description
[1.555s] Invoking command in '/home/developer/SPWAR_ws/build/spot_description': CMAKE_PREFIX_PATH=${CMAKE_PREFIX_PATH}:/opt/ros/humble /usr/bin/cmake --build /home/developer/SPWAR_ws/build/spot_description -- -j16 -l16
[1.613s] Invoked command in '/home/developer/SPWAR_ws/build/spot_description' returned '0': CMAKE_PREFIX_PATH=${CMAKE_PREFIX_PATH}:/opt/ros/humble /usr/bin/cmake --build /home/developer/SPWAR_ws/build/spot_description -- -j16 -l16
[1.656s] Invoking command in '/home/developer/SPWAR_ws/build/spot_description': CMAKE_PREFIX_PATH=${CMAKE_PREFIX_PATH}:/opt/ros/humble /usr/bin/cmake --install /home/developer/SPWAR_ws/build/spot_description
[1.664s] -- Install configuration: ""
[1.665s] -- Execute custom install script
[1.666s] -- Up-to-date symlink: /home/developer/SPWAR_ws/install/spot_description/share/spot_description/urdf/simple_robot.urdf
[1.667s] -- Up-to-date symlink: /home/developer/SPWAR_ws/install/spot_description/share/spot_description/urdf/spot_with_arm.urdf
[1.668s] -- Up-to-date symlink: /home/developer/SPWAR_ws/install/spot_description/share/spot_description/meshes/arm0.link_el0.stl
[1.668s] -- Up-to-date symlink: /home/developer/SPWAR_ws/install/spot_description/share/spot_description/meshes/arm0.link_el1.stl
[1.668s] -- Up-to-date symlink: /home/developer/SPWAR_ws/install/spot_description/share/spot_description/meshes/arm0.link_fngr.stl
[1.669s] -- Up-to-date symlink: /home/developer/SPWAR_ws/install/spot_description/share/spot_description/meshes/arm0.link_hr0.stl
[1.669s] -- Up-to-date symlink: /home/developer/SPWAR_ws/install/spot_description/share/spot_description/meshes/arm0.link_sh0.stl
[1.669s] -- Up-to-date symlink: /home/developer/SPWAR_ws/install/spot_description/share/spot_description/meshes/arm0.link_sh1.stl
[1.670s] -- Up-to-date symlink: /home/developer/SPWAR_ws/install/spot_description/share/spot_description/meshes/arm0.link_wr0.stl
[1.670s] -- Up-to-date symlink: /home/developer/SPWAR_ws/install/spot_description/share/spot_description/meshes/arm0.link_wr1.stl
[1.670s] -- Up-to-date symlink: /home/developer/SPWAR_ws/install/spot_description/share/spot_description/meshes/base_link_0_geom_visual_mesh.stl
[1.670s] -- Up-to-date symlink: /home/developer/SPWAR_ws/install/spot_description/share/spot_description/meshes/fl_hip_0_geom_visual_mesh.stl
[1.671s] -- Up-to-date symlink: /home/developer/SPWAR_ws/install/spot_description/share/spot_description/meshes/fr_hip_0_geom_visual_mesh.stl
[1.671s] -- Up-to-date symlink: /home/developer/SPWAR_ws/install/spot_description/share/spot_description/meshes/hl_hip_0_geom_visual_mesh.stl
[1.671s] -- Up-to-date symlink: /home/developer/SPWAR_ws/install/spot_description/share/spot_description/meshes/hr_hip_0_geom_visual_mesh.stl
[1.671s] -- Up-to-date symlink: /home/developer/SPWAR_ws/install/spot_description/share/spot_description/meshes/l_uleg_0_geom_visual_mesh.stl
[1.672s] -- Up-to-date symlink: /home/developer/SPWAR_ws/install/spot_description/share/spot_description/meshes/lleg_0_geom_visual_mesh.stl
[1.672s] -- Up-to-date symlink: /home/developer/SPWAR_ws/install/spot_description/share/spot_description/meshes/r_uleg_0_geom_visual_mesh.stl
[1.672s] -- Up-to-date symlink: /home/developer/SPWAR_ws/install/spot_description/share/spot_description/launch/display.launch.py
[1.673s] -- Up-to-date symlink: /home/developer/SPWAR_ws/install/spot_description/share/spot_description/launch/gazebo.launch.py
[1.673s] -- Up-to-date symlink: /home/developer/SPWAR_ws/install/spot_description/share/spot_description/launch/spot_moveit_rviz.launch.py
[1.673s] -- Up-to-date symlink: /home/developer/SPWAR_ws/install/spot_description/share/ament_index/resource_index/package_run_dependencies/spot_description
[1.674s] -- Up-to-date symlink: /home/developer/SPWAR_ws/install/spot_description/share/ament_index/resource_index/parent_prefix_path/spot_description
[1.674s] -- Up-to-date symlink: /home/developer/SPWAR_ws/install/spot_description/share/spot_description/environment/ament_prefix_path.sh
[1.674s] -- Up-to-date symlink: /home/developer/SPWAR_ws/install/spot_description/share/spot_description/environment/ament_prefix_path.dsv
[1.675s] -- Up-to-date symlink: /home/developer/SPWAR_ws/install/spot_description/share/spot_description/environment/path.sh
[1.675s] -- Up-to-date symlink: /home/developer/SPWAR_ws/install/spot_description/share/spot_description/environment/path.dsv
[1.675s] -- Up-to-date symlink: /home/developer/SPWAR_ws/install/spot_description/share/spot_description/local_setup.bash
[1.676s] -- Up-to-date symlink: /home/developer/SPWAR_ws/install/spot_description/share/spot_description/local_setup.sh
[1.676s] -- Up-to-date symlink: /home/developer/SPWAR_ws/install/spot_description/share/spot_description/local_setup.zsh
[1.676s] -- Up-to-date symlink: /home/developer/SPWAR_ws/install/spot_description/share/spot_description/local_setup.dsv
[1.676s] -- Symlinking: /home/developer/SPWAR_ws/install/spot_description/share/spot_description/package.dsv
[1.689s] -- Up-to-date symlink: /home/developer/SPWAR_ws/install/spot_description/share/ament_index/resource_index/packages/spot_description
[1.689s] -- Up-to-date symlink: /home/developer/SPWAR_ws/install/spot_description/share/spot_description/cmake/spot_descriptionConfig.cmake
[1.690s] -- Up-to-date symlink: /home/developer/SPWAR_ws/install/spot_description/share/spot_description/cmake/spot_descriptionConfig-version.cmake
[1.690s] -- Up-to-date symlink: /home/developer/SPWAR_ws/install/spot_description/share/spot_description/package.xml
[1.692s] Invoked command in '/home/developer/SPWAR_ws/build/spot_description' returned '0': CMAKE_PREFIX_PATH=${CMAKE_PREFIX_PATH}:/opt/ros/humble /usr/bin/cmake --install /home/developer/SPWAR_ws/build/spot_description
