[0.164s] DEBUG:colcon:Command line arguments: ['/usr/bin/colcon', 'build']
[0.164s] DEBUG:colcon:Parsed command line arguments: Namespace(log_base=None, log_level=None, verb_name='build', build_base='build', install_base='install', merge_install=False, symlink_install=False, test_result_base=None, continue_on_error=False, executor='parallel', parallel_workers=16, event_handlers=None, ignore_user_meta=False, metas=['./colcon.meta'], base_paths=['.'], packages_ignore=None, packages_ignore_regex=None, paths=None, packages_up_to=None, packages_up_to_regex=None, packages_above=None, packages_above_and_dependencies=None, packages_above_depth=None, packages_select_by_dep=None, packages_skip_by_dep=None, packages_skip_up_to=None, packages_select_build_failed=False, packages_skip_build_finished=False, packages_select_test_failures=False, packages_skip_test_passed=False, packages_select=None, packages_skip=None, packages_select_regex=None, packages_skip_regex=None, packages_start=None, packages_end=None, cmake_args=None, cmake_target=None, cmake_target_skip_unavailable=False, cmake_clean_cache=False, cmake_clean_first=False, cmake_force_configure=False, ament_cmake_args=None, catkin_cmake_args=None, catkin_skip_building_tests=False, mixin_files=None, mixin=None, verb_parser=<colcon_mixin.mixin.mixin_argument.MixinArgumentDecorator object at 0x750046c68940>, verb_extension=<colcon_core.verb.build.BuildVerb object at 0x750046c683d0>, main=<bound method BuildVerb.main of <colcon_core.verb.build.BuildVerb object at 0x750046c683d0>>, mixin_verb=('build',))
[0.361s] Level 1:colcon.colcon_core.package_discovery:discover_packages(colcon_meta) check parameters
[0.362s] INFO:colcon.colcon_metadata.package_discovery.colcon_meta:Using configuration from '/root/.colcon/metadata/default/Gazebo.meta'
[0.362s] INFO:colcon.colcon_metadata.package_discovery.colcon_meta:Using configuration from '/root/.colcon/metadata/default/fastrtps.meta'
[0.362s] Level 1:colcon.colcon_core.package_discovery:discover_packages(recursive) check parameters
[0.362s] Level 1:colcon.colcon_core.package_discovery:discover_packages(ignore) check parameters
[0.362s] Level 1:colcon.colcon_core.package_discovery:discover_packages(path) check parameters
[0.362s] Level 1:colcon.colcon_core.package_discovery:discover_packages(colcon_meta) discover
[0.362s] Level 1:colcon.colcon_core.package_discovery:discover_packages(recursive) discover
[0.362s] INFO:colcon.colcon_core.package_discovery:Crawling recursively for packages in '/home/developer/SPWAR_ws/src'
[0.363s] Level 1:colcon.colcon_core.package_identification:_identify(.) by extensions ['ignore', 'ignore_ament_install']
[0.363s] Level 1:colcon.colcon_core.package_identification:_identify(.) by extension 'ignore'
[0.363s] Level 1:colcon.colcon_core.package_identification:_identify(.) by extension 'ignore_ament_install'
[0.363s] Level 1:colcon.colcon_core.package_identification:_identify(.) by extensions ['colcon_pkg']
[0.363s] Level 1:colcon.colcon_core.package_identification:_identify(.) by extension 'colcon_pkg'
[0.363s] Level 1:colcon.colcon_core.package_identification:_identify(.) by extensions ['colcon_meta']
[0.363s] Level 1:colcon.colcon_core.package_identification:_identify(.) by extension 'colcon_meta'
[0.363s] Level 1:colcon.colcon_core.package_identification:_identify(.) by extensions ['ros']
[0.363s] Level 1:colcon.colcon_core.package_identification:_identify(.) by extension 'ros'
[0.374s] Level 1:colcon.colcon_core.package_identification:_identify(.) by extensions ['cmake', 'python']
[0.374s] Level 1:colcon.colcon_core.package_identification:_identify(.) by extension 'cmake'
[0.374s] Level 1:colcon.colcon_core.package_identification:_identify(.) by extension 'python'
[0.374s] Level 1:colcon.colcon_core.package_identification:_identify(.) by extensions ['python_setup_py']
[0.374s] Level 1:colcon.colcon_core.package_identification:_identify(.) by extension 'python_setup_py'
[0.375s] Level 1:colcon.colcon_core.package_identification:_identify(build) by extensions ['ignore', 'ignore_ament_install']
[0.375s] Level 1:colcon.colcon_core.package_identification:_identify(build) by extension 'ignore'
[0.375s] Level 1:colcon.colcon_core.package_identification:_identify(build) ignored
[0.375s] Level 1:colcon.colcon_core.package_identification:_identify(hello_moveit) by extensions ['ignore', 'ignore_ament_install']
[0.375s] Level 1:colcon.colcon_core.package_identification:_identify(hello_moveit) by extension 'ignore'
[0.375s] Level 1:colcon.colcon_core.package_identification:_identify(hello_moveit) by extension 'ignore_ament_install'
[0.375s] Level 1:colcon.colcon_core.package_identification:_identify(hello_moveit) by extensions ['colcon_pkg']
[0.375s] Level 1:colcon.colcon_core.package_identification:_identify(hello_moveit) by extension 'colcon_pkg'
[0.375s] Level 1:colcon.colcon_core.package_identification:_identify(hello_moveit) by extensions ['colcon_meta']
[0.375s] Level 1:colcon.colcon_core.package_identification:_identify(hello_moveit) by extension 'colcon_meta'
[0.375s] Level 1:colcon.colcon_core.package_identification:_identify(hello_moveit) by extensions ['ros']
[0.375s] Level 1:colcon.colcon_core.package_identification:_identify(hello_moveit) by extension 'ros'
[0.378s] DEBUG:colcon.colcon_core.package_identification:Package 'hello_moveit' with type 'ros.ament_cmake' and name 'hello_moveit'
[0.378s] Level 1:colcon.colcon_core.package_identification:_identify(install) by extensions ['ignore', 'ignore_ament_install']
[0.378s] Level 1:colcon.colcon_core.package_identification:_identify(install) by extension 'ignore'
[0.378s] Level 1:colcon.colcon_core.package_identification:_identify(install) ignored
[0.378s] Level 1:colcon.colcon_core.package_identification:_identify(log) by extensions ['ignore', 'ignore_ament_install']
[0.378s] Level 1:colcon.colcon_core.package_identification:_identify(log) by extension 'ignore'
[0.378s] Level 1:colcon.colcon_core.package_identification:_identify(log) ignored
[0.378s] Level 1:colcon.colcon_core.package_identification:_identify(spot_description) by extensions ['ignore', 'ignore_ament_install']
[0.378s] Level 1:colcon.colcon_core.package_identification:_identify(spot_description) by extension 'ignore'
[0.378s] Level 1:colcon.colcon_core.package_identification:_identify(spot_description) by extension 'ignore_ament_install'
[0.378s] Level 1:colcon.colcon_core.package_identification:_identify(spot_description) by extensions ['colcon_pkg']
[0.378s] Level 1:colcon.colcon_core.package_identification:_identify(spot_description) by extension 'colcon_pkg'
[0.378s] Level 1:colcon.colcon_core.package_identification:_identify(spot_description) by extensions ['colcon_meta']
[0.378s] Level 1:colcon.colcon_core.package_identification:_identify(spot_description) by extension 'colcon_meta'
[0.378s] Level 1:colcon.colcon_core.package_identification:_identify(spot_description) by extensions ['ros']
[0.378s] Level 1:colcon.colcon_core.package_identification:_identify(spot_description) by extension 'ros'
[0.380s] DEBUG:colcon.colcon_core.package_identification:Package 'spot_description' with type 'ros.ament_cmake' and name 'spot_description'
[0.380s] Level 1:colcon.colcon_core.package_identification:_identify(spot_moveit_config) by extensions ['ignore', 'ignore_ament_install']
[0.380s] Level 1:colcon.colcon_core.package_identification:_identify(spot_moveit_config) by extension 'ignore'
[0.380s] Level 1:colcon.colcon_core.package_identification:_identify(spot_moveit_config) by extension 'ignore_ament_install'
[0.380s] Level 1:colcon.colcon_core.package_identification:_identify(spot_moveit_config) by extensions ['colcon_pkg']
[0.380s] Level 1:colcon.colcon_core.package_identification:_identify(spot_moveit_config) by extension 'colcon_pkg'
[0.380s] Level 1:colcon.colcon_core.package_identification:_identify(spot_moveit_config) by extensions ['colcon_meta']
[0.380s] Level 1:colcon.colcon_core.package_identification:_identify(spot_moveit_config) by extension 'colcon_meta'
[0.380s] Level 1:colcon.colcon_core.package_identification:_identify(spot_moveit_config) by extensions ['ros']
[0.380s] Level 1:colcon.colcon_core.package_identification:_identify(spot_moveit_config) by extension 'ros'
[0.381s] DEBUG:colcon.colcon_core.package_identification:Package 'spot_moveit_config' with type 'ros.ament_cmake' and name 'spot_moveit_config'
[0.381s] Level 1:colcon.colcon_core.package_discovery:discover_packages(recursive) using defaults
[0.381s] Level 1:colcon.colcon_core.package_discovery:discover_packages(ignore) discover
[0.381s] Level 1:colcon.colcon_core.package_discovery:discover_packages(ignore) using defaults
[0.381s] Level 1:colcon.colcon_core.package_discovery:discover_packages(path) discover
[0.381s] Level 1:colcon.colcon_core.package_discovery:discover_packages(path) using defaults
[0.405s] Level 5:colcon.colcon_core.verb:set package 'hello_moveit' build argument 'cmake_args' from command line to 'None'
[0.405s] Level 5:colcon.colcon_core.verb:set package 'hello_moveit' build argument 'cmake_target' from command line to 'None'
[0.405s] Level 5:colcon.colcon_core.verb:set package 'hello_moveit' build argument 'cmake_target_skip_unavailable' from command line to 'False'
[0.405s] Level 5:colcon.colcon_core.verb:set package 'hello_moveit' build argument 'cmake_clean_cache' from command line to 'False'
[0.405s] Level 5:colcon.colcon_core.verb:set package 'hello_moveit' build argument 'cmake_clean_first' from command line to 'False'
[0.405s] Level 5:colcon.colcon_core.verb:set package 'hello_moveit' build argument 'cmake_force_configure' from command line to 'False'
[0.405s] Level 5:colcon.colcon_core.verb:set package 'hello_moveit' build argument 'ament_cmake_args' from command line to 'None'
[0.405s] Level 5:colcon.colcon_core.verb:set package 'hello_moveit' build argument 'catkin_cmake_args' from command line to 'None'
[0.405s] Level 5:colcon.colcon_core.verb:set package 'hello_moveit' build argument 'catkin_skip_building_tests' from command line to 'False'
[0.405s] DEBUG:colcon.colcon_core.verb:Building package 'hello_moveit' with the following arguments: {'ament_cmake_args': None, 'build_base': '/home/developer/SPWAR_ws/src/build/hello_moveit', 'catkin_cmake_args': None, 'catkin_skip_building_tests': False, 'cmake_args': None, 'cmake_clean_cache': False, 'cmake_clean_first': False, 'cmake_force_configure': False, 'cmake_target': None, 'cmake_target_skip_unavailable': False, 'install_base': '/home/developer/SPWAR_ws/src/install/hello_moveit', 'merge_install': False, 'path': '/home/developer/SPWAR_ws/src/hello_moveit', 'symlink_install': False, 'test_result_base': None}
[0.405s] Level 5:colcon.colcon_core.verb:set package 'spot_description' build argument 'cmake_args' from command line to 'None'
[0.405s] Level 5:colcon.colcon_core.verb:set package 'spot_description' build argument 'cmake_target' from command line to 'None'
[0.405s] Level 5:colcon.colcon_core.verb:set package 'spot_description' build argument 'cmake_target_skip_unavailable' from command line to 'False'
[0.405s] Level 5:colcon.colcon_core.verb:set package 'spot_description' build argument 'cmake_clean_cache' from command line to 'False'
[0.405s] Level 5:colcon.colcon_core.verb:set package 'spot_description' build argument 'cmake_clean_first' from command line to 'False'
[0.405s] Level 5:colcon.colcon_core.verb:set package 'spot_description' build argument 'cmake_force_configure' from command line to 'False'
[0.405s] Level 5:colcon.colcon_core.verb:set package 'spot_description' build argument 'ament_cmake_args' from command line to 'None'
[0.405s] Level 5:colcon.colcon_core.verb:set package 'spot_description' build argument 'catkin_cmake_args' from command line to 'None'
[0.405s] Level 5:colcon.colcon_core.verb:set package 'spot_description' build argument 'catkin_skip_building_tests' from command line to 'False'
[0.405s] DEBUG:colcon.colcon_core.verb:Building package 'spot_description' with the following arguments: {'ament_cmake_args': None, 'build_base': '/home/developer/SPWAR_ws/src/build/spot_description', 'catkin_cmake_args': None, 'catkin_skip_building_tests': False, 'cmake_args': None, 'cmake_clean_cache': False, 'cmake_clean_first': False, 'cmake_force_configure': False, 'cmake_target': None, 'cmake_target_skip_unavailable': False, 'install_base': '/home/developer/SPWAR_ws/src/install/spot_description', 'merge_install': False, 'path': '/home/developer/SPWAR_ws/src/spot_description', 'symlink_install': False, 'test_result_base': None}
[0.406s] Level 5:colcon.colcon_core.verb:set package 'spot_moveit_config' build argument 'cmake_args' from command line to 'None'
[0.406s] Level 5:colcon.colcon_core.verb:set package 'spot_moveit_config' build argument 'cmake_target' from command line to 'None'
[0.406s] Level 5:colcon.colcon_core.verb:set package 'spot_moveit_config' build argument 'cmake_target_skip_unavailable' from command line to 'False'
[0.406s] Level 5:colcon.colcon_core.verb:set package 'spot_moveit_config' build argument 'cmake_clean_cache' from command line to 'False'
[0.406s] Level 5:colcon.colcon_core.verb:set package 'spot_moveit_config' build argument 'cmake_clean_first' from command line to 'False'
[0.406s] Level 5:colcon.colcon_core.verb:set package 'spot_moveit_config' build argument 'cmake_force_configure' from command line to 'False'
[0.406s] Level 5:colcon.colcon_core.verb:set package 'spot_moveit_config' build argument 'ament_cmake_args' from command line to 'None'
[0.406s] Level 5:colcon.colcon_core.verb:set package 'spot_moveit_config' build argument 'catkin_cmake_args' from command line to 'None'
[0.406s] Level 5:colcon.colcon_core.verb:set package 'spot_moveit_config' build argument 'catkin_skip_building_tests' from command line to 'False'
[0.406s] DEBUG:colcon.colcon_core.verb:Building package 'spot_moveit_config' with the following arguments: {'ament_cmake_args': None, 'build_base': '/home/developer/SPWAR_ws/src/build/spot_moveit_config', 'catkin_cmake_args': None, 'catkin_skip_building_tests': False, 'cmake_args': None, 'cmake_clean_cache': False, 'cmake_clean_first': False, 'cmake_force_configure': False, 'cmake_target': None, 'cmake_target_skip_unavailable': False, 'install_base': '/home/developer/SPWAR_ws/src/install/spot_moveit_config', 'merge_install': False, 'path': '/home/developer/SPWAR_ws/src/spot_moveit_config', 'symlink_install': False, 'test_result_base': None}
[0.406s] INFO:colcon.colcon_core.executor:Executing jobs using 'parallel' executor
[0.407s] DEBUG:colcon.colcon_parallel_executor.executor.parallel:run_until_complete
[0.407s] INFO:colcon.colcon_ros.task.ament_cmake.build:Building ROS package in '/home/developer/SPWAR_ws/src/spot_description' with build type 'ament_cmake'
[0.407s] INFO:colcon.colcon_cmake.task.cmake.build:Building CMake package in '/home/developer/SPWAR_ws/src/spot_description'
[0.411s] INFO:colcon.colcon_core.plugin_system:Skipping extension 'colcon_core.shell.bat': Not used on non-Windows systems
[0.411s] INFO:colcon.colcon_core.shell:Skip shell extension 'powershell' for command environment: Not usable outside of PowerShell
[0.411s] DEBUG:colcon.colcon_core.shell:Skip shell extension 'dsv' for command environment
[0.418s] INFO:colcon.colcon_ros.task.ament_cmake.build:Building ROS package in '/home/developer/SPWAR_ws/src/hello_moveit' with build type 'ament_cmake'
[0.418s] INFO:colcon.colcon_cmake.task.cmake.build:Building CMake package in '/home/developer/SPWAR_ws/src/hello_moveit'
[0.418s] INFO:colcon.colcon_core.shell:Skip shell extension 'powershell' for command environment: Not usable outside of PowerShell
[0.418s] DEBUG:colcon.colcon_core.shell:Skip shell extension 'dsv' for command environment
[0.425s] DEBUG:colcon.colcon_core.event_handler.log_command:Invoking command in '/home/developer/SPWAR_ws/src/build/spot_description': CMAKE_PREFIX_PATH=${CMAKE_PREFIX_PATH}:/opt/ros/humble /usr/bin/cmake /home/developer/SPWAR_ws/src/spot_description -DCMAKE_INSTALL_PREFIX=/home/developer/SPWAR_ws/src/install/spot_description
[0.431s] DEBUG:colcon.colcon_core.event_handler.log_command:Invoking command in '/home/developer/SPWAR_ws/src/build/hello_moveit': CMAKE_PREFIX_PATH=${CMAKE_PREFIX_PATH}:/opt/ros/humble /usr/bin/cmake /home/developer/SPWAR_ws/src/hello_moveit -DCMAKE_INSTALL_PREFIX=/home/developer/SPWAR_ws/src/install/hello_moveit
[1.598s] DEBUG:colcon.colcon_core.event_handler.log_command:Invoked command in '/home/developer/SPWAR_ws/src/build/spot_description' returned '0': CMAKE_PREFIX_PATH=${CMAKE_PREFIX_PATH}:/opt/ros/humble /usr/bin/cmake /home/developer/SPWAR_ws/src/spot_description -DCMAKE_INSTALL_PREFIX=/home/developer/SPWAR_ws/src/install/spot_description
[1.600s] DEBUG:colcon.colcon_core.event_handler.log_command:Invoking command in '/home/developer/SPWAR_ws/src/build/spot_description': CMAKE_PREFIX_PATH=${CMAKE_PREFIX_PATH}:/opt/ros/humble /usr/bin/cmake --build /home/developer/SPWAR_ws/src/build/spot_description -- -j16 -l16
[1.642s] DEBUG:colcon.colcon_core.event_handler.log_command:Invoked command in '/home/developer/SPWAR_ws/src/build/spot_description' returned '0': CMAKE_PREFIX_PATH=${CMAKE_PREFIX_PATH}:/opt/ros/humble /usr/bin/cmake --build /home/developer/SPWAR_ws/src/build/spot_description -- -j16 -l16
[1.674s] DEBUG:colcon.colcon_core.event_handler.log_command:Invoking command in '/home/developer/SPWAR_ws/src/build/spot_description': CMAKE_PREFIX_PATH=${CMAKE_PREFIX_PATH}:/opt/ros/humble /usr/bin/cmake --install /home/developer/SPWAR_ws/src/build/spot_description
[1.686s] DEBUG:colcon.colcon_core.event_handler.log_command:Invoked command in '/home/developer/SPWAR_ws/src/build/hello_moveit' returned '0': CMAKE_PREFIX_PATH=${CMAKE_PREFIX_PATH}:/opt/ros/humble /usr/bin/cmake /home/developer/SPWAR_ws/src/hello_moveit -DCMAKE_INSTALL_PREFIX=/home/developer/SPWAR_ws/src/install/hello_moveit
[1.687s] DEBUG:colcon.colcon_core.event_handler.log_command:Invoking command in '/home/developer/SPWAR_ws/src/build/hello_moveit': CMAKE_PREFIX_PATH=${CMAKE_PREFIX_PATH}:/opt/ros/humble /usr/bin/cmake --build /home/developer/SPWAR_ws/src/build/hello_moveit -- -j16 -l16
[1.702s] Level 1:colcon.colcon_core.environment:create_environment_scripts_only(spot_description)
[1.702s] DEBUG:colcon.colcon_core.event_handler.log_command:Invoked command in '/home/developer/SPWAR_ws/src/build/spot_description' returned '0': CMAKE_PREFIX_PATH=${CMAKE_PREFIX_PATH}:/opt/ros/humble /usr/bin/cmake --install /home/developer/SPWAR_ws/src/build/spot_description
[1.707s] Level 1:colcon.colcon_core.environment:checking '/home/developer/SPWAR_ws/src/install/spot_description' for CMake module files
[1.707s] Level 1:colcon.colcon_core.environment:checking '/home/developer/SPWAR_ws/src/install/spot_description' for CMake config files
[1.707s] Level 1:colcon.colcon_core.shell:create_environment_hook('spot_description', 'cmake_prefix_path')
[1.708s] INFO:colcon.colcon_core.shell:Creating environment hook '/home/developer/SPWAR_ws/src/install/spot_description/share/spot_description/hook/cmake_prefix_path.ps1'
[1.708s] INFO:colcon.colcon_core.shell:Creating environment descriptor '/home/developer/SPWAR_ws/src/install/spot_description/share/spot_description/hook/cmake_prefix_path.dsv'
[1.709s] INFO:colcon.colcon_core.shell:Creating environment hook '/home/developer/SPWAR_ws/src/install/spot_description/share/spot_description/hook/cmake_prefix_path.sh'
[1.710s] Level 1:colcon.colcon_core.environment:checking '/home/developer/SPWAR_ws/src/install/spot_description/bin'
[1.710s] Level 1:colcon.colcon_core.environment:checking '/home/developer/SPWAR_ws/src/install/spot_description/lib/pkgconfig/spot_description.pc'
[1.713s] Level 1:colcon.colcon_core.environment:checking '/home/developer/SPWAR_ws/src/install/spot_description/lib/python3.10/site-packages'
[1.713s] Level 1:colcon.colcon_core.environment:checking '/home/developer/SPWAR_ws/src/install/spot_description/bin'
[1.713s] INFO:colcon.colcon_core.shell:Creating package script '/home/developer/SPWAR_ws/src/install/spot_description/share/spot_description/package.ps1'
[1.714s] INFO:colcon.colcon_core.shell:Creating package descriptor '/home/developer/SPWAR_ws/src/install/spot_description/share/spot_description/package.dsv'
[1.715s] INFO:colcon.colcon_core.shell:Creating package script '/home/developer/SPWAR_ws/src/install/spot_description/share/spot_description/package.sh'
[1.715s] INFO:colcon.colcon_core.shell:Creating package script '/home/developer/SPWAR_ws/src/install/spot_description/share/spot_description/package.bash'
[1.716s] INFO:colcon.colcon_core.shell:Creating package script '/home/developer/SPWAR_ws/src/install/spot_description/share/spot_description/package.zsh'
[1.717s] Level 1:colcon.colcon_core.environment:create_file_with_runtime_dependencies(/home/developer/SPWAR_ws/src/install/spot_description/share/colcon-core/packages/spot_description)
[1.739s] Level 1:colcon.colcon_core.environment:create_environment_scripts_only(spot_description)
[1.739s] Level 1:colcon.colcon_core.environment:checking '/home/developer/SPWAR_ws/src/install/spot_description' for CMake module files
[1.740s] Level 1:colcon.colcon_core.environment:checking '/home/developer/SPWAR_ws/src/install/spot_description' for CMake config files
[1.740s] Level 1:colcon.colcon_core.shell:create_environment_hook('spot_description', 'cmake_prefix_path')
[1.740s] INFO:colcon.colcon_core.shell:Creating environment hook '/home/developer/SPWAR_ws/src/install/spot_description/share/spot_description/hook/cmake_prefix_path.ps1'
[1.741s] INFO:colcon.colcon_core.shell:Creating environment descriptor '/home/developer/SPWAR_ws/src/install/spot_description/share/spot_description/hook/cmake_prefix_path.dsv'
[1.741s] INFO:colcon.colcon_core.shell:Creating environment hook '/home/developer/SPWAR_ws/src/install/spot_description/share/spot_description/hook/cmake_prefix_path.sh'
[1.741s] Level 1:colcon.colcon_core.environment:checking '/home/developer/SPWAR_ws/src/install/spot_description/bin'
[1.741s] Level 1:colcon.colcon_core.environment:checking '/home/developer/SPWAR_ws/src/install/spot_description/lib/pkgconfig/spot_description.pc'
[1.741s] Level 1:colcon.colcon_core.environment:checking '/home/developer/SPWAR_ws/src/install/spot_description/lib/python3.10/site-packages'
[1.742s] Level 1:colcon.colcon_core.environment:checking '/home/developer/SPWAR_ws/src/install/spot_description/bin'
[1.742s] INFO:colcon.colcon_core.shell:Creating package script '/home/developer/SPWAR_ws/src/install/spot_description/share/spot_description/package.ps1'
[1.742s] INFO:colcon.colcon_core.shell:Creating package descriptor '/home/developer/SPWAR_ws/src/install/spot_description/share/spot_description/package.dsv'
[1.742s] INFO:colcon.colcon_core.shell:Creating package script '/home/developer/SPWAR_ws/src/install/spot_description/share/spot_description/package.sh'
[1.743s] INFO:colcon.colcon_core.shell:Creating package script '/home/developer/SPWAR_ws/src/install/spot_description/share/spot_description/package.bash'
[1.743s] INFO:colcon.colcon_core.shell:Creating package script '/home/developer/SPWAR_ws/src/install/spot_description/share/spot_description/package.zsh'
[1.743s] Level 1:colcon.colcon_core.environment:create_file_with_runtime_dependencies(/home/developer/SPWAR_ws/src/install/spot_description/share/colcon-core/packages/spot_description)
[1.744s] INFO:colcon.colcon_ros.task.ament_cmake.build:Building ROS package in '/home/developer/SPWAR_ws/src/spot_moveit_config' with build type 'ament_cmake'
[1.744s] INFO:colcon.colcon_cmake.task.cmake.build:Building CMake package in '/home/developer/SPWAR_ws/src/spot_moveit_config'
[1.744s] INFO:colcon.colcon_core.shell:Skip shell extension 'powershell' for command environment: Not usable outside of PowerShell
[1.744s] DEBUG:colcon.colcon_core.shell:Skip shell extension 'dsv' for command environment
[1.755s] DEBUG:colcon.colcon_core.event_handler.log_command:Invoking command in '/home/developer/SPWAR_ws/src/build/spot_moveit_config': CMAKE_PREFIX_PATH=/home/developer/SPWAR_ws/src/install/spot_description:/home/developer/SPWAR_ws/install/hello_moveit:/home/developer/SPWAR_ws/src/install/spot_moveit_config:/home/developer/SPWAR_ws/src/install/hello_moveit:/home/developer/SPWAR_ws/install/spot_moveit_config:/home/developer/SPWAR_ws/install/spot_description:/opt/ros/humble /usr/bin/cmake /home/developer/SPWAR_ws/src/spot_moveit_config -DCMAKE_INSTALL_PREFIX=/home/developer/SPWAR_ws/src/install/spot_moveit_config
[1.850s] DEBUG:colcon.colcon_core.event_handler.log_command:Invoked command in '/home/developer/SPWAR_ws/src/build/hello_moveit' returned '0': CMAKE_PREFIX_PATH=${CMAKE_PREFIX_PATH}:/opt/ros/humble /usr/bin/cmake --build /home/developer/SPWAR_ws/src/build/hello_moveit -- -j16 -l16
[1.877s] DEBUG:colcon.colcon_core.event_handler.log_command:Invoking command in '/home/developer/SPWAR_ws/src/build/hello_moveit': CMAKE_PREFIX_PATH=${CMAKE_PREFIX_PATH}:/opt/ros/humble /usr/bin/cmake --install /home/developer/SPWAR_ws/src/build/hello_moveit
[1.899s] Level 1:colcon.colcon_core.environment:create_environment_scripts_only(hello_moveit)
[1.899s] Level 1:colcon.colcon_core.environment:checking '/home/developer/SPWAR_ws/src/install/hello_moveit' for CMake module files
[1.899s] DEBUG:colcon.colcon_core.event_handler.log_command:Invoked command in '/home/developer/SPWAR_ws/src/build/hello_moveit' returned '0': CMAKE_PREFIX_PATH=${CMAKE_PREFIX_PATH}:/opt/ros/humble /usr/bin/cmake --install /home/developer/SPWAR_ws/src/build/hello_moveit
[1.900s] Level 1:colcon.colcon_core.environment:checking '/home/developer/SPWAR_ws/src/install/hello_moveit' for CMake config files
[1.900s] Level 1:colcon.colcon_core.shell:create_environment_hook('hello_moveit', 'cmake_prefix_path')
[1.900s] INFO:colcon.colcon_core.shell:Creating environment hook '/home/developer/SPWAR_ws/src/install/hello_moveit/share/hello_moveit/hook/cmake_prefix_path.ps1'
[1.900s] INFO:colcon.colcon_core.shell:Creating environment descriptor '/home/developer/SPWAR_ws/src/install/hello_moveit/share/hello_moveit/hook/cmake_prefix_path.dsv'
[1.901s] INFO:colcon.colcon_core.shell:Creating environment hook '/home/developer/SPWAR_ws/src/install/hello_moveit/share/hello_moveit/hook/cmake_prefix_path.sh'
[1.901s] Level 1:colcon.colcon_core.environment:checking '/home/developer/SPWAR_ws/src/install/hello_moveit/lib'
[1.901s] Level 1:colcon.colcon_core.environment:checking '/home/developer/SPWAR_ws/src/install/hello_moveit/bin'
[1.901s] Level 1:colcon.colcon_core.environment:checking '/home/developer/SPWAR_ws/src/install/hello_moveit/lib/pkgconfig/hello_moveit.pc'
[1.901s] Level 1:colcon.colcon_core.environment:checking '/home/developer/SPWAR_ws/src/install/hello_moveit/lib/python3.10/site-packages'
[1.902s] Level 1:colcon.colcon_core.environment:checking '/home/developer/SPWAR_ws/src/install/hello_moveit/bin'
[1.902s] INFO:colcon.colcon_core.shell:Creating package script '/home/developer/SPWAR_ws/src/install/hello_moveit/share/hello_moveit/package.ps1'
[1.902s] INFO:colcon.colcon_core.shell:Creating package descriptor '/home/developer/SPWAR_ws/src/install/hello_moveit/share/hello_moveit/package.dsv'
[1.902s] INFO:colcon.colcon_core.shell:Creating package script '/home/developer/SPWAR_ws/src/install/hello_moveit/share/hello_moveit/package.sh'
[1.903s] INFO:colcon.colcon_core.shell:Creating package script '/home/developer/SPWAR_ws/src/install/hello_moveit/share/hello_moveit/package.bash'
[1.903s] INFO:colcon.colcon_core.shell:Creating package script '/home/developer/SPWAR_ws/src/install/hello_moveit/share/hello_moveit/package.zsh'
[1.903s] Level 1:colcon.colcon_core.environment:create_file_with_runtime_dependencies(/home/developer/SPWAR_ws/src/install/hello_moveit/share/colcon-core/packages/hello_moveit)
[1.930s] Level 1:colcon.colcon_core.environment:create_environment_scripts_only(hello_moveit)
[1.930s] Level 1:colcon.colcon_core.environment:checking '/home/developer/SPWAR_ws/src/install/hello_moveit' for CMake module files
[1.931s] Level 1:colcon.colcon_core.environment:checking '/home/developer/SPWAR_ws/src/install/hello_moveit' for CMake config files
[1.931s] Level 1:colcon.colcon_core.shell:create_environment_hook('hello_moveit', 'cmake_prefix_path')
[1.931s] INFO:colcon.colcon_core.shell:Creating environment hook '/home/developer/SPWAR_ws/src/install/hello_moveit/share/hello_moveit/hook/cmake_prefix_path.ps1'
[1.932s] INFO:colcon.colcon_core.shell:Creating environment descriptor '/home/developer/SPWAR_ws/src/install/hello_moveit/share/hello_moveit/hook/cmake_prefix_path.dsv'
[1.932s] INFO:colcon.colcon_core.shell:Creating environment hook '/home/developer/SPWAR_ws/src/install/hello_moveit/share/hello_moveit/hook/cmake_prefix_path.sh'
[1.932s] Level 1:colcon.colcon_core.environment:checking '/home/developer/SPWAR_ws/src/install/hello_moveit/lib'
[1.933s] Level 1:colcon.colcon_core.environment:checking '/home/developer/SPWAR_ws/src/install/hello_moveit/bin'
[1.933s] Level 1:colcon.colcon_core.environment:checking '/home/developer/SPWAR_ws/src/install/hello_moveit/lib/pkgconfig/hello_moveit.pc'
[1.933s] Level 1:colcon.colcon_core.environment:checking '/home/developer/SPWAR_ws/src/install/hello_moveit/lib/python3.10/site-packages'
[1.933s] Level 1:colcon.colcon_core.environment:checking '/home/developer/SPWAR_ws/src/install/hello_moveit/bin'
[1.933s] INFO:colcon.colcon_core.shell:Creating package script '/home/developer/SPWAR_ws/src/install/hello_moveit/share/hello_moveit/package.ps1'
[1.934s] INFO:colcon.colcon_core.shell:Creating package descriptor '/home/developer/SPWAR_ws/src/install/hello_moveit/share/hello_moveit/package.dsv'
[1.935s] INFO:colcon.colcon_core.shell:Creating package script '/home/developer/SPWAR_ws/src/install/hello_moveit/share/hello_moveit/package.sh'
[1.935s] INFO:colcon.colcon_core.shell:Creating package script '/home/developer/SPWAR_ws/src/install/hello_moveit/share/hello_moveit/package.bash'
[1.935s] INFO:colcon.colcon_core.shell:Creating package script '/home/developer/SPWAR_ws/src/install/hello_moveit/share/hello_moveit/package.zsh'
[1.935s] Level 1:colcon.colcon_core.environment:create_file_with_runtime_dependencies(/home/developer/SPWAR_ws/src/install/hello_moveit/share/colcon-core/packages/hello_moveit)
[1.945s] DEBUG:colcon.colcon_core.event_handler.log_command:Invoked command in '/home/developer/SPWAR_ws/src/build/spot_moveit_config' returned '0': CMAKE_PREFIX_PATH=/home/developer/SPWAR_ws/src/install/spot_description:/home/developer/SPWAR_ws/install/hello_moveit:/home/developer/SPWAR_ws/src/install/spot_moveit_config:/home/developer/SPWAR_ws/src/install/hello_moveit:/home/developer/SPWAR_ws/install/spot_moveit_config:/home/developer/SPWAR_ws/install/spot_description:/opt/ros/humble /usr/bin/cmake /home/developer/SPWAR_ws/src/spot_moveit_config -DCMAKE_INSTALL_PREFIX=/home/developer/SPWAR_ws/src/install/spot_moveit_config
[1.946s] DEBUG:colcon.colcon_core.event_handler.log_command:Invoking command in '/home/developer/SPWAR_ws/src/build/spot_moveit_config': CMAKE_PREFIX_PATH=/home/developer/SPWAR_ws/src/install/spot_description:/home/developer/SPWAR_ws/install/hello_moveit:/home/developer/SPWAR_ws/src/install/spot_moveit_config:/home/developer/SPWAR_ws/src/install/hello_moveit:/home/developer/SPWAR_ws/install/spot_moveit_config:/home/developer/SPWAR_ws/install/spot_description:/opt/ros/humble /usr/bin/cmake --build /home/developer/SPWAR_ws/src/build/spot_moveit_config -- -j16 -l16
[1.981s] DEBUG:colcon.colcon_core.event_handler.log_command:Invoked command in '/home/developer/SPWAR_ws/src/build/spot_moveit_config' returned '0': CMAKE_PREFIX_PATH=/home/developer/SPWAR_ws/src/install/spot_description:/home/developer/SPWAR_ws/install/hello_moveit:/home/developer/SPWAR_ws/src/install/spot_moveit_config:/home/developer/SPWAR_ws/src/install/hello_moveit:/home/developer/SPWAR_ws/install/spot_moveit_config:/home/developer/SPWAR_ws/install/spot_description:/opt/ros/humble /usr/bin/cmake --build /home/developer/SPWAR_ws/src/build/spot_moveit_config -- -j16 -l16
[2.004s] DEBUG:colcon.colcon_core.event_handler.log_command:Invoking command in '/home/developer/SPWAR_ws/src/build/spot_moveit_config': CMAKE_PREFIX_PATH=/home/developer/SPWAR_ws/src/install/spot_description:/home/developer/SPWAR_ws/install/hello_moveit:/home/developer/SPWAR_ws/src/install/spot_moveit_config:/home/developer/SPWAR_ws/src/install/hello_moveit:/home/developer/SPWAR_ws/install/spot_moveit_config:/home/developer/SPWAR_ws/install/spot_description:/opt/ros/humble /usr/bin/cmake --install /home/developer/SPWAR_ws/src/build/spot_moveit_config
[2.039s] Level 1:colcon.colcon_core.environment:create_environment_scripts_only(spot_moveit_config)
[2.039s] Level 1:colcon.colcon_core.environment:checking '/home/developer/SPWAR_ws/src/install/spot_moveit_config' for CMake module files
[2.039s] DEBUG:colcon.colcon_core.event_handler.log_command:Invoked command in '/home/developer/SPWAR_ws/src/build/spot_moveit_config' returned '0': CMAKE_PREFIX_PATH=/home/developer/SPWAR_ws/src/install/spot_description:/home/developer/SPWAR_ws/install/hello_moveit:/home/developer/SPWAR_ws/src/install/spot_moveit_config:/home/developer/SPWAR_ws/src/install/hello_moveit:/home/developer/SPWAR_ws/install/spot_moveit_config:/home/developer/SPWAR_ws/install/spot_description:/opt/ros/humble /usr/bin/cmake --install /home/developer/SPWAR_ws/src/build/spot_moveit_config
[2.040s] Level 1:colcon.colcon_core.environment:checking '/home/developer/SPWAR_ws/src/install/spot_moveit_config' for CMake config files
[2.040s] Level 1:colcon.colcon_core.shell:create_environment_hook('spot_moveit_config', 'cmake_prefix_path')
[2.040s] INFO:colcon.colcon_core.shell:Creating environment hook '/home/developer/SPWAR_ws/src/install/spot_moveit_config/share/spot_moveit_config/hook/cmake_prefix_path.ps1'
[2.041s] INFO:colcon.colcon_core.shell:Creating environment descriptor '/home/developer/SPWAR_ws/src/install/spot_moveit_config/share/spot_moveit_config/hook/cmake_prefix_path.dsv'
[2.041s] INFO:colcon.colcon_core.shell:Creating environment hook '/home/developer/SPWAR_ws/src/install/spot_moveit_config/share/spot_moveit_config/hook/cmake_prefix_path.sh'
[2.041s] Level 1:colcon.colcon_core.environment:checking '/home/developer/SPWAR_ws/src/install/spot_moveit_config/bin'
[2.041s] Level 1:colcon.colcon_core.environment:checking '/home/developer/SPWAR_ws/src/install/spot_moveit_config/lib/pkgconfig/spot_moveit_config.pc'
[2.041s] Level 1:colcon.colcon_core.environment:checking '/home/developer/SPWAR_ws/src/install/spot_moveit_config/lib/python3.10/site-packages'
[2.042s] Level 1:colcon.colcon_core.environment:checking '/home/developer/SPWAR_ws/src/install/spot_moveit_config/bin'
[2.042s] INFO:colcon.colcon_core.shell:Creating package script '/home/developer/SPWAR_ws/src/install/spot_moveit_config/share/spot_moveit_config/package.ps1'
[2.042s] INFO:colcon.colcon_core.shell:Creating package descriptor '/home/developer/SPWAR_ws/src/install/spot_moveit_config/share/spot_moveit_config/package.dsv'
[2.042s] INFO:colcon.colcon_core.shell:Creating package script '/home/developer/SPWAR_ws/src/install/spot_moveit_config/share/spot_moveit_config/package.sh'
[2.043s] INFO:colcon.colcon_core.shell:Creating package script '/home/developer/SPWAR_ws/src/install/spot_moveit_config/share/spot_moveit_config/package.bash'
[2.043s] INFO:colcon.colcon_core.shell:Creating package script '/home/developer/SPWAR_ws/src/install/spot_moveit_config/share/spot_moveit_config/package.zsh'
[2.043s] Level 1:colcon.colcon_core.environment:create_file_with_runtime_dependencies(/home/developer/SPWAR_ws/src/install/spot_moveit_config/share/colcon-core/packages/spot_moveit_config)
[2.065s] Level 1:colcon.colcon_core.environment:create_environment_scripts_only(spot_moveit_config)
[2.065s] Level 1:colcon.colcon_core.environment:checking '/home/developer/SPWAR_ws/src/install/spot_moveit_config' for CMake module files
[2.066s] Level 1:colcon.colcon_core.environment:checking '/home/developer/SPWAR_ws/src/install/spot_moveit_config' for CMake config files
[2.066s] Level 1:colcon.colcon_core.shell:create_environment_hook('spot_moveit_config', 'cmake_prefix_path')
[2.066s] INFO:colcon.colcon_core.shell:Creating environment hook '/home/developer/SPWAR_ws/src/install/spot_moveit_config/share/spot_moveit_config/hook/cmake_prefix_path.ps1'
[2.067s] INFO:colcon.colcon_core.shell:Creating environment descriptor '/home/developer/SPWAR_ws/src/install/spot_moveit_config/share/spot_moveit_config/hook/cmake_prefix_path.dsv'
[2.067s] INFO:colcon.colcon_core.shell:Creating environment hook '/home/developer/SPWAR_ws/src/install/spot_moveit_config/share/spot_moveit_config/hook/cmake_prefix_path.sh'
[2.067s] Level 1:colcon.colcon_core.environment:checking '/home/developer/SPWAR_ws/src/install/spot_moveit_config/bin'
[2.067s] Level 1:colcon.colcon_core.environment:checking '/home/developer/SPWAR_ws/src/install/spot_moveit_config/lib/pkgconfig/spot_moveit_config.pc'
[2.067s] Level 1:colcon.colcon_core.environment:checking '/home/developer/SPWAR_ws/src/install/spot_moveit_config/lib/python3.10/site-packages'
[2.068s] Level 1:colcon.colcon_core.environment:checking '/home/developer/SPWAR_ws/src/install/spot_moveit_config/bin'
[2.068s] INFO:colcon.colcon_core.shell:Creating package script '/home/developer/SPWAR_ws/src/install/spot_moveit_config/share/spot_moveit_config/package.ps1'
[2.068s] INFO:colcon.colcon_core.shell:Creating package descriptor '/home/developer/SPWAR_ws/src/install/spot_moveit_config/share/spot_moveit_config/package.dsv'
[2.068s] INFO:colcon.colcon_core.shell:Creating package script '/home/developer/SPWAR_ws/src/install/spot_moveit_config/share/spot_moveit_config/package.sh'
[2.069s] INFO:colcon.colcon_core.shell:Creating package script '/home/developer/SPWAR_ws/src/install/spot_moveit_config/share/spot_moveit_config/package.bash'
[2.069s] INFO:colcon.colcon_core.shell:Creating package script '/home/developer/SPWAR_ws/src/install/spot_moveit_config/share/spot_moveit_config/package.zsh'
[2.070s] Level 1:colcon.colcon_core.environment:create_file_with_runtime_dependencies(/home/developer/SPWAR_ws/src/install/spot_moveit_config/share/colcon-core/packages/spot_moveit_config)
[2.070s] DEBUG:colcon.colcon_parallel_executor.executor.parallel:closing loop
[2.070s] DEBUG:colcon.colcon_parallel_executor.executor.parallel:loop closed
[2.070s] DEBUG:colcon.colcon_parallel_executor.executor.parallel:run_until_complete finished with '0'
[2.070s] DEBUG:colcon.colcon_core.event_reactor:joining thread
[2.080s] INFO:colcon.colcon_core.plugin_system:Skipping extension 'colcon_notification.desktop_notification.notify_send': Could not find 'notify-send'
[2.080s] INFO:colcon.colcon_core.plugin_system:Skipping extension 'colcon_notification.desktop_notification.terminal_notifier': Not used on non-Darwin systems
[2.080s] INFO:colcon.colcon_core.plugin_system:Skipping extension 'colcon_notification.desktop_notification.win32': Not used on non-Windows systems
[2.080s] INFO:colcon.colcon_notification.desktop_notification:Sending desktop notification using 'notify2'
[2.084s] DEBUG:colcon.colcon_notification.desktop_notification.notify2:Failed to initialize notify2: org.freedesktop.DBus.Error.Spawn.ExecFailed: /usr/bin/dbus-launch terminated abnormally without any error message
[2.085s] DEBUG:colcon.colcon_core.event_reactor:joined thread
[2.085s] INFO:colcon.colcon_core.shell:Creating prefix script '/home/developer/SPWAR_ws/src/install/local_setup.ps1'
[2.087s] INFO:colcon.colcon_core.shell:Creating prefix util module '/home/developer/SPWAR_ws/src/install/_local_setup_util_ps1.py'
[2.089s] INFO:colcon.colcon_core.shell:Creating prefix chain script '/home/developer/SPWAR_ws/src/install/setup.ps1'
[2.091s] INFO:colcon.colcon_core.shell:Creating prefix script '/home/developer/SPWAR_ws/src/install/local_setup.sh'
[2.092s] INFO:colcon.colcon_core.shell:Creating prefix util module '/home/developer/SPWAR_ws/src/install/_local_setup_util_sh.py'
[2.092s] INFO:colcon.colcon_core.shell:Creating prefix chain script '/home/developer/SPWAR_ws/src/install/setup.sh'
[2.094s] INFO:colcon.colcon_core.shell:Creating prefix script '/home/developer/SPWAR_ws/src/install/local_setup.bash'
[2.095s] INFO:colcon.colcon_core.shell:Creating prefix chain script '/home/developer/SPWAR_ws/src/install/setup.bash'
[2.096s] INFO:colcon.colcon_core.shell:Creating prefix script '/home/developer/SPWAR_ws/src/install/local_setup.zsh'
[2.097s] INFO:colcon.colcon_core.shell:Creating prefix chain script '/home/developer/SPWAR_ws/src/install/setup.zsh'
