[0.014s] Invoking command in '/home/developer/SPWAR_ws/build/hello_moveit': CMAKE_PREFIX_PATH=${CMAKE_PREFIX_PATH}:/opt/ros/humble /usr/bin/cmake --build /home/developer/SPWAR_ws/build/hello_moveit -- -j16 -l16
[0.124s] [35m[1mConsolidate compiler generated dependencies of target hello_moveit[0m
[0.175s] [ 50%] [32mBuilding CXX object CMakeFiles/hello_moveit.dir/src/hello_moveit.cpp.o[0m
[7.326s] [01m[K/home/developer/SPWAR_ws/src/hello_moveit/src/hello_moveit.cpp:[m[K In constructor ‘[01m[KMoveItNode::MoveItNode()[m[K’:
[7.326s] [01m[K/home/developer/SPWAR_ws/src/hello_moveit/src/hello_moveit.cpp:12:88:[m[K [01;31m[Kerror: [m[Kreference to ‘[01m[Kshared_from_this[m[K’ is ambiguous
[7.326s]    12 | ::make_shared<moveit::planning_interface::MoveGroupInterface>([01;31m[Kshared_from_this[m[K(), "spot_arm");
[7.326s]       |                                                               [01;31m[K^~~~~~~~~~~~~~~~[m[K
[7.327s] 
[7.327s] In file included from [01m[K/usr/include/c++/11/memory:77[m[K,
[7.327s]                  from [01m[K/opt/ros/humble/include/moveit/macros/declare_ptr.h:37[m[K,
[7.327s]                  from [01m[K/opt/ros/humble/include/moveit/macros/class_forward.h:39[m[K,
[7.327s]                  from [01m[K/opt/ros/humble/include/moveit/move_group_interface/move_group_interface.h:40[m[K,
[7.327s]                  from [01m[K/home/developer/SPWAR_ws/src/hello_moveit/src/hello_moveit.cpp:1[m[K:
[7.327s] [01m[K/usr/include/c++/11/bits/shared_ptr.h:811:7:[m[K [01;36m[Knote: [m[Kcandidates are: ‘[01m[Kstd::shared_ptr<const _Tp> std::enable_shared_from_this<_Tp>::shared_from_this() const [with _Tp = MoveItNode][m[K’
[7.327s]   811 |       [01;36m[Kshared_from_this[m[K() const
[7.327s]       |       [01;36m[K^~~~~~~~~~~~~~~~[m[K
[7.327s] [01m[K/usr/include/c++/11/bits/shared_ptr.h:807:7:[m[K [01;36m[Knote: [m[K                ‘[01m[Kstd::shared_ptr<_Tp> std::enable_shared_from_this<_Tp>::shared_from_this() [with _Tp = MoveItNode][m[K’
[7.327s]   807 |       [01;36m[Kshared_from_this[m[K()
[7.327s]       |       [01;36m[K^~~~~~~~~~~~~~~~[m[K
[7.327s] [01m[K/usr/include/c++/11/bits/shared_ptr.h:811:7:[m[K [01;36m[Knote: [m[K                ‘[01m[Kstd::shared_ptr<const _Tp> std::enable_shared_from_this<_Tp>::shared_from_this() const [with _Tp = rclcpp::Node][m[K’
[7.327s]   811 |       [01;36m[Kshared_from_this[m[K() const
[7.327s]       |       [01;36m[K^~~~~~~~~~~~~~~~[m[K
[7.328s] [01m[K/usr/include/c++/11/bits/shared_ptr.h:807:7:[m[K [01;36m[Knote: [m[K                ‘[01m[Kstd::shared_ptr<_Tp> std::enable_shared_from_this<_Tp>::shared_from_this() [with _Tp = rclcpp::Node][m[K’
[7.328s]   807 |       [01;36m[Kshared_from_this[m[K()
[7.328s]       |       [01;36m[K^~~~~~~~~~~~~~~~[m[K
[7.328s] [01m[K/home/developer/SPWAR_ws/src/hello_moveit/src/hello_moveit.cpp:14:98:[m[K [01;31m[Kerror: [m[Kreference to ‘[01m[Kshared_from_this[m[K’ is ambiguous
[7.328s]    14 | td::make_shared<planning_scene_monitor::PlanningSceneMonitor>([01;31m[Kshared_from_this[m[K(), "robot_description");
[7.328s]       |                                                               [01;31m[K^~~~~~~~~~~~~~~~[m[K
[7.328s] 
[7.328s] In file included from [01m[K/usr/include/c++/11/memory:77[m[K,
[7.328s]                  from [01m[K/opt/ros/humble/include/moveit/macros/declare_ptr.h:37[m[K,
[7.328s]                  from [01m[K/opt/ros/humble/include/moveit/macros/class_forward.h:39[m[K,
[7.328s]                  from [01m[K/opt/ros/humble/include/moveit/move_group_interface/move_group_interface.h:40[m[K,
[7.328s]                  from [01m[K/home/developer/SPWAR_ws/src/hello_moveit/src/hello_moveit.cpp:1[m[K:
[7.328s] [01m[K/usr/include/c++/11/bits/shared_ptr.h:811:7:[m[K [01;36m[Knote: [m[Kcandidates are: ‘[01m[Kstd::shared_ptr<const _Tp> std::enable_shared_from_this<_Tp>::shared_from_this() const [with _Tp = MoveItNode][m[K’
[7.328s]   811 |       [01;36m[Kshared_from_this[m[K() const
[7.328s]       |       [01;36m[K^~~~~~~~~~~~~~~~[m[K
[7.328s] [01m[K/usr/include/c++/11/bits/shared_ptr.h:807:7:[m[K [01;36m[Knote: [m[K                ‘[01m[Kstd::shared_ptr<_Tp> std::enable_shared_from_this<_Tp>::shared_from_this() [with _Tp = MoveItNode][m[K’
[7.328s]   807 |       [01;36m[Kshared_from_this[m[K()
[7.328s]       |       [01;36m[K^~~~~~~~~~~~~~~~[m[K
[7.328s] [01m[K/usr/include/c++/11/bits/shared_ptr.h:811:7:[m[K [01;36m[Knote: [m[K                ‘[01m[Kstd::shared_ptr<const _Tp> std::enable_shared_from_this<_Tp>::shared_from_this() const [with _Tp = rclcpp::Node][m[K’
[7.329s]   811 |       [01;36m[Kshared_from_this[m[K() const
[7.329s]       |       [01;36m[K^~~~~~~~~~~~~~~~[m[K
[7.329s] [01m[K/usr/include/c++/11/bits/shared_ptr.h:807:7:[m[K [01;36m[Knote: [m[K                ‘[01m[Kstd::shared_ptr<_Tp> std::enable_shared_from_this<_Tp>::shared_from_this() [with _Tp = rclcpp::Node][m[K’
[7.329s]   807 |       [01;36m[Kshared_from_this[m[K()
[7.329s]       |       [01;36m[K^~~~~~~~~~~~~~~~[m[K
[7.331s] [01m[K/home/developer/SPWAR_ws/src/hello_moveit/src/hello_moveit.cpp:[m[K In member function ‘[01m[Kbool MoveItNode::isColliding(const Pose&)[m[K’:
[7.331s] [01m[K/home/developer/SPWAR_ws/src/hello_moveit/src/hello_moveit.cpp:34:54:[m[K [01;35m[Kwarning: [m[Kunused parameter ‘[01m[Ktarget_pose[m[K’ [[01;35m[K-Wunused-parameter[m[K]
[7.331s]    34 |     bool isColliding([01;35m[Kconst geometry_msgs::msg::Pose& target_pose[m[K) {
[7.331s]       |                      [01;35m[K~~~~~~~~~~~~~~~~~~~~~~~~~~~~~~~~^~~~~~~~~~~[m[K
[9.353s] gmake[2]: *** [CMakeFiles/hello_moveit.dir/build.make:76: CMakeFiles/hello_moveit.dir/src/hello_moveit.cpp.o] Error 1
[9.353s] gmake[1]: *** [CMakeFiles/Makefile2:137: CMakeFiles/hello_moveit.dir/all] Error 2
[9.354s] gmake: *** [Makefile:146: all] Error 2
[9.360s] Invoked command in '/home/developer/SPWAR_ws/build/hello_moveit' returned '2': CMAKE_PREFIX_PATH=${CMAKE_PREFIX_PATH}:/opt/ros/humble /usr/bin/cmake --build /home/developer/SPWAR_ws/build/hello_moveit -- -j16 -l16
