1738184668.7084394 [INFO] [launch]: All log files can be found below /home/developer/SPWAR_ws/logs/2025-01-29-18-04-28-707106-b064b974ae0d-642022
1738184668.7085788 [INFO] [launch]: Default logging verbosity is set to INFO
1738184669.7095931 [INFO] [robot_state_publisher-1]: process started with pid [642030]
1738184669.7100830 [INFO] [move_group-2]: process started with pid [642032]
1738184669.7102251 [INFO] [rviz2-3]: process started with pid [642034]
1738184669.7103689 [INFO] [ros2_control_node-4]: process started with pid [642036]
1738184669.7104933 [INFO] [spawner-5]: process started with pid [642038]
1738184669.7106018 [INFO] [spawner-6]: process started with pid [642040]
1738184669.7106886 [INFO] [spawner-7]: process started with pid [642042]
1738184669.7133114 [ros2_control_node-4] [WARN] [1738184669.651220576] [controller_manager]: [Deprecated] Passing the robot description parameter directly to the control_manager node is deprecated. Use '~/robot_description' topic from 'robot_state_publisher' instead.
1738184669.7134669 [ros2_control_node-4] [INFO] [1738184669.651990848] [resource_manager]: Loading hardware 'FakeSystem' 
1738184669.7135396 [ros2_control_node-4] [INFO] [1738184669.652653827] [resource_manager]: Initialize hardware 'FakeSystem' 
1738184669.7136047 [ros2_control_node-4] [INFO] [1738184669.652704032] [resource_manager]: Successful initialization of hardware 'FakeSystem'
1738184669.7136662 [ros2_control_node-4] [INFO] [1738184669.652744920] [resource_manager]: 'configure' hardware 'FakeSystem' 
1738184669.7137368 [ros2_control_node-4] [INFO] [1738184669.652752805] [resource_manager]: Successful 'configure' of hardware 'FakeSystem'
1738184669.7138145 [ros2_control_node-4] [INFO] [1738184669.652758606] [resource_manager]: 'activate' hardware 'FakeSystem' 
1738184669.7138801 [ros2_control_node-4] [INFO] [1738184669.652762974] [resource_manager]: Successful 'activate' of hardware 'FakeSystem'
1738184669.7139399 [ros2_control_node-4] [INFO] [1738184669.657846376] [controller_manager]: update rate is 100 Hz
1738184669.7140152 [ros2_control_node-4] [INFO] [1738184669.657902402] [controller_manager]: Spawning controller_manager RT thread with scheduler priority: 50
1738184669.7140887 [ros2_control_node-4] [WARN] [1738184669.658066794] [controller_manager]: No real-time kernel detected on this system. See [https://control.ros.org/master/doc/ros2_control/controller_manager/doc/userdoc.html] for details on how to enable realtime scheduling.
1738184669.9003026 [ros2_control_node-4] [INFO] [1738184669.899891249] [controller_manager]: Loading controller 'joint_state_broadcaster'
1738184669.9203358 [ros2_control_node-4] [INFO] [1738184669.919975692] [controller_manager]: Loading controller 'spot_gripper_controller'
1738184669.9389064 [ros2_control_node-4] [INFO] [1738184669.938524468] [controller_manager]: Loading controller 'spot_arm_controller'
1738184669.9519148 [ros2_control_node-4] [WARN] [1738184669.951570688] [spot_arm_controller]: [Deprecated]: "allow_nonzero_velocity_at_trajectory_end" is set to true. The default behavior will change to false.
1738184669.9590449 [ros2_control_node-4] [INFO] [1738184669.958676749] [controller_manager]: Configuring controller 'joint_state_broadcaster'
1738184669.9595456 [ros2_control_node-4] [INFO] [1738184669.958876779] [joint_state_broadcaster]: 'joints' or 'interfaces' parameter is empty. All available state interfaces will be published
1738184669.9686444 [ros2_control_node-4] [INFO] [1738184669.968489229] [controller_manager]: Configuring controller 'spot_gripper_controller'
1738184669.9690149 [ros2_control_node-4] [INFO] [1738184669.968636779] [spot_gripper_controller]: Action status changes will be monitored at 20Hz.
1738184669.9993732 [ros2_control_node-4] [INFO] [1738184669.998665151] [controller_manager]: Configuring controller 'spot_arm_controller'
1738184670.0000832 [ros2_control_node-4] [INFO] [1738184669.999032338] [spot_arm_controller]: No specific joint names are used for command interfaces. Using 'joints' parameter.
1738184670.0001993 [ros2_control_node-4] [INFO] [1738184669.999071071] [spot_arm_controller]: Command interfaces are [position] and state interfaces are [position velocity].
1738184670.0003333 [ros2_control_node-4] [INFO] [1738184669.999178134] [spot_arm_controller]: Using 'splines' interpolation method.
1738184670.0009162 [ros2_control_node-4] [INFO] [1738184670.000519010] [spot_arm_controller]: Controller state will be published at 50.00 Hz.
1738184670.0024247 [ros2_control_node-4] [INFO] [1738184670.002241170] [spot_arm_controller]: Action status changes will be monitored at 20.00 Hz.
1738184670.1510687 [rviz2-3] [INFO] [1738184670.150470816] [rviz2]: Stereo is NOT SUPPORTED
1738184670.1512468 [rviz2-3] [INFO] [1738184670.150660747] [rviz2]: OpenGl version: 4.6 (GLSL 4.6)
1738184670.1695228 [rviz2-3] [INFO] [1738184670.169188924] [rviz2]: Stereo is NOT SUPPORTED
1738184670.1875935 [INFO] [spawner-7]: process has finished cleanly [pid 642042]
1738184670.2124567 [INFO] [spawner-6]: process has finished cleanly [pid 642040]
1738184670.2202752 [INFO] [spawner-5]: process has finished cleanly [pid 642038]
1738184670.2351427 [rviz2-3] Warning: class_loader.impl: SEVERE WARNING!!! A namespace collision has occurred with plugin factory for class rviz_default_plugins::displays::InteractiveMarkerDisplay. New factory will OVERWRITE existing one. This situation occurs when libraries containing plugins are directly linked against an executable (the one running right now generating this message). Please separate plugins out into their own library or just don't link against the library and use either class_loader::ClassLoader/MultiLibraryClassLoader to open.
1738184670.2353485 [rviz2-3]          at line 253 in /opt/ros/humble/include/class_loader/class_loader/class_loader_core.hpp
1738184673.2544978 [rviz2-3] [ERROR] [1738184673.254088759] [moveit_ros_visualization.motion_planning_frame]: Action server: /recognize_objects not available
1738184673.2648332 [rviz2-3] [INFO] [1738184673.264101640] [moveit_ros_visualization.motion_planning_frame]: MoveGroup namespace changed: / -> . Reloading params.
1738184673.2690973 [rviz2-3] [ERROR] [1738184673.268857870] [rviz2]: PluginlibFactory: The plugin for class 'moveit_visual_tools/RvizVisualToolsGui' failed to load. Error: According to the loaded plugin descriptions the class moveit_visual_tools/RvizVisualToolsGui with base class type rviz_common::Panel does not exist. Declared types are  rviz_visual_tools/RvizVisualToolsGui
1738184673.3614359 [rviz2-3] [INFO] [1738184673.361133632] [moveit_rdf_loader.rdf_loader]: Loaded robot model in 0.0596015 seconds
1738184673.3616204 [rviz2-3] [INFO] [1738184673.361174960] [moveit_robot_model.robot_model]: Loading robot model 'spot'...
1738184673.3617053 [rviz2-3] [INFO] [1738184673.361184709] [moveit_robot_model.robot_model]: No root/virtual joint specified in SRDF. Assuming fixed joint
1738184673.5254304 [rviz2-3] [INFO] [1738184673.525146321] [moveit_ros.planning_scene_monitor.planning_scene_monitor]: Starting planning scene monitor
1738184673.5259528 [rviz2-3] [INFO] [1738184673.525713037] [moveit_ros.planning_scene_monitor.planning_scene_monitor]: Listening to '/monitored_planning_scene'
1738184673.5918212 [rviz2-3] [INFO] [1738184673.591264311] [interactive_marker_display_102009395367776]: Connected on namespace: /rviz_moveit_motion_planning_display/robot_interaction_interactive_marker_topic
1738184673.6011267 [rviz2-3] [INFO] [1738184673.600791038] [moveit_ros_visualization.motion_planning_frame]: group spot_arm
1738184673.6013901 [rviz2-3] [INFO] [1738184673.600862574] [moveit_ros_visualization.motion_planning_frame]: Constructing new MoveGroup connection for group 'spot_arm' in namespace ''
1738184673.6083298 [rviz2-3] [INFO] [1738184673.607423721] [move_group_interface]: Ready to take commands for planning group spot_arm.
1738184673.6094193 [rviz2-3] [INFO] [1738184673.609191497] [moveit_ros_visualization.motion_planning_frame]: group spot_arm
1738184673.6133223 [rviz2-3] [INFO] [1738184673.612979689] [interactive_marker_display_102009395367776]: Sending request for interactive markers
1738184673.6459532 [rviz2-3] [INFO] [1738184673.645470395] [interactive_marker_display_102009395367776]: Service response received for initialization
1738184677.5123975 [rviz2-3] [INFO] [1738184677.511537715] [move_group_interface]: Plan and Execute request accepted
1738184677.5395193 [ros2_control_node-4] [INFO] [1738184677.539436231] [spot_arm_controller]: Received new action goal
1738184677.5397604 [ros2_control_node-4] [INFO] [1738184677.539498780] [spot_arm_controller]: Accepted new action goal
1738184680.6385548 [ros2_control_node-4] [INFO] [1738184680.638213742] [spot_arm_controller]: Goal reached, success!
1738184680.6698220 [rviz2-3] [INFO] [1738184680.669699339] [move_group_interface]: Plan and Execute request complete!
1738184681.6710443 [rviz2-3] [WARN] [1738184681.670753292] [moveit_ros.planning_scene_monitor.planning_scene_monitor]: Maybe failed to update robot state, time diff: 0.012s
1738184698.8662136 [WARNING] [launch]: user interrupted with ctrl-c (SIGINT)
1738184698.8698854 [rviz2-3] [INFO] [1738184698.865778675] [rclcpp]: signal_handler(signum=2)
1738184698.8705149 [ros2_control_node-4] [INFO] [1738184698.865779307] [rclcpp]: signal_handler(signum=2)
1738184698.8935580 [rviz2-3] [WARN] [1738184698.893195986] [interactive_marker_display_102009395367776]: Server not available while running, resetting
1738184698.9334981 [rviz2-3] 
1738184698.9337897 [rviz2-3] >>> [rcutils|error_handling.c:108] rcutils_set_error_state()
1738184698.9338710 [rviz2-3] This error state is being overwritten:
1738184698.9339395 [rviz2-3] 
1738184698.9340110 [rviz2-3]   'rcl node's context is invalid, at ./src/rcl/node.c:428'
1738184698.9340742 [rviz2-3] 
1738184698.9341385 [rviz2-3] with this new error message:
1738184698.9342000 [rviz2-3] 
1738184698.9342680 [rviz2-3]   'publisher's context is invalid, at ./src/rcl/publisher.c:389'
1738184698.9343307 [rviz2-3] 
1738184698.9343863 [rviz2-3] rcutils_reset_error() should be called after error handling to avoid this.
1738184698.9344409 [rviz2-3] <<<
1738184698.9351165 [rviz2-3] [INFO] [1738184698.934884980] [moveit_ros.planning_scene_monitor.planning_scene_monitor]: Stopping planning scene monitor
1738184698.9767852 [INFO] [robot_state_publisher-1]: process has finished cleanly [pid 642030]
1738184698.9940176 [INFO] [ros2_control_node-4]: process has finished cleanly [pid 642036]
1738184699.0364840 [ERROR] [move_group-2]: process has died [pid 642032, exit code -11, cmd '/opt/ros/humble/lib/moveit_ros_move_group/move_group --ros-args --params-file /tmp/launch_params_fs6ksom3 --params-file /tmp/launch_params_ylw11651'].
1738184699.0873418 [ERROR] [rviz2-3]: process has died [pid 642034, exit code -11, cmd '/opt/ros/humble/lib/rviz2/rviz2 -d /home/developer/SPWAR_ws/src/install/spot_moveit_config/share/spot_moveit_config/config/moveit.rviz --ros-args --params-file /tmp/launch_params_jxzigm_v --params-file /tmp/launch_params_gilnx9uc --params-file /tmp/launch_params_xbuenrh2'].
