[0.019s] Invoking command in '/home/developer/SPWAR_ws/src/build/spot_description': CMAKE_PREFIX_PATH=${CMAKE_PREFIX_PATH}:/opt/ros/humble /usr/bin/cmake /home/developer/SPWAR_ws/src/spot_description -DAMENT_CMAKE_SYMLINK_INSTALL=1 -DCMAKE_INSTALL_PREFIX=/home/developer/SPWAR_ws/src/install/spot_description
[0.036s] -- Found ament_cmake: 1.3.10 (/opt/ros/humble/share/ament_cmake/cmake)
[0.148s] -- Override CMake install command with custom implementation using symlinks instead of copying resources
[0.162s] -- Found gazebo_ros: 3.7.0 (/opt/ros/humble/share/gazebo_ros/cmake)
[0.200s] -- Found rosidl_generator_c: 3.1.5 (/opt/ros/humble/share/rosidl_generator_c/cmake)
[0.203s] -- Found rosidl_adapter: 3.1.5 (/opt/ros/humble/share/rosidl_adapter/cmake)
[0.211s] -- Found rosidl_generator_cpp: 3.1.5 (/opt/ros/humble/share/rosidl_generator_cpp/cmake)
[0.223s] -- Using all available rosidl_typesupport_c: rosidl_typesupport_fastrtps_c;rosidl_typesupport_introspection_c
[0.237s] -- Using all available rosidl_typesupport_cpp: rosidl_typesupport_fastrtps_cpp;rosidl_typesupport_introspection_cpp
[0.271s] -- Found rmw_implementation_cmake: 6.1.2 (/opt/ros/humble/share/rmw_implementation_cmake/cmake)
[0.273s] -- Found rmw_fastrtps_cpp: 6.2.7 (/opt/ros/humble/share/rmw_fastrtps_cpp/cmake)
[0.412s] -- Using RMW implementation 'rmw_fastrtps_cpp' as default
[0.494s] -- Found DART: /usr/include (Required is at least version "6.6") found components: dart 
[0.541s] -- Found Protobuf: /usr/lib/x86_64-linux-gnu/libprotobuf.so (found version "3.12.4") 
[0.544s] -- Looking for ignition-math6 -- found version 6.15.1
[0.550s] -- Searching for dependencies of ignition-math6
[0.553s] -- Looking for OGRE...
[0.561s] -- Found Ogre Ghadamon (1.9.0)
[0.561s] -- Found OGRE: optimized;/usr/lib/x86_64-linux-gnu/libOgreMain.so;debug;/usr/lib/x86_64-linux-gnu/libOgreMain.so
[0.569s] -- Looking for OGRE_Paging...
[0.569s] -- Found OGRE_Paging: optimized;/usr/lib/x86_64-linux-gnu/libOgrePaging.so;debug;/usr/lib/x86_64-linux-gnu/libOgrePaging.so
[0.569s] -- Looking for OGRE_Terrain...
[0.569s] -- Found OGRE_Terrain: optimized;/usr/lib/x86_64-linux-gnu/libOgreTerrain.so;debug;/usr/lib/x86_64-linux-gnu/libOgreTerrain.so
[0.569s] -- Looking for OGRE_Property...
[0.570s] -- Found OGRE_Property: optimized;/usr/lib/x86_64-linux-gnu/libOgreProperty.so;debug;/usr/lib/x86_64-linux-gnu/libOgreProperty.so
[0.570s] -- Looking for OGRE_RTShaderSystem...
[0.570s] -- Found OGRE_RTShaderSystem: optimized;/usr/lib/x86_64-linux-gnu/libOgreRTShaderSystem.so;debug;/usr/lib/x86_64-linux-gnu/libOgreRTShaderSystem.so
[0.570s] -- Looking for OGRE_Volume...
[0.570s] -- Found OGRE_Volume: optimized;/usr/lib/x86_64-linux-gnu/libOgreVolume.so;debug;/usr/lib/x86_64-linux-gnu/libOgreVolume.so
[0.570s] -- Looking for OGRE_Overlay...
[0.570s] -- Found OGRE_Overlay: optimized;/usr/lib/x86_64-linux-gnu/libOgreOverlay.so;debug;/usr/lib/x86_64-linux-gnu/libOgreOverlay.so
[0.662s] -- Looking for ignition-math6 -- found version 6.15.1
[0.663s] -- Looking for ignition-transport8 -- found version 8.2.1
[0.664s] -- Searching for dependencies of ignition-transport8
[0.691s] -- Found Protobuf: /usr/lib/x86_64-linux-gnu/libprotobuf.so (found suitable version "3.12.4", minimum required is "3") 
[0.711s] -- Config-file not installed for ZeroMQ -- checking for pkg-config
[0.716s] -- Checking for module 'libzmq >= 4'
[0.734s] --   Found libzmq , version 4.3.4
[0.780s] -- Checking for module 'uuid'
[0.796s] --   Found uuid, version 2.37.2
[0.833s] -- Looking for ignition-msgs5 -- found version 5.8.1
[0.833s] -- Searching for dependencies of ignition-msgs5
[0.862s] -- Looking for ignition-math6 -- found version 6.15.1
[0.867s] -- Checking for module 'tinyxml2'
[0.882s] --   Found tinyxml2, version 9.0.0
[0.921s] -- Looking for ignition-msgs5 -- found version 5.8.1
[0.921s] -- Looking for ignition-common3 -- found version 3.14.0
[0.922s] -- Searching for dependencies of ignition-common3
[0.922s] -- Looking for dlfcn.h - found
[0.922s] -- Looking for libdl - found
[0.934s] -- Searching for <ignition-common3> component [graphics]
[0.935s] -- Looking for ignition-common3-graphics -- found version 3.14.0
[0.936s] -- Searching for dependencies of ignition-common3-graphics
[0.936s] -- Looking for ignition-math6 -- found version 6.15.1
[0.938s] -- Looking for ignition-fuel_tools4 -- found version 4.4.0
[0.938s] -- Searching for dependencies of ignition-fuel_tools4
[0.990s] -- Checking for module 'jsoncpp'
[1.006s] --   Found jsoncpp, version 1.9.5
[1.053s] -- Checking for module 'libzip'
[1.067s] --   Found libzip, version 1.7.3
[1.105s] -- Looking for ignition-common3 -- found version 3.14.0
[1.105s] -- Looking for ignition-math6 -- found version 6.15.1
[1.105s] -- Looking for ignition-msgs5 -- found version 5.8.1
[1.107s] -- Gazebo version: 11.10
[1.109s] -- Found xacro: 2.0.8 (/opt/ros/humble/share/xacro/cmake)
[1.174s] -- Configuring done
[1.185s] -- Generating done
[1.188s] -- Build files have been written to: /home/developer/SPWAR_ws/src/build/spot_description
[1.200s] Invoked command in '/home/developer/SPWAR_ws/src/build/spot_description' returned '0': CMAKE_PREFIX_PATH=${CMAKE_PREFIX_PATH}:/opt/ros/humble /usr/bin/cmake /home/developer/SPWAR_ws/src/spot_description -DAMENT_CMAKE_SYMLINK_INSTALL=1 -DCMAKE_INSTALL_PREFIX=/home/developer/SPWAR_ws/src/install/spot_description
[1.201s] Invoking command in '/home/developer/SPWAR_ws/src/build/spot_description': CMAKE_PREFIX_PATH=${CMAKE_PREFIX_PATH}:/opt/ros/humble /usr/bin/cmake --build /home/developer/SPWAR_ws/src/build/spot_description -- -j16 -l16
[1.250s] Invoked command in '/home/developer/SPWAR_ws/src/build/spot_description' returned '0': CMAKE_PREFIX_PATH=${CMAKE_PREFIX_PATH}:/opt/ros/humble /usr/bin/cmake --build /home/developer/SPWAR_ws/src/build/spot_description -- -j16 -l16
[1.286s] Invoking command in '/home/developer/SPWAR_ws/src/build/spot_description': CMAKE_PREFIX_PATH=${CMAKE_PREFIX_PATH}:/opt/ros/humble /usr/bin/cmake --install /home/developer/SPWAR_ws/src/build/spot_description
[1.295s] -- Install configuration: ""
[1.295s] -- Execute custom install script
[1.296s] -- Up-to-date symlink: /home/developer/SPWAR_ws/src/install/spot_description/share/spot_description/urdf/simple_robot.urdf
[1.296s] -- Up-to-date symlink: /home/developer/SPWAR_ws/src/install/spot_description/share/spot_description/urdf/spot_with_arm.urdf
[1.296s] -- Up-to-date symlink: /home/developer/SPWAR_ws/src/install/spot_description/share/spot_description/meshes/arm0.link_el0.stl
[1.296s] -- Up-to-date symlink: /home/developer/SPWAR_ws/src/install/spot_description/share/spot_description/meshes/arm0.link_el1.stl
[1.296s] -- Up-to-date symlink: /home/developer/SPWAR_ws/src/install/spot_description/share/spot_description/meshes/arm0.link_fngr.stl
[1.296s] -- Up-to-date symlink: /home/developer/SPWAR_ws/src/install/spot_description/share/spot_description/meshes/arm0.link_hr0.stl
[1.297s] -- Up-to-date symlink: /home/developer/SPWAR_ws/src/install/spot_description/share/spot_description/meshes/arm0.link_sh0.stl
[1.297s] -- Up-to-date symlink: /home/developer/SPWAR_ws/src/install/spot_description/share/spot_description/meshes/arm0.link_sh1.stl
[1.297s] -- Up-to-date symlink: /home/developer/SPWAR_ws/src/install/spot_description/share/spot_description/meshes/arm0.link_wr0.stl
[1.297s] -- Up-to-date symlink: /home/developer/SPWAR_ws/src/install/spot_description/share/spot_description/meshes/arm0.link_wr1.stl
[1.297s] -- Up-to-date symlink: /home/developer/SPWAR_ws/src/install/spot_description/share/spot_description/meshes/base_link_0_geom_visual_mesh.stl
[1.297s] -- Up-to-date symlink: /home/developer/SPWAR_ws/src/install/spot_description/share/spot_description/meshes/fl_hip_0_geom_visual_mesh.stl
[1.297s] -- Up-to-date symlink: /home/developer/SPWAR_ws/src/install/spot_description/share/spot_description/meshes/fr_hip_0_geom_visual_mesh.stl
[1.297s] -- Up-to-date symlink: /home/developer/SPWAR_ws/src/install/spot_description/share/spot_description/meshes/hl_hip_0_geom_visual_mesh.stl
[1.297s] -- Up-to-date symlink: /home/developer/SPWAR_ws/src/install/spot_description/share/spot_description/meshes/hr_hip_0_geom_visual_mesh.stl
[1.297s] -- Up-to-date symlink: /home/developer/SPWAR_ws/src/install/spot_description/share/spot_description/meshes/l_uleg_0_geom_visual_mesh.stl
[1.298s] -- Up-to-date symlink: /home/developer/SPWAR_ws/src/install/spot_description/share/spot_description/meshes/lleg_0_geom_visual_mesh.stl
[1.298s] -- Up-to-date symlink: /home/developer/SPWAR_ws/src/install/spot_description/share/spot_description/meshes/r_uleg_0_geom_visual_mesh.stl
[1.298s] -- Up-to-date symlink: /home/developer/SPWAR_ws/src/install/spot_description/share/spot_description/launch/display.launch.py
[1.298s] -- Up-to-date symlink: /home/developer/SPWAR_ws/src/install/spot_description/share/spot_description/launch/gazebo.launch.py
[1.299s] -- Up-to-date symlink: /home/developer/SPWAR_ws/src/install/spot_description/share/spot_description/launch/spot_moveit_rviz.launch.py
[1.299s] -- Up-to-date symlink: /home/developer/SPWAR_ws/src/install/spot_description/share/ament_index/resource_index/package_run_dependencies/spot_description
[1.299s] -- Up-to-date symlink: /home/developer/SPWAR_ws/src/install/spot_description/share/ament_index/resource_index/parent_prefix_path/spot_description
[1.299s] -- Up-to-date symlink: /home/developer/SPWAR_ws/src/install/spot_description/share/spot_description/environment/ament_prefix_path.sh
[1.300s] -- Up-to-date symlink: /home/developer/SPWAR_ws/src/install/spot_description/share/spot_description/environment/ament_prefix_path.dsv
[1.300s] -- Up-to-date symlink: /home/developer/SPWAR_ws/src/install/spot_description/share/spot_description/environment/path.sh
[1.300s] -- Up-to-date symlink: /home/developer/SPWAR_ws/src/install/spot_description/share/spot_description/environment/path.dsv
[1.300s] -- Up-to-date symlink: /home/developer/SPWAR_ws/src/install/spot_description/share/spot_description/local_setup.bash
[1.300s] -- Up-to-date symlink: /home/developer/SPWAR_ws/src/install/spot_description/share/spot_description/local_setup.sh
[1.301s] -- Up-to-date symlink: /home/developer/SPWAR_ws/src/install/spot_description/share/spot_description/local_setup.zsh
[1.301s] -- Up-to-date symlink: /home/developer/SPWAR_ws/src/install/spot_description/share/spot_description/local_setup.dsv
[1.301s] -- Symlinking: /home/developer/SPWAR_ws/src/install/spot_description/share/spot_description/package.dsv
[1.312s] -- Up-to-date symlink: /home/developer/SPWAR_ws/src/install/spot_description/share/ament_index/resource_index/packages/spot_description
[1.312s] -- Up-to-date symlink: /home/developer/SPWAR_ws/src/install/spot_description/share/spot_description/cmake/spot_descriptionConfig.cmake
[1.313s] -- Up-to-date symlink: /home/developer/SPWAR_ws/src/install/spot_description/share/spot_description/cmake/spot_descriptionConfig-version.cmake
[1.313s] -- Up-to-date symlink: /home/developer/SPWAR_ws/src/install/spot_description/share/spot_description/package.xml
[1.315s] Invoked command in '/home/developer/SPWAR_ws/src/build/spot_description' returned '0': CMAKE_PREFIX_PATH=${CMAKE_PREFIX_PATH}:/opt/ros/humble /usr/bin/cmake --install /home/developer/SPWAR_ws/src/build/spot_description
