1737963920.9812315 [INFO] [launch]: All log files can be found below /home/developer/SPWAR_ws/logs/2025-01-27-04-45-20-980135-cd7b1ac304da-69009
1737963920.9813602 [INFO] [launch]: Default logging verbosity is set to INFO
1737963921.0253601 [INFO] [moveit_setup_assistant-1]: process started with pid [69010]
1737963921.1006255 [moveit_setup_assistant-1] QStandardPaths: wrong permissions on runtime directory /run/user/1000, 0755 instead of 0700
1737963930.8546937 [moveit_setup_assistant-1] [INFO] [1737963930.854399972] [moveit_setup_assistant.urdf]: Loaded spot robot model.
1737963930.8551292 [moveit_setup_assistant-1] [INFO] [1737963930.854515240] [moveit_robot_model.robot_model]: Loading robot model 'spot'...
1737963930.8552263 [moveit_setup_assistant-1] [INFO] [1737963930.854523305] [moveit_robot_model.robot_model]: No root/virtual joint specified in SRDF. Assuming fixed joint
1737963930.8922749 [moveit_setup_assistant-1] [WARN] [1737963930.892007672] [moveit_robot_model.robot_model]: Link fl.hip has visual geometry but no collision geometry. Collision geometry will be left empty. Fix your URDF file by explicitly specifying collision geometry.
1737963930.8924806 [moveit_setup_assistant-1] [WARN] [1737963930.892048429] [moveit_robot_model.robot_model]: Link fr.hip has visual geometry but no collision geometry. Collision geometry will be left empty. Fix your URDF file by explicitly specifying collision geometry.
1737963930.8925900 [moveit_setup_assistant-1] [WARN] [1737963930.892058297] [moveit_robot_model.robot_model]: Link hl.hip has visual geometry but no collision geometry. Collision geometry will be left empty. Fix your URDF file by explicitly specifying collision geometry.
1737963930.8926778 [moveit_setup_assistant-1] [WARN] [1737963930.892067214] [moveit_robot_model.robot_model]: Link hr.hip has visual geometry but no collision geometry. Collision geometry will be left empty. Fix your URDF file by explicitly specifying collision geometry.
1737963932.5151176 [moveit_setup_assistant-1] [INFO] [1737963932.514797256] [moveit_setup_assistant.urdf]: Loaded spot robot model.
1737963932.5153506 [moveit_setup_assistant-1] [INFO] [1737963932.514829958] [moveit_robot_model.robot_model]: Loading robot model 'spot'...
1737963932.5154717 [moveit_setup_assistant-1] [INFO] [1737963932.514835578] [moveit_robot_model.robot_model]: No root/virtual joint specified in SRDF. Assuming fixed joint
1737963932.5526106 [moveit_setup_assistant-1] [WARN] [1737963932.552334934] [moveit_robot_model.robot_model]: Link fl.hip has visual geometry but no collision geometry. Collision geometry will be left empty. Fix your URDF file by explicitly specifying collision geometry.
1737963932.5528007 [moveit_setup_assistant-1] [WARN] [1737963932.552367495] [moveit_robot_model.robot_model]: Link fr.hip has visual geometry but no collision geometry. Collision geometry will be left empty. Fix your URDF file by explicitly specifying collision geometry.
1737963932.5529056 [moveit_setup_assistant-1] [WARN] [1737963932.552377293] [moveit_robot_model.robot_model]: Link hl.hip has visual geometry but no collision geometry. Collision geometry will be left empty. Fix your URDF file by explicitly specifying collision geometry.
1737963932.5529716 [moveit_setup_assistant-1] [WARN] [1737963932.552385539] [moveit_robot_model.robot_model]: Link hr.hip has visual geometry but no collision geometry. Collision geometry will be left empty. Fix your URDF file by explicitly specifying collision geometry.
1737963932.8809013 [moveit_setup_assistant-1] [rviz_rendering:debug] Available Renderers(1): OpenGL Rendering Subsystem, at ./src/rviz_rendering/render_system.cpp:301
1737963932.8811355 [moveit_setup_assistant-1] [rviz_rendering:info] Stereo is NOT SUPPORTED, at ./src/rviz_rendering/render_system.cpp:543
1737963932.8811820 [moveit_setup_assistant-1] [rviz_rendering:info] OpenGl version: 4.6 (GLSL 4.6), at ./src/rviz_rendering/render_system.cpp:284
1737963932.8812246 [moveit_setup_assistant-1] [rviz_rendering:info] Stereo is NOT SUPPORTED, at ./src/rviz_rendering/render_system.cpp:543
1737963932.8812804 [moveit_setup_assistant-1] [rviz_common:debug] Load pixmap at package://rviz_default_plugins/icons/classes/TF.svg, at ./src/rviz_common/load_resource.cpp:71
1737963932.8813195 [moveit_setup_assistant-1] [rviz_common:debug] Error retrieving file [file:///opt/ros/humble/share/rviz_default_plugins/icons/classes/TF.svg]: Couldn't open file /opt/ros/humble/share/rviz_default_plugins/icons/classes/TF.svg, at ./src/rviz_common/load_resource.cpp:55
1737963932.8813515 [moveit_setup_assistant-1] [rviz_common:debug] Load pixmap at package://rviz_default_plugins/icons/classes/TF.png, at ./src/rviz_common/load_resource.cpp:71
1737963932.8813825 [moveit_setup_assistant-1] [rviz_common:debug] Load pixmap at package://rviz_common/icons/classes/Identity.svg, at ./src/rviz_common/load_resource.cpp:71
1737963932.8814147 [moveit_setup_assistant-1] [rviz_common:debug] Error retrieving file [file:///opt/ros/humble/share/rviz_common/icons/classes/Identity.svg]: Couldn't open file /opt/ros/humble/share/rviz_common/icons/classes/Identity.svg, at ./src/rviz_common/load_resource.cpp:55
1737963932.8814459 [moveit_setup_assistant-1] [rviz_common:debug] Load pixmap at package://rviz_common/icons/classes/Identity.png, at ./src/rviz_common/load_resource.cpp:71
1737963932.8814762 [moveit_setup_assistant-1] [rviz_common:debug] Error retrieving file [file:///opt/ros/humble/share/rviz_common/icons/classes/Identity.png]: Couldn't open file /opt/ros/humble/share/rviz_common/icons/classes/Identity.png, at ./src/rviz_common/load_resource.cpp:55
1737963932.8815069 [moveit_setup_assistant-1] [rviz_common:debug] Load pixmap at package://rviz_common/icons/default_class_icon.png, at ./src/rviz_common/load_resource.cpp:71
1737963932.8815367 [moveit_setup_assistant-1] [rviz_common:debug] Load pixmap at package://rviz_common/icons/options.png, at ./src/rviz_common/load_resource.cpp:71
1737963932.8815775 [moveit_setup_assistant-1] [rviz_common:debug] Load pixmap at package://rviz_common/icons/ok.png, at ./src/rviz_common/load_resource.cpp:71
1737963932.8816092 [moveit_setup_assistant-1] [rviz_common:debug] Load pixmap at package://rviz_common/icons/warning.png, at ./src/rviz_common/load_resource.cpp:71
1737963932.8816381 [moveit_setup_assistant-1] [rviz_common:debug] Load pixmap at package://rviz_common/icons/error.png, at ./src/rviz_common/load_resource.cpp:71
1737963932.8816652 [moveit_setup_assistant-1] [rviz_common:debug] Load pixmap at package://rviz_default_plugins/icons/classes/Orbit.svg, at ./src/rviz_common/load_resource.cpp:71
1737963932.8816943 [moveit_setup_assistant-1] [rviz_common:debug] Error retrieving file [file:///opt/ros/humble/share/rviz_default_plugins/icons/classes/Orbit.svg]: Couldn't open file /opt/ros/humble/share/rviz_default_plugins/icons/classes/Orbit.svg, at ./src/rviz_common/load_resource.cpp:55
1737963932.8817236 [moveit_setup_assistant-1] [rviz_common:debug] Load pixmap at package://rviz_default_plugins/icons/classes/Orbit.png, at ./src/rviz_common/load_resource.cpp:71
1737963932.8817520 [moveit_setup_assistant-1] [rviz_common:debug] Error retrieving file [file:///opt/ros/humble/share/rviz_default_plugins/icons/classes/Orbit.png]: Couldn't open file /opt/ros/humble/share/rviz_default_plugins/icons/classes/Orbit.png, at ./src/rviz_common/load_resource.cpp:55
1737963932.8817801 [moveit_setup_assistant-1] [rviz_common:debug] Load pixmap at package://rviz_common/icons/rotate.svg, at ./src/rviz_common/load_resource.cpp:71
1737963932.8818080 [moveit_setup_assistant-1] [rviz_common:debug] Load pixmap at package://rviz_common/icons/cursor.svg, at ./src/rviz_common/load_resource.cpp:71
1737963932.8818371 [moveit_setup_assistant-1] [rviz_common:debug] Load pixmap at package://rviz_common/icons/rotate_cam.svg, at ./src/rviz_common/load_resource.cpp:71
1737963932.8818674 [moveit_setup_assistant-1] [rviz_common:debug] Load pixmap at package://rviz_common/icons/move2d.svg, at ./src/rviz_common/load_resource.cpp:71
1737963932.8818944 [moveit_setup_assistant-1] [rviz_common:debug] Load pixmap at package://rviz_common/icons/move_z.svg, at ./src/rviz_common/load_resource.cpp:71
1737963932.8819256 [moveit_setup_assistant-1] [rviz_common:debug] Load pixmap at package://rviz_common/icons/zoom.svg, at ./src/rviz_common/load_resource.cpp:71
1737963932.8819518 [moveit_setup_assistant-1] [rviz_common:debug] Load pixmap at package://rviz_common/icons/crosshair.svg, at ./src/rviz_common/load_resource.cpp:71
1737963932.8819771 [moveit_setup_assistant-1] [rviz_common:debug] Load pixmap at package://rviz_default_plugins/icons/classes/FocusCamera.svg, at ./src/rviz_common/load_resource.cpp:71
1737963932.8820038 [moveit_setup_assistant-1] [rviz_common:debug] Load pixmap at package://rviz_default_plugins/icons/classes/Interact.svg, at ./src/rviz_common/load_resource.cpp:71
1737963932.8842256 [moveit_setup_assistant-1] [INFO] [1737963932.884108028] [moveit_rdf_loader.rdf_loader]: Loaded robot model in 0.00124688 seconds
1737963932.8843272 [moveit_setup_assistant-1] [INFO] [1737963932.884129318] [moveit_robot_model.robot_model]: Loading robot model 'spot'...
1737963932.8844130 [moveit_setup_assistant-1] [INFO] [1737963932.884134428] [moveit_robot_model.robot_model]: No root/virtual joint specified in SRDF. Assuming fixed joint
1737963932.9200690 [moveit_setup_assistant-1] [WARN] [1737963932.919808500] [moveit_robot_model.robot_model]: Link fl.hip has visual geometry but no collision geometry. Collision geometry will be left empty. Fix your URDF file by explicitly specifying collision geometry.
1737963932.9202375 [moveit_setup_assistant-1] [WARN] [1737963932.919838817] [moveit_robot_model.robot_model]: Link fr.hip has visual geometry but no collision geometry. Collision geometry will be left empty. Fix your URDF file by explicitly specifying collision geometry.
1737963932.9203205 [moveit_setup_assistant-1] [WARN] [1737963932.919847183] [moveit_robot_model.robot_model]: Link hl.hip has visual geometry but no collision geometry. Collision geometry will be left empty. Fix your URDF file by explicitly specifying collision geometry.
1737963932.9204006 [moveit_setup_assistant-1] [WARN] [1737963932.919854988] [moveit_robot_model.robot_model]: Link hr.hip has visual geometry but no collision geometry. Collision geometry will be left empty. Fix your URDF file by explicitly specifying collision geometry.
1737963932.9751804 [moveit_setup_assistant-1] [INFO] [1737963932.974920698] [moveit_rdf_loader.rdf_loader]: Loaded robot model in 0.00111799 seconds
1737963932.9753530 [moveit_setup_assistant-1] [INFO] [1737963932.974940235] [moveit_robot_model.robot_model]: Loading robot model 'spot'...
1737963932.9754348 [moveit_setup_assistant-1] [INFO] [1737963932.974944693] [moveit_robot_model.robot_model]: No root/virtual joint specified in SRDF. Assuming fixed joint
1737963933.0114577 [moveit_setup_assistant-1] [WARN] [1737963933.011050720] [moveit_robot_model.robot_model]: Link fl.hip has visual geometry but no collision geometry. Collision geometry will be left empty. Fix your URDF file by explicitly specifying collision geometry.
1737963933.0117583 [moveit_setup_assistant-1] [WARN] [1737963933.011133627] [moveit_robot_model.robot_model]: Link fr.hip has visual geometry but no collision geometry. Collision geometry will be left empty. Fix your URDF file by explicitly specifying collision geometry.
1737963933.0121651 [moveit_setup_assistant-1] [WARN] [1737963933.011154326] [moveit_robot_model.robot_model]: Link hl.hip has visual geometry but no collision geometry. Collision geometry will be left empty. Fix your URDF file by explicitly specifying collision geometry.
1737963933.0122733 [moveit_setup_assistant-1] [WARN] [1737963933.011168853] [moveit_robot_model.robot_model]: Link hr.hip has visual geometry but no collision geometry. Collision geometry will be left empty. Fix your URDF file by explicitly specifying collision geometry.
1737963933.0351753 [moveit_setup_assistant-1] [INFO] [1737963933.034943229] [moveit_setup_assistant.Start Screen]: Loading Setup Assistant Complete
1737963937.3422287 [moveit_setup_assistant-1] [INFO] [1737963937.341926573] [moveit_robot_model.robot_model]: Loading robot model 'spot'...
1737963937.3426008 [moveit_setup_assistant-1] [INFO] [1737963937.341960387] [moveit_robot_model.robot_model]: No root/virtual joint specified in SRDF. Assuming fixed joint
1737963937.3795111 [moveit_setup_assistant-1] [WARN] [1737963937.379147272] [moveit_robot_model.robot_model]: Link fl.hip has visual geometry but no collision geometry. Collision geometry will be left empty. Fix your URDF file by explicitly specifying collision geometry.
1737963937.3797724 [moveit_setup_assistant-1] [WARN] [1737963937.379191405] [moveit_robot_model.robot_model]: Link fr.hip has visual geometry but no collision geometry. Collision geometry will be left empty. Fix your URDF file by explicitly specifying collision geometry.
1737963937.3798783 [moveit_setup_assistant-1] [WARN] [1737963937.379203338] [moveit_robot_model.robot_model]: Link hl.hip has visual geometry but no collision geometry. Collision geometry will be left empty. Fix your URDF file by explicitly specifying collision geometry.
1737963937.3799419 [moveit_setup_assistant-1] [WARN] [1737963937.379214108] [moveit_robot_model.robot_model]: Link hr.hip has visual geometry but no collision geometry. Collision geometry will be left empty. Fix your URDF file by explicitly specifying collision geometry.
1737963952.9811411 [moveit_setup_assistant-1] [INFO] [1737963952.980585273] [collision_updater]: -------------------------------------------------------------------------------
1737963952.9814148 [moveit_setup_assistant-1] [INFO] [1737963952.980659583] [collision_updater]: Statistics:
1737963952.9814765 [moveit_setup_assistant-1] [INFO] [1737963952.980668800] [collision_updater]: Total Links : 20
1737963952.9815221 [moveit_setup_assistant-1] [INFO] [1737963952.980685402] [collision_updater]: Total possible collisions : 190.000000
1737963952.9815912 [moveit_setup_assistant-1] [INFO] [1737963952.980688958] [collision_updater]: Always in collision : 0
1737963952.9816363 [moveit_setup_assistant-1] [INFO] [1737963952.980692315] [collision_updater]: Never in collision : 21
1737963952.9816916 [moveit_setup_assistant-1] [INFO] [1737963952.980695381] [collision_updater]: Default in collision : 0
1737963952.9817545 [moveit_setup_assistant-1] [INFO] [1737963952.980699088] [collision_updater]: Adjacent links disabled : 15
1737963952.9818113 [moveit_setup_assistant-1] [INFO] [1737963952.980701953] [collision_updater]: Sometimes in collision : 154
1737963952.9818649 [moveit_setup_assistant-1] [INFO] [1737963952.980704618] [collision_updater]: TOTAL DISABLED : 36
1737963952.9821041 [moveit_setup_assistant-1] [INFO] [1737963952.980794337] [moveit_setup_assistant.Self-Collisions]: Thread complete 120
1737963956.5826848 [moveit_setup_assistant-1] [INFO] [1737963956.582368932] [moveit_robot_model.robot_model]: Loading robot model 'spot'...
1737963956.5828941 [moveit_setup_assistant-1] [INFO] [1737963956.582395713] [moveit_robot_model.robot_model]: No root/virtual joint specified in SRDF. Assuming fixed joint
1737963956.6179268 [moveit_setup_assistant-1] [WARN] [1737963956.617675631] [moveit_robot_model.robot_model]: Link fl.hip has visual geometry but no collision geometry. Collision geometry will be left empty. Fix your URDF file by explicitly specifying collision geometry.
1737963956.6181383 [moveit_setup_assistant-1] [WARN] [1737963956.617706139] [moveit_robot_model.robot_model]: Link fr.hip has visual geometry but no collision geometry. Collision geometry will be left empty. Fix your URDF file by explicitly specifying collision geometry.
1737963956.6182258 [moveit_setup_assistant-1] [WARN] [1737963956.617715597] [moveit_robot_model.robot_model]: Link hl.hip has visual geometry but no collision geometry. Collision geometry will be left empty. Fix your URDF file by explicitly specifying collision geometry.
1737963956.6183200 [moveit_setup_assistant-1] [WARN] [1737963956.617725034] [moveit_robot_model.robot_model]: Link hr.hip has visual geometry but no collision geometry. Collision geometry will be left empty. Fix your URDF file by explicitly specifying collision geometry.
1737964005.6232541 [moveit_setup_assistant-1] [rviz_common:debug] Error retrieving file [file:///opt/ros/humble/share/rviz_default_plugins/icons/classes/Interact.svg]: Couldn't open file /opt/ros/humble/share/rviz_default_plugins/icons/classes/Interact.svg, at ./src/rviz_common/load_resource.cpp:55
1737964005.6234202 [moveit_setup_assistant-1] [rviz_common:debug] Load pixmap at package://rviz_default_plugins/icons/classes/Interact.png, at ./src/rviz_common/load_resource.cpp:71
1737964005.6234570 [moveit_setup_assistant-1] [rviz_common:debug] Load pixmap at package://rviz_default_plugins/icons/classes/Measure.svg, at ./src/rviz_common/load_resource.cpp:71
1737964005.6234882 [moveit_setup_assistant-1] [rviz_common:debug] Load pixmap at package://rviz_default_plugins/icons/classes/MoveCamera.svg, at ./src/rviz_common/load_resource.cpp:71
1737964005.6235199 [moveit_setup_assistant-1] [rviz_common:debug] Error retrieving file [file:///opt/ros/humble/share/rviz_default_plugins/icons/classes/MoveCamera.svg]: Couldn't open file /opt/ros/humble/share/rviz_default_plugins/icons/classes/MoveCamera.svg, at ./src/rviz_common/load_resource.cpp:55
1737964005.6235559 [moveit_setup_assistant-1] [rviz_common:debug] Load pixmap at package://rviz_default_plugins/icons/classes/MoveCamera.png, at ./src/rviz_common/load_resource.cpp:71
1737964005.6235857 [moveit_setup_assistant-1] [rviz_common:debug] Load pixmap at package://rviz_default_plugins/icons/classes/PublishPoint.svg, at ./src/rviz_common/load_resource.cpp:71
1737964005.6236117 [moveit_setup_assistant-1] [rviz_common:debug] Load pixmap at package://rviz_default_plugins/icons/classes/Select.svg, at ./src/rviz_common/load_resource.cpp:71
1737964005.6236367 [moveit_setup_assistant-1] [rviz_common:debug] Error retrieving file [file:///opt/ros/humble/share/rviz_default_plugins/icons/classes/Select.svg]: Couldn't open file /opt/ros/humble/share/rviz_default_plugins/icons/classes/Select.svg, at ./src/rviz_common/load_resource.cpp:55
1737964005.6236620 [moveit_setup_assistant-1] [rviz_common:debug] Load pixmap at package://rviz_default_plugins/icons/classes/Select.png, at ./src/rviz_common/load_resource.cpp:71
1737964005.6236866 [moveit_setup_assistant-1] [rviz_common:debug] Load pixmap at package://rviz_default_plugins/icons/classes/SetGoal.svg, at ./src/rviz_common/load_resource.cpp:71
1737964005.6237123 [moveit_setup_assistant-1] [rviz_common:debug] Error retrieving file [file:///opt/ros/humble/share/rviz_default_plugins/icons/classes/SetGoal.svg]: Couldn't open file /opt/ros/humble/share/rviz_default_plugins/icons/classes/SetGoal.svg, at ./src/rviz_common/load_resource.cpp:55
1737964005.6237388 [moveit_setup_assistant-1] [rviz_common:debug] Load pixmap at package://rviz_default_plugins/icons/classes/SetGoal.png, at ./src/rviz_common/load_resource.cpp:71
1737964005.6237638 [moveit_setup_assistant-1] [rviz_common:debug] Load pixmap at package://rviz_default_plugins/icons/classes/SetInitialPose.svg, at ./src/rviz_common/load_resource.cpp:71
1737964005.6237884 [moveit_setup_assistant-1] [rviz_common:debug] Error retrieving file [file:///opt/ros/humble/share/rviz_default_plugins/icons/classes/SetInitialPose.svg]: Couldn't open file /opt/ros/humble/share/rviz_default_plugins/icons/classes/SetInitialPose.svg, at ./src/rviz_common/load_resource.cpp:55
1737964005.6238129 [moveit_setup_assistant-1] [rviz_common:debug] Load pixmap at package://rviz_default_plugins/icons/classes/SetInitialPose.png, at ./src/rviz_common/load_resource.cpp:71
1737964005.6238365 [moveit_setup_assistant-1] [rviz_common:debug] Load pixmap at package://rviz_default_plugins/icons/classes/RobotLink.png, at ./src/rviz_common/load_resource.cpp:71
1737964005.6238601 [moveit_setup_assistant-1] [rviz_common:debug] Load pixmap at package://rviz_default_plugins/icons/classes/RobotJoint.png, at ./src/rviz_common/load_resource.cpp:71
1737964005.6241026 [moveit_setup_assistant-1] Warning: Group 'spot_arm' is empty.
1737964005.6242106 [moveit_setup_assistant-1]          at line 262 in ./src/model.cpp
1737964005.6242590 [moveit_setup_assistant-1] [INFO] [1737964005.622943066] [moveit_robot_model.robot_model]: Loading robot model 'spot'...
1737964005.6243107 [moveit_setup_assistant-1] [INFO] [1737964005.623009401] [moveit_robot_model.robot_model]: No root/virtual joint specified in SRDF. Assuming fixed joint
1737964005.6597743 [moveit_setup_assistant-1] [WARN] [1737964005.659454647] [moveit_robot_model.robot_model]: Link fl.hip has visual geometry but no collision geometry. Collision geometry will be left empty. Fix your URDF file by explicitly specifying collision geometry.
1737964005.6600132 [moveit_setup_assistant-1] [WARN] [1737964005.659486888] [moveit_robot_model.robot_model]: Link fr.hip has visual geometry but no collision geometry. Collision geometry will be left empty. Fix your URDF file by explicitly specifying collision geometry.
1737964005.6601734 [moveit_setup_assistant-1] [WARN] [1737964005.659496506] [moveit_robot_model.robot_model]: Link hl.hip has visual geometry but no collision geometry. Collision geometry will be left empty. Fix your URDF file by explicitly specifying collision geometry.
1737964005.6602795 [moveit_setup_assistant-1] [WARN] [1737964005.659505583] [moveit_robot_model.robot_model]: Link hr.hip has visual geometry but no collision geometry. Collision geometry will be left empty. Fix your URDF file by explicitly specifying collision geometry.
1737964005.6605418 [moveit_setup_assistant-1] [WARN] [1737964005.659558263] [moveit_robot_model.robot_model]: Group 'spot_arm' must have at least one valid joint
1737964005.6606333 [moveit_setup_assistant-1] [WARN] [1737964005.659563352] [moveit_robot_model.robot_model]: Failed to add group 'spot_arm'
1737964030.6432533 [moveit_setup_assistant-1] [INFO] [1737964030.642976004] [moveit_robot_model.robot_model]: Loading robot model 'spot'...
1737964030.6434453 [moveit_setup_assistant-1] [INFO] [1737964030.643006842] [moveit_robot_model.robot_model]: No root/virtual joint specified in SRDF. Assuming fixed joint
1737964030.6764710 [moveit_setup_assistant-1] [WARN] [1737964030.676161161] [moveit_robot_model.robot_model]: Link fl.hip has visual geometry but no collision geometry. Collision geometry will be left empty. Fix your URDF file by explicitly specifying collision geometry.
1737964030.6767147 [moveit_setup_assistant-1] [WARN] [1737964030.676196638] [moveit_robot_model.robot_model]: Link fr.hip has visual geometry but no collision geometry. Collision geometry will be left empty. Fix your URDF file by explicitly specifying collision geometry.
1737964030.6767931 [moveit_setup_assistant-1] [WARN] [1737964030.676206396] [moveit_robot_model.robot_model]: Link hl.hip has visual geometry but no collision geometry. Collision geometry will be left empty. Fix your URDF file by explicitly specifying collision geometry.
1737964030.6768594 [moveit_setup_assistant-1] [WARN] [1737964030.676215804] [moveit_robot_model.robot_model]: Link hr.hip has visual geometry but no collision geometry. Collision geometry will be left empty. Fix your URDF file by explicitly specifying collision geometry.
1737964098.2328243 [moveit_setup_assistant-1] Warning: Group 'spot_gripper' is empty.
1737964098.2330775 [moveit_setup_assistant-1]          at line 262 in ./src/model.cpp
1737964098.2331634 [moveit_setup_assistant-1] [INFO] [1737964098.232572419] [moveit_robot_model.robot_model]: Loading robot model 'spot'...
1737964098.2334971 [moveit_setup_assistant-1] [INFO] [1737964098.232598477] [moveit_robot_model.robot_model]: No root/virtual joint specified in SRDF. Assuming fixed joint
1737964098.2698491 [moveit_setup_assistant-1] [WARN] [1737964098.269528111] [moveit_robot_model.robot_model]: Link fl.hip has visual geometry but no collision geometry. Collision geometry will be left empty. Fix your URDF file by explicitly specifying collision geometry.
1737964098.2700572 [moveit_setup_assistant-1] [WARN] [1737964098.269573965] [moveit_robot_model.robot_model]: Link fr.hip has visual geometry but no collision geometry. Collision geometry will be left empty. Fix your URDF file by explicitly specifying collision geometry.
1737964098.2701402 [moveit_setup_assistant-1] [WARN] [1737964098.269585066] [moveit_robot_model.robot_model]: Link hl.hip has visual geometry but no collision geometry. Collision geometry will be left empty. Fix your URDF file by explicitly specifying collision geometry.
1737964098.2702093 [moveit_setup_assistant-1] [WARN] [1737964098.269593622] [moveit_robot_model.robot_model]: Link hr.hip has visual geometry but no collision geometry. Collision geometry will be left empty. Fix your URDF file by explicitly specifying collision geometry.
1737964098.2704682 [moveit_setup_assistant-1] [WARN] [1737964098.269654694] [moveit_robot_model.robot_model]: Group 'spot_gripper' must have at least one valid joint
1737964098.2705715 [moveit_setup_assistant-1] [WARN] [1737964098.269659362] [moveit_robot_model.robot_model]: Failed to add group 'spot_gripper'
1737964117.8042805 [moveit_setup_assistant-1] [INFO] [1737964117.803901252] [moveit_robot_model.robot_model]: Loading robot model 'spot'...
1737964117.8045347 [moveit_setup_assistant-1] [INFO] [1737964117.803937959] [moveit_robot_model.robot_model]: No root/virtual joint specified in SRDF. Assuming fixed joint
1737964117.8409185 [moveit_setup_assistant-1] [WARN] [1737964117.840546557] [moveit_robot_model.robot_model]: Link fl.hip has visual geometry but no collision geometry. Collision geometry will be left empty. Fix your URDF file by explicitly specifying collision geometry.
1737964117.8411570 [moveit_setup_assistant-1] [WARN] [1737964117.840646601] [moveit_robot_model.robot_model]: Link fr.hip has visual geometry but no collision geometry. Collision geometry will be left empty. Fix your URDF file by explicitly specifying collision geometry.
1737964117.8412483 [moveit_setup_assistant-1] [WARN] [1737964117.840658944] [moveit_robot_model.robot_model]: Link hl.hip has visual geometry but no collision geometry. Collision geometry will be left empty. Fix your URDF file by explicitly specifying collision geometry.
1737964117.8414998 [moveit_setup_assistant-1] [WARN] [1737964117.840671337] [moveit_robot_model.robot_model]: Link hr.hip has visual geometry but no collision geometry. Collision geometry will be left empty. Fix your URDF file by explicitly specifying collision geometry.
1737964146.1074107 [moveit_setup_assistant-1] [INFO] [1737964146.107120529] [moveit_robot_model.robot_model]: Loading robot model 'spot'...
1737964146.1076858 [moveit_setup_assistant-1] [INFO] [1737964146.107168057] [moveit_robot_model.robot_model]: No root/virtual joint specified in SRDF. Assuming fixed joint
1737964146.1474795 [moveit_setup_assistant-1] [WARN] [1737964146.147041683] [moveit_robot_model.robot_model]: Link fl.hip has visual geometry but no collision geometry. Collision geometry will be left empty. Fix your URDF file by explicitly specifying collision geometry.
1737964146.1477029 [moveit_setup_assistant-1] [WARN] [1737964146.147115288] [moveit_robot_model.robot_model]: Link fr.hip has visual geometry but no collision geometry. Collision geometry will be left empty. Fix your URDF file by explicitly specifying collision geometry.
1737964146.1478014 [moveit_setup_assistant-1] [WARN] [1737964146.147127641] [moveit_robot_model.robot_model]: Link hl.hip has visual geometry but no collision geometry. Collision geometry will be left empty. Fix your URDF file by explicitly specifying collision geometry.
1737964146.1479518 [moveit_setup_assistant-1] [WARN] [1737964146.147141256] [moveit_robot_model.robot_model]: Link hr.hip has visual geometry but no collision geometry. Collision geometry will be left empty. Fix your URDF file by explicitly specifying collision geometry.
1737964156.9271281 [moveit_setup_assistant-1] [INFO] [1737964156.926600714] [moveit_robot_model.robot_model]: Loading robot model 'spot'...
1737964156.9274638 [moveit_setup_assistant-1] [INFO] [1737964156.926654674] [moveit_robot_model.robot_model]: No root/virtual joint specified in SRDF. Assuming fixed joint
1737964156.9645774 [moveit_setup_assistant-1] [WARN] [1737964156.964294789] [moveit_robot_model.robot_model]: Link fl.hip has visual geometry but no collision geometry. Collision geometry will be left empty. Fix your URDF file by explicitly specifying collision geometry.
1737964156.9648054 [moveit_setup_assistant-1] [WARN] [1737964156.964338029] [moveit_robot_model.robot_model]: Link fr.hip has visual geometry but no collision geometry. Collision geometry will be left empty. Fix your URDF file by explicitly specifying collision geometry.
1737964156.9648976 [moveit_setup_assistant-1] [WARN] [1737964156.964357335] [moveit_robot_model.robot_model]: Link hl.hip has visual geometry but no collision geometry. Collision geometry will be left empty. Fix your URDF file by explicitly specifying collision geometry.
1737964156.9649818 [moveit_setup_assistant-1] [WARN] [1737964156.964368144] [moveit_robot_model.robot_model]: Link hr.hip has visual geometry but no collision geometry. Collision geometry will be left empty. Fix your URDF file by explicitly specifying collision geometry.
1737964165.8631718 [moveit_setup_assistant-1] [INFO] [1737964165.862614804] [moveit_robot_model.robot_model]: Loading robot model 'spot'...
1737964165.8635173 [moveit_setup_assistant-1] [INFO] [1737964165.862679633] [moveit_robot_model.robot_model]: No root/virtual joint specified in SRDF. Assuming fixed joint
1737964165.9005644 [moveit_setup_assistant-1] [WARN] [1737964165.900262857] [moveit_robot_model.robot_model]: Link fl.hip has visual geometry but no collision geometry. Collision geometry will be left empty. Fix your URDF file by explicitly specifying collision geometry.
1737964165.9007616 [moveit_setup_assistant-1] [WARN] [1737964165.900292943] [moveit_robot_model.robot_model]: Link fr.hip has visual geometry but no collision geometry. Collision geometry will be left empty. Fix your URDF file by explicitly specifying collision geometry.
1737964165.9008274 [moveit_setup_assistant-1] [WARN] [1737964165.900303212] [moveit_robot_model.robot_model]: Link hl.hip has visual geometry but no collision geometry. Collision geometry will be left empty. Fix your URDF file by explicitly specifying collision geometry.
1737964165.9009075 [moveit_setup_assistant-1] [WARN] [1737964165.900312028] [moveit_robot_model.robot_model]: Link hr.hip has visual geometry but no collision geometry. Collision geometry will be left empty. Fix your URDF file by explicitly specifying collision geometry.
1737964268.7482073 [moveit_setup_assistant-1] Error:   End effector 'spot_gripper' specified for group '', but that group is not known
1737964268.7484322 [moveit_setup_assistant-1]          at line 428 in ./src/model.cpp
1737964268.7485230 [moveit_setup_assistant-1] [INFO] [1737964268.747965560] [moveit_robot_model.robot_model]: Loading robot model 'spot'...
1737964268.7486234 [moveit_setup_assistant-1] [INFO] [1737964268.747993111] [moveit_robot_model.robot_model]: No root/virtual joint specified in SRDF. Assuming fixed joint
1737964268.7867594 [moveit_setup_assistant-1] [WARN] [1737964268.786455788] [moveit_robot_model.robot_model]: Link fl.hip has visual geometry but no collision geometry. Collision geometry will be left empty. Fix your URDF file by explicitly specifying collision geometry.
1737964268.7869737 [moveit_setup_assistant-1] [WARN] [1737964268.786504027] [moveit_robot_model.robot_model]: Link fr.hip has visual geometry but no collision geometry. Collision geometry will be left empty. Fix your URDF file by explicitly specifying collision geometry.
1737964268.7870662 [moveit_setup_assistant-1] [WARN] [1737964268.786519185] [moveit_robot_model.robot_model]: Link hl.hip has visual geometry but no collision geometry. Collision geometry will be left empty. Fix your URDF file by explicitly specifying collision geometry.
1737964268.7871408 [moveit_setup_assistant-1] [WARN] [1737964268.786534994] [moveit_robot_model.robot_model]: Link hr.hip has visual geometry but no collision geometry. Collision geometry will be left empty. Fix your URDF file by explicitly specifying collision geometry.
1737964268.7874613 [moveit_setup_assistant-1] [INFO] [1737964268.786944422] [moveit_robot_model.robot_model]: Loading robot model 'spot'...
1737964268.7875745 [moveit_setup_assistant-1] [INFO] [1737964268.786955843] [moveit_robot_model.robot_model]: No root/virtual joint specified in SRDF. Assuming fixed joint
1737964268.8211000 [moveit_setup_assistant-1] [WARN] [1737964268.820743615] [moveit_robot_model.robot_model]: Link fl.hip has visual geometry but no collision geometry. Collision geometry will be left empty. Fix your URDF file by explicitly specifying collision geometry.
1737964268.8213966 [moveit_setup_assistant-1] [WARN] [1737964268.820790682] [moveit_robot_model.robot_model]: Link fr.hip has visual geometry but no collision geometry. Collision geometry will be left empty. Fix your URDF file by explicitly specifying collision geometry.
1737964268.8214784 [moveit_setup_assistant-1] [WARN] [1737964268.820804498] [moveit_robot_model.robot_model]: Link hl.hip has visual geometry but no collision geometry. Collision geometry will be left empty. Fix your URDF file by explicitly specifying collision geometry.
1737964268.8215642 [moveit_setup_assistant-1] [WARN] [1737964268.820818935] [moveit_robot_model.robot_model]: Link hr.hip has visual geometry but no collision geometry. Collision geometry will be left empty. Fix your URDF file by explicitly specifying collision geometry.
1737964427.7918885 [INFO] [moveit_setup_assistant-1]: process has finished cleanly [pid 69010]
