[0.011s] Invoking command in '/home/developer/SPWAR_ws/src/build/hello_moveit': CMAKE_PREFIX_PATH=${CMAKE_PREFIX_PATH}:/opt/ros/humble /usr/bin/cmake /home/developer/SPWAR_ws/src/hello_moveit -DCMAKE_INSTALL_PREFIX=/home/developer/SPWAR_ws/src/install/hello_moveit
[0.023s] -- Found ament_cmake: 1.3.10 (/opt/ros/humble/share/ament_cmake/cmake)
[0.127s] -- Override CMake install command with custom implementation using symlinks instead of copying resources
[0.133s] -- Found moveit_ros_planning_interface: 2.5.7 (/opt/ros/humble/share/moveit_ros_planning_interface/cmake)
[0.143s] -- Found Boost: /usr/lib/x86_64-linux-gnu/cmake/Boost-1.74.0/BoostConfig.cmake (found version "1.74.0") found components: date_time filesystem program_options system thread 
[0.170s] -- Found rosidl_generator_c: 3.1.5 (/opt/ros/humble/share/rosidl_generator_c/cmake)
[0.172s] -- Found rosidl_adapter: 3.1.5 (/opt/ros/humble/share/rosidl_adapter/cmake)
[0.177s] -- Found rosidl_generator_cpp: 3.1.5 (/opt/ros/humble/share/rosidl_generator_cpp/cmake)
[0.185s] -- Using all available rosidl_typesupport_c: rosidl_typesupport_fastrtps_c;rosidl_typesupport_introspection_c
[0.196s] -- Using all available rosidl_typesupport_cpp: rosidl_typesupport_fastrtps_cpp;rosidl_typesupport_introspection_cpp
[0.361s] -- Found Boost: /usr/lib/x86_64-linux-gnu/cmake/Boost-1.74.0/BoostConfig.cmake (found version "1.74.0") found components: chrono date_time filesystem iostreams program_options regex serialization system thread 
[0.394s] -- Found parameter_traits: 0.4.0 (/opt/ros/humble/share/parameter_traits/cmake)
[0.421s] -- Found rmw_implementation_cmake: 6.1.2 (/opt/ros/humble/share/rmw_implementation_cmake/cmake)
[0.422s] -- Found rmw_fastrtps_cpp: 6.2.7 (/opt/ros/humble/share/rmw_fastrtps_cpp/cmake)
[0.553s] -- Using RMW implementation 'rmw_fastrtps_cpp' as default
[0.591s] -- Found rclcpp_lifecycle: 16.0.10 (/opt/ros/humble/share/rclcpp_lifecycle/cmake)
[0.609s] -- Found Boost: /usr/lib/x86_64-linux-gnu/cmake/Boost-1.74.0/BoostConfig.cmake (found version "1.74.0") found components: filesystem 
[0.649s] -- library: /usr/lib/x86_64-linux-gnu/libcurl.so
[0.671s] -- Ensuring Eigen3 include directory is part of orocos-kdl CMake target
[0.770s] -- Found Boost: /usr/lib/x86_64-linux-gnu/cmake/Boost-1.74.0/BoostConfig.cmake (found version "1.74.0") found components: system filesystem date_time program_options thread chrono 
[0.793s] -- Found Boost: /usr/lib/x86_64-linux-gnu/cmake/Boost-1.74.0/BoostConfig.cmake (found version "1.74.0") found components: thread system filesystem regex date_time program_options 
[0.810s] -- Found Boost: /usr/lib/x86_64-linux-gnu/cmake/Boost-1.74.0/BoostConfig.cmake (found version "1.74.0") found components: system filesystem date_time program_options thread 
[0.833s] -- Found moveit_visual_tools: 4.1.1 (/opt/ros/humble/share/moveit_visual_tools/cmake)
[0.870s] -- Setting assimp_DIR to: '/opt/ros/humble/share/rviz_assimp_vendor/cmake/../../../opt/rviz_assimp_vendor/lib/cmake/assimp-4.1'
[0.875s] -- Setting OGRE_DIR to: '/opt/ros/humble/share/rviz_ogre_vendor/cmake/../../../opt/rviz_ogre_vendor/lib/OGRE/cmake'
[0.876s] -- Found OGRE
[0.876s] --   static     : OFF
[0.876s] --   components : HLMS;MeshLodGenerator;Overlay;Paging;Property;RTShaderSystem;Terrain;Volume
[0.877s] --   plugins    : Plugin_BSPSceneManager;Plugin_OctreeSceneManager;Plugin_PCZSceneManager;Plugin_ParticleFX;RenderSystem_GL;RenderSystem_GL3Plus;Codec_STBI
[0.877s] --   media      : /opt/ros/humble/opt/rviz_ogre_vendor/share/OGRE/Media
[0.877s] -- OGRE_LIBRARIES: OgreHLMS;OgreMeshLodGenerator;OgreOverlay;OgrePaging;OgreProperty;OgreRTShaderSystem;OgreTerrain;OgreVolume;OgreMain
[0.877s] -- OGRE_LIBRARY_DIRS: /opt/ros/humble/opt/rviz_ogre_vendor/lib
[0.877s] -- OGRE_PLUGINS: Plugin_BSPSceneManager;Plugin_OctreeSceneManager;Plugin_PCZSceneManager;Plugin_ParticleFX;RenderSystem_GL;RenderSystem_GL3Plus;Codec_STBI
[0.877s] -- OGRE_PLUGIN_DIR: /opt/ros/humble/opt/rviz_ogre_vendor/lib/OGRE
[0.877s] -- rviz_ogre_vendor::OgreOverlay for IMPORTED_LOCATION_RELEASE: /opt/ros/humble/opt/rviz_ogre_vendor/lib/libOgreOverlay.so
[0.877s] -- rviz_ogre_vendor::OgreOverlay for IMPORTED_LOCATION_DEBUG: /opt/ros/humble/opt/rviz_ogre_vendor/lib/libOgreOverlay.so
[0.877s] -- rviz_ogre_vendor::OgreMain for IMPORTED_LOCATION_RELEASE: /opt/ros/humble/opt/rviz_ogre_vendor/lib/libOgreMain.so
[0.877s] -- rviz_ogre_vendor::OgreMain for IMPORTED_LOCATION_DEBUG: /opt/ros/humble/opt/rviz_ogre_vendor/lib/libOgreMain.so
[0.983s] -- Found ament_lint_auto: 0.12.11 (/opt/ros/humble/share/ament_lint_auto/cmake)
[1.050s] -- Added test 'cppcheck' to perform static code analysis on C / C++ code
[1.050s] -- Configured cppcheck include dirs: $<BUILD_INTERFACE:/home/developer/SPWAR_ws/src/hello_moveit/include>
[1.050s] -- Configured cppcheck exclude dirs and/or files: 
[1.051s] -- Added test 'lint_cmake' to check CMake code style
[1.051s] -- Added test 'uncrustify' to check C / C++ code style
[1.052s] -- Configured uncrustify additional arguments: 
[1.052s] -- Added test 'xmllint' to check XML markup files
[1.053s] -- Configuring done
[1.092s] -- Generating done
[1.095s] -- Build files have been written to: /home/developer/SPWAR_ws/src/build/hello_moveit
[1.113s] Invoked command in '/home/developer/SPWAR_ws/src/build/hello_moveit' returned '0': CMAKE_PREFIX_PATH=${CMAKE_PREFIX_PATH}:/opt/ros/humble /usr/bin/cmake /home/developer/SPWAR_ws/src/hello_moveit -DCMAKE_INSTALL_PREFIX=/home/developer/SPWAR_ws/src/install/hello_moveit
[1.115s] Invoking command in '/home/developer/SPWAR_ws/src/build/hello_moveit': CMAKE_PREFIX_PATH=${CMAKE_PREFIX_PATH}:/opt/ros/humble /usr/bin/cmake --build /home/developer/SPWAR_ws/src/build/hello_moveit -- -j16 -l16
[1.167s] [35m[1mConsolidate compiler generated dependencies of target hello_moveit[0m
[1.213s] [100%] Built target hello_moveit
[1.226s] Invoked command in '/home/developer/SPWAR_ws/src/build/hello_moveit' returned '0': CMAKE_PREFIX_PATH=${CMAKE_PREFIX_PATH}:/opt/ros/humble /usr/bin/cmake --build /home/developer/SPWAR_ws/src/build/hello_moveit -- -j16 -l16
[1.256s] Invoking command in '/home/developer/SPWAR_ws/src/build/hello_moveit': CMAKE_PREFIX_PATH=${CMAKE_PREFIX_PATH}:/opt/ros/humble /usr/bin/cmake --install /home/developer/SPWAR_ws/src/build/hello_moveit
[1.263s] -- Install configuration: ""
[1.263s] -- Execute custom install script
[1.264s] -- Up-to-date symlink: /home/developer/SPWAR_ws/src/install/hello_moveit/lib/hello_moveit/hello_moveit
[1.264s] -- Up-to-date symlink: /home/developer/SPWAR_ws/src/install/hello_moveit/share/ament_index/resource_index/package_run_dependencies/hello_moveit
[1.264s] -- Up-to-date symlink: /home/developer/SPWAR_ws/src/install/hello_moveit/share/ament_index/resource_index/parent_prefix_path/hello_moveit
[1.264s] -- Up-to-date symlink: /home/developer/SPWAR_ws/src/install/hello_moveit/share/hello_moveit/environment/ament_prefix_path.sh
[1.264s] -- Up-to-date symlink: /home/developer/SPWAR_ws/src/install/hello_moveit/share/hello_moveit/environment/ament_prefix_path.dsv
[1.264s] -- Up-to-date symlink: /home/developer/SPWAR_ws/src/install/hello_moveit/share/hello_moveit/environment/path.sh
[1.265s] -- Up-to-date symlink: /home/developer/SPWAR_ws/src/install/hello_moveit/share/hello_moveit/environment/path.dsv
[1.265s] -- Up-to-date symlink: /home/developer/SPWAR_ws/src/install/hello_moveit/share/hello_moveit/local_setup.bash
[1.265s] -- Up-to-date symlink: /home/developer/SPWAR_ws/src/install/hello_moveit/share/hello_moveit/local_setup.sh
[1.265s] -- Up-to-date symlink: /home/developer/SPWAR_ws/src/install/hello_moveit/share/hello_moveit/local_setup.zsh
[1.265s] -- Up-to-date symlink: /home/developer/SPWAR_ws/src/install/hello_moveit/share/hello_moveit/local_setup.dsv
[1.265s] -- Symlinking: /home/developer/SPWAR_ws/src/install/hello_moveit/share/hello_moveit/package.dsv
[1.277s] -- Up-to-date symlink: /home/developer/SPWAR_ws/src/install/hello_moveit/share/ament_index/resource_index/packages/hello_moveit
[1.277s] -- Up-to-date symlink: /home/developer/SPWAR_ws/src/install/hello_moveit/share/hello_moveit/cmake/hello_moveitConfig.cmake
[1.277s] -- Up-to-date symlink: /home/developer/SPWAR_ws/src/install/hello_moveit/share/hello_moveit/cmake/hello_moveitConfig-version.cmake
[1.277s] -- Up-to-date symlink: /home/developer/SPWAR_ws/src/install/hello_moveit/share/hello_moveit/package.xml
[1.280s] Invoked command in '/home/developer/SPWAR_ws/src/build/hello_moveit' returned '0': CMAKE_PREFIX_PATH=${CMAKE_PREFIX_PATH}:/opt/ros/humble /usr/bin/cmake --install /home/developer/SPWAR_ws/src/build/hello_moveit
