[0.010s] Invoking command in '/home/developer/SPWAR_ws/build/spot_description': CMAKE_PREFIX_PATH=/opt/ros/humble /usr/bin/cmake /home/developer/SPWAR_ws/src/spot_description -DCMAKE_INSTALL_PREFIX=/home/developer/SPWAR_ws/install/spot_description
[0.033s] -- Found ament_cmake: 1.3.10 (/opt/ros/humble/share/ament_cmake/cmake)
[0.164s] -- Found Python3: /usr/bin/python3 (found version "3.10.12") found components: Interpreter 
[0.313s] -- Configuring done
[0.316s] -- Generating done
[0.317s] -- Build files have been written to: /home/developer/SPWAR_ws/build/spot_description
[0.320s] Invoked command in '/home/developer/SPWAR_ws/build/spot_description' returned '0': CMAKE_PREFIX_PATH=/opt/ros/humble /usr/bin/cmake /home/developer/SPWAR_ws/src/spot_description -DCMAKE_INSTALL_PREFIX=/home/developer/SPWAR_ws/install/spot_description
[0.322s] Invoking command in '/home/developer/SPWAR_ws/build/spot_description': CMAKE_PREFIX_PATH=/opt/ros/humble /usr/bin/cmake --build /home/developer/SPWAR_ws/build/spot_description -- -j16 -l16
[0.359s] Invoked command in '/home/developer/SPWAR_ws/build/spot_description' returned '0': CMAKE_PREFIX_PATH=/opt/ros/humble /usr/bin/cmake --build /home/developer/SPWAR_ws/build/spot_description -- -j16 -l16
[0.390s] Invoking command in '/home/developer/SPWAR_ws/build/spot_description': CMAKE_PREFIX_PATH=/opt/ros/humble /usr/bin/cmake --install /home/developer/SPWAR_ws/build/spot_description
[0.397s] -- Install configuration: ""
[0.397s] -- Installing: /home/developer/SPWAR_ws/install/spot_description/share/spot_description/urdf
[0.397s] -- Installing: /home/developer/SPWAR_ws/install/spot_description/share/spot_description/urdf/spot_with_arm.urdf
[0.397s] -- Installing: /home/developer/SPWAR_ws/install/spot_description/share/spot_description/meshes
[0.397s] -- Installing: /home/developer/SPWAR_ws/install/spot_description/share/spot_description/meshes/arm0.link_el0.stl
[0.398s] -- Installing: /home/developer/SPWAR_ws/install/spot_description/share/spot_description/meshes/arm0.link_wr1.stl
[0.398s] -- Installing: /home/developer/SPWAR_ws/install/spot_description/share/spot_description/meshes/arm0.link_hr0.stl
[0.399s] -- Installing: /home/developer/SPWAR_ws/install/spot_description/share/spot_description/meshes/arm0.link_sh0.stl
[0.399s] -- Installing: /home/developer/SPWAR_ws/install/spot_description/share/spot_description/meshes/fl_hip_0_geom_visual_mesh.stl
[0.399s] -- Installing: /home/developer/SPWAR_ws/install/spot_description/share/spot_description/meshes/arm0.link_fngr.stl
[0.400s] -- Installing: /home/developer/SPWAR_ws/install/spot_description/share/spot_description/meshes/lleg_0_geom_visual_mesh.stl
[0.400s] -- Installing: /home/developer/SPWAR_ws/install/spot_description/share/spot_description/meshes/fr_hip_0_geom_visual_mesh.stl
[0.400s] -- Installing: /home/developer/SPWAR_ws/install/spot_description/share/spot_description/meshes/arm0.link_el1.stl
[0.401s] -- Installing: /home/developer/SPWAR_ws/install/spot_description/share/spot_description/meshes/hr_hip_0_geom_visual_mesh.stl
[0.401s] -- Installing: /home/developer/SPWAR_ws/install/spot_description/share/spot_description/meshes/arm0.link_wr0.stl
[0.401s] -- Installing: /home/developer/SPWAR_ws/install/spot_description/share/spot_description/meshes/base_link_0_geom_visual_mesh.stl
[0.402s] -- Installing: /home/developer/SPWAR_ws/install/spot_description/share/spot_description/meshes/l_uleg_0_geom_visual_mesh.stl
[0.402s] -- Installing: /home/developer/SPWAR_ws/install/spot_description/share/spot_description/meshes/hl_hip_0_geom_visual_mesh.stl
[0.402s] -- Installing: /home/developer/SPWAR_ws/install/spot_description/share/spot_description/meshes/arm0.link_sh1.stl
[0.402s] -- Installing: /home/developer/SPWAR_ws/install/spot_description/share/spot_description/meshes/r_uleg_0_geom_visual_mesh.stl
[0.403s] -- Installing: /home/developer/SPWAR_ws/install/spot_description/share/spot_description/launch
[0.403s] -- Installing: /home/developer/SPWAR_ws/install/spot_description/share/spot_description/launch/display.launch.py
[0.403s] -- Installing: /home/developer/SPWAR_ws/install/spot_description/share/ament_index/resource_index/package_run_dependencies/spot_description
[0.403s] -- Installing: /home/developer/SPWAR_ws/install/spot_description/share/ament_index/resource_index/parent_prefix_path/spot_description
[0.403s] -- Installing: /home/developer/SPWAR_ws/install/spot_description/share/spot_description/environment/ament_prefix_path.sh
[0.403s] -- Installing: /home/developer/SPWAR_ws/install/spot_description/share/spot_description/environment/ament_prefix_path.dsv
[0.404s] -- Installing: /home/developer/SPWAR_ws/install/spot_description/share/spot_description/environment/path.sh
[0.404s] -- Installing: /home/developer/SPWAR_ws/install/spot_description/share/spot_description/environment/path.dsv
[0.404s] -- Installing: /home/developer/SPWAR_ws/install/spot_description/share/spot_description/local_setup.bash
[0.404s] -- Installing: /home/developer/SPWAR_ws/install/spot_description/share/spot_description/local_setup.sh
[0.404s] -- Installing: /home/developer/SPWAR_ws/install/spot_description/share/spot_description/local_setup.zsh
[0.404s] -- Installing: /home/developer/SPWAR_ws/install/spot_description/share/spot_description/local_setup.dsv
[0.405s] -- Installing: /home/developer/SPWAR_ws/install/spot_description/share/spot_description/package.dsv
[0.405s] -- Installing: /home/developer/SPWAR_ws/install/spot_description/share/ament_index/resource_index/packages/spot_description
[0.405s] -- Installing: /home/developer/SPWAR_ws/install/spot_description/share/spot_description/cmake/spot_descriptionConfig.cmake
[0.405s] -- Installing: /home/developer/SPWAR_ws/install/spot_description/share/spot_description/cmake/spot_descriptionConfig-version.cmake
[0.405s] -- Installing: /home/developer/SPWAR_ws/install/spot_description/share/spot_description/package.xml
[0.407s] Invoked command in '/home/developer/SPWAR_ws/build/spot_description' returned '0': CMAKE_PREFIX_PATH=/opt/ros/humble /usr/bin/cmake --install /home/developer/SPWAR_ws/build/spot_description
