[INFO] [1738209835.208597668] [moveit_rdf_loader.rdf_loader]: Loaded robot model in 0 seconds
[INFO] [1738209835.208676217] [moveit_robot_model.robot_model]: Loading robot model 'spot'...
[INFO] [1738209835.208685174] [moveit_robot_model.robot_model]: No root/virtual joint specified in SRDF. Assuming fixed joint
[INFO] [1738209835.594511939] [move_group_interface]: Ready to take commands for planning group spot_arm.
[INFO] [1738209835.602900829] [moveit_rdf_loader.rdf_loader]: Loaded robot model in 0 seconds
[INFO] [1738209835.602940795] [moveit_robot_model.robot_model]: Loading robot model 'spot'...
[INFO] [1738209835.602945915] [moveit_robot_model.robot_model]: No root/virtual joint specified in SRDF. Assuming fixed joint
[INFO] [1738209835.764827860] [moveit_ros.planning_scene_monitor.planning_scene_monitor]: Starting planning scene monitor
[INFO] [1738209835.766203200] [moveit_ros.planning_scene_monitor.planning_scene_monitor]: Listening to '/planning_scene'
[INFO] [1738209835.767257500] [moveit_ros.current_state_monitor]: Listening to joint states on topic 'joint_states'
[INFO] [1738209835.767695412] [moveit_ros.planning_scene_monitor.planning_scene_monitor]: Listening to '/attached_collision_object' for attached collision objects
[INFO] [1738209835.767719297] [moveit_ros.planning_scene_monitor.planning_scene_monitor]: Starting world geometry update monitor for collision objects, attached objects, octomap updates.
[INFO] [1738209835.768043903] [moveit_ros.planning_scene_monitor.planning_scene_monitor]: Listening to 'collision_object'
[INFO] [1738209835.768333603] [moveit_ros.planning_scene_monitor.planning_scene_monitor]: Listening to 'planning_scene_world' for planning scene world geometry
[WARN] [1738209835.769044942] [moveit.ros.occupancy_map_monitor.middleware_handle]: Resolution not specified for Octomap. Assuming resolution = 0.1 instead
[ERROR] [1738209835.769063027] [moveit.ros.occupancy_map_monitor.middleware_handle]: No 3D sensor plugin(s) defined for octomap updates
[INFO] [1738209835.812002884] [moveit_ros.current_state_monitor]: Listening to joint states on topic 'joint_states'
[INFO] [1738209836.813634628] [hello_moveit]: Aguardando sincronização dos estados das juntas...
[INFO] [1738209841.813945333] [hello_moveit]: Estado do robô sincronizado com sucesso!
[ERROR] [1738209841.914168078] [hello_moveit]: O alvo está fora do espaço de trabalho!
[ERROR] [1738209841.914215949] [hello_moveit]: Movimento cancelado: Ponto inalcançável!
