[INFO] [1738207508.210433255] [moveit_rdf_loader.rdf_loader]: Loaded robot model in 0 seconds
[INFO] [1738207508.210550177] [moveit_robot_model.robot_model]: Loading robot model 'spot'...
[INFO] [1738207508.210583730] [moveit_robot_model.robot_model]: No root/virtual joint specified in SRDF. Assuming fixed joint
[WARN] [1738207508.301367249] [moveit_ros.robot_model_loader]: No kinematics plugins defined. Fill and load kinematics.yaml!
[INFO] [1738207508.322163667] [move_group_interface]: Ready to take commands for planning group spot_arm.
[INFO] [1738207508.385530705] [moveit_rdf_loader.rdf_loader]: Loaded robot model in 0 seconds
[INFO] [1738207508.385657987] [moveit_robot_model.robot_model]: Loading robot model 'spot'...
[INFO] [1738207508.385674899] [moveit_robot_model.robot_model]: No root/virtual joint specified in SRDF. Assuming fixed joint
[WARN] [1738207508.467161531] [moveit_ros.robot_model_loader]: No kinematics plugins defined. Fill and load kinematics.yaml!
[INFO] [1738207508.688390476] [moveit_ros.planning_scene_monitor.planning_scene_monitor]: Starting planning scene monitor
[INFO] [1738207508.689545320] [moveit_ros.planning_scene_monitor.planning_scene_monitor]: Listening to '/planning_scene'
[INFO] [1738207508.690409781] [moveit_ros.current_state_monitor]: Listening to joint states on topic 'joint_states'
[INFO] [1738207508.690860197] [moveit_ros.planning_scene_monitor.planning_scene_monitor]: Listening to '/attached_collision_object' for attached collision objects
[INFO] [1738207508.690890354] [moveit_ros.planning_scene_monitor.planning_scene_monitor]: Starting world geometry update monitor for collision objects, attached objects, octomap updates.
[INFO] [1738207508.691324689] [moveit_ros.planning_scene_monitor.planning_scene_monitor]: Listening to 'collision_object'
[INFO] [1738207508.691756429] [moveit_ros.planning_scene_monitor.planning_scene_monitor]: Listening to 'planning_scene_world' for planning scene world geometry
[WARN] [1738207508.692023847] [moveit.ros.occupancy_map_monitor.middleware_handle]: Resolution not specified for Octomap. Assuming resolution = 0.1 instead
[ERROR] [1738207508.692045999] [moveit.ros.occupancy_map_monitor.middleware_handle]: No 3D sensor plugin(s) defined for octomap updates
[INFO] [1738207508.760898696] [moveit_ros.current_state_monitor]: Listening to joint states on topic 'joint_states'
[INFO] [1738207509.762946427] [hello_moveit]: Aguardando sincronização dos estados das juntas...
[INFO] [1738207514.763225007] [hello_moveit]: Estado do robô sincronizado com sucesso!
[ERROR] [1738207514.763382687] [moveit_robot_state.robot_state]: No kinematics solver instantiated for group 'spot_arm'
[ERROR] [1738207514.763401743] [hello_moveit]: O alvo está fora do espaço de trabalho!
[ERROR] [1738207514.763436880] [hello_moveit]: Movimento cancelado: Ponto inalcançável!
