[INFO] [1738257595.208662000] [moveit_rdf_loader.rdf_loader]: Loaded robot model in 0 seconds
[INFO] [1738257595.208724027] [moveit_robot_model.robot_model]: Loading robot model 'spot'...
[INFO] [1738257595.208731999] [moveit_robot_model.robot_model]: No root/virtual joint specified in SRDF. Assuming fixed joint
[WARN] [1738257595.255127069] [moveit_ros.robot_model_loader]: No kinematics plugins defined. Fill and load kinematics.yaml!
[INFO] [1738257595.263528958] [move_group_interface]: Ready to take commands for planning group spot_arm.
[INFO] [1738257595.304583477] [moveit_rdf_loader.rdf_loader]: Loaded robot model in 0 seconds
[INFO] [1738257595.304608833] [moveit_robot_model.robot_model]: Loading robot model 'spot'...
[INFO] [1738257595.304615612] [moveit_robot_model.robot_model]: No root/virtual joint specified in SRDF. Assuming fixed joint
[WARN] [1738257595.346652587] [moveit_ros.robot_model_loader]: No kinematics plugins defined. Fill and load kinematics.yaml!
[INFO] [1738257595.458563684] [moveit_ros.planning_scene_monitor.planning_scene_monitor]: Starting planning scene monitor
[INFO] [1738257595.459098938] [moveit_ros.planning_scene_monitor.planning_scene_monitor]: Listening to '/planning_scene'
[INFO] [1738257595.459509217] [moveit_ros.current_state_monitor]: Listening to joint states on topic 'joint_states'
[INFO] [1738257595.459709600] [moveit_ros.planning_scene_monitor.planning_scene_monitor]: Listening to '/attached_collision_object' for attached collision objects
[INFO] [1738257595.459723549] [moveit_ros.planning_scene_monitor.planning_scene_monitor]: Starting world geometry update monitor for collision objects, attached objects, octomap updates.
[INFO] [1738257595.459912346] [moveit_ros.planning_scene_monitor.planning_scene_monitor]: Listening to 'collision_object'
[INFO] [1738257595.460111727] [moveit_ros.planning_scene_monitor.planning_scene_monitor]: Listening to 'planning_scene_world' for planning scene world geometry
[WARN] [1738257595.460241880] [moveit.ros.occupancy_map_monitor.middleware_handle]: Resolution not specified for Octomap. Assuming resolution = 0.1 instead
[ERROR] [1738257595.460254238] [moveit.ros.occupancy_map_monitor.middleware_handle]: No 3D sensor plugin(s) defined for octomap updates
[INFO] [1738257595.495869986] [moveit_ros.current_state_monitor]: Listening to joint states on topic 'joint_states'
[INFO] [1738257596.497580350] [hello_moveit]: Aguardando sincronização dos estados das juntas...
[INFO] [1738257601.497965667] [hello_moveit]: Estado do robô sincronizado com sucesso!
[ERROR] [1738257601.498062998] [moveit_robot_state.robot_state]: No kinematics solver instantiated for group 'spot_arm'
[ERROR] [1738257601.498075788] [hello_moveit]: O alvo está fora do espaço de trabalho!
[ERROR] [1738257601.498088788] [hello_moveit]: Movimento cancelado: Ponto inalcançável!
