[INFO] [1738192715.427450634] [moveit_rdf_loader.rdf_loader]: Loaded robot model in 0 seconds
[INFO] [1738192715.427508294] [moveit_robot_model.robot_model]: Loading robot model 'spot'...
[INFO] [1738192715.427517061] [moveit_robot_model.robot_model]: No root/virtual joint specified in SRDF. Assuming fixed joint
[WARN] [1738192715.468545743] [moveit_ros.robot_model_loader]: No kinematics plugins defined. Fill and load kinematics.yaml!
[INFO] [1738192715.477718012] [move_group_interface]: Ready to take commands for planning group spot_arm.
[INFO] [1738192715.515555486] [moveit_rdf_loader.rdf_loader]: Loaded robot model in 0 seconds
[INFO] [1738192715.515579061] [moveit_robot_model.robot_model]: Loading robot model 'spot'...
[INFO] [1738192715.515585143] [moveit_robot_model.robot_model]: No root/virtual joint specified in SRDF. Assuming fixed joint
[WARN] [1738192715.555613727] [moveit_ros.robot_model_loader]: No kinematics plugins defined. Fill and load kinematics.yaml!
[INFO] [1738192715.661441982] [moveit_ros.planning_scene_monitor.planning_scene_monitor]: Starting planning scene monitor
[INFO] [1738192715.661973235] [moveit_ros.planning_scene_monitor.planning_scene_monitor]: Listening to '/planning_scene'
[INFO] [1738192715.662384971] [moveit_ros.current_state_monitor]: Listening to joint states on topic 'joint_states'
[INFO] [1738192715.662556197] [moveit_ros.planning_scene_monitor.planning_scene_monitor]: Listening to '/attached_collision_object' for attached collision objects
[INFO] [1738192715.662568431] [moveit_ros.planning_scene_monitor.planning_scene_monitor]: Starting world geometry update monitor for collision objects, attached objects, octomap updates.
[INFO] [1738192715.662719960] [moveit_ros.planning_scene_monitor.planning_scene_monitor]: Listening to 'collision_object'
[INFO] [1738192715.662879304] [moveit_ros.planning_scene_monitor.planning_scene_monitor]: Listening to 'planning_scene_world' for planning scene world geometry
[WARN] [1738192715.663025863] [moveit.ros.occupancy_map_monitor.middleware_handle]: Resolution not specified for Octomap. Assuming resolution = 0.1 instead
[ERROR] [1738192715.663037545] [moveit.ros.occupancy_map_monitor.middleware_handle]: No 3D sensor plugin(s) defined for octomap updates
[INFO] [1738192715.698006257] [moveit_ros.current_state_monitor]: Listening to joint states on topic 'joint_states'
[INFO] [1738192716.699395496] [hello_moveit]: Aguardando sincronização dos estados das juntas...
[INFO] [1738192721.699714635] [hello_moveit]: Estado do robô sincronizado com sucesso!
[ERROR] [1738192721.699806982] [moveit_robot_state.robot_state]: No kinematics solver instantiated for group 'spot_arm'
[ERROR] [1738192721.699826048] [hello_moveit]: O alvo está fora do espaço de trabalho!
[ERROR] [1738192721.699849362] [hello_moveit]: Movimento cancelado: Ponto inalcançável!
