[INFO] [1738188720.625663817] [moveit_rdf_loader.rdf_loader]: Loaded robot model in 0 seconds
[INFO] [1738188720.625746484] [moveit_robot_model.robot_model]: Loading robot model 'spot'...
[INFO] [1738188720.625758833] [moveit_robot_model.robot_model]: No root/virtual joint specified in SRDF. Assuming fixed joint
[WARN] [1738188720.674875321] [moveit_ros.robot_model_loader]: No kinematics plugins defined. Fill and load kinematics.yaml!
[INFO] [1738188720.684830013] [move_group_interface]: Ready to take commands for planning group spot_arm.
[INFO] [1738188720.727293624] [moveit_rdf_loader.rdf_loader]: Loaded robot model in 0 seconds
[INFO] [1738188720.727342610] [moveit_robot_model.robot_model]: Loading robot model 'spot'...
[INFO] [1738188720.727351032] [moveit_robot_model.robot_model]: No root/virtual joint specified in SRDF. Assuming fixed joint
[WARN] [1738188720.768407216] [moveit_ros.robot_model_loader]: No kinematics plugins defined. Fill and load kinematics.yaml!
[INFO] [1738188720.878875005] [moveit_ros.planning_scene_monitor.planning_scene_monitor]: Starting planning scene monitor
[INFO] [1738188720.879407686] [moveit_ros.planning_scene_monitor.planning_scene_monitor]: Listening to '/planning_scene'
[INFO] [1738188720.879901726] [moveit_ros.current_state_monitor]: Listening to joint states on topic 'joint_states'
[INFO] [1738188720.880133814] [moveit_ros.planning_scene_monitor.planning_scene_monitor]: Listening to '/attached_collision_object' for attached collision objects
[INFO] [1738188720.880151902] [moveit_ros.planning_scene_monitor.planning_scene_monitor]: Starting world geometry update monitor for collision objects, attached objects, octomap updates.
[INFO] [1738188720.880348995] [moveit_ros.planning_scene_monitor.planning_scene_monitor]: Listening to 'collision_object'
[INFO] [1738188720.880561212] [moveit_ros.planning_scene_monitor.planning_scene_monitor]: Listening to 'planning_scene_world' for planning scene world geometry
[WARN] [1738188720.880693646] [moveit.ros.occupancy_map_monitor.middleware_handle]: Resolution not specified for Octomap. Assuming resolution = 0.1 instead
[ERROR] [1738188720.880706626] [moveit.ros.occupancy_map_monitor.middleware_handle]: No 3D sensor plugin(s) defined for octomap updates
[INFO] [1738188720.917205591] [moveit_ros.current_state_monitor]: Listening to joint states on topic 'joint_states'
[INFO] [1738188721.918744335] [hello_moveit]: Aguardando sincronização dos estados das juntas...
[INFO] [1738188726.919161853] [hello_moveit]: Estado do robô sincronizado com sucesso!
[ERROR] [1738188726.919323063] [moveit_robot_state.robot_state]: No kinematics solver instantiated for group 'spot_arm'
[ERROR] [1738188726.919332016] [hello_moveit]: O alvo está fora do espaço de trabalho!
[ERROR] [1738188726.919340640] [hello_moveit]: Movimento cancelado: Ponto inalcançável!
