[INFO] [1738210230.755511568] [moveit_rdf_loader.rdf_loader]: Loaded robot model in 0 seconds
[INFO] [1738210230.755584940] [moveit_robot_model.robot_model]: Loading robot model 'spot'...
[INFO] [1738210230.755593926] [moveit_robot_model.robot_model]: No root/virtual joint specified in SRDF. Assuming fixed joint
[WARN] [1738210230.802119807] [moveit_ros.robot_model_loader]: No kinematics plugins defined. Fill and load kinematics.yaml!
[INFO] [1738210230.811711173] [move_group_interface]: Ready to take commands for planning group spot_arm.
[INFO] [1738210230.863868881] [moveit_rdf_loader.rdf_loader]: Loaded robot model in 0 seconds
[INFO] [1738210230.863918551] [moveit_robot_model.robot_model]: Loading robot model 'spot'...
[INFO] [1738210230.863926405] [moveit_robot_model.robot_model]: No root/virtual joint specified in SRDF. Assuming fixed joint
[WARN] [1738210230.925942439] [moveit_ros.robot_model_loader]: No kinematics plugins defined. Fill and load kinematics.yaml!
[INFO] [1738210231.048099736] [moveit_ros.planning_scene_monitor.planning_scene_monitor]: Starting planning scene monitor
[INFO] [1738210231.048699785] [moveit_ros.planning_scene_monitor.planning_scene_monitor]: Listening to '/planning_scene'
[INFO] [1738210231.049285528] [moveit_ros.current_state_monitor]: Listening to joint states on topic 'joint_states'
[INFO] [1738210231.049517365] [moveit_ros.planning_scene_monitor.planning_scene_monitor]: Listening to '/attached_collision_object' for attached collision objects
[INFO] [1738210231.049533745] [moveit_ros.planning_scene_monitor.planning_scene_monitor]: Starting world geometry update monitor for collision objects, attached objects, octomap updates.
[INFO] [1738210231.049740356] [moveit_ros.planning_scene_monitor.planning_scene_monitor]: Listening to 'collision_object'
[INFO] [1738210231.049959540] [moveit_ros.planning_scene_monitor.planning_scene_monitor]: Listening to 'planning_scene_world' for planning scene world geometry
[WARN] [1738210231.050350032] [moveit.ros.occupancy_map_monitor.middleware_handle]: Resolution not specified for Octomap. Assuming resolution = 0.1 instead
[ERROR] [1738210231.050365460] [moveit.ros.occupancy_map_monitor.middleware_handle]: No 3D sensor plugin(s) defined for octomap updates
[INFO] [1738210231.093208406] [moveit_ros.current_state_monitor]: Listening to joint states on topic 'joint_states'
[INFO] [1738210232.094611849] [hello_moveit]: Aguardando sincronização dos estados das juntas...
[INFO] [1738210237.094870523] [hello_moveit]: Estado do robô sincronizado com sucesso!
[ERROR] [1738210237.094956056] [moveit_robot_state.robot_state]: No kinematics solver instantiated for group 'spot_arm'
[ERROR] [1738210237.094966165] [hello_moveit]: O alvo está fora do espaço de trabalho!
[ERROR] [1738210237.094976153] [hello_moveit]: Movimento cancelado: Ponto inalcançável!
