[INFO] [1738209294.014702491] [moveit_rdf_loader.rdf_loader]: Loaded robot model in 0 seconds
[INFO] [1738209294.014918501] [moveit_robot_model.robot_model]: Loading robot model 'spot'...
[INFO] [1738209294.014952585] [moveit_robot_model.robot_model]: No root/virtual joint specified in SRDF. Assuming fixed joint
[WARN] [1738209294.102836509] [moveit_ros.robot_model_loader]: No kinematics plugins defined. Fill and load kinematics.yaml!
[INFO] [1738209294.122861960] [move_group_interface]: Ready to take commands for planning group spot_arm.
[INFO] [1738209294.188057596] [moveit_rdf_loader.rdf_loader]: Loaded robot model in 0 seconds
[INFO] [1738209294.188114995] [moveit_robot_model.robot_model]: Loading robot model 'spot'...
[INFO] [1738209294.188129943] [moveit_robot_model.robot_model]: No root/virtual joint specified in SRDF. Assuming fixed joint
[WARN] [1738209294.273160669] [moveit_ros.robot_model_loader]: No kinematics plugins defined. Fill and load kinematics.yaml!
[INFO] [1738209294.481938646] [moveit_ros.planning_scene_monitor.planning_scene_monitor]: Starting planning scene monitor
[INFO] [1738209294.483123150] [moveit_ros.planning_scene_monitor.planning_scene_monitor]: Listening to '/planning_scene'
[INFO] [1738209294.483889693] [moveit_ros.current_state_monitor]: Listening to joint states on topic 'joint_states'
[INFO] [1738209294.484380132] [moveit_ros.planning_scene_monitor.planning_scene_monitor]: Listening to '/attached_collision_object' for attached collision objects
[INFO] [1738209294.484413526] [moveit_ros.planning_scene_monitor.planning_scene_monitor]: Starting world geometry update monitor for collision objects, attached objects, octomap updates.
[INFO] [1738209294.484869911] [moveit_ros.planning_scene_monitor.planning_scene_monitor]: Listening to 'collision_object'
[INFO] [1738209294.485309584] [moveit_ros.planning_scene_monitor.planning_scene_monitor]: Listening to 'planning_scene_world' for planning scene world geometry
[WARN] [1738209294.486008488] [moveit.ros.occupancy_map_monitor.middleware_handle]: Resolution not specified for Octomap. Assuming resolution = 0.1 instead
[ERROR] [1738209294.486033826] [moveit.ros.occupancy_map_monitor.middleware_handle]: No 3D sensor plugin(s) defined for octomap updates
[INFO] [1738209294.553891748] [moveit_ros.current_state_monitor]: Listening to joint states on topic 'joint_states'
[INFO] [1738209295.555920861] [hello_moveit]: Aguardando sincronização dos estados das juntas...
[INFO] [1738209300.556256919] [hello_moveit]: Estado do robô sincronizado com sucesso!
[ERROR] [1738209300.556371156] [moveit_robot_state.robot_state]: No kinematics solver instantiated for group 'spot_arm'
[ERROR] [1738209300.556384371] [hello_moveit]: O alvo está fora do espaço de trabalho!
[ERROR] [1738209300.556400391] [hello_moveit]: Movimento cancelado: Ponto inalcançável!
