[INFO] [1738210374.676367778] [moveit_rdf_loader.rdf_loader]: Loaded robot model in 0 seconds
[INFO] [1738210374.676460777] [moveit_robot_model.robot_model]: Loading robot model 'spot'...
[INFO] [1738210374.676470084] [moveit_robot_model.robot_model]: No root/virtual joint specified in SRDF. Assuming fixed joint
[INFO] [1738210375.029439928] [move_group_interface]: Ready to take commands for planning group spot_arm.
[INFO] [1738210375.038555991] [moveit_rdf_loader.rdf_loader]: Loaded robot model in 0 seconds
[INFO] [1738210375.038622452] [moveit_robot_model.robot_model]: Loading robot model 'spot'...
[INFO] [1738210375.038634313] [moveit_robot_model.robot_model]: No root/virtual joint specified in SRDF. Assuming fixed joint
[INFO] [1738210375.202238015] [moveit_ros.planning_scene_monitor.planning_scene_monitor]: Starting planning scene monitor
[INFO] [1738210375.202986177] [moveit_ros.planning_scene_monitor.planning_scene_monitor]: Listening to '/planning_scene'
[INFO] [1738210375.203897676] [moveit_ros.current_state_monitor]: Listening to joint states on topic 'joint_states'
[INFO] [1738210375.204262219] [moveit_ros.planning_scene_monitor.planning_scene_monitor]: Listening to '/attached_collision_object' for attached collision objects
[INFO] [1738210375.204277858] [moveit_ros.planning_scene_monitor.planning_scene_monitor]: Starting world geometry update monitor for collision objects, attached objects, octomap updates.
[INFO] [1738210375.204553650] [moveit_ros.planning_scene_monitor.planning_scene_monitor]: Listening to 'collision_object'
[INFO] [1738210375.204793747] [moveit_ros.planning_scene_monitor.planning_scene_monitor]: Listening to 'planning_scene_world' for planning scene world geometry
[WARN] [1738210375.205208241] [moveit.ros.occupancy_map_monitor.middleware_handle]: Resolution not specified for Octomap. Assuming resolution = 0.1 instead
[ERROR] [1738210375.205224381] [moveit.ros.occupancy_map_monitor.middleware_handle]: No 3D sensor plugin(s) defined for octomap updates
[INFO] [1738210375.244963063] [moveit_ros.current_state_monitor]: Listening to joint states on topic 'joint_states'
[INFO] [1738210376.246518980] [hello_moveit]: Aguardando sincronização dos estados das juntas...
[INFO] [1738210381.246771626] [hello_moveit]: Estado do robô sincronizado com sucesso!
[ERROR] [1738210381.346936845] [hello_moveit]: O alvo está fora do espaço de trabalho!
[ERROR] [1738210381.346993018] [hello_moveit]: Movimento cancelado: Ponto inalcançável!
