[INFO] [1738257845.147540406] [moveit_rdf_loader.rdf_loader]: Loaded robot model in 0 seconds
[INFO] [1738257845.147724150] [moveit_robot_model.robot_model]: Loading robot model 'spot'...
[INFO] [1738257845.147802301] [moveit_robot_model.robot_model]: No root/virtual joint specified in SRDF. Assuming fixed joint
[WARN] [1738257845.210619434] [moveit_ros.robot_model_loader]: No kinematics plugins defined. Fill and load kinematics.yaml!
[INFO] [1738257845.226944616] [move_group_interface]: Ready to take commands for planning group spot_arm.
[INFO] [1738257845.268065890] [moveit_rdf_loader.rdf_loader]: Loaded robot model in 0 seconds
[INFO] [1738257845.268092892] [moveit_robot_model.robot_model]: Loading robot model 'spot'...
[INFO] [1738257845.268100777] [moveit_robot_model.robot_model]: No root/virtual joint specified in SRDF. Assuming fixed joint
[WARN] [1738257845.308652164] [moveit_ros.robot_model_loader]: No kinematics plugins defined. Fill and load kinematics.yaml!
[INFO] [1738257845.425669288] [moveit_ros.planning_scene_monitor.planning_scene_monitor]: Starting planning scene monitor
[INFO] [1738257845.426245298] [moveit_ros.planning_scene_monitor.planning_scene_monitor]: Listening to '/planning_scene'
[INFO] [1738257845.426840295] [moveit_ros.current_state_monitor]: Listening to joint states on topic 'joint_states'
[INFO] [1738257845.427088623] [moveit_ros.planning_scene_monitor.planning_scene_monitor]: Listening to '/attached_collision_object' for attached collision objects
[INFO] [1738257845.427102971] [moveit_ros.planning_scene_monitor.planning_scene_monitor]: Starting world geometry update monitor for collision objects, attached objects, octomap updates.
[INFO] [1738257845.427315801] [moveit_ros.planning_scene_monitor.planning_scene_monitor]: Listening to 'collision_object'
[INFO] [1738257845.427524112] [moveit_ros.planning_scene_monitor.planning_scene_monitor]: Listening to 'planning_scene_world' for planning scene world geometry
[WARN] [1738257845.427673690] [moveit.ros.occupancy_map_monitor.middleware_handle]: Resolution not specified for Octomap. Assuming resolution = 0.1 instead
[ERROR] [1738257845.427688238] [moveit.ros.occupancy_map_monitor.middleware_handle]: No 3D sensor plugin(s) defined for octomap updates
[INFO] [1738257845.463069684] [moveit_ros.current_state_monitor]: Listening to joint states on topic 'joint_states'
[INFO] [1738257846.464483776] [hello_moveit]: Aguardando sincronização dos estados das juntas...
[INFO] [1738257851.464734840] [hello_moveit]: Estado do robô sincronizado com sucesso!
[ERROR] [1738257851.464840023] [moveit_robot_state.robot_state]: No kinematics solver instantiated for group 'spot_arm'
[ERROR] [1738257851.464860212] [hello_moveit]: O alvo está fora do espaço de trabalho!
[ERROR] [1738257851.464885150] [hello_moveit]: Movimento cancelado: Ponto inalcançável!
