[INFO] [1738209249.632621288] [moveit_rdf_loader.rdf_loader]: Loaded robot model in 0 seconds
[INFO] [1738209249.632719975] [moveit_robot_model.robot_model]: Loading robot model 'spot'...
[INFO] [1738209249.632736136] [moveit_robot_model.robot_model]: No root/virtual joint specified in SRDF. Assuming fixed joint
[INFO] [1738209250.209962462] [move_group_interface]: Ready to take commands for planning group spot_arm.
[INFO] [1738209250.230654029] [moveit_rdf_loader.rdf_loader]: Loaded robot model in 0 seconds
[INFO] [1738209250.230731375] [moveit_robot_model.robot_model]: Loading robot model 'spot'...
[INFO] [1738209250.230745392] [moveit_robot_model.robot_model]: No root/virtual joint specified in SRDF. Assuming fixed joint
[INFO] [1738209250.515406668] [moveit_ros.planning_scene_monitor.planning_scene_monitor]: Starting planning scene monitor
[INFO] [1738209250.516440036] [moveit_ros.planning_scene_monitor.planning_scene_monitor]: Listening to '/planning_scene'
[INFO] [1738209250.517291881] [moveit_ros.current_state_monitor]: Listening to joint states on topic 'joint_states'
[INFO] [1738209250.517763013] [moveit_ros.planning_scene_monitor.planning_scene_monitor]: Listening to '/attached_collision_object' for attached collision objects
[INFO] [1738209250.517786388] [moveit_ros.planning_scene_monitor.planning_scene_monitor]: Starting world geometry update monitor for collision objects, attached objects, octomap updates.
[INFO] [1738209250.518194491] [moveit_ros.planning_scene_monitor.planning_scene_monitor]: Listening to 'collision_object'
[INFO] [1738209250.518532000] [moveit_ros.planning_scene_monitor.planning_scene_monitor]: Listening to 'planning_scene_world' for planning scene world geometry
[WARN] [1738209250.519119053] [moveit.ros.occupancy_map_monitor.middleware_handle]: Resolution not specified for Octomap. Assuming resolution = 0.1 instead
[ERROR] [1738209250.519141605] [moveit.ros.occupancy_map_monitor.middleware_handle]: No 3D sensor plugin(s) defined for octomap updates
[INFO] [1738209250.575645900] [moveit_ros.current_state_monitor]: Listening to joint states on topic 'joint_states'
[INFO] [1738209251.577706912] [hello_moveit]: Aguardando sincronização dos estados das juntas...
[INFO] [1738209256.578047185] [hello_moveit]: Estado do robô sincronizado com sucesso!
[ERROR] [1738209256.678346227] [hello_moveit]: O alvo está fora do espaço de trabalho!
[ERROR] [1738209256.678505579] [hello_moveit]: Movimento cancelado: Ponto inalcançável!
