[INFO] [1738210425.673543544] [moveit_rdf_loader.rdf_loader]: Loaded robot model in 0 seconds
[INFO] [1738210425.673674253] [moveit_robot_model.robot_model]: Loading robot model 'spot'...
[INFO] [1738210425.673691965] [moveit_robot_model.robot_model]: No root/virtual joint specified in SRDF. Assuming fixed joint
[INFO] [1738210426.039349441] [move_group_interface]: Ready to take commands for planning group spot_arm.
[INFO] [1738210426.051742538] [moveit_rdf_loader.rdf_loader]: Loaded robot model in 0 seconds
[INFO] [1738210426.051795404] [moveit_robot_model.robot_model]: Loading robot model 'spot'...
[INFO] [1738210426.051803980] [moveit_robot_model.robot_model]: No root/virtual joint specified in SRDF. Assuming fixed joint
[INFO] [1738210426.223629063] [moveit_ros.planning_scene_monitor.planning_scene_monitor]: Starting planning scene monitor
[INFO] [1738210426.224644007] [moveit_ros.planning_scene_monitor.planning_scene_monitor]: Listening to '/planning_scene'
[INFO] [1738210426.225389869] [moveit_ros.current_state_monitor]: Listening to joint states on topic 'joint_states'
[INFO] [1738210426.225702831] [moveit_ros.planning_scene_monitor.planning_scene_monitor]: Listening to '/attached_collision_object' for attached collision objects
[INFO] [1738210426.225718209] [moveit_ros.planning_scene_monitor.planning_scene_monitor]: Starting world geometry update monitor for collision objects, attached objects, octomap updates.
[INFO] [1738210426.225988563] [moveit_ros.planning_scene_monitor.planning_scene_monitor]: Listening to 'collision_object'
[INFO] [1738210426.226239181] [moveit_ros.planning_scene_monitor.planning_scene_monitor]: Listening to 'planning_scene_world' for planning scene world geometry
[WARN] [1738210426.226637318] [moveit.ros.occupancy_map_monitor.middleware_handle]: Resolution not specified for Octomap. Assuming resolution = 0.1 instead
[ERROR] [1738210426.226652546] [moveit.ros.occupancy_map_monitor.middleware_handle]: No 3D sensor plugin(s) defined for octomap updates
[INFO] [1738210426.264617512] [moveit_ros.current_state_monitor]: Listening to joint states on topic 'joint_states'
[INFO] [1738210427.266019329] [hello_moveit]: Aguardando sincronização dos estados das juntas...
[INFO] [1738210432.266239440] [hello_moveit]: Estado do robô sincronizado com sucesso!
[ERROR] [1738210432.366502250] [hello_moveit]: O alvo está fora do espaço de trabalho!
[ERROR] [1738210432.366547172] [hello_moveit]: Movimento cancelado: Ponto inalcançável!
