[INFO] [1738207448.103119212] [moveit_rdf_loader.rdf_loader]: Loaded robot model in 0.0503372 seconds
[INFO] [1738207448.103244190] [moveit_robot_model.robot_model]: Loading robot model 'spot'...
[INFO] [1738207448.103261272] [moveit_robot_model.robot_model]: No root/virtual joint specified in SRDF. Assuming fixed joint
[INFO] [1738207448.445642686] [moveit_ros.planning_scene_monitor.planning_scene_monitor]: Publishing maintained planning scene on 'monitored_planning_scene'
[INFO] [1738207448.445929340] [moveit.ros_planning_interface.moveit_cpp]: Listening to 'joint_states' for joint states
[INFO] [1738207448.447055117] [moveit_ros.current_state_monitor]: Listening to joint states on topic 'joint_states'
[INFO] [1738207448.447828375] [moveit_ros.planning_scene_monitor.planning_scene_monitor]: Listening to '/attached_collision_object' for attached collision objects
[INFO] [1738207448.447870275] [moveit_ros.planning_scene_monitor.planning_scene_monitor]: Starting planning scene monitor
[INFO] [1738207448.448370134] [moveit_ros.planning_scene_monitor.planning_scene_monitor]: Listening to '/planning_scene'
[INFO] [1738207448.448407444] [moveit_ros.planning_scene_monitor.planning_scene_monitor]: Starting world geometry update monitor for collision objects, attached objects, octomap updates.
[INFO] [1738207448.449042039] [moveit_ros.planning_scene_monitor.planning_scene_monitor]: Listening to 'collision_object'
[INFO] [1738207448.449690200] [moveit_ros.planning_scene_monitor.planning_scene_monitor]: Listening to 'planning_scene_world' for planning scene world geometry
[WARN] [1738207448.450058649] [moveit.ros.occupancy_map_monitor.middleware_handle]: Resolution not specified for Octomap. Assuming resolution = 0.1 instead
[ERROR] [1738207448.450101070] [moveit.ros.occupancy_map_monitor.middleware_handle]: No 3D sensor plugin(s) defined for octomap updates
[INFO] [1738207448.528678973] [moveit.ros_planning_interface.moveit_cpp]: Loading planning pipeline 'pilz_industrial_motion_planner'
[INFO] [1738207448.533456433] [moveit.pilz_industrial_motion_planner.joint_limits_aggregator]: Reading limits from namespace robot_description_planning
[INFO] [1738207448.554235731] [moveit.pilz_industrial_motion_planner]: Available plugins: pilz_industrial_motion_planner/PlanningContextLoaderCIRC pilz_industrial_motion_planner/PlanningContextLoaderLIN pilz_industrial_motion_planner/PlanningContextLoaderPTP 
[INFO] [1738207448.554301977] [moveit.pilz_industrial_motion_planner]: About to load: pilz_industrial_motion_planner/PlanningContextLoaderCIRC
[INFO] [1738207448.557773297] [moveit.pilz_industrial_motion_planner]: Registered Algorithm [CIRC]
[INFO] [1738207448.557839432] [moveit.pilz_industrial_motion_planner]: About to load: pilz_industrial_motion_planner/PlanningContextLoaderLIN
[INFO] [1738207448.559769266] [moveit.pilz_industrial_motion_planner]: Registered Algorithm [LIN]
[INFO] [1738207448.559804984] [moveit.pilz_industrial_motion_planner]: About to load: pilz_industrial_motion_planner/PlanningContextLoaderPTP
[INFO] [1738207448.561460366] [moveit.pilz_industrial_motion_planner]: Registered Algorithm [PTP]
[INFO] [1738207448.561505923] [moveit.ros_planning.planning_pipeline]: Using planning interface 'Pilz Industrial Motion Planner'
[INFO] [1738207448.566214582] [moveit.ros_planning_interface.moveit_cpp]: Loading planning pipeline 'chomp'
[ERROR] [1738207448.568670614] [moveit.ros_planning.planning_pipeline]: Exception while loading planner 'chomp_interface/CHOMPPlanner': According to the loaded plugin descriptions the class chomp_interface/CHOMPPlanner with base class type planning_interface::PlannerManager does not exist. Declared types are  ompl_interface/OMPLPlanner pilz_industrial_motion_planner/CommandPlannerAvailable plugins: ompl_interface/OMPLPlanner, pilz_industrial_motion_planner/CommandPlanner
[INFO] [1738207448.572788963] [moveit_ros.add_time_optimal_parameterization]: Param 'chomp.path_tolerance' was not set. Using default value: 0.100000
[INFO] [1738207448.572829499] [moveit_ros.add_time_optimal_parameterization]: Param 'chomp.resample_dt' was not set. Using default value: 0.100000
[INFO] [1738207448.572917947] [moveit_ros.add_time_optimal_parameterization]: Param 'chomp.min_angle_change' was not set. Using default value: 0.001000
[INFO] [1738207448.572969786] [moveit_ros.fix_workspace_bounds]: Param 'chomp.default_workspace_bounds' was not set. Using default value: 10.000000
[INFO] [1738207448.573007918] [moveit_ros.fix_start_state_bounds]: Param 'chomp.start_state_max_bounds_error' was set to 0.100000
[INFO] [1738207448.573018568] [moveit_ros.fix_start_state_bounds]: Param 'chomp.start_state_max_dt' was not set. Using default value: 0.500000
[INFO] [1738207448.573043606] [moveit_ros.fix_start_state_collision]: Param 'chomp.start_state_max_dt' was not set. Using default value: 0.500000
[INFO] [1738207448.573060408] [moveit_ros.fix_start_state_collision]: Param 'chomp.jiggle_fraction' was set to 0.050000
[INFO] [1738207448.573073493] [moveit_ros.fix_start_state_collision]: Param 'chomp.max_sampling_attempts' was not set. Using default value: 100
[INFO] [1738207448.573092759] [moveit.ros_planning.planning_pipeline]: Using planning request adapter 'Add Time Optimal Parameterization'
[INFO] [1738207448.573102528] [moveit.ros_planning.planning_pipeline]: Using planning request adapter 'Resolve constraint frames to robot links'
[INFO] [1738207448.573108569] [moveit.ros_planning.planning_pipeline]: Using planning request adapter 'Fix Workspace Bounds'
[INFO] [1738207448.573114450] [moveit.ros_planning.planning_pipeline]: Using planning request adapter 'Fix Start State Bounds'
[INFO] [1738207448.573123578] [moveit.ros_planning.planning_pipeline]: Using planning request adapter 'Fix Start State In Collision'
[INFO] [1738207448.573131132] [moveit.ros_planning.planning_pipeline]: Using planning request adapter 'Fix Start State Path Constraints'
[ERROR] [1738207448.575109278] [moveit.ros_planning_interface.moveit_cpp]: Failed to initialize planning pipeline 'chomp'.
[INFO] [1738207448.576812952] [moveit.ros_planning_interface.moveit_cpp]: Loading planning pipeline 'ompl'
[INFO] [1738207448.600263531] [moveit.ros_planning.planning_pipeline]: Using planning interface 'OMPL'
[INFO] [1738207448.604163986] [moveit_ros.add_time_optimal_parameterization]: Param 'ompl.path_tolerance' was not set. Using default value: 0.100000
[INFO] [1738207448.604208009] [moveit_ros.add_time_optimal_parameterization]: Param 'ompl.resample_dt' was not set. Using default value: 0.100000
[INFO] [1738207448.604216345] [moveit_ros.add_time_optimal_parameterization]: Param 'ompl.min_angle_change' was not set. Using default value: 0.001000
[INFO] [1738207448.604247985] [moveit_ros.fix_workspace_bounds]: Param 'ompl.default_workspace_bounds' was not set. Using default value: 10.000000
[INFO] [1738207448.604275778] [moveit_ros.fix_start_state_bounds]: Param 'ompl.start_state_max_bounds_error' was set to 0.100000
[INFO] [1738207448.604284164] [moveit_ros.fix_start_state_bounds]: Param 'ompl.start_state_max_dt' was not set. Using default value: 0.500000
[INFO] [1738207448.604301657] [moveit_ros.fix_start_state_collision]: Param 'ompl.start_state_max_dt' was not set. Using default value: 0.500000
[INFO] [1738207448.604311786] [moveit_ros.fix_start_state_collision]: Param 'ompl.jiggle_fraction' was set to 0.050000
[INFO] [1738207448.604320292] [moveit_ros.fix_start_state_collision]: Param 'ompl.max_sampling_attempts' was not set. Using default value: 100
[INFO] [1738207448.604348396] [moveit.ros_planning.planning_pipeline]: Using planning request adapter 'Add Time Optimal Parameterization'
[INFO] [1738207448.604356160] [moveit.ros_planning.planning_pipeline]: Using planning request adapter 'Resolve constraint frames to robot links'
[INFO] [1738207448.604361981] [moveit.ros_planning.planning_pipeline]: Using planning request adapter 'Fix Workspace Bounds'
[INFO] [1738207448.604371640] [moveit.ros_planning.planning_pipeline]: Using planning request adapter 'Fix Start State Bounds'
[INFO] [1738207448.604380827] [moveit.ros_planning.planning_pipeline]: Using planning request adapter 'Fix Start State In Collision'
[INFO] [1738207448.604484384] [moveit.ros_planning.planning_pipeline]: Using planning request adapter 'Fix Start State Path Constraints'
[INFO] [1738207448.652300419] [moveit.plugins.moveit_simple_controller_manager]: Added FollowJointTrajectory controller for spot_arm_controller
[INFO] [1738207448.652383015] [moveit.plugins.moveit_simple_controller_manager]: Max effort set to 0.0
[INFO] [1738207448.655961539] [moveit.plugins.moveit_simple_controller_manager]: Added GripperCommand controller for spot_gripper_controller
[INFO] [1738207448.656369534] [moveit.plugins.moveit_simple_controller_manager]: Returned 2 controllers in list
[INFO] [1738207448.656410561] [moveit.plugins.moveit_simple_controller_manager]: Returned 2 controllers in list
[INFO] [1738207448.656845026] [moveit_ros.trajectory_execution_manager]: Trajectory execution is managing controllers
[INFO] [1738207448.656872589] [move_group.move_group]: MoveGroup debug mode is ON
[INFO] [1738207448.682097195] [move_group.move_group]: 

********************************************************
* MoveGroup using: 
*     - ApplyPlanningSceneService
*     - ClearOctomapService
*     - CartesianPathService
*     - ExecuteTrajectoryAction
*     - GetPlanningSceneService
*     - KinematicsService
*     - MoveAction
*     - MotionPlanService
*     - QueryPlannersService
*     - StateValidationService
********************************************************

[INFO] [1738207448.682205050] [moveit_move_group_capabilities_base.move_group_context]: MoveGroup context using planning plugin ompl_interface/OMPLPlanner
[INFO] [1738207448.682239405] [moveit_move_group_capabilities_base.move_group_context]: MoveGroup context initialization complete
[INFO] [1738207494.132191969] [rclcpp]: signal_handler(signum=2)
