[INFO] [1738161682.154540730] [moveit_rdf_loader.rdf_loader]: Loaded robot model in 0.0281997 seconds
[INFO] [1738161682.154597498] [moveit_robot_model.robot_model]: Loading robot model 'spot'...
[INFO] [1738161682.154604352] [moveit_robot_model.robot_model]: No root/virtual joint specified in SRDF. Assuming fixed joint
[INFO] [1738161682.339259267] [moveit_ros.planning_scene_monitor.planning_scene_monitor]: Publishing maintained planning scene on 'monitored_planning_scene'
[INFO] [1738161682.339396569] [moveit.ros_planning_interface.moveit_cpp]: Listening to 'joint_states' for joint states
[INFO] [1738161682.339840888] [moveit_ros.current_state_monitor]: Listening to joint states on topic 'joint_states'
[INFO] [1738161682.340117988] [moveit_ros.planning_scene_monitor.planning_scene_monitor]: Listening to '/attached_collision_object' for attached collision objects
[INFO] [1738161682.340132435] [moveit_ros.planning_scene_monitor.planning_scene_monitor]: Starting planning scene monitor
[INFO] [1738161682.340353167] [moveit_ros.planning_scene_monitor.planning_scene_monitor]: Listening to '/planning_scene'
[INFO] [1738161682.340365972] [moveit_ros.planning_scene_monitor.planning_scene_monitor]: Starting world geometry update monitor for collision objects, attached objects, octomap updates.
[INFO] [1738161682.340597264] [moveit_ros.planning_scene_monitor.planning_scene_monitor]: Listening to 'collision_object'
[INFO] [1738161682.340845448] [moveit_ros.planning_scene_monitor.planning_scene_monitor]: Listening to 'planning_scene_world' for planning scene world geometry
[WARN] [1738161682.341003270] [moveit.ros.occupancy_map_monitor.middleware_handle]: Resolution not specified for Octomap. Assuming resolution = 0.1 instead
[ERROR] [1738161682.341013079] [moveit.ros.occupancy_map_monitor.middleware_handle]: No 3D sensor plugin(s) defined for octomap updates
[INFO] [1738161682.382119657] [moveit.ros_planning_interface.moveit_cpp]: Loading planning pipeline 'pilz_industrial_motion_planner'
[INFO] [1738161682.384448057] [moveit.pilz_industrial_motion_planner.joint_limits_aggregator]: Reading limits from namespace robot_description_planning
[INFO] [1738161682.393511680] [moveit.pilz_industrial_motion_planner]: Available plugins: pilz_industrial_motion_planner/PlanningContextLoaderCIRC pilz_industrial_motion_planner/PlanningContextLoaderLIN pilz_industrial_motion_planner/PlanningContextLoaderPTP 
[INFO] [1738161682.393545144] [moveit.pilz_industrial_motion_planner]: About to load: pilz_industrial_motion_planner/PlanningContextLoaderCIRC
[INFO] [1738161682.395578892] [moveit.pilz_industrial_motion_planner]: Registered Algorithm [CIRC]
[INFO] [1738161682.395598890] [moveit.pilz_industrial_motion_planner]: About to load: pilz_industrial_motion_planner/PlanningContextLoaderLIN
[INFO] [1738161682.396423927] [moveit.pilz_industrial_motion_planner]: Registered Algorithm [LIN]
[INFO] [1738161682.396434637] [moveit.pilz_industrial_motion_planner]: About to load: pilz_industrial_motion_planner/PlanningContextLoaderPTP
[INFO] [1738161682.397235849] [moveit.pilz_industrial_motion_planner]: Registered Algorithm [PTP]
[INFO] [1738161682.397254514] [moveit.ros_planning.planning_pipeline]: Using planning interface 'Pilz Industrial Motion Planner'
[INFO] [1738161682.399399985] [moveit.ros_planning_interface.moveit_cpp]: Loading planning pipeline 'chomp'
[ERROR] [1738161682.400372444] [moveit.ros_planning.planning_pipeline]: Exception while loading planner 'chomp_interface/CHOMPPlanner': According to the loaded plugin descriptions the class chomp_interface/CHOMPPlanner with base class type planning_interface::PlannerManager does not exist. Declared types are  ompl_interface/OMPLPlanner pilz_industrial_motion_planner/CommandPlannerAvailable plugins: ompl_interface/OMPLPlanner, pilz_industrial_motion_planner/CommandPlanner
[INFO] [1738161682.402085458] [moveit_ros.add_time_optimal_parameterization]: Param 'chomp.path_tolerance' was not set. Using default value: 0.100000
[INFO] [1738161682.402098092] [moveit_ros.add_time_optimal_parameterization]: Param 'chomp.resample_dt' was not set. Using default value: 0.100000
[INFO] [1738161682.402128199] [moveit_ros.add_time_optimal_parameterization]: Param 'chomp.min_angle_change' was not set. Using default value: 0.001000
[INFO] [1738161682.402153608] [moveit_ros.fix_workspace_bounds]: Param 'chomp.default_workspace_bounds' was not set. Using default value: 10.000000
[INFO] [1738161682.402173376] [moveit_ros.fix_start_state_bounds]: Param 'chomp.start_state_max_bounds_error' was set to 0.100000
[INFO] [1738161682.402180830] [moveit_ros.fix_start_state_bounds]: Param 'chomp.start_state_max_dt' was not set. Using default value: 0.500000
[INFO] [1738161682.402195368] [moveit_ros.fix_start_state_collision]: Param 'chomp.start_state_max_dt' was not set. Using default value: 0.500000
[INFO] [1738161682.402201830] [moveit_ros.fix_start_state_collision]: Param 'chomp.jiggle_fraction' was set to 0.050000
[INFO] [1738161682.402208032] [moveit_ros.fix_start_state_collision]: Param 'chomp.max_sampling_attempts' was not set. Using default value: 100
[INFO] [1738161682.402221628] [moveit.ros_planning.planning_pipeline]: Using planning request adapter 'Add Time Optimal Parameterization'
[INFO] [1738161682.402226187] [moveit.ros_planning.planning_pipeline]: Using planning request adapter 'Resolve constraint frames to robot links'
[INFO] [1738161682.402228862] [moveit.ros_planning.planning_pipeline]: Using planning request adapter 'Fix Workspace Bounds'
[INFO] [1738161682.402231577] [moveit.ros_planning.planning_pipeline]: Using planning request adapter 'Fix Start State Bounds'
[INFO] [1738161682.402234022] [moveit.ros_planning.planning_pipeline]: Using planning request adapter 'Fix Start State In Collision'
[INFO] [1738161682.402236496] [moveit.ros_planning.planning_pipeline]: Using planning request adapter 'Fix Start State Path Constraints'
[ERROR] [1738161682.402895125] [moveit.ros_planning_interface.moveit_cpp]: Failed to initialize planning pipeline 'chomp'.
[INFO] [1738161682.403878475] [moveit.ros_planning_interface.moveit_cpp]: Loading planning pipeline 'ompl'
[INFO] [1738161682.414939215] [moveit.ros_planning.planning_pipeline]: Using planning interface 'OMPL'
[INFO] [1738161682.416935661] [moveit_ros.add_time_optimal_parameterization]: Param 'ompl.path_tolerance' was not set. Using default value: 0.100000
[INFO] [1738161682.416953896] [moveit_ros.add_time_optimal_parameterization]: Param 'ompl.resample_dt' was not set. Using default value: 0.100000
[INFO] [1738161682.416960970] [moveit_ros.add_time_optimal_parameterization]: Param 'ompl.min_angle_change' was not set. Using default value: 0.001000
[INFO] [1738161682.416988282] [moveit_ros.fix_workspace_bounds]: Param 'ompl.default_workspace_bounds' was not set. Using default value: 10.000000
[INFO] [1738161682.417009843] [moveit_ros.fix_start_state_bounds]: Param 'ompl.start_state_max_bounds_error' was set to 0.100000
[INFO] [1738161682.417016997] [moveit_ros.fix_start_state_bounds]: Param 'ompl.start_state_max_dt' was not set. Using default value: 0.500000
[INFO] [1738161682.417033618] [moveit_ros.fix_start_state_collision]: Param 'ompl.start_state_max_dt' was not set. Using default value: 0.500000
[INFO] [1738161682.417042004] [moveit_ros.fix_start_state_collision]: Param 'ompl.jiggle_fraction' was set to 0.050000
[INFO] [1738161682.417049409] [moveit_ros.fix_start_state_collision]: Param 'ompl.max_sampling_attempts' was not set. Using default value: 100
[INFO] [1738161682.417065189] [moveit.ros_planning.planning_pipeline]: Using planning request adapter 'Add Time Optimal Parameterization'
[INFO] [1738161682.417070669] [moveit.ros_planning.planning_pipeline]: Using planning request adapter 'Resolve constraint frames to robot links'
[INFO] [1738161682.417075478] [moveit.ros_planning.planning_pipeline]: Using planning request adapter 'Fix Workspace Bounds'
[INFO] [1738161682.417080127] [moveit.ros_planning.planning_pipeline]: Using planning request adapter 'Fix Start State Bounds'
[INFO] [1738161682.417084676] [moveit.ros_planning.planning_pipeline]: Using planning request adapter 'Fix Start State In Collision'
[INFO] [1738161682.417123590] [moveit.ros_planning.planning_pipeline]: Using planning request adapter 'Fix Start State Path Constraints'
[INFO] [1738161682.442776391] [moveit.plugins.moveit_simple_controller_manager]: Added FollowJointTrajectory controller for spot_arm_controller
[INFO] [1738161682.442833440] [moveit.plugins.moveit_simple_controller_manager]: Max effort set to 0.0
[INFO] [1738161682.444879651] [moveit.plugins.moveit_simple_controller_manager]: Added GripperCommand controller for spot_gripper_controller
[INFO] [1738161682.445245410] [moveit.plugins.moveit_simple_controller_manager]: Returned 2 controllers in list
[INFO] [1738161682.445282952] [moveit.plugins.moveit_simple_controller_manager]: Returned 2 controllers in list
[INFO] [1738161682.445663690] [moveit_ros.trajectory_execution_manager]: Trajectory execution is managing controllers
[INFO] [1738161682.445689419] [move_group.move_group]: MoveGroup debug mode is ON
[INFO] [1738161682.460250700] [move_group.move_group]: 

********************************************************
* MoveGroup using: 
*     - ApplyPlanningSceneService
*     - ClearOctomapService
*     - CartesianPathService
*     - ExecuteTrajectoryAction
*     - GetPlanningSceneService
*     - KinematicsService
*     - MoveAction
*     - MotionPlanService
*     - QueryPlannersService
*     - StateValidationService
********************************************************

[INFO] [1738161682.460312919] [moveit_move_group_capabilities_base.move_group_context]: MoveGroup context using planning plugin ompl_interface/OMPLPlanner
[INFO] [1738161682.460323529] [moveit_move_group_capabilities_base.move_group_context]: MoveGroup context initialization complete
[INFO] [1738161689.368630328] [moveit_move_group_default_capabilities.move_action_capability]: Received request
[INFO] [1738161689.368808338] [moveit_move_group_default_capabilities.move_action_capability]: executing..
[INFO] [1738161689.372115408] [moveit_move_group_default_capabilities.move_action_capability]: Combined planning and execution request received for MoveGroup action. Forwarding to planning and execution pipeline.
[INFO] [1738161689.372288078] [moveit_ros.plan_execution]: Planning attempt 1 of at most 1
[INFO] [1738161689.372307616] [moveit_move_group_capabilities_base.move_group_capability]: Using planning pipeline 'ompl'
[INFO] [1738161689.375660654] [moveit.ompl_planning.model_based_planning_context]: Planner configuration 'spot_arm' will use planner 'geometric::RRTConnect'. Additional configuration parameters will be set when the planner is constructed.
[INFO] [1738161689.403804179] [moveit.plugins.moveit_simple_controller_manager]: Returned 2 controllers in list
[INFO] [1738161689.403832052] [moveit.plugins.moveit_simple_controller_manager]: Returned 2 controllers in list
[INFO] [1738161689.403885705] [moveit_ros.trajectory_execution_manager]: Validating trajectory with allowed_start_tolerance 0.01
[INFO] [1738161689.411657898] [moveit_ros.trajectory_execution_manager]: Starting trajectory execution ...
[INFO] [1738161689.411705539] [moveit.plugins.moveit_simple_controller_manager]: Returned 2 controllers in list
[INFO] [1738161689.411726289] [moveit.plugins.moveit_simple_controller_manager]: Returned 2 controllers in list
[INFO] [1738161689.411862769] [moveit.simple_controller_manager.follow_joint_trajectory_controller_handle]: sending trajectory to spot_arm_controller
[INFO] [1738161689.412579890] [moveit.simple_controller_manager.follow_joint_trajectory_controller_handle]: spot_arm_controller started execution
[INFO] [1738161689.412603625] [moveit.simple_controller_manager.follow_joint_trajectory_controller_handle]: Goal request accepted!
[WARN] [1738161689.441677939] [moveit_ros.planning_scene_monitor.planning_scene_monitor]: The complete state of the robot is not yet known.  Missing fl.hx, fl.hy, fl.kn, fr.hx, fr.hy, fr.kn, hl.hx, hl.hy, hl.kn, hr.hx, hr.hy, hr.kn
[WARN] [1738161690.470253997] [moveit_ros.planning_scene_monitor.planning_scene_monitor]: The complete state of the robot is not yet known.  Missing fl.hx, fl.hy, fl.kn, fr.hx, fr.hy, fr.kn, hl.hx, hl.hy, hl.kn, hr.hx, hr.hy, hr.kn
[WARN] [1738161691.491520172] [moveit_ros.planning_scene_monitor.planning_scene_monitor]: The complete state of the robot is not yet known.  Missing fl.hx, fl.hy, fl.kn, fr.hx, fr.hy, fr.kn, hl.hx, hl.hy, hl.kn, hr.hx, hr.hy, hr.kn
[WARN] [1738161692.521765213] [moveit_ros.planning_scene_monitor.planning_scene_monitor]: The complete state of the robot is not yet known.  Missing fl.hx, fl.hy, fl.kn, fr.hx, fr.hy, fr.kn, hl.hx, hl.hy, hl.kn, hr.hx, hr.hy, hr.kn
[WARN] [1738161693.530385598] [moveit_ros.planning_scene_monitor.planning_scene_monitor]: The complete state of the robot is not yet known.  Missing fl.hx, fl.hy, fl.kn, fr.hx, fr.hy, fr.kn, hl.hx, hl.hy, hl.kn, hr.hx, hr.hy, hr.kn
[INFO] [1738161694.063049063] [moveit.simple_controller_manager.follow_joint_trajectory_controller_handle]: Controller 'spot_arm_controller' successfully finished
[INFO] [1738161694.091810605] [moveit_ros.trajectory_execution_manager]: Completed trajectory execution with status SUCCEEDED ...
[INFO] [1738161694.101990298] [moveit_move_group_default_capabilities.move_action_capability]: Solution was found and executed.
[INFO] [1738161695.400421727] [rclcpp]: signal_handler(signum=2)
