[INFO] [1738261764.720449419] [moveit_rdf_loader.rdf_loader]: Loaded robot model in 0.0569853 seconds
[INFO] [1738261764.720565377] [moveit_robot_model.robot_model]: Loading robot model 'spot'...
[INFO] [1738261764.720577458] [moveit_robot_model.robot_model]: No root/virtual joint specified in SRDF. Assuming fixed joint
[INFO] [1738261765.054938116] [moveit_ros.planning_scene_monitor.planning_scene_monitor]: Publishing maintained planning scene on 'monitored_planning_scene'
[INFO] [1738261765.055725384] [moveit.ros_planning_interface.moveit_cpp]: Listening to 'joint_states' for joint states
[INFO] [1738261765.057217393] [moveit_ros.current_state_monitor]: Listening to joint states on topic 'joint_states'
[INFO] [1738261765.058095273] [moveit_ros.planning_scene_monitor.planning_scene_monitor]: Listening to '/attached_collision_object' for attached collision objects
[INFO] [1738261765.058126950] [moveit_ros.planning_scene_monitor.planning_scene_monitor]: Starting planning scene monitor
[INFO] [1738261765.058671073] [moveit_ros.planning_scene_monitor.planning_scene_monitor]: Listening to '/planning_scene'
[INFO] [1738261765.058705915] [moveit_ros.planning_scene_monitor.planning_scene_monitor]: Starting world geometry update monitor for collision objects, attached objects, octomap updates.
[INFO] [1738261765.059407691] [moveit_ros.planning_scene_monitor.planning_scene_monitor]: Listening to 'collision_object'
[INFO] [1738261765.060016289] [moveit_ros.planning_scene_monitor.planning_scene_monitor]: Listening to 'planning_scene_world' for planning scene world geometry
[WARN] [1738261765.060339217] [moveit.ros.occupancy_map_monitor.middleware_handle]: Resolution not specified for Octomap. Assuming resolution = 0.1 instead
[ERROR] [1738261765.060369491] [moveit.ros.occupancy_map_monitor.middleware_handle]: No 3D sensor plugin(s) defined for octomap updates
[INFO] [1738261765.135834249] [moveit.ros_planning_interface.moveit_cpp]: Loading planning pipeline 'pilz_industrial_motion_planner'
[INFO] [1738261765.140384418] [moveit.pilz_industrial_motion_planner.joint_limits_aggregator]: Reading limits from namespace robot_description_planning
[INFO] [1738261765.163537751] [moveit.pilz_industrial_motion_planner]: Available plugins: pilz_industrial_motion_planner/PlanningContextLoaderCIRC pilz_industrial_motion_planner/PlanningContextLoaderLIN pilz_industrial_motion_planner/PlanningContextLoaderPTP 
[INFO] [1738261765.163583853] [moveit.pilz_industrial_motion_planner]: About to load: pilz_industrial_motion_planner/PlanningContextLoaderCIRC
[INFO] [1738261765.166698935] [moveit.pilz_industrial_motion_planner]: Registered Algorithm [CIRC]
[INFO] [1738261765.166791600] [moveit.pilz_industrial_motion_planner]: About to load: pilz_industrial_motion_planner/PlanningContextLoaderLIN
[INFO] [1738261765.168801145] [moveit.pilz_industrial_motion_planner]: Registered Algorithm [LIN]
[INFO] [1738261765.168861663] [moveit.pilz_industrial_motion_planner]: About to load: pilz_industrial_motion_planner/PlanningContextLoaderPTP
[INFO] [1738261765.170537200] [moveit.pilz_industrial_motion_planner]: Registered Algorithm [PTP]
[INFO] [1738261765.170597808] [moveit.ros_planning.planning_pipeline]: Using planning interface 'Pilz Industrial Motion Planner'
[INFO] [1738261765.180080139] [moveit.ros_planning_interface.moveit_cpp]: Loading planning pipeline 'chomp'
[ERROR] [1738261765.183044401] [moveit.ros_planning.planning_pipeline]: Exception while loading planner 'chomp_interface/CHOMPPlanner': According to the loaded plugin descriptions the class chomp_interface/CHOMPPlanner with base class type planning_interface::PlannerManager does not exist. Declared types are  ompl_interface/OMPLPlanner pilz_industrial_motion_planner/CommandPlannerAvailable plugins: ompl_interface/OMPLPlanner, pilz_industrial_motion_planner/CommandPlanner
[INFO] [1738261765.188433329] [moveit_ros.add_time_optimal_parameterization]: Param 'chomp.path_tolerance' was not set. Using default value: 0.100000
[INFO] [1738261765.188506400] [moveit_ros.add_time_optimal_parameterization]: Param 'chomp.resample_dt' was not set. Using default value: 0.100000
[INFO] [1738261765.188840077] [moveit_ros.add_time_optimal_parameterization]: Param 'chomp.min_angle_change' was not set. Using default value: 0.001000
[INFO] [1738261765.188910663] [moveit_ros.fix_workspace_bounds]: Param 'chomp.default_workspace_bounds' was not set. Using default value: 10.000000
[INFO] [1738261765.188953129] [moveit_ros.fix_start_state_bounds]: Param 'chomp.start_state_max_bounds_error' was set to 0.100000
[INFO] [1738261765.188966373] [moveit_ros.fix_start_state_bounds]: Param 'chomp.start_state_max_dt' was not set. Using default value: 0.500000
[INFO] [1738261765.188994263] [moveit_ros.fix_start_state_collision]: Param 'chomp.start_state_max_dt' was not set. Using default value: 0.500000
[INFO] [1738261765.189013577] [moveit_ros.fix_start_state_collision]: Param 'chomp.jiggle_fraction' was set to 0.050000
[INFO] [1738261765.189026761] [moveit_ros.fix_start_state_collision]: Param 'chomp.max_sampling_attempts' was not set. Using default value: 100
[INFO] [1738261765.189051706] [moveit.ros_planning.planning_pipeline]: Using planning request adapter 'Add Time Optimal Parameterization'
[INFO] [1738261765.189062525] [moveit.ros_planning.planning_pipeline]: Using planning request adapter 'Resolve constraint frames to robot links'
[INFO] [1738261765.189071150] [moveit.ros_planning.planning_pipeline]: Using planning request adapter 'Fix Workspace Bounds'
[INFO] [1738261765.189079555] [moveit.ros_planning.planning_pipeline]: Using planning request adapter 'Fix Start State Bounds'
[INFO] [1738261765.189086628] [moveit.ros_planning.planning_pipeline]: Using planning request adapter 'Fix Start State In Collision'
[INFO] [1738261765.189094392] [moveit.ros_planning.planning_pipeline]: Using planning request adapter 'Fix Start State Path Constraints'
[ERROR] [1738261765.191343645] [moveit.ros_planning_interface.moveit_cpp]: Failed to initialize planning pipeline 'chomp'.
[INFO] [1738261765.193453529] [moveit.ros_planning_interface.moveit_cpp]: Loading planning pipeline 'ompl'
[INFO] [1738261765.218571185] [moveit.ros_planning.planning_pipeline]: Using planning interface 'OMPL'
[INFO] [1738261765.222995098] [moveit_ros.add_time_optimal_parameterization]: Param 'ompl.path_tolerance' was not set. Using default value: 0.100000
[INFO] [1738261765.223069631] [moveit_ros.add_time_optimal_parameterization]: Param 'ompl.resample_dt' was not set. Using default value: 0.100000
[INFO] [1738261765.223077866] [moveit_ros.add_time_optimal_parameterization]: Param 'ompl.min_angle_change' was not set. Using default value: 0.001000
[INFO] [1738261765.223110724] [moveit_ros.fix_workspace_bounds]: Param 'ompl.default_workspace_bounds' was not set. Using default value: 10.000000
[INFO] [1738261765.223153561] [moveit_ros.fix_start_state_bounds]: Param 'ompl.start_state_max_bounds_error' was set to 0.100000
[INFO] [1738261765.223168558] [moveit_ros.fix_start_state_bounds]: Param 'ompl.start_state_max_dt' was not set. Using default value: 0.500000
[INFO] [1738261765.223192621] [moveit_ros.fix_start_state_collision]: Param 'ompl.start_state_max_dt' was not set. Using default value: 0.500000
[INFO] [1738261765.223204672] [moveit_ros.fix_start_state_collision]: Param 'ompl.jiggle_fraction' was set to 0.050000
[INFO] [1738261765.223213428] [moveit_ros.fix_start_state_collision]: Param 'ompl.max_sampling_attempts' was not set. Using default value: 100
[INFO] [1738261765.223230408] [moveit.ros_planning.planning_pipeline]: Using planning request adapter 'Add Time Optimal Parameterization'
[INFO] [1738261765.223238924] [moveit.ros_planning.planning_pipeline]: Using planning request adapter 'Resolve constraint frames to robot links'
[INFO] [1738261765.223244293] [moveit.ros_planning.planning_pipeline]: Using planning request adapter 'Fix Workspace Bounds'
[INFO] [1738261765.223249693] [moveit.ros_planning.planning_pipeline]: Using planning request adapter 'Fix Start State Bounds'
[INFO] [1738261765.223254512] [moveit.ros_planning.planning_pipeline]: Using planning request adapter 'Fix Start State In Collision'
[INFO] [1738261765.223351154] [moveit.ros_planning.planning_pipeline]: Using planning request adapter 'Fix Start State Path Constraints'
[INFO] [1738261765.287259002] [moveit.plugins.moveit_simple_controller_manager]: Added FollowJointTrajectory controller for spot_arm_controller
[INFO] [1738261765.287360443] [moveit.plugins.moveit_simple_controller_manager]: Max effort set to 0.0
[INFO] [1738261765.291694585] [moveit.plugins.moveit_simple_controller_manager]: Added GripperCommand controller for spot_gripper_controller
[INFO] [1738261765.291950984] [moveit.plugins.moveit_simple_controller_manager]: Returned 2 controllers in list
[INFO] [1738261765.291985065] [moveit.plugins.moveit_simple_controller_manager]: Returned 2 controllers in list
[INFO] [1738261765.292501939] [moveit_ros.trajectory_execution_manager]: Trajectory execution is managing controllers
[INFO] [1738261765.292531492] [move_group.move_group]: MoveGroup debug mode is ON
[INFO] [1738261765.320627405] [move_group.move_group]: 

********************************************************
* MoveGroup using: 
*     - ApplyPlanningSceneService
*     - ClearOctomapService
*     - CartesianPathService
*     - ExecuteTrajectoryAction
*     - GetPlanningSceneService
*     - KinematicsService
*     - MoveAction
*     - MotionPlanService
*     - QueryPlannersService
*     - StateValidationService
********************************************************

[INFO] [1738261765.320727995] [moveit_move_group_capabilities_base.move_group_context]: MoveGroup context using planning plugin ompl_interface/OMPLPlanner
[INFO] [1738261765.320759942] [moveit_move_group_capabilities_base.move_group_context]: MoveGroup context initialization complete
[INFO] [1738261780.265012581] [moveit_move_group_default_capabilities.move_action_capability]: Received request
[INFO] [1738261780.265686764] [moveit_move_group_default_capabilities.move_action_capability]: executing..
[INFO] [1738261780.270847248] [moveit_move_group_default_capabilities.move_action_capability]: Combined planning and execution request received for MoveGroup action. Forwarding to planning and execution pipeline.
[INFO] [1738261780.271050308] [moveit_ros.plan_execution]: Planning attempt 1 of at most 1
[INFO] [1738261780.271073729] [moveit_move_group_capabilities_base.move_group_capability]: Using planning pipeline 'ompl'
[INFO] [1738261780.272628691] [moveit.ompl_planning.model_based_planning_context]: Planner configuration 'spot_arm' will use planner 'geometric::RRTConnect'. Additional configuration parameters will be set when the planner is constructed.
[INFO] [1738261780.316275666] [moveit.plugins.moveit_simple_controller_manager]: Returned 2 controllers in list
[INFO] [1738261780.316322980] [moveit.plugins.moveit_simple_controller_manager]: Returned 2 controllers in list
[INFO] [1738261780.316416605] [moveit_ros.trajectory_execution_manager]: Validating trajectory with allowed_start_tolerance 0.01
[INFO] [1738261780.320653414] [moveit_ros.trajectory_execution_manager]: Starting trajectory execution ...
[INFO] [1738261780.320757539] [moveit.plugins.moveit_simple_controller_manager]: Returned 2 controllers in list
[INFO] [1738261780.320782493] [moveit.plugins.moveit_simple_controller_manager]: Returned 2 controllers in list
[INFO] [1738261780.320973731] [moveit.simple_controller_manager.follow_joint_trajectory_controller_handle]: sending trajectory to spot_arm_controller
[INFO] [1738261780.322349767] [moveit.simple_controller_manager.follow_joint_trajectory_controller_handle]: spot_arm_controller started execution
[INFO] [1738261780.322404153] [moveit.simple_controller_manager.follow_joint_trajectory_controller_handle]: Goal request accepted!
[WARN] [1738261780.350759862] [moveit_ros.planning_scene_monitor.planning_scene_monitor]: The complete state of the robot is not yet known.  Missing fl.hx, fl.hy, fl.kn, fr.hx, fr.hy, fr.kn, hl.hx, hl.hy, hl.kn, hr.hx, hr.hy, hr.kn
[WARN] [1738261781.360611234] [moveit_ros.planning_scene_monitor.planning_scene_monitor]: The complete state of the robot is not yet known.  Missing fl.hx, fl.hy, fl.kn, fr.hx, fr.hy, fr.kn, hl.hx, hl.hy, hl.kn, hr.hx, hr.hy, hr.kn
[WARN] [1738261782.380968340] [moveit_ros.planning_scene_monitor.planning_scene_monitor]: The complete state of the robot is not yet known.  Missing fl.hx, fl.hy, fl.kn, fr.hx, fr.hy, fr.kn, hl.hx, hl.hy, hl.kn, hr.hx, hr.hy, hr.kn
[WARN] [1738261783.390791899] [moveit_ros.planning_scene_monitor.planning_scene_monitor]: The complete state of the robot is not yet known.  Missing fl.hx, fl.hy, fl.kn, fr.hx, fr.hy, fr.kn, hl.hx, hl.hy, hl.kn, hr.hx, hr.hy, hr.kn
[WARN] [1738261784.420501286] [moveit_ros.planning_scene_monitor.planning_scene_monitor]: The complete state of the robot is not yet known.  Missing fl.hx, fl.hy, fl.kn, fr.hx, fr.hy, fr.kn, hl.hx, hl.hy, hl.kn, hr.hx, hr.hy, hr.kn
[WARN] [1738261785.425311692] [moveit_ros.planning_scene_monitor.planning_scene_monitor]: The complete state of the robot is not yet known.  Missing fl.hx, fl.hy, fl.kn, fr.hx, fr.hy, fr.kn, hl.hx, hl.hy, hl.kn, hr.hx, hr.hy, hr.kn
[WARN] [1738261786.431013151] [moveit_ros.planning_scene_monitor.planning_scene_monitor]: The complete state of the robot is not yet known.  Missing fl.hx, fl.hy, fl.kn, fr.hx, fr.hy, fr.kn, hl.hx, hl.hy, hl.kn, hr.hx, hr.hy, hr.kn
[WARN] [1738261787.441117699] [moveit_ros.planning_scene_monitor.planning_scene_monitor]: The complete state of the robot is not yet known.  Missing fl.hx, fl.hy, fl.kn, fr.hx, fr.hy, fr.kn, hl.hx, hl.hy, hl.kn, hr.hx, hr.hy, hr.kn
[WARN] [1738261788.470889996] [moveit_ros.planning_scene_monitor.planning_scene_monitor]: The complete state of the robot is not yet known.  Missing fl.hx, fl.hy, fl.kn, fr.hx, fr.hy, fr.kn, hl.hx, hl.hy, hl.kn, hr.hx, hr.hy, hr.kn
[WARN] [1738261789.490616519] [moveit_ros.planning_scene_monitor.planning_scene_monitor]: The complete state of the robot is not yet known.  Missing fl.hx, fl.hy, fl.kn, fr.hx, fr.hy, fr.kn, hl.hx, hl.hy, hl.kn, hr.hx, hr.hy, hr.kn
[WARN] [1738261790.494688426] [moveit_ros.planning_scene_monitor.planning_scene_monitor]: The complete state of the robot is not yet known.  Missing fl.hx, fl.hy, fl.kn, fr.hx, fr.hy, fr.kn, hl.hx, hl.hy, hl.kn, hr.hx, hr.hy, hr.kn
[WARN] [1738261791.500769622] [moveit_ros.planning_scene_monitor.planning_scene_monitor]: The complete state of the robot is not yet known.  Missing fl.hx, fl.hy, fl.kn, fr.hx, fr.hy, fr.kn, hl.hx, hl.hy, hl.kn, hr.hx, hr.hy, hr.kn
[INFO] [1738261791.921607505] [moveit.simple_controller_manager.follow_joint_trajectory_controller_handle]: Controller 'spot_arm_controller' successfully finished
[INFO] [1738261791.950905561] [moveit_ros.trajectory_execution_manager]: Completed trajectory execution with status SUCCEEDED ...
[INFO] [1738261791.961045303] [moveit_move_group_default_capabilities.move_action_capability]: Solution was found and executed.
[INFO] [1738261931.235694029] [rclcpp]: signal_handler(signum=2)
