[INFO] [1738208658.630836687] [moveit_rdf_loader.rdf_loader]: Loaded robot model in 0.0527428 seconds
[INFO] [1738208658.630942136] [moveit_robot_model.robot_model]: Loading robot model 'spot'...
[INFO] [1738208658.630954089] [moveit_robot_model.robot_model]: No root/virtual joint specified in SRDF. Assuming fixed joint
[INFO] [1738208658.961312863] [moveit_ros.planning_scene_monitor.planning_scene_monitor]: Publishing maintained planning scene on 'monitored_planning_scene'
[INFO] [1738208658.961668814] [moveit.ros_planning_interface.moveit_cpp]: Listening to 'joint_states' for joint states
[INFO] [1738208658.962901929] [moveit_ros.current_state_monitor]: Listening to joint states on topic 'joint_states'
[INFO] [1738208658.963646924] [moveit_ros.planning_scene_monitor.planning_scene_monitor]: Listening to '/attached_collision_object' for attached collision objects
[INFO] [1738208658.963678703] [moveit_ros.planning_scene_monitor.planning_scene_monitor]: Starting planning scene monitor
[INFO] [1738208658.964203303] [moveit_ros.planning_scene_monitor.planning_scene_monitor]: Listening to '/planning_scene'
[INFO] [1738208658.964230404] [moveit_ros.planning_scene_monitor.planning_scene_monitor]: Starting world geometry update monitor for collision objects, attached objects, octomap updates.
[INFO] [1738208658.964894646] [moveit_ros.planning_scene_monitor.planning_scene_monitor]: Listening to 'collision_object'
[INFO] [1738208658.965508804] [moveit_ros.planning_scene_monitor.planning_scene_monitor]: Listening to 'planning_scene_world' for planning scene world geometry
[WARN] [1738208658.966321897] [moveit.ros.occupancy_map_monitor.middleware_handle]: Resolution not specified for Octomap. Assuming resolution = 0.1 instead
[ERROR] [1738208658.966358176] [moveit.ros.occupancy_map_monitor.middleware_handle]: No 3D sensor plugin(s) defined for octomap updates
[INFO] [1738208659.042585083] [moveit.ros_planning_interface.moveit_cpp]: Loading planning pipeline 'pilz_industrial_motion_planner'
[INFO] [1738208659.047268975] [moveit.pilz_industrial_motion_planner.joint_limits_aggregator]: Reading limits from namespace robot_description_planning
[INFO] [1738208659.066057341] [moveit.pilz_industrial_motion_planner]: Available plugins: pilz_industrial_motion_planner/PlanningContextLoaderCIRC pilz_industrial_motion_planner/PlanningContextLoaderLIN pilz_industrial_motion_planner/PlanningContextLoaderPTP 
[INFO] [1738208659.066098388] [moveit.pilz_industrial_motion_planner]: About to load: pilz_industrial_motion_planner/PlanningContextLoaderCIRC
[INFO] [1738208659.068277216] [moveit.pilz_industrial_motion_planner]: Registered Algorithm [CIRC]
[INFO] [1738208659.068316831] [moveit.pilz_industrial_motion_planner]: About to load: pilz_industrial_motion_planner/PlanningContextLoaderLIN
[INFO] [1738208659.069799527] [moveit.pilz_industrial_motion_planner]: Registered Algorithm [LIN]
[INFO] [1738208659.069842878] [moveit.pilz_industrial_motion_planner]: About to load: pilz_industrial_motion_planner/PlanningContextLoaderPTP
[INFO] [1738208659.071390907] [moveit.pilz_industrial_motion_planner]: Registered Algorithm [PTP]
[INFO] [1738208659.071436333] [moveit.ros_planning.planning_pipeline]: Using planning interface 'Pilz Industrial Motion Planner'
[INFO] [1738208659.075144675] [moveit.ros_planning_interface.moveit_cpp]: Loading planning pipeline 'chomp'
[INFO] [1738208659.081521970] [moveit.ros_planning.planning_pipeline]: Using planning interface 'CHOMP'
[INFO] [1738208659.085832057] [moveit_ros.add_time_optimal_parameterization]: Param 'chomp.path_tolerance' was not set. Using default value: 0.100000
[INFO] [1738208659.085872182] [moveit_ros.add_time_optimal_parameterization]: Param 'chomp.resample_dt' was not set. Using default value: 0.100000
[INFO] [1738208659.085883233] [moveit_ros.add_time_optimal_parameterization]: Param 'chomp.min_angle_change' was not set. Using default value: 0.001000
[INFO] [1738208659.085933919] [moveit_ros.fix_workspace_bounds]: Param 'chomp.default_workspace_bounds' was not set. Using default value: 10.000000
[INFO] [1738208659.085964867] [moveit_ros.fix_start_state_bounds]: Param 'chomp.start_state_max_bounds_error' was set to 0.100000
[INFO] [1738208659.086045609] [moveit_ros.fix_start_state_bounds]: Param 'chomp.start_state_max_dt' was not set. Using default value: 0.500000
[INFO] [1738208659.086077459] [moveit_ros.fix_start_state_collision]: Param 'chomp.start_state_max_dt' was not set. Using default value: 0.500000
[INFO] [1738208659.086091426] [moveit_ros.fix_start_state_collision]: Param 'chomp.jiggle_fraction' was set to 0.050000
[INFO] [1738208659.086104651] [moveit_ros.fix_start_state_collision]: Param 'chomp.max_sampling_attempts' was not set. Using default value: 100
[INFO] [1738208659.086132383] [moveit.ros_planning.planning_pipeline]: Using planning request adapter 'Add Time Optimal Parameterization'
[INFO] [1738208659.086142562] [moveit.ros_planning.planning_pipeline]: Using planning request adapter 'Resolve constraint frames to robot links'
[INFO] [1738208659.086150898] [moveit.ros_planning.planning_pipeline]: Using planning request adapter 'Fix Workspace Bounds'
[INFO] [1738208659.086158692] [moveit.ros_planning.planning_pipeline]: Using planning request adapter 'Fix Start State Bounds'
[INFO] [1738208659.086165455] [moveit.ros_planning.planning_pipeline]: Using planning request adapter 'Fix Start State In Collision'
[INFO] [1738208659.086172248] [moveit.ros_planning.planning_pipeline]: Using planning request adapter 'Fix Start State Path Constraints'
[INFO] [1738208659.088229657] [moveit.ros_planning_interface.moveit_cpp]: Loading planning pipeline 'ompl'
[INFO] [1738208659.108082811] [moveit.ros_planning.planning_pipeline]: Using planning interface 'OMPL'
[INFO] [1738208659.110693163] [moveit_ros.add_time_optimal_parameterization]: Param 'ompl.path_tolerance' was not set. Using default value: 0.100000
[INFO] [1738208659.110736054] [moveit_ros.add_time_optimal_parameterization]: Param 'ompl.resample_dt' was not set. Using default value: 0.100000
[INFO] [1738208659.110744510] [moveit_ros.add_time_optimal_parameterization]: Param 'ompl.min_angle_change' was not set. Using default value: 0.001000
[INFO] [1738208659.110778694] [moveit_ros.fix_workspace_bounds]: Param 'ompl.default_workspace_bounds' was not set. Using default value: 10.000000
[INFO] [1738208659.110804974] [moveit_ros.fix_start_state_bounds]: Param 'ompl.start_state_max_bounds_error' was set to 0.100000
[INFO] [1738208659.110814462] [moveit_ros.fix_start_state_bounds]: Param 'ompl.start_state_max_dt' was not set. Using default value: 0.500000
[INFO] [1738208659.110832255] [moveit_ros.fix_start_state_collision]: Param 'ompl.start_state_max_dt' was not set. Using default value: 0.500000
[INFO] [1738208659.110841202] [moveit_ros.fix_start_state_collision]: Param 'ompl.jiggle_fraction' was set to 0.050000
[INFO] [1738208659.110848656] [moveit_ros.fix_start_state_collision]: Param 'ompl.max_sampling_attempts' was not set. Using default value: 100
[INFO] [1738208659.110866951] [moveit.ros_planning.planning_pipeline]: Using planning request adapter 'Add Time Optimal Parameterization'
[INFO] [1738208659.110875327] [moveit.ros_planning.planning_pipeline]: Using planning request adapter 'Resolve constraint frames to robot links'
[INFO] [1738208659.110881759] [moveit.ros_planning.planning_pipeline]: Using planning request adapter 'Fix Workspace Bounds'
[INFO] [1738208659.110887199] [moveit.ros_planning.planning_pipeline]: Using planning request adapter 'Fix Start State Bounds'
[INFO] [1738208659.110892339] [moveit.ros_planning.planning_pipeline]: Using planning request adapter 'Fix Start State In Collision'
[INFO] [1738208659.110897388] [moveit.ros_planning.planning_pipeline]: Using planning request adapter 'Fix Start State Path Constraints'
[INFO] [1738208659.160620713] [moveit.plugins.moveit_simple_controller_manager]: Added FollowJointTrajectory controller for spot_arm_controller
[INFO] [1738208659.160705202] [moveit.plugins.moveit_simple_controller_manager]: Max effort set to 0.0
[INFO] [1738208659.164744298] [moveit.plugins.moveit_simple_controller_manager]: Added GripperCommand controller for spot_gripper_controller
[INFO] [1738208659.165033343] [moveit.plugins.moveit_simple_controller_manager]: Returned 2 controllers in list
[INFO] [1738208659.165080693] [moveit.plugins.moveit_simple_controller_manager]: Returned 2 controllers in list
[INFO] [1738208659.165682798] [moveit_ros.trajectory_execution_manager]: Trajectory execution is managing controllers
[INFO] [1738208659.165712794] [move_group.move_group]: MoveGroup debug mode is ON
[INFO] [1738208659.189348240] [move_group.move_group]: 

********************************************************
* MoveGroup using: 
*     - ApplyPlanningSceneService
*     - ClearOctomapService
*     - CartesianPathService
*     - ExecuteTrajectoryAction
*     - GetPlanningSceneService
*     - KinematicsService
*     - MoveAction
*     - MotionPlanService
*     - QueryPlannersService
*     - StateValidationService
********************************************************

[INFO] [1738208659.189451855] [moveit_move_group_capabilities_base.move_group_context]: MoveGroup context using planning plugin ompl_interface/OMPLPlanner
[INFO] [1738208659.189498453] [moveit_move_group_capabilities_base.move_group_context]: MoveGroup context initialization complete
[INFO] [1738208668.009840074] [moveit_move_group_default_capabilities.move_action_capability]: Received request
[INFO] [1738208668.010141191] [moveit_move_group_default_capabilities.move_action_capability]: executing..
[INFO] [1738208668.017928757] [moveit_move_group_default_capabilities.move_action_capability]: Combined planning and execution request received for MoveGroup action. Forwarding to planning and execution pipeline.
[INFO] [1738208668.018359940] [moveit_ros.plan_execution]: Planning attempt 1 of at most 1
[INFO] [1738208668.018390418] [moveit_move_group_capabilities_base.move_group_capability]: Using planning pipeline 'ompl'
[INFO] [1738208668.022448280] [moveit.ompl_planning.model_based_planning_context]: Planner configuration 'spot_arm' will use planner 'geometric::RRTConnect'. Additional configuration parameters will be set when the planner is constructed.
[INFO] [1738208668.054864639] [moveit.plugins.moveit_simple_controller_manager]: Returned 2 controllers in list
[INFO] [1738208668.054957104] [moveit.plugins.moveit_simple_controller_manager]: Returned 2 controllers in list
[INFO] [1738208668.055070087] [moveit_ros.trajectory_execution_manager]: Validating trajectory with allowed_start_tolerance 0.01
[INFO] [1738208668.058279569] [moveit_ros.trajectory_execution_manager]: Starting trajectory execution ...
[INFO] [1738208668.058371683] [moveit.plugins.moveit_simple_controller_manager]: Returned 2 controllers in list
[INFO] [1738208668.058417009] [moveit.plugins.moveit_simple_controller_manager]: Returned 2 controllers in list
[INFO] [1738208668.058594794] [moveit.simple_controller_manager.follow_joint_trajectory_controller_handle]: sending trajectory to spot_arm_controller
[INFO] [1738208668.059472449] [moveit.simple_controller_manager.follow_joint_trajectory_controller_handle]: spot_arm_controller started execution
[INFO] [1738208668.059532552] [moveit.simple_controller_manager.follow_joint_trajectory_controller_handle]: Goal request accepted!
[WARN] [1738208668.088080257] [moveit_ros.planning_scene_monitor.planning_scene_monitor]: The complete state of the robot is not yet known.  Missing fl.hx, fl.hy, fl.kn, fr.hx, fr.hy, fr.kn, hl.hx, hl.hy, hl.kn, hr.hx, hr.hy, hr.kn
[WARN] [1738208669.103194621] [moveit_ros.planning_scene_monitor.planning_scene_monitor]: The complete state of the robot is not yet known.  Missing fl.hx, fl.hy, fl.kn, fr.hx, fr.hy, fr.kn, hl.hx, hl.hy, hl.kn, hr.hx, hr.hy, hr.kn
[WARN] [1738208670.138205764] [moveit_ros.planning_scene_monitor.planning_scene_monitor]: The complete state of the robot is not yet known.  Missing fl.hx, fl.hy, fl.kn, fr.hx, fr.hy, fr.kn, hl.hx, hl.hy, hl.kn, hr.hx, hr.hy, hr.kn
[WARN] [1738208671.168413336] [moveit_ros.planning_scene_monitor.planning_scene_monitor]: The complete state of the robot is not yet known.  Missing fl.hx, fl.hy, fl.kn, fr.hx, fr.hy, fr.kn, hl.hx, hl.hy, hl.kn, hr.hx, hr.hy, hr.kn
[INFO] [1738208671.951329146] [rclcpp]: signal_handler(signum=2)
