[INFO] [1738206993.518990451] [moveit_rdf_loader.rdf_loader]: Loaded robot model in 0.0517434 seconds
[INFO] [1738206993.519089799] [moveit_robot_model.robot_model]: Loading robot model 'spot'...
[INFO] [1738206993.519105548] [moveit_robot_model.robot_model]: No root/virtual joint specified in SRDF. Assuming fixed joint
[INFO] [1738206993.918282149] [moveit_ros.planning_scene_monitor.planning_scene_monitor]: Publishing maintained planning scene on 'monitored_planning_scene'
[INFO] [1738206993.918578067] [moveit.ros_planning_interface.moveit_cpp]: Listening to 'joint_states' for joint states
[INFO] [1738206993.919409918] [moveit_ros.current_state_monitor]: Listening to joint states on topic 'joint_states'
[INFO] [1738206993.920010532] [moveit_ros.planning_scene_monitor.planning_scene_monitor]: Listening to '/attached_collision_object' for attached collision objects
[INFO] [1738206993.920033435] [moveit_ros.planning_scene_monitor.planning_scene_monitor]: Starting planning scene monitor
[INFO] [1738206993.920401850] [moveit_ros.planning_scene_monitor.planning_scene_monitor]: Listening to '/planning_scene'
[INFO] [1738206993.920432799] [moveit_ros.planning_scene_monitor.planning_scene_monitor]: Starting world geometry update monitor for collision objects, attached objects, octomap updates.
[INFO] [1738206993.920851960] [moveit_ros.planning_scene_monitor.planning_scene_monitor]: Listening to 'collision_object'
[INFO] [1738206993.921278916] [moveit_ros.planning_scene_monitor.planning_scene_monitor]: Listening to 'planning_scene_world' for planning scene world geometry
[WARN] [1738206993.921668772] [moveit.ros.occupancy_map_monitor.middleware_handle]: Resolution not specified for Octomap. Assuming resolution = 0.1 instead
[ERROR] [1738206993.921695713] [moveit.ros.occupancy_map_monitor.middleware_handle]: No 3D sensor plugin(s) defined for octomap updates
[INFO] [1738206994.015969021] [moveit.ros_planning_interface.moveit_cpp]: Loading planning pipeline 'pilz_industrial_motion_planner'
[INFO] [1738206994.021117972] [moveit.pilz_industrial_motion_planner.joint_limits_aggregator]: Reading limits from namespace robot_description_planning
[INFO] [1738206994.042031775] [moveit.pilz_industrial_motion_planner]: Available plugins: pilz_industrial_motion_planner/PlanningContextLoaderCIRC pilz_industrial_motion_planner/PlanningContextLoaderLIN pilz_industrial_motion_planner/PlanningContextLoaderPTP 
[INFO] [1738206994.042096457] [moveit.pilz_industrial_motion_planner]: About to load: pilz_industrial_motion_planner/PlanningContextLoaderCIRC
[INFO] [1738206994.045659354] [moveit.pilz_industrial_motion_planner]: Registered Algorithm [CIRC]
[INFO] [1738206994.045715350] [moveit.pilz_industrial_motion_planner]: About to load: pilz_industrial_motion_planner/PlanningContextLoaderLIN
[INFO] [1738206994.047638881] [moveit.pilz_industrial_motion_planner]: Registered Algorithm [LIN]
[INFO] [1738206994.047697422] [moveit.pilz_industrial_motion_planner]: About to load: pilz_industrial_motion_planner/PlanningContextLoaderPTP
[INFO] [1738206994.049638727] [moveit.pilz_industrial_motion_planner]: Registered Algorithm [PTP]
[INFO] [1738206994.049701345] [moveit.ros_planning.planning_pipeline]: Using planning interface 'Pilz Industrial Motion Planner'
[INFO] [1738206994.054265592] [moveit.ros_planning_interface.moveit_cpp]: Loading planning pipeline 'chomp'
[ERROR] [1738206994.056631488] [moveit.ros_planning.planning_pipeline]: Exception while loading planner 'chomp_interface/CHOMPPlanner': According to the loaded plugin descriptions the class chomp_interface/CHOMPPlanner with base class type planning_interface::PlannerManager does not exist. Declared types are  ompl_interface/OMPLPlanner pilz_industrial_motion_planner/CommandPlannerAvailable plugins: ompl_interface/OMPLPlanner, pilz_industrial_motion_planner/CommandPlanner
[INFO] [1738206994.061118149] [moveit_ros.add_time_optimal_parameterization]: Param 'chomp.path_tolerance' was not set. Using default value: 0.100000
[INFO] [1738206994.061160138] [moveit_ros.add_time_optimal_parameterization]: Param 'chomp.resample_dt' was not set. Using default value: 0.100000
[INFO] [1738206994.061230010] [moveit_ros.add_time_optimal_parameterization]: Param 'chomp.min_angle_change' was not set. Using default value: 0.001000
[INFO] [1738206994.061277730] [moveit_ros.fix_workspace_bounds]: Param 'chomp.default_workspace_bounds' was not set. Using default value: 10.000000
[INFO] [1738206994.061314890] [moveit_ros.fix_start_state_bounds]: Param 'chomp.start_state_max_bounds_error' was set to 0.100000
[INFO] [1738206994.061325550] [moveit_ros.fix_start_state_bounds]: Param 'chomp.start_state_max_dt' was not set. Using default value: 0.500000
[INFO] [1738206994.061349446] [moveit_ros.fix_start_state_collision]: Param 'chomp.start_state_max_dt' was not set. Using default value: 0.500000
[INFO] [1738206994.061361759] [moveit_ros.fix_start_state_collision]: Param 'chomp.jiggle_fraction' was set to 0.050000
[INFO] [1738206994.061374563] [moveit_ros.fix_start_state_collision]: Param 'chomp.max_sampling_attempts' was not set. Using default value: 100
[INFO] [1738206994.061399861] [moveit.ros_planning.planning_pipeline]: Using planning request adapter 'Add Time Optimal Parameterization'
[INFO] [1738206994.061411443] [moveit.ros_planning.planning_pipeline]: Using planning request adapter 'Resolve constraint frames to robot links'
[INFO] [1738206994.061432422] [moveit.ros_planning.planning_pipeline]: Using planning request adapter 'Fix Workspace Bounds'
[INFO] [1738206994.061442251] [moveit.ros_planning.planning_pipeline]: Using planning request adapter 'Fix Start State Bounds'
[INFO] [1738206994.061450146] [moveit.ros_planning.planning_pipeline]: Using planning request adapter 'Fix Start State In Collision'
[INFO] [1738206994.061458231] [moveit.ros_planning.planning_pipeline]: Using planning request adapter 'Fix Start State Path Constraints'
[ERROR] [1738206994.062988189] [moveit.ros_planning_interface.moveit_cpp]: Failed to initialize planning pipeline 'chomp'.
[INFO] [1738206994.065667438] [moveit.ros_planning_interface.moveit_cpp]: Loading planning pipeline 'ompl'
[INFO] [1738206994.095104983] [moveit.ros_planning.planning_pipeline]: Using planning interface 'OMPL'
[INFO] [1738206994.099123330] [moveit_ros.add_time_optimal_parameterization]: Param 'ompl.path_tolerance' was not set. Using default value: 0.100000
[INFO] [1738206994.099168255] [moveit_ros.add_time_optimal_parameterization]: Param 'ompl.resample_dt' was not set. Using default value: 0.100000
[INFO] [1738206994.099175679] [moveit_ros.add_time_optimal_parameterization]: Param 'ompl.min_angle_change' was not set. Using default value: 0.001000
[INFO] [1738206994.099203561] [moveit_ros.fix_workspace_bounds]: Param 'ompl.default_workspace_bounds' was not set. Using default value: 10.000000
[INFO] [1738206994.099232927] [moveit_ros.fix_start_state_bounds]: Param 'ompl.start_state_max_bounds_error' was set to 0.100000
[INFO] [1738206994.099241593] [moveit_ros.fix_start_state_bounds]: Param 'ompl.start_state_max_dt' was not set. Using default value: 0.500000
[INFO] [1738206994.099262012] [moveit_ros.fix_start_state_collision]: Param 'ompl.start_state_max_dt' was not set. Using default value: 0.500000
[INFO] [1738206994.099270778] [moveit_ros.fix_start_state_collision]: Param 'ompl.jiggle_fraction' was set to 0.050000
[INFO] [1738206994.099278583] [moveit_ros.fix_start_state_collision]: Param 'ompl.max_sampling_attempts' was not set. Using default value: 100
[INFO] [1738206994.099293691] [moveit.ros_planning.planning_pipeline]: Using planning request adapter 'Add Time Optimal Parameterization'
[INFO] [1738206994.099300785] [moveit.ros_planning.planning_pipeline]: Using planning request adapter 'Resolve constraint frames to robot links'
[INFO] [1738206994.099305774] [moveit.ros_planning.planning_pipeline]: Using planning request adapter 'Fix Workspace Bounds'
[INFO] [1738206994.099310723] [moveit.ros_planning.planning_pipeline]: Using planning request adapter 'Fix Start State Bounds'
[INFO] [1738206994.099315312] [moveit.ros_planning.planning_pipeline]: Using planning request adapter 'Fix Start State In Collision'
[INFO] [1738206994.099388570] [moveit.ros_planning.planning_pipeline]: Using planning request adapter 'Fix Start State Path Constraints'
[INFO] [1738206994.152601292] [moveit.plugins.moveit_simple_controller_manager]: Added FollowJointTrajectory controller for spot_arm_controller
[INFO] [1738206994.152672777] [moveit.plugins.moveit_simple_controller_manager]: Max effort set to 0.0
[INFO] [1738206994.155855896] [moveit.plugins.moveit_simple_controller_manager]: Added GripperCommand controller for spot_gripper_controller
[INFO] [1738206994.156154180] [moveit.plugins.moveit_simple_controller_manager]: Returned 2 controllers in list
[INFO] [1738206994.156205126] [moveit.plugins.moveit_simple_controller_manager]: Returned 2 controllers in list
[INFO] [1738206994.156809146] [moveit_ros.trajectory_execution_manager]: Trajectory execution is managing controllers
[INFO] [1738206994.156841687] [move_group.move_group]: MoveGroup debug mode is ON
[INFO] [1738206994.182548179] [move_group.move_group]: 

********************************************************
* MoveGroup using: 
*     - ApplyPlanningSceneService
*     - ClearOctomapService
*     - CartesianPathService
*     - ExecuteTrajectoryAction
*     - GetPlanningSceneService
*     - KinematicsService
*     - MoveAction
*     - MotionPlanService
*     - QueryPlannersService
*     - StateValidationService
********************************************************

[INFO] [1738206994.182636726] [moveit_move_group_capabilities_base.move_group_context]: MoveGroup context using planning plugin ompl_interface/OMPLPlanner
[INFO] [1738206994.182651755] [moveit_move_group_capabilities_base.move_group_context]: MoveGroup context initialization complete
[INFO] [1738207319.774563382] [rclcpp]: signal_handler(signum=2)
