[INFO] [1738016554.575729793] [moveit_rdf_loader.rdf_loader]: Loaded robot model in 0.0312849 seconds
[INFO] [1738016554.575815356] [moveit_robot_model.robot_model]: Loading robot model 'spot'...
[INFO] [1738016554.575825586] [moveit_robot_model.robot_model]: No root/virtual joint specified in SRDF. Assuming fixed joint
[WARN] [1738016554.637179709] [moveit_robot_model.robot_model]: Link fl.hip has visual geometry but no collision geometry. Collision geometry will be left empty. Fix your URDF file by explicitly specifying collision geometry.
[WARN] [1738016554.637225677] [moveit_robot_model.robot_model]: Link fr.hip has visual geometry but no collision geometry. Collision geometry will be left empty. Fix your URDF file by explicitly specifying collision geometry.
[WARN] [1738016554.637236898] [moveit_robot_model.robot_model]: Link hl.hip has visual geometry but no collision geometry. Collision geometry will be left empty. Fix your URDF file by explicitly specifying collision geometry.
[WARN] [1738016554.637245945] [moveit_robot_model.robot_model]: Link hr.hip has visual geometry but no collision geometry. Collision geometry will be left empty. Fix your URDF file by explicitly specifying collision geometry.
[WARN] [1738016554.646052057] [kdl_parser]: The root link base has an inertia specified in the URDF, but KDL does not support a root link with an inertia.  As a workaround, you can add an extra dummy link to your URDF.
[INFO] [1738016554.780559076] [moveit_ros.planning_scene_monitor.planning_scene_monitor]: Publishing maintained planning scene on 'monitored_planning_scene'
[INFO] [1738016554.780752254] [moveit.ros_planning_interface.moveit_cpp]: Listening to 'joint_states' for joint states
[INFO] [1738016554.781640235] [moveit_ros.current_state_monitor]: Listening to joint states on topic 'joint_states'
[INFO] [1738016554.782001002] [moveit_ros.planning_scene_monitor.planning_scene_monitor]: Listening to '/attached_collision_object' for attached collision objects
[INFO] [1738016554.782021431] [moveit_ros.planning_scene_monitor.planning_scene_monitor]: Starting planning scene monitor
[INFO] [1738016554.782237773] [moveit_ros.planning_scene_monitor.planning_scene_monitor]: Listening to '/planning_scene'
[INFO] [1738016554.782254144] [moveit_ros.planning_scene_monitor.planning_scene_monitor]: Starting world geometry update monitor for collision objects, attached objects, octomap updates.
[INFO] [1738016554.782517927] [moveit_ros.planning_scene_monitor.planning_scene_monitor]: Listening to 'collision_object'
[INFO] [1738016554.782768604] [moveit_ros.planning_scene_monitor.planning_scene_monitor]: Listening to 'planning_scene_world' for planning scene world geometry
[WARN] [1738016554.783077382] [moveit.ros.occupancy_map_monitor.middleware_handle]: Resolution not specified for Octomap. Assuming resolution = 0.1 instead
[ERROR] [1738016554.783103041] [moveit.ros.occupancy_map_monitor.middleware_handle]: No 3D sensor plugin(s) defined for octomap updates
[INFO] [1738016554.827220486] [moveit.ros_planning_interface.moveit_cpp]: Loading planning pipeline 'pilz_industrial_motion_planner'
[INFO] [1738016554.851826580] [moveit.pilz_industrial_motion_planner.joint_limits_aggregator]: Reading limits from namespace robot_description_planning
[INFO] [1738016554.862777477] [moveit.pilz_industrial_motion_planner]: Available plugins: pilz_industrial_motion_planner/PlanningContextLoaderCIRC pilz_industrial_motion_planner/PlanningContextLoaderLIN pilz_industrial_motion_planner/PlanningContextLoaderPTP 
[INFO] [1738016554.862807825] [moveit.pilz_industrial_motion_planner]: About to load: pilz_industrial_motion_planner/PlanningContextLoaderCIRC
[INFO] [1738016554.865980918] [moveit.pilz_industrial_motion_planner]: Registered Algorithm [CIRC]
[INFO] [1738016554.866031274] [moveit.pilz_industrial_motion_planner]: About to load: pilz_industrial_motion_planner/PlanningContextLoaderLIN
[INFO] [1738016554.867350777] [moveit.pilz_industrial_motion_planner]: Registered Algorithm [LIN]
[INFO] [1738016554.867378170] [moveit.pilz_industrial_motion_planner]: About to load: pilz_industrial_motion_planner/PlanningContextLoaderPTP
[INFO] [1738016554.869324697] [moveit.pilz_industrial_motion_planner]: Registered Algorithm [PTP]
[INFO] [1738016554.869347901] [moveit.ros_planning.planning_pipeline]: Using planning interface 'Pilz Industrial Motion Planner'
[INFO] [1738016554.874537896] [moveit.ros_planning_interface.moveit_cpp]: Loading planning pipeline 'chomp'
[ERROR] [1738016554.875655104] [moveit.ros_planning.planning_pipeline]: Exception while loading planner 'chomp_interface/CHOMPPlanner': According to the loaded plugin descriptions the class chomp_interface/CHOMPPlanner with base class type planning_interface::PlannerManager does not exist. Declared types are  ompl_interface/OMPLPlanner pilz_industrial_motion_planner/CommandPlannerAvailable plugins: ompl_interface/OMPLPlanner, pilz_industrial_motion_planner/CommandPlanner
[INFO] [1738016554.879781953] [moveit_ros.add_time_optimal_parameterization]: Param 'chomp.path_tolerance' was not set. Using default value: 0.100000
[INFO] [1738016554.879798184] [moveit_ros.add_time_optimal_parameterization]: Param 'chomp.resample_dt' was not set. Using default value: 0.100000
[INFO] [1738016554.879802362] [moveit_ros.add_time_optimal_parameterization]: Param 'chomp.min_angle_change' was not set. Using default value: 0.001000
[INFO] [1738016554.879821749] [moveit_ros.fix_workspace_bounds]: Param 'chomp.default_workspace_bounds' was not set. Using default value: 10.000000
[INFO] [1738016554.879839964] [moveit_ros.fix_start_state_bounds]: Param 'chomp.start_state_max_bounds_error' was set to 0.100000
[INFO] [1738016554.879844733] [moveit_ros.fix_start_state_bounds]: Param 'chomp.start_state_max_dt' was not set. Using default value: 0.500000
[INFO] [1738016554.879854572] [moveit_ros.fix_start_state_collision]: Param 'chomp.start_state_max_dt' was not set. Using default value: 0.500000
[INFO] [1738016554.879860032] [moveit_ros.fix_start_state_collision]: Param 'chomp.jiggle_fraction' was set to 0.050000
[INFO] [1738016554.879864841] [moveit_ros.fix_start_state_collision]: Param 'chomp.max_sampling_attempts' was not set. Using default value: 100
[INFO] [1738016554.879875061] [moveit.ros_planning.planning_pipeline]: Using planning request adapter 'Add Time Optimal Parameterization'
[INFO] [1738016554.879878998] [moveit.ros_planning.planning_pipeline]: Using planning request adapter 'Resolve constraint frames to robot links'
[INFO] [1738016554.879882275] [moveit.ros_planning.planning_pipeline]: Using planning request adapter 'Fix Workspace Bounds'
[INFO] [1738016554.879884990] [moveit.ros_planning.planning_pipeline]: Using planning request adapter 'Fix Start State Bounds'
[INFO] [1738016554.879887615] [moveit.ros_planning.planning_pipeline]: Using planning request adapter 'Fix Start State In Collision'
[INFO] [1738016554.879890320] [moveit.ros_planning.planning_pipeline]: Using planning request adapter 'Fix Start State Path Constraints'
[ERROR] [1738016554.881066260] [moveit.ros_planning_interface.moveit_cpp]: Failed to initialize planning pipeline 'chomp'.
[INFO] [1738016554.882111550] [moveit.ros_planning_interface.moveit_cpp]: Loading planning pipeline 'ompl'
[INFO] [1738016554.910607844] [moveit.ros_planning.planning_pipeline]: Using planning interface 'OMPL'
[INFO] [1738016554.913228805] [moveit_ros.add_time_optimal_parameterization]: Param 'ompl.path_tolerance' was not set. Using default value: 0.100000
[INFO] [1738016554.913281255] [moveit_ros.add_time_optimal_parameterization]: Param 'ompl.resample_dt' was not set. Using default value: 0.100000
[INFO] [1738016554.913288599] [moveit_ros.add_time_optimal_parameterization]: Param 'ompl.min_angle_change' was not set. Using default value: 0.001000
[INFO] [1738016554.913319178] [moveit_ros.fix_workspace_bounds]: Param 'ompl.default_workspace_bounds' was not set. Using default value: 10.000000
[INFO] [1738016554.913348904] [moveit_ros.fix_start_state_bounds]: Param 'ompl.start_state_max_bounds_error' was set to 0.100000
[INFO] [1738016554.913358372] [moveit_ros.fix_start_state_bounds]: Param 'ompl.start_state_max_dt' was not set. Using default value: 0.500000
[INFO] [1738016554.913463873] [moveit_ros.fix_start_state_collision]: Param 'ompl.start_state_max_dt' was not set. Using default value: 0.500000
[INFO] [1738016554.913479653] [moveit_ros.fix_start_state_collision]: Param 'ompl.jiggle_fraction' was set to 0.050000
[INFO] [1738016554.913485344] [moveit_ros.fix_start_state_collision]: Param 'ompl.max_sampling_attempts' was not set. Using default value: 100
[INFO] [1738016554.913496455] [moveit.ros_planning.planning_pipeline]: Using planning request adapter 'Add Time Optimal Parameterization'
[INFO] [1738016554.913501555] [moveit.ros_planning.planning_pipeline]: Using planning request adapter 'Resolve constraint frames to robot links'
[INFO] [1738016554.913505282] [moveit.ros_planning.planning_pipeline]: Using planning request adapter 'Fix Workspace Bounds'
[INFO] [1738016554.913508819] [moveit.ros_planning.planning_pipeline]: Using planning request adapter 'Fix Start State Bounds'
[INFO] [1738016554.913511524] [moveit.ros_planning.planning_pipeline]: Using planning request adapter 'Fix Start State In Collision'
[INFO] [1738016554.913515171] [moveit.ros_planning.planning_pipeline]: Using planning request adapter 'Fix Start State Path Constraints'
[INFO] [1738016554.950363942] [moveit.plugins.moveit_simple_controller_manager]: Added FollowJointTrajectory controller for spot_arm_controller
[INFO] [1738016554.950483259] [moveit.plugins.moveit_simple_controller_manager]: Max effort set to 0.0
[INFO] [1738016554.952267097] [moveit.plugins.moveit_simple_controller_manager]: Added GripperCommand controller for spot_gripper_controller
[INFO] [1738016554.952466246] [moveit.plugins.moveit_simple_controller_manager]: Returned 2 controllers in list
[INFO] [1738016554.952494600] [moveit.plugins.moveit_simple_controller_manager]: Returned 2 controllers in list
[INFO] [1738016554.952802456] [moveit_ros.trajectory_execution_manager]: Trajectory execution is managing controllers
[INFO] [1738016554.952818357] [move_group.move_group]: MoveGroup debug mode is ON
[INFO] [1738016554.974251929] [move_group.move_group]: 

********************************************************
* MoveGroup using: 
*     - ApplyPlanningSceneService
*     - ClearOctomapService
*     - CartesianPathService
*     - ExecuteTrajectoryAction
*     - GetPlanningSceneService
*     - KinematicsService
*     - MoveAction
*     - MotionPlanService
*     - QueryPlannersService
*     - StateValidationService
********************************************************

[INFO] [1738016554.974315650] [moveit_move_group_capabilities_base.move_group_context]: MoveGroup context using planning plugin ompl_interface/OMPLPlanner
[INFO] [1738016554.974324527] [moveit_move_group_capabilities_base.move_group_context]: MoveGroup context initialization complete
[INFO] [1738016563.017800917] [moveit_move_group_default_capabilities.move_action_capability]: Received request
[INFO] [1738016563.018050823] [moveit_move_group_default_capabilities.move_action_capability]: executing..
[INFO] [1738016564.018228140] [moveit_ros.current_state_monitor]: Didn't receive robot state (joint angles) with recent timestamp within 1.000000 seconds. Requested time 1738016563.018107, but latest received state has time 0.000000.
Check clock synchronization if your are running ROS across multiple machines!
[WARN] [1738016564.018296912] [moveit_ros.planning_scene_monitor.planning_scene_monitor]: Failed to fetch current robot state.
[INFO] [1738016564.018349422] [moveit_move_group_default_capabilities.move_action_capability]: Combined planning and execution request received for MoveGroup action. Forwarding to planning and execution pipeline.
[INFO] [1738016564.018664392] [moveit_ros.plan_execution]: Planning attempt 1 of at most 1
[INFO] [1738016564.018692265] [moveit_move_group_capabilities_base.move_group_capability]: Using planning pipeline 'ompl'
[INFO] [1738016564.022549477] [moveit.ompl_planning.model_based_planning_context]: Planner configuration 'spot_arm' will use planner 'geometric::RRTConnect'. Additional configuration parameters will be set when the planner is constructed.
[INFO] [1738016564.062123894] [moveit.plugins.moveit_simple_controller_manager]: Returned 2 controllers in list
[INFO] [1738016564.062202223] [moveit.plugins.moveit_simple_controller_manager]: Returned 2 controllers in list
[INFO] [1738016564.062330958] [moveit_ros.trajectory_execution_manager]: Validating trajectory with allowed_start_tolerance 0.01
[INFO] [1738016565.062450647] [moveit_ros.current_state_monitor]: Didn't receive robot state (joint angles) with recent timestamp within 1.000000 seconds. Requested time 1738016564.062359, but latest received state has time 0.000000.
Check clock synchronization if your are running ROS across multiple machines!
[WARN] [1738016565.062589232] [moveit_ros.trajectory_execution_manager]: Failed to validate trajectory: couldn't receive full current joint state within 1s
[INFO] [1738016565.063142717] [moveit_move_group_default_capabilities.move_action_capability]: Solution found but controller failed during execution
[INFO] [1738016574.428390580] [moveit_move_group_default_capabilities.move_action_capability]: Received request
[INFO] [1738016574.428550926] [moveit_move_group_default_capabilities.move_action_capability]: executing..
[INFO] [1738016575.428694119] [moveit_ros.current_state_monitor]: Didn't receive robot state (joint angles) with recent timestamp within 1.000000 seconds. Requested time 1738016574.428584, but latest received state has time 0.000000.
Check clock synchronization if your are running ROS across multiple machines!
[WARN] [1738016575.428883431] [moveit_ros.planning_scene_monitor.planning_scene_monitor]: Failed to fetch current robot state.
[INFO] [1738016575.428949196] [moveit_move_group_default_capabilities.move_action_capability]: Combined planning and execution request received for MoveGroup action. Forwarding to planning and execution pipeline.
[INFO] [1738016575.429061911] [moveit_ros.plan_execution]: Planning attempt 1 of at most 1
[INFO] [1738016575.429084153] [moveit_move_group_capabilities_base.move_group_capability]: Using planning pipeline 'ompl'
[INFO] [1738016575.430131691] [moveit.ompl_planning.model_based_planning_context]: Planner configuration 'spot_arm' will use planner 'geometric::RRTConnect'. Additional configuration parameters will be set when the planner is constructed.
[INFO] [1738016575.462231248] [moveit.plugins.moveit_simple_controller_manager]: Returned 2 controllers in list
[INFO] [1738016575.462292184] [moveit.plugins.moveit_simple_controller_manager]: Returned 2 controllers in list
[INFO] [1738016575.462363651] [moveit_ros.trajectory_execution_manager]: Validating trajectory with allowed_start_tolerance 0.01
[INFO] [1738016576.462440863] [moveit_ros.current_state_monitor]: Didn't receive robot state (joint angles) with recent timestamp within 1.000000 seconds. Requested time 1738016575.462385, but latest received state has time 0.000000.
Check clock synchronization if your are running ROS across multiple machines!
[WARN] [1738016576.462540443] [moveit_ros.trajectory_execution_manager]: Failed to validate trajectory: couldn't receive full current joint state within 1s
[INFO] [1738016576.462741076] [moveit_move_group_default_capabilities.move_action_capability]: Solution found but controller failed during execution
[INFO] [1738016580.661520249] [moveit_move_group_default_capabilities.move_action_capability]: Received request
[INFO] [1738016580.661679403] [moveit_move_group_default_capabilities.move_action_capability]: executing..
[INFO] [1738016581.661830310] [moveit_ros.current_state_monitor]: Didn't receive robot state (joint angles) with recent timestamp within 1.000000 seconds. Requested time 1738016580.661726, but latest received state has time 0.000000.
Check clock synchronization if your are running ROS across multiple machines!
[WARN] [1738016581.661904592] [moveit_ros.planning_scene_monitor.planning_scene_monitor]: Failed to fetch current robot state.
[INFO] [1738016581.661959667] [moveit_move_group_default_capabilities.move_action_capability]: Combined planning and execution request received for MoveGroup action. Forwarding to planning and execution pipeline.
[INFO] [1738016581.662095416] [moveit_ros.plan_execution]: Planning attempt 1 of at most 1
[INFO] [1738016581.662118069] [moveit_move_group_capabilities_base.move_group_capability]: Using planning pipeline 'ompl'
[INFO] [1738016581.662987849] [moveit.ompl_planning.model_based_planning_context]: Planner configuration 'spot_arm' will use planner 'geometric::RRTConnect'. Additional configuration parameters will be set when the planner is constructed.
[INFO] [1738016581.686046789] [moveit.plugins.moveit_simple_controller_manager]: Returned 2 controllers in list
[INFO] [1738016581.686085012] [moveit.plugins.moveit_simple_controller_manager]: Returned 2 controllers in list
[INFO] [1738016581.686131992] [moveit_ros.trajectory_execution_manager]: Validating trajectory with allowed_start_tolerance 0.01
[INFO] [1738016582.686245527] [moveit_ros.current_state_monitor]: Didn't receive robot state (joint angles) with recent timestamp within 1.000000 seconds. Requested time 1738016581.686151, but latest received state has time 0.000000.
Check clock synchronization if your are running ROS across multiple machines!
[WARN] [1738016582.686292747] [moveit_ros.trajectory_execution_manager]: Failed to validate trajectory: couldn't receive full current joint state within 1s
[INFO] [1738016582.686402376] [moveit_move_group_default_capabilities.move_action_capability]: Solution found but controller failed during execution
[INFO] [1738016598.048459690] [rclcpp]: signal_handler(signum=2)
