[INFO] [1738115035.257773508] [moveit_rdf_loader.rdf_loader]: Loaded robot model in 0.0329144 seconds
[INFO] [1738115035.257876905] [moveit_robot_model.robot_model]: Loading robot model 'spot'...
[INFO] [1738115035.257888167] [moveit_robot_model.robot_model]: No root/virtual joint specified in SRDF. Assuming fixed joint
[WARN] [1738115035.306518158] [moveit_robot_model.robot_model]: Link fl.hip has visual geometry but no collision geometry. Collision geometry will be left empty. Fix your URDF file by explicitly specifying collision geometry.
[WARN] [1738115035.306579084] [moveit_robot_model.robot_model]: Link fr.hip has visual geometry but no collision geometry. Collision geometry will be left empty. Fix your URDF file by explicitly specifying collision geometry.
[WARN] [1738115035.306593261] [moveit_robot_model.robot_model]: Link hl.hip has visual geometry but no collision geometry. Collision geometry will be left empty. Fix your URDF file by explicitly specifying collision geometry.
[WARN] [1738115035.306606246] [moveit_robot_model.robot_model]: Link hr.hip has visual geometry but no collision geometry. Collision geometry will be left empty. Fix your URDF file by explicitly specifying collision geometry.
[WARN] [1738115035.310309246] [kdl_parser]: The root link base has an inertia specified in the URDF, but KDL does not support a root link with an inertia.  As a workaround, you can add an extra dummy link to your URDF.
[INFO] [1738115035.448471676] [moveit_ros.planning_scene_monitor.planning_scene_monitor]: Publishing maintained planning scene on 'monitored_planning_scene'
[INFO] [1738115035.448623726] [moveit.ros_planning_interface.moveit_cpp]: Listening to 'joint_states' for joint states
[INFO] [1738115035.449196279] [moveit_ros.current_state_monitor]: Listening to joint states on topic 'joint_states'
[INFO] [1738115035.449500099] [moveit_ros.planning_scene_monitor.planning_scene_monitor]: Listening to '/attached_collision_object' for attached collision objects
[INFO] [1738115035.449517162] [moveit_ros.planning_scene_monitor.planning_scene_monitor]: Starting planning scene monitor
[INFO] [1738115035.449762991] [moveit_ros.planning_scene_monitor.planning_scene_monitor]: Listening to '/planning_scene'
[INFO] [1738115035.449777809] [moveit_ros.planning_scene_monitor.planning_scene_monitor]: Starting world geometry update monitor for collision objects, attached objects, octomap updates.
[INFO] [1738115035.450059597] [moveit_ros.planning_scene_monitor.planning_scene_monitor]: Listening to 'collision_object'
[INFO] [1738115035.450315175] [moveit_ros.planning_scene_monitor.planning_scene_monitor]: Listening to 'planning_scene_world' for planning scene world geometry
[WARN] [1738115035.450477054] [moveit.ros.occupancy_map_monitor.middleware_handle]: Resolution not specified for Octomap. Assuming resolution = 0.1 instead
[ERROR] [1738115035.450495870] [moveit.ros.occupancy_map_monitor.middleware_handle]: No 3D sensor plugin(s) defined for octomap updates
[INFO] [1738115035.491074751] [moveit.ros_planning_interface.moveit_cpp]: Loading planning pipeline 'pilz_industrial_motion_planner'
[INFO] [1738115035.493428194] [moveit.pilz_industrial_motion_planner.joint_limits_aggregator]: Reading limits from namespace robot_description_planning
[INFO] [1738115035.503470155] [moveit.pilz_industrial_motion_planner]: Available plugins: pilz_industrial_motion_planner/PlanningContextLoaderCIRC pilz_industrial_motion_planner/PlanningContextLoaderLIN pilz_industrial_motion_planner/PlanningContextLoaderPTP 
[INFO] [1738115035.503504341] [moveit.pilz_industrial_motion_planner]: About to load: pilz_industrial_motion_planner/PlanningContextLoaderCIRC
[INFO] [1738115035.505049871] [moveit.pilz_industrial_motion_planner]: Registered Algorithm [CIRC]
[INFO] [1738115035.505087854] [moveit.pilz_industrial_motion_planner]: About to load: pilz_industrial_motion_planner/PlanningContextLoaderLIN
[INFO] [1738115035.505920433] [moveit.pilz_industrial_motion_planner]: Registered Algorithm [LIN]
[INFO] [1738115035.505934230] [moveit.pilz_industrial_motion_planner]: About to load: pilz_industrial_motion_planner/PlanningContextLoaderPTP
[INFO] [1738115035.506670746] [moveit.pilz_industrial_motion_planner]: Registered Algorithm [PTP]
[INFO] [1738115035.506690333] [moveit.ros_planning.planning_pipeline]: Using planning interface 'Pilz Industrial Motion Planner'
[INFO] [1738115035.509003259] [moveit.ros_planning_interface.moveit_cpp]: Loading planning pipeline 'chomp'
[ERROR] [1738115035.510145039] [moveit.ros_planning.planning_pipeline]: Exception while loading planner 'chomp_interface/CHOMPPlanner': According to the loaded plugin descriptions the class chomp_interface/CHOMPPlanner with base class type planning_interface::PlannerManager does not exist. Declared types are  ompl_interface/OMPLPlanner pilz_industrial_motion_planner/CommandPlannerAvailable plugins: ompl_interface/OMPLPlanner, pilz_industrial_motion_planner/CommandPlanner
[INFO] [1738115035.512662755] [moveit_ros.add_time_optimal_parameterization]: Param 'chomp.path_tolerance' was not set. Using default value: 0.100000
[INFO] [1738115035.512698343] [moveit_ros.add_time_optimal_parameterization]: Param 'chomp.resample_dt' was not set. Using default value: 0.100000
[INFO] [1738115035.512703092] [moveit_ros.add_time_optimal_parameterization]: Param 'chomp.min_angle_change' was not set. Using default value: 0.001000
[INFO] [1738115035.512726367] [moveit_ros.fix_workspace_bounds]: Param 'chomp.default_workspace_bounds' was not set. Using default value: 10.000000
[INFO] [1738115035.512751425] [moveit_ros.fix_start_state_bounds]: Param 'chomp.start_state_max_bounds_error' was set to 0.100000
[INFO] [1738115035.512758378] [moveit_ros.fix_start_state_bounds]: Param 'chomp.start_state_max_dt' was not set. Using default value: 0.500000
[INFO] [1738115035.512768417] [moveit_ros.fix_start_state_collision]: Param 'chomp.start_state_max_dt' was not set. Using default value: 0.500000
[INFO] [1738115035.512775110] [moveit_ros.fix_start_state_collision]: Param 'chomp.jiggle_fraction' was set to 0.050000
[INFO] [1738115035.512781091] [moveit_ros.fix_start_state_collision]: Param 'chomp.max_sampling_attempts' was not set. Using default value: 100
[INFO] [1738115035.512792643] [moveit.ros_planning.planning_pipeline]: Using planning request adapter 'Add Time Optimal Parameterization'
[INFO] [1738115035.512797643] [moveit.ros_planning.planning_pipeline]: Using planning request adapter 'Resolve constraint frames to robot links'
[INFO] [1738115035.512801139] [moveit.ros_planning.planning_pipeline]: Using planning request adapter 'Fix Workspace Bounds'
[INFO] [1738115035.512804125] [moveit.ros_planning.planning_pipeline]: Using planning request adapter 'Fix Start State Bounds'
[INFO] [1738115035.512806900] [moveit.ros_planning.planning_pipeline]: Using planning request adapter 'Fix Start State In Collision'
[INFO] [1738115035.512809706] [moveit.ros_planning.planning_pipeline]: Using planning request adapter 'Fix Start State Path Constraints'
[ERROR] [1738115035.513994528] [moveit.ros_planning_interface.moveit_cpp]: Failed to initialize planning pipeline 'chomp'.
[INFO] [1738115035.515823660] [moveit.ros_planning_interface.moveit_cpp]: Loading planning pipeline 'ompl'
[INFO] [1738115035.527938428] [moveit.ros_planning.planning_pipeline]: Using planning interface 'OMPL'
[INFO] [1738115035.530298394] [moveit_ros.add_time_optimal_parameterization]: Param 'ompl.path_tolerance' was not set. Using default value: 0.100000
[INFO] [1738115035.530323722] [moveit_ros.add_time_optimal_parameterization]: Param 'ompl.resample_dt' was not set. Using default value: 0.100000
[INFO] [1738115035.530328812] [moveit_ros.add_time_optimal_parameterization]: Param 'ompl.min_angle_change' was not set. Using default value: 0.001000
[INFO] [1738115035.530346235] [moveit_ros.fix_workspace_bounds]: Param 'ompl.default_workspace_bounds' was not set. Using default value: 10.000000
[INFO] [1738115035.530364430] [moveit_ros.fix_start_state_bounds]: Param 'ompl.start_state_max_bounds_error' was set to 0.100000
[INFO] [1738115035.530370742] [moveit_ros.fix_start_state_bounds]: Param 'ompl.start_state_max_dt' was not set. Using default value: 0.500000
[INFO] [1738115035.530441517] [moveit_ros.fix_start_state_collision]: Param 'ompl.start_state_max_dt' was not set. Using default value: 0.500000
[INFO] [1738115035.530449983] [moveit_ros.fix_start_state_collision]: Param 'ompl.jiggle_fraction' was set to 0.050000
[INFO] [1738115035.530455955] [moveit_ros.fix_start_state_collision]: Param 'ompl.max_sampling_attempts' was not set. Using default value: 100
[INFO] [1738115035.530465593] [moveit.ros_planning.planning_pipeline]: Using planning request adapter 'Add Time Optimal Parameterization'
[INFO] [1738115035.530469661] [moveit.ros_planning.planning_pipeline]: Using planning request adapter 'Resolve constraint frames to robot links'
[INFO] [1738115035.530473478] [moveit.ros_planning.planning_pipeline]: Using planning request adapter 'Fix Workspace Bounds'
[INFO] [1738115035.530476474] [moveit.ros_planning.planning_pipeline]: Using planning request adapter 'Fix Start State Bounds'
[INFO] [1738115035.530479520] [moveit.ros_planning.planning_pipeline]: Using planning request adapter 'Fix Start State In Collision'
[INFO] [1738115035.530482546] [moveit.ros_planning.planning_pipeline]: Using planning request adapter 'Fix Start State Path Constraints'
[INFO] [1738115035.557385527] [moveit.plugins.moveit_simple_controller_manager]: Added FollowJointTrajectory controller for spot_arm_controller
[INFO] [1738115035.557433549] [moveit.plugins.moveit_simple_controller_manager]: Max effort set to 0.0
[INFO] [1738115035.559253263] [moveit.plugins.moveit_simple_controller_manager]: Added GripperCommand controller for spot_gripper_controller
[INFO] [1738115035.559472812] [moveit.plugins.moveit_simple_controller_manager]: Returned 2 controllers in list
[INFO] [1738115035.559495996] [moveit.plugins.moveit_simple_controller_manager]: Returned 2 controllers in list
[INFO] [1738115035.559748939] [moveit_ros.trajectory_execution_manager]: Trajectory execution is managing controllers
[INFO] [1738115035.559769348] [move_group.move_group]: MoveGroup debug mode is ON
[INFO] [1738115035.571676931] [move_group.move_group]: 

********************************************************
* MoveGroup using: 
*     - ApplyPlanningSceneService
*     - ClearOctomapService
*     - CartesianPathService
*     - ExecuteTrajectoryAction
*     - GetPlanningSceneService
*     - KinematicsService
*     - MoveAction
*     - MotionPlanService
*     - QueryPlannersService
*     - StateValidationService
********************************************************

[INFO] [1738115035.571736184] [moveit_move_group_capabilities_base.move_group_context]: MoveGroup context using planning plugin ompl_interface/OMPLPlanner
[INFO] [1738115035.571748227] [moveit_move_group_capabilities_base.move_group_context]: MoveGroup context initialization complete
[INFO] [1738115042.383604942] [moveit_move_group_default_capabilities.move_action_capability]: Received request
[INFO] [1738115042.383787260] [moveit_move_group_default_capabilities.move_action_capability]: executing..
[INFO] [1738115042.389904900] [moveit_move_group_default_capabilities.move_action_capability]: Planning request received for MoveGroup action. Forwarding to planning pipeline.
[INFO] [1738115042.390002616] [moveit_move_group_capabilities_base.move_group_capability]: Using planning pipeline 'ompl'
[INFO] [1738115042.391312868] [moveit.ompl_planning.model_based_planning_context]: Planner configuration 'spot_arm' will use planner 'geometric::RRTConnect'. Additional configuration parameters will be set when the planner is constructed.
[INFO] [1738115042.417123885] [moveit_move_group_default_capabilities.move_action_capability]: Motion plan was computed successfully.
[INFO] [1738115045.326897782] [moveit_move_group_default_capabilities.execute_trajectory_action_capability]: Received goal request
[INFO] [1738115045.327217493] [moveit_move_group_default_capabilities.execute_trajectory_action_capability]: Execution request received
[INFO] [1738115045.327305350] [moveit.plugins.moveit_simple_controller_manager]: Returned 2 controllers in list
[INFO] [1738115045.327448644] [moveit.plugins.moveit_simple_controller_manager]: Returned 2 controllers in list
[INFO] [1738115045.327601606] [moveit_ros.trajectory_execution_manager]: Validating trajectory with allowed_start_tolerance 0.01
[INFO] [1738115045.329556067] [moveit_ros.trajectory_execution_manager]: Starting trajectory execution ...
[INFO] [1738115045.329606544] [moveit.plugins.moveit_simple_controller_manager]: Returned 2 controllers in list
[INFO] [1738115045.329626702] [moveit.plugins.moveit_simple_controller_manager]: Returned 2 controllers in list
[ERROR] [1738115045.329713408] [moveit.simple_controller_manager.follow_joint_trajectory_controller_handle]: Action client not connected to action server: spot_arm_controller/follow_joint_trajectory
[ERROR] [1738115045.329719098] [moveit_ros.trajectory_execution_manager]: Failed to send trajectory part 1 of 1 to controller spot_arm_controller
[INFO] [1738115045.329724990] [moveit_ros.trajectory_execution_manager]: Completed trajectory execution with status ABORTED ...
[INFO] [1738115045.329777320] [moveit_move_group_default_capabilities.execute_trajectory_action_capability]: Execution completed: ABORTED
[INFO] [1738115051.143414226] [moveit_move_group_default_capabilities.move_action_capability]: Received request
[INFO] [1738115051.143591805] [moveit_move_group_default_capabilities.move_action_capability]: executing..
[INFO] [1738115051.149604845] [moveit_move_group_default_capabilities.move_action_capability]: Combined planning and execution request received for MoveGroup action. Forwarding to planning and execution pipeline.
[INFO] [1738115051.149736096] [moveit_ros.plan_execution]: Planning attempt 1 of at most 1
[INFO] [1738115051.149757497] [moveit_move_group_capabilities_base.move_group_capability]: Using planning pipeline 'ompl'
[INFO] [1738115051.150074492] [moveit.ompl_planning.model_based_planning_context]: Planner configuration 'spot_arm' will use planner 'geometric::RRTConnect'. Additional configuration parameters will be set when the planner is constructed.
[INFO] [1738115051.171904671] [moveit.plugins.moveit_simple_controller_manager]: Returned 2 controllers in list
[INFO] [1738115051.171941221] [moveit.plugins.moveit_simple_controller_manager]: Returned 2 controllers in list
[INFO] [1738115051.172017106] [moveit_ros.trajectory_execution_manager]: Validating trajectory with allowed_start_tolerance 0.01
[INFO] [1738115051.179739529] [moveit_ros.trajectory_execution_manager]: Starting trajectory execution ...
[INFO] [1738115051.179783974] [moveit.plugins.moveit_simple_controller_manager]: Returned 2 controllers in list
[INFO] [1738115051.179802570] [moveit.plugins.moveit_simple_controller_manager]: Returned 2 controllers in list
[ERROR] [1738115051.179844871] [moveit.simple_controller_manager.follow_joint_trajectory_controller_handle]: Action client not connected to action server: spot_arm_controller/follow_joint_trajectory
[ERROR] [1738115051.179849820] [moveit_ros.trajectory_execution_manager]: Failed to send trajectory part 1 of 1 to controller spot_arm_controller
[INFO] [1738115051.179854449] [moveit_ros.trajectory_execution_manager]: Completed trajectory execution with status ABORTED ...
[INFO] [1738115051.189885661] [moveit_move_group_default_capabilities.move_action_capability]: Solution found but controller failed during execution
[INFO] [1738115055.311680310] [rclcpp]: signal_handler(signum=2)
