[INFO] [1737962284.596984932] [moveit_rdf_loader.rdf_loader]: Loaded robot model in 0.0357794 seconds
[INFO] [1737962284.597092966] [moveit_robot_model.robot_model]: Loading robot model 'spot'...
[INFO] [1737962284.597104948] [moveit_robot_model.robot_model]: No root/virtual joint specified in SRDF. Assuming fixed joint
[WARN] [1737962284.639285114] [moveit_robot_model.robot_model]: Link fl.hip has visual geometry but no collision geometry. Collision geometry will be left empty. Fix your URDF file by explicitly specifying collision geometry.
[WARN] [1737962284.639343034] [moveit_robot_model.robot_model]: Link fr.hip has visual geometry but no collision geometry. Collision geometry will be left empty. Fix your URDF file by explicitly specifying collision geometry.
[WARN] [1737962284.639361168] [moveit_robot_model.robot_model]: Link hl.hip has visual geometry but no collision geometry. Collision geometry will be left empty. Fix your URDF file by explicitly specifying collision geometry.
[WARN] [1737962284.639375856] [moveit_robot_model.robot_model]: Link hr.hip has visual geometry but no collision geometry. Collision geometry will be left empty. Fix your URDF file by explicitly specifying collision geometry.
[WARN] [1737962284.639507645] [moveit_robot_model.robot_model]: Could not identify parent group for end-effector 'spot_gripper'
[WARN] [1737962284.643622436] [kdl_parser]: The root link base has an inertia specified in the URDF, but KDL does not support a root link with an inertia.  As a workaround, you can add an extra dummy link to your URDF.
[INFO] [1737962284.769980240] [moveit_ros.planning_scene_monitor.planning_scene_monitor]: Publishing maintained planning scene on 'monitored_planning_scene'
[INFO] [1737962284.770155130] [moveit.ros_planning_interface.moveit_cpp]: Listening to 'joint_states' for joint states
[INFO] [1737962284.770835415] [moveit_ros.current_state_monitor]: Listening to joint states on topic 'joint_states'
[INFO] [1737962284.771204432] [moveit_ros.planning_scene_monitor.planning_scene_monitor]: Listening to '/attached_collision_object' for attached collision objects
[INFO] [1737962284.771222576] [moveit_ros.planning_scene_monitor.planning_scene_monitor]: Starting planning scene monitor
[INFO] [1737962284.771531089] [moveit_ros.planning_scene_monitor.planning_scene_monitor]: Listening to '/planning_scene'
[INFO] [1737962284.771555745] [moveit_ros.planning_scene_monitor.planning_scene_monitor]: Starting world geometry update monitor for collision objects, attached objects, octomap updates.
[INFO] [1737962284.771839130] [moveit_ros.planning_scene_monitor.planning_scene_monitor]: Listening to 'collision_object'
[INFO] [1737962284.772107768] [moveit_ros.planning_scene_monitor.planning_scene_monitor]: Listening to 'planning_scene_world' for planning scene world geometry
[WARN] [1737962284.772235249] [moveit.ros.occupancy_map_monitor.middleware_handle]: Resolution not specified for Octomap. Assuming resolution = 0.1 instead
[ERROR] [1737962284.772305632] [moveit.ros.occupancy_map_monitor.middleware_handle]: Exception while loading octomap updater 'occupancy_map_monitor/PointCloudOctomapUpdater': According to the loaded plugin descriptions the class occupancy_map_monitor/PointCloudOctomapUpdater with base class type occupancy_map_monitor::OccupancyMapUpdater does not exist. Declared types are 

[ERROR] [1737962284.772321882] [moveit.ros.occupancy_map_monitor]: Failed to load sensor: `kinect_pointcloud` of type: `occupancy_map_monitor/PointCloudOctomapUpdater`
[ERROR] [1737962284.772338914] [moveit.ros.occupancy_map_monitor.middleware_handle]: Exception while loading octomap updater 'occupancy_map_monitor/DepthImageOctomapUpdater': According to the loaded plugin descriptions the class occupancy_map_monitor/DepthImageOctomapUpdater with base class type occupancy_map_monitor::OccupancyMapUpdater does not exist. Declared types are 

[ERROR] [1737962284.772347170] [moveit.ros.occupancy_map_monitor]: Failed to load sensor: `kinect_depthimage` of type: `occupancy_map_monitor/DepthImageOctomapUpdater`
[INFO] [1737962284.811486914] [moveit.ros_planning_interface.moveit_cpp]: Loading planning pipeline 'pilz_industrial_motion_planner'
[INFO] [1737962284.814187274] [moveit.pilz_industrial_motion_planner.joint_limits_aggregator]: Reading limits from namespace robot_description_planning
[INFO] [1737962284.826317374] [moveit.pilz_industrial_motion_planner]: Available plugins: pilz_industrial_motion_planner/PlanningContextLoaderCIRC pilz_industrial_motion_planner/PlanningContextLoaderLIN pilz_industrial_motion_planner/PlanningContextLoaderPTP 
[INFO] [1737962284.826347501] [moveit.pilz_industrial_motion_planner]: About to load: pilz_industrial_motion_planner/PlanningContextLoaderCIRC
[INFO] [1737962284.828058533] [moveit.pilz_industrial_motion_planner]: Registered Algorithm [CIRC]
[INFO] [1737962284.828085263] [moveit.pilz_industrial_motion_planner]: About to load: pilz_industrial_motion_planner/PlanningContextLoaderLIN
[INFO] [1737962284.829167848] [moveit.pilz_industrial_motion_planner]: Registered Algorithm [LIN]
[INFO] [1737962284.829189138] [moveit.pilz_industrial_motion_planner]: About to load: pilz_industrial_motion_planner/PlanningContextLoaderPTP
[INFO] [1737962284.830119485] [moveit.pilz_industrial_motion_planner]: Registered Algorithm [PTP]
[INFO] [1737962284.830150444] [moveit.ros_planning.planning_pipeline]: Using planning interface 'Pilz Industrial Motion Planner'
[INFO] [1737962284.832915736] [moveit.ros_planning_interface.moveit_cpp]: Loading planning pipeline 'chomp'
[ERROR] [1737962284.833948507] [moveit.ros_planning.planning_pipeline]: Exception while loading planner 'chomp_interface/CHOMPPlanner': According to the loaded plugin descriptions the class chomp_interface/CHOMPPlanner with base class type planning_interface::PlannerManager does not exist. Declared types are  ompl_interface/OMPLPlanner pilz_industrial_motion_planner/CommandPlannerAvailable plugins: ompl_interface/OMPLPlanner, pilz_industrial_motion_planner/CommandPlanner
[INFO] [1737962284.835631486] [moveit_ros.add_time_optimal_parameterization]: Param 'chomp.path_tolerance' was not set. Using default value: 0.100000
[INFO] [1737962284.835643669] [moveit_ros.add_time_optimal_parameterization]: Param 'chomp.resample_dt' was not set. Using default value: 0.100000
[INFO] [1737962284.835647857] [moveit_ros.add_time_optimal_parameterization]: Param 'chomp.min_angle_change' was not set. Using default value: 0.001000
[INFO] [1737962284.835664318] [moveit_ros.fix_workspace_bounds]: Param 'chomp.default_workspace_bounds' was not set. Using default value: 10.000000
[INFO] [1737962284.835675709] [moveit_ros.fix_start_state_bounds]: Param 'chomp.start_state_max_bounds_error' was set to 0.100000
[INFO] [1737962284.835680077] [moveit_ros.fix_start_state_bounds]: Param 'chomp.start_state_max_dt' was not set. Using default value: 0.500000
[INFO] [1737962284.835688032] [moveit_ros.fix_start_state_collision]: Param 'chomp.start_state_max_dt' was not set. Using default value: 0.500000
[INFO] [1737962284.835692301] [moveit_ros.fix_start_state_collision]: Param 'chomp.jiggle_fraction' was set to 0.050000
[INFO] [1737962284.835696488] [moveit_ros.fix_start_state_collision]: Param 'chomp.max_sampling_attempts' was not set. Using default value: 100
[INFO] [1737962284.835704964] [moveit.ros_planning.planning_pipeline]: Using planning request adapter 'Add Time Optimal Parameterization'
[INFO] [1737962284.835708120] [moveit.ros_planning.planning_pipeline]: Using planning request adapter 'Resolve constraint frames to robot links'
[INFO] [1737962284.835711857] [moveit.ros_planning.planning_pipeline]: Using planning request adapter 'Fix Workspace Bounds'
[INFO] [1737962284.835716737] [moveit.ros_planning.planning_pipeline]: Using planning request adapter 'Fix Start State Bounds'
[INFO] [1737962284.835721506] [moveit.ros_planning.planning_pipeline]: Using planning request adapter 'Fix Start State In Collision'
[INFO] [1737962284.835724612] [moveit.ros_planning.planning_pipeline]: Using planning request adapter 'Fix Start State Path Constraints'
[ERROR] [1737962284.836307412] [moveit.ros_planning_interface.moveit_cpp]: Failed to initialize planning pipeline 'chomp'.
[INFO] [1737962284.837282945] [moveit.ros_planning_interface.moveit_cpp]: Loading planning pipeline 'ompl'
[INFO] [1737962284.848662447] [moveit.ros_planning.planning_pipeline]: Using planning interface 'OMPL'
[INFO] [1737962284.851183248] [moveit_ros.add_time_optimal_parameterization]: Param 'ompl.path_tolerance' was not set. Using default value: 0.100000
[INFO] [1737962284.851205911] [moveit_ros.add_time_optimal_parameterization]: Param 'ompl.resample_dt' was not set. Using default value: 0.100000
[INFO] [1737962284.851211001] [moveit_ros.add_time_optimal_parameterization]: Param 'ompl.min_angle_change' was not set. Using default value: 0.001000
[INFO] [1737962284.851228734] [moveit_ros.fix_workspace_bounds]: Param 'ompl.default_workspace_bounds' was not set. Using default value: 10.000000
[INFO] [1737962284.851244434] [moveit_ros.fix_start_state_bounds]: Param 'ompl.start_state_max_bounds_error' was set to 0.100000
[INFO] [1737962284.851248712] [moveit_ros.fix_start_state_bounds]: Param 'ompl.start_state_max_dt' was not set. Using default value: 0.500000
[INFO] [1737962284.851257539] [moveit_ros.fix_start_state_collision]: Param 'ompl.start_state_max_dt' was not set. Using default value: 0.500000
[INFO] [1737962284.851262708] [moveit_ros.fix_start_state_collision]: Param 'ompl.jiggle_fraction' was set to 0.050000
[INFO] [1737962284.851267237] [moveit_ros.fix_start_state_collision]: Param 'ompl.max_sampling_attempts' was not set. Using default value: 100
[INFO] [1737962284.851276174] [moveit.ros_planning.planning_pipeline]: Using planning request adapter 'Add Time Optimal Parameterization'
[INFO] [1737962284.851279640] [moveit.ros_planning.planning_pipeline]: Using planning request adapter 'Resolve constraint frames to robot links'
[INFO] [1737962284.851282476] [moveit.ros_planning.planning_pipeline]: Using planning request adapter 'Fix Workspace Bounds'
[INFO] [1737962284.851285361] [moveit.ros_planning.planning_pipeline]: Using planning request adapter 'Fix Start State Bounds'
[INFO] [1737962284.851287986] [moveit.ros_planning.planning_pipeline]: Using planning request adapter 'Fix Start State In Collision'
[INFO] [1737962284.851290581] [moveit.ros_planning.planning_pipeline]: Using planning request adapter 'Fix Start State Path Constraints'
[INFO] [1737962284.882488305] [moveit.plugins.moveit_simple_controller_manager]: Added FollowJointTrajectory controller for spot_arm_controller
[INFO] [1737962284.882589345] [moveit.plugins.moveit_simple_controller_manager]: Max effort set to 0.0
[INFO] [1737962284.884563374] [moveit.plugins.moveit_simple_controller_manager]: Added GripperCommand controller for spot_gripper_controller
[INFO] [1737962284.884719348] [moveit.plugins.moveit_simple_controller_manager]: Returned 2 controllers in list
[INFO] [1737962284.884743224] [moveit.plugins.moveit_simple_controller_manager]: Returned 2 controllers in list
[INFO] [1737962284.885050855] [moveit_ros.trajectory_execution_manager]: Trajectory execution is managing controllers
[INFO] [1737962284.885074589] [move_group.move_group]: MoveGroup debug mode is ON
[INFO] [1737962284.895435618] [move_group.move_group]: 

********************************************************
* MoveGroup using: 
*     - ApplyPlanningSceneService
*     - ClearOctomapService
*     - CartesianPathService
*     - ExecuteTrajectoryAction
*     - GetPlanningSceneService
*     - KinematicsService
*     - MoveAction
*     - MotionPlanService
*     - QueryPlannersService
*     - StateValidationService
********************************************************

[INFO] [1737962284.895531008] [moveit_move_group_capabilities_base.move_group_context]: MoveGroup context using planning plugin ompl_interface/OMPLPlanner
[INFO] [1737962284.895543642] [moveit_move_group_capabilities_base.move_group_context]: MoveGroup context initialization complete
[INFO] [1737962307.792913778] [moveit_move_group_default_capabilities.move_action_capability]: Received request
[INFO] [1737962307.793322380] [moveit_move_group_default_capabilities.move_action_capability]: executing..
[INFO] [1737962307.804132596] [moveit_move_group_default_capabilities.move_action_capability]: Planning request received for MoveGroup action. Forwarding to planning pipeline.
[INFO] [1737962307.804260738] [moveit_move_group_capabilities_base.move_group_capability]: Using planning pipeline 'ompl'
[INFO] [1737962307.804963745] [moveit_collision_detection_fcl.collision_common]: Found a contact between 'arm0.link_sh0' (type 'Robot link') and 'arm0.link_sh1' (type 'Robot link'), which constitutes a collision. Contact information is not stored.
[INFO] [1737962307.804984254] [moveit_collision_detection_fcl.collision_common]: Collision checking is considered complete (collision was found and 0 contacts are stored)
[INFO] [1737962307.804992319] [moveit_ros.fix_start_state_collision]: Start state appears to be in collision with respect to group spot_arm
[WARN] [1737962307.833849629] [moveit_ros.fix_start_state_collision]: Unable to find a valid state nearby the start state (using jiggle fraction of 0.050000 and 100 sampling attempts). Passing the original planning request to the planner.
[INFO] [1737962307.834601930] [moveit.ompl_planning.model_based_planning_context]: Planner configuration 'spot_arm' will use planner 'geometric::RRTConnect'. Additional configuration parameters will be set when the planner is constructed.
[WARN] [1737962307.835040088] [ompl]: ./src/ompl/base/src/Planner.cpp:248 - spot_arm/spot_arm: Skipping invalid start state (invalid state)
[WARN] [1737962307.835062079] [ompl]: ./src/ompl/base/src/Planner.cpp:248 - spot_arm/spot_arm: Skipping invalid start state (invalid state)
[WARN] [1737962307.835081315] [ompl]: ./src/ompl/base/src/Planner.cpp:248 - spot_arm/spot_arm: Skipping invalid start state (invalid state)
[ERROR] [1737962307.835110350] [ompl]: ./src/ompl/geometric/planners/rrt/src/RRTConnect.cpp:207 - spot_arm/spot_arm: Motion planning start tree could not be initialized!
[WARN] [1737962307.835119007] [ompl]: ./src/ompl/base/src/Planner.cpp:248 - spot_arm/spot_arm: Skipping invalid start state (invalid state)
[ERROR] [1737962307.835141249] [ompl]: ./src/ompl/geometric/planners/rrt/src/RRTConnect.cpp:207 - spot_arm/spot_arm: Motion planning start tree could not be initialized!
[ERROR] [1737962307.835155455] [ompl]: ./src/ompl/geometric/planners/rrt/src/RRTConnect.cpp:207 - spot_arm/spot_arm: Motion planning start tree could not be initialized!
[ERROR] [1737962307.835166186] [ompl]: ./src/ompl/geometric/planners/rrt/src/RRTConnect.cpp:207 - spot_arm/spot_arm: Motion planning start tree could not be initialized!
[WARN] [1737962307.835196253] [ompl]: ./src/ompl/tools/multiplan/src/ParallelPlan.cpp:138 - ParallelPlan::solve(): Unable to find solution by any of the threads in 0.000405 seconds
[WARN] [1737962307.835307793] [ompl]: ./src/ompl/base/src/Planner.cpp:248 - spot_arm/spot_arm: Skipping invalid start state (invalid state)
[WARN] [1737962307.835334494] [ompl]: ./src/ompl/base/src/Planner.cpp:248 - spot_arm/spot_arm: Skipping invalid start state (invalid state)
[ERROR] [1737962307.835352828] [ompl]: ./src/ompl/geometric/planners/rrt/src/RRTConnect.cpp:207 - spot_arm/spot_arm: Motion planning start tree could not be initialized!
[ERROR] [1737962307.835362527] [ompl]: ./src/ompl/geometric/planners/rrt/src/RRTConnect.cpp:207 - spot_arm/spot_arm: Motion planning start tree could not be initialized!
[WARN] [1737962307.835385470] [ompl]: ./src/ompl/base/src/Planner.cpp:248 - spot_arm/spot_arm: Skipping invalid start state (invalid state)
[WARN] [1737962307.835404195] [ompl]: ./src/ompl/base/src/Planner.cpp:248 - spot_arm/spot_arm: Skipping invalid start state (invalid state)
[ERROR] [1737962307.835423872] [ompl]: ./src/ompl/geometric/planners/rrt/src/RRTConnect.cpp:207 - spot_arm/spot_arm: Motion planning start tree could not be initialized!
[ERROR] [1737962307.835429313] [ompl]: ./src/ompl/geometric/planners/rrt/src/RRTConnect.cpp:207 - spot_arm/spot_arm: Motion planning start tree could not be initialized!
[WARN] [1737962307.835460572] [ompl]: ./src/ompl/tools/multiplan/src/ParallelPlan.cpp:138 - ParallelPlan::solve(): Unable to find solution by any of the threads in 0.000209 seconds
[WARN] [1737962307.835569427] [ompl]: ./src/ompl/base/src/Planner.cpp:248 - spot_arm/spot_arm: Skipping invalid start state (invalid state)
[ERROR] [1737962307.835601808] [ompl]: ./src/ompl/geometric/planners/rrt/src/RRTConnect.cpp:207 - spot_arm/spot_arm: Motion planning start tree could not be initialized!
[WARN] [1737962307.835666841] [ompl]: ./src/ompl/base/src/Planner.cpp:248 - spot_arm/spot_arm: Skipping invalid start state (invalid state)
[ERROR] [1737962307.835699573] [ompl]: ./src/ompl/geometric/planners/rrt/src/RRTConnect.cpp:207 - spot_arm/spot_arm: Motion planning start tree could not be initialized!
[WARN] [1737962307.835719431] [ompl]: ./src/ompl/tools/multiplan/src/ParallelPlan.cpp:138 - ParallelPlan::solve(): Unable to find solution by any of the threads in 0.000213 seconds
[WARN] [1737962307.844716733] [ompl]: ./src/ompl/base/goals/src/GoalLazySamples.cpp:129 - Goal sampling thread never did any work.
[INFO] [1737962307.844899628] [moveit.ompl_planning.model_based_planning_context]: Unable to solve the planning problem
[INFO] [1737962307.845033471] [moveit_move_group_default_capabilities.move_action_capability]: Catastrophic failure
[INFO] [1737962314.387283213] [moveit_move_group_default_capabilities.move_action_capability]: Received request
[INFO] [1737962314.387389794] [moveit_move_group_default_capabilities.move_action_capability]: executing..
[INFO] [1737962314.394240202] [moveit_move_group_default_capabilities.move_action_capability]: Combined planning and execution request received for MoveGroup action. Forwarding to planning and execution pipeline.
[INFO] [1737962314.394415242] [moveit_ros.plan_execution]: Planning attempt 1 of at most 1
[INFO] [1737962314.394443626] [moveit_move_group_capabilities_base.move_group_capability]: Using planning pipeline 'ompl'
[INFO] [1737962314.394829885] [moveit_collision_detection_fcl.collision_common]: Found a contact between 'arm0.link_sh0' (type 'Robot link') and 'arm0.link_sh1' (type 'Robot link'), which constitutes a collision. Contact information is not stored.
[INFO] [1737962314.394846066] [moveit_collision_detection_fcl.collision_common]: Collision checking is considered complete (collision was found and 0 contacts are stored)
[INFO] [1737962314.394853620] [moveit_ros.fix_start_state_collision]: Start state appears to be in collision with respect to group spot_arm
[WARN] [1737962314.420629379] [moveit_ros.fix_start_state_collision]: Unable to find a valid state nearby the start state (using jiggle fraction of 0.050000 and 100 sampling attempts). Passing the original planning request to the planner.
[INFO] [1737962314.421122571] [moveit.ompl_planning.model_based_planning_context]: Planner configuration 'spot_arm' will use planner 'geometric::RRTConnect'. Additional configuration parameters will be set when the planner is constructed.
[WARN] [1737962314.421458124] [ompl]: ./src/ompl/base/src/Planner.cpp:248 - spot_arm/spot_arm: Skipping invalid start state (invalid state)
[WARN] [1737962314.421514862] [ompl]: ./src/ompl/base/src/Planner.cpp:248 - spot_arm/spot_arm: Skipping invalid start state (invalid state)
[WARN] [1737962314.421542374] [ompl]: ./src/ompl/base/src/Planner.cpp:248 - spot_arm/spot_arm: Skipping invalid start state (invalid state)
[WARN] [1737962314.421572450] [ompl]: ./src/ompl/base/src/Planner.cpp:248 - spot_arm/spot_arm: Skipping invalid start state (invalid state)
[ERROR] [1737962314.421598369] [ompl]: ./src/ompl/geometric/planners/rrt/src/RRTConnect.cpp:207 - spot_arm/spot_arm: Motion planning start tree could not be initialized!
[ERROR] [1737962314.421617946] [ompl]: ./src/ompl/geometric/planners/rrt/src/RRTConnect.cpp:207 - spot_arm/spot_arm: Motion planning start tree could not be initialized!
[ERROR] [1737962314.421643014] [ompl]: ./src/ompl/geometric/planners/rrt/src/RRTConnect.cpp:207 - spot_arm/spot_arm: Motion planning start tree could not be initialized!
[ERROR] [1737962314.421659936] [ompl]: ./src/ompl/geometric/planners/rrt/src/RRTConnect.cpp:207 - spot_arm/spot_arm: Motion planning start tree could not be initialized!
[WARN] [1737962314.421726571] [ompl]: ./src/ompl/tools/multiplan/src/ParallelPlan.cpp:138 - ParallelPlan::solve(): Unable to find solution by any of the threads in 0.000465 seconds
[WARN] [1737962314.421811622] [ompl]: ./src/ompl/base/src/Planner.cpp:248 - spot_arm/spot_arm: Skipping invalid start state (invalid state)
[ERROR] [1737962314.421834956] [ompl]: ./src/ompl/geometric/planners/rrt/src/RRTConnect.cpp:207 - spot_arm/spot_arm: Motion planning start tree could not be initialized!
[WARN] [1737962314.421860785] [ompl]: ./src/ompl/base/src/Planner.cpp:248 - spot_arm/spot_arm: Skipping invalid start state (invalid state)
[ERROR] [1737962314.421908204] [ompl]: ./src/ompl/geometric/planners/rrt/src/RRTConnect.cpp:207 - spot_arm/spot_arm: Motion planning start tree could not be initialized!
[WARN] [1737962314.421954632] [ompl]: ./src/ompl/base/src/Planner.cpp:248 - spot_arm/spot_arm: Skipping invalid start state (invalid state)
[WARN] [1737962314.421993285] [ompl]: ./src/ompl/base/src/Planner.cpp:248 - spot_arm/spot_arm: Skipping invalid start state (invalid state)
[ERROR] [1737962314.422030205] [ompl]: ./src/ompl/geometric/planners/rrt/src/RRTConnect.cpp:207 - spot_arm/spot_arm: Motion planning start tree could not be initialized!
[ERROR] [1737962314.422046756] [ompl]: ./src/ompl/geometric/planners/rrt/src/RRTConnect.cpp:207 - spot_arm/spot_arm: Motion planning start tree could not be initialized!
[WARN] [1737962314.422072395] [ompl]: ./src/ompl/tools/multiplan/src/ParallelPlan.cpp:138 - ParallelPlan::solve(): Unable to find solution by any of the threads in 0.000308 seconds
[WARN] [1737962314.422136415] [ompl]: ./src/ompl/base/src/Planner.cpp:248 - spot_arm/spot_arm: Skipping invalid start state (invalid state)
[WARN] [1737962314.422156333] [ompl]: ./src/ompl/base/src/Planner.cpp:248 - spot_arm/spot_arm: Skipping invalid start state (invalid state)
[ERROR] [1737962314.422178615] [ompl]: ./src/ompl/geometric/planners/rrt/src/RRTConnect.cpp:207 - spot_arm/spot_arm: Motion planning start tree could not be initialized!
[ERROR] [1737962314.422190728] [ompl]: ./src/ompl/geometric/planners/rrt/src/RRTConnect.cpp:207 - spot_arm/spot_arm: Motion planning start tree could not be initialized!
[WARN] [1737962314.422214924] [ompl]: ./src/ompl/tools/multiplan/src/ParallelPlan.cpp:138 - ParallelPlan::solve(): Unable to find solution by any of the threads in 0.000120 seconds
[WARN] [1737962314.431139408] [ompl]: ./src/ompl/base/goals/src/GoalLazySamples.cpp:129 - Goal sampling thread never did any work.
[INFO] [1737962314.431221163] [moveit.ompl_planning.model_based_planning_context]: Unable to solve the planning problem
[INFO] [1737962314.431256089] [moveit_move_group_default_capabilities.move_action_capability]: Catastrophic failure
[INFO] [1737962315.503645416] [moveit_move_group_default_capabilities.move_action_capability]: Received request
[INFO] [1737962315.503787654] [moveit_move_group_default_capabilities.move_action_capability]: executing..
[INFO] [1737962315.513852232] [moveit_move_group_default_capabilities.move_action_capability]: Combined planning and execution request received for MoveGroup action. Forwarding to planning and execution pipeline.
[INFO] [1737962315.513990854] [moveit_ros.plan_execution]: Planning attempt 1 of at most 1
[INFO] [1737962315.514010180] [moveit_move_group_capabilities_base.move_group_capability]: Using planning pipeline 'ompl'
[INFO] [1737962315.514383024] [moveit_collision_detection_fcl.collision_common]: Found a contact between 'arm0.link_sh0' (type 'Robot link') and 'arm0.link_sh1' (type 'Robot link'), which constitutes a collision. Contact information is not stored.
[INFO] [1737962315.514400818] [moveit_collision_detection_fcl.collision_common]: Collision checking is considered complete (collision was found and 0 contacts are stored)
[INFO] [1737962315.514410897] [moveit_ros.fix_start_state_collision]: Start state appears to be in collision with respect to group spot_arm
[WARN] [1737962315.544136666] [moveit_ros.fix_start_state_collision]: Unable to find a valid state nearby the start state (using jiggle fraction of 0.050000 and 100 sampling attempts). Passing the original planning request to the planner.
[INFO] [1737962315.544501806] [moveit.ompl_planning.model_based_planning_context]: Planner configuration 'spot_arm' will use planner 'geometric::RRTConnect'. Additional configuration parameters will be set when the planner is constructed.
[WARN] [1737962315.544852348] [ompl]: ./src/ompl/base/src/Planner.cpp:248 - spot_arm/spot_arm: Skipping invalid start state (invalid state)
[WARN] [1737962315.544910688] [ompl]: ./src/ompl/base/src/Planner.cpp:248 - spot_arm/spot_arm: Skipping invalid start state (invalid state)
[ERROR] [1737962315.544935084] [ompl]: ./src/ompl/geometric/planners/rrt/src/RRTConnect.cpp:207 - spot_arm/spot_arm: Motion planning start tree could not be initialized!
[WARN] [1737962315.544950914] [ompl]: ./src/ompl/base/src/Planner.cpp:248 - spot_arm/spot_arm: Skipping invalid start state (invalid state)
[WARN] [1737962315.544974909] [ompl]: ./src/ompl/base/src/Planner.cpp:248 - spot_arm/spot_arm: Skipping invalid start state (invalid state)
[ERROR] [1737962315.545007491] [ompl]: ./src/ompl/geometric/planners/rrt/src/RRTConnect.cpp:207 - spot_arm/spot_arm: Motion planning start tree could not be initialized!
[ERROR] [1737962315.545018561] [ompl]: ./src/ompl/geometric/planners/rrt/src/RRTConnect.cpp:207 - spot_arm/spot_arm: Motion planning start tree could not be initialized!
[ERROR] [1737962315.545036926] [ompl]: ./src/ompl/geometric/planners/rrt/src/RRTConnect.cpp:207 - spot_arm/spot_arm: Motion planning start tree could not be initialized!
[WARN] [1737962315.545078996] [ompl]: ./src/ompl/tools/multiplan/src/ParallelPlan.cpp:138 - ParallelPlan::solve(): Unable to find solution by any of the threads in 0.000438 seconds
[WARN] [1737962315.545159648] [ompl]: ./src/ompl/base/src/Planner.cpp:248 - spot_arm/spot_arm: Skipping invalid start state (invalid state)
[ERROR] [1737962315.545195476] [ompl]: ./src/ompl/geometric/planners/rrt/src/RRTConnect.cpp:207 - spot_arm/spot_arm: Motion planning start tree could not be initialized!
[WARN] [1737962315.545225142] [ompl]: ./src/ompl/base/src/Planner.cpp:248 - spot_arm/spot_arm: Skipping invalid start state (invalid state)
[WARN] [1737962315.545256280] [ompl]: ./src/ompl/base/src/Planner.cpp:248 - spot_arm/spot_arm: Skipping invalid start state (invalid state)
[WARN] [1737962315.545279745] [ompl]: ./src/ompl/base/src/Planner.cpp:248 - spot_arm/spot_arm: Skipping invalid start state (invalid state)
[ERROR] [1737962315.545302408] [ompl]: ./src/ompl/geometric/planners/rrt/src/RRTConnect.cpp:207 - spot_arm/spot_arm: Motion planning start tree could not be initialized!
[ERROR] [1737962315.545312497] [ompl]: ./src/ompl/geometric/planners/rrt/src/RRTConnect.cpp:207 - spot_arm/spot_arm: Motion planning start tree could not be initialized!
[ERROR] [1737962315.545326032] [ompl]: ./src/ompl/geometric/planners/rrt/src/RRTConnect.cpp:207 - spot_arm/spot_arm: Motion planning start tree could not be initialized!
[WARN] [1737962315.545359055] [ompl]: ./src/ompl/tools/multiplan/src/ParallelPlan.cpp:138 - ParallelPlan::solve(): Unable to find solution by any of the threads in 0.000242 seconds
[WARN] [1737962315.545436902] [ompl]: ./src/ompl/base/src/Planner.cpp:248 - spot_arm/spot_arm: Skipping invalid start state (invalid state)
[ERROR] [1737962315.545464754] [ompl]: ./src/ompl/geometric/planners/rrt/src/RRTConnect.cpp:207 - spot_arm/spot_arm: Motion planning start tree could not be initialized!
[WARN] [1737962315.545477989] [ompl]: ./src/ompl/base/src/Planner.cpp:248 - spot_arm/spot_arm: Skipping invalid start state (invalid state)
[ERROR] [1737962315.545506353] [ompl]: ./src/ompl/geometric/planners/rrt/src/RRTConnect.cpp:207 - spot_arm/spot_arm: Motion planning start tree could not be initialized!
[WARN] [1737962315.545532622] [ompl]: ./src/ompl/tools/multiplan/src/ParallelPlan.cpp:138 - ParallelPlan::solve(): Unable to find solution by any of the threads in 0.000139 seconds
[WARN] [1737962315.554628390] [ompl]: ./src/ompl/base/goals/src/GoalLazySamples.cpp:129 - Goal sampling thread never did any work.
[INFO] [1737962315.554858084] [moveit.ompl_planning.model_based_planning_context]: Unable to solve the planning problem
[INFO] [1737962315.554987318] [moveit_move_group_default_capabilities.move_action_capability]: Catastrophic failure
[INFO] [1737962327.956814422] [rclcpp]: signal_handler(signum=2)
