[INFO] [1738172982.514083131] [moveit_rdf_loader.rdf_loader]: Loaded robot model in 0.0314465 seconds
[INFO] [1738172982.514188109] [moveit_robot_model.robot_model]: Loading robot model 'spot'...
[INFO] [1738172982.514198909] [moveit_robot_model.robot_model]: No root/virtual joint specified in SRDF. Assuming fixed joint
[INFO] [1738172982.740327627] [moveit_ros.planning_scene_monitor.planning_scene_monitor]: Publishing maintained planning scene on 'monitored_planning_scene'
[INFO] [1738172982.741929592] [moveit.ros_planning_interface.moveit_cpp]: Listening to 'joint_states' for joint states
[INFO] [1738172982.745994721] [moveit_ros.current_state_monitor]: Listening to joint states on topic 'joint_states'
[INFO] [1738172982.746640276] [moveit_ros.planning_scene_monitor.planning_scene_monitor]: Listening to '/attached_collision_object' for attached collision objects
[INFO] [1738172982.746668429] [moveit_ros.planning_scene_monitor.planning_scene_monitor]: Starting planning scene monitor
[INFO] [1738172982.746974876] [moveit_ros.planning_scene_monitor.planning_scene_monitor]: Listening to '/planning_scene'
[INFO] [1738172982.746988712] [moveit_ros.planning_scene_monitor.planning_scene_monitor]: Starting world geometry update monitor for collision objects, attached objects, octomap updates.
[INFO] [1738172982.747391660] [moveit_ros.planning_scene_monitor.planning_scene_monitor]: Listening to 'collision_object'
[INFO] [1738172982.747672929] [moveit_ros.planning_scene_monitor.planning_scene_monitor]: Listening to 'planning_scene_world' for planning scene world geometry
[WARN] [1738172982.748255566] [moveit.ros.occupancy_map_monitor.middleware_handle]: Resolution not specified for Octomap. Assuming resolution = 0.1 instead
[ERROR] [1738172982.748286845] [moveit.ros.occupancy_map_monitor.middleware_handle]: No 3D sensor plugin(s) defined for octomap updates
[INFO] [1738172982.792554327] [moveit.ros_planning_interface.moveit_cpp]: Loading planning pipeline 'pilz_industrial_motion_planner'
[INFO] [1738172982.807070313] [moveit.pilz_industrial_motion_planner.joint_limits_aggregator]: Reading limits from namespace robot_description_planning
[INFO] [1738172982.817974022] [moveit.pilz_industrial_motion_planner]: Available plugins: pilz_industrial_motion_planner/PlanningContextLoaderCIRC pilz_industrial_motion_planner/PlanningContextLoaderLIN pilz_industrial_motion_planner/PlanningContextLoaderPTP 
[INFO] [1738172982.818009759] [moveit.pilz_industrial_motion_planner]: About to load: pilz_industrial_motion_planner/PlanningContextLoaderCIRC
[INFO] [1738172982.823763196] [moveit.pilz_industrial_motion_planner]: Registered Algorithm [CIRC]
[INFO] [1738172982.823795156] [moveit.pilz_industrial_motion_planner]: About to load: pilz_industrial_motion_planner/PlanningContextLoaderLIN
[INFO] [1738172982.825467673] [moveit.pilz_industrial_motion_planner]: Registered Algorithm [LIN]
[INFO] [1738172982.825498271] [moveit.pilz_industrial_motion_planner]: About to load: pilz_industrial_motion_planner/PlanningContextLoaderPTP
[INFO] [1738172982.827057685] [moveit.pilz_industrial_motion_planner]: Registered Algorithm [PTP]
[INFO] [1738172982.827080709] [moveit.ros_planning.planning_pipeline]: Using planning interface 'Pilz Industrial Motion Planner'
[INFO] [1738172982.829030257] [moveit.ros_planning_interface.moveit_cpp]: Loading planning pipeline 'chomp'
[ERROR] [1738172982.830581336] [moveit.ros_planning.planning_pipeline]: Exception while loading planner 'chomp_interface/CHOMPPlanner': According to the loaded plugin descriptions the class chomp_interface/CHOMPPlanner with base class type planning_interface::PlannerManager does not exist. Declared types are  ompl_interface/OMPLPlanner pilz_industrial_motion_planner/CommandPlannerAvailable plugins: ompl_interface/OMPLPlanner, pilz_industrial_motion_planner/CommandPlanner
[INFO] [1738172982.834907587] [moveit_ros.add_time_optimal_parameterization]: Param 'chomp.path_tolerance' was not set. Using default value: 0.100000
[INFO] [1738172982.834954576] [moveit_ros.add_time_optimal_parameterization]: Param 'chomp.resample_dt' was not set. Using default value: 0.100000
[INFO] [1738172982.835034636] [moveit_ros.add_time_optimal_parameterization]: Param 'chomp.min_angle_change' was not set. Using default value: 0.001000
[INFO] [1738172982.835065434] [moveit_ros.fix_workspace_bounds]: Param 'chomp.default_workspace_bounds' was not set. Using default value: 10.000000
[INFO] [1738172982.835086283] [moveit_ros.fix_start_state_bounds]: Param 'chomp.start_state_max_bounds_error' was set to 0.100000
[INFO] [1738172982.835092575] [moveit_ros.fix_start_state_bounds]: Param 'chomp.start_state_max_dt' was not set. Using default value: 0.500000
[INFO] [1738172982.835105149] [moveit_ros.fix_start_state_collision]: Param 'chomp.start_state_max_dt' was not set. Using default value: 0.500000
[INFO] [1738172982.835114066] [moveit_ros.fix_start_state_collision]: Param 'chomp.jiggle_fraction' was set to 0.050000
[INFO] [1738172982.835121259] [moveit_ros.fix_start_state_collision]: Param 'chomp.max_sampling_attempts' was not set. Using default value: 100
[INFO] [1738172982.835135356] [moveit.ros_planning.planning_pipeline]: Using planning request adapter 'Add Time Optimal Parameterization'
[INFO] [1738172982.835142479] [moveit.ros_planning.planning_pipeline]: Using planning request adapter 'Resolve constraint frames to robot links'
[INFO] [1738172982.835146887] [moveit.ros_planning.planning_pipeline]: Using planning request adapter 'Fix Workspace Bounds'
[INFO] [1738172982.835151115] [moveit.ros_planning.planning_pipeline]: Using planning request adapter 'Fix Start State Bounds'
[INFO] [1738172982.835155353] [moveit.ros_planning.planning_pipeline]: Using planning request adapter 'Fix Start State In Collision'
[INFO] [1738172982.835159752] [moveit.ros_planning.planning_pipeline]: Using planning request adapter 'Fix Start State Path Constraints'
[ERROR] [1738172982.836221009] [moveit.ros_planning_interface.moveit_cpp]: Failed to initialize planning pipeline 'chomp'.
[INFO] [1738172982.838726764] [moveit.ros_planning_interface.moveit_cpp]: Loading planning pipeline 'ompl'
[INFO] [1738172982.872248806] [moveit.ros_planning.planning_pipeline]: Using planning interface 'OMPL'
[INFO] [1738172982.875859650] [moveit_ros.add_time_optimal_parameterization]: Param 'ompl.path_tolerance' was not set. Using default value: 0.100000
[INFO] [1738172982.875883926] [moveit_ros.add_time_optimal_parameterization]: Param 'ompl.resample_dt' was not set. Using default value: 0.100000
[INFO] [1738172982.875888164] [moveit_ros.add_time_optimal_parameterization]: Param 'ompl.min_angle_change' was not set. Using default value: 0.001000
[INFO] [1738172982.875905517] [moveit_ros.fix_workspace_bounds]: Param 'ompl.default_workspace_bounds' was not set. Using default value: 10.000000
[INFO] [1738172982.875920495] [moveit_ros.fix_start_state_bounds]: Param 'ompl.start_state_max_bounds_error' was set to 0.100000
[INFO] [1738172982.875925655] [moveit_ros.fix_start_state_bounds]: Param 'ompl.start_state_max_dt' was not set. Using default value: 0.500000
[INFO] [1738172982.875934732] [moveit_ros.fix_start_state_collision]: Param 'ompl.start_state_max_dt' was not set. Using default value: 0.500000
[INFO] [1738172982.875939521] [moveit_ros.fix_start_state_collision]: Param 'ompl.jiggle_fraction' was set to 0.050000
[INFO] [1738172982.875944179] [moveit_ros.fix_start_state_collision]: Param 'ompl.max_sampling_attempts' was not set. Using default value: 100
[INFO] [1738172982.875953307] [moveit.ros_planning.planning_pipeline]: Using planning request adapter 'Add Time Optimal Parameterization'
[INFO] [1738172982.875957124] [moveit.ros_planning.planning_pipeline]: Using planning request adapter 'Resolve constraint frames to robot links'
[INFO] [1738172982.875960230] [moveit.ros_planning.planning_pipeline]: Using planning request adapter 'Fix Workspace Bounds'
[INFO] [1738172982.875963005] [moveit.ros_planning.planning_pipeline]: Using planning request adapter 'Fix Start State Bounds'
[INFO] [1738172982.875965500] [moveit.ros_planning.planning_pipeline]: Using planning request adapter 'Fix Start State In Collision'
[INFO] [1738172982.875998892] [moveit.ros_planning.planning_pipeline]: Using planning request adapter 'Fix Start State Path Constraints'
[INFO] [1738172982.907156906] [moveit.plugins.moveit_simple_controller_manager]: Added FollowJointTrajectory controller for spot_arm_controller
[INFO] [1738172982.907248788] [moveit.plugins.moveit_simple_controller_manager]: Max effort set to 0.0
[INFO] [1738172982.910697388] [moveit.plugins.moveit_simple_controller_manager]: Added GripperCommand controller for spot_gripper_controller
[INFO] [1738172982.911043249] [moveit.plugins.moveit_simple_controller_manager]: Returned 2 controllers in list
[INFO] [1738172982.911082062] [moveit.plugins.moveit_simple_controller_manager]: Returned 2 controllers in list
[INFO] [1738172982.911549141] [moveit_ros.trajectory_execution_manager]: Trajectory execution is managing controllers
[INFO] [1738172982.911576853] [move_group.move_group]: MoveGroup debug mode is ON
[INFO] [1738172982.931595774] [move_group.move_group]: 

********************************************************
* MoveGroup using: 
*     - ApplyPlanningSceneService
*     - ClearOctomapService
*     - CartesianPathService
*     - ExecuteTrajectoryAction
*     - GetPlanningSceneService
*     - KinematicsService
*     - MoveAction
*     - MotionPlanService
*     - QueryPlannersService
*     - StateValidationService
********************************************************

[INFO] [1738172982.931688990] [moveit_move_group_capabilities_base.move_group_context]: MoveGroup context using planning plugin ompl_interface/OMPLPlanner
[INFO] [1738172982.931702625] [moveit_move_group_capabilities_base.move_group_context]: MoveGroup context initialization complete
[INFO] [1738174356.296409415] [moveit_move_group_default_capabilities.move_action_capability]: Received request
[INFO] [1738174356.297973006] [moveit_move_group_default_capabilities.move_action_capability]: executing..
[INFO] [1738174356.304341823] [moveit_move_group_default_capabilities.move_action_capability]: Combined planning and execution request received for MoveGroup action. Forwarding to planning and execution pipeline.
[INFO] [1738174356.306919729] [moveit_ros.plan_execution]: Planning attempt 1 of at most 1
[INFO] [1738174356.307277401] [moveit_move_group_capabilities_base.move_group_capability]: Using planning pipeline 'ompl'
[INFO] [1738174356.329616427] [moveit.ompl_planning.model_based_planning_context]: Planner configuration 'spot_arm' will use planner 'geometric::RRTConnect'. Additional configuration parameters will be set when the planner is constructed.
[INFO] [1738174356.357763824] [moveit.plugins.moveit_simple_controller_manager]: Returned 2 controllers in list
[INFO] [1738174356.358062786] [moveit.plugins.moveit_simple_controller_manager]: Returned 2 controllers in list
[INFO] [1738174356.358252838] [moveit_ros.trajectory_execution_manager]: Validating trajectory with allowed_start_tolerance 0.01
[INFO] [1738174356.363788734] [moveit_ros.trajectory_execution_manager]: Starting trajectory execution ...
[INFO] [1738174356.363873721] [moveit.plugins.moveit_simple_controller_manager]: Returned 2 controllers in list
[INFO] [1738174356.363894239] [moveit.plugins.moveit_simple_controller_manager]: Returned 2 controllers in list
[INFO] [1738174356.367450896] [moveit.simple_controller_manager.follow_joint_trajectory_controller_handle]: sending trajectory to spot_arm_controller
[INFO] [1738174356.374934123] [moveit.simple_controller_manager.follow_joint_trajectory_controller_handle]: spot_arm_controller started execution
[INFO] [1738174356.374963297] [moveit.simple_controller_manager.follow_joint_trajectory_controller_handle]: Goal request accepted!
[WARN] [1738174356.403195440] [moveit_ros.planning_scene_monitor.planning_scene_monitor]: The complete state of the robot is not yet known.  Missing fl.hx, fl.hy, fl.kn, fr.hx, fr.hy, fr.kn, hl.hx, hl.hy, hl.kn, hr.hx, hr.hy, hr.kn
[WARN] [1738174357.429784458] [moveit_ros.planning_scene_monitor.planning_scene_monitor]: The complete state of the robot is not yet known.  Missing fl.hx, fl.hy, fl.kn, fr.hx, fr.hy, fr.kn, hl.hx, hl.hy, hl.kn, hr.hx, hr.hy, hr.kn
[WARN] [1738174358.463670295] [moveit_ros.planning_scene_monitor.planning_scene_monitor]: The complete state of the robot is not yet known.  Missing fl.hx, fl.hy, fl.kn, fr.hx, fr.hy, fr.kn, hl.hx, hl.hy, hl.kn, hr.hx, hr.hy, hr.kn
[WARN] [1738174359.469766973] [moveit_ros.planning_scene_monitor.planning_scene_monitor]: The complete state of the robot is not yet known.  Missing fl.hx, fl.hy, fl.kn, fr.hx, fr.hy, fr.kn, hl.hx, hl.hy, hl.kn, hr.hx, hr.hy, hr.kn
[INFO] [1738174359.876564442] [moveit.simple_controller_manager.follow_joint_trajectory_controller_handle]: Controller 'spot_arm_controller' successfully finished
[INFO] [1738174359.903629940] [moveit_ros.trajectory_execution_manager]: Completed trajectory execution with status SUCCEEDED ...
[INFO] [1738174359.904007639] [moveit_move_group_default_capabilities.move_action_capability]: Solution was found and executed.
[INFO] [1738174445.114155782] [moveit_move_group_default_capabilities.move_action_capability]: Received request
[INFO] [1738174445.114299829] [moveit_move_group_default_capabilities.move_action_capability]: executing..
[INFO] [1738174445.123644254] [moveit_move_group_default_capabilities.move_action_capability]: Combined planning and execution request received for MoveGroup action. Forwarding to planning and execution pipeline.
[INFO] [1738174445.123759257] [moveit_ros.plan_execution]: Planning attempt 1 of at most 1
[INFO] [1738174445.123770748] [moveit_move_group_capabilities_base.move_group_capability]: Using planning pipeline 'ompl'
[INFO] [1738174445.124406055] [moveit.ompl_planning.model_based_planning_context]: Planner configuration 'spot_arm' will use planner 'geometric::RRTConnect'. Additional configuration parameters will be set when the planner is constructed.
[INFO] [1738174445.141392072] [moveit.plugins.moveit_simple_controller_manager]: Returned 2 controllers in list
[INFO] [1738174445.141419643] [moveit.plugins.moveit_simple_controller_manager]: Returned 2 controllers in list
[INFO] [1738174445.141470256] [moveit_ros.trajectory_execution_manager]: Validating trajectory with allowed_start_tolerance 0.01
[INFO] [1738174445.143720934] [moveit_ros.trajectory_execution_manager]: Starting trajectory execution ...
[INFO] [1738174445.143755769] [moveit.plugins.moveit_simple_controller_manager]: Returned 2 controllers in list
[INFO] [1738174445.143772350] [moveit.plugins.moveit_simple_controller_manager]: Returned 2 controllers in list
[INFO] [1738174445.143843722] [moveit.simple_controller_manager.follow_joint_trajectory_controller_handle]: sending trajectory to spot_arm_controller
[INFO] [1738174445.144172721] [moveit.simple_controller_manager.follow_joint_trajectory_controller_handle]: spot_arm_controller started execution
[INFO] [1738174445.144184513] [moveit.simple_controller_manager.follow_joint_trajectory_controller_handle]: Goal request accepted!
[WARN] [1738174445.173409846] [moveit_ros.planning_scene_monitor.planning_scene_monitor]: The complete state of the robot is not yet known.  Missing fl.hx, fl.hy, fl.kn, fr.hx, fr.hy, fr.kn, hl.hx, hl.hy, hl.kn, hr.hx, hr.hy, hr.kn
[WARN] [1738174446.183681315] [moveit_ros.planning_scene_monitor.planning_scene_monitor]: The complete state of the robot is not yet known.  Missing fl.hx, fl.hy, fl.kn, fr.hx, fr.hy, fr.kn, hl.hx, hl.hy, hl.kn, hr.hx, hr.hy, hr.kn
[WARN] [1738174447.187487350] [moveit_ros.planning_scene_monitor.planning_scene_monitor]: The complete state of the robot is not yet known.  Missing fl.hx, fl.hy, fl.kn, fr.hx, fr.hy, fr.kn, hl.hx, hl.hy, hl.kn, hr.hx, hr.hy, hr.kn
[INFO] [1738174447.444827381] [moveit.simple_controller_manager.follow_joint_trajectory_controller_handle]: Controller 'spot_arm_controller' successfully finished
[INFO] [1738174447.473634742] [moveit_ros.trajectory_execution_manager]: Completed trajectory execution with status SUCCEEDED ...
[INFO] [1738174447.473917436] [moveit_move_group_default_capabilities.move_action_capability]: Solution was found and executed.
[INFO] [1738174513.975785592] [rclcpp]: signal_handler(signum=2)
