[INFO] [1737960104.171292147] [moveit_setup_assistant.urdf]: Loaded spot robot model.
[INFO] [1737960104.171996476] [moveit_robot_model.robot_model]: Loading robot model 'spot'...
[WARN] [1737960104.172149286] [moveit_robot_model.robot_model]: Link arm0.link_sh0 has visual geometry but no collision geometry. Collision geometry will be left empty. Fix your URDF file by explicitly specifying collision geometry.
[WARN] [1737960104.172175794] [moveit_robot_model.robot_model]: Link arm0.link_sh1 has visual geometry but no collision geometry. Collision geometry will be left empty. Fix your URDF file by explicitly specifying collision geometry.
[WARN] [1737960104.172210858] [moveit_robot_model.robot_model]: Link arm0.link_el0 has visual geometry but no collision geometry. Collision geometry will be left empty. Fix your URDF file by explicitly specifying collision geometry.
[WARN] [1737960104.172231937] [moveit_robot_model.robot_model]: Link arm0.link_el1 has visual geometry but no collision geometry. Collision geometry will be left empty. Fix your URDF file by explicitly specifying collision geometry.
[WARN] [1737960104.172244861] [moveit_robot_model.robot_model]: Link arm0.link_wr0 has visual geometry but no collision geometry. Collision geometry will be left empty. Fix your URDF file by explicitly specifying collision geometry.
[WARN] [1737960104.172257143] [moveit_robot_model.robot_model]: Link arm0.link_wr1 has visual geometry but no collision geometry. Collision geometry will be left empty. Fix your URDF file by explicitly specifying collision geometry.
[WARN] [1737960104.172270257] [moveit_robot_model.robot_model]: Link arm0.link_fngr has visual geometry but no collision geometry. Collision geometry will be left empty. Fix your URDF file by explicitly specifying collision geometry.
[WARN] [1737960104.172285625] [moveit_robot_model.robot_model]: Link fl.hip has visual geometry but no collision geometry. Collision geometry will be left empty. Fix your URDF file by explicitly specifying collision geometry.
[WARN] [1737960104.172317323] [moveit_robot_model.robot_model]: Link fr.hip has visual geometry but no collision geometry. Collision geometry will be left empty. Fix your URDF file by explicitly specifying collision geometry.
[WARN] [1737960104.172344032] [moveit_robot_model.robot_model]: Link hl.hip has visual geometry but no collision geometry. Collision geometry will be left empty. Fix your URDF file by explicitly specifying collision geometry.
[WARN] [1737960104.172378004] [moveit_robot_model.robot_model]: Link hr.hip has visual geometry but no collision geometry. Collision geometry will be left empty. Fix your URDF file by explicitly specifying collision geometry.
[WARN] [1737960104.172588970] [moveit_robot_model.robot_model]: Could not identify parent group for end-effector 'spot_gripper'
[INFO] [1737960104.172649682] [moveit_setup_assistant.srdf]: Robot semantic model successfully loaded.
[INFO] [1737960106.539910111] [moveit_setup_assistant.urdf]: Loaded spot robot model.
[INFO] [1737960106.540160700] [moveit_robot_model.robot_model]: Loading robot model 'spot'...
[WARN] [1737960106.540205021] [moveit_robot_model.robot_model]: Link arm0.link_sh0 has visual geometry but no collision geometry. Collision geometry will be left empty. Fix your URDF file by explicitly specifying collision geometry.
[WARN] [1737960106.540217343] [moveit_robot_model.robot_model]: Link arm0.link_sh1 has visual geometry but no collision geometry. Collision geometry will be left empty. Fix your URDF file by explicitly specifying collision geometry.
[WARN] [1737960106.540227372] [moveit_robot_model.robot_model]: Link arm0.link_el0 has visual geometry but no collision geometry. Collision geometry will be left empty. Fix your URDF file by explicitly specifying collision geometry.
[WARN] [1737960106.540236028] [moveit_robot_model.robot_model]: Link arm0.link_el1 has visual geometry but no collision geometry. Collision geometry will be left empty. Fix your URDF file by explicitly specifying collision geometry.
[WARN] [1737960106.540244203] [moveit_robot_model.robot_model]: Link arm0.link_wr0 has visual geometry but no collision geometry. Collision geometry will be left empty. Fix your URDF file by explicitly specifying collision geometry.
[WARN] [1737960106.540345738] [moveit_robot_model.robot_model]: Link arm0.link_wr1 has visual geometry but no collision geometry. Collision geometry will be left empty. Fix your URDF file by explicitly specifying collision geometry.
[WARN] [1737960106.540354985] [moveit_robot_model.robot_model]: Link arm0.link_fngr has visual geometry but no collision geometry. Collision geometry will be left empty. Fix your URDF file by explicitly specifying collision geometry.
[WARN] [1737960106.540363992] [moveit_robot_model.robot_model]: Link fl.hip has visual geometry but no collision geometry. Collision geometry will be left empty. Fix your URDF file by explicitly specifying collision geometry.
[WARN] [1737960106.540378158] [moveit_robot_model.robot_model]: Link fr.hip has visual geometry but no collision geometry. Collision geometry will be left empty. Fix your URDF file by explicitly specifying collision geometry.
[WARN] [1737960106.540390721] [moveit_robot_model.robot_model]: Link hl.hip has visual geometry but no collision geometry. Collision geometry will be left empty. Fix your URDF file by explicitly specifying collision geometry.
[WARN] [1737960106.540402683] [moveit_robot_model.robot_model]: Link hr.hip has visual geometry but no collision geometry. Collision geometry will be left empty. Fix your URDF file by explicitly specifying collision geometry.
[WARN] [1737960106.540497055] [moveit_robot_model.robot_model]: Could not identify parent group for end-effector 'spot_gripper'
[INFO] [1737960106.540635990] [moveit_setup_assistant.srdf]: Robot semantic model successfully loaded.
[INFO] [1737960107.113826985] [moveit_rdf_loader.rdf_loader]: Loaded robot model in 0.00249755 seconds
[INFO] [1737960107.113878008] [moveit_robot_model.robot_model]: Loading robot model 'spot'...
[WARN] [1737960107.113906991] [moveit_robot_model.robot_model]: Link arm0.link_sh0 has visual geometry but no collision geometry. Collision geometry will be left empty. Fix your URDF file by explicitly specifying collision geometry.
[WARN] [1737960107.113922760] [moveit_robot_model.robot_model]: Link arm0.link_sh1 has visual geometry but no collision geometry. Collision geometry will be left empty. Fix your URDF file by explicitly specifying collision geometry.
[WARN] [1737960107.113935103] [moveit_robot_model.robot_model]: Link arm0.link_el0 has visual geometry but no collision geometry. Collision geometry will be left empty. Fix your URDF file by explicitly specifying collision geometry.
[WARN] [1737960107.113947816] [moveit_robot_model.robot_model]: Link arm0.link_el1 has visual geometry but no collision geometry. Collision geometry will be left empty. Fix your URDF file by explicitly specifying collision geometry.
[WARN] [1737960107.113960339] [moveit_robot_model.robot_model]: Link arm0.link_wr0 has visual geometry but no collision geometry. Collision geometry will be left empty. Fix your URDF file by explicitly specifying collision geometry.
[WARN] [1737960107.113972111] [moveit_robot_model.robot_model]: Link arm0.link_wr1 has visual geometry but no collision geometry. Collision geometry will be left empty. Fix your URDF file by explicitly specifying collision geometry.
[WARN] [1737960107.113984022] [moveit_robot_model.robot_model]: Link arm0.link_fngr has visual geometry but no collision geometry. Collision geometry will be left empty. Fix your URDF file by explicitly specifying collision geometry.
[WARN] [1737960107.113997046] [moveit_robot_model.robot_model]: Link fl.hip has visual geometry but no collision geometry. Collision geometry will be left empty. Fix your URDF file by explicitly specifying collision geometry.
[WARN] [1737960107.114017784] [moveit_robot_model.robot_model]: Link fr.hip has visual geometry but no collision geometry. Collision geometry will be left empty. Fix your URDF file by explicitly specifying collision geometry.
[WARN] [1737960107.114036559] [moveit_robot_model.robot_model]: Link hl.hip has visual geometry but no collision geometry. Collision geometry will be left empty. Fix your URDF file by explicitly specifying collision geometry.
[WARN] [1737960107.114103551] [moveit_robot_model.robot_model]: Link hr.hip has visual geometry but no collision geometry. Collision geometry will be left empty. Fix your URDF file by explicitly specifying collision geometry.
[WARN] [1737960107.114234922] [moveit_robot_model.robot_model]: Could not identify parent group for end-effector 'spot_gripper'
[INFO] [1737960107.222173133] [moveit_rdf_loader.rdf_loader]: Loaded robot model in 0.00210613 seconds
[INFO] [1737960107.222203038] [moveit_robot_model.robot_model]: Loading robot model 'spot'...
[WARN] [1737960107.222224577] [moveit_robot_model.robot_model]: Link arm0.link_sh0 has visual geometry but no collision geometry. Collision geometry will be left empty. Fix your URDF file by explicitly specifying collision geometry.
[WARN] [1737960107.222235087] [moveit_robot_model.robot_model]: Link arm0.link_sh1 has visual geometry but no collision geometry. Collision geometry will be left empty. Fix your URDF file by explicitly specifying collision geometry.
[WARN] [1737960107.222243091] [moveit_robot_model.robot_model]: Link arm0.link_el0 has visual geometry but no collision geometry. Collision geometry will be left empty. Fix your URDF file by explicitly specifying collision geometry.
[WARN] [1737960107.222251276] [moveit_robot_model.robot_model]: Link arm0.link_el1 has visual geometry but no collision geometry. Collision geometry will be left empty. Fix your URDF file by explicitly specifying collision geometry.
[WARN] [1737960107.222258940] [moveit_robot_model.robot_model]: Link arm0.link_wr0 has visual geometry but no collision geometry. Collision geometry will be left empty. Fix your URDF file by explicitly specifying collision geometry.
[WARN] [1737960107.222266314] [moveit_robot_model.robot_model]: Link arm0.link_wr1 has visual geometry but no collision geometry. Collision geometry will be left empty. Fix your URDF file by explicitly specifying collision geometry.
[WARN] [1737960107.222273727] [moveit_robot_model.robot_model]: Link arm0.link_fngr has visual geometry but no collision geometry. Collision geometry will be left empty. Fix your URDF file by explicitly specifying collision geometry.
[WARN] [1737960107.222282203] [moveit_robot_model.robot_model]: Link fl.hip has visual geometry but no collision geometry. Collision geometry will be left empty. Fix your URDF file by explicitly specifying collision geometry.
[WARN] [1737960107.222296349] [moveit_robot_model.robot_model]: Link fr.hip has visual geometry but no collision geometry. Collision geometry will be left empty. Fix your URDF file by explicitly specifying collision geometry.
[WARN] [1737960107.222308661] [moveit_robot_model.robot_model]: Link hl.hip has visual geometry but no collision geometry. Collision geometry will be left empty. Fix your URDF file by explicitly specifying collision geometry.
[WARN] [1737960107.222321354] [moveit_robot_model.robot_model]: Link hr.hip has visual geometry but no collision geometry. Collision geometry will be left empty. Fix your URDF file by explicitly specifying collision geometry.
[WARN] [1737960107.222416509] [moveit_robot_model.robot_model]: Could not identify parent group for end-effector 'spot_gripper'
[INFO] [1737960107.229062626] [moveit_setup_assistant.Start Screen]: Loading Setup Assistant Complete
[INFO] [1737960110.637609150] [moveit_robot_model.robot_model]: Loading robot model 'spot'...
[WARN] [1737960110.637693254] [moveit_robot_model.robot_model]: Link arm0.link_sh0 has visual geometry but no collision geometry. Collision geometry will be left empty. Fix your URDF file by explicitly specifying collision geometry.
[WARN] [1737960110.637710596] [moveit_robot_model.robot_model]: Link arm0.link_sh1 has visual geometry but no collision geometry. Collision geometry will be left empty. Fix your URDF file by explicitly specifying collision geometry.
[WARN] [1737960110.637722878] [moveit_robot_model.robot_model]: Link arm0.link_el0 has visual geometry but no collision geometry. Collision geometry will be left empty. Fix your URDF file by explicitly specifying collision geometry.
[WARN] [1737960110.637785483] [moveit_robot_model.robot_model]: Link arm0.link_el1 has visual geometry but no collision geometry. Collision geometry will be left empty. Fix your URDF file by explicitly specifying collision geometry.
[WARN] [1737960110.637799088] [moveit_robot_model.robot_model]: Link arm0.link_wr0 has visual geometry but no collision geometry. Collision geometry will be left empty. Fix your URDF file by explicitly specifying collision geometry.
[WARN] [1737960110.637810268] [moveit_robot_model.robot_model]: Link arm0.link_wr1 has visual geometry but no collision geometry. Collision geometry will be left empty. Fix your URDF file by explicitly specifying collision geometry.
[WARN] [1737960110.637821649] [moveit_robot_model.robot_model]: Link arm0.link_fngr has visual geometry but no collision geometry. Collision geometry will be left empty. Fix your URDF file by explicitly specifying collision geometry.
[WARN] [1737960110.637833691] [moveit_robot_model.robot_model]: Link fl.hip has visual geometry but no collision geometry. Collision geometry will be left empty. Fix your URDF file by explicitly specifying collision geometry.
[WARN] [1737960110.637868685] [moveit_robot_model.robot_model]: Link fr.hip has visual geometry but no collision geometry. Collision geometry will be left empty. Fix your URDF file by explicitly specifying collision geometry.
[WARN] [1737960110.637889694] [moveit_robot_model.robot_model]: Link hl.hip has visual geometry but no collision geometry. Collision geometry will be left empty. Fix your URDF file by explicitly specifying collision geometry.
[WARN] [1737960110.637909830] [moveit_robot_model.robot_model]: Link hr.hip has visual geometry but no collision geometry. Collision geometry will be left empty. Fix your URDF file by explicitly specifying collision geometry.
[WARN] [1737960110.638093306] [moveit_robot_model.robot_model]: Could not identify parent group for end-effector 'spot_gripper'
[INFO] [1737960118.240996535] [moveit_robot_model.robot_model]: Loading robot model 'spot'...
[INFO] [1737960118.241044212] [moveit_robot_model.robot_model]: No root/virtual joint specified in SRDF. Assuming fixed joint
[WARN] [1737960118.241099764] [moveit_robot_model.robot_model]: Link arm0.link_sh0 has visual geometry but no collision geometry. Collision geometry will be left empty. Fix your URDF file by explicitly specifying collision geometry.
[WARN] [1737960118.241120351] [moveit_robot_model.robot_model]: Link arm0.link_sh1 has visual geometry but no collision geometry. Collision geometry will be left empty. Fix your URDF file by explicitly specifying collision geometry.
[WARN] [1737960118.241137443] [moveit_robot_model.robot_model]: Link arm0.link_el0 has visual geometry but no collision geometry. Collision geometry will be left empty. Fix your URDF file by explicitly specifying collision geometry.
[WARN] [1737960118.241156738] [moveit_robot_model.robot_model]: Link arm0.link_el1 has visual geometry but no collision geometry. Collision geometry will be left empty. Fix your URDF file by explicitly specifying collision geometry.
[WARN] [1737960118.241173198] [moveit_robot_model.robot_model]: Link arm0.link_wr0 has visual geometry but no collision geometry. Collision geometry will be left empty. Fix your URDF file by explicitly specifying collision geometry.
[WARN] [1737960118.241201580] [moveit_robot_model.robot_model]: Link arm0.link_wr1 has visual geometry but no collision geometry. Collision geometry will be left empty. Fix your URDF file by explicitly specifying collision geometry.
[WARN] [1737960118.241223661] [moveit_robot_model.robot_model]: Link arm0.link_fngr has visual geometry but no collision geometry. Collision geometry will be left empty. Fix your URDF file by explicitly specifying collision geometry.
[WARN] [1737960118.241240822] [moveit_robot_model.robot_model]: Link fl.hip has visual geometry but no collision geometry. Collision geometry will be left empty. Fix your URDF file by explicitly specifying collision geometry.
[WARN] [1737960118.241346696] [moveit_robot_model.robot_model]: Link fr.hip has visual geometry but no collision geometry. Collision geometry will be left empty. Fix your URDF file by explicitly specifying collision geometry.
[WARN] [1737960118.241407668] [moveit_robot_model.robot_model]: Link hl.hip has visual geometry but no collision geometry. Collision geometry will be left empty. Fix your URDF file by explicitly specifying collision geometry.
[WARN] [1737960118.241436811] [moveit_robot_model.robot_model]: Link hr.hip has visual geometry but no collision geometry. Collision geometry will be left empty. Fix your URDF file by explicitly specifying collision geometry.
[WARN] [1737960118.241624104] [moveit_robot_model.robot_model]: Could not identify parent group for end-effector 'spot_gripper'
[INFO] [1737960118.245511165] [moveit_rdf_loader.rdf_loader]: Loaded robot model in 0.00268475 seconds
[INFO] [1737960118.245538976] [moveit_robot_model.robot_model]: Loading robot model 'spot'...
[WARN] [1737960118.245571205] [moveit_robot_model.robot_model]: Link arm0.link_sh0 has visual geometry but no collision geometry. Collision geometry will be left empty. Fix your URDF file by explicitly specifying collision geometry.
[WARN] [1737960118.245583457] [moveit_robot_model.robot_model]: Link arm0.link_sh1 has visual geometry but no collision geometry. Collision geometry will be left empty. Fix your URDF file by explicitly specifying collision geometry.
[WARN] [1737960118.245592404] [moveit_robot_model.robot_model]: Link arm0.link_el0 has visual geometry but no collision geometry. Collision geometry will be left empty. Fix your URDF file by explicitly specifying collision geometry.
[WARN] [1737960118.245601681] [moveit_robot_model.robot_model]: Link arm0.link_el1 has visual geometry but no collision geometry. Collision geometry will be left empty. Fix your URDF file by explicitly specifying collision geometry.
[WARN] [1737960118.245614544] [moveit_robot_model.robot_model]: Link arm0.link_wr0 has visual geometry but no collision geometry. Collision geometry will be left empty. Fix your URDF file by explicitly specifying collision geometry.
[WARN] [1737960118.245623741] [moveit_robot_model.robot_model]: Link arm0.link_wr1 has visual geometry but no collision geometry. Collision geometry will be left empty. Fix your URDF file by explicitly specifying collision geometry.
[WARN] [1737960118.245637206] [moveit_robot_model.robot_model]: Link arm0.link_fngr has visual geometry but no collision geometry. Collision geometry will be left empty. Fix your URDF file by explicitly specifying collision geometry.
[WARN] [1737960118.245647895] [moveit_robot_model.robot_model]: Link fl.hip has visual geometry but no collision geometry. Collision geometry will be left empty. Fix your URDF file by explicitly specifying collision geometry.
[WARN] [1737960118.245663324] [moveit_robot_model.robot_model]: Link fr.hip has visual geometry but no collision geometry. Collision geometry will be left empty. Fix your URDF file by explicitly specifying collision geometry.
[WARN] [1737960118.245676588] [moveit_robot_model.robot_model]: Link hl.hip has visual geometry but no collision geometry. Collision geometry will be left empty. Fix your URDF file by explicitly specifying collision geometry.
[WARN] [1737960118.245691295] [moveit_robot_model.robot_model]: Link hr.hip has visual geometry but no collision geometry. Collision geometry will be left empty. Fix your URDF file by explicitly specifying collision geometry.
[WARN] [1737960118.245811525] [moveit_robot_model.robot_model]: Could not identify parent group for end-effector 'spot_gripper'
