[INFO] [1738123138.959384807] [moveit_rdf_loader.rdf_loader]: Loaded robot model in 0.0553111 seconds
[INFO] [1738123138.959508131] [moveit_robot_model.robot_model]: Loading robot model 'spot'...
[INFO] [1738123138.959524863] [moveit_robot_model.robot_model]: No root/virtual joint specified in SRDF. Assuming fixed joint
[WARN] [1738123139.054721209] [moveit_robot_model.robot_model]: Link fl.hip has visual geometry but no collision geometry. Collision geometry will be left empty. Fix your URDF file by explicitly specifying collision geometry.
[WARN] [1738123139.054841428] [moveit_robot_model.robot_model]: Link fr.hip has visual geometry but no collision geometry. Collision geometry will be left empty. Fix your URDF file by explicitly specifying collision geometry.
[WARN] [1738123139.054865443] [moveit_robot_model.robot_model]: Link hl.hip has visual geometry but no collision geometry. Collision geometry will be left empty. Fix your URDF file by explicitly specifying collision geometry.
[WARN] [1738123139.054889509] [moveit_robot_model.robot_model]: Link hr.hip has visual geometry but no collision geometry. Collision geometry will be left empty. Fix your URDF file by explicitly specifying collision geometry.
[WARN] [1738123139.073762640] [kdl_parser]: The root link base has an inertia specified in the URDF, but KDL does not support a root link with an inertia.  As a workaround, you can add an extra dummy link to your URDF.
[INFO] [1738123139.295343202] [moveit_ros.planning_scene_monitor.planning_scene_monitor]: Publishing maintained planning scene on 'monitored_planning_scene'
[INFO] [1738123139.295592015] [moveit.ros_planning_interface.moveit_cpp]: Listening to 'joint_states' for joint states
[INFO] [1738123139.296548813] [moveit_ros.current_state_monitor]: Listening to joint states on topic 'joint_states'
[INFO] [1738123139.297050386] [moveit_ros.planning_scene_monitor.planning_scene_monitor]: Listening to '/attached_collision_object' for attached collision objects
[INFO] [1738123139.297076325] [moveit_ros.planning_scene_monitor.planning_scene_monitor]: Starting planning scene monitor
[INFO] [1738123139.297437973] [moveit_ros.planning_scene_monitor.planning_scene_monitor]: Listening to '/planning_scene'
[INFO] [1738123139.297463601] [moveit_ros.planning_scene_monitor.planning_scene_monitor]: Starting world geometry update monitor for collision objects, attached objects, octomap updates.
[INFO] [1738123139.297849905] [moveit_ros.planning_scene_monitor.planning_scene_monitor]: Listening to 'collision_object'
[INFO] [1738123139.298243223] [moveit_ros.planning_scene_monitor.planning_scene_monitor]: Listening to 'planning_scene_world' for planning scene world geometry
[WARN] [1738123139.298666777] [moveit.ros.occupancy_map_monitor.middleware_handle]: Resolution not specified for Octomap. Assuming resolution = 0.1 instead
[ERROR] [1738123139.298688629] [moveit.ros.occupancy_map_monitor.middleware_handle]: No 3D sensor plugin(s) defined for octomap updates
[INFO] [1738123139.376312444] [moveit.ros_planning_interface.moveit_cpp]: Loading planning pipeline 'pilz_industrial_motion_planner'
[INFO] [1738123139.382336972] [moveit.pilz_industrial_motion_planner.joint_limits_aggregator]: Reading limits from namespace robot_description_planning
[INFO] [1738123139.399704843] [moveit.pilz_industrial_motion_planner]: Available plugins: pilz_industrial_motion_planner/PlanningContextLoaderCIRC pilz_industrial_motion_planner/PlanningContextLoaderLIN pilz_industrial_motion_planner/PlanningContextLoaderPTP 
[INFO] [1738123139.399737455] [moveit.pilz_industrial_motion_planner]: About to load: pilz_industrial_motion_planner/PlanningContextLoaderCIRC
[INFO] [1738123139.403916966] [moveit.pilz_industrial_motion_planner]: Registered Algorithm [CIRC]
[INFO] [1738123139.403947765] [moveit.pilz_industrial_motion_planner]: About to load: pilz_industrial_motion_planner/PlanningContextLoaderLIN
[INFO] [1738123139.405780427] [moveit.pilz_industrial_motion_planner]: Registered Algorithm [LIN]
[INFO] [1738123139.405807929] [moveit.pilz_industrial_motion_planner]: About to load: pilz_industrial_motion_planner/PlanningContextLoaderPTP
[INFO] [1738123139.407985036] [moveit.pilz_industrial_motion_planner]: Registered Algorithm [PTP]
[INFO] [1738123139.408034290] [moveit.ros_planning.planning_pipeline]: Using planning interface 'Pilz Industrial Motion Planner'
[INFO] [1738123139.412605015] [moveit.ros_planning_interface.moveit_cpp]: Loading planning pipeline 'chomp'
[ERROR] [1738123139.414763607] [moveit.ros_planning.planning_pipeline]: Exception while loading planner 'chomp_interface/CHOMPPlanner': According to the loaded plugin descriptions the class chomp_interface/CHOMPPlanner with base class type planning_interface::PlannerManager does not exist. Declared types are  ompl_interface/OMPLPlanner pilz_industrial_motion_planner/CommandPlannerAvailable plugins: ompl_interface/OMPLPlanner, pilz_industrial_motion_planner/CommandPlanner
[INFO] [1738123139.419756524] [moveit_ros.add_time_optimal_parameterization]: Param 'chomp.path_tolerance' was not set. Using default value: 0.100000
[INFO] [1738123139.419815957] [moveit_ros.add_time_optimal_parameterization]: Param 'chomp.resample_dt' was not set. Using default value: 0.100000
[INFO] [1738123139.419829582] [moveit_ros.add_time_optimal_parameterization]: Param 'chomp.min_angle_change' was not set. Using default value: 0.001000
[INFO] [1738123139.419882383] [moveit_ros.fix_workspace_bounds]: Param 'chomp.default_workspace_bounds' was not set. Using default value: 10.000000
[INFO] [1738123139.419938670] [moveit_ros.fix_start_state_bounds]: Param 'chomp.start_state_max_bounds_error' was set to 0.100000
[INFO] [1738123139.419953458] [moveit_ros.fix_start_state_bounds]: Param 'chomp.start_state_max_dt' was not set. Using default value: 0.500000
[INFO] [1738123139.419973997] [moveit_ros.fix_start_state_collision]: Param 'chomp.start_state_max_dt' was not set. Using default value: 0.500000
[INFO] [1738123139.419983044] [moveit_ros.fix_start_state_collision]: Param 'chomp.jiggle_fraction' was set to 0.050000
[INFO] [1738123139.419990839] [moveit_ros.fix_start_state_collision]: Param 'chomp.max_sampling_attempts' was not set. Using default value: 100
[INFO] [1738123139.420007070] [moveit.ros_planning.planning_pipeline]: Using planning request adapter 'Add Time Optimal Parameterization'
[INFO] [1738123139.420017720] [moveit.ros_planning.planning_pipeline]: Using planning request adapter 'Resolve constraint frames to robot links'
[INFO] [1738123139.420027619] [moveit.ros_planning.planning_pipeline]: Using planning request adapter 'Fix Workspace Bounds'
[INFO] [1738123139.420036786] [moveit.ros_planning.planning_pipeline]: Using planning request adapter 'Fix Start State Bounds'
[INFO] [1738123139.420045603] [moveit.ros_planning.planning_pipeline]: Using planning request adapter 'Fix Start State In Collision'
[INFO] [1738123139.420054630] [moveit.ros_planning.planning_pipeline]: Using planning request adapter 'Fix Start State Path Constraints'
[ERROR] [1738123139.421260221] [moveit.ros_planning_interface.moveit_cpp]: Failed to initialize planning pipeline 'chomp'.
[INFO] [1738123139.423014985] [moveit.ros_planning_interface.moveit_cpp]: Loading planning pipeline 'ompl'
[INFO] [1738123139.459481977] [moveit.ros_planning.planning_pipeline]: Using planning interface 'OMPL'
[INFO] [1738123139.463657000] [moveit_ros.add_time_optimal_parameterization]: Param 'ompl.path_tolerance' was not set. Using default value: 0.100000
[INFO] [1738123139.463692548] [moveit_ros.add_time_optimal_parameterization]: Param 'ompl.resample_dt' was not set. Using default value: 0.100000
[INFO] [1738123139.463700303] [moveit_ros.add_time_optimal_parameterization]: Param 'ompl.min_angle_change' was not set. Using default value: 0.001000
[INFO] [1738123139.463749877] [moveit_ros.fix_workspace_bounds]: Param 'ompl.default_workspace_bounds' was not set. Using default value: 10.000000
[INFO] [1738123139.463790895] [moveit_ros.fix_start_state_bounds]: Param 'ompl.start_state_max_bounds_error' was set to 0.100000
[INFO] [1738123139.463799581] [moveit_ros.fix_start_state_bounds]: Param 'ompl.start_state_max_dt' was not set. Using default value: 0.500000
[INFO] [1738123139.463875856] [moveit_ros.fix_start_state_collision]: Param 'ompl.start_state_max_dt' was not set. Using default value: 0.500000
[INFO] [1738123139.463885645] [moveit_ros.fix_start_state_collision]: Param 'ompl.jiggle_fraction' was set to 0.050000
[INFO] [1738123139.463893409] [moveit_ros.fix_start_state_collision]: Param 'ompl.max_sampling_attempts' was not set. Using default value: 100
[INFO] [1738123139.463908708] [moveit.ros_planning.planning_pipeline]: Using planning request adapter 'Add Time Optimal Parameterization'
[INFO] [1738123139.463915932] [moveit.ros_planning.planning_pipeline]: Using planning request adapter 'Resolve constraint frames to robot links'
[INFO] [1738123139.463921002] [moveit.ros_planning.planning_pipeline]: Using planning request adapter 'Fix Workspace Bounds'
[INFO] [1738123139.463926102] [moveit.ros_planning.planning_pipeline]: Using planning request adapter 'Fix Start State Bounds'
[INFO] [1738123139.463930770] [moveit.ros_planning.planning_pipeline]: Using planning request adapter 'Fix Start State In Collision'
[INFO] [1738123139.463935289] [moveit.ros_planning.planning_pipeline]: Using planning request adapter 'Fix Start State Path Constraints'
[INFO] [1738123139.514760053] [moveit.plugins.moveit_simple_controller_manager]: Added FollowJointTrajectory controller for spot_arm_controller
[INFO] [1738123139.514853861] [moveit.plugins.moveit_simple_controller_manager]: Max effort set to 0.0
[INFO] [1738123139.518023163] [moveit.plugins.moveit_simple_controller_manager]: Added GripperCommand controller for spot_gripper_controller
[INFO] [1738123139.518430828] [moveit.plugins.moveit_simple_controller_manager]: Returned 2 controllers in list
[INFO] [1738123139.518486764] [moveit.plugins.moveit_simple_controller_manager]: Returned 2 controllers in list
[INFO] [1738123139.518990641] [moveit_ros.trajectory_execution_manager]: Trajectory execution is managing controllers
[INFO] [1738123139.519020338] [move_group.move_group]: MoveGroup debug mode is ON
[INFO] [1738123139.546933847] [move_group.move_group]: 

********************************************************
* MoveGroup using: 
*     - ApplyPlanningSceneService
*     - ClearOctomapService
*     - CartesianPathService
*     - ExecuteTrajectoryAction
*     - GetPlanningSceneService
*     - KinematicsService
*     - MoveAction
*     - MotionPlanService
*     - QueryPlannersService
*     - StateValidationService
********************************************************

[INFO] [1738123139.547072791] [moveit_move_group_capabilities_base.move_group_context]: MoveGroup context using planning plugin ompl_interface/OMPLPlanner
[INFO] [1738123139.547100003] [moveit_move_group_capabilities_base.move_group_context]: MoveGroup context initialization complete
[INFO] [1738123379.189638562] [moveit_move_group_default_capabilities.move_action_capability]: Received request
[INFO] [1738123379.189902893] [moveit_move_group_default_capabilities.move_action_capability]: executing..
[INFO] [1738123379.194191014] [moveit_move_group_default_capabilities.move_action_capability]: Planning request received for MoveGroup action. Forwarding to planning pipeline.
[INFO] [1738123379.200042549] [moveit.ompl_planning.model_based_planning_context]: Planner configuration 'spot_arm' will use planner 'geometric::RRTConnect'. Additional configuration parameters will be set when the planner is constructed.
[INFO] [1738123379.248236818] [moveit_move_group_default_capabilities.move_action_capability]: Motion plan was computed successfully.
[INFO] [1738123379.249928977] [moveit_move_group_default_capabilities.execute_trajectory_action_capability]: Received goal request
[INFO] [1738123379.250061267] [moveit_move_group_default_capabilities.execute_trajectory_action_capability]: Execution request received
[INFO] [1738123379.250127784] [moveit.plugins.moveit_simple_controller_manager]: Returned 2 controllers in list
[INFO] [1738123379.250181816] [moveit.plugins.moveit_simple_controller_manager]: Returned 2 controllers in list
[INFO] [1738123379.250459993] [moveit_ros.trajectory_execution_manager]: Validating trajectory with allowed_start_tolerance 0.01
[INFO] [1738123379.254035423] [moveit_ros.trajectory_execution_manager]: Starting trajectory execution ...
[INFO] [1738123379.254116537] [moveit.plugins.moveit_simple_controller_manager]: Returned 2 controllers in list
[INFO] [1738123379.254172232] [moveit.plugins.moveit_simple_controller_manager]: Returned 2 controllers in list
[INFO] [1738123379.254412317] [moveit.simple_controller_manager.follow_joint_trajectory_controller_handle]: sending trajectory to spot_arm_controller
[INFO] [1738123379.255332723] [moveit.simple_controller_manager.follow_joint_trajectory_controller_handle]: spot_arm_controller started execution
[INFO] [1738123379.255372598] [moveit.simple_controller_manager.follow_joint_trajectory_controller_handle]: Goal request accepted!
[WARN] [1738123379.284435133] [moveit_ros.planning_scene_monitor.planning_scene_monitor]: The complete state of the robot is not yet known.  Missing fl.hx, fl.hy, fl.kn, fr.hx, fr.hy, fr.kn, hl.hx, hl.hy, hl.kn, hr.hx, hr.hy, hr.kn
[WARN] [1738123380.304370234] [moveit_ros.planning_scene_monitor.planning_scene_monitor]: The complete state of the robot is not yet known.  Missing fl.hx, fl.hy, fl.kn, fr.hx, fr.hy, fr.kn, hl.hx, hl.hy, hl.kn, hr.hx, hr.hy, hr.kn
[WARN] [1738123381.311999518] [moveit_ros.planning_scene_monitor.planning_scene_monitor]: The complete state of the robot is not yet known.  Missing fl.hx, fl.hy, fl.kn, fr.hx, fr.hy, fr.kn, hl.hx, hl.hy, hl.kn, hr.hx, hr.hy, hr.kn
[WARN] [1738123382.314033441] [moveit_ros.planning_scene_monitor.planning_scene_monitor]: The complete state of the robot is not yet known.  Missing fl.hx, fl.hy, fl.kn, fr.hx, fr.hy, fr.kn, hl.hx, hl.hy, hl.kn, hr.hx, hr.hy, hr.kn
[WARN] [1738123383.322057778] [moveit_ros.planning_scene_monitor.planning_scene_monitor]: The complete state of the robot is not yet known.  Missing fl.hx, fl.hy, fl.kn, fr.hx, fr.hy, fr.kn, hl.hx, hl.hy, hl.kn, hr.hx, hr.hy, hr.kn
[INFO] [1738123383.556114934] [moveit.simple_controller_manager.follow_joint_trajectory_controller_handle]: Controller 'spot_arm_controller' successfully finished
[INFO] [1738123383.584177912] [moveit_ros.trajectory_execution_manager]: Completed trajectory execution with status SUCCEEDED ...
[INFO] [1738123383.584328026] [moveit_move_group_default_capabilities.execute_trajectory_action_capability]: Execution completed: SUCCEEDED
[INFO] [1738123400.907006072] [rclcpp]: signal_handler(signum=2)
