[INFO] [1737963264.283173375] [moveit_rdf_loader.rdf_loader]: Loaded robot model in 0.0341485 seconds
[INFO] [1737963264.283291328] [moveit_robot_model.robot_model]: Loading robot model 'spot'...
[INFO] [1737963264.283302258] [moveit_robot_model.robot_model]: No root/virtual joint specified in SRDF. Assuming fixed joint
[WARN] [1737963264.331278439] [moveit_robot_model.robot_model]: Link fl.hip has visual geometry but no collision geometry. Collision geometry will be left empty. Fix your URDF file by explicitly specifying collision geometry.
[WARN] [1737963264.331324416] [moveit_robot_model.robot_model]: Link fr.hip has visual geometry but no collision geometry. Collision geometry will be left empty. Fix your URDF file by explicitly specifying collision geometry.
[WARN] [1737963264.331336569] [moveit_robot_model.robot_model]: Link hl.hip has visual geometry but no collision geometry. Collision geometry will be left empty. Fix your URDF file by explicitly specifying collision geometry.
[WARN] [1737963264.331345505] [moveit_robot_model.robot_model]: Link hr.hip has visual geometry but no collision geometry. Collision geometry will be left empty. Fix your URDF file by explicitly specifying collision geometry.
[WARN] [1737963264.331443220] [moveit_robot_model.robot_model]: Could not identify parent group for end-effector 'spot_gripper'
[WARN] [1737963264.336865609] [kdl_parser]: The root link base has an inertia specified in the URDF, but KDL does not support a root link with an inertia.  As a workaround, you can add an extra dummy link to your URDF.
[INFO] [1737963264.464091721] [moveit_ros.planning_scene_monitor.planning_scene_monitor]: Publishing maintained planning scene on 'monitored_planning_scene'
[INFO] [1737963264.464268715] [moveit.ros_planning_interface.moveit_cpp]: Listening to 'joint_states' for joint states
[INFO] [1737963264.464924842] [moveit_ros.current_state_monitor]: Listening to joint states on topic 'joint_states'
[INFO] [1737963264.465337140] [moveit_ros.planning_scene_monitor.planning_scene_monitor]: Listening to '/attached_collision_object' for attached collision objects
[INFO] [1737963264.465359412] [moveit_ros.planning_scene_monitor.planning_scene_monitor]: Starting planning scene monitor
[INFO] [1737963264.465631806] [moveit_ros.planning_scene_monitor.planning_scene_monitor]: Listening to '/planning_scene'
[INFO] [1737963264.465649730] [moveit_ros.planning_scene_monitor.planning_scene_monitor]: Starting world geometry update monitor for collision objects, attached objects, octomap updates.
[INFO] [1737963264.465962720] [moveit_ros.planning_scene_monitor.planning_scene_monitor]: Listening to 'collision_object'
[INFO] [1737963264.466353307] [moveit_ros.planning_scene_monitor.planning_scene_monitor]: Listening to 'planning_scene_world' for planning scene world geometry
[WARN] [1737963264.466590244] [moveit.ros.occupancy_map_monitor.middleware_handle]: Resolution not specified for Octomap. Assuming resolution = 0.1 instead
[ERROR] [1737963264.466695853] [moveit.ros.occupancy_map_monitor.middleware_handle]: Exception while loading octomap updater 'occupancy_map_monitor/PointCloudOctomapUpdater': According to the loaded plugin descriptions the class occupancy_map_monitor/PointCloudOctomapUpdater with base class type occupancy_map_monitor::OccupancyMapUpdater does not exist. Declared types are 

[ERROR] [1737963264.466717985] [moveit.ros.occupancy_map_monitor]: Failed to load sensor: `kinect_pointcloud` of type: `occupancy_map_monitor/PointCloudOctomapUpdater`
[ERROR] [1737963264.466742421] [moveit.ros.occupancy_map_monitor.middleware_handle]: Exception while loading octomap updater 'occupancy_map_monitor/DepthImageOctomapUpdater': According to the loaded plugin descriptions the class occupancy_map_monitor/DepthImageOctomapUpdater with base class type occupancy_map_monitor::OccupancyMapUpdater does not exist. Declared types are 

[ERROR] [1737963264.466751559] [moveit.ros.occupancy_map_monitor]: Failed to load sensor: `kinect_depthimage` of type: `occupancy_map_monitor/DepthImageOctomapUpdater`
[INFO] [1737963264.509925499] [moveit.ros_planning_interface.moveit_cpp]: Loading planning pipeline 'ompl'
[INFO] [1737963264.511407986] [moveit.ros_planning.planning_pipeline]: Multiple planning plugins available. You should specify the '~planning_plugin' parameter. Using 'ompl_interface/OMPLPlanner' for now.
[INFO] [1737963264.522970009] [moveit.ros_planning.planning_pipeline]: Using planning interface 'OMPL'
[INFO] [1737963264.527241808] [moveit.ros_planning_interface.moveit_cpp]: Loading planning pipeline 'pilz_industrial_motion_planner'
[INFO] [1737963264.529932284] [moveit.pilz_industrial_motion_planner.joint_limits_aggregator]: Reading limits from namespace robot_description_planning
[INFO] [1737963264.542221688] [moveit.pilz_industrial_motion_planner]: Available plugins: pilz_industrial_motion_planner/PlanningContextLoaderCIRC pilz_industrial_motion_planner/PlanningContextLoaderLIN pilz_industrial_motion_planner/PlanningContextLoaderPTP 
[INFO] [1737963264.542274338] [moveit.pilz_industrial_motion_planner]: About to load: pilz_industrial_motion_planner/PlanningContextLoaderCIRC
[INFO] [1737963264.544036853] [moveit.pilz_industrial_motion_planner]: Registered Algorithm [CIRC]
[INFO] [1737963264.544066539] [moveit.pilz_industrial_motion_planner]: About to load: pilz_industrial_motion_planner/PlanningContextLoaderLIN
[INFO] [1737963264.545007694] [moveit.pilz_industrial_motion_planner]: Registered Algorithm [LIN]
[INFO] [1737963264.545024987] [moveit.pilz_industrial_motion_planner]: About to load: pilz_industrial_motion_planner/PlanningContextLoaderPTP
[INFO] [1737963264.545769291] [moveit.pilz_industrial_motion_planner]: Registered Algorithm [PTP]
[INFO] [1737963264.545788257] [moveit.ros_planning.planning_pipeline]: Using planning interface 'Pilz Industrial Motion Planner'
[INFO] [1737963264.546510099] [moveit.ros_planning_interface.moveit_cpp]: Loading planning pipeline 'chomp'
[ERROR] [1737963264.547423071] [moveit.ros_planning.planning_pipeline]: Exception while loading planner 'chomp_interface/CHOMPPlanner': According to the loaded plugin descriptions the class chomp_interface/CHOMPPlanner with base class type planning_interface::PlannerManager does not exist. Declared types are  ompl_interface/OMPLPlanner pilz_industrial_motion_planner/CommandPlannerAvailable plugins: ompl_interface/OMPLPlanner, pilz_industrial_motion_planner/CommandPlanner
[INFO] [1737963264.549498567] [moveit_ros.add_time_optimal_parameterization]: Param 'chomp.path_tolerance' was not set. Using default value: 0.100000
[INFO] [1737963264.549514397] [moveit_ros.add_time_optimal_parameterization]: Param 'chomp.resample_dt' was not set. Using default value: 0.100000
[INFO] [1737963264.549518675] [moveit_ros.add_time_optimal_parameterization]: Param 'chomp.min_angle_change' was not set. Using default value: 0.001000
[INFO] [1737963264.549538262] [moveit_ros.fix_workspace_bounds]: Param 'chomp.default_workspace_bounds' was not set. Using default value: 10.000000
[INFO] [1737963264.549560965] [moveit_ros.fix_start_state_bounds]: Param 'chomp.start_state_max_bounds_error' was set to 0.100000
[INFO] [1737963264.549566425] [moveit_ros.fix_start_state_bounds]: Param 'chomp.start_state_max_dt' was not set. Using default value: 0.500000
[INFO] [1737963264.549576043] [moveit_ros.fix_start_state_collision]: Param 'chomp.start_state_max_dt' was not set. Using default value: 0.500000
[INFO] [1737963264.549581694] [moveit_ros.fix_start_state_collision]: Param 'chomp.jiggle_fraction' was set to 0.050000
[INFO] [1737963264.549586503] [moveit_ros.fix_start_state_collision]: Param 'chomp.max_sampling_attempts' was not set. Using default value: 100
[INFO] [1737963264.549595880] [moveit.ros_planning.planning_pipeline]: Using planning request adapter 'Add Time Optimal Parameterization'
[INFO] [1737963264.549599427] [moveit.ros_planning.planning_pipeline]: Using planning request adapter 'Resolve constraint frames to robot links'
[INFO] [1737963264.549602393] [moveit.ros_planning.planning_pipeline]: Using planning request adapter 'Fix Workspace Bounds'
[INFO] [1737963264.549605238] [moveit.ros_planning.planning_pipeline]: Using planning request adapter 'Fix Start State Bounds'
[INFO] [1737963264.549639653] [moveit.ros_planning.planning_pipeline]: Using planning request adapter 'Fix Start State In Collision'
[INFO] [1737963264.549643280] [moveit.ros_planning.planning_pipeline]: Using planning request adapter 'Fix Start State Path Constraints'
[ERROR] [1737963264.550448950] [moveit.ros_planning_interface.moveit_cpp]: Failed to initialize planning pipeline 'chomp'.
[INFO] [1737963264.583871263] [moveit.plugins.moveit_simple_controller_manager]: Added FollowJointTrajectory controller for spot_arm_controller
[INFO] [1737963264.583926908] [moveit.plugins.moveit_simple_controller_manager]: Max effort set to 0.0
[INFO] [1737963264.586114405] [moveit.plugins.moveit_simple_controller_manager]: Added GripperCommand controller for spot_gripper_controller
[INFO] [1737963264.586308942] [moveit.plugins.moveit_simple_controller_manager]: Returned 2 controllers in list
[INFO] [1737963264.586342275] [moveit.plugins.moveit_simple_controller_manager]: Returned 2 controllers in list
[INFO] [1737963264.586813494] [moveit_ros.trajectory_execution_manager]: Trajectory execution is managing controllers
[INFO] [1737963264.586840996] [move_group.move_group]: MoveGroup debug mode is ON
[INFO] [1737963264.601724996] [move_group.move_group]: 

********************************************************
* MoveGroup using: 
*     - ApplyPlanningSceneService
*     - ClearOctomapService
*     - CartesianPathService
*     - ExecuteTrajectoryAction
*     - GetPlanningSceneService
*     - KinematicsService
*     - MoveAction
*     - MotionPlanService
*     - QueryPlannersService
*     - StateValidationService
********************************************************

[INFO] [1737963264.601794236] [moveit_move_group_capabilities_base.move_group_context]: MoveGroup context using planning plugin ompl_interface/OMPLPlanner
[INFO] [1737963264.601808684] [moveit_move_group_capabilities_base.move_group_context]: MoveGroup context initialization complete
[INFO] [1737963272.091183517] [moveit_move_group_default_capabilities.move_action_capability]: Received request
[INFO] [1737963272.091514973] [moveit_move_group_default_capabilities.move_action_capability]: executing..
[INFO] [1737963272.098669761] [moveit_move_group_default_capabilities.move_action_capability]: Planning request received for MoveGroup action. Forwarding to planning pipeline.
[INFO] [1737963272.098751214] [moveit_move_group_capabilities_base.move_group_capability]: Using planning pipeline 'ompl'
[INFO] [1737963272.099437860] [moveit.ompl_planning.model_based_planning_context]: Planner configuration 'spot_arm' will use planner 'geometric::RRTConnect'. Additional configuration parameters will be set when the planner is constructed.
[INFO] [1737963272.115560747] [moveit_move_group_default_capabilities.move_action_capability]: Motion plan was computed successfully.
[INFO] [1737963274.119378982] [moveit_move_group_default_capabilities.execute_trajectory_action_capability]: Received goal request
[INFO] [1737963274.119484501] [moveit_move_group_default_capabilities.execute_trajectory_action_capability]: Execution request received
[INFO] [1737963274.119527983] [moveit.plugins.moveit_simple_controller_manager]: Returned 2 controllers in list
[INFO] [1737963274.119546147] [moveit.plugins.moveit_simple_controller_manager]: Returned 2 controllers in list
[INFO] [1737963274.119646386] [moveit_ros.trajectory_execution_manager]: Validating trajectory with allowed_start_tolerance 0.01
[INFO] [1737963274.129119598] [moveit_ros.trajectory_execution_manager]: Starting trajectory execution ...
[INFO] [1737963274.129185292] [moveit.plugins.moveit_simple_controller_manager]: Returned 2 controllers in list
[INFO] [1737963274.129204368] [moveit.plugins.moveit_simple_controller_manager]: Returned 2 controllers in list
[ERROR] [1737963274.129299267] [moveit.simple_controller_manager.follow_joint_trajectory_controller_handle]: Action client not connected to action server: spot_arm_controller/follow_joint_trajectory
[ERROR] [1737963274.129341727] [moveit_ros.trajectory_execution_manager]: Failed to send trajectory part 1 of 1 to controller spot_arm_controller
[INFO] [1737963274.129347518] [moveit_ros.trajectory_execution_manager]: Completed trajectory execution with status ABORTED ...
[INFO] [1737963274.129394547] [moveit_move_group_default_capabilities.execute_trajectory_action_capability]: Execution completed: ABORTED
[INFO] [1737963277.058867264] [moveit_move_group_default_capabilities.move_action_capability]: Received request
[INFO] [1737963277.058999965] [moveit_move_group_default_capabilities.move_action_capability]: executing..
[INFO] [1737963277.068798971] [moveit_move_group_default_capabilities.move_action_capability]: Combined planning and execution request received for MoveGroup action. Forwarding to planning and execution pipeline.
[INFO] [1737963277.068885825] [moveit_ros.plan_execution]: Planning attempt 1 of at most 1
[INFO] [1737963277.068902226] [moveit_move_group_capabilities_base.move_group_capability]: Using planning pipeline 'ompl'
[INFO] [1737963277.069118805] [moveit.ompl_planning.model_based_planning_context]: Planner configuration 'spot_arm' will use planner 'geometric::RRTConnect'. Additional configuration parameters will be set when the planner is constructed.
[INFO] [1737963277.085378930] [moveit.plugins.moveit_simple_controller_manager]: Returned 2 controllers in list
[INFO] [1737963277.085404218] [moveit.plugins.moveit_simple_controller_manager]: Returned 2 controllers in list
[INFO] [1737963277.085442881] [moveit_ros.trajectory_execution_manager]: Validating trajectory with allowed_start_tolerance 0.01
[INFO] [1737963277.088916945] [moveit_ros.trajectory_execution_manager]: Starting trajectory execution ...
[INFO] [1737963277.088959806] [moveit.plugins.moveit_simple_controller_manager]: Returned 2 controllers in list
[INFO] [1737963277.088977750] [moveit.plugins.moveit_simple_controller_manager]: Returned 2 controllers in list
[ERROR] [1737963277.089028245] [moveit.simple_controller_manager.follow_joint_trajectory_controller_handle]: Action client not connected to action server: spot_arm_controller/follow_joint_trajectory
[ERROR] [1737963277.089033735] [moveit_ros.trajectory_execution_manager]: Failed to send trajectory part 1 of 1 to controller spot_arm_controller
[INFO] [1737963277.089038685] [moveit_ros.trajectory_execution_manager]: Completed trajectory execution with status ABORTED ...
[INFO] [1737963277.099116227] [moveit_move_group_default_capabilities.move_action_capability]: Solution found but controller failed during execution
[INFO] [1737963293.127363495] [rclcpp]: signal_handler(signum=2)
