[WARN] [1737410537.646948473] [kdl_parser]: The root link base has an inertia specified in the URDF, but KDL does not support a root link with an inertia.  As a workaround, you can add an extra dummy link to your URDF.
[INFO] [1737410537.647080440] [robot_state_publisher]: got segment arm0.link_el0
[INFO] [1737410537.647183508] [robot_state_publisher]: got segment arm0.link_el1
[INFO] [1737410537.647189032] [robot_state_publisher]: got segment arm0.link_fngr
[INFO] [1737410537.647193131] [robot_state_publisher]: got segment arm0.link_sh0
[INFO] [1737410537.647197061] [robot_state_publisher]: got segment arm0.link_sh1
[INFO] [1737410537.647201050] [robot_state_publisher]: got segment arm0.link_wr0
[INFO] [1737410537.647204840] [robot_state_publisher]: got segment arm0.link_wr1
[INFO] [1737410537.647208398] [robot_state_publisher]: got segment base
[INFO] [1737410537.647212287] [robot_state_publisher]: got segment fl.hip
[INFO] [1737410537.647215866] [robot_state_publisher]: got segment fl.lleg
[INFO] [1737410537.647219425] [robot_state_publisher]: got segment fl.uleg
[INFO] [1737410537.647222973] [robot_state_publisher]: got segment fr.hip
[INFO] [1737410537.647227264] [robot_state_publisher]: got segment fr.lleg
[INFO] [1737410537.647230912] [robot_state_publisher]: got segment fr.uleg
[INFO] [1737410537.647234381] [robot_state_publisher]: got segment hl.hip
[INFO] [1737410537.647237859] [robot_state_publisher]: got segment hl.lleg
[INFO] [1737410537.647241367] [robot_state_publisher]: got segment hl.uleg
[INFO] [1737410537.647244876] [robot_state_publisher]: got segment hr.hip
[INFO] [1737410537.647248445] [robot_state_publisher]: got segment hr.lleg
[INFO] [1737410537.647251973] [robot_state_publisher]: got segment hr.uleg
[INFO] [1737410564.021059623] [rclcpp]: signal_handler(signum=2)
