[WARN] [1738155257.810132103] [kdl_parser]: The root link base has an inertia specified in the URDF, but KDL does not support a root link with an inertia.  As a workaround, you can add an extra dummy link to your URDF.
[INFO] [1738155257.811482213] [robot_state_publisher]: got segment arm0.link_el0
[INFO] [1738155257.811538268] [robot_state_publisher]: got segment arm0.link_el1
[INFO] [1738155257.811547115] [robot_state_publisher]: got segment arm0.link_fngr
[INFO] [1738155257.811551613] [robot_state_publisher]: got segment arm0.link_sh0
[INFO] [1738155257.811555581] [robot_state_publisher]: got segment arm0.link_sh1
[INFO] [1738155257.811559719] [robot_state_publisher]: got segment arm0.link_wr0
[INFO] [1738155257.811563536] [robot_state_publisher]: got segment arm0.link_wr1
[INFO] [1738155257.811567143] [robot_state_publisher]: got segment base
[INFO] [1738155257.811571401] [robot_state_publisher]: got segment fl.hip
[INFO] [1738155257.811575158] [robot_state_publisher]: got segment fl.lleg
[INFO] [1738155257.811578895] [robot_state_publisher]: got segment fl.uleg
[INFO] [1738155257.811582551] [robot_state_publisher]: got segment fr.hip
[INFO] [1738155257.811586208] [robot_state_publisher]: got segment fr.lleg
[INFO] [1738155257.811589925] [robot_state_publisher]: got segment fr.uleg
[INFO] [1738155257.811593642] [robot_state_publisher]: got segment hl.hip
[INFO] [1738155257.811597419] [robot_state_publisher]: got segment hl.lleg
[INFO] [1738155257.811601126] [robot_state_publisher]: got segment hl.uleg
[INFO] [1738155257.811604893] [robot_state_publisher]: got segment hr.hip
[INFO] [1738155257.811608560] [robot_state_publisher]: got segment hr.lleg
[INFO] [1738155257.811612277] [robot_state_publisher]: got segment hr.uleg
[INFO] [1738158708.054746566] [rclcpp]: signal_handler(signum=2)
