[WARN] [1738017834.186914393] [kdl_parser]: The root link base has an inertia specified in the URDF, but KDL does not support a root link with an inertia.  As a workaround, you can add an extra dummy link to your URDF.
[INFO] [1738017834.187076115] [robot_state_publisher]: got segment arm0.link_el0
[INFO] [1738017834.187165332] [robot_state_publisher]: got segment arm0.link_el1
[INFO] [1738017834.187174930] [robot_state_publisher]: got segment arm0.link_fngr
[INFO] [1738017834.187182314] [robot_state_publisher]: got segment arm0.link_sh0
[INFO] [1738017834.187189257] [robot_state_publisher]: got segment arm0.link_sh1
[INFO] [1738017834.187195910] [robot_state_publisher]: got segment arm0.link_wr0
[INFO] [1738017834.187202362] [robot_state_publisher]: got segment arm0.link_wr1
[INFO] [1738017834.187208864] [robot_state_publisher]: got segment base
[INFO] [1738017834.187215977] [robot_state_publisher]: got segment fl.hip
[INFO] [1738017834.187222890] [robot_state_publisher]: got segment fl.lleg
[INFO] [1738017834.187229623] [robot_state_publisher]: got segment fl.uleg
[INFO] [1738017834.187236486] [robot_state_publisher]: got segment fr.hip
[INFO] [1738017834.187243849] [robot_state_publisher]: got segment fr.lleg
[INFO] [1738017834.187250612] [robot_state_publisher]: got segment fr.uleg
[INFO] [1738017834.187257124] [robot_state_publisher]: got segment hl.hip
[INFO] [1738017834.187263657] [robot_state_publisher]: got segment hl.lleg
[INFO] [1738017834.187270229] [robot_state_publisher]: got segment hl.uleg
[INFO] [1738017834.187276551] [robot_state_publisher]: got segment hr.hip
[INFO] [1738017834.187283263] [robot_state_publisher]: got segment hr.lleg
[INFO] [1738017834.187289625] [robot_state_publisher]: got segment hr.uleg
[INFO] [1738017851.181699718] [rclcpp]: signal_handler(signum=2)
