[WARN] [1738123138.943792138] [kdl_parser]: The root link base has an inertia specified in the URDF, but KDL does not support a root link with an inertia.  As a workaround, you can add an extra dummy link to your URDF.
[INFO] [1738123138.944502829] [robot_state_publisher]: got segment arm0.link_el0
[INFO] [1738123138.944667692] [robot_state_publisher]: got segment arm0.link_el1
[INFO] [1738123138.944686909] [robot_state_publisher]: got segment arm0.link_fngr
[INFO] [1738123138.944701196] [robot_state_publisher]: got segment arm0.link_sh0
[INFO] [1738123138.944713219] [robot_state_publisher]: got segment arm0.link_sh1
[INFO] [1738123138.944725161] [robot_state_publisher]: got segment arm0.link_wr0
[INFO] [1738123138.944737725] [robot_state_publisher]: got segment arm0.link_wr1
[INFO] [1738123138.944750670] [robot_state_publisher]: got segment base
[INFO] [1738123138.944764977] [robot_state_publisher]: got segment fl.hip
[INFO] [1738123138.944777000] [robot_state_publisher]: got segment fl.lleg
[INFO] [1738123138.944790676] [robot_state_publisher]: got segment fl.uleg
[INFO] [1738123138.944804472] [robot_state_publisher]: got segment fr.hip
[INFO] [1738123138.944817867] [robot_state_publisher]: got segment fr.lleg
[INFO] [1738123138.944831153] [robot_state_publisher]: got segment fr.uleg
[INFO] [1738123138.944844308] [robot_state_publisher]: got segment hl.hip
[INFO] [1738123138.944857012] [robot_state_publisher]: got segment hl.lleg
[INFO] [1738123138.944868574] [robot_state_publisher]: got segment hl.uleg
[INFO] [1738123138.944931824] [robot_state_publisher]: got segment hr.hip
[INFO] [1738123138.944947263] [robot_state_publisher]: got segment hr.lleg
[INFO] [1738123138.944954697] [robot_state_publisher]: got segment hr.uleg
[INFO] [1738123400.907016282] [rclcpp]: signal_handler(signum=2)
