[INFO] [1738192625.102501264] [robot_state_publisher]: got segment arm0.link_el0
[INFO] [1738192625.102690865] [robot_state_publisher]: got segment arm0.link_el1
[INFO] [1738192625.102703219] [robot_state_publisher]: got segment arm0.link_fngr
[INFO] [1738192625.102711284] [robot_state_publisher]: got segment arm0.link_sh0
[INFO] [1738192625.102718518] [robot_state_publisher]: got segment arm0.link_sh1
[INFO] [1738192625.102725451] [robot_state_publisher]: got segment arm0.link_wr0
[INFO] [1738192625.102732104] [robot_state_publisher]: got segment arm0.link_wr1
[INFO] [1738192625.102738726] [robot_state_publisher]: got segment base
[INFO] [1738192625.102745780] [robot_state_publisher]: got segment fl.hip
[INFO] [1738192625.102752843] [robot_state_publisher]: got segment fl.lleg
[INFO] [1738192625.102760318] [robot_state_publisher]: got segment fl.uleg
[INFO] [1738192625.102767892] [robot_state_publisher]: got segment fr.hip
[INFO] [1738192625.102775597] [robot_state_publisher]: got segment fr.lleg
[INFO] [1738192625.102783071] [robot_state_publisher]: got segment fr.uleg
[INFO] [1738192625.102789603] [robot_state_publisher]: got segment hl.hip
[INFO] [1738192625.102796136] [robot_state_publisher]: got segment hl.lleg
[INFO] [1738192625.102802899] [robot_state_publisher]: got segment hl.uleg
[INFO] [1738192625.102809551] [robot_state_publisher]: got segment hr.hip
[INFO] [1738192625.102816124] [robot_state_publisher]: got segment hr.lleg
[INFO] [1738192625.102822737] [robot_state_publisher]: got segment hr.uleg
[INFO] [1738206665.635078053] [rclcpp]: signal_handler(signum=2)
