[WARN] [1738124441.572265550] [kdl_parser]: The root link base has an inertia specified in the URDF, but KDL does not support a root link with an inertia.  As a workaround, you can add an extra dummy link to your URDF.
[INFO] [1738124441.572512968] [robot_state_publisher]: got segment arm0.link_el0
[INFO] [1738124441.572652933] [robot_state_publisher]: got segment arm0.link_el1
[INFO] [1738124441.572670315] [robot_state_publisher]: got segment arm0.link_fngr
[INFO] [1738124441.572682929] [robot_state_publisher]: got segment arm0.link_sh0
[INFO] [1738124441.572695754] [robot_state_publisher]: got segment arm0.link_sh1
[INFO] [1738124441.572708237] [robot_state_publisher]: got segment arm0.link_wr0
[INFO] [1738124441.572721622] [robot_state_publisher]: got segment arm0.link_wr1
[INFO] [1738124441.572734266] [robot_state_publisher]: got segment base
[INFO] [1738124441.572749615] [robot_state_publisher]: got segment fl.hip
[INFO] [1738124441.572763852] [robot_state_publisher]: got segment fl.lleg
[INFO] [1738124441.572776075] [robot_state_publisher]: got segment fl.uleg
[INFO] [1738124441.572785463] [robot_state_publisher]: got segment fr.hip
[INFO] [1738124441.572793398] [robot_state_publisher]: got segment fr.lleg
[INFO] [1738124441.572800922] [robot_state_publisher]: got segment fr.uleg
[INFO] [1738124441.572808296] [robot_state_publisher]: got segment hl.hip
[INFO] [1738124441.572815790] [robot_state_publisher]: got segment hl.lleg
[INFO] [1738124441.572823134] [robot_state_publisher]: got segment hl.uleg
[INFO] [1738124441.572830578] [robot_state_publisher]: got segment hr.hip
[INFO] [1738124441.572838173] [robot_state_publisher]: got segment hr.lleg
[INFO] [1738124441.572845406] [robot_state_publisher]: got segment hr.uleg
[INFO] [1738124582.128593573] [rclcpp]: signal_handler(signum=2)
