[INFO] [1738170184.674643122] [robot_state_publisher]: got segment arm0.link_el0
[INFO] [1738170184.674750684] [robot_state_publisher]: got segment arm0.link_el1
[INFO] [1738170184.674761765] [robot_state_publisher]: got segment arm0.link_fngr
[INFO] [1738170184.674768377] [robot_state_publisher]: got segment arm0.link_sh0
[INFO] [1738170184.674774769] [robot_state_publisher]: got segment arm0.link_sh1
[INFO] [1738170184.674780921] [robot_state_publisher]: got segment arm0.link_wr0
[INFO] [1738170184.674787784] [robot_state_publisher]: got segment arm0.link_wr1
[INFO] [1738170184.674794266] [robot_state_publisher]: got segment base
[INFO] [1738170184.674801430] [robot_state_publisher]: got segment fl.hip
[INFO] [1738170184.674808092] [robot_state_publisher]: got segment fl.lleg
[INFO] [1738170184.674814083] [robot_state_publisher]: got segment fl.uleg
[INFO] [1738170184.674820125] [robot_state_publisher]: got segment fr.hip
[INFO] [1738170184.674827048] [robot_state_publisher]: got segment fr.lleg
[INFO] [1738170184.674833981] [robot_state_publisher]: got segment fr.uleg
[INFO] [1738170184.674840473] [robot_state_publisher]: got segment hl.hip
[INFO] [1738170184.674847155] [robot_state_publisher]: got segment hl.lleg
[INFO] [1738170184.674853928] [robot_state_publisher]: got segment hl.uleg
[INFO] [1738170184.674860180] [robot_state_publisher]: got segment hr.hip
[INFO] [1738170184.674866402] [robot_state_publisher]: got segment hr.lleg
[INFO] [1738170184.674873725] [robot_state_publisher]: got segment hr.uleg
[INFO] [1738170264.729268902] [rclcpp]: signal_handler(signum=2)
