[INFO] [1738187998.723789255] [robot_state_publisher]: got segment arm0.link_el0
[INFO] [1738187998.723955243] [robot_state_publisher]: got segment arm0.link_el1
[INFO] [1738187998.723967837] [robot_state_publisher]: got segment arm0.link_fngr
[INFO] [1738187998.723975612] [robot_state_publisher]: got segment arm0.link_sh0
[INFO] [1738187998.723982615] [robot_state_publisher]: got segment arm0.link_sh1
[INFO] [1738187998.723989128] [robot_state_publisher]: got segment arm0.link_wr0
[INFO] [1738187998.723995610] [robot_state_publisher]: got segment arm0.link_wr1
[INFO] [1738187998.724002173] [robot_state_publisher]: got segment base
[INFO] [1738187998.724009086] [robot_state_publisher]: got segment fl.hip
[INFO] [1738187998.724015699] [robot_state_publisher]: got segment fl.lleg
[INFO] [1738187998.724022281] [robot_state_publisher]: got segment fl.uleg
[INFO] [1738187998.724028714] [robot_state_publisher]: got segment fr.hip
[INFO] [1738187998.724035276] [robot_state_publisher]: got segment fr.lleg
[INFO] [1738187998.724041548] [robot_state_publisher]: got segment fr.uleg
[INFO] [1738187998.724048161] [robot_state_publisher]: got segment hl.hip
[INFO] [1738187998.724054773] [robot_state_publisher]: got segment hl.lleg
[INFO] [1738187998.724061186] [robot_state_publisher]: got segment hl.uleg
[INFO] [1738187998.724067668] [robot_state_publisher]: got segment hr.hip
[INFO] [1738187998.724074191] [robot_state_publisher]: got segment hr.lleg
[INFO] [1738187998.724080813] [robot_state_publisher]: got segment hr.uleg
[INFO] [1738188014.350574711] [rclcpp]: signal_handler(signum=2)
