[WARN] [1738126144.878969904] [kdl_parser]: The root link base has an inertia specified in the URDF, but KDL does not support a root link with an inertia.  As a workaround, you can add an extra dummy link to your URDF.
[INFO] [1738126144.879099866] [robot_state_publisher]: got segment arm0.link_el0
[INFO] [1738126144.879197088] [robot_state_publisher]: got segment arm0.link_el1
[INFO] [1738126144.879203790] [robot_state_publisher]: got segment arm0.link_fngr
[INFO] [1738126144.879208309] [robot_state_publisher]: got segment arm0.link_sh0
[INFO] [1738126144.879212496] [robot_state_publisher]: got segment arm0.link_sh1
[INFO] [1738126144.879216514] [robot_state_publisher]: got segment arm0.link_wr0
[INFO] [1738126144.879220622] [robot_state_publisher]: got segment arm0.link_wr1
[INFO] [1738126144.879224719] [robot_state_publisher]: got segment base
[INFO] [1738126144.879228837] [robot_state_publisher]: got segment fl.hip
[INFO] [1738126144.879232914] [robot_state_publisher]: got segment fl.lleg
[INFO] [1738126144.879236732] [robot_state_publisher]: got segment fl.uleg
[INFO] [1738126144.879240579] [robot_state_publisher]: got segment fr.hip
[INFO] [1738126144.879244737] [robot_state_publisher]: got segment fr.lleg
[INFO] [1738126144.879248524] [robot_state_publisher]: got segment fr.uleg
[INFO] [1738126144.879252361] [robot_state_publisher]: got segment hl.hip
[INFO] [1738126144.879256198] [robot_state_publisher]: got segment hl.lleg
[INFO] [1738126144.879259945] [robot_state_publisher]: got segment hl.uleg
[INFO] [1738126144.879263822] [robot_state_publisher]: got segment hr.hip
[INFO] [1738126144.879267810] [robot_state_publisher]: got segment hr.lleg
[INFO] [1738126144.879271817] [robot_state_publisher]: got segment hr.uleg
[INFO] [1738126265.428928084] [rclcpp]: signal_handler(signum=2)
