[INFO] [1738261394.184887338] [robot_state_publisher]: got segment arm0.link_el0
[INFO] [1738261394.185071290] [robot_state_publisher]: got segment arm0.link_el1
[INFO] [1738261394.185085773] [robot_state_publisher]: got segment arm0.link_fngr
[INFO] [1738261394.185094587] [robot_state_publisher]: got segment arm0.link_sh0
[INFO] [1738261394.185102830] [robot_state_publisher]: got segment arm0.link_sh1
[INFO] [1738261394.185113967] [robot_state_publisher]: got segment arm0.link_wr0
[INFO] [1738261394.185122130] [robot_state_publisher]: got segment arm0.link_wr1
[INFO] [1738261394.185129852] [robot_state_publisher]: got segment base
[INFO] [1738261394.185138276] [robot_state_publisher]: got segment fl.hip
[INFO] [1738261394.185146028] [robot_state_publisher]: got segment fl.lleg
[INFO] [1738261394.185153640] [robot_state_publisher]: got segment fl.uleg
[INFO] [1738261394.185161152] [robot_state_publisher]: got segment fr.hip
[INFO] [1738261394.185168754] [robot_state_publisher]: got segment fr.lleg
[INFO] [1738261394.185176376] [robot_state_publisher]: got segment fr.uleg
[INFO] [1738261394.185184088] [robot_state_publisher]: got segment hl.hip
[INFO] [1738261394.185191630] [robot_state_publisher]: got segment hl.lleg
[INFO] [1738261394.185199332] [robot_state_publisher]: got segment hl.uleg
[INFO] [1738261394.185207105] [robot_state_publisher]: got segment hr.hip
[INFO] [1738261394.185214516] [robot_state_publisher]: got segment hr.lleg
[INFO] [1738261394.185221978] [robot_state_publisher]: got segment hr.uleg
[INFO] [1738261485.699526459] [rclcpp]: signal_handler(signum=2)
