[INFO] [1738209835.180127500] [robot_state_publisher]: got segment arm0.link_el0
[INFO] [1738209835.180309656] [robot_state_publisher]: got segment arm0.link_el1
[INFO] [1738209835.180316789] [robot_state_publisher]: got segment arm0.link_fngr
[INFO] [1738209835.180321448] [robot_state_publisher]: got segment arm0.link_sh0
[INFO] [1738209835.180325867] [robot_state_publisher]: got segment arm0.link_sh1
[INFO] [1738209835.180329874] [robot_state_publisher]: got segment arm0.link_wr0
[INFO] [1738209835.180333782] [robot_state_publisher]: got segment arm0.link_wr1
[INFO] [1738209835.180337709] [robot_state_publisher]: got segment base
[INFO] [1738209835.180341947] [robot_state_publisher]: got segment fl.hip
[INFO] [1738209835.180345925] [robot_state_publisher]: got segment fl.lleg
[INFO] [1738209835.180349812] [robot_state_publisher]: got segment fl.uleg
[INFO] [1738209835.180353619] [robot_state_publisher]: got segment fr.hip
[INFO] [1738209835.180357617] [robot_state_publisher]: got segment fr.lleg
[INFO] [1738209835.180361534] [robot_state_publisher]: got segment fr.uleg
[INFO] [1738209835.180365241] [robot_state_publisher]: got segment hl.hip
[INFO] [1738209835.180369199] [robot_state_publisher]: got segment hl.lleg
[INFO] [1738209835.180373136] [robot_state_publisher]: got segment hl.uleg
[INFO] [1738209835.180377154] [robot_state_publisher]: got segment hr.hip
[INFO] [1738209835.180381091] [robot_state_publisher]: got segment hr.lleg
[INFO] [1738209835.180384828] [robot_state_publisher]: got segment hr.uleg
[INFO] [1738209913.375604908] [rclcpp]: signal_handler(signum=2)
