[WARN] [1738115683.746589196] [kdl_parser]: The root link base has an inertia specified in the URDF, but KDL does not support a root link with an inertia.  As a workaround, you can add an extra dummy link to your URDF.
[INFO] [1738115683.746707550] [robot_state_publisher]: got segment arm0.link_el0
[INFO] [1738115683.746766677] [robot_state_publisher]: got segment arm0.link_el1
[INFO] [1738115683.746772748] [robot_state_publisher]: got segment arm0.link_fngr
[INFO] [1738115683.746777105] [robot_state_publisher]: got segment arm0.link_sh0
[INFO] [1738115683.746781263] [robot_state_publisher]: got segment arm0.link_sh1
[INFO] [1738115683.746785721] [robot_state_publisher]: got segment arm0.link_wr0
[INFO] [1738115683.746789688] [robot_state_publisher]: got segment arm0.link_wr1
[INFO] [1738115683.746793745] [robot_state_publisher]: got segment base
[INFO] [1738115683.746798254] [robot_state_publisher]: got segment fl.hip
[INFO] [1738115683.746802531] [robot_state_publisher]: got segment fl.lleg
[INFO] [1738115683.746806438] [robot_state_publisher]: got segment fl.uleg
[INFO] [1738115683.746810456] [robot_state_publisher]: got segment fr.hip
[INFO] [1738115683.746814403] [robot_state_publisher]: got segment fr.lleg
[INFO] [1738115683.746818480] [robot_state_publisher]: got segment fr.uleg
[INFO] [1738115683.746822257] [robot_state_publisher]: got segment hl.hip
[INFO] [1738115683.746826144] [robot_state_publisher]: got segment hl.lleg
[INFO] [1738115683.746830011] [robot_state_publisher]: got segment hl.uleg
[INFO] [1738115683.746833898] [robot_state_publisher]: got segment hr.hip
[INFO] [1738115683.746837885] [robot_state_publisher]: got segment hr.lleg
[INFO] [1738115683.746841662] [robot_state_publisher]: got segment hr.uleg
[INFO] [1738115696.146044460] [rclcpp]: signal_handler(signum=2)
