[WARN] [1738160472.980185988] [kdl_parser]: The root link base has an inertia specified in the URDF, but KDL does not support a root link with an inertia.  As a workaround, you can add an extra dummy link to your URDF.
[INFO] [1738160472.980568282] [robot_state_publisher]: got segment arm0.link_el0
[INFO] [1738160472.980650024] [robot_state_publisher]: got segment arm0.link_el1
[INFO] [1738160472.980660063] [robot_state_publisher]: got segment arm0.link_fngr
[INFO] [1738160472.980666635] [robot_state_publisher]: got segment arm0.link_sh0
[INFO] [1738160472.980673628] [robot_state_publisher]: got segment arm0.link_sh1
[INFO] [1738160472.980680711] [robot_state_publisher]: got segment arm0.link_wr0
[INFO] [1738160472.980687223] [robot_state_publisher]: got segment arm0.link_wr1
[INFO] [1738160472.980693405] [robot_state_publisher]: got segment base
[INFO] [1738160472.980699496] [robot_state_publisher]: got segment fl.hip
[INFO] [1738160472.980705698] [robot_state_publisher]: got segment fl.lleg
[INFO] [1738160472.980711649] [robot_state_publisher]: got segment fl.uleg
[INFO] [1738160472.980717851] [robot_state_publisher]: got segment fr.hip
[INFO] [1738160472.980724924] [robot_state_publisher]: got segment fr.lleg
[INFO] [1738160472.980731426] [robot_state_publisher]: got segment fr.uleg
[INFO] [1738160472.980738419] [robot_state_publisher]: got segment hl.hip
[INFO] [1738160472.980745442] [robot_state_publisher]: got segment hl.lleg
[INFO] [1738160472.980751814] [robot_state_publisher]: got segment hl.uleg
[INFO] [1738160472.980758276] [robot_state_publisher]: got segment hr.hip
[INFO] [1738160472.980764177] [robot_state_publisher]: got segment hr.lleg
[INFO] [1738160472.980770369] [robot_state_publisher]: got segment hr.uleg
[INFO] [1738160662.824465758] [rclcpp]: signal_handler(signum=2)
