[WARN] [1737957554.878080509] [kdl_parser]: The root link base has an inertia specified in the URDF, but KDL does not support a root link with an inertia.  As a workaround, you can add an extra dummy link to your URDF.
[INFO] [1737957554.878233407] [robot_state_publisher]: got segment arm0.link_el0
[INFO] [1737957554.878326132] [robot_state_publisher]: got segment arm0.link_el1
[INFO] [1737957554.878335620] [robot_state_publisher]: got segment arm0.link_fngr
[INFO] [1737957554.878342913] [robot_state_publisher]: got segment arm0.link_sh0
[INFO] [1737957554.878350097] [robot_state_publisher]: got segment arm0.link_sh1
[INFO] [1737957554.878357010] [robot_state_publisher]: got segment arm0.link_wr0
[INFO] [1737957554.878364003] [robot_state_publisher]: got segment arm0.link_wr1
[INFO] [1737957554.878370716] [robot_state_publisher]: got segment base
[INFO] [1737957554.878377759] [robot_state_publisher]: got segment fl.hip
[INFO] [1737957554.878384612] [robot_state_publisher]: got segment fl.lleg
[INFO] [1737957554.878391264] [robot_state_publisher]: got segment fl.uleg
[INFO] [1737957554.878397797] [robot_state_publisher]: got segment fr.hip
[INFO] [1737957554.878404439] [robot_state_publisher]: got segment fr.lleg
[INFO] [1737957554.878412114] [robot_state_publisher]: got segment fr.uleg
[INFO] [1737957554.878418796] [robot_state_publisher]: got segment hl.hip
[INFO] [1737957554.878425439] [robot_state_publisher]: got segment hl.lleg
[INFO] [1737957554.878432111] [robot_state_publisher]: got segment hl.uleg
[INFO] [1737957554.878438814] [robot_state_publisher]: got segment hr.hip
[INFO] [1737957554.878445537] [robot_state_publisher]: got segment hr.lleg
[INFO] [1737957554.878452179] [robot_state_publisher]: got segment hr.uleg
[INFO] [1737957751.579564971] [rclcpp]: signal_handler(signum=2)
