[INFO] [1738184606.473626996] [robot_state_publisher]: got segment arm0.link_el0
[INFO] [1738184606.473812849] [robot_state_publisher]: got segment arm0.link_el1
[INFO] [1738184606.473826896] [robot_state_publisher]: got segment arm0.link_fngr
[INFO] [1738184606.473835812] [robot_state_publisher]: got segment arm0.link_sh0
[INFO] [1738184606.473845000] [robot_state_publisher]: got segment arm0.link_sh1
[INFO] [1738184606.473852815] [robot_state_publisher]: got segment arm0.link_wr0
[INFO] [1738184606.473861221] [robot_state_publisher]: got segment arm0.link_wr1
[INFO] [1738184606.473868695] [robot_state_publisher]: got segment base
[INFO] [1738184606.473875768] [robot_state_publisher]: got segment fl.hip
[INFO] [1738184606.473882020] [robot_state_publisher]: got segment fl.lleg
[INFO] [1738184606.473888462] [robot_state_publisher]: got segment fl.uleg
[INFO] [1738184606.473895606] [robot_state_publisher]: got segment fr.hip
[INFO] [1738184606.473902559] [robot_state_publisher]: got segment fr.lleg
[INFO] [1738184606.473911376] [robot_state_publisher]: got segment fr.uleg
[INFO] [1738184606.473918960] [robot_state_publisher]: got segment hl.hip
[INFO] [1738184606.473926695] [robot_state_publisher]: got segment hl.lleg
[INFO] [1738184606.473934800] [robot_state_publisher]: got segment hl.uleg
[INFO] [1738184606.473943156] [robot_state_publisher]: got segment hr.hip
[INFO] [1738184606.473950360] [robot_state_publisher]: got segment hr.lleg
[INFO] [1738184606.473958035] [robot_state_publisher]: got segment hr.uleg
[INFO] [1738184656.676360328] [rclcpp]: signal_handler(signum=2)
