[WARN] [1738160076.249053760] [kdl_parser]: The root link base has an inertia specified in the URDF, but KDL does not support a root link with an inertia.  As a workaround, you can add an extra dummy link to your URDF.
[INFO] [1738160076.249267088] [robot_state_publisher]: got segment arm0.link_el0
[INFO] [1738160076.249378436] [robot_state_publisher]: got segment arm0.link_el1
[INFO] [1738160076.249385439] [robot_state_publisher]: got segment arm0.link_fngr
[INFO] [1738160076.249389717] [robot_state_publisher]: got segment arm0.link_sh0
[INFO] [1738160076.249394135] [robot_state_publisher]: got segment arm0.link_sh1
[INFO] [1738160076.249400366] [robot_state_publisher]: got segment arm0.link_wr0
[INFO] [1738160076.249405085] [robot_state_publisher]: got segment arm0.link_wr1
[INFO] [1738160076.249409083] [robot_state_publisher]: got segment base
[INFO] [1738160076.249413641] [robot_state_publisher]: got segment fl.hip
[INFO] [1738160076.249417889] [robot_state_publisher]: got segment fl.lleg
[INFO] [1738160076.249422157] [robot_state_publisher]: got segment fl.uleg
[INFO] [1738160076.249425994] [robot_state_publisher]: got segment fr.hip
[INFO] [1738160076.249430923] [robot_state_publisher]: got segment fr.lleg
[INFO] [1738160076.249435352] [robot_state_publisher]: got segment fr.uleg
[INFO] [1738160076.249440050] [robot_state_publisher]: got segment hl.hip
[INFO] [1738160076.249444078] [robot_state_publisher]: got segment hl.lleg
[INFO] [1738160076.249448126] [robot_state_publisher]: got segment hl.uleg
[INFO] [1738160076.249451862] [robot_state_publisher]: got segment hr.hip
[INFO] [1738160076.249456571] [robot_state_publisher]: got segment hr.lleg
[INFO] [1738160076.249460509] [robot_state_publisher]: got segment hr.uleg
[INFO] [1738160194.590292448] [rclcpp]: signal_handler(signum=2)
