[WARN] [1738124718.499063865] [kdl_parser]: The root link base has an inertia specified in the URDF, but KDL does not support a root link with an inertia.  As a workaround, you can add an extra dummy link to your URDF.
[INFO] [1738124718.499615077] [robot_state_publisher]: got segment arm0.link_el0
[INFO] [1738124718.499756785] [robot_state_publisher]: got segment arm0.link_el1
[INFO] [1738124718.499765862] [robot_state_publisher]: got segment arm0.link_fngr
[INFO] [1738124718.499772064] [robot_state_publisher]: got segment arm0.link_sh0
[INFO] [1738124718.499776693] [robot_state_publisher]: got segment arm0.link_sh1
[INFO] [1738124718.499782373] [robot_state_publisher]: got segment arm0.link_wr0
[INFO] [1738124718.499789928] [robot_state_publisher]: got segment arm0.link_wr1
[INFO] [1738124718.499797091] [robot_state_publisher]: got segment base
[INFO] [1738124718.499804074] [robot_state_publisher]: got segment fl.hip
[INFO] [1738124718.499811408] [robot_state_publisher]: got segment fl.lleg
[INFO] [1738124718.499816177] [robot_state_publisher]: got segment fl.uleg
[INFO] [1738124718.499820085] [robot_state_publisher]: got segment fr.hip
[INFO] [1738124718.499824653] [robot_state_publisher]: got segment fr.lleg
[INFO] [1738124718.499828470] [robot_state_publisher]: got segment fr.uleg
[INFO] [1738124718.499832758] [robot_state_publisher]: got segment hl.hip
[INFO] [1738124718.499836746] [robot_state_publisher]: got segment hl.lleg
[INFO] [1738124718.499841104] [robot_state_publisher]: got segment hl.uleg
[INFO] [1738124718.499845182] [robot_state_publisher]: got segment hr.hip
[INFO] [1738124718.499849230] [robot_state_publisher]: got segment hr.lleg
[INFO] [1738124718.499853758] [robot_state_publisher]: got segment hr.uleg
[INFO] [1738125068.567900293] [rclcpp]: signal_handler(signum=2)
