[WARN] [1737346537.426488256] [kdl_parser]: The root link base has an inertia specified in the URDF, but KDL does not support a root link with an inertia.  As a workaround, you can add an extra dummy link to your URDF.
[INFO] [1737346537.426981690] [robot_state_publisher]: got segment arm0.link_el0
[INFO] [1737346537.427101429] [robot_state_publisher]: got segment arm0.link_el1
[INFO] [1737346537.427109574] [robot_state_publisher]: got segment arm0.link_fngr
[INFO] [1737346537.427114603] [robot_state_publisher]: got segment arm0.link_sh0
[INFO] [1737346537.427119372] [robot_state_publisher]: got segment arm0.link_sh1
[INFO] [1737346537.427124201] [robot_state_publisher]: got segment arm0.link_wr0
[INFO] [1737346537.427128799] [robot_state_publisher]: got segment arm0.link_wr1
[INFO] [1737346537.427133207] [robot_state_publisher]: got segment base
[INFO] [1737346537.427138397] [robot_state_publisher]: got segment fl.hip
[INFO] [1737346537.427142925] [robot_state_publisher]: got segment fl.lleg
[INFO] [1737346537.427147323] [robot_state_publisher]: got segment fl.uleg
[INFO] [1737346537.427151591] [robot_state_publisher]: got segment fr.hip
[INFO] [1737346537.427156710] [robot_state_publisher]: got segment fr.lleg
[INFO] [1737346537.427161168] [robot_state_publisher]: got segment fr.uleg
[INFO] [1737346537.427165486] [robot_state_publisher]: got segment hl.hip
[INFO] [1737346537.427170165] [robot_state_publisher]: got segment hl.lleg
[INFO] [1737346537.427174913] [robot_state_publisher]: got segment hl.uleg
[INFO] [1737346537.427179201] [robot_state_publisher]: got segment hr.hip
[INFO] [1737346537.427183820] [robot_state_publisher]: got segment hr.lleg
[INFO] [1737346537.427189139] [robot_state_publisher]: got segment hr.uleg
[INFO] [1737347729.716432775] [rclcpp]: signal_handler(signum=2)
