[INFO] [1738257932.432606660] [robot_state_publisher]: got segment arm0.link_el0
[INFO] [1738257932.432792541] [robot_state_publisher]: got segment arm0.link_el1
[INFO] [1738257932.432803282] [robot_state_publisher]: got segment arm0.link_fngr
[INFO] [1738257932.432808342] [robot_state_publisher]: got segment arm0.link_sh0
[INFO] [1738257932.432812510] [robot_state_publisher]: got segment arm0.link_sh1
[INFO] [1738257932.432816398] [robot_state_publisher]: got segment arm0.link_wr0
[INFO] [1738257932.432820375] [robot_state_publisher]: got segment arm0.link_wr1
[INFO] [1738257932.432824063] [robot_state_publisher]: got segment base
[INFO] [1738257932.432828271] [robot_state_publisher]: got segment fl.hip
[INFO] [1738257932.432832118] [robot_state_publisher]: got segment fl.lleg
[INFO] [1738257932.432835966] [robot_state_publisher]: got segment fl.uleg
[INFO] [1738257932.432839643] [robot_state_publisher]: got segment fr.hip
[INFO] [1738257932.432843571] [robot_state_publisher]: got segment fr.lleg
[INFO] [1738257932.432847218] [robot_state_publisher]: got segment fr.uleg
[INFO] [1738257932.432851336] [robot_state_publisher]: got segment hl.hip
[INFO] [1738257932.432855083] [robot_state_publisher]: got segment hl.lleg
[INFO] [1738257932.432858650] [robot_state_publisher]: got segment hl.uleg
[INFO] [1738257932.432862367] [robot_state_publisher]: got segment hr.hip
[INFO] [1738257932.432866004] [robot_state_publisher]: got segment hr.lleg
[INFO] [1738257932.432869581] [robot_state_publisher]: got segment hr.uleg
[INFO] [1738259438.904160718] [rclcpp]: signal_handler(signum=2)
