[WARN] [1737410509.613030011] [kdl_parser]: The root link base has an inertia specified in the URDF, but KDL does not support a root link with an inertia.  As a workaround, you can add an extra dummy link to your URDF.
[INFO] [1737410509.613557054] [robot_state_publisher]: got segment arm0.link_el0
[INFO] [1737410509.613718506] [robot_state_publisher]: got segment arm0.link_el1
[INFO] [1737410509.613732110] [robot_state_publisher]: got segment arm0.link_fngr
[INFO] [1737410509.613740161] [robot_state_publisher]: got segment arm0.link_sh0
[INFO] [1737410509.613748542] [robot_state_publisher]: got segment arm0.link_sh1
[INFO] [1737410509.613753866] [robot_state_publisher]: got segment arm0.link_wr0
[INFO] [1737410509.613758457] [robot_state_publisher]: got segment arm0.link_wr1
[INFO] [1737410509.613763280] [robot_state_publisher]: got segment base
[INFO] [1737410509.613768393] [robot_state_publisher]: got segment fl.hip
[INFO] [1737410509.613773386] [robot_state_publisher]: got segment fl.lleg
[INFO] [1737410509.613778338] [robot_state_publisher]: got segment fl.uleg
[INFO] [1737410509.613783281] [robot_state_publisher]: got segment fr.hip
[INFO] [1737410509.613788284] [robot_state_publisher]: got segment fr.lleg
[INFO] [1737410509.613792895] [robot_state_publisher]: got segment fr.uleg
[INFO] [1737410509.613797507] [robot_state_publisher]: got segment hl.hip
[INFO] [1737410509.613802209] [robot_state_publisher]: got segment hl.lleg
[INFO] [1737410509.613807001] [robot_state_publisher]: got segment hl.uleg
[INFO] [1737410509.613811984] [robot_state_publisher]: got segment hr.hip
[INFO] [1737410509.613816927] [robot_state_publisher]: got segment hr.lleg
[INFO] [1737410509.613821508] [robot_state_publisher]: got segment hr.uleg
[INFO] [1737410521.497029882] [rclcpp]: signal_handler(signum=2)
