[WARN] [1737964734.820162407] [kdl_parser]: The root link base has an inertia specified in the URDF, but KDL does not support a root link with an inertia.  As a workaround, you can add an extra dummy link to your URDF.
[INFO] [1737964734.820424126] [robot_state_publisher]: got segment arm0.link_el0
[INFO] [1737964734.820528050] [robot_state_publisher]: got segment arm0.link_el1
[INFO] [1737964734.820537628] [robot_state_publisher]: got segment arm0.link_fngr
[INFO] [1737964734.820544070] [robot_state_publisher]: got segment arm0.link_sh0
[INFO] [1737964734.820559559] [robot_state_publisher]: got segment arm0.link_sh1
[INFO] [1737964734.820566301] [robot_state_publisher]: got segment arm0.link_wr0
[INFO] [1737964734.820572763] [robot_state_publisher]: got segment arm0.link_wr1
[INFO] [1737964734.820578845] [robot_state_publisher]: got segment base
[INFO] [1737964734.820585317] [robot_state_publisher]: got segment fl.hip
[INFO] [1737964734.820592751] [robot_state_publisher]: got segment fl.lleg
[INFO] [1737964734.820598572] [robot_state_publisher]: got segment fl.uleg
[INFO] [1737964734.820604072] [robot_state_publisher]: got segment fr.hip
[INFO] [1737964734.820610053] [robot_state_publisher]: got segment fr.lleg
[INFO] [1737964734.820616094] [robot_state_publisher]: got segment fr.uleg
[INFO] [1737964734.820623238] [robot_state_publisher]: got segment hl.hip
[INFO] [1737964734.820629560] [robot_state_publisher]: got segment hl.lleg
[INFO] [1737964734.820636372] [robot_state_publisher]: got segment hl.uleg
[INFO] [1737964734.820642534] [robot_state_publisher]: got segment hr.hip
[INFO] [1737964734.820649817] [robot_state_publisher]: got segment hr.lleg
[INFO] [1737964734.820656179] [robot_state_publisher]: got segment hr.uleg
[INFO] [1737964795.697084711] [rclcpp]: signal_handler(signum=2)
