[WARN] [1738123405.269898631] [kdl_parser]: The root link base has an inertia specified in the URDF, but KDL does not support a root link with an inertia.  As a workaround, you can add an extra dummy link to your URDF.
[INFO] [1738123405.270047053] [robot_state_publisher]: got segment arm0.link_el0
[INFO] [1738123405.270117436] [robot_state_publisher]: got segment arm0.link_el1
[INFO] [1738123405.270126864] [robot_state_publisher]: got segment arm0.link_fngr
[INFO] [1738123405.270134388] [robot_state_publisher]: got segment arm0.link_sh0
[INFO] [1738123405.270140921] [robot_state_publisher]: got segment arm0.link_sh1
[INFO] [1738123405.270158524] [robot_state_publisher]: got segment arm0.link_wr0
[INFO] [1738123405.270169765] [robot_state_publisher]: got segment arm0.link_wr1
[INFO] [1738123405.270176849] [robot_state_publisher]: got segment base
[INFO] [1738123405.270183892] [robot_state_publisher]: got segment fl.hip
[INFO] [1738123405.270190775] [robot_state_publisher]: got segment fl.lleg
[INFO] [1738123405.270197197] [robot_state_publisher]: got segment fl.uleg
[INFO] [1738123405.270203519] [robot_state_publisher]: got segment fr.hip
[INFO] [1738123405.270210002] [robot_state_publisher]: got segment fr.lleg
[INFO] [1738123405.270216354] [robot_state_publisher]: got segment fr.uleg
[INFO] [1738123405.270222796] [robot_state_publisher]: got segment hl.hip
[INFO] [1738123405.270229268] [robot_state_publisher]: got segment hl.lleg
[INFO] [1738123405.270235570] [robot_state_publisher]: got segment hl.uleg
[INFO] [1738123405.270241892] [robot_state_publisher]: got segment hr.hip
[INFO] [1738123405.270248274] [robot_state_publisher]: got segment hr.lleg
[INFO] [1738123405.270254486] [robot_state_publisher]: got segment hr.uleg
[INFO] [1738123571.951723449] [rclcpp]: signal_handler(signum=2)
