[INFO] [1738185436.346752785] [robot_state_publisher]: got segment arm0.link_el0
[INFO] [1738185436.346887470] [robot_state_publisher]: got segment arm0.link_el1
[INFO] [1738185436.346901250] [robot_state_publisher]: got segment arm0.link_fngr
[INFO] [1738185436.346909762] [robot_state_publisher]: got segment arm0.link_sh0
[INFO] [1738185436.346917674] [robot_state_publisher]: got segment arm0.link_sh1
[INFO] [1738185436.346922421] [robot_state_publisher]: got segment arm0.link_wr0
[INFO] [1738185436.346926667] [robot_state_publisher]: got segment arm0.link_wr1
[INFO] [1738185436.346931073] [robot_state_publisher]: got segment base
[INFO] [1738185436.346935470] [robot_state_publisher]: got segment fl.hip
[INFO] [1738185436.346939425] [robot_state_publisher]: got segment fl.lleg
[INFO] [1738185436.346943391] [robot_state_publisher]: got segment fl.uleg
[INFO] [1738185436.346947447] [robot_state_publisher]: got segment fr.hip
[INFO] [1738185436.346951643] [robot_state_publisher]: got segment fr.lleg
[INFO] [1738185436.346955478] [robot_state_publisher]: got segment fr.uleg
[INFO] [1738185436.346959594] [robot_state_publisher]: got segment hl.hip
[INFO] [1738185436.346963580] [robot_state_publisher]: got segment hl.lleg
[INFO] [1738185436.346967386] [robot_state_publisher]: got segment hl.uleg
[INFO] [1738185436.346971201] [robot_state_publisher]: got segment hr.hip
[INFO] [1738185436.346975017] [robot_state_publisher]: got segment hr.lleg
[INFO] [1738185436.346978812] [robot_state_publisher]: got segment hr.uleg
[WARN] [1738185493.107790392] [robot_state_publisher]: Moved backwards in time, re-publishing joint transforms!
[INFO] [1738185738.358814133] [rclcpp]: signal_handler(signum=2)
