[WARN] [1738126560.362096941] [kdl_parser]: The root link base has an inertia specified in the URDF, but KDL does not support a root link with an inertia.  As a workaround, you can add an extra dummy link to your URDF.
[INFO] [1738126560.362818469] [robot_state_publisher]: got segment arm0.link_el0
[INFO] [1738126560.363043079] [robot_state_publisher]: got segment arm0.link_el1
[INFO] [1738126560.363061173] [robot_state_publisher]: got segment arm0.link_fngr
[INFO] [1738126560.363069749] [robot_state_publisher]: got segment arm0.link_sh0
[INFO] [1738126560.363079076] [robot_state_publisher]: got segment arm0.link_sh1
[INFO] [1738126560.363088544] [robot_state_publisher]: got segment arm0.link_wr0
[INFO] [1738126560.363096269] [robot_state_publisher]: got segment arm0.link_wr1
[INFO] [1738126560.363105165] [robot_state_publisher]: got segment base
[INFO] [1738126560.363114142] [robot_state_publisher]: got segment fl.hip
[INFO] [1738126560.363122718] [robot_state_publisher]: got segment fl.lleg
[INFO] [1738126560.363129150] [robot_state_publisher]: got segment fl.uleg
[INFO] [1738126560.363137876] [robot_state_publisher]: got segment fr.hip
[INFO] [1738126560.363145991] [robot_state_publisher]: got segment fr.lleg
[INFO] [1738126560.363164867] [robot_state_publisher]: got segment fr.uleg
[INFO] [1738126560.363171639] [robot_state_publisher]: got segment hl.hip
[INFO] [1738126560.363179204] [robot_state_publisher]: got segment hl.lleg
[INFO] [1738126560.363188591] [robot_state_publisher]: got segment hl.uleg
[INFO] [1738126560.363197217] [robot_state_publisher]: got segment hr.hip
[INFO] [1738126560.363206675] [robot_state_publisher]: got segment hr.lleg
[INFO] [1738126560.363214399] [robot_state_publisher]: got segment hr.uleg
[INFO] [1738126595.370298822] [rclcpp]: signal_handler(signum=2)
