[WARN] [1737962837.418377760] [kdl_parser]: The root link base has an inertia specified in the URDF, but KDL does not support a root link with an inertia.  As a workaround, you can add an extra dummy link to your URDF.
[INFO] [1737962837.418591784] [robot_state_publisher]: got segment arm0.link_el0
[INFO] [1737962837.418685200] [robot_state_publisher]: got segment arm0.link_el1
[INFO] [1737962837.418692304] [robot_state_publisher]: got segment arm0.link_fngr
[INFO] [1737962837.418697053] [robot_state_publisher]: got segment arm0.link_sh0
[INFO] [1737962837.418702363] [robot_state_publisher]: got segment arm0.link_sh1
[INFO] [1737962837.418706931] [robot_state_publisher]: got segment arm0.link_wr0
[INFO] [1737962837.418712101] [robot_state_publisher]: got segment arm0.link_wr1
[INFO] [1737962837.418716589] [robot_state_publisher]: got segment base
[INFO] [1737962837.418722040] [robot_state_publisher]: got segment fl.hip
[INFO] [1737962837.418726668] [robot_state_publisher]: got segment fl.lleg
[INFO] [1737962837.418731317] [robot_state_publisher]: got segment fl.uleg
[INFO] [1737962837.418736978] [robot_state_publisher]: got segment fr.hip
[INFO] [1737962837.418744652] [robot_state_publisher]: got segment fr.lleg
[INFO] [1737962837.418750934] [robot_state_publisher]: got segment fr.uleg
[INFO] [1737962837.418759370] [robot_state_publisher]: got segment hl.hip
[INFO] [1737962837.418767826] [robot_state_publisher]: got segment hl.lleg
[INFO] [1737962837.418775921] [robot_state_publisher]: got segment hl.uleg
[INFO] [1737962837.418783526] [robot_state_publisher]: got segment hr.hip
[INFO] [1737962837.418791260] [robot_state_publisher]: got segment hr.lleg
[INFO] [1737962837.418797051] [robot_state_publisher]: got segment hr.uleg
[INFO] [1737962867.313816102] [rclcpp]: signal_handler(signum=2)
