[INFO] [1738246546.699614876] [robot_state_publisher]: got segment arm0.link_el0
[INFO] [1738246546.699809356] [robot_state_publisher]: got segment arm0.link_el1
[INFO] [1738246546.699821899] [robot_state_publisher]: got segment arm0.link_fngr
[INFO] [1738246546.699829925] [robot_state_publisher]: got segment arm0.link_sh0
[INFO] [1738246546.699837028] [robot_state_publisher]: got segment arm0.link_sh1
[INFO] [1738246546.699843831] [robot_state_publisher]: got segment arm0.link_wr0
[INFO] [1738246546.699850664] [robot_state_publisher]: got segment arm0.link_wr1
[INFO] [1738246546.699857397] [robot_state_publisher]: got segment base
[INFO] [1738246546.699864701] [robot_state_publisher]: got segment fl.hip
[INFO] [1738246546.699871263] [robot_state_publisher]: got segment fl.lleg
[INFO] [1738246546.699878136] [robot_state_publisher]: got segment fl.uleg
[INFO] [1738246546.699884739] [robot_state_publisher]: got segment fr.hip
[INFO] [1738246546.699891281] [robot_state_publisher]: got segment fr.lleg
[INFO] [1738246546.699897864] [robot_state_publisher]: got segment fr.uleg
[INFO] [1738246546.699904356] [robot_state_publisher]: got segment hl.hip
[INFO] [1738246546.699910728] [robot_state_publisher]: got segment hl.lleg
[INFO] [1738246546.699917481] [robot_state_publisher]: got segment hl.uleg
[INFO] [1738246546.699924044] [robot_state_publisher]: got segment hr.hip
[INFO] [1738246546.699930466] [robot_state_publisher]: got segment hr.lleg
[INFO] [1738246546.699936908] [robot_state_publisher]: got segment hr.uleg
[INFO] [1738246564.587214545] [rclcpp]: signal_handler(signum=2)
