[WARN] [1738126144.855595932] [controller_manager]: [Deprecated] Passing the robot description parameter directly to the control_manager node is deprecated. Use '~/robot_description' topic from 'robot_state_publisher' instead.
[INFO] [1738126144.855982082] [resource_manager]: Loading hardware 'FakeSystem' 
[INFO] [1738126144.856856232] [resource_manager]: Initialize hardware 'FakeSystem' 
[INFO] [1738126144.856915612] [resource_manager]: Successful initialization of hardware 'FakeSystem'
[INFO] [1738126144.856973580] [resource_manager]: 'configure' hardware 'FakeSystem' 
[INFO] [1738126144.856986735] [resource_manager]: Successful 'configure' of hardware 'FakeSystem'
[INFO] [1738126144.856994359] [resource_manager]: 'activate' hardware 'FakeSystem' 
[INFO] [1738126144.856999198] [resource_manager]: Successful 'activate' of hardware 'FakeSystem'
[INFO] [1738126144.863223070] [controller_manager]: update rate is 100 Hz
[INFO] [1738126144.863310774] [controller_manager]: Spawning controller_manager RT thread with scheduler priority: 50
[WARN] [1738126144.863641731] [controller_manager]: No real-time kernel detected on this system. See [https://control.ros.org/master/doc/ros2_control/controller_manager/doc/userdoc.html] for details on how to enable realtime scheduling.
[INFO] [1738126145.122352472] [controller_manager]: Loading controller 'spot_arm_controller'
[WARN] [1738126145.134546554] [spot_arm_controller]: [Deprecated]: "allow_nonzero_velocity_at_trajectory_end" is set to true. The default behavior will change to false.
[INFO] [1738126145.144258469] [controller_manager]: Loading controller 'joint_state_broadcaster'
[INFO] [1738126145.154067444] [controller_manager]: Loading controller 'spot_gripper_controller'
[INFO] [1738126145.169718500] [controller_manager]: Configuring controller 'spot_arm_controller'
[INFO] [1738126145.169917420] [spot_arm_controller]: No specific joint names are used for command interfaces. Using 'joints' parameter.
[INFO] [1738126145.169939562] [spot_arm_controller]: Command interfaces are [position] and state interfaces are [position velocity].
[INFO] [1738126145.169960361] [spot_arm_controller]: Using 'splines' interpolation method.
[INFO] [1738126145.171535106] [spot_arm_controller]: Controller state will be published at 50.00 Hz.
[INFO] [1738126145.174414203] [spot_arm_controller]: Action status changes will be monitored at 20.00 Hz.
[INFO] [1738126145.184244148] [controller_manager]: Configuring controller 'joint_state_broadcaster'
[INFO] [1738126145.184451724] [joint_state_broadcaster]: 'joints' or 'interfaces' parameter is empty. All available state interfaces will be published
[INFO] [1738126145.194185580] [controller_manager]: Configuring controller 'spot_gripper_controller'
[INFO] [1738126145.194410559] [spot_gripper_controller]: Action status changes will be monitored at 20Hz.
[INFO] [1738126265.428924557] [rclcpp]: signal_handler(signum=2)
