[WARN] [1738160019.709484239] [controller_manager]: [Deprecated] Passing the robot description parameter directly to the control_manager node is deprecated. Use '~/robot_description' topic from 'robot_state_publisher' instead.
[INFO] [1738160019.709887791] [resource_manager]: Loading hardware 'FakeSystem' 
[INFO] [1738160019.711522981] [resource_manager]: Initialize hardware 'FakeSystem' 
[INFO] [1738160019.711607649] [resource_manager]: Successful initialization of hardware 'FakeSystem'
[INFO] [1738160019.711677349] [resource_manager]: 'configure' hardware 'FakeSystem' 
[INFO] [1738160019.711687347] [resource_manager]: Successful 'configure' of hardware 'FakeSystem'
[INFO] [1738160019.711693489] [resource_manager]: 'activate' hardware 'FakeSystem' 
[INFO] [1738160019.711701504] [resource_manager]: Successful 'activate' of hardware 'FakeSystem'
[INFO] [1738160019.718314836] [controller_manager]: update rate is 100 Hz
[INFO] [1738160019.718351425] [controller_manager]: Spawning controller_manager RT thread with scheduler priority: 50
[WARN] [1738160019.718482579] [controller_manager]: No real-time kernel detected on this system. See [https://control.ros.org/master/doc/ros2_control/controller_manager/doc/userdoc.html] for details on how to enable realtime scheduling.
[INFO] [1738160019.974934530] [controller_manager]: Loading controller 'spot_gripper_controller'
[INFO] [1738160019.988918848] [controller_manager]: Loading controller 'joint_state_broadcaster'
[INFO] [1738160019.998888810] [controller_manager]: Loading controller 'spot_arm_controller'
[WARN] [1738160020.010134451] [spot_arm_controller]: [Deprecated]: "allow_nonzero_velocity_at_trajectory_end" is set to true. The default behavior will change to false.
[INFO] [1738160020.018851777] [controller_manager]: Configuring controller 'spot_gripper_controller'
[INFO] [1738160020.019015853] [spot_gripper_controller]: Action status changes will be monitored at 20Hz.
[INFO] [1738160020.028841526] [controller_manager]: Configuring controller 'joint_state_broadcaster'
[INFO] [1738160020.028936052] [joint_state_broadcaster]: 'joints' or 'interfaces' parameter is empty. All available state interfaces will be published
[INFO] [1738160020.038692686] [controller_manager]: Configuring controller 'spot_arm_controller'
[INFO] [1738160020.038841974] [spot_arm_controller]: No specific joint names are used for command interfaces. Using 'joints' parameter.
[INFO] [1738160020.038872221] [spot_arm_controller]: Command interfaces are [position] and state interfaces are [position velocity].
[INFO] [1738160020.038924308] [spot_arm_controller]: Using 'splines' interpolation method.
[INFO] [1738160020.040011065] [spot_arm_controller]: Controller state will be published at 50.00 Hz.
[INFO] [1738160020.041442584] [spot_arm_controller]: Action status changes will be monitored at 20.00 Hz.
[INFO] [1738160048.319055499] [rclcpp]: signal_handler(signum=2)
