[WARN] [1738160076.232559179] [controller_manager]: [Deprecated] Passing the robot description parameter directly to the control_manager node is deprecated. Use '~/robot_description' topic from 'robot_state_publisher' instead.
[INFO] [1738160076.233065443] [resource_manager]: Loading hardware 'FakeSystem' 
[INFO] [1738160076.233716237] [resource_manager]: Initialize hardware 'FakeSystem' 
[INFO] [1738160076.233791517] [resource_manager]: Successful initialization of hardware 'FakeSystem'
[INFO] [1738160076.233882026] [resource_manager]: 'configure' hardware 'FakeSystem' 
[INFO] [1738160076.233896894] [resource_manager]: Successful 'configure' of hardware 'FakeSystem'
[INFO] [1738160076.233908074] [resource_manager]: 'activate' hardware 'FakeSystem' 
[INFO] [1738160076.233917953] [resource_manager]: Successful 'activate' of hardware 'FakeSystem'
[INFO] [1738160076.238328959] [controller_manager]: update rate is 100 Hz
[INFO] [1738160076.238372310] [controller_manager]: Spawning controller_manager RT thread with scheduler priority: 50
[WARN] [1738160076.238516839] [controller_manager]: No real-time kernel detected on this system. See [https://control.ros.org/master/doc/ros2_control/controller_manager/doc/userdoc.html] for details on how to enable realtime scheduling.
[INFO] [1738160076.443804176] [controller_manager]: Loading controller 'joint_state_broadcaster'
[INFO] [1738160076.458966924] [controller_manager]: Loading controller 'spot_gripper_controller'
[INFO] [1738160076.468867367] [controller_manager]: Loading controller 'spot_arm_controller'
[WARN] [1738160076.476871204] [spot_arm_controller]: [Deprecated]: "allow_nonzero_velocity_at_trajectory_end" is set to true. The default behavior will change to false.
[INFO] [1738160076.480131053] [controller_manager]: Configuring controller 'joint_state_broadcaster'
[INFO] [1738160076.480349311] [joint_state_broadcaster]: 'joints' or 'interfaces' parameter is empty. All available state interfaces will be published
[INFO] [1738160076.489618848] [controller_manager]: Configuring controller 'spot_gripper_controller'
[INFO] [1738160076.489714256] [spot_gripper_controller]: Action status changes will be monitored at 20Hz.
[INFO] [1738160076.519038142] [controller_manager]: Configuring controller 'spot_arm_controller'
[INFO] [1738160076.519314388] [spot_arm_controller]: No specific joint names are used for command interfaces. Using 'joints' parameter.
[INFO] [1738160076.519345145] [spot_arm_controller]: Command interfaces are [position] and state interfaces are [position velocity].
[INFO] [1738160076.519372566] [spot_arm_controller]: Using 'splines' interpolation method.
[INFO] [1738160076.520520948] [spot_arm_controller]: Controller state will be published at 50.00 Hz.
[INFO] [1738160076.521854084] [spot_arm_controller]: Action status changes will be monitored at 20.00 Hz.
[INFO] [1738160194.590272801] [rclcpp]: signal_handler(signum=2)
