[WARN] [1738175715.148729669] [controller_manager]: [Deprecated] Passing the robot description parameter directly to the control_manager node is deprecated. Use '~/robot_description' topic from 'robot_state_publisher' instead.
[INFO] [1738175715.149095271] [resource_manager]: Loading hardware 'FakeSystem' 
[INFO] [1738175715.149686454] [resource_manager]: Initialize hardware 'FakeSystem' 
[INFO] [1738175715.149755463] [resource_manager]: Successful initialization of hardware 'FakeSystem'
[INFO] [1738175715.149883272] [resource_manager]: 'configure' hardware 'FakeSystem' 
[INFO] [1738175715.149894613] [resource_manager]: Successful 'configure' of hardware 'FakeSystem'
[INFO] [1738175715.149901175] [resource_manager]: 'activate' hardware 'FakeSystem' 
[INFO] [1738175715.149908879] [resource_manager]: Successful 'activate' of hardware 'FakeSystem'
[INFO] [1738175715.154408675] [controller_manager]: update rate is 100 Hz
[INFO] [1738175715.154439873] [controller_manager]: Spawning controller_manager RT thread with scheduler priority: 50
[WARN] [1738175715.154569555] [controller_manager]: No real-time kernel detected on this system. See [https://control.ros.org/master/doc/ros2_control/controller_manager/doc/userdoc.html] for details on how to enable realtime scheduling.
[INFO] [1738175715.401054231] [controller_manager]: Loading controller 'spot_arm_controller'
[WARN] [1738175715.414169792] [spot_arm_controller]: [Deprecated]: "allow_nonzero_velocity_at_trajectory_end" is set to true. The default behavior will change to false.
[INFO] [1738175715.414974092] [controller_manager]: Loading controller 'joint_state_broadcaster'
[INFO] [1738175715.425160217] [controller_manager]: Loading controller 'spot_gripper_controller'
[INFO] [1738175715.440115900] [controller_manager]: Configuring controller 'spot_arm_controller'
[INFO] [1738175715.440537988] [spot_arm_controller]: No specific joint names are used for command interfaces. Using 'joints' parameter.
[INFO] [1738175715.440576710] [spot_arm_controller]: Command interfaces are [position] and state interfaces are [position velocity].
[INFO] [1738175715.440615432] [spot_arm_controller]: Using 'splines' interpolation method.
[INFO] [1738175715.443804973] [spot_arm_controller]: Controller state will be published at 50.00 Hz.
[INFO] [1738175715.448556709] [spot_arm_controller]: Action status changes will be monitored at 20.00 Hz.
[INFO] [1738175715.464874754] [controller_manager]: Configuring controller 'joint_state_broadcaster'
[INFO] [1738175715.464954763] [joint_state_broadcaster]: 'joints' or 'interfaces' parameter is empty. All available state interfaces will be published
[INFO] [1738175715.475518883] [controller_manager]: Configuring controller 'spot_gripper_controller'
[INFO] [1738175715.475808614] [spot_gripper_controller]: Action status changes will be monitored at 20Hz.
[INFO] [1738175834.813369888] [rclcpp]: signal_handler(signum=2)
