[WARN] [1738123405.238509706] [controller_manager]: [Deprecated] Passing the robot description parameter directly to the control_manager node is deprecated. Use '~/robot_description' topic from 'robot_state_publisher' instead.
[INFO] [1738123405.239221576] [resource_manager]: Loading hardware 'FakeSystem' 
[INFO] [1738123405.240070135] [resource_manager]: Initialize hardware 'FakeSystem' 
[INFO] [1738123405.240176917] [resource_manager]: Successful initialization of hardware 'FakeSystem'
[INFO] [1738123405.240299159] [resource_manager]: 'configure' hardware 'FakeSystem' 
[INFO] [1738123405.240318796] [resource_manager]: Successful 'configure' of hardware 'FakeSystem'
[INFO] [1738123405.240334355] [resource_manager]: 'activate' hardware 'FakeSystem' 
[INFO] [1738123405.240346098] [resource_manager]: Successful 'activate' of hardware 'FakeSystem'
[INFO] [1738123405.246966168] [controller_manager]: update rate is 100 Hz
[INFO] [1738123405.247015782] [controller_manager]: Spawning controller_manager RT thread with scheduler priority: 50
[WARN] [1738123405.247266958] [controller_manager]: No real-time kernel detected on this system. See [https://control.ros.org/master/doc/ros2_control/controller_manager/doc/userdoc.html] for details on how to enable realtime scheduling.
[INFO] [1738123405.545553038] [controller_manager]: Loading controller 'joint_state_broadcaster'
[INFO] [1738123405.557599294] [controller_manager]: Loading controller 'spot_gripper_controller'
[INFO] [1738123405.577806251] [controller_manager]: Loading controller 'spot_arm_controller'
[WARN] [1738123405.594172918] [spot_arm_controller]: [Deprecated]: "allow_nonzero_velocity_at_trajectory_end" is set to true. The default behavior will change to false.
[INFO] [1738123405.597806887] [controller_manager]: Configuring controller 'joint_state_broadcaster'
[INFO] [1738123405.598019540] [joint_state_broadcaster]: 'joints' or 'interfaces' parameter is empty. All available state interfaces will be published
[INFO] [1738123405.627654139] [controller_manager]: Configuring controller 'spot_gripper_controller'
[INFO] [1738123405.627807610] [spot_gripper_controller]: Action status changes will be monitored at 20Hz.
[INFO] [1738123405.637838306] [controller_manager]: Configuring controller 'spot_arm_controller'
[INFO] [1738123405.638109670] [spot_arm_controller]: No specific joint names are used for command interfaces. Using 'joints' parameter.
[INFO] [1738123405.638142873] [spot_arm_controller]: Command interfaces are [position] and state interfaces are [position velocity].
[INFO] [1738123405.638185945] [spot_arm_controller]: Using 'splines' interpolation method.
[INFO] [1738123405.639548598] [spot_arm_controller]: Controller state will be published at 50.00 Hz.
[INFO] [1738123405.641666433] [spot_arm_controller]: Action status changes will be monitored at 20.00 Hz.
[INFO] [1738123419.669013358] [spot_arm_controller]: Received new action goal
[INFO] [1738123419.669115832] [spot_arm_controller]: Accepted new action goal
[INFO] [1738123423.947433985] [spot_arm_controller]: Goal reached, success!
[INFO] [1738123431.118850036] [spot_arm_controller]: Received new action goal
[INFO] [1738123431.118967669] [spot_arm_controller]: Accepted new action goal
[INFO] [1738123437.057440831] [spot_arm_controller]: Goal reached, success!
[INFO] [1738123571.951704132] [rclcpp]: signal_handler(signum=2)
