[WARN] [1738017762.558227800] [controller_manager]: [Deprecated] Passing the robot description parameter directly to the control_manager node is deprecated. Use '~/robot_description' topic from 'robot_state_publisher' instead.
[INFO] [1738017762.558964308] [resource_manager]: Loading hardware 'FakeSystem' 
[INFO] [1738017762.559902801] [resource_manager]: Initialize hardware 'FakeSystem' 
[INFO] [1738017762.560008607] [resource_manager]: Successful initialization of hardware 'FakeSystem'
[INFO] [1738017762.560130704] [resource_manager]: 'configure' hardware 'FakeSystem' 
[INFO] [1738017762.560152805] [resource_manager]: Successful 'configure' of hardware 'FakeSystem'
[INFO] [1738017762.560170297] [resource_manager]: 'activate' hardware 'FakeSystem' 
[INFO] [1738017762.560181899] [resource_manager]: Successful 'activate' of hardware 'FakeSystem'
[INFO] [1738017762.566537033] [controller_manager]: update rate is 100 Hz
[INFO] [1738017762.566586265] [controller_manager]: Spawning controller_manager RT thread with scheduler priority: 50
[WARN] [1738017762.566771529] [controller_manager]: No real-time kernel detected on this system. See [https://control.ros.org/master/doc/ros2_control/controller_manager/doc/userdoc.html] for details on how to enable realtime scheduling.
[INFO] [1738017762.882214894] [controller_manager]: Loading controller 'spot_gripper_controller'
[INFO] [1738017762.897460391] [controller_manager]: Loading controller 'joint_state_broadcaster'
[INFO] [1738017762.917397192] [controller_manager]: Loading controller 'spot_arm_controller'
[WARN] [1738017762.933654518] [spot_arm_controller]: [Deprecated]: "allow_nonzero_velocity_at_trajectory_end" is set to true. The default behavior will change to false.
[INFO] [1738017762.937331598] [controller_manager]: Configuring controller 'spot_gripper_controller'
[INFO] [1738017762.937534214] [spot_gripper_controller]: Action status changes will be monitored at 20Hz.
[INFO] [1738017762.977506860] [controller_manager]: Configuring controller 'joint_state_broadcaster'
[INFO] [1738017762.977712872] [joint_state_broadcaster]: 'joints' or 'interfaces' parameter is empty. All available state interfaces will be published
[INFO] [1738017762.987581803] [controller_manager]: Configuring controller 'spot_arm_controller'
[INFO] [1738017762.987864788] [spot_arm_controller]: No specific joint names are used for command interfaces. Using 'joints' parameter.
[INFO] [1738017762.987903691] [spot_arm_controller]: Command interfaces are [position] and state interfaces are [position velocity].
[INFO] [1738017762.988027300] [spot_arm_controller]: Using 'splines' interpolation method.
[INFO] [1738017762.989463628] [spot_arm_controller]: Controller state will be published at 50.00 Hz.
[INFO] [1738017762.991975223] [spot_arm_controller]: Action status changes will be monitored at 20.00 Hz.
[INFO] [1738017769.828952719] [spot_arm_controller]: Received new action goal
[INFO] [1738017769.829028951] [spot_arm_controller]: Accepted new action goal
[INFO] [1738017774.576980976] [spot_arm_controller]: Goal reached, success!
[INFO] [1738017776.930027914] [rclcpp]: signal_handler(signum=2)
