[WARN] [1738126011.464580075] [controller_manager]: [Deprecated] Passing the robot description parameter directly to the control_manager node is deprecated. Use '~/robot_description' topic from 'robot_state_publisher' instead.
[INFO] [1738126011.465076950] [resource_manager]: Loading hardware 'FakeSystem' 
[INFO] [1738126011.465746096] [resource_manager]: Initialize hardware 'FakeSystem' 
[INFO] [1738126011.465824932] [resource_manager]: Successful initialization of hardware 'FakeSystem'
[INFO] [1738126011.465884864] [resource_manager]: 'configure' hardware 'FakeSystem' 
[INFO] [1738126011.465899111] [resource_manager]: Successful 'configure' of hardware 'FakeSystem'
[INFO] [1738126011.465908889] [resource_manager]: 'activate' hardware 'FakeSystem' 
[INFO] [1738126011.465917004] [resource_manager]: Successful 'activate' of hardware 'FakeSystem'
[INFO] [1738126011.471464000] [controller_manager]: update rate is 100 Hz
[INFO] [1738126011.471501690] [controller_manager]: Spawning controller_manager RT thread with scheduler priority: 50
[WARN] [1738126011.471671707] [controller_manager]: No real-time kernel detected on this system. See [https://control.ros.org/master/doc/ros2_control/controller_manager/doc/userdoc.html] for details on how to enable realtime scheduling.
[INFO] [1738126011.958015768] [controller_manager]: Loading controller 'spot_gripper_controller'
[INFO] [1738126011.972122279] [controller_manager]: Loading controller 'spot_arm_controller'
[WARN] [1738126011.983059820] [spot_arm_controller]: [Deprecated]: "allow_nonzero_velocity_at_trajectory_end" is set to true. The default behavior will change to false.
[INFO] [1738126011.992185749] [controller_manager]: Loading controller 'joint_state_broadcaster'
[INFO] [1738126012.012365055] [controller_manager]: Configuring controller 'spot_gripper_controller'
[INFO] [1738126012.012544900] [spot_gripper_controller]: Action status changes will be monitored at 20Hz.
[INFO] [1738126012.022082035] [controller_manager]: Configuring controller 'spot_arm_controller'
[INFO] [1738126012.022277058] [spot_arm_controller]: No specific joint names are used for command interfaces. Using 'joints' parameter.
[INFO] [1738126012.022307314] [spot_arm_controller]: Command interfaces are [position] and state interfaces are [position velocity].
[INFO] [1738126012.022328694] [spot_arm_controller]: Using 'splines' interpolation method.
[INFO] [1738126012.023968146] [spot_arm_controller]: Controller state will be published at 50.00 Hz.
[INFO] [1738126012.027207887] [spot_arm_controller]: Action status changes will be monitored at 20.00 Hz.
[INFO] [1738126012.042417141] [controller_manager]: Configuring controller 'joint_state_broadcaster'
[INFO] [1738126012.042696471] [joint_state_broadcaster]: 'joints' or 'interfaces' parameter is empty. All available state interfaces will be published
[INFO] [1738126110.588602026] [rclcpp]: signal_handler(signum=2)
