[WARN] [1738170469.174117781] [controller_manager]: [Deprecated] Passing the robot description parameter directly to the control_manager node is deprecated. Use '~/robot_description' topic from 'robot_state_publisher' instead.
[INFO] [1738170469.174546938] [resource_manager]: Loading hardware 'FakeSystem' 
[INFO] [1738170469.175610379] [resource_manager]: Initialize hardware 'FakeSystem' 
[INFO] [1738170469.175686392] [resource_manager]: Successful initialization of hardware 'FakeSystem'
[INFO] [1738170469.175752346] [resource_manager]: 'configure' hardware 'FakeSystem' 
[INFO] [1738170469.175765951] [resource_manager]: Successful 'configure' of hardware 'FakeSystem'
[INFO] [1738170469.175777724] [resource_manager]: 'activate' hardware 'FakeSystem' 
[INFO] [1738170469.175785989] [resource_manager]: Successful 'activate' of hardware 'FakeSystem'
[INFO] [1738170469.180250738] [controller_manager]: update rate is 100 Hz
[INFO] [1738170469.180290994] [controller_manager]: Spawning controller_manager RT thread with scheduler priority: 50
[WARN] [1738170469.180473417] [controller_manager]: No real-time kernel detected on this system. See [https://control.ros.org/master/doc/ros2_control/controller_manager/doc/userdoc.html] for details on how to enable realtime scheduling.
[INFO] [1738170469.382360056] [controller_manager]: Loading controller 'joint_state_broadcaster'
[INFO] [1738170469.401132141] [controller_manager]: Loading controller 'spot_gripper_controller'
[INFO] [1738170469.426057812] [controller_manager]: Configuring controller 'joint_state_broadcaster'
[INFO] [1738170469.426160806] [joint_state_broadcaster]: 'joints' or 'interfaces' parameter is empty. All available state interfaces will be published
[INFO] [1738170469.440851453] [controller_manager]: Configuring controller 'spot_gripper_controller'
[INFO] [1738170469.440928708] [spot_gripper_controller]: Action status changes will be monitored at 20Hz.
[INFO] [1738170469.470867039] [controller_manager]: Loading controller 'spot_arm_controller'
[WARN] [1738170469.486396464] [spot_arm_controller]: [Deprecated]: "allow_nonzero_velocity_at_trajectory_end" is set to true. The default behavior will change to false.
[INFO] [1738170469.512952583] [controller_manager]: Configuring controller 'spot_arm_controller'
[INFO] [1738170469.513189448] [spot_arm_controller]: No specific joint names are used for command interfaces. Using 'joints' parameter.
[INFO] [1738170469.513242208] [spot_arm_controller]: Command interfaces are [position] and state interfaces are [position velocity].
[INFO] [1738170469.513309334] [spot_arm_controller]: Using 'splines' interpolation method.
[INFO] [1738170469.514400867] [spot_arm_controller]: Controller state will be published at 50.00 Hz.
[INFO] [1738170469.515819286] [spot_arm_controller]: Action status changes will be monitored at 20.00 Hz.
[INFO] [1738170491.314588779] [rclcpp]: signal_handler(signum=2)
