[WARN] [1737964472.108678233] [controller_manager]: [Deprecated] Passing the robot description parameter directly to the control_manager node is deprecated. Use '~/robot_description' topic from 'robot_state_publisher' instead.
[INFO] [1737964472.109036850] [resource_manager]: Loading hardware 'FakeSystem' 
[INFO] [1737964472.109446563] [resource_manager]: Initialize hardware 'FakeSystem' 
[INFO] [1737964472.109489894] [resource_manager]: Successful initialization of hardware 'FakeSystem'
[INFO] [1737964472.109535428] [resource_manager]: 'configure' hardware 'FakeSystem' 
[INFO] [1737964472.109542552] [resource_manager]: Successful 'configure' of hardware 'FakeSystem'
[INFO] [1737964472.109556778] [resource_manager]: 'activate' hardware 'FakeSystem' 
[INFO] [1737964472.109562288] [resource_manager]: Successful 'activate' of hardware 'FakeSystem'
[INFO] [1737964472.113452007] [controller_manager]: update rate is 100 Hz
[INFO] [1737964472.113505877] [controller_manager]: Spawning controller_manager RT thread with scheduler priority: 50
[WARN] [1737964472.113724403] [controller_manager]: No real-time kernel detected on this system. See [https://control.ros.org/master/doc/ros2_control/controller_manager/doc/userdoc.html] for details on how to enable realtime scheduling.
[INFO] [1737964472.343887441] [controller_manager]: Loading controller 'spot_arm_controller'
[WARN] [1737964472.353056904] [spot_arm_controller]: [Deprecated]: "allow_nonzero_velocity_at_trajectory_end" is set to true. The default behavior will change to false.
[INFO] [1737964472.354174594] [controller_manager]: Loading controller 'spot_gripper_controller'
[ERROR] [1737964472.354259021] [controller_manager]: Loader for controller 'spot_gripper_controller' (type 'position_controllers/GripperActionController') not found.
[INFO] [1737964472.354273178] [controller_manager]: Available classes:
[INFO] [1737964472.354285561] [controller_manager]:   controller_manager/test_controller
[INFO] [1737964472.354293836] [controller_manager]:   controller_manager/test_controller_failed_init
[INFO] [1737964472.354301400] [controller_manager]:   controller_manager/test_controller_with_interfaces
[INFO] [1737964472.354309555] [controller_manager]:   forward_command_controller/ForwardCommandController
[INFO] [1737964472.354318161] [controller_manager]:   forward_command_controller/MultiInterfaceForwardCommandController
[INFO] [1737964472.354325796] [controller_manager]:   joint_state_broadcaster/JointStateBroadcaster
[INFO] [1737964472.354333350] [controller_manager]:   joint_trajectory_controller/JointTrajectoryController
[INFO] [1737964472.354355591] [controller_manager]:   position_controllers/JointGroupPositionController
[INFO] [1737964472.354364257] [controller_manager]:   controller_manager/test_chainable_controller
[INFO] [1737964472.354520398] [controller_manager]: Loading controller 'joint_state_broadcaster'
[INFO] [1737964472.377360591] [controller_manager]: Configuring controller 'spot_arm_controller'
[INFO] [1737964472.377749895] [spot_arm_controller]: No specific joint names are used for command interfaces. Using 'joints' parameter.
[INFO] [1737964472.377800319] [spot_arm_controller]: Command interfaces are [position] and state interfaces are [position velocity].
[INFO] [1737964472.377844802] [spot_arm_controller]: Using 'splines' interpolation method.
[INFO] [1737964472.380175970] [spot_arm_controller]: Controller state will be published at 50.00 Hz.
[INFO] [1737964472.382727137] [spot_arm_controller]: Action status changes will be monitored at 20.00 Hz.
[INFO] [1737964472.394249810] [controller_manager]: Configuring controller 'joint_state_broadcaster'
[INFO] [1737964472.394378249] [joint_state_broadcaster]: 'joints' or 'interfaces' parameter is empty. All available state interfaces will be published
[INFO] [1737964521.911509598] [rclcpp]: signal_handler(signum=2)
