[WARN] [1737962837.386612507] [controller_manager]: [Deprecated] Passing the robot description parameter directly to the control_manager node is deprecated. Use '~/robot_description' topic from 'robot_state_publisher' instead.
[INFO] [1737962837.387084598] [resource_manager]: Loading hardware 'FakeSystem' 
[INFO] [1737962837.387711171] [resource_manager]: Initialize hardware 'FakeSystem' 
[INFO] [1737962837.387822350] [resource_manager]: Successful initialization of hardware 'FakeSystem'
[INFO] [1737962837.387927479] [resource_manager]: 'configure' hardware 'FakeSystem' 
[INFO] [1737962837.387943208] [resource_manager]: Successful 'configure' of hardware 'FakeSystem'
[INFO] [1737962837.387954009] [resource_manager]: 'activate' hardware 'FakeSystem' 
[INFO] [1737962837.387961453] [resource_manager]: Successful 'activate' of hardware 'FakeSystem'
[INFO] [1737962837.391974786] [controller_manager]: update rate is 100 Hz
[INFO] [1737962837.392018228] [controller_manager]: Spawning controller_manager RT thread with scheduler priority: 50
[WARN] [1737962837.392217324] [controller_manager]: No real-time kernel detected on this system. See [https://control.ros.org/master/doc/ros2_control/controller_manager/doc/userdoc.html] for details on how to enable realtime scheduling.
[INFO] [1737962837.600028044] [controller_manager]: Loading controller 'spot_gripper_controller'
[ERROR] [1737962837.600188056] [controller_manager]: Loader for controller 'spot_gripper_controller' (type 'position_controllers/GripperActionController') not found.
[INFO] [1737962837.600201962] [controller_manager]: Available classes:
[INFO] [1737962837.600214235] [controller_manager]:   controller_manager/test_controller
[INFO] [1737962837.600220758] [controller_manager]:   controller_manager/test_controller_failed_init
[INFO] [1737962837.600225947] [controller_manager]:   controller_manager/test_controller_with_interfaces
[INFO] [1737962837.600231027] [controller_manager]:   forward_command_controller/ForwardCommandController
[INFO] [1737962837.600235886] [controller_manager]:   forward_command_controller/MultiInterfaceForwardCommandController
[INFO] [1737962837.600241126] [controller_manager]:   joint_state_broadcaster/JointStateBroadcaster
[INFO] [1737962837.600245624] [controller_manager]:   joint_trajectory_controller/JointTrajectoryController
[INFO] [1737962837.600256004] [controller_manager]:   position_controllers/JointGroupPositionController
[INFO] [1737962837.600261114] [controller_manager]:   controller_manager/test_chainable_controller
[INFO] [1737962837.600367524] [controller_manager]: Loading controller 'spot_arm_controller'
[WARN] [1737962837.613577272] [spot_arm_controller]: [Deprecated]: "allow_nonzero_velocity_at_trajectory_end" is set to true. The default behavior will change to false.
[INFO] [1737962837.623810683] [controller_manager]: Loading controller 'joint_state_broadcaster'
[INFO] [1737962837.645518216] [controller_manager]: Configuring controller 'spot_arm_controller'
[INFO] [1737962837.645798505] [spot_arm_controller]: No specific joint names are used for command interfaces. Using 'joints' parameter.
[INFO] [1737962837.645831177] [spot_arm_controller]: Command interfaces are [position] and state interfaces are [position velocity].
[INFO] [1737962837.645856314] [spot_arm_controller]: Using 'splines' interpolation method.
[INFO] [1737962837.647612057] [spot_arm_controller]: Controller state will be published at 50.00 Hz.
[INFO] [1737962837.650873502] [spot_arm_controller]: Action status changes will be monitored at 20.00 Hz.
[INFO] [1737962837.662622433] [controller_manager]: Configuring controller 'joint_state_broadcaster'
[INFO] [1737962837.662731739] [joint_state_broadcaster]: 'joints' or 'interfaces' parameter is empty. All available state interfaces will be published
[INFO] [1737962859.513406541] [spot_arm_controller]: Received new action goal
[INFO] [1737962859.513475621] [spot_arm_controller]: Accepted new action goal
[INFO] [1737962861.062358078] [spot_arm_controller]: Goal reached, success!
[INFO] [1737962867.313807045] [rclcpp]: signal_handler(signum=2)
