[WARN] [1738168196.263741638] [controller_manager]: [Deprecated] Passing the robot description parameter directly to the control_manager node is deprecated. Use '~/robot_description' topic from 'robot_state_publisher' instead.
[INFO] [1738168196.264539418] [resource_manager]: Loading hardware 'FakeSystem' 
[INFO] [1738168196.267754897] [resource_manager]: Initialize hardware 'FakeSystem' 
[INFO] [1738168196.267859836] [resource_manager]: Successful initialization of hardware 'FakeSystem'
[INFO] [1738168196.267953273] [resource_manager]: 'configure' hardware 'FakeSystem' 
[INFO] [1738168196.267965496] [resource_manager]: Successful 'configure' of hardware 'FakeSystem'
[INFO] [1738168196.267976758] [resource_manager]: 'activate' hardware 'FakeSystem' 
[INFO] [1738168196.267989111] [resource_manager]: Successful 'activate' of hardware 'FakeSystem'
[INFO] [1738168196.279173501] [controller_manager]: update rate is 100 Hz
[INFO] [1738168196.279268210] [controller_manager]: Spawning controller_manager RT thread with scheduler priority: 50
[WARN] [1738168196.279551587] [controller_manager]: No real-time kernel detected on this system. See [https://control.ros.org/master/doc/ros2_control/controller_manager/doc/userdoc.html] for details on how to enable realtime scheduling.
[INFO] [1738168196.624440395] [controller_manager]: Loading controller 'spot_gripper_controller'
[INFO] [1738168196.650121807] [controller_manager]: Loading controller 'joint_state_broadcaster'
[INFO] [1738168196.670182576] [controller_manager]: Loading controller 'spot_arm_controller'
[WARN] [1738168196.696564755] [spot_arm_controller]: [Deprecated]: "allow_nonzero_velocity_at_trajectory_end" is set to true. The default behavior will change to false.
[INFO] [1738168196.700005241] [controller_manager]: Configuring controller 'spot_gripper_controller'
[INFO] [1738168196.700187997] [spot_gripper_controller]: Action status changes will be monitored at 20Hz.
[INFO] [1738168196.740242327] [controller_manager]: Configuring controller 'joint_state_broadcaster'
[INFO] [1738168196.740413270] [joint_state_broadcaster]: 'joints' or 'interfaces' parameter is empty. All available state interfaces will be published
[INFO] [1738168196.750021796] [controller_manager]: Configuring controller 'spot_arm_controller'
[INFO] [1738168196.750427915] [spot_arm_controller]: No specific joint names are used for command interfaces. Using 'joints' parameter.
[INFO] [1738168196.750476788] [spot_arm_controller]: Command interfaces are [position] and state interfaces are [position velocity].
[INFO] [1738168196.750564974] [spot_arm_controller]: Using 'splines' interpolation method.
[INFO] [1738168196.752271727] [spot_arm_controller]: Controller state will be published at 50.00 Hz.
[INFO] [1738168196.754619863] [spot_arm_controller]: Action status changes will be monitored at 20.00 Hz.
[INFO] [1738168225.616661823] [rclcpp]: signal_handler(signum=2)
