[WARN] [1738125578.159606142] [controller_manager]: [Deprecated] Passing the robot description parameter directly to the control_manager node is deprecated. Use '~/robot_description' topic from 'robot_state_publisher' instead.
[INFO] [1738125578.160082202] [resource_manager]: Loading hardware 'FakeSystem' 
[INFO] [1738125578.160744745] [resource_manager]: Initialize hardware 'FakeSystem' 
[INFO] [1738125578.160831415] [resource_manager]: Successful initialization of hardware 'FakeSystem'
[INFO] [1738125578.160905101] [resource_manager]: 'configure' hardware 'FakeSystem' 
[INFO] [1738125578.160919228] [resource_manager]: Successful 'configure' of hardware 'FakeSystem'
[INFO] [1738125578.160925499] [resource_manager]: 'activate' hardware 'FakeSystem' 
[INFO] [1738125578.160931660] [resource_manager]: Successful 'activate' of hardware 'FakeSystem'
[INFO] [1738125578.166054793] [controller_manager]: update rate is 100 Hz
[INFO] [1738125578.166101439] [controller_manager]: Spawning controller_manager RT thread with scheduler priority: 50
[WARN] [1738125578.166266464] [controller_manager]: No real-time kernel detected on this system. See [https://control.ros.org/master/doc/ros2_control/controller_manager/doc/userdoc.html] for details on how to enable realtime scheduling.
[INFO] [1738125578.360786841] [controller_manager]: Loading controller 'spot_gripper_controller'
[INFO] [1738125578.376577535] [controller_manager]: Loading controller 'joint_state_broadcaster'
[INFO] [1738125578.386605356] [controller_manager]: Loading controller 'spot_arm_controller'
[WARN] [1738125578.397287155] [spot_arm_controller]: [Deprecated]: "allow_nonzero_velocity_at_trajectory_end" is set to true. The default behavior will change to false.
[INFO] [1738125578.406674202] [controller_manager]: Configuring controller 'spot_gripper_controller'
[INFO] [1738125578.406984355] [spot_gripper_controller]: Action status changes will be monitored at 20Hz.
[INFO] [1738125578.416551044] [controller_manager]: Configuring controller 'joint_state_broadcaster'
[INFO] [1738125578.416642162] [joint_state_broadcaster]: 'joints' or 'interfaces' parameter is empty. All available state interfaces will be published
[INFO] [1738125578.446573424] [controller_manager]: Configuring controller 'spot_arm_controller'
[INFO] [1738125578.446757193] [spot_arm_controller]: No specific joint names are used for command interfaces. Using 'joints' parameter.
[INFO] [1738125578.446781037] [spot_arm_controller]: Command interfaces are [position] and state interfaces are [position velocity].
[INFO] [1738125578.446800313] [spot_arm_controller]: Using 'splines' interpolation method.
[INFO] [1738125578.447601803] [spot_arm_controller]: Controller state will be published at 50.00 Hz.
[INFO] [1738125578.449041672] [spot_arm_controller]: Action status changes will be monitored at 20.00 Hz.
[INFO] [1738125597.779485451] [rclcpp]: signal_handler(signum=2)
