[WARN] [1738017834.128150726] [controller_manager]: [Deprecated] Passing the robot description parameter directly to the control_manager node is deprecated. Use '~/robot_description' topic from 'robot_state_publisher' instead.
[INFO] [1738017834.128831000] [resource_manager]: Loading hardware 'FakeSystem' 
[INFO] [1738017834.129654421] [resource_manager]: Initialize hardware 'FakeSystem' 
[INFO] [1738017834.129756572] [resource_manager]: Successful initialization of hardware 'FakeSystem'
[INFO] [1738017834.129872118] [resource_manager]: 'configure' hardware 'FakeSystem' 
[INFO] [1738017834.129895141] [resource_manager]: Successful 'configure' of hardware 'FakeSystem'
[INFO] [1738017834.129912844] [resource_manager]: 'activate' hardware 'FakeSystem' 
[INFO] [1738017834.129925418] [resource_manager]: Successful 'activate' of hardware 'FakeSystem'
[INFO] [1738017834.136474235] [controller_manager]: update rate is 100 Hz
[INFO] [1738017834.136530080] [controller_manager]: Spawning controller_manager RT thread with scheduler priority: 50
[WARN] [1738017834.136727369] [controller_manager]: No real-time kernel detected on this system. See [https://control.ros.org/master/doc/ros2_control/controller_manager/doc/userdoc.html] for details on how to enable realtime scheduling.
[ERROR] [1738017834.455937406] [controller_manager]: The 'type' param was not defined for 'joint_state_broadcaster'.
[INFO] [1738017834.456164391] [controller_manager]: Loading controller 'spot_arm_controller'
[WARN] [1738017834.472519823] [spot_arm_controller]: [Deprecated]: "allow_nonzero_velocity_at_trajectory_end" is set to true. The default behavior will change to false.
[INFO] [1738017834.477116306] [controller_manager]: Loading controller 'spot_gripper_controller'
[INFO] [1738017834.514456615] [controller_manager]: Configuring controller 'spot_arm_controller'
[INFO] [1738017834.514931113] [spot_arm_controller]: No specific joint names are used for command interfaces. Using 'joints' parameter.
[INFO] [1738017834.514988921] [spot_arm_controller]: Command interfaces are [position] and state interfaces are [position velocity].
[INFO] [1738017834.515033545] [spot_arm_controller]: Using 'splines' interpolation method.
[INFO] [1738017834.517931248] [spot_arm_controller]: Controller state will be published at 50.00 Hz.
[INFO] [1738017834.523709433] [spot_arm_controller]: Action status changes will be monitored at 20.00 Hz.
[INFO] [1738017834.537151503] [controller_manager]: Configuring controller 'spot_gripper_controller'
[INFO] [1738017834.537343322] [spot_gripper_controller]: Action status changes will be monitored at 20Hz.
[INFO] [1738017851.181684770] [rclcpp]: signal_handler(signum=2)
