[WARN] [1738125148.155650746] [controller_manager]: [Deprecated] Passing the robot description parameter directly to the control_manager node is deprecated. Use '~/robot_description' topic from 'robot_state_publisher' instead.
[INFO] [1738125148.156296437] [resource_manager]: Loading hardware 'FakeSystem' 
[INFO] [1738125148.157010622] [resource_manager]: Initialize hardware 'FakeSystem' 
[INFO] [1738125148.157119680] [resource_manager]: Successful initialization of hardware 'FakeSystem'
[INFO] [1738125148.157261427] [resource_manager]: 'configure' hardware 'FakeSystem' 
[INFO] [1738125148.157284679] [resource_manager]: Successful 'configure' of hardware 'FakeSystem'
[INFO] [1738125148.157296791] [resource_manager]: 'activate' hardware 'FakeSystem' 
[INFO] [1738125148.157306899] [resource_manager]: Successful 'activate' of hardware 'FakeSystem'
[INFO] [1738125148.163886148] [controller_manager]: update rate is 100 Hz
[INFO] [1738125148.163926160] [controller_manager]: Spawning controller_manager RT thread with scheduler priority: 50
[WARN] [1738125148.164085509] [controller_manager]: No real-time kernel detected on this system. See [https://control.ros.org/master/doc/ros2_control/controller_manager/doc/userdoc.html] for details on how to enable realtime scheduling.
[INFO] [1738125148.351743891] [controller_manager]: Loading controller 'spot_arm_controller'
[WARN] [1738125148.363370321] [spot_arm_controller]: [Deprecated]: "allow_nonzero_velocity_at_trajectory_end" is set to true. The default behavior will change to false.
[INFO] [1738125148.364319071] [controller_manager]: Loading controller 'joint_state_broadcaster'
[INFO] [1738125148.374649892] [controller_manager]: Loading controller 'spot_gripper_controller'
[INFO] [1738125148.387374363] [controller_manager]: Configuring controller 'spot_arm_controller'
[INFO] [1738125148.387637380] [spot_arm_controller]: No specific joint names are used for command interfaces. Using 'joints' parameter.
[INFO] [1738125148.387662826] [spot_arm_controller]: Command interfaces are [position] and state interfaces are [position velocity].
[INFO] [1738125148.387686118] [spot_arm_controller]: Using 'splines' interpolation method.
[INFO] [1738125148.390489902] [spot_arm_controller]: Controller state will be published at 50.00 Hz.
[INFO] [1738125148.393447955] [spot_arm_controller]: Action status changes will be monitored at 20.00 Hz.
[INFO] [1738125148.404561665] [controller_manager]: Configuring controller 'joint_state_broadcaster'
[INFO] [1738125148.404674159] [joint_state_broadcaster]: 'joints' or 'interfaces' parameter is empty. All available state interfaces will be published
[INFO] [1738125148.414381870] [controller_manager]: Configuring controller 'spot_gripper_controller'
[INFO] [1738125148.414478695] [spot_gripper_controller]: Action status changes will be monitored at 20Hz.
[INFO] [1738125180.595649756] [spot_arm_controller]: Received new action goal
[INFO] [1738125180.595729601] [spot_arm_controller]: Accepted new action goal
[INFO] [1738125185.064235835] [spot_arm_controller]: Goal reached, success!
[INFO] [1738125188.313949223] [rclcpp]: signal_handler(signum=2)
