[WARN] [1738174536.748919442] [controller_manager]: [Deprecated] Passing the robot description parameter directly to the control_manager node is deprecated. Use '~/robot_description' topic from 'robot_state_publisher' instead.
[INFO] [1738174536.749555200] [resource_manager]: Loading hardware 'FakeSystem' 
[INFO] [1738174536.750706445] [resource_manager]: Initialize hardware 'FakeSystem' 
[INFO] [1738174536.750792505] [resource_manager]: Successful initialization of hardware 'FakeSystem'
[INFO] [1738174536.750888974] [resource_manager]: 'configure' hardware 'FakeSystem' 
[INFO] [1738174536.750899894] [resource_manager]: Successful 'configure' of hardware 'FakeSystem'
[INFO] [1738174536.750906797] [resource_manager]: 'activate' hardware 'FakeSystem' 
[INFO] [1738174536.750912257] [resource_manager]: Successful 'activate' of hardware 'FakeSystem'
[INFO] [1738174536.763750474] [controller_manager]: update rate is 100 Hz
[INFO] [1738174536.763797802] [controller_manager]: Spawning controller_manager RT thread with scheduler priority: 50
[WARN] [1738174536.764047134] [controller_manager]: No real-time kernel detected on this system. See [https://control.ros.org/master/doc/ros2_control/controller_manager/doc/userdoc.html] for details on how to enable realtime scheduling.
[INFO] [1738174536.999735211] [controller_manager]: Loading controller 'spot_arm_controller'
[WARN] [1738174537.015913542] [spot_arm_controller]: [Deprecated]: "allow_nonzero_velocity_at_trajectory_end" is set to true. The default behavior will change to false.
[INFO] [1738174537.024666514] [controller_manager]: Loading controller 'spot_gripper_controller'
[INFO] [1738174537.044865391] [controller_manager]: Loading controller 'joint_state_broadcaster'
[INFO] [1738174537.064711925] [controller_manager]: Configuring controller 'spot_arm_controller'
[INFO] [1738174537.065121945] [spot_arm_controller]: No specific joint names are used for command interfaces. Using 'joints' parameter.
[INFO] [1738174537.065174953] [spot_arm_controller]: Command interfaces are [position] and state interfaces are [position velocity].
[INFO] [1738174537.065219105] [spot_arm_controller]: Using 'splines' interpolation method.
[INFO] [1738174537.068335003] [spot_arm_controller]: Controller state will be published at 50.00 Hz.
[INFO] [1738174537.073290343] [spot_arm_controller]: Action status changes will be monitored at 20.00 Hz.
[INFO] [1738174537.084834059] [controller_manager]: Configuring controller 'spot_gripper_controller'
[INFO] [1738174537.085353503] [spot_gripper_controller]: Action status changes will be monitored at 20Hz.
[INFO] [1738174537.114813524] [controller_manager]: Configuring controller 'joint_state_broadcaster'
[INFO] [1738174537.115039533] [joint_state_broadcaster]: 'joints' or 'interfaces' parameter is empty. All available state interfaces will be published
[INFO] [1738174997.898774533] [rclcpp]: signal_handler(signum=2)
