[WARN] [1737964677.420299017] [controller_manager]: [Deprecated] Passing the robot description parameter directly to the control_manager node is deprecated. Use '~/robot_description' topic from 'robot_state_publisher' instead.
[INFO] [1737964677.420886814] [resource_manager]: Loading hardware 'FakeSystem' 
[INFO] [1737964677.421633859] [resource_manager]: Initialize hardware 'FakeSystem' 
[INFO] [1737964677.421743484] [resource_manager]: Successful initialization of hardware 'FakeSystem'
[INFO] [1737964677.421817492] [resource_manager]: 'configure' hardware 'FakeSystem' 
[INFO] [1737964677.421828232] [resource_manager]: Successful 'configure' of hardware 'FakeSystem'
[INFO] [1737964677.421835095] [resource_manager]: 'activate' hardware 'FakeSystem' 
[INFO] [1737964677.421840105] [resource_manager]: Successful 'activate' of hardware 'FakeSystem'
[INFO] [1737964677.427943462] [controller_manager]: update rate is 100 Hz
[INFO] [1737964677.428000218] [controller_manager]: Spawning controller_manager RT thread with scheduler priority: 50
[WARN] [1737964677.428177448] [controller_manager]: No real-time kernel detected on this system. See [https://control.ros.org/master/doc/ros2_control/controller_manager/doc/userdoc.html] for details on how to enable realtime scheduling.
[INFO] [1737964677.637486830] [controller_manager]: Loading controller 'joint_state_broadcaster'
[INFO] [1737964677.648514603] [controller_manager]: Loading controller 'spot_gripper_controller'
[ERROR] [1737964677.648592739] [controller_manager]: Loader for controller 'spot_gripper_controller' (type 'position_controllers/GripperActionController') not found.
[INFO] [1737964677.648606194] [controller_manager]: Available classes:
[INFO] [1737964677.648617165] [controller_manager]:   controller_manager/test_controller
[INFO] [1737964677.648625059] [controller_manager]:   controller_manager/test_controller_failed_init
[INFO] [1737964677.648632734] [controller_manager]:   controller_manager/test_controller_with_interfaces
[INFO] [1737964677.648640398] [controller_manager]:   forward_command_controller/ForwardCommandController
[INFO] [1737964677.648648233] [controller_manager]:   forward_command_controller/MultiInterfaceForwardCommandController
[INFO] [1737964677.648664743] [controller_manager]:   joint_state_broadcaster/JointStateBroadcaster
[INFO] [1737964677.648672698] [controller_manager]:   joint_trajectory_controller/JointTrajectoryController
[INFO] [1737964677.648680102] [controller_manager]:   position_controllers/JointGroupPositionController
[INFO] [1737964677.648688989] [controller_manager]:   controller_manager/test_chainable_controller
[INFO] [1737964677.648850610] [controller_manager]: Loading controller 'spot_arm_controller'
[WARN] [1737964677.659584294] [spot_arm_controller]: [Deprecated]: "allow_nonzero_velocity_at_trajectory_end" is set to true. The default behavior will change to false.
[INFO] [1737964677.673416914] [controller_manager]: Configuring controller 'joint_state_broadcaster'
[INFO] [1737964677.673670307] [joint_state_broadcaster]: 'joints' or 'interfaces' parameter is empty. All available state interfaces will be published
[INFO] [1737964677.698471940] [controller_manager]: Configuring controller 'spot_arm_controller'
[INFO] [1737964677.698705466] [spot_arm_controller]: No specific joint names are used for command interfaces. Using 'joints' parameter.
[INFO] [1737964677.698734470] [spot_arm_controller]: Command interfaces are [position] and state interfaces are [position velocity].
[INFO] [1737964677.698756131] [spot_arm_controller]: Using 'splines' interpolation method.
[INFO] [1737964677.700042373] [spot_arm_controller]: Controller state will be published at 50.00 Hz.
[INFO] [1737964677.701861640] [spot_arm_controller]: Action status changes will be monitored at 20.00 Hz.
[INFO] [1737964692.299966595] [spot_arm_controller]: Received new action goal
[INFO] [1737964692.300030424] [spot_arm_controller]: Accepted new action goal
[INFO] [1737964702.477239956] [rclcpp]: signal_handler(signum=2)
