[WARN] [1738125415.949520382] [controller_manager]: [Deprecated] Passing the robot description parameter directly to the control_manager node is deprecated. Use '~/robot_description' topic from 'robot_state_publisher' instead.
[INFO] [1738125415.950657622] [resource_manager]: Loading hardware 'FakeSystem' 
[INFO] [1738125415.951987445] [resource_manager]: Initialize hardware 'FakeSystem' 
[INFO] [1738125415.952108868] [resource_manager]: Successful initialization of hardware 'FakeSystem'
[INFO] [1738125415.952232134] [resource_manager]: 'configure' hardware 'FakeSystem' 
[INFO] [1738125415.952498784] [resource_manager]: Successful 'configure' of hardware 'FakeSystem'
[INFO] [1738125415.952512530] [resource_manager]: 'activate' hardware 'FakeSystem' 
[INFO] [1738125415.952519623] [resource_manager]: Successful 'activate' of hardware 'FakeSystem'
[INFO] [1738125415.960417974] [controller_manager]: update rate is 100 Hz
[INFO] [1738125415.960456946] [controller_manager]: Spawning controller_manager RT thread with scheduler priority: 50
[WARN] [1738125415.960621769] [controller_manager]: No real-time kernel detected on this system. See [https://control.ros.org/master/doc/ros2_control/controller_manager/doc/userdoc.html] for details on how to enable realtime scheduling.
[INFO] [1738125416.161069352] [controller_manager]: Loading controller 'spot_arm_controller'
[WARN] [1738125416.183874193] [spot_arm_controller]: [Deprecated]: "allow_nonzero_velocity_at_trajectory_end" is set to true. The default behavior will change to false.
[INFO] [1738125416.191576635] [controller_manager]: Loading controller 'joint_state_broadcaster'
[INFO] [1738125416.211155890] [controller_manager]: Loading controller 'spot_gripper_controller'
[INFO] [1738125416.221118074] [controller_manager]: Configuring controller 'spot_arm_controller'
[INFO] [1738125416.221349730] [spot_arm_controller]: No specific joint names are used for command interfaces. Using 'joints' parameter.
[INFO] [1738125416.221372351] [spot_arm_controller]: Command interfaces are [position] and state interfaces are [position velocity].
[INFO] [1738125416.221408508] [spot_arm_controller]: Using 'splines' interpolation method.
[INFO] [1738125416.223327774] [spot_arm_controller]: Controller state will be published at 50.00 Hz.
[INFO] [1738125416.227958372] [spot_arm_controller]: Action status changes will be monitored at 20.00 Hz.
[INFO] [1738125416.241186317] [controller_manager]: Configuring controller 'joint_state_broadcaster'
[INFO] [1738125416.241282383] [joint_state_broadcaster]: 'joints' or 'interfaces' parameter is empty. All available state interfaces will be published
[INFO] [1738125416.251355261] [controller_manager]: Configuring controller 'spot_gripper_controller'
[INFO] [1738125416.251527518] [spot_gripper_controller]: Action status changes will be monitored at 20Hz.
[INFO] [1738125449.048508398] [rclcpp]: signal_handler(signum=2)
