[WARN] [1738259497.712219180] [controller_manager]: [Deprecated] Passing the robot description parameter directly to the control_manager node is deprecated. Use '~/robot_description' topic from 'robot_state_publisher' instead.
[INFO] [1738259497.712595432] [resource_manager]: Loading hardware 'FakeSystem' 
[INFO] [1738259497.713062755] [resource_manager]: Initialize hardware 'FakeSystem' 
[INFO] [1738259497.713119490] [resource_manager]: Successful initialization of hardware 'FakeSystem'
[INFO] [1738259497.713171888] [resource_manager]: 'configure' hardware 'FakeSystem' 
[INFO] [1738259497.713179793] [resource_manager]: Successful 'configure' of hardware 'FakeSystem'
[INFO] [1738259497.713190072] [resource_manager]: 'activate' hardware 'FakeSystem' 
[INFO] [1738259497.713197797] [resource_manager]: Successful 'activate' of hardware 'FakeSystem'
[INFO] [1738259497.717628556] [controller_manager]: update rate is 100 Hz
[INFO] [1738259497.717677848] [controller_manager]: Spawning controller_manager RT thread with scheduler priority: 50
[WARN] [1738259497.717843878] [controller_manager]: No real-time kernel detected on this system. See [https://control.ros.org/master/doc/ros2_control/controller_manager/doc/userdoc.html] for details on how to enable realtime scheduling.
[INFO] [1738259497.926135424] [controller_manager]: Loading controller 'spot_arm_controller'
[WARN] [1738259497.937075023] [spot_arm_controller]: [Deprecated]: "allow_nonzero_velocity_at_trajectory_end" is set to true. The default behavior will change to false.
[INFO] [1738259497.938399144] [controller_manager]: Loading controller 'joint_state_broadcaster'
[INFO] [1738259497.948282461] [controller_manager]: Loading controller 'spot_gripper_controller'
[INFO] [1738259497.962673661] [controller_manager]: Configuring controller 'spot_arm_controller'
[INFO] [1738259497.963047179] [spot_arm_controller]: No specific joint names are used for command interfaces. Using 'joints' parameter.
[INFO] [1738259497.963106028] [spot_arm_controller]: Command interfaces are [position] and state interfaces are [position velocity].
[INFO] [1738259497.963155070] [spot_arm_controller]: Using 'splines' interpolation method.
[INFO] [1738259497.964993211] [spot_arm_controller]: Controller state will be published at 50.00 Hz.
[INFO] [1738259497.967501592] [spot_arm_controller]: Action status changes will be monitored at 20.00 Hz.
[INFO] [1738259497.978372052] [controller_manager]: Configuring controller 'joint_state_broadcaster'
[INFO] [1738259497.978545836] [joint_state_broadcaster]: 'joints' or 'interfaces' parameter is empty. All available state interfaces will be published
[INFO] [1738259497.988245690] [controller_manager]: Configuring controller 'spot_gripper_controller'
[INFO] [1738259497.988378999] [spot_gripper_controller]: Action status changes will be monitored at 20Hz.
[INFO] [1738260277.000029546] [rclcpp]: signal_handler(signum=2)
