[WARN] [1738170184.674246747] [controller_manager]: [Deprecated] Passing the robot description parameter directly to the control_manager node is deprecated. Use '~/robot_description' topic from 'robot_state_publisher' instead.
[INFO] [1738170184.674519279] [resource_manager]: Loading hardware 'FakeSystem' 
[INFO] [1738170184.676867622] [resource_manager]: Initialize hardware 'FakeSystem' 
[INFO] [1738170184.676934879] [resource_manager]: Successful initialization of hardware 'FakeSystem'
[INFO] [1738170184.676988680] [resource_manager]: 'configure' hardware 'FakeSystem' 
[INFO] [1738170184.676999741] [resource_manager]: Successful 'configure' of hardware 'FakeSystem'
[INFO] [1738170184.677008447] [resource_manager]: 'activate' hardware 'FakeSystem' 
[INFO] [1738170184.677014659] [resource_manager]: Successful 'activate' of hardware 'FakeSystem'
[INFO] [1738170184.684956794] [controller_manager]: update rate is 100 Hz
[INFO] [1738170184.684996669] [controller_manager]: Spawning controller_manager RT thread with scheduler priority: 50
[WARN] [1738170184.685136512] [controller_manager]: No real-time kernel detected on this system. See [https://control.ros.org/master/doc/ros2_control/controller_manager/doc/userdoc.html] for details on how to enable realtime scheduling.
[INFO] [1738170184.892469296] [controller_manager]: Loading controller 'joint_state_broadcaster'
[INFO] [1738170184.905402992] [controller_manager]: Loading controller 'spot_gripper_controller'
[INFO] [1738170184.925780336] [controller_manager]: Loading controller 'spot_arm_controller'
[WARN] [1738170184.939977507] [spot_arm_controller]: [Deprecated]: "allow_nonzero_velocity_at_trajectory_end" is set to true. The default behavior will change to false.
[INFO] [1738170184.945455792] [controller_manager]: Configuring controller 'joint_state_broadcaster'
[INFO] [1738170184.945607307] [joint_state_broadcaster]: 'joints' or 'interfaces' parameter is empty. All available state interfaces will be published
[INFO] [1738170184.955714421] [controller_manager]: Configuring controller 'spot_gripper_controller'
[INFO] [1738170184.955883969] [spot_gripper_controller]: Action status changes will be monitored at 20Hz.
[INFO] [1738170184.985693880] [controller_manager]: Configuring controller 'spot_arm_controller'
[INFO] [1738170184.985972323] [spot_arm_controller]: No specific joint names are used for command interfaces. Using 'joints' parameter.
[INFO] [1738170184.986006688] [spot_arm_controller]: Command interfaces are [position] and state interfaces are [position velocity].
[INFO] [1738170184.986067292] [spot_arm_controller]: Using 'splines' interpolation method.
[INFO] [1738170184.987441765] [spot_arm_controller]: Controller state will be published at 50.00 Hz.
[INFO] [1738170184.989237159] [spot_arm_controller]: Action status changes will be monitored at 20.00 Hz.
[INFO] [1738170264.729263411] [rclcpp]: signal_handler(signum=2)
