[WARN] [1738184669.651220576] [controller_manager]: [Deprecated] Passing the robot description parameter directly to the control_manager node is deprecated. Use '~/robot_description' topic from 'robot_state_publisher' instead.
[INFO] [1738184669.651990848] [resource_manager]: Loading hardware 'FakeSystem' 
[INFO] [1738184669.652653827] [resource_manager]: Initialize hardware 'FakeSystem' 
[INFO] [1738184669.652704032] [resource_manager]: Successful initialization of hardware 'FakeSystem'
[INFO] [1738184669.652744920] [resource_manager]: 'configure' hardware 'FakeSystem' 
[INFO] [1738184669.652752805] [resource_manager]: Successful 'configure' of hardware 'FakeSystem'
[INFO] [1738184669.652758606] [resource_manager]: 'activate' hardware 'FakeSystem' 
[INFO] [1738184669.652762974] [resource_manager]: Successful 'activate' of hardware 'FakeSystem'
[INFO] [1738184669.657846376] [controller_manager]: update rate is 100 Hz
[INFO] [1738184669.657902402] [controller_manager]: Spawning controller_manager RT thread with scheduler priority: 50
[WARN] [1738184669.658066794] [controller_manager]: No real-time kernel detected on this system. See [https://control.ros.org/master/doc/ros2_control/controller_manager/doc/userdoc.html] for details on how to enable realtime scheduling.
[INFO] [1738184669.899891249] [controller_manager]: Loading controller 'joint_state_broadcaster'
[INFO] [1738184669.919975692] [controller_manager]: Loading controller 'spot_gripper_controller'
[INFO] [1738184669.938524468] [controller_manager]: Loading controller 'spot_arm_controller'
[WARN] [1738184669.951570688] [spot_arm_controller]: [Deprecated]: "allow_nonzero_velocity_at_trajectory_end" is set to true. The default behavior will change to false.
[INFO] [1738184669.958676749] [controller_manager]: Configuring controller 'joint_state_broadcaster'
[INFO] [1738184669.958876779] [joint_state_broadcaster]: 'joints' or 'interfaces' parameter is empty. All available state interfaces will be published
[INFO] [1738184669.968489229] [controller_manager]: Configuring controller 'spot_gripper_controller'
[INFO] [1738184669.968636779] [spot_gripper_controller]: Action status changes will be monitored at 20Hz.
[INFO] [1738184669.998665151] [controller_manager]: Configuring controller 'spot_arm_controller'
[INFO] [1738184669.999032338] [spot_arm_controller]: No specific joint names are used for command interfaces. Using 'joints' parameter.
[INFO] [1738184669.999071071] [spot_arm_controller]: Command interfaces are [position] and state interfaces are [position velocity].
[INFO] [1738184669.999178134] [spot_arm_controller]: Using 'splines' interpolation method.
[INFO] [1738184670.000519010] [spot_arm_controller]: Controller state will be published at 50.00 Hz.
[INFO] [1738184670.002241170] [spot_arm_controller]: Action status changes will be monitored at 20.00 Hz.
[INFO] [1738184677.539436231] [spot_arm_controller]: Received new action goal
[INFO] [1738184677.539498780] [spot_arm_controller]: Accepted new action goal
[INFO] [1738184680.638213742] [spot_arm_controller]: Goal reached, success!
[INFO] [1738184698.865779307] [rclcpp]: signal_handler(signum=2)
