[WARN] [1738206993.374184714] [controller_manager]: [Deprecated] Passing the robot description parameter directly to the control_manager node is deprecated. Use '~/robot_description' topic from 'robot_state_publisher' instead.
[INFO] [1738206993.374912799] [resource_manager]: Loading hardware 'FakeSystem' 
[INFO] [1738206993.375797199] [resource_manager]: Initialize hardware 'FakeSystem' 
[INFO] [1738206993.375901646] [resource_manager]: Successful initialization of hardware 'FakeSystem'
[INFO] [1738206993.376076967] [resource_manager]: 'configure' hardware 'FakeSystem' 
[INFO] [1738206993.376096594] [resource_manager]: Successful 'configure' of hardware 'FakeSystem'
[INFO] [1738206993.376112063] [resource_manager]: 'activate' hardware 'FakeSystem' 
[INFO] [1738206993.376132992] [resource_manager]: Successful 'activate' of hardware 'FakeSystem'
[INFO] [1738206993.391982224] [controller_manager]: update rate is 100 Hz
[INFO] [1738206993.392092512] [controller_manager]: Spawning controller_manager RT thread with scheduler priority: 50
[WARN] [1738206993.392405303] [controller_manager]: No real-time kernel detected on this system. See [https://control.ros.org/master/doc/ros2_control/controller_manager/doc/userdoc.html] for details on how to enable realtime scheduling.
[INFO] [1738206993.845454268] [controller_manager]: Loading controller 'spot_gripper_controller'
[INFO] [1738206993.863003048] [controller_manager]: Loading controller 'spot_arm_controller'
[WARN] [1738206993.881403756] [spot_arm_controller]: [Deprecated]: "allow_nonzero_velocity_at_trajectory_end" is set to true. The default behavior will change to false.
[INFO] [1738206993.906459308] [controller_manager]: Configuring controller 'spot_gripper_controller'
[INFO] [1738206993.906724419] [spot_gripper_controller]: Action status changes will be monitored at 20Hz.
[INFO] [1738206993.943293167] [controller_manager]: Loading controller 'joint_state_broadcaster'
[INFO] [1738206993.973238059] [controller_manager]: Configuring controller 'spot_arm_controller'
[INFO] [1738206993.973787717] [spot_arm_controller]: No specific joint names are used for command interfaces. Using 'joints' parameter.
[INFO] [1738206993.973851036] [spot_arm_controller]: Command interfaces are [position] and state interfaces are [position velocity].
[INFO] [1738206993.973898837] [spot_arm_controller]: Using 'splines' interpolation method.
[INFO] [1738206993.976062762] [spot_arm_controller]: Controller state will be published at 50.00 Hz.
[INFO] [1738206993.978384335] [spot_arm_controller]: Action status changes will be monitored at 20.00 Hz.
[INFO] [1738206994.016724357] [controller_manager]: Configuring controller 'joint_state_broadcaster'
[INFO] [1738206994.016952728] [joint_state_broadcaster]: 'joints' or 'interfaces' parameter is empty. All available state interfaces will be published
[INFO] [1738207319.774565065] [rclcpp]: signal_handler(signum=2)
