[WARN] [1738160835.314426669] [controller_manager]: [Deprecated] Passing the robot description parameter directly to the control_manager node is deprecated. Use '~/robot_description' topic from 'robot_state_publisher' instead.
[INFO] [1738160835.314812941] [resource_manager]: Loading hardware 'FakeSystem' 
[INFO] [1738160835.316883900] [resource_manager]: Initialize hardware 'FakeSystem' 
[INFO] [1738160835.316980255] [resource_manager]: Successful initialization of hardware 'FakeSystem'
[INFO] [1738160835.317055615] [resource_manager]: 'configure' hardware 'FakeSystem' 
[INFO] [1738160835.317068383] [resource_manager]: Successful 'configure' of hardware 'FakeSystem'
[INFO] [1738160835.317077793] [resource_manager]: 'activate' hardware 'FakeSystem' 
[INFO] [1738160835.317084006] [resource_manager]: Successful 'activate' of hardware 'FakeSystem'
[INFO] [1738160835.324247186] [controller_manager]: update rate is 100 Hz
[INFO] [1738160835.324294727] [controller_manager]: Spawning controller_manager RT thread with scheduler priority: 50
[WARN] [1738160835.324434324] [controller_manager]: No real-time kernel detected on this system. See [https://control.ros.org/master/doc/ros2_control/controller_manager/doc/userdoc.html] for details on how to enable realtime scheduling.
[INFO] [1738160835.712100735] [controller_manager]: Loading controller 'spot_gripper_controller'
[INFO] [1738160835.734913301] [controller_manager]: Loading controller 'spot_arm_controller'
[WARN] [1738160835.749380540] [spot_arm_controller]: [Deprecated]: "allow_nonzero_velocity_at_trajectory_end" is set to true. The default behavior will change to false.
[INFO] [1738160835.754805309] [controller_manager]: Loading controller 'joint_state_broadcaster'
[INFO] [1738160835.764701527] [controller_manager]: Configuring controller 'spot_gripper_controller'
[INFO] [1738160835.764844311] [spot_gripper_controller]: Action status changes will be monitored at 20Hz.
[INFO] [1738160835.804793961] [controller_manager]: Configuring controller 'spot_arm_controller'
[INFO] [1738160835.804972762] [spot_arm_controller]: No specific joint names are used for command interfaces. Using 'joints' parameter.
[INFO] [1738160835.804998847] [spot_arm_controller]: Command interfaces are [position] and state interfaces are [position velocity].
[INFO] [1738160835.805040356] [spot_arm_controller]: Using 'splines' interpolation method.
[INFO] [1738160835.806742549] [spot_arm_controller]: Controller state will be published at 50.00 Hz.
[INFO] [1738160835.808061558] [spot_arm_controller]: Action status changes will be monitored at 20.00 Hz.
[INFO] [1738160835.814845981] [controller_manager]: Configuring controller 'joint_state_broadcaster'
[INFO] [1738160835.814991561] [joint_state_broadcaster]: 'joints' or 'interfaces' parameter is empty. All available state interfaces will be published
[INFO] [1738160850.345896162] [spot_arm_controller]: Received new action goal
[INFO] [1738160850.345961370] [spot_arm_controller]: Accepted new action goal
[INFO] [1738160853.524558058] [spot_arm_controller]: Goal reached, success!
[INFO] [1738160892.399541286] [rclcpp]: signal_handler(signum=2)
