[WARN] [1738175055.237075487] [controller_manager]: [Deprecated] Passing the robot description parameter directly to the control_manager node is deprecated. Use '~/robot_description' topic from 'robot_state_publisher' instead.
[INFO] [1738175055.237416833] [resource_manager]: Loading hardware 'FakeSystem' 
[INFO] [1738175055.238472509] [resource_manager]: Initialize hardware 'FakeSystem' 
[INFO] [1738175055.238545765] [resource_manager]: Successful initialization of hardware 'FakeSystem'
[INFO] [1738175055.238638809] [resource_manager]: 'configure' hardware 'FakeSystem' 
[INFO] [1738175055.238651522] [resource_manager]: Successful 'configure' of hardware 'FakeSystem'
[INFO] [1738175055.238658075] [resource_manager]: 'activate' hardware 'FakeSystem' 
[INFO] [1738175055.238662994] [resource_manager]: Successful 'activate' of hardware 'FakeSystem'
[INFO] [1738175055.244199365] [controller_manager]: update rate is 100 Hz
[INFO] [1738175055.244281999] [controller_manager]: Spawning controller_manager RT thread with scheduler priority: 50
[WARN] [1738175055.244465400] [controller_manager]: No real-time kernel detected on this system. See [https://control.ros.org/master/doc/ros2_control/controller_manager/doc/userdoc.html] for details on how to enable realtime scheduling.
[INFO] [1738175055.492528970] [controller_manager]: Loading controller 'joint_state_broadcaster'
[INFO] [1738175055.515134411] [controller_manager]: Loading controller 'spot_arm_controller'
[WARN] [1738175055.534600496] [spot_arm_controller]: [Deprecated]: "allow_nonzero_velocity_at_trajectory_end" is set to true. The default behavior will change to false.
[INFO] [1738175055.545060857] [controller_manager]: Loading controller 'spot_gripper_controller'
[INFO] [1738175055.570594742] [controller_manager]: Configuring controller 'spot_arm_controller'
[INFO] [1738175055.570886716] [spot_arm_controller]: No specific joint names are used for command interfaces. Using 'joints' parameter.
[INFO] [1738175055.570921330] [spot_arm_controller]: Command interfaces are [position] and state interfaces are [position velocity].
[INFO] [1738175055.570950956] [spot_arm_controller]: Using 'splines' interpolation method.
[INFO] [1738175055.573553242] [spot_arm_controller]: Controller state will be published at 50.00 Hz.
[INFO] [1738175055.577913513] [spot_arm_controller]: Action status changes will be monitored at 20.00 Hz.
[INFO] [1738175055.605054621] [controller_manager]: Configuring controller 'spot_gripper_controller'
[INFO] [1738175055.605276424] [spot_gripper_controller]: Action status changes will be monitored at 20Hz.
[INFO] [1738175055.631782650] [controller_manager]: Configuring controller 'joint_state_broadcaster'
[INFO] [1738175055.632007018] [joint_state_broadcaster]: 'joints' or 'interfaces' parameter is empty. All available state interfaces will be published
[INFO] [1738175114.315873270] [spot_arm_controller]: Received new action goal
[INFO] [1738175114.315921921] [spot_arm_controller]: Accepted new action goal
[INFO] [1738175118.884596432] [spot_arm_controller]: Goal reached, success!
[INFO] [1738175698.777383610] [rclcpp]: signal_handler(signum=2)
