[WARN] [1738210746.185735664] [controller_manager]: [Deprecated] Passing the robot description parameter directly to the control_manager node is deprecated. Use '~/robot_description' topic from 'robot_state_publisher' instead.
[INFO] [1738210746.186120948] [resource_manager]: Loading hardware 'FakeSystem' 
[INFO] [1738210746.186714059] [resource_manager]: Initialize hardware 'FakeSystem' 
[INFO] [1738210746.186770594] [resource_manager]: Successful initialization of hardware 'FakeSystem'
[INFO] [1738210746.186826988] [resource_manager]: 'configure' hardware 'FakeSystem' 
[INFO] [1738210746.186840313] [resource_manager]: Successful 'configure' of hardware 'FakeSystem'
[INFO] [1738210746.186851644] [resource_manager]: 'activate' hardware 'FakeSystem' 
[INFO] [1738210746.186858587] [resource_manager]: Successful 'activate' of hardware 'FakeSystem'
[INFO] [1738210746.191851308] [controller_manager]: update rate is 100 Hz
[INFO] [1738210746.191954860] [controller_manager]: Spawning controller_manager RT thread with scheduler priority: 50
[WARN] [1738210746.192210805] [controller_manager]: No real-time kernel detected on this system. See [https://control.ros.org/master/doc/ros2_control/controller_manager/doc/userdoc.html] for details on how to enable realtime scheduling.
[INFO] [1738210746.425373597] [controller_manager]: Loading controller 'spot_arm_controller'
[WARN] [1738210746.439995169] [spot_arm_controller]: [Deprecated]: "allow_nonzero_velocity_at_trajectory_end" is set to true. The default behavior will change to false.
[INFO] [1738210746.446344005] [controller_manager]: Loading controller 'spot_gripper_controller'
[INFO] [1738210746.463049121] [controller_manager]: Loading controller 'joint_state_broadcaster'
[INFO] [1738210746.482940778] [controller_manager]: Configuring controller 'spot_arm_controller'
[INFO] [1738210746.483332164] [spot_arm_controller]: No specific joint names are used for command interfaces. Using 'joints' parameter.
[INFO] [1738210746.483369173] [spot_arm_controller]: Command interfaces are [position] and state interfaces are [position velocity].
[INFO] [1738210746.483397315] [spot_arm_controller]: Using 'splines' interpolation method.
[INFO] [1738210746.485911298] [spot_arm_controller]: Controller state will be published at 50.00 Hz.
[INFO] [1738210746.488957008] [spot_arm_controller]: Action status changes will be monitored at 20.00 Hz.
[INFO] [1738210746.502700060] [controller_manager]: Configuring controller 'spot_gripper_controller'
[INFO] [1738210746.502823759] [spot_gripper_controller]: Action status changes will be monitored at 20Hz.
[INFO] [1738210746.512978926] [controller_manager]: Configuring controller 'joint_state_broadcaster'
[INFO] [1738210746.513255278] [joint_state_broadcaster]: 'joints' or 'interfaces' parameter is empty. All available state interfaces will be published
[INFO] [1738210759.095503751] [rclcpp]: signal_handler(signum=2)
