[WARN] [1738170502.454535985] [controller_manager]: [Deprecated] Passing the robot description parameter directly to the control_manager node is deprecated. Use '~/robot_description' topic from 'robot_state_publisher' instead.
[INFO] [1738170502.454974150] [resource_manager]: Loading hardware 'FakeSystem' 
[INFO] [1738170502.455612320] [resource_manager]: Initialize hardware 'FakeSystem' 
[INFO] [1738170502.455682813] [resource_manager]: Successful initialization of hardware 'FakeSystem'
[INFO] [1738170502.455746062] [resource_manager]: 'configure' hardware 'FakeSystem' 
[INFO] [1738170502.455757153] [resource_manager]: Successful 'configure' of hardware 'FakeSystem'
[INFO] [1738170502.455767302] [resource_manager]: 'activate' hardware 'FakeSystem' 
[INFO] [1738170502.455775297] [resource_manager]: Successful 'activate' of hardware 'FakeSystem'
[INFO] [1738170502.460996470] [controller_manager]: update rate is 100 Hz
[INFO] [1738170502.461038439] [controller_manager]: Spawning controller_manager RT thread with scheduler priority: 50
[WARN] [1738170502.461294290] [controller_manager]: No real-time kernel detected on this system. See [https://control.ros.org/master/doc/ros2_control/controller_manager/doc/userdoc.html] for details on how to enable realtime scheduling.
[INFO] [1738170502.663812330] [controller_manager]: Loading controller 'joint_state_broadcaster'
[INFO] [1738170502.681714642] [controller_manager]: Loading controller 'spot_gripper_controller'
[INFO] [1738170502.691811669] [controller_manager]: Loading controller 'spot_arm_controller'
[WARN] [1738170502.702665299] [spot_arm_controller]: [Deprecated]: "allow_nonzero_velocity_at_trajectory_end" is set to true. The default behavior will change to false.
[INFO] [1738170502.711697963] [controller_manager]: Configuring controller 'joint_state_broadcaster'
[INFO] [1738170502.711898851] [joint_state_broadcaster]: 'joints' or 'interfaces' parameter is empty. All available state interfaces will be published
[INFO] [1738170502.721779631] [controller_manager]: Configuring controller 'spot_gripper_controller'
[INFO] [1738170502.721868358] [spot_gripper_controller]: Action status changes will be monitored at 20Hz.
[INFO] [1738170502.751748344] [controller_manager]: Configuring controller 'spot_arm_controller'
[INFO] [1738170502.752028501] [spot_arm_controller]: No specific joint names are used for command interfaces. Using 'joints' parameter.
[INFO] [1738170502.752064229] [spot_arm_controller]: Command interfaces are [position] and state interfaces are [position velocity].
[INFO] [1738170502.752094626] [spot_arm_controller]: Using 'splines' interpolation method.
[INFO] [1738170502.753393069] [spot_arm_controller]: Controller state will be published at 50.00 Hz.
[INFO] [1738170502.754909602] [spot_arm_controller]: Action status changes will be monitored at 20.00 Hz.
[INFO] [1738170588.482706226] [rclcpp]: signal_handler(signum=2)
