[WARN] [1738124718.481631612] [controller_manager]: [Deprecated] Passing the robot description parameter directly to the control_manager node is deprecated. Use '~/robot_description' topic from 'robot_state_publisher' instead.
[INFO] [1738124718.481985121] [resource_manager]: Loading hardware 'FakeSystem' 
[INFO] [1738124718.483219904] [resource_manager]: Initialize hardware 'FakeSystem' 
[INFO] [1738124718.483314352] [resource_manager]: Successful initialization of hardware 'FakeSystem'
[INFO] [1738124718.483389494] [resource_manager]: 'configure' hardware 'FakeSystem' 
[INFO] [1738124718.483400104] [resource_manager]: Successful 'configure' of hardware 'FakeSystem'
[INFO] [1738124718.483406527] [resource_manager]: 'activate' hardware 'FakeSystem' 
[INFO] [1738124718.483411897] [resource_manager]: Successful 'activate' of hardware 'FakeSystem'
[INFO] [1738124718.489287611] [controller_manager]: update rate is 100 Hz
[INFO] [1738124718.489333878] [controller_manager]: Spawning controller_manager RT thread with scheduler priority: 50
[WARN] [1738124718.489511363] [controller_manager]: No real-time kernel detected on this system. See [https://control.ros.org/master/doc/ros2_control/controller_manager/doc/userdoc.html] for details on how to enable realtime scheduling.
[INFO] [1738124718.726579118] [controller_manager]: Loading controller 'spot_gripper_controller'
[INFO] [1738124718.739978420] [controller_manager]: Loading controller 'joint_state_broadcaster'
[INFO] [1738124718.750066985] [controller_manager]: Loading controller 'spot_arm_controller'
[WARN] [1738124718.761786612] [spot_arm_controller]: [Deprecated]: "allow_nonzero_velocity_at_trajectory_end" is set to true. The default behavior will change to false.
[INFO] [1738124718.769942085] [controller_manager]: Configuring controller 'spot_gripper_controller'
[INFO] [1738124718.770105994] [spot_gripper_controller]: Action status changes will be monitored at 20Hz.
[INFO] [1738124718.779772582] [controller_manager]: Configuring controller 'joint_state_broadcaster'
[INFO] [1738124718.779890134] [joint_state_broadcaster]: 'joints' or 'interfaces' parameter is empty. All available state interfaces will be published
[INFO] [1738124718.810128368] [controller_manager]: Configuring controller 'spot_arm_controller'
[INFO] [1738124718.810316774] [spot_arm_controller]: No specific joint names are used for command interfaces. Using 'joints' parameter.
[INFO] [1738124718.810335579] [spot_arm_controller]: Command interfaces are [position] and state interfaces are [position velocity].
[INFO] [1738124718.810381386] [spot_arm_controller]: Using 'splines' interpolation method.
[INFO] [1738124718.811296175] [spot_arm_controller]: Controller state will be published at 50.00 Hz.
[INFO] [1738124718.812694597] [spot_arm_controller]: Action status changes will be monitored at 20.00 Hz.
[INFO] [1738125068.567896406] [rclcpp]: signal_handler(signum=2)
