[WARN] [1737962701.838925446] [controller_manager]: [Deprecated] Passing the robot description parameter directly to the control_manager node is deprecated. Use '~/robot_description' topic from 'robot_state_publisher' instead.
[INFO] [1737962701.839321403] [resource_manager]: Loading hardware 'FakeSystem' 
[INFO] [1737962701.839854078] [resource_manager]: Initialize hardware 'FakeSystem' 
[INFO] [1737962701.839915825] [resource_manager]: Successful initialization of hardware 'FakeSystem'
[INFO] [1737962701.839983352] [resource_manager]: 'configure' hardware 'FakeSystem' 
[INFO] [1737962701.839995996] [resource_manager]: Successful 'configure' of hardware 'FakeSystem'
[INFO] [1737962701.840006476] [resource_manager]: 'activate' hardware 'FakeSystem' 
[INFO] [1737962701.840014591] [resource_manager]: Successful 'activate' of hardware 'FakeSystem'
[INFO] [1737962701.844461023] [controller_manager]: update rate is 100 Hz
[INFO] [1737962701.844504525] [controller_manager]: Spawning controller_manager RT thread with scheduler priority: 50
[WARN] [1737962701.844700505] [controller_manager]: No real-time kernel detected on this system. See [https://control.ros.org/master/doc/ros2_control/controller_manager/doc/userdoc.html] for details on how to enable realtime scheduling.
[INFO] [1737962702.060628949] [controller_manager]: Loading controller 'spot_arm_controller'
[WARN] [1737962702.071837373] [spot_arm_controller]: [Deprecated]: "allow_nonzero_velocity_at_trajectory_end" is set to true. The default behavior will change to false.
[INFO] [1737962702.075052521] [controller_manager]: Loading controller 'spot_gripper_controller'
[ERROR] [1737962702.075087036] [controller_manager]: Loader for controller 'spot_gripper_controller' (type 'position_controllers/GripperActionController') not found.
[INFO] [1737962702.075093228] [controller_manager]: Available classes:
[INFO] [1737962702.075099660] [controller_manager]:   controller_manager/test_controller
[INFO] [1737962702.075104078] [controller_manager]:   controller_manager/test_controller_failed_init
[INFO] [1737962702.075107956] [controller_manager]:   controller_manager/test_controller_with_interfaces
[INFO] [1737962702.075111953] [controller_manager]:   forward_command_controller/ForwardCommandController
[INFO] [1737962702.075115941] [controller_manager]:   forward_command_controller/MultiInterfaceForwardCommandController
[INFO] [1737962702.075120058] [controller_manager]:   joint_state_broadcaster/JointStateBroadcaster
[INFO] [1737962702.075124256] [controller_manager]:   joint_trajectory_controller/JointTrajectoryController
[INFO] [1737962702.075128394] [controller_manager]:   position_controllers/JointGroupPositionController
[INFO] [1737962702.075133163] [controller_manager]:   controller_manager/test_chainable_controller
[INFO] [1737962702.075299056] [controller_manager]: Loading controller 'joint_state_broadcaster'
[INFO] [1737962702.099201237] [controller_manager]: Configuring controller 'spot_arm_controller'
[INFO] [1737962702.099729394] [spot_arm_controller]: No specific joint names are used for command interfaces. Using 'joints' parameter.
[INFO] [1737962702.099797072] [spot_arm_controller]: Command interfaces are [position] and state interfaces are [position velocity].
[INFO] [1737962702.099852727] [spot_arm_controller]: Using 'splines' interpolation method.
[INFO] [1737962702.102657781] [spot_arm_controller]: Controller state will be published at 50.00 Hz.
[INFO] [1737962702.105618428] [spot_arm_controller]: Action status changes will be monitored at 20.00 Hz.
[INFO] [1737962702.115332862] [controller_manager]: Configuring controller 'joint_state_broadcaster'
[INFO] [1737962702.115516810] [joint_state_broadcaster]: 'joints' or 'interfaces' parameter is empty. All available state interfaces will be published
[INFO] [1737962716.976054270] [rclcpp]: signal_handler(signum=2)
