[WARN] [1738261764.629186533] [controller_manager]: [Deprecated] Passing the robot description parameter directly to the control_manager node is deprecated. Use '~/robot_description' topic from 'robot_state_publisher' instead.
[INFO] [1738261764.629682030] [resource_manager]: Loading hardware 'FakeSystem' 
[INFO] [1738261764.630375121] [resource_manager]: Initialize hardware 'FakeSystem' 
[INFO] [1738261764.630448202] [resource_manager]: Successful initialization of hardware 'FakeSystem'
[INFO] [1738261764.630563849] [resource_manager]: 'configure' hardware 'FakeSystem' 
[INFO] [1738261764.630586990] [resource_manager]: Successful 'configure' of hardware 'FakeSystem'
[INFO] [1738261764.630604662] [resource_manager]: 'activate' hardware 'FakeSystem' 
[INFO] [1738261764.630617364] [resource_manager]: Successful 'activate' of hardware 'FakeSystem'
[INFO] [1738261764.639377254] [controller_manager]: update rate is 100 Hz
[INFO] [1738261764.639494414] [controller_manager]: Spawning controller_manager RT thread with scheduler priority: 50
[WARN] [1738261764.639788049] [controller_manager]: No real-time kernel detected on this system. See [https://control.ros.org/master/doc/ros2_control/controller_manager/doc/userdoc.html] for details on how to enable realtime scheduling.
[INFO] [1738261764.987638554] [controller_manager]: Loading controller 'spot_arm_controller'
[WARN] [1738261765.006111343] [spot_arm_controller]: [Deprecated]: "allow_nonzero_velocity_at_trajectory_end" is set to true. The default behavior will change to false.
[INFO] [1738261765.010505182] [controller_manager]: Loading controller 'joint_state_broadcaster'
[INFO] [1738261765.047868071] [controller_manager]: Configuring controller 'spot_arm_controller'
[INFO] [1738261765.048262897] [spot_arm_controller]: No specific joint names are used for command interfaces. Using 'joints' parameter.
[INFO] [1738261765.048295966] [spot_arm_controller]: Command interfaces are [position] and state interfaces are [position velocity].
[INFO] [1738261765.048325519] [spot_arm_controller]: Using 'splines' interpolation method.
[INFO] [1738261765.051200291] [spot_arm_controller]: Controller state will be published at 50.00 Hz.
[INFO] [1738261765.055960475] [spot_arm_controller]: Action status changes will be monitored at 20.00 Hz.
[INFO] [1738261765.072960171] [controller_manager]: Configuring controller 'joint_state_broadcaster'
[INFO] [1738261765.073351892] [joint_state_broadcaster]: 'joints' or 'interfaces' parameter is empty. All available state interfaces will be published
[INFO] [1738261767.999722796] [controller_manager]: Loading controller 'spot_gripper_controller'
[INFO] [1738261768.058986417] [controller_manager]: Configuring controller 'spot_gripper_controller'
[INFO] [1738261768.059134141] [spot_gripper_controller]: Action status changes will be monitored at 20Hz.
[INFO] [1738261780.321877942] [spot_arm_controller]: Received new action goal
[INFO] [1738261780.322013542] [spot_arm_controller]: Accepted new action goal
[INFO] [1738261791.920004928] [spot_arm_controller]: Goal reached, success!
[INFO] [1738261931.235692135] [rclcpp]: signal_handler(signum=2)
