[WARN] [1738261683.732750598] [controller_manager]: [Deprecated] Passing the robot description parameter directly to the control_manager node is deprecated. Use '~/robot_description' topic from 'robot_state_publisher' instead.
[INFO] [1738261683.733316566] [resource_manager]: Loading hardware 'FakeSystem' 
[INFO] [1738261683.734084817] [resource_manager]: Initialize hardware 'FakeSystem' 
[INFO] [1738261683.734202014] [resource_manager]: Successful initialization of hardware 'FakeSystem'
[INFO] [1738261683.734329732] [resource_manager]: 'configure' hardware 'FakeSystem' 
[INFO] [1738261683.734352216] [resource_manager]: Successful 'configure' of hardware 'FakeSystem'
[INFO] [1738261683.734368537] [resource_manager]: 'activate' hardware 'FakeSystem' 
[INFO] [1738261683.734382013] [resource_manager]: Successful 'activate' of hardware 'FakeSystem'
[INFO] [1738261683.741548427] [controller_manager]: update rate is 100 Hz
[INFO] [1738261683.741608805] [controller_manager]: Spawning controller_manager RT thread with scheduler priority: 50
[WARN] [1738261683.741797390] [controller_manager]: No real-time kernel detected on this system. See [https://control.ros.org/master/doc/ros2_control/controller_manager/doc/userdoc.html] for details on how to enable realtime scheduling.
[INFO] [1738261684.094492028] [controller_manager]: Loading controller 'spot_gripper_controller'
[INFO] [1738261684.114930261] [controller_manager]: Loading controller 'spot_arm_controller'
[WARN] [1738261684.132443947] [spot_arm_controller]: [Deprecated]: "allow_nonzero_velocity_at_trajectory_end" is set to true. The default behavior will change to false.
[INFO] [1738261684.144145500] [controller_manager]: Loading controller 'joint_state_broadcaster'
[INFO] [1738261684.172654381] [controller_manager]: Configuring controller 'spot_gripper_controller'
[INFO] [1738261684.172868977] [spot_gripper_controller]: Action status changes will be monitored at 20Hz.
[INFO] [1738261684.212302597] [controller_manager]: Configuring controller 'spot_arm_controller'
[INFO] [1738261684.212641995] [spot_arm_controller]: No specific joint names are used for command interfaces. Using 'joints' parameter.
[INFO] [1738261684.212685739] [spot_arm_controller]: Command interfaces are [position] and state interfaces are [position velocity].
[INFO] [1738261684.212721318] [spot_arm_controller]: Using 'splines' interpolation method.
[INFO] [1738261684.214934537] [spot_arm_controller]: Controller state will be published at 50.00 Hz.
[INFO] [1738261684.217986310] [spot_arm_controller]: Action status changes will be monitored at 20.00 Hz.
[INFO] [1738261684.232532406] [controller_manager]: Configuring controller 'joint_state_broadcaster'
[INFO] [1738261684.232710381] [joint_state_broadcaster]: 'joints' or 'interfaces' parameter is empty. All available state interfaces will be published
[INFO] [1738261749.523775700] [spot_arm_controller]: Received new action goal
[INFO] [1738261749.523880039] [spot_arm_controller]: Accepted new action goal
[INFO] [1738261758.002020040] [spot_arm_controller]: Goal reached, success!
[INFO] [1738261758.188529894] [rclcpp]: signal_handler(signum=2)
