[WARN] [1738261124.499371324] [controller_manager]: [Deprecated] Passing the robot description parameter directly to the control_manager node is deprecated. Use '~/robot_description' topic from 'robot_state_publisher' instead.
[INFO] [1738261124.500217015] [resource_manager]: Loading hardware 'FakeSystem' 
[INFO] [1738261124.501328665] [resource_manager]: Initialize hardware 'FakeSystem' 
[INFO] [1738261124.501438488] [resource_manager]: Successful initialization of hardware 'FakeSystem'
[INFO] [1738261124.501540364] [resource_manager]: 'configure' hardware 'FakeSystem' 
[INFO] [1738261124.501555327] [resource_manager]: Successful 'configure' of hardware 'FakeSystem'
[INFO] [1738261124.501565028] [resource_manager]: 'activate' hardware 'FakeSystem' 
[INFO] [1738261124.501571342] [resource_manager]: Successful 'activate' of hardware 'FakeSystem'
[INFO] [1738261124.520412439] [controller_manager]: update rate is 100 Hz
[INFO] [1738261124.520660288] [controller_manager]: Spawning controller_manager RT thread with scheduler priority: 50
[WARN] [1738261124.521577638] [controller_manager]: No real-time kernel detected on this system. See [https://control.ros.org/master/doc/ros2_control/controller_manager/doc/userdoc.html] for details on how to enable realtime scheduling.
[INFO] [1738261125.039014589] [controller_manager]: Loading controller 'spot_gripper_controller'
[INFO] [1738261125.083954482] [controller_manager]: Loading controller 'joint_state_broadcaster'
[INFO] [1738261125.114850125] [controller_manager]: Loading controller 'spot_arm_controller'
[WARN] [1738261125.158051941] [spot_arm_controller]: [Deprecated]: "allow_nonzero_velocity_at_trajectory_end" is set to true. The default behavior will change to false.
[INFO] [1738261125.162046852] [controller_manager]: Configuring controller 'spot_gripper_controller'
[INFO] [1738261125.162264203] [spot_gripper_controller]: Action status changes will be monitored at 20Hz.
[INFO] [1738261125.173186695] [controller_manager]: Configuring controller 'joint_state_broadcaster'
[INFO] [1738261125.173417536] [joint_state_broadcaster]: 'joints' or 'interfaces' parameter is empty. All available state interfaces will be published
[INFO] [1738261125.212805272] [controller_manager]: Configuring controller 'spot_arm_controller'
[INFO] [1738261125.213106799] [spot_arm_controller]: No specific joint names are used for command interfaces. Using 'joints' parameter.
[INFO] [1738261125.213151628] [spot_arm_controller]: Command interfaces are [position] and state interfaces are [position velocity].
[INFO] [1738261125.213189903] [spot_arm_controller]: Using 'splines' interpolation method.
[INFO] [1738261125.214757342] [spot_arm_controller]: Controller state will be published at 50.00 Hz.
[INFO] [1738261125.219781280] [spot_arm_controller]: Action status changes will be monitored at 20.00 Hz.
[INFO] [1738261142.724073304] [rclcpp]: signal_handler(signum=2)
