[WARN] [1738115683.717790899] [controller_manager]: [Deprecated] Passing the robot description parameter directly to the control_manager node is deprecated. Use '~/robot_description' topic from 'robot_state_publisher' instead.
[INFO] [1738115683.718278039] [resource_manager]: Loading hardware 'FakeSystem' 
[INFO] [1738115683.718841126] [resource_manager]: Initialize hardware 'FakeSystem' 
[INFO] [1738115683.718907926] [resource_manager]: Successful initialization of hardware 'FakeSystem'
[INFO] [1738115683.718976891] [resource_manager]: 'configure' hardware 'FakeSystem' 
[INFO] [1738115683.718988552] [resource_manager]: Successful 'configure' of hardware 'FakeSystem'
[INFO] [1738115683.718994953] [resource_manager]: 'activate' hardware 'FakeSystem' 
[INFO] [1738115683.719002587] [resource_manager]: Successful 'activate' of hardware 'FakeSystem'
[INFO] [1738115683.723993621] [controller_manager]: update rate is 100 Hz
[INFO] [1738115683.724038602] [controller_manager]: Spawning controller_manager RT thread with scheduler priority: 50
[WARN] [1738115683.724340156] [controller_manager]: No real-time kernel detected on this system. See [https://control.ros.org/master/doc/ros2_control/controller_manager/doc/userdoc.html] for details on how to enable realtime scheduling.
[INFO] [1738115683.915966345] [controller_manager]: Loading controller 'spot_arm_controller'
[WARN] [1738115683.925646136] [spot_arm_controller]: [Deprecated]: "allow_nonzero_velocity_at_trajectory_end" is set to true. The default behavior will change to false.
[INFO] [1738115683.934907922] [controller_manager]: Loading controller 'joint_state_broadcaster'
[INFO] [1738115683.944932455] [controller_manager]: Loading controller 'spot_gripper_controller'
[INFO] [1738115683.958571767] [controller_manager]: Configuring controller 'spot_arm_controller'
[INFO] [1738115683.958909617] [spot_arm_controller]: No specific joint names are used for command interfaces. Using 'joints' parameter.
[INFO] [1738115683.958941304] [spot_arm_controller]: Command interfaces are [position] and state interfaces are [position velocity].
[INFO] [1738115683.958968704] [spot_arm_controller]: Using 'splines' interpolation method.
[INFO] [1738115683.960916491] [spot_arm_controller]: Controller state will be published at 50.00 Hz.
[INFO] [1738115683.963116805] [spot_arm_controller]: Action status changes will be monitored at 20.00 Hz.
[INFO] [1738115683.975162538] [controller_manager]: Configuring controller 'joint_state_broadcaster'
[INFO] [1738115683.975371415] [joint_state_broadcaster]: 'joints' or 'interfaces' parameter is empty. All available state interfaces will be published
[INFO] [1738115683.984822453] [controller_manager]: Configuring controller 'spot_gripper_controller'
[INFO] [1738115683.984989445] [spot_gripper_controller]: Action status changes will be monitored at 20Hz.
[INFO] [1738115690.585868287] [spot_arm_controller]: Received new action goal
[INFO] [1738115690.585928356] [spot_arm_controller]: Accepted new action goal
[INFO] [1738115694.954523082] [spot_arm_controller]: Goal reached, success!
[INFO] [1738115696.146044290] [rclcpp]: signal_handler(signum=2)
