[WARN] [1737963304.487416769] [controller_manager]: [Deprecated] Passing the robot description parameter directly to the control_manager node is deprecated. Use '~/robot_description' topic from 'robot_state_publisher' instead.
[INFO] [1737963304.487820962] [resource_manager]: Loading hardware 'FakeSystem' 
[INFO] [1737963304.488313491] [resource_manager]: Initialize hardware 'FakeSystem' 
[INFO] [1737963304.488400074] [resource_manager]: Successful initialization of hardware 'FakeSystem'
[INFO] [1737963304.488458114] [resource_manager]: 'configure' hardware 'FakeSystem' 
[INFO] [1737963304.488467221] [resource_manager]: Successful 'configure' of hardware 'FakeSystem'
[INFO] [1737963304.488473893] [resource_manager]: 'activate' hardware 'FakeSystem' 
[INFO] [1737963304.488478512] [resource_manager]: Successful 'activate' of hardware 'FakeSystem'
[INFO] [1737963304.493158631] [controller_manager]: update rate is 100 Hz
[INFO] [1737963304.493200470] [controller_manager]: Spawning controller_manager RT thread with scheduler priority: 50
[WARN] [1737963304.493440092] [controller_manager]: No real-time kernel detected on this system. See [https://control.ros.org/master/doc/ros2_control/controller_manager/doc/userdoc.html] for details on how to enable realtime scheduling.
[INFO] [1737963304.704884101] [controller_manager]: Loading controller 'spot_arm_controller'
[WARN] [1737963304.714924322] [spot_arm_controller]: [Deprecated]: "allow_nonzero_velocity_at_trajectory_end" is set to true. The default behavior will change to false.
[INFO] [1737963304.723975447] [controller_manager]: Loading controller 'spot_gripper_controller'
[ERROR] [1737963304.724065938] [controller_manager]: Loader for controller 'spot_gripper_controller' (type 'position_controllers/GripperActionController') not found.
[INFO] [1737963304.724080856] [controller_manager]: Available classes:
[INFO] [1737963304.724094532] [controller_manager]:   controller_manager/test_controller
[INFO] [1737963304.724103018] [controller_manager]:   controller_manager/test_controller_failed_init
[INFO] [1737963304.724112145] [controller_manager]:   controller_manager/test_controller_with_interfaces
[INFO] [1737963304.724120922] [controller_manager]:   forward_command_controller/ForwardCommandController
[INFO] [1737963304.724130079] [controller_manager]:   forward_command_controller/MultiInterfaceForwardCommandController
[INFO] [1737963304.724138355] [controller_manager]:   joint_state_broadcaster/JointStateBroadcaster
[INFO] [1737963304.724146270] [controller_manager]:   joint_trajectory_controller/JointTrajectoryController
[INFO] [1737963304.724155748] [controller_manager]:   position_controllers/JointGroupPositionController
[INFO] [1737963304.724165907] [controller_manager]:   controller_manager/test_chainable_controller
[INFO] [1737963304.724352829] [controller_manager]: Loading controller 'joint_state_broadcaster'
[INFO] [1737963304.746917288] [controller_manager]: Configuring controller 'spot_arm_controller'
[INFO] [1737963304.747193800] [spot_arm_controller]: No specific joint names are used for command interfaces. Using 'joints' parameter.
[INFO] [1737963304.747234517] [spot_arm_controller]: Command interfaces are [position] and state interfaces are [position velocity].
[INFO] [1737963304.747262680] [spot_arm_controller]: Using 'splines' interpolation method.
[INFO] [1737963304.749611471] [spot_arm_controller]: Controller state will be published at 50.00 Hz.
[INFO] [1737963304.752858877] [spot_arm_controller]: Action status changes will be monitored at 20.00 Hz.
[INFO] [1737963304.763910527] [controller_manager]: Configuring controller 'joint_state_broadcaster'
[INFO] [1737963304.764057875] [joint_state_broadcaster]: 'joints' or 'interfaces' parameter is empty. All available state interfaces will be published
[INFO] [1737963313.145101539] [spot_arm_controller]: Received new action goal
[ERROR] [1737963313.145169327] [spot_arm_controller]: Time between points 0 and 1 is not strictly increasing, it is 0.000000 and 0.000000 respectively
[INFO] [1737963315.704757256] [spot_arm_controller]: Received new action goal
[ERROR] [1737963315.704897430] [spot_arm_controller]: Time between points 0 and 1 is not strictly increasing, it is 0.000000 and 0.000000 respectively
[INFO] [1737963317.384292620] [spot_arm_controller]: Received new action goal
[ERROR] [1737963317.384328257] [spot_arm_controller]: Time between points 0 and 1 is not strictly increasing, it is 0.000000 and 0.000000 respectively
[INFO] [1737963319.856968369] [rclcpp]: signal_handler(signum=2)
