[WARN] [1737964734.785667685] [controller_manager]: [Deprecated] Passing the robot description parameter directly to the control_manager node is deprecated. Use '~/robot_description' topic from 'robot_state_publisher' instead.
[INFO] [1737964734.786100053] [resource_manager]: Loading hardware 'FakeSystem' 
[INFO] [1737964734.786641145] [resource_manager]: Initialize hardware 'FakeSystem' 
[INFO] [1737964734.786710494] [resource_manager]: Successful initialization of hardware 'FakeSystem'
[INFO] [1737964734.786762431] [resource_manager]: 'configure' hardware 'FakeSystem' 
[INFO] [1737964734.786771829] [resource_manager]: Successful 'configure' of hardware 'FakeSystem'
[INFO] [1737964734.786777820] [resource_manager]: 'activate' hardware 'FakeSystem' 
[INFO] [1737964734.786782679] [resource_manager]: Successful 'activate' of hardware 'FakeSystem'
[INFO] [1737964734.791867822] [controller_manager]: update rate is 100 Hz
[INFO] [1737964734.791917495] [controller_manager]: Spawning controller_manager RT thread with scheduler priority: 50
[WARN] [1737964734.792121175] [controller_manager]: No real-time kernel detected on this system. See [https://control.ros.org/master/doc/ros2_control/controller_manager/doc/userdoc.html] for details on how to enable realtime scheduling.
[INFO] [1737964735.006292271] [controller_manager]: Loading controller 'spot_gripper_controller'
[ERROR] [1737964735.006381528] [controller_manager]: Loader for controller 'spot_gripper_controller' (type 'position_controllers/GripperActionController') not found.
[INFO] [1737964735.006402437] [controller_manager]: Available classes:
[INFO] [1737964735.006417375] [controller_manager]:   controller_manager/test_controller
[INFO] [1737964735.006428355] [controller_manager]:   controller_manager/test_controller_failed_init
[INFO] [1737964735.006438695] [controller_manager]:   controller_manager/test_controller_with_interfaces
[INFO] [1737964735.006448503] [controller_manager]:   forward_command_controller/ForwardCommandController
[INFO] [1737964735.006457941] [controller_manager]:   forward_command_controller/MultiInterfaceForwardCommandController
[INFO] [1737964735.006466497] [controller_manager]:   joint_state_broadcaster/JointStateBroadcaster
[INFO] [1737964735.006475053] [controller_manager]:   joint_trajectory_controller/JointTrajectoryController
[INFO] [1737964735.006483969] [controller_manager]:   position_controllers/JointGroupPositionController
[INFO] [1737964735.006494259] [controller_manager]:   controller_manager/test_chainable_controller
[INFO] [1737964735.012195192] [controller_manager]: Loading controller 'spot_arm_controller'
[WARN] [1737964735.021810651] [spot_arm_controller]: [Deprecated]: "allow_nonzero_velocity_at_trajectory_end" is set to true. The default behavior will change to false.
[INFO] [1737964735.027895242] [controller_manager]: Loading controller 'joint_state_broadcaster'
[INFO] [1737964735.047234552] [controller_manager]: Configuring controller 'spot_arm_controller'
[INFO] [1737964735.047537809] [spot_arm_controller]: No specific joint names are used for command interfaces. Using 'joints' parameter.
[INFO] [1737964735.047599033] [spot_arm_controller]: Command interfaces are [position] and state interfaces are [position velocity].
[INFO] [1737964735.047636072] [spot_arm_controller]: Using 'splines' interpolation method.
[INFO] [1737964735.049707914] [spot_arm_controller]: Controller state will be published at 50.00 Hz.
[INFO] [1737964735.053265442] [spot_arm_controller]: Action status changes will be monitored at 20.00 Hz.
[INFO] [1737964735.082588910] [controller_manager]: Configuring controller 'joint_state_broadcaster'
[INFO] [1737964735.082717270] [joint_state_broadcaster]: 'joints' or 'interfaces' parameter is empty. All available state interfaces will be published
[INFO] [1737964795.697087887] [rclcpp]: signal_handler(signum=2)
