[WARN] [1737962123.075742693] [controller_manager]: [Deprecated] Passing the robot description parameter directly to the control_manager node is deprecated. Use '~/robot_description' topic from 'robot_state_publisher' instead.
[INFO] [1737962123.076697868] [resource_manager]: Loading hardware 'FakeSystem' 
[INFO] [1737962123.078009105] [resource_manager]: Initialize hardware 'FakeSystem' 
[INFO] [1737962123.078079769] [resource_manager]: Successful initialization of hardware 'FakeSystem'
[INFO] [1737962123.078146996] [resource_manager]: 'configure' hardware 'FakeSystem' 
[INFO] [1737962123.078157516] [resource_manager]: Successful 'configure' of hardware 'FakeSystem'
[INFO] [1737962123.078164419] [resource_manager]: 'activate' hardware 'FakeSystem' 
[INFO] [1737962123.078169539] [resource_manager]: Successful 'activate' of hardware 'FakeSystem'
[INFO] [1737962123.082411845] [controller_manager]: update rate is 100 Hz
[INFO] [1737962123.082450698] [controller_manager]: Spawning controller_manager RT thread with scheduler priority: 50
[WARN] [1737962123.082604048] [controller_manager]: No real-time kernel detected on this system. See [https://control.ros.org/master/doc/ros2_control/controller_manager/doc/userdoc.html] for details on how to enable realtime scheduling.
[INFO] [1737962123.300099897] [controller_manager]: Loading controller 'spot_gripper_controller'
[ERROR] [1737962123.300184036] [controller_manager]: Loader for controller 'spot_gripper_controller' (type 'position_controllers/GripperActionController') not found.
[INFO] [1737962123.300194405] [controller_manager]: Available classes:
[INFO] [1737962123.300211167] [controller_manager]:   controller_manager/test_controller
[INFO] [1737962123.300222338] [controller_manager]:   controller_manager/test_controller_failed_init
[INFO] [1737962123.300231706] [controller_manager]:   controller_manager/test_controller_with_interfaces
[INFO] [1737962123.300259448] [controller_manager]:   forward_command_controller/ForwardCommandController
[INFO] [1737962123.300269838] [controller_manager]:   forward_command_controller/MultiInterfaceForwardCommandController
[INFO] [1737962123.300275799] [controller_manager]:   joint_state_broadcaster/JointStateBroadcaster
[INFO] [1737962123.300280989] [controller_manager]:   joint_trajectory_controller/JointTrajectoryController
[INFO] [1737962123.300285978] [controller_manager]:   position_controllers/JointGroupPositionController
[INFO] [1737962123.300292050] [controller_manager]:   controller_manager/test_chainable_controller
[INFO] [1737962123.300386729] [controller_manager]: Loading controller 'joint_state_broadcaster'
[INFO] [1737962123.312975026] [controller_manager]: Loading controller 'spot_arm_controller'
[WARN] [1737962123.326589462] [spot_arm_controller]: [Deprecated]: "allow_nonzero_velocity_at_trajectory_end" is set to true. The default behavior will change to false.
[INFO] [1737962123.337809173] [controller_manager]: Configuring controller 'joint_state_broadcaster'
[INFO] [1737962123.338011947] [joint_state_broadcaster]: 'joints' or 'interfaces' parameter is empty. All available state interfaces will be published
[INFO] [1737962123.373082537] [controller_manager]: Configuring controller 'spot_arm_controller'
[INFO] [1737962123.373371704] [spot_arm_controller]: No specific joint names are used for command interfaces. Using 'joints' parameter.
[INFO] [1737962123.373423572] [spot_arm_controller]: Command interfaces are [position] and state interfaces are [position velocity].
[INFO] [1737962123.373523851] [spot_arm_controller]: Using 'splines' interpolation method.
[INFO] [1737962123.375759897] [spot_arm_controller]: Controller state will be published at 50.00 Hz.
[INFO] [1737962123.379120076] [spot_arm_controller]: Action status changes will be monitored at 20.00 Hz.
[INFO] [1737962175.568712876] [rclcpp]: signal_handler(signum=2)
