[WARN] [1738171978.045070025] [controller_manager]: [Deprecated] Passing the robot description parameter directly to the control_manager node is deprecated. Use '~/robot_description' topic from 'robot_state_publisher' instead.
[INFO] [1738171978.045401954] [resource_manager]: Loading hardware 'FakeSystem' 
[INFO] [1738171978.046696972] [resource_manager]: Initialize hardware 'FakeSystem' 
[INFO] [1738171978.046763971] [resource_manager]: Successful initialization of hardware 'FakeSystem'
[INFO] [1738171978.046818698] [resource_manager]: 'configure' hardware 'FakeSystem' 
[INFO] [1738171978.046827233] [resource_manager]: Successful 'configure' of hardware 'FakeSystem'
[INFO] [1738171978.046834336] [resource_manager]: 'activate' hardware 'FakeSystem' 
[INFO] [1738171978.046839815] [resource_manager]: Successful 'activate' of hardware 'FakeSystem'
[INFO] [1738171978.052358487] [controller_manager]: update rate is 100 Hz
[INFO] [1738171978.052435384] [controller_manager]: Spawning controller_manager RT thread with scheduler priority: 50
[WARN] [1738171978.052670671] [controller_manager]: No real-time kernel detected on this system. See [https://control.ros.org/master/doc/ros2_control/controller_manager/doc/userdoc.html] for details on how to enable realtime scheduling.
[INFO] [1738171978.238542808] [controller_manager]: Loading controller 'spot_gripper_controller'
[INFO] [1738171978.253024233] [controller_manager]: Loading controller 'joint_state_broadcaster'
[INFO] [1738171978.263090754] [controller_manager]: Loading controller 'spot_arm_controller'
[WARN] [1738171978.276809646] [spot_arm_controller]: [Deprecated]: "allow_nonzero_velocity_at_trajectory_end" is set to true. The default behavior will change to false.
[INFO] [1738171978.283176042] [controller_manager]: Configuring controller 'spot_gripper_controller'
[INFO] [1738171978.283385824] [spot_gripper_controller]: Action status changes will be monitored at 20Hz.
[INFO] [1738171978.293107413] [controller_manager]: Configuring controller 'joint_state_broadcaster'
[INFO] [1738171978.293177988] [joint_state_broadcaster]: 'joints' or 'interfaces' parameter is empty. All available state interfaces will be published
[INFO] [1738171978.323133108] [controller_manager]: Configuring controller 'spot_arm_controller'
[INFO] [1738171978.323388802] [spot_arm_controller]: No specific joint names are used for command interfaces. Using 'joints' parameter.
[INFO] [1738171978.323426389] [spot_arm_controller]: Command interfaces are [position] and state interfaces are [position velocity].
[INFO] [1738171978.323492867] [spot_arm_controller]: Using 'splines' interpolation method.
[INFO] [1738171978.325063614] [spot_arm_controller]: Controller state will be published at 50.00 Hz.
[INFO] [1738171978.326723239] [spot_arm_controller]: Action status changes will be monitored at 20.00 Hz.
[INFO] [1738171986.733794089] [rclcpp]: signal_handler(signum=2)
