[WARN] [1738114919.304364187] [controller_manager]: [Deprecated] Passing the robot description parameter directly to the control_manager node is deprecated. Use '~/robot_description' topic from 'robot_state_publisher' instead.
[INFO] [1738114919.304890691] [resource_manager]: Loading hardware 'FakeSystem' 
[INFO] [1738114919.307011669] [resource_manager]: Initialize hardware 'FakeSystem' 
[INFO] [1738114919.307208535] [resource_manager]: Successful initialization of hardware 'FakeSystem'
[INFO] [1738114919.307357880] [resource_manager]: 'configure' hardware 'FakeSystem' 
[INFO] [1738114919.307385663] [resource_manager]: Successful 'configure' of hardware 'FakeSystem'
[INFO] [1738114919.307399700] [resource_manager]: 'activate' hardware 'FakeSystem' 
[INFO] [1738114919.307414508] [resource_manager]: Successful 'activate' of hardware 'FakeSystem'
[INFO] [1738114919.314668902] [controller_manager]: update rate is 100 Hz
[INFO] [1738114919.314701244] [controller_manager]: Spawning controller_manager RT thread with scheduler priority: 50
[WARN] [1738114919.314874224] [controller_manager]: No real-time kernel detected on this system. See [https://control.ros.org/master/doc/ros2_control/controller_manager/doc/userdoc.html] for details on how to enable realtime scheduling.
[INFO] [1738114919.651578265] [controller_manager]: Loading controller 'spot_arm_controller'
[WARN] [1738114919.665141198] [spot_arm_controller]: [Deprecated]: "allow_nonzero_velocity_at_trajectory_end" is set to true. The default behavior will change to false.
[INFO] [1738114919.675496630] [controller_manager]: Loading controller 'spot_gripper_controller'
[INFO] [1738114919.685332290] [controller_manager]: Loading controller 'joint_state_broadcaster'
[INFO] [1738114919.698495590] [controller_manager]: Configuring controller 'spot_arm_controller'
[INFO] [1738114919.698908097] [spot_arm_controller]: No specific joint names are used for command interfaces. Using 'joints' parameter.
[INFO] [1738114919.698948624] [spot_arm_controller]: Command interfaces are [position] and state interfaces are [position velocity].
[INFO] [1738114919.698977730] [spot_arm_controller]: Using 'splines' interpolation method.
[INFO] [1738114919.701873085] [spot_arm_controller]: Controller state will be published at 50.00 Hz.
[INFO] [1738114919.710355423] [spot_arm_controller]: Action status changes will be monitored at 20.00 Hz.
[INFO] [1738114919.725393070] [controller_manager]: Configuring controller 'spot_gripper_controller'
[INFO] [1738114919.725593843] [spot_gripper_controller]: Action status changes will be monitored at 20Hz.
[INFO] [1738114919.735401369] [controller_manager]: Configuring controller 'joint_state_broadcaster'
[INFO] [1738114919.735546797] [joint_state_broadcaster]: 'joints' or 'interfaces' parameter is empty. All available state interfaces will be published
[INFO] [1738114927.676544807] [spot_arm_controller]: Received new action goal
[INFO] [1738114927.676617376] [spot_arm_controller]: Accepted new action goal
[INFO] [1738114932.414984668] [spot_arm_controller]: Goal reached, success!
[INFO] [1738114938.541669956] [rclcpp]: signal_handler(signum=2)
