[WARN] [1738124283.541115001] [controller_manager]: [Deprecated] Passing the robot description parameter directly to the control_manager node is deprecated. Use '~/robot_description' topic from 'robot_state_publisher' instead.
[INFO] [1738124283.541652507] [resource_manager]: Loading hardware 'FakeSystem' 
[INFO] [1738124283.542261538] [resource_manager]: Initialize hardware 'FakeSystem' 
[INFO] [1738124283.542324167] [resource_manager]: Successful initialization of hardware 'FakeSystem'
[INFO] [1738124283.542378359] [resource_manager]: 'configure' hardware 'FakeSystem' 
[INFO] [1738124283.542388999] [resource_manager]: Successful 'configure' of hardware 'FakeSystem'
[INFO] [1738124283.542397816] [resource_manager]: 'activate' hardware 'FakeSystem' 
[INFO] [1738124283.542404639] [resource_manager]: Successful 'activate' of hardware 'FakeSystem'
[INFO] [1738124283.548058738] [controller_manager]: update rate is 100 Hz
[INFO] [1738124283.548108832] [controller_manager]: Spawning controller_manager RT thread with scheduler priority: 50
[WARN] [1738124283.548355008] [controller_manager]: No real-time kernel detected on this system. See [https://control.ros.org/master/doc/ros2_control/controller_manager/doc/userdoc.html] for details on how to enable realtime scheduling.
[INFO] [1738124283.857884585] [controller_manager]: Loading controller 'spot_arm_controller'
[WARN] [1738124283.874687610] [spot_arm_controller]: [Deprecated]: "allow_nonzero_velocity_at_trajectory_end" is set to true. The default behavior will change to false.
[INFO] [1738124283.881513494] [controller_manager]: Loading controller 'joint_state_broadcaster'
[INFO] [1738124283.898997095] [controller_manager]: Loading controller 'spot_gripper_controller'
[INFO] [1738124283.918983589] [controller_manager]: Configuring controller 'spot_arm_controller'
[INFO] [1738124283.919396149] [spot_arm_controller]: No specific joint names are used for command interfaces. Using 'joints' parameter.
[INFO] [1738124283.919434281] [spot_arm_controller]: Command interfaces are [position] and state interfaces are [position velocity].
[INFO] [1738124283.919468565] [spot_arm_controller]: Using 'splines' interpolation method.
[INFO] [1738124283.922290871] [spot_arm_controller]: Controller state will be published at 50.00 Hz.
[INFO] [1738124283.926338553] [spot_arm_controller]: Action status changes will be monitored at 20.00 Hz.
[INFO] [1738124283.938805160] [controller_manager]: Configuring controller 'joint_state_broadcaster'
[INFO] [1738124283.938885472] [joint_state_broadcaster]: 'joints' or 'interfaces' parameter is empty. All available state interfaces will be published
[INFO] [1738124283.969131120] [controller_manager]: Configuring controller 'spot_gripper_controller'
[INFO] [1738124283.969294528] [spot_gripper_controller]: Action status changes will be monitored at 20Hz.
[INFO] [1738124298.732224966] [rclcpp]: signal_handler(signum=2)
