[WARN] [1738208891.312802917] [controller_manager]: [Deprecated] Passing the robot description parameter directly to the control_manager node is deprecated. Use '~/robot_description' topic from 'robot_state_publisher' instead.
[INFO] [1738208891.313440983] [resource_manager]: Loading hardware 'FakeSystem' 
[INFO] [1738208891.314064281] [resource_manager]: Initialize hardware 'FakeSystem' 
[INFO] [1738208891.314139814] [resource_manager]: Successful initialization of hardware 'FakeSystem'
[INFO] [1738208891.314216239] [resource_manager]: 'configure' hardware 'FakeSystem' 
[INFO] [1738208891.314247488] [resource_manager]: Successful 'configure' of hardware 'FakeSystem'
[INFO] [1738208891.314261424] [resource_manager]: 'activate' hardware 'FakeSystem' 
[INFO] [1738208891.314271162] [resource_manager]: Successful 'activate' of hardware 'FakeSystem'
[INFO] [1738208891.321804985] [controller_manager]: update rate is 100 Hz
[INFO] [1738208891.321850411] [controller_manager]: Spawning controller_manager RT thread with scheduler priority: 50
[WARN] [1738208891.322091727] [controller_manager]: No real-time kernel detected on this system. See [https://control.ros.org/master/doc/ros2_control/controller_manager/doc/userdoc.html] for details on how to enable realtime scheduling.
[INFO] [1738208891.942223015] [controller_manager]: Loading controller 'spot_arm_controller'
[WARN] [1738208891.965226662] [spot_arm_controller]: [Deprecated]: "allow_nonzero_velocity_at_trajectory_end" is set to true. The default behavior will change to false.
[INFO] [1738208891.978683652] [controller_manager]: Loading controller 'joint_state_broadcaster'
[INFO] [1738208891.992547281] [controller_manager]: Loading controller 'spot_gripper_controller'
[INFO] [1738208892.013777687] [controller_manager]: Configuring controller 'spot_arm_controller'
[INFO] [1738208892.014308931] [spot_arm_controller]: No specific joint names are used for command interfaces. Using 'joints' parameter.
[INFO] [1738208892.014356341] [spot_arm_controller]: Command interfaces are [position] and state interfaces are [position velocity].
[INFO] [1738208892.014396366] [spot_arm_controller]: Using 'splines' interpolation method.
[INFO] [1738208892.017381910] [spot_arm_controller]: Controller state will be published at 50.00 Hz.
[INFO] [1738208892.021774635] [spot_arm_controller]: Action status changes will be monitored at 20.00 Hz.
[INFO] [1738208892.032777926] [controller_manager]: Configuring controller 'joint_state_broadcaster'
[INFO] [1738208892.032941415] [joint_state_broadcaster]: 'joints' or 'interfaces' parameter is empty. All available state interfaces will be published
[INFO] [1738208892.062851690] [controller_manager]: Configuring controller 'spot_gripper_controller'
[INFO] [1738208892.063089630] [spot_gripper_controller]: Action status changes will be monitored at 20Hz.
[INFO] [1738209104.969811458] [rclcpp]: signal_handler(signum=2)
