[WARN] [1738184861.959201279] [controller_manager]: [Deprecated] Passing the robot description parameter directly to the control_manager node is deprecated. Use '~/robot_description' topic from 'robot_state_publisher' instead.
[INFO] [1738184861.959629402] [resource_manager]: Loading hardware 'FakeSystem' 
[INFO] [1738184861.962649703] [resource_manager]: Initialize hardware 'FakeSystem' 
[INFO] [1738184861.962746227] [resource_manager]: Successful initialization of hardware 'FakeSystem'
[INFO] [1738184861.962826148] [resource_manager]: 'configure' hardware 'FakeSystem' 
[INFO] [1738184861.962837039] [resource_manager]: Successful 'configure' of hardware 'FakeSystem'
[INFO] [1738184861.962844253] [resource_manager]: 'activate' hardware 'FakeSystem' 
[INFO] [1738184861.962849923] [resource_manager]: Successful 'activate' of hardware 'FakeSystem'
[INFO] [1738184861.970620070] [controller_manager]: update rate is 100 Hz
[INFO] [1738184861.970663953] [controller_manager]: Spawning controller_manager RT thread with scheduler priority: 50
[WARN] [1738184861.970828816] [controller_manager]: No real-time kernel detected on this system. See [https://control.ros.org/master/doc/ros2_control/controller_manager/doc/userdoc.html] for details on how to enable realtime scheduling.
[INFO] [1738184862.188122634] [controller_manager]: Loading controller 'joint_state_broadcaster'
[INFO] [1738184862.211355235] [controller_manager]: Loading controller 'spot_gripper_controller'
[INFO] [1738184862.231233069] [controller_manager]: Loading controller 'spot_arm_controller'
[WARN] [1738184862.251720790] [spot_arm_controller]: [Deprecated]: "allow_nonzero_velocity_at_trajectory_end" is set to true. The default behavior will change to false.
[INFO] [1738184862.261513925] [controller_manager]: Configuring controller 'joint_state_broadcaster'
[INFO] [1738184862.261694508] [joint_state_broadcaster]: 'joints' or 'interfaces' parameter is empty. All available state interfaces will be published
[INFO] [1738184862.281240703] [controller_manager]: Configuring controller 'spot_gripper_controller'
[INFO] [1738184862.281371581] [spot_gripper_controller]: Action status changes will be monitored at 20Hz.
[INFO] [1738184862.291491948] [controller_manager]: Configuring controller 'spot_arm_controller'
[INFO] [1738184862.291963683] [spot_arm_controller]: No specific joint names are used for command interfaces. Using 'joints' parameter.
[INFO] [1738184862.292014018] [spot_arm_controller]: Command interfaces are [position] and state interfaces are [position velocity].
[INFO] [1738184862.292103789] [spot_arm_controller]: Using 'splines' interpolation method.
[INFO] [1738184862.293897282] [spot_arm_controller]: Controller state will be published at 50.00 Hz.
[INFO] [1738184862.294987071] [spot_arm_controller]: Action status changes will be monitored at 20.00 Hz.
[INFO] [1738185036.465668574] [rclcpp]: signal_handler(signum=2)
