[WARN] [1738261394.141426001] [controller_manager]: [Deprecated] Passing the robot description parameter directly to the control_manager node is deprecated. Use '~/robot_description' topic from 'robot_state_publisher' instead.
[INFO] [1738261394.142091875] [resource_manager]: Loading hardware 'FakeSystem' 
[INFO] [1738261394.144011243] [resource_manager]: Initialize hardware 'FakeSystem' 
[INFO] [1738261394.144162202] [resource_manager]: Successful initialization of hardware 'FakeSystem'
[INFO] [1738261394.144285327] [resource_manager]: 'configure' hardware 'FakeSystem' 
[INFO] [1738261394.144309325] [resource_manager]: Successful 'configure' of hardware 'FakeSystem'
[INFO] [1738261394.144341376] [resource_manager]: 'activate' hardware 'FakeSystem' 
[INFO] [1738261394.144357542] [resource_manager]: Successful 'activate' of hardware 'FakeSystem'
[INFO] [1738261394.153251082] [controller_manager]: update rate is 100 Hz
[INFO] [1738261394.153330768] [controller_manager]: Spawning controller_manager RT thread with scheduler priority: 50
[WARN] [1738261394.153586102] [controller_manager]: No real-time kernel detected on this system. See [https://control.ros.org/master/doc/ros2_control/controller_manager/doc/userdoc.html] for details on how to enable realtime scheduling.
[INFO] [1738261394.491054712] [controller_manager]: Loading controller 'joint_state_broadcaster'
[INFO] [1738261394.504109690] [controller_manager]: Loading controller 'spot_arm_controller'
[WARN] [1738261394.520079874] [spot_arm_controller]: [Deprecated]: "allow_nonzero_velocity_at_trajectory_end" is set to true. The default behavior will change to false.
[INFO] [1738261394.524147735] [controller_manager]: Loading controller 'spot_gripper_controller'
[INFO] [1738261394.544499616] [controller_manager]: Configuring controller 'joint_state_broadcaster'
[INFO] [1738261394.544781612] [joint_state_broadcaster]: 'joints' or 'interfaces' parameter is empty. All available state interfaces will be published
[INFO] [1738261394.553919970] [controller_manager]: Configuring controller 'spot_arm_controller'
[INFO] [1738261394.554156404] [spot_arm_controller]: No specific joint names are used for command interfaces. Using 'joints' parameter.
[INFO] [1738261394.554184619] [spot_arm_controller]: Command interfaces are [position] and state interfaces are [position velocity].
[INFO] [1738261394.554268391] [spot_arm_controller]: Using 'splines' interpolation method.
[INFO] [1738261394.555900145] [spot_arm_controller]: Controller state will be published at 50.00 Hz.
[INFO] [1738261394.557723632] [spot_arm_controller]: Action status changes will be monitored at 20.00 Hz.
[INFO] [1738261394.583898973] [controller_manager]: Configuring controller 'spot_gripper_controller'
[INFO] [1738261394.584031292] [spot_gripper_controller]: Action status changes will be monitored at 20Hz.
[INFO] [1738261485.699525297] [rclcpp]: signal_handler(signum=2)
