[WARN] [1737961349.735941364] [controller_manager]: [Deprecated] Passing the robot description parameter directly to the control_manager node is deprecated. Use '~/robot_description' topic from 'robot_state_publisher' instead.
[INFO] [1737961349.736358598] [resource_manager]: Loading hardware 'FakeSystem' 
[INFO] [1737961349.737160246] [resource_manager]: Initialize hardware 'FakeSystem' 
[INFO] [1737961349.737263219] [resource_manager]: Successful initialization of hardware 'FakeSystem'
[INFO] [1737961349.737364059] [resource_manager]: 'configure' hardware 'FakeSystem' 
[INFO] [1737961349.737379288] [resource_manager]: Successful 'configure' of hardware 'FakeSystem'
[INFO] [1737961349.737389567] [resource_manager]: 'activate' hardware 'FakeSystem' 
[INFO] [1737961349.737397602] [resource_manager]: Successful 'activate' of hardware 'FakeSystem'
[INFO] [1737961349.742611928] [controller_manager]: update rate is 100 Hz
[INFO] [1737961349.742665799] [controller_manager]: Spawning controller_manager RT thread with scheduler priority: 50
[WARN] [1737961349.742882847] [controller_manager]: No real-time kernel detected on this system. See [https://control.ros.org/master/doc/ros2_control/controller_manager/doc/userdoc.html] for details on how to enable realtime scheduling.
[INFO] [1737961349.959521584] [controller_manager]: Loading controller 'spot_arm_controller'
[WARN] [1737961349.974906656] [spot_arm_controller]: [Deprecated]: "allow_nonzero_velocity_at_trajectory_end" is set to true. The default behavior will change to false.
[INFO] [1737961349.986761871] [controller_manager]: Loading controller 'spot_gripper_controller'
[ERROR] [1737961349.986890132] [controller_manager]: Loader for controller 'spot_gripper_controller' (type 'position_controllers/GripperActionController') not found.
[INFO] [1737961349.986912213] [controller_manager]: Available classes:
[INFO] [1737961349.986925448] [controller_manager]:   controller_manager/test_controller
[INFO] [1737961349.986931179] [controller_manager]:   controller_manager/test_controller_failed_init
[INFO] [1737961349.986936188] [controller_manager]:   controller_manager/test_controller_with_interfaces
[INFO] [1737961349.986942510] [controller_manager]:   forward_command_controller/ForwardCommandController
[INFO] [1737961349.986948001] [controller_manager]:   forward_command_controller/MultiInterfaceForwardCommandController
[INFO] [1737961349.986953541] [controller_manager]:   joint_state_broadcaster/JointStateBroadcaster
[INFO] [1737961349.986958230] [controller_manager]:   joint_trajectory_controller/JointTrajectoryController
[INFO] [1737961349.986967046] [controller_manager]:   position_controllers/JointGroupPositionController
[INFO] [1737961349.986975903] [controller_manager]:   controller_manager/test_chainable_controller
[INFO] [1737961349.987214602] [controller_manager]: Loading controller 'joint_state_broadcaster'
[INFO] [1737961350.007748327] [controller_manager]: Configuring controller 'spot_arm_controller'
[INFO] [1737961350.008085340] [spot_arm_controller]: No specific joint names are used for command interfaces. Using 'joints' parameter.
[INFO] [1737961350.008136236] [spot_arm_controller]: Command interfaces are [position] and state interfaces are [position velocity].
[INFO] [1737961350.008173686] [spot_arm_controller]: Using 'splines' interpolation method.
[INFO] [1737961350.010498368] [spot_arm_controller]: Controller state will be published at 50.00 Hz.
[INFO] [1737961350.013244212] [spot_arm_controller]: Action status changes will be monitored at 20.00 Hz.
[INFO] [1737961350.025126357] [controller_manager]: Configuring controller 'joint_state_broadcaster'
[INFO] [1737961350.025251061] [joint_state_broadcaster]: 'joints' or 'interfaces' parameter is empty. All available state interfaces will be published
[INFO] [1737961393.584329604] [spot_arm_controller]: Received new action goal
[INFO] [1737961393.584398153] [spot_arm_controller]: Accepted new action goal
[INFO] [1737961394.433024457] [spot_arm_controller]: Goal reached, success!
[INFO] [1737961404.523715636] [spot_arm_controller]: Received new action goal
[INFO] [1737961404.523834820] [spot_arm_controller]: Accepted new action goal
[INFO] [1737961405.283015413] [spot_arm_controller]: Goal reached, success!
[INFO] [1737961498.987838950] [rclcpp]: signal_handler(signum=2)
