[WARN] [1738125841.249693941] [controller_manager]: [Deprecated] Passing the robot description parameter directly to the control_manager node is deprecated. Use '~/robot_description' topic from 'robot_state_publisher' instead.
[INFO] [1738125841.250060191] [resource_manager]: Loading hardware 'FakeSystem' 
[INFO] [1738125841.250473328] [resource_manager]: Initialize hardware 'FakeSystem' 
[INFO] [1738125841.250516278] [resource_manager]: Successful initialization of hardware 'FakeSystem'
[INFO] [1738125841.250561742] [resource_manager]: 'configure' hardware 'FakeSystem' 
[INFO] [1738125841.250568976] [resource_manager]: Successful 'configure' of hardware 'FakeSystem'
[INFO] [1738125841.250574626] [resource_manager]: 'activate' hardware 'FakeSystem' 
[INFO] [1738125841.250579475] [resource_manager]: Successful 'activate' of hardware 'FakeSystem'
[INFO] [1738125841.254393679] [controller_manager]: update rate is 100 Hz
[INFO] [1738125841.254458139] [controller_manager]: Spawning controller_manager RT thread with scheduler priority: 50
[WARN] [1738125841.254608999] [controller_manager]: No real-time kernel detected on this system. See [https://control.ros.org/master/doc/ros2_control/controller_manager/doc/userdoc.html] for details on how to enable realtime scheduling.
[INFO] [1738125841.453698270] [controller_manager]: Loading controller 'spot_arm_controller'
[WARN] [1738125841.463431588] [spot_arm_controller]: [Deprecated]: "allow_nonzero_velocity_at_trajectory_end" is set to true. The default behavior will change to false.
[INFO] [1738125841.464898132] [controller_manager]: Loading controller 'joint_state_broadcaster'
[INFO] [1738125841.475077447] [controller_manager]: Loading controller 'spot_gripper_controller'
[INFO] [1738125841.487308924] [controller_manager]: Configuring controller 'spot_arm_controller'
[INFO] [1738125841.487543911] [spot_arm_controller]: No specific joint names are used for command interfaces. Using 'joints' parameter.
[INFO] [1738125841.487576601] [spot_arm_controller]: Command interfaces are [position] and state interfaces are [position velocity].
[INFO] [1738125841.487604854] [spot_arm_controller]: Using 'splines' interpolation method.
[INFO] [1738125841.489362689] [spot_arm_controller]: Controller state will be published at 50.00 Hz.
[INFO] [1738125841.491653543] [spot_arm_controller]: Action status changes will be monitored at 20.00 Hz.
[INFO] [1738125841.505065773] [controller_manager]: Configuring controller 'joint_state_broadcaster'
[INFO] [1738125841.505183512] [joint_state_broadcaster]: 'joints' or 'interfaces' parameter is empty. All available state interfaces will be published
[INFO] [1738125841.515121049] [controller_manager]: Configuring controller 'spot_gripper_controller'
[INFO] [1738125841.515268432] [spot_gripper_controller]: Action status changes will be monitored at 20Hz.
[INFO] [1738126007.428871863] [rclcpp]: signal_handler(signum=2)
