[INFO] [1738161682.534339167] [rviz2]: Stereo is NOT SUPPORTED
[INFO] [1738161682.534434980] [rviz2]: OpenGl version: 4.6 (GLSL 4.6)
[INFO] [1738161682.555075170] [rviz2]: Stereo is NOT SUPPORTED
[ERROR] [1738161685.637857964] [moveit_ros_visualization.motion_planning_frame]: Action server: /recognize_objects not available
[INFO] [1738161685.650749843] [moveit_ros_visualization.motion_planning_frame]: MoveGroup namespace changed: / -> . Reloading params.
[ERROR] [1738161685.655802730] [rviz2]: PluginlibFactory: The plugin for class 'moveit_visual_tools/RvizVisualToolsGui' failed to load. Error: According to the loaded plugin descriptions the class moveit_visual_tools/RvizVisualToolsGui with base class type rviz_common::Panel does not exist. Declared types are  rviz_visual_tools/RvizVisualToolsGui
[INFO] [1738161685.740909599] [moveit_rdf_loader.rdf_loader]: Loaded robot model in 0.0549802 seconds
[INFO] [1738161685.740965596] [moveit_robot_model.robot_model]: Loading robot model 'spot'...
[INFO] [1738161685.740981166] [moveit_robot_model.robot_model]: No root/virtual joint specified in SRDF. Assuming fixed joint
[INFO] [1738161685.911930899] [moveit_ros.planning_scene_monitor.planning_scene_monitor]: Starting planning scene monitor
[INFO] [1738161685.912587564] [moveit_ros.planning_scene_monitor.planning_scene_monitor]: Listening to '/monitored_planning_scene'
[INFO] [1738161685.974557333] [interactive_marker_display_96403955386976]: Connected on namespace: /rviz_moveit_motion_planning_display/robot_interaction_interactive_marker_topic
[INFO] [1738161685.983601147] [moveit_ros_visualization.motion_planning_frame]: group spot_arm
[INFO] [1738161685.983633549] [moveit_ros_visualization.motion_planning_frame]: Constructing new MoveGroup connection for group 'spot_arm' in namespace ''
[INFO] [1738161685.988551899] [move_group_interface]: Ready to take commands for planning group spot_arm.
[INFO] [1738161685.989262728] [moveit_ros_visualization.motion_planning_frame]: group spot_arm
[INFO] [1738161685.993523361] [interactive_marker_display_96403955386976]: Sending request for interactive markers
[INFO] [1738161686.026124138] [interactive_marker_display_96403955386976]: Service response received for initialization
[INFO] [1738161689.368805753] [move_group_interface]: Plan and Execute request accepted
[INFO] [1738161694.102798272] [move_group_interface]: Plan and Execute request complete!
[WARN] [1738161695.103807903] [moveit_ros.planning_scene_monitor.planning_scene_monitor]: Maybe failed to update robot state, time diff: 0.012s
[INFO] [1738161695.400421477] [rclcpp]: signal_handler(signum=2)
