[INFO] [1738188673.010107526] [rviz2]: Stereo is NOT SUPPORTED
[INFO] [1738188673.010216420] [rviz2]: OpenGl version: 4.6 (GLSL 4.6)
[INFO] [1738188673.032561832] [rviz2]: Stereo is NOT SUPPORTED
[ERROR] [1738188676.122159574] [moveit_ros_visualization.motion_planning_frame]: Action server: /recognize_objects not available
[INFO] [1738188676.132385193] [moveit_ros_visualization.motion_planning_frame]: MoveGroup namespace changed: / -> . Reloading params.
[ERROR] [1738188676.136643673] [rviz2]: PluginlibFactory: The plugin for class 'moveit_visual_tools/RvizVisualToolsGui' failed to load. Error: According to the loaded plugin descriptions the class moveit_visual_tools/RvizVisualToolsGui with base class type rviz_common::Panel does not exist. Declared types are  rviz_visual_tools/RvizVisualToolsGui
[INFO] [1738188676.225613279] [moveit_rdf_loader.rdf_loader]: Loaded robot model in 0.0558066 seconds
[INFO] [1738188676.225737022] [moveit_robot_model.robot_model]: Loading robot model 'spot'...
[INFO] [1738188676.225761179] [moveit_robot_model.robot_model]: No root/virtual joint specified in SRDF. Assuming fixed joint
[INFO] [1738188676.392937518] [moveit_ros.planning_scene_monitor.planning_scene_monitor]: Starting planning scene monitor
[INFO] [1738188676.393990844] [moveit_ros.planning_scene_monitor.planning_scene_monitor]: Listening to '/monitored_planning_scene'
[INFO] [1738188676.459443138] [interactive_marker_display_103329004592288]: Connected on namespace: /rviz_moveit_motion_planning_display/robot_interaction_interactive_marker_topic
[INFO] [1738188676.470551890] [moveit_ros_visualization.motion_planning_frame]: group spot_arm
[INFO] [1738188676.470578422] [moveit_ros_visualization.motion_planning_frame]: Constructing new MoveGroup connection for group 'spot_arm' in namespace ''
[INFO] [1738188676.475589838] [move_group_interface]: Ready to take commands for planning group spot_arm.
[INFO] [1738188676.476880909] [moveit_ros_visualization.motion_planning_frame]: group spot_arm
[INFO] [1738188676.478730626] [interactive_marker_display_103329004592288]: Sending request for interactive markers
[INFO] [1738188676.511619132] [interactive_marker_display_103329004592288]: Service response received for initialization
[INFO] [1738188681.578392592] [move_group_interface]: Plan and Execute request accepted
[INFO] [1738188684.658927815] [move_group_interface]: Plan and Execute request complete!
[WARN] [1738188685.660063824] [moveit_ros.planning_scene_monitor.planning_scene_monitor]: Maybe failed to update robot state, time diff: 0.032s
[INFO] [1738188812.935714637] [rclcpp]: signal_handler(signum=2)
