[INFO] [1738123139.876777914] [rviz2]: Stereo is NOT SUPPORTED
[INFO] [1738123139.876932999] [rviz2]: OpenGl version: 4.6 (GLSL 4.6)
[INFO] [1738123139.931006966] [rviz2]: Stereo is NOT SUPPORTED
[ERROR] [1738123143.150335398] [moveit_ros_visualization.motion_planning_frame]: Action server: /recognize_objects not available
[INFO] [1738123143.170957030] [moveit_ros_visualization.motion_planning_frame]: MoveGroup namespace changed: / -> . Reloading params.
[INFO] [1738123143.294706349] [moveit_rdf_loader.rdf_loader]: Loaded robot model in 0.0817568 seconds
[INFO] [1738123143.294772505] [moveit_robot_model.robot_model]: Loading robot model 'spot'...
[INFO] [1738123143.294789127] [moveit_robot_model.robot_model]: No root/virtual joint specified in SRDF. Assuming fixed joint
[WARN] [1738123143.373530058] [moveit_robot_model.robot_model]: Link fl.hip has visual geometry but no collision geometry. Collision geometry will be left empty. Fix your URDF file by explicitly specifying collision geometry.
[WARN] [1738123143.373634797] [moveit_robot_model.robot_model]: Link fr.hip has visual geometry but no collision geometry. Collision geometry will be left empty. Fix your URDF file by explicitly specifying collision geometry.
[WARN] [1738123143.373669062] [moveit_robot_model.robot_model]: Link hl.hip has visual geometry but no collision geometry. Collision geometry will be left empty. Fix your URDF file by explicitly specifying collision geometry.
[WARN] [1738123143.373683910] [moveit_robot_model.robot_model]: Link hr.hip has visual geometry but no collision geometry. Collision geometry will be left empty. Fix your URDF file by explicitly specifying collision geometry.
[WARN] [1738123143.385964314] [kdl_parser]: The root link base has an inertia specified in the URDF, but KDL does not support a root link with an inertia.  As a workaround, you can add an extra dummy link to your URDF.
[INFO] [1738123143.596103237] [moveit_ros.planning_scene_monitor.planning_scene_monitor]: Starting planning scene monitor
[INFO] [1738123143.597287267] [moveit_ros.planning_scene_monitor.planning_scene_monitor]: Listening to '/monitored_planning_scene'
[INFO] [1738123143.719611067] [interactive_marker_display_97645657139024]: Connected on namespace: /rviz_moveit_motion_planning_display/robot_interaction_interactive_marker_topic
[WARN] [1738123143.730457386] [kdl_parser]: The root link base has an inertia specified in the URDF, but KDL does not support a root link with an inertia.  As a workaround, you can add an extra dummy link to your URDF.
[WARN] [1738123143.730740995] [kdl_parser]: The root link base has an inertia specified in the URDF, but KDL does not support a root link with an inertia.  As a workaround, you can add an extra dummy link to your URDF.
[INFO] [1738123143.741116639] [moveit_ros_visualization.motion_planning_frame]: group spot_arm
[INFO] [1738123143.741143089] [moveit_ros_visualization.motion_planning_frame]: Constructing new MoveGroup connection for group 'spot_arm' in namespace ''
[INFO] [1738123143.752256415] [move_group_interface]: Ready to take commands for planning group spot_arm.
[INFO] [1738123143.752264651] [interactive_marker_display_97645657139024]: Sending request for interactive markers
[INFO] [1738123143.753746055] [moveit_ros_visualization.motion_planning_frame]: group spot_arm
[INFO] [1738123143.784601582] [interactive_marker_display_97645657139024]: Service response received for initialization
[INFO] [1738123400.906992687] [rclcpp]: signal_handler(signum=2)
