[INFO] [1738158712.785619570] [rviz2]: Stereo is NOT SUPPORTED
[INFO] [1738158712.785803070] [rviz2]: OpenGl version: 4.6 (GLSL 4.6)
[INFO] [1738158712.807737941] [rviz2]: Stereo is NOT SUPPORTED
[ERROR] [1738158715.907035792] [moveit_ros_visualization.motion_planning_frame]: Action server: /recognize_objects not available
[INFO] [1738158715.920764477] [moveit_ros_visualization.motion_planning_frame]: MoveGroup namespace changed: / -> . Reloading params.
[ERROR] [1738158715.925573091] [rviz2]: PluginlibFactory: The plugin for class 'moveit_visual_tools/RvizVisualToolsGui' failed to load. Error: According to the loaded plugin descriptions the class moveit_visual_tools/RvizVisualToolsGui with base class type rviz_common::Panel does not exist. Declared types are  rviz_visual_tools/RvizVisualToolsGui
[INFO] [1738158716.006954395] [moveit_rdf_loader.rdf_loader]: Loaded robot model in 0.0512494 seconds
[INFO] [1738158716.007001512] [moveit_robot_model.robot_model]: Loading robot model 'spot'...
[INFO] [1738158716.007011120] [moveit_robot_model.robot_model]: No root/virtual joint specified in SRDF. Assuming fixed joint
[WARN] [1738158716.044185353] [moveit_robot_model.robot_model]: Link fl.hip has visual geometry but no collision geometry. Collision geometry will be left empty. Fix your URDF file by explicitly specifying collision geometry.
[WARN] [1738158716.044230006] [moveit_robot_model.robot_model]: Link fr.hip has visual geometry but no collision geometry. Collision geometry will be left empty. Fix your URDF file by explicitly specifying collision geometry.
[WARN] [1738158716.044239393] [moveit_robot_model.robot_model]: Link hl.hip has visual geometry but no collision geometry. Collision geometry will be left empty. Fix your URDF file by explicitly specifying collision geometry.
[WARN] [1738158716.044246937] [moveit_robot_model.robot_model]: Link hr.hip has visual geometry but no collision geometry. Collision geometry will be left empty. Fix your URDF file by explicitly specifying collision geometry.
[WARN] [1738158716.050188157] [kdl_parser]: The root link base has an inertia specified in the URDF, but KDL does not support a root link with an inertia.  As a workaround, you can add an extra dummy link to your URDF.
[INFO] [1738158716.179549344] [moveit_ros.planning_scene_monitor.planning_scene_monitor]: Starting planning scene monitor
[INFO] [1738158716.180129217] [moveit_ros.planning_scene_monitor.planning_scene_monitor]: Listening to '/monitored_planning_scene'
[INFO] [1738158716.243900338] [interactive_marker_display_103310360549248]: Connected on namespace: /rviz_moveit_motion_planning_display/robot_interaction_interactive_marker_topic
[WARN] [1738158716.248394852] [kdl_parser]: The root link base has an inertia specified in the URDF, but KDL does not support a root link with an inertia.  As a workaround, you can add an extra dummy link to your URDF.
[WARN] [1738158716.248487623] [kdl_parser]: The root link base has an inertia specified in the URDF, but KDL does not support a root link with an inertia.  As a workaround, you can add an extra dummy link to your URDF.
[INFO] [1738158716.252351581] [moveit_ros_visualization.motion_planning_frame]: group spot_arm
[INFO] [1738158716.252387658] [moveit_ros_visualization.motion_planning_frame]: Constructing new MoveGroup connection for group 'spot_arm' in namespace ''
[INFO] [1738158716.257605449] [move_group_interface]: Ready to take commands for planning group spot_arm.
[INFO] [1738158716.258598817] [moveit_ros_visualization.motion_planning_frame]: group spot_arm
[INFO] [1738158716.262859328] [interactive_marker_display_103310360549248]: Sending request for interactive markers
[INFO] [1738158716.296098041] [interactive_marker_display_103310360549248]: Service response received for initialization
[INFO] [1738158821.423046507] [move_group_interface]: Plan and Execute request accepted
[INFO] [1738158823.809977270] [move_group_interface]: Plan and Execute request complete!
[WARN] [1738158824.810727940] [moveit_ros.planning_scene_monitor.planning_scene_monitor]: Maybe failed to update robot state, time diff: 0.022s
[INFO] [1738158872.047560940] [move_group_interface]: Plan and Execute request accepted
[INFO] [1738158878.059931593] [move_group_interface]: Plan and Execute request complete!
[INFO] [1738158889.617690660] [rclcpp]: signal_handler(signum=2)
