[INFO] [1738246547.654073003] [rviz2]: Stereo is NOT SUPPORTED
[INFO] [1738246547.654254779] [rviz2]: OpenGl version: 4.6 (GLSL 4.6)
[INFO] [1738246547.699209436] [rviz2]: Stereo is NOT SUPPORTED
[ERROR] [1738246550.912082915] [moveit_ros_visualization.motion_planning_frame]: Action server: /recognize_objects not available
[INFO] [1738246550.934127005] [moveit_ros_visualization.motion_planning_frame]: MoveGroup namespace changed: / -> . Reloading params.
[ERROR] [1738246550.943612286] [rviz2]: PluginlibFactory: The plugin for class 'moveit_visual_tools/RvizVisualToolsGui' failed to load. Error: According to the loaded plugin descriptions the class moveit_visual_tools/RvizVisualToolsGui with base class type rviz_common::Panel does not exist. Declared types are  rviz_visual_tools/RvizVisualToolsGui
[INFO] [1738246551.056979177] [moveit_rdf_loader.rdf_loader]: Loaded robot model in 0.0826499 seconds
[INFO] [1738246551.057050112] [moveit_robot_model.robot_model]: Loading robot model 'spot'...
[INFO] [1738246551.057073948] [moveit_robot_model.robot_model]: No root/virtual joint specified in SRDF. Assuming fixed joint
[INFO] [1738246551.388146667] [moveit_ros.planning_scene_monitor.planning_scene_monitor]: Starting planning scene monitor
[INFO] [1738246551.389016943] [moveit_ros.planning_scene_monitor.planning_scene_monitor]: Listening to '/monitored_planning_scene'
[INFO] [1738246551.514375081] [interactive_marker_display_108310103996752]: Connected on namespace: /rviz_moveit_motion_planning_display/robot_interaction_interactive_marker_topic
[INFO] [1738246551.537740373] [moveit_ros_visualization.motion_planning_frame]: group spot_arm
[INFO] [1738246551.537778305] [moveit_ros_visualization.motion_planning_frame]: Constructing new MoveGroup connection for group 'spot_arm' in namespace ''
[INFO] [1738246551.550270336] [move_group_interface]: Ready to take commands for planning group spot_arm.
[INFO] [1738246551.553189338] [moveit_ros_visualization.motion_planning_frame]: group spot_arm
[INFO] [1738246551.555675026] [interactive_marker_display_108310103996752]: Sending request for interactive markers
[INFO] [1738246551.588437893] [interactive_marker_display_108310103996752]: Service response received for initialization
[INFO] [1738246555.314956053] [move_group_interface]: Plan and Execute request accepted
[INFO] [1738246564.587199847] [rclcpp]: signal_handler(signum=2)
