[INFO] [1738126145.346251723] [rviz2]: Stereo is NOT SUPPORTED
[INFO] [1738126145.346427581] [rviz2]: OpenGl version: 4.6 (GLSL 4.6)
[INFO] [1738126145.367113533] [rviz2]: Stereo is NOT SUPPORTED
[ERROR] [1738126148.465821936] [moveit_ros_visualization.motion_planning_frame]: Action server: /recognize_objects not available
[INFO] [1738126148.477528690] [moveit_ros_visualization.motion_planning_frame]: MoveGroup namespace changed: / -> . Reloading params.
[ERROR] [1738126148.482486723] [rviz2]: PluginlibFactory: The plugin for class 'moveit_visual_tools/RvizVisualToolsGui' failed to load. Error: According to the loaded plugin descriptions the class moveit_visual_tools/RvizVisualToolsGui with base class type rviz_common::Panel does not exist. Declared types are  rviz_visual_tools/RvizVisualToolsGui
[INFO] [1738126148.569412189] [moveit_rdf_loader.rdf_loader]: Loaded robot model in 0.0534807 seconds
[INFO] [1738126148.569452794] [moveit_robot_model.robot_model]: Loading robot model 'spot'...
[INFO] [1738126148.569462432] [moveit_robot_model.robot_model]: No root/virtual joint specified in SRDF. Assuming fixed joint
[WARN] [1738126148.607750228] [moveit_robot_model.robot_model]: Link fl.hip has visual geometry but no collision geometry. Collision geometry will be left empty. Fix your URDF file by explicitly specifying collision geometry.
[WARN] [1738126148.607824116] [moveit_robot_model.robot_model]: Link fr.hip has visual geometry but no collision geometry. Collision geometry will be left empty. Fix your URDF file by explicitly specifying collision geometry.
[WARN] [1738126148.607836068] [moveit_robot_model.robot_model]: Link hl.hip has visual geometry but no collision geometry. Collision geometry will be left empty. Fix your URDF file by explicitly specifying collision geometry.
[WARN] [1738126148.607848541] [moveit_robot_model.robot_model]: Link hr.hip has visual geometry but no collision geometry. Collision geometry will be left empty. Fix your URDF file by explicitly specifying collision geometry.
[WARN] [1738126148.614679315] [kdl_parser]: The root link base has an inertia specified in the URDF, but KDL does not support a root link with an inertia.  As a workaround, you can add an extra dummy link to your URDF.
[INFO] [1738126148.740172088] [moveit_ros.planning_scene_monitor.planning_scene_monitor]: Starting planning scene monitor
[INFO] [1738126148.740836497] [moveit_ros.planning_scene_monitor.planning_scene_monitor]: Listening to '/monitored_planning_scene'
[INFO] [1738126148.811281911] [interactive_marker_display_97492813078064]: Connected on namespace: /rviz_moveit_motion_planning_display/robot_interaction_interactive_marker_topic
[WARN] [1738126148.816354587] [kdl_parser]: The root link base has an inertia specified in the URDF, but KDL does not support a root link with an inertia.  As a workaround, you can add an extra dummy link to your URDF.
[WARN] [1738126148.816457279] [kdl_parser]: The root link base has an inertia specified in the URDF, but KDL does not support a root link with an inertia.  As a workaround, you can add an extra dummy link to your URDF.
[INFO] [1738126148.820250039] [moveit_ros_visualization.motion_planning_frame]: group spot_arm
[INFO] [1738126148.820269035] [moveit_ros_visualization.motion_planning_frame]: Constructing new MoveGroup connection for group 'spot_arm' in namespace ''
[INFO] [1738126148.825818750] [move_group_interface]: Ready to take commands for planning group spot_arm.
[INFO] [1738126148.827016944] [moveit_ros_visualization.motion_planning_frame]: group spot_arm
[INFO] [1738126148.830079313] [interactive_marker_display_97492813078064]: Sending request for interactive markers
[INFO] [1738126148.863671385] [interactive_marker_display_97492813078064]: Service response received for initialization
[INFO] [1738126265.428928254] [rclcpp]: signal_handler(signum=2)
