[INFO] [1738115684.169248607] [rviz2]: Stereo is NOT SUPPORTED
[INFO] [1738115684.169435244] [rviz2]: OpenGl version: 4.6 (GLSL 4.6)
[INFO] [1738115684.187165012] [rviz2]: Stereo is NOT SUPPORTED
[ERROR] [1738115687.263765829] [moveit_ros_visualization.motion_planning_frame]: Action server: /recognize_objects not available
[INFO] [1738115687.276792479] [moveit_ros_visualization.motion_planning_frame]: MoveGroup namespace changed: / -> . Reloading params.
[INFO] [1738115687.368757120] [moveit_rdf_loader.rdf_loader]: Loaded robot model in 0.0565228 seconds
[INFO] [1738115687.368844879] [moveit_robot_model.robot_model]: Loading robot model 'spot'...
[INFO] [1738115687.368860367] [moveit_robot_model.robot_model]: No root/virtual joint specified in SRDF. Assuming fixed joint
[WARN] [1738115687.408093926] [moveit_robot_model.robot_model]: Link fl.hip has visual geometry but no collision geometry. Collision geometry will be left empty. Fix your URDF file by explicitly specifying collision geometry.
[WARN] [1738115687.408164795] [moveit_robot_model.robot_model]: Link fr.hip has visual geometry but no collision geometry. Collision geometry will be left empty. Fix your URDF file by explicitly specifying collision geometry.
[WARN] [1738115687.408176666] [moveit_robot_model.robot_model]: Link hl.hip has visual geometry but no collision geometry. Collision geometry will be left empty. Fix your URDF file by explicitly specifying collision geometry.
[WARN] [1738115687.408185652] [moveit_robot_model.robot_model]: Link hr.hip has visual geometry but no collision geometry. Collision geometry will be left empty. Fix your URDF file by explicitly specifying collision geometry.
[WARN] [1738115687.413945559] [kdl_parser]: The root link base has an inertia specified in the URDF, but KDL does not support a root link with an inertia.  As a workaround, you can add an extra dummy link to your URDF.
[INFO] [1738115687.536184631] [moveit_ros.planning_scene_monitor.planning_scene_monitor]: Starting planning scene monitor
[INFO] [1738115687.536768137] [moveit_ros.planning_scene_monitor.planning_scene_monitor]: Listening to '/monitored_planning_scene'
[INFO] [1738115687.598365508] [interactive_marker_display_108744768816880]: Connected on namespace: /rviz_moveit_motion_planning_display/robot_interaction_interactive_marker_topic
[WARN] [1738115687.604300582] [kdl_parser]: The root link base has an inertia specified in the URDF, but KDL does not support a root link with an inertia.  As a workaround, you can add an extra dummy link to your URDF.
[WARN] [1738115687.604414668] [kdl_parser]: The root link base has an inertia specified in the URDF, but KDL does not support a root link with an inertia.  As a workaround, you can add an extra dummy link to your URDF.
[INFO] [1738115687.608357125] [moveit_ros_visualization.motion_planning_frame]: group spot_arm
[INFO] [1738115687.608382781] [moveit_ros_visualization.motion_planning_frame]: Constructing new MoveGroup connection for group 'spot_arm' in namespace ''
[INFO] [1738115687.613012081] [move_group_interface]: Ready to take commands for planning group spot_arm.
[INFO] [1738115687.614066189] [moveit_ros_visualization.motion_planning_frame]: group spot_arm
[INFO] [1738115687.615541840] [interactive_marker_display_108744768816880]: Sending request for interactive markers
[INFO] [1738115687.647972355] [interactive_marker_display_108744768816880]: Service response received for initialization
[INFO] [1738115690.553445934] [move_group_interface]: Plan and Execute request accepted
[INFO] [1738115695.016168358] [move_group_interface]: Plan and Execute request complete!
[WARN] [1738115696.017436625] [moveit_ros.planning_scene_monitor.planning_scene_monitor]: Maybe failed to update robot state, time diff: 0.053s
[INFO] [1738115696.146091796] [rclcpp]: signal_handler(signum=2)
