[INFO] [1738261765.476161448] [rviz2]: Stereo is NOT SUPPORTED
[INFO] [1738261765.476328857] [rviz2]: OpenGl version: 4.6 (GLSL 4.6)
[INFO] [1738261765.509359507] [rviz2]: Stereo is NOT SUPPORTED
[ERROR] [1738261768.663859336] [moveit_ros_visualization.motion_planning_frame]: Action server: /recognize_objects not available
[INFO] [1738261768.687926449] [moveit_ros_visualization.motion_planning_frame]: MoveGroup namespace changed: / -> . Reloading params.
[ERROR] [1738261768.697447141] [rviz2]: PluginlibFactory: The plugin for class 'moveit_visual_tools/RvizVisualToolsGui' failed to load. Error: According to the loaded plugin descriptions the class moveit_visual_tools/RvizVisualToolsGui with base class type rviz_common::Panel does not exist. Declared types are  rviz_visual_tools/RvizVisualToolsGui
[INFO] [1738261768.816152627] [moveit_rdf_loader.rdf_loader]: Loaded robot model in 0.0862993 seconds
[INFO] [1738261768.816265479] [moveit_robot_model.robot_model]: Loading robot model 'spot'...
[INFO] [1738261768.816285344] [moveit_robot_model.robot_model]: No root/virtual joint specified in SRDF. Assuming fixed joint
[INFO] [1738261769.143526595] [moveit_ros.planning_scene_monitor.planning_scene_monitor]: Starting planning scene monitor
[INFO] [1738261769.144902940] [moveit_ros.planning_scene_monitor.planning_scene_monitor]: Listening to '/monitored_planning_scene'
[INFO] [1738261769.274425686] [interactive_marker_display_97213405129392]: Connected on namespace: /rviz_moveit_motion_planning_display/robot_interaction_interactive_marker_topic
[INFO] [1738261769.295831241] [moveit_ros_visualization.motion_planning_frame]: group spot_arm
[INFO] [1738261769.295866945] [moveit_ros_visualization.motion_planning_frame]: Constructing new MoveGroup connection for group 'spot_arm' in namespace ''
[INFO] [1738261769.307680223] [move_group_interface]: Ready to take commands for planning group spot_arm.
[INFO] [1738261769.309557421] [moveit_ros_visualization.motion_planning_frame]: group spot_arm
[INFO] [1738261769.321774359] [interactive_marker_display_97213405129392]: Sending request for interactive markers
[INFO] [1738261769.355296324] [interactive_marker_display_97213405129392]: Service response received for initialization
[INFO] [1738261780.265702412] [move_group_interface]: Plan and Execute request accepted
[INFO] [1738261791.962346019] [move_group_interface]: Plan and Execute request complete!
[WARN] [1738261792.963721829] [moveit_ros.planning_scene_monitor.planning_scene_monitor]: Maybe failed to update robot state, time diff: 0.004s
[INFO] [1738261931.235691755] [rclcpp]: signal_handler(signum=2)
