[INFO] [1738175056.011345208] [rviz2]: Stereo is NOT SUPPORTED
[INFO] [1738175056.011438081] [rviz2]: OpenGl version: 4.6 (GLSL 4.6)
[INFO] [1738175056.035705116] [rviz2]: Stereo is NOT SUPPORTED
[ERROR] [1738175059.143533286] [moveit_ros_visualization.motion_planning_frame]: Action server: /recognize_objects not available
[INFO] [1738175059.154931004] [moveit_ros_visualization.motion_planning_frame]: MoveGroup namespace changed: / -> . Reloading params.
[ERROR] [1738175059.160253667] [rviz2]: PluginlibFactory: The plugin for class 'moveit_visual_tools/RvizVisualToolsGui' failed to load. Error: According to the loaded plugin descriptions the class moveit_visual_tools/RvizVisualToolsGui with base class type rviz_common::Panel does not exist. Declared types are  rviz_visual_tools/RvizVisualToolsGui
[INFO] [1738175059.245893007] [moveit_rdf_loader.rdf_loader]: Loaded robot model in 0.0541266 seconds
[INFO] [1738175059.245938892] [moveit_robot_model.robot_model]: Loading robot model 'spot'...
[INFO] [1738175059.245947859] [moveit_robot_model.robot_model]: No root/virtual joint specified in SRDF. Assuming fixed joint
[INFO] [1738175059.417135079] [moveit_ros.planning_scene_monitor.planning_scene_monitor]: Starting planning scene monitor
[INFO] [1738175059.417876429] [moveit_ros.planning_scene_monitor.planning_scene_monitor]: Listening to '/monitored_planning_scene'
[INFO] [1738175059.485511497] [interactive_marker_display_97438903656976]: Connected on namespace: /rviz_moveit_motion_planning_display/robot_interaction_interactive_marker_topic
[INFO] [1738175059.498308511] [moveit_ros_visualization.motion_planning_frame]: group spot_arm
[INFO] [1738175059.498351852] [moveit_ros_visualization.motion_planning_frame]: Constructing new MoveGroup connection for group 'spot_arm' in namespace ''
[INFO] [1738175059.504825859] [move_group_interface]: Ready to take commands for planning group spot_arm.
[INFO] [1738175059.505880824] [moveit_ros_visualization.motion_planning_frame]: group spot_arm
[INFO] [1738175059.509204024] [interactive_marker_display_97438903656976]: Sending request for interactive markers
[INFO] [1738175059.541230742] [interactive_marker_display_97438903656976]: Service response received for initialization
[INFO] [1738175114.265961348] [move_group_interface]: Plan and Execute request accepted
[INFO] [1738175118.945997780] [move_group_interface]: Plan and Execute request complete!
[WARN] [1738175119.946284658] [moveit_ros.planning_scene_monitor.planning_scene_monitor]: Maybe failed to update robot state, time diff: 0.052s
[INFO] [1738175150.734526886] [move_group_interface]: Plan and Execute request accepted
[INFO] [1738175150.735141822] [move_group_interface]: Plan and Execute request complete!
[INFO] [1738175698.778558783] [rclcpp]: signal_handler(signum=2)
