[INFO] [1738164049.801146893] [rviz2]: Stereo is NOT SUPPORTED
[INFO] [1738164049.801236240] [rviz2]: OpenGl version: 4.6 (GLSL 4.6)
[INFO] [1738164049.824721154] [rviz2]: Stereo is NOT SUPPORTED
[ERROR] [1738164052.935211361] [moveit_ros_visualization.motion_planning_frame]: Action server: /recognize_objects not available
[INFO] [1738164052.949225816] [moveit_ros_visualization.motion_planning_frame]: MoveGroup namespace changed: / -> . Reloading params.
[ERROR] [1738164052.954001924] [rviz2]: PluginlibFactory: The plugin for class 'moveit_visual_tools/RvizVisualToolsGui' failed to load. Error: According to the loaded plugin descriptions the class moveit_visual_tools/RvizVisualToolsGui with base class type rviz_common::Panel does not exist. Declared types are  rviz_visual_tools/RvizVisualToolsGui
[INFO] [1738164053.038314568] [moveit_rdf_loader.rdf_loader]: Loaded robot model in 0.0520857 seconds
[INFO] [1738164053.038418029] [moveit_robot_model.robot_model]: Loading robot model 'spot'...
[INFO] [1738164053.038432174] [moveit_robot_model.robot_model]: No root/virtual joint specified in SRDF. Assuming fixed joint
[INFO] [1738164053.212039027] [moveit_ros.planning_scene_monitor.planning_scene_monitor]: Starting planning scene monitor
[INFO] [1738164053.212583671] [moveit_ros.planning_scene_monitor.planning_scene_monitor]: Listening to '/monitored_planning_scene'
[INFO] [1738164053.274898170] [interactive_marker_display_97960300314304]: Connected on namespace: /rviz_moveit_motion_planning_display/robot_interaction_interactive_marker_topic
[INFO] [1738164053.286592661] [moveit_ros_visualization.motion_planning_frame]: group spot_arm
[INFO] [1738164053.286627943] [moveit_ros_visualization.motion_planning_frame]: Constructing new MoveGroup connection for group 'spot_arm' in namespace ''
[INFO] [1738164053.292698419] [move_group_interface]: Ready to take commands for planning group spot_arm.
[INFO] [1738164053.293471081] [moveit_ros_visualization.motion_planning_frame]: group spot_arm
[INFO] [1738164053.298310863] [interactive_marker_display_97960300314304]: Sending request for interactive markers
[INFO] [1738164053.330238021] [interactive_marker_display_97960300314304]: Service response received for initialization
[INFO] [1738164058.488438529] [move_group_interface]: Plan and Execute request accepted
[INFO] [1738164062.817223906] [move_group_interface]: Plan and Execute request complete!
[INFO] [1738164062.911382201] [rclcpp]: signal_handler(signum=2)
