[INFO] [1738168197.277783575] [rviz2]: Stereo is NOT SUPPORTED
[INFO] [1738168197.277915956] [rviz2]: OpenGl version: 4.6 (GLSL 4.6)
[INFO] [1738168197.322613468] [rviz2]: Stereo is NOT SUPPORTED
[ERROR] [1738168200.535919259] [moveit_ros_visualization.motion_planning_frame]: Action server: /recognize_objects not available
[INFO] [1738168200.556293571] [moveit_ros_visualization.motion_planning_frame]: MoveGroup namespace changed: / -> . Reloading params.
[ERROR] [1738168200.563999604] [rviz2]: PluginlibFactory: The plugin for class 'moveit_visual_tools/RvizVisualToolsGui' failed to load. Error: According to the loaded plugin descriptions the class moveit_visual_tools/RvizVisualToolsGui with base class type rviz_common::Panel does not exist. Declared types are  rviz_visual_tools/RvizVisualToolsGui
[INFO] [1738168200.677604932] [moveit_rdf_loader.rdf_loader]: Loaded robot model in 0.0808824 seconds
[INFO] [1738168200.677663593] [moveit_robot_model.robot_model]: Loading robot model 'spot'...
[INFO] [1738168200.677683420] [moveit_robot_model.robot_model]: No root/virtual joint specified in SRDF. Assuming fixed joint
[INFO] [1738168200.979952140] [moveit_ros.planning_scene_monitor.planning_scene_monitor]: Starting planning scene monitor
[INFO] [1738168200.980610286] [moveit_ros.planning_scene_monitor.planning_scene_monitor]: Listening to '/monitored_planning_scene'
[INFO] [1738168201.112310940] [interactive_marker_display_100470262238096]: Connected on namespace: /rviz_moveit_motion_planning_display/robot_interaction_interactive_marker_topic
[INFO] [1738168201.137772334] [moveit_ros_visualization.motion_planning_frame]: group spot_arm
[INFO] [1738168201.137810927] [moveit_ros_visualization.motion_planning_frame]: Constructing new MoveGroup connection for group 'spot_arm' in namespace ''
[INFO] [1738168201.148623172] [move_group_interface]: Ready to take commands for planning group spot_arm.
[INFO] [1738168201.150290018] [moveit_ros_visualization.motion_planning_frame]: group spot_arm
[INFO] [1738168201.155630922] [interactive_marker_display_100470262238096]: Sending request for interactive markers
[INFO] [1738168201.188030876] [interactive_marker_display_100470262238096]: Service response received for initialization
[INFO] [1738168215.401818604] [move_group_interface]: MoveGroup action client/server ready
[INFO] [1738168215.402940989] [move_group_interface]: Planning request accepted
[INFO] [1738168215.444379073] [move_group_interface]: Planning request complete!
[INFO] [1738168215.444647992] [move_group_interface]: time taken to generate plan: 0.0203485 seconds
[INFO] [1738168225.616670840] [rclcpp]: signal_handler(signum=2)
