[INFO] [1738126011.974120999] [rviz2]: Stereo is NOT SUPPORTED
[INFO] [1738126011.974214834] [rviz2]: OpenGl version: 4.6 (GLSL 4.6)
[INFO] [1738126012.000404108] [rviz2]: Stereo is NOT SUPPORTED
[ERROR] [1738126015.111758303] [moveit_ros_visualization.motion_planning_frame]: Action server: /recognize_objects not available
[INFO] [1738126015.124209754] [moveit_ros_visualization.motion_planning_frame]: MoveGroup namespace changed: / -> . Reloading params.
[ERROR] [1738126015.131827896] [rviz2]: PluginlibFactory: The plugin for class 'moveit_visual_tools/RvizVisualToolsGui' failed to load. Error: According to the loaded plugin descriptions the class moveit_visual_tools/RvizVisualToolsGui with base class type rviz_common::Panel does not exist. Declared types are  rviz_visual_tools/RvizVisualToolsGui
[INFO] [1738126015.221796400] [moveit_rdf_loader.rdf_loader]: Loaded robot model in 0.0569814 seconds
[INFO] [1738126015.221836575] [moveit_robot_model.robot_model]: Loading robot model 'spot'...
[INFO] [1738126015.221847064] [moveit_robot_model.robot_model]: No root/virtual joint specified in SRDF. Assuming fixed joint
[WARN] [1738126015.261936098] [moveit_robot_model.robot_model]: Link fl.hip has visual geometry but no collision geometry. Collision geometry will be left empty. Fix your URDF file by explicitly specifying collision geometry.
[WARN] [1738126015.262042997] [moveit_robot_model.robot_model]: Link fr.hip has visual geometry but no collision geometry. Collision geometry will be left empty. Fix your URDF file by explicitly specifying collision geometry.
[WARN] [1738126015.262057213] [moveit_robot_model.robot_model]: Link hl.hip has visual geometry but no collision geometry. Collision geometry will be left empty. Fix your URDF file by explicitly specifying collision geometry.
[WARN] [1738126015.262074536] [moveit_robot_model.robot_model]: Link hr.hip has visual geometry but no collision geometry. Collision geometry will be left empty. Fix your URDF file by explicitly specifying collision geometry.
[WARN] [1738126015.267905431] [kdl_parser]: The root link base has an inertia specified in the URDF, but KDL does not support a root link with an inertia.  As a workaround, you can add an extra dummy link to your URDF.
[INFO] [1738126015.387574528] [moveit_ros.planning_scene_monitor.planning_scene_monitor]: Starting planning scene monitor
[INFO] [1738126015.388087673] [moveit_ros.planning_scene_monitor.planning_scene_monitor]: Listening to '/monitored_planning_scene'
[INFO] [1738126015.463476273] [interactive_marker_display_96966253485808]: Connected on namespace: /rviz_moveit_motion_planning_display/robot_interaction_interactive_marker_topic
[WARN] [1738126015.468466313] [kdl_parser]: The root link base has an inertia specified in the URDF, but KDL does not support a root link with an inertia.  As a workaround, you can add an extra dummy link to your URDF.
[WARN] [1738126015.468575657] [kdl_parser]: The root link base has an inertia specified in the URDF, but KDL does not support a root link with an inertia.  As a workaround, you can add an extra dummy link to your URDF.
[INFO] [1738126015.473506437] [moveit_ros_visualization.motion_planning_frame]: group spot_arm
[INFO] [1738126015.473562912] [moveit_ros_visualization.motion_planning_frame]: Constructing new MoveGroup connection for group 'spot_arm' in namespace ''
[INFO] [1738126015.480955484] [move_group_interface]: Ready to take commands for planning group spot_arm.
[INFO] [1738126015.481812871] [moveit_ros_visualization.motion_planning_frame]: group spot_arm
[INFO] [1738126015.485252234] [interactive_marker_display_96966253485808]: Sending request for interactive markers
[INFO] [1738126015.520243547] [interactive_marker_display_96966253485808]: Service response received for initialization
[INFO] [1738126110.588602247] [rclcpp]: signal_handler(signum=2)
