[INFO] [1738017763.218132878] [rviz2]: Stereo is NOT SUPPORTED
[INFO] [1738017763.218226642] [rviz2]: OpenGl version: 4.6 (GLSL 4.6)
[INFO] [1738017763.245062624] [rviz2]: Stereo is NOT SUPPORTED
[ERROR] [1738017766.353781958] [moveit_ros_visualization.motion_planning_frame]: Action server: /recognize_objects not available
[INFO] [1738017766.372901278] [moveit_ros_visualization.motion_planning_frame]: MoveGroup namespace changed: / -> . Reloading params.
[INFO] [1738017766.497172432] [moveit_rdf_loader.rdf_loader]: Loaded robot model in 0.0830591 seconds
[INFO] [1738017766.497232273] [moveit_robot_model.robot_model]: Loading robot model 'spot'...
[INFO] [1738017766.497258912] [moveit_robot_model.robot_model]: No root/virtual joint specified in SRDF. Assuming fixed joint
[WARN] [1738017766.574857063] [moveit_robot_model.robot_model]: Link fl.hip has visual geometry but no collision geometry. Collision geometry will be left empty. Fix your URDF file by explicitly specifying collision geometry.
[WARN] [1738017766.575002433] [moveit_robot_model.robot_model]: Link fr.hip has visual geometry but no collision geometry. Collision geometry will be left empty. Fix your URDF file by explicitly specifying collision geometry.
[WARN] [1738017766.575022130] [moveit_robot_model.robot_model]: Link hl.hip has visual geometry but no collision geometry. Collision geometry will be left empty. Fix your URDF file by explicitly specifying collision geometry.
[WARN] [1738017766.575044442] [moveit_robot_model.robot_model]: Link hr.hip has visual geometry but no collision geometry. Collision geometry will be left empty. Fix your URDF file by explicitly specifying collision geometry.
[WARN] [1738017766.586543270] [kdl_parser]: The root link base has an inertia specified in the URDF, but KDL does not support a root link with an inertia.  As a workaround, you can add an extra dummy link to your URDF.
[INFO] [1738017766.796991717] [moveit_ros.planning_scene_monitor.planning_scene_monitor]: Starting planning scene monitor
[INFO] [1738017766.797683553] [moveit_ros.planning_scene_monitor.planning_scene_monitor]: Listening to '/monitored_planning_scene'
[INFO] [1738017766.917578504] [interactive_marker_display_106777621018064]: Connected on namespace: /rviz_moveit_motion_planning_display/robot_interaction_interactive_marker_topic
[WARN] [1738017766.928264132] [kdl_parser]: The root link base has an inertia specified in the URDF, but KDL does not support a root link with an inertia.  As a workaround, you can add an extra dummy link to your URDF.
[WARN] [1738017766.928504819] [kdl_parser]: The root link base has an inertia specified in the URDF, but KDL does not support a root link with an inertia.  As a workaround, you can add an extra dummy link to your URDF.
[INFO] [1738017766.936041264] [moveit_ros_visualization.motion_planning_frame]: group spot_arm
[INFO] [1738017766.936086177] [moveit_ros_visualization.motion_planning_frame]: Constructing new MoveGroup connection for group 'spot_arm' in namespace ''
[INFO] [1738017766.947880855] [interactive_marker_display_106777621018064]: Sending request for interactive markers
[INFO] [1738017766.947947129] [move_group_interface]: Ready to take commands for planning group spot_arm.
[INFO] [1738017766.949333485] [moveit_ros_visualization.motion_planning_frame]: group spot_arm
[INFO] [1738017766.981138929] [interactive_marker_display_106777621018064]: Service response received for initialization
[INFO] [1738017769.779263708] [move_group_interface]: Plan and Execute request accepted
[INFO] [1738017774.609070976] [move_group_interface]: Plan and Execute request complete!
[INFO] [1738017776.930035117] [rclcpp]: signal_handler(signum=2)
