[INFO] [1738187999.562766047] [rviz2]: Stereo is NOT SUPPORTED
[INFO] [1738187999.562921325] [rviz2]: OpenGl version: 4.6 (GLSL 4.6)
[INFO] [1738187999.653016740] [rviz2]: Stereo is NOT SUPPORTED
[ERROR] [1738188002.851482724] [moveit_ros_visualization.motion_planning_frame]: Action server: /recognize_objects not available
[INFO] [1738188002.872386853] [moveit_ros_visualization.motion_planning_frame]: MoveGroup namespace changed: / -> . Reloading params.
[ERROR] [1738188002.880013281] [rviz2]: PluginlibFactory: The plugin for class 'moveit_visual_tools/RvizVisualToolsGui' failed to load. Error: According to the loaded plugin descriptions the class moveit_visual_tools/RvizVisualToolsGui with base class type rviz_common::Panel does not exist. Declared types are  rviz_visual_tools/RvizVisualToolsGui
[INFO] [1738188003.031604131] [moveit_rdf_loader.rdf_loader]: Loaded robot model in 0.0910632 seconds
[INFO] [1738188003.031677281] [moveit_robot_model.robot_model]: Loading robot model 'spot'...
[INFO] [1738188003.031698011] [moveit_robot_model.robot_model]: No root/virtual joint specified in SRDF. Assuming fixed joint
[INFO] [1738188003.357062740] [moveit_ros.planning_scene_monitor.planning_scene_monitor]: Starting planning scene monitor
[INFO] [1738188003.357672238] [moveit_ros.planning_scene_monitor.planning_scene_monitor]: Listening to '/monitored_planning_scene'
[INFO] [1738188003.480937040] [interactive_marker_display_105105955096160]: Connected on namespace: /rviz_moveit_motion_planning_display/robot_interaction_interactive_marker_topic
[INFO] [1738188003.502946832] [moveit_ros_visualization.motion_planning_frame]: group spot_arm
[INFO] [1738188003.502973933] [moveit_ros_visualization.motion_planning_frame]: Constructing new MoveGroup connection for group 'spot_arm' in namespace ''
[INFO] [1738188003.513558289] [move_group_interface]: Ready to take commands for planning group spot_arm.
[INFO] [1738188003.515069634] [moveit_ros_visualization.motion_planning_frame]: group spot_arm
[INFO] [1738188003.523309387] [interactive_marker_display_105105955096160]: Sending request for interactive markers
[INFO] [1738188003.581193078] [interactive_marker_display_105105955096160]: Service response received for initialization
[INFO] [1738188009.748202036] [move_group_interface]: Plan and Execute request accepted
[INFO] [1738188012.329874419] [move_group_interface]: Plan and Execute request complete!
[WARN] [1738188013.330428769] [moveit_ros.planning_scene_monitor.planning_scene_monitor]: Maybe failed to update robot state, time diff: 0.012s
[INFO] [1738188014.350575663] [rclcpp]: signal_handler(signum=2)
