[INFO] [1738017667.160606074] [rviz2]: Stereo is NOT SUPPORTED
[INFO] [1738017667.160759394] [rviz2]: OpenGl version: 4.6 (GLSL 4.6)
[INFO] [1738017667.183800708] [rviz2]: Stereo is NOT SUPPORTED
[ERROR] [1738017670.280964605] [moveit_ros_visualization.motion_planning_frame]: Action server: /recognize_objects not available
[INFO] [1738017670.299099452] [moveit_ros_visualization.motion_planning_frame]: MoveGroup namespace changed: / -> . Reloading params.
[INFO] [1738017670.421925976] [moveit_rdf_loader.rdf_loader]: Loaded robot model in 0.0846372 seconds
[INFO] [1738017670.422048821] [moveit_robot_model.robot_model]: Loading robot model 'spot'...
[INFO] [1738017670.422074909] [moveit_robot_model.robot_model]: No root/virtual joint specified in SRDF. Assuming fixed joint
[WARN] [1738017670.498658667] [moveit_robot_model.robot_model]: Link fl.hip has visual geometry but no collision geometry. Collision geometry will be left empty. Fix your URDF file by explicitly specifying collision geometry.
[WARN] [1738017670.498736129] [moveit_robot_model.robot_model]: Link fr.hip has visual geometry but no collision geometry. Collision geometry will be left empty. Fix your URDF file by explicitly specifying collision geometry.
[WARN] [1738017670.498759181] [moveit_robot_model.robot_model]: Link hl.hip has visual geometry but no collision geometry. Collision geometry will be left empty. Fix your URDF file by explicitly specifying collision geometry.
[WARN] [1738017670.498774349] [moveit_robot_model.robot_model]: Link hr.hip has visual geometry but no collision geometry. Collision geometry will be left empty. Fix your URDF file by explicitly specifying collision geometry.
[WARN] [1738017670.510754679] [kdl_parser]: The root link base has an inertia specified in the URDF, but KDL does not support a root link with an inertia.  As a workaround, you can add an extra dummy link to your URDF.
[INFO] [1738017670.721868785] [moveit_ros.planning_scene_monitor.planning_scene_monitor]: Starting planning scene monitor
[INFO] [1738017670.722885418] [moveit_ros.planning_scene_monitor.planning_scene_monitor]: Listening to '/monitored_planning_scene'
[INFO] [1738017670.842496431] [interactive_marker_display_103865623458176]: Connected on namespace: /rviz_moveit_motion_planning_display/robot_interaction_interactive_marker_topic
[WARN] [1738017670.852355384] [kdl_parser]: The root link base has an inertia specified in the URDF, but KDL does not support a root link with an inertia.  As a workaround, you can add an extra dummy link to your URDF.
[WARN] [1738017670.852582891] [kdl_parser]: The root link base has an inertia specified in the URDF, but KDL does not support a root link with an inertia.  As a workaround, you can add an extra dummy link to your URDF.
[INFO] [1738017670.861747463] [moveit_ros_visualization.motion_planning_frame]: group spot_arm
[INFO] [1738017670.861810488] [moveit_ros_visualization.motion_planning_frame]: Constructing new MoveGroup connection for group 'spot_arm' in namespace ''
[INFO] [1738017670.872952843] [move_group_interface]: Ready to take commands for planning group spot_arm.
[INFO] [1738017670.873817608] [interactive_marker_display_103865623458176]: Sending request for interactive markers
[INFO] [1738017670.874812530] [moveit_ros_visualization.motion_planning_frame]: group spot_arm
[INFO] [1738017670.905646976] [interactive_marker_display_103865623458176]: Service response received for initialization
[INFO] [1738017676.826477565] [move_group_interface]: Plan and Execute request accepted
[INFO] [1738017678.858519838] [move_group_interface]: Plan and Execute request aborted
[ERROR] [1738017678.858554682] [move_group_interface]: MoveGroupInterface::move() failed or timeout reached
[INFO] [1738017696.516298310] [rclcpp]: signal_handler(signum=2)
