[INFO] [1737962985.284510177] [rviz2]: Stereo is NOT SUPPORTED
[INFO] [1737962985.284655942] [rviz2]: OpenGl version: 4.6 (GLSL 4.6)
[INFO] [1737962985.300904450] [rviz2]: Stereo is NOT SUPPORTED
[ERROR] [1737962988.379335992] [moveit_ros_visualization.motion_planning_frame]: Action server: /recognize_objects not available
[INFO] [1737962988.389042246] [moveit_ros_visualization.motion_planning_frame]: MoveGroup namespace changed: / -> . Reloading params.
[INFO] [1737962988.483018434] [moveit_rdf_loader.rdf_loader]: Loaded robot model in 0.0579619 seconds
[INFO] [1737962988.483058609] [moveit_robot_model.robot_model]: Loading robot model 'spot'...
[INFO] [1737962988.483068057] [moveit_robot_model.robot_model]: No root/virtual joint specified in SRDF. Assuming fixed joint
[WARN] [1737962988.518688437] [moveit_robot_model.robot_model]: Link fl.hip has visual geometry but no collision geometry. Collision geometry will be left empty. Fix your URDF file by explicitly specifying collision geometry.
[WARN] [1737962988.518756455] [moveit_robot_model.robot_model]: Link fr.hip has visual geometry but no collision geometry. Collision geometry will be left empty. Fix your URDF file by explicitly specifying collision geometry.
[WARN] [1737962988.518768618] [moveit_robot_model.robot_model]: Link hl.hip has visual geometry but no collision geometry. Collision geometry will be left empty. Fix your URDF file by explicitly specifying collision geometry.
[WARN] [1737962988.518778437] [moveit_robot_model.robot_model]: Link hr.hip has visual geometry but no collision geometry. Collision geometry will be left empty. Fix your URDF file by explicitly specifying collision geometry.
[WARN] [1737962988.518904074] [moveit_robot_model.robot_model]: Could not identify parent group for end-effector 'spot_gripper'
[WARN] [1737962988.525252653] [kdl_parser]: The root link base has an inertia specified in the URDF, but KDL does not support a root link with an inertia.  As a workaround, you can add an extra dummy link to your URDF.
[INFO] [1737962988.647919144] [moveit_ros.planning_scene_monitor.planning_scene_monitor]: Starting planning scene monitor
[INFO] [1737962988.648397757] [moveit_ros.planning_scene_monitor.planning_scene_monitor]: Listening to '/monitored_planning_scene'
[INFO] [1737962988.713845727] [interactive_marker_display_95226300430528]: Connected on namespace: /rviz_moveit_motion_planning_display/robot_interaction_interactive_marker_topic
[WARN] [1737962988.719293275] [kdl_parser]: The root link base has an inertia specified in the URDF, but KDL does not support a root link with an inertia.  As a workaround, you can add an extra dummy link to your URDF.
[WARN] [1737962988.719474487] [kdl_parser]: The root link base has an inertia specified in the URDF, but KDL does not support a root link with an inertia.  As a workaround, you can add an extra dummy link to your URDF.
[INFO] [1737962988.723651298] [moveit_ros_visualization.motion_planning_frame]: group spot_arm
[INFO] [1737962988.723677688] [moveit_ros_visualization.motion_planning_frame]: Constructing new MoveGroup connection for group 'spot_arm' in namespace ''
[INFO] [1737962988.729767909] [move_group_interface]: Ready to take commands for planning group spot_arm.
[INFO] [1737962988.730477007] [moveit_ros_visualization.motion_planning_frame]: group spot_arm
[INFO] [1737962988.732641241] [interactive_marker_display_95226300430528]: Sending request for interactive markers
[INFO] [1737962988.764638114] [interactive_marker_display_95226300430528]: Service response received for initialization
[INFO] [1737962992.911262241] [move_group_interface]: MoveGroup action client/server ready
[INFO] [1737962992.912120811] [move_group_interface]: Planning request accepted
[INFO] [1737962992.946164576] [move_group_interface]: Planning request complete!
[INFO] [1737962992.946422874] [move_group_interface]: time taken to generate plan: 0.0203955 seconds
[INFO] [1737962997.939429595] [rclcpp]: signal_handler(signum=2)
