[0.134s] DEBUG:colcon:Command line arguments: ['/usr/bin/colcon', 'build']
[0.134s] DEBUG:colcon:Parsed command line arguments: Namespace(log_base=None, log_level=None, verb_name='build', build_base='build', install_base='install', merge_install=False, symlink_install=False, test_result_base=None, continue_on_error=False, executor='parallel', parallel_workers=16, event_handlers=None, ignore_user_meta=False, metas=['./colcon.meta'], base_paths=['.'], packages_ignore=None, packages_ignore_regex=None, paths=None, packages_up_to=None, packages_up_to_regex=None, packages_above=None, packages_above_and_dependencies=None, packages_above_depth=None, packages_select_by_dep=None, packages_skip_by_dep=None, packages_skip_up_to=None, packages_select_build_failed=False, packages_skip_build_finished=False, packages_select_test_failures=False, packages_skip_test_passed=False, packages_select=None, packages_skip=None, packages_select_regex=None, packages_skip_regex=None, packages_start=None, packages_end=None, cmake_args=None, cmake_target=None, cmake_target_skip_unavailable=False, cmake_clean_cache=False, cmake_clean_first=False, cmake_force_configure=False, ament_cmake_args=None, catkin_cmake_args=None, catkin_skip_building_tests=False, mixin_files=None, mixin=None, verb_parser=<colcon_mixin.mixin.mixin_argument.MixinArgumentDecorator object at 0x79632791c940>, verb_extension=<colcon_core.verb.build.BuildVerb object at 0x79632791c3d0>, main=<bound method BuildVerb.main of <colcon_core.verb.build.BuildVerb object at 0x79632791c3d0>>, mixin_verb=('build',))
[0.332s] Level 1:colcon.colcon_core.package_discovery:discover_packages(colcon_meta) check parameters
[0.333s] INFO:colcon.colcon_metadata.package_discovery.colcon_meta:Using configuration from '/root/.colcon/metadata/default/Gazebo.meta'
[0.334s] INFO:colcon.colcon_metadata.package_discovery.colcon_meta:Using configuration from '/root/.colcon/metadata/default/fastrtps.meta'
[0.334s] Level 1:colcon.colcon_core.package_discovery:discover_packages(recursive) check parameters
[0.334s] Level 1:colcon.colcon_core.package_discovery:discover_packages(ignore) check parameters
[0.334s] Level 1:colcon.colcon_core.package_discovery:discover_packages(path) check parameters
[0.334s] Level 1:colcon.colcon_core.package_discovery:discover_packages(colcon_meta) discover
[0.334s] Level 1:colcon.colcon_core.package_discovery:discover_packages(recursive) discover
[0.334s] INFO:colcon.colcon_core.package_discovery:Crawling recursively for packages in '/home/developer/SPWAR_ws/src'
[0.334s] Level 1:colcon.colcon_core.package_identification:_identify(.) by extensions ['ignore', 'ignore_ament_install']
[0.334s] Level 1:colcon.colcon_core.package_identification:_identify(.) by extension 'ignore'
[0.334s] Level 1:colcon.colcon_core.package_identification:_identify(.) by extension 'ignore_ament_install'
[0.335s] Level 1:colcon.colcon_core.package_identification:_identify(.) by extensions ['colcon_pkg']
[0.335s] Level 1:colcon.colcon_core.package_identification:_identify(.) by extension 'colcon_pkg'
[0.335s] Level 1:colcon.colcon_core.package_identification:_identify(.) by extensions ['colcon_meta']
[0.335s] Level 1:colcon.colcon_core.package_identification:_identify(.) by extension 'colcon_meta'
[0.335s] Level 1:colcon.colcon_core.package_identification:_identify(.) by extensions ['ros']
[0.335s] Level 1:colcon.colcon_core.package_identification:_identify(.) by extension 'ros'
[0.346s] Level 1:colcon.colcon_core.package_identification:_identify(.) by extensions ['cmake', 'python']
[0.346s] Level 1:colcon.colcon_core.package_identification:_identify(.) by extension 'cmake'
[0.346s] Level 1:colcon.colcon_core.package_identification:_identify(.) by extension 'python'
[0.346s] Level 1:colcon.colcon_core.package_identification:_identify(.) by extensions ['python_setup_py']
[0.346s] Level 1:colcon.colcon_core.package_identification:_identify(.) by extension 'python_setup_py'
[0.347s] Level 1:colcon.colcon_core.package_identification:_identify(build) by extensions ['ignore', 'ignore_ament_install']
[0.347s] Level 1:colcon.colcon_core.package_identification:_identify(build) by extension 'ignore'
[0.347s] Level 1:colcon.colcon_core.package_identification:_identify(build) ignored
[0.347s] Level 1:colcon.colcon_core.package_identification:_identify(hello_moveit) by extensions ['ignore', 'ignore_ament_install']
[0.347s] Level 1:colcon.colcon_core.package_identification:_identify(hello_moveit) by extension 'ignore'
[0.347s] Level 1:colcon.colcon_core.package_identification:_identify(hello_moveit) by extension 'ignore_ament_install'
[0.347s] Level 1:colcon.colcon_core.package_identification:_identify(hello_moveit) by extensions ['colcon_pkg']
[0.347s] Level 1:colcon.colcon_core.package_identification:_identify(hello_moveit) by extension 'colcon_pkg'
[0.347s] Level 1:colcon.colcon_core.package_identification:_identify(hello_moveit) by extensions ['colcon_meta']
[0.347s] Level 1:colcon.colcon_core.package_identification:_identify(hello_moveit) by extension 'colcon_meta'
[0.347s] Level 1:colcon.colcon_core.package_identification:_identify(hello_moveit) by extensions ['ros']
[0.347s] Level 1:colcon.colcon_core.package_identification:_identify(hello_moveit) by extension 'ros'
[0.350s] DEBUG:colcon.colcon_core.package_identification:Package 'hello_moveit' with type 'ros.ament_cmake' and name 'hello_moveit'
[0.350s] Level 1:colcon.colcon_core.package_identification:_identify(install) by extensions ['ignore', 'ignore_ament_install']
[0.350s] Level 1:colcon.colcon_core.package_identification:_identify(install) by extension 'ignore'
[0.350s] Level 1:colcon.colcon_core.package_identification:_identify(install) ignored
[0.350s] Level 1:colcon.colcon_core.package_identification:_identify(log) by extensions ['ignore', 'ignore_ament_install']
[0.350s] Level 1:colcon.colcon_core.package_identification:_identify(log) by extension 'ignore'
[0.350s] Level 1:colcon.colcon_core.package_identification:_identify(log) ignored
[0.350s] Level 1:colcon.colcon_core.package_identification:_identify(spot_description) by extensions ['ignore', 'ignore_ament_install']
[0.350s] Level 1:colcon.colcon_core.package_identification:_identify(spot_description) by extension 'ignore'
[0.350s] Level 1:colcon.colcon_core.package_identification:_identify(spot_description) by extension 'ignore_ament_install'
[0.350s] Level 1:colcon.colcon_core.package_identification:_identify(spot_description) by extensions ['colcon_pkg']
[0.350s] Level 1:colcon.colcon_core.package_identification:_identify(spot_description) by extension 'colcon_pkg'
[0.350s] Level 1:colcon.colcon_core.package_identification:_identify(spot_description) by extensions ['colcon_meta']
[0.350s] Level 1:colcon.colcon_core.package_identification:_identify(spot_description) by extension 'colcon_meta'
[0.350s] Level 1:colcon.colcon_core.package_identification:_identify(spot_description) by extensions ['ros']
[0.350s] Level 1:colcon.colcon_core.package_identification:_identify(spot_description) by extension 'ros'
[0.352s] DEBUG:colcon.colcon_core.package_identification:Package 'spot_description' with type 'ros.ament_cmake' and name 'spot_description'
[0.352s] Level 1:colcon.colcon_core.package_identification:_identify(spot_moveit_config) by extensions ['ignore', 'ignore_ament_install']
[0.352s] Level 1:colcon.colcon_core.package_identification:_identify(spot_moveit_config) by extension 'ignore'
[0.352s] Level 1:colcon.colcon_core.package_identification:_identify(spot_moveit_config) by extension 'ignore_ament_install'
[0.352s] Level 1:colcon.colcon_core.package_identification:_identify(spot_moveit_config) by extensions ['colcon_pkg']
[0.352s] Level 1:colcon.colcon_core.package_identification:_identify(spot_moveit_config) by extension 'colcon_pkg'
[0.352s] Level 1:colcon.colcon_core.package_identification:_identify(spot_moveit_config) by extensions ['colcon_meta']
[0.352s] Level 1:colcon.colcon_core.package_identification:_identify(spot_moveit_config) by extension 'colcon_meta'
[0.352s] Level 1:colcon.colcon_core.package_identification:_identify(spot_moveit_config) by extensions ['ros']
[0.352s] Level 1:colcon.colcon_core.package_identification:_identify(spot_moveit_config) by extension 'ros'
[0.353s] DEBUG:colcon.colcon_core.package_identification:Package 'spot_moveit_config' with type 'ros.ament_cmake' and name 'spot_moveit_config'
[0.353s] Level 1:colcon.colcon_core.package_discovery:discover_packages(recursive) using defaults
[0.353s] Level 1:colcon.colcon_core.package_discovery:discover_packages(ignore) discover
[0.353s] Level 1:colcon.colcon_core.package_discovery:discover_packages(ignore) using defaults
[0.353s] Level 1:colcon.colcon_core.package_discovery:discover_packages(path) discover
[0.353s] Level 1:colcon.colcon_core.package_discovery:discover_packages(path) using defaults
[0.374s] Level 5:colcon.colcon_core.verb:set package 'hello_moveit' build argument 'cmake_args' from command line to 'None'
[0.374s] Level 5:colcon.colcon_core.verb:set package 'hello_moveit' build argument 'cmake_target' from command line to 'None'
[0.374s] Level 5:colcon.colcon_core.verb:set package 'hello_moveit' build argument 'cmake_target_skip_unavailable' from command line to 'False'
[0.374s] Level 5:colcon.colcon_core.verb:set package 'hello_moveit' build argument 'cmake_clean_cache' from command line to 'False'
[0.374s] Level 5:colcon.colcon_core.verb:set package 'hello_moveit' build argument 'cmake_clean_first' from command line to 'False'
[0.374s] Level 5:colcon.colcon_core.verb:set package 'hello_moveit' build argument 'cmake_force_configure' from command line to 'False'
[0.374s] Level 5:colcon.colcon_core.verb:set package 'hello_moveit' build argument 'ament_cmake_args' from command line to 'None'
[0.374s] Level 5:colcon.colcon_core.verb:set package 'hello_moveit' build argument 'catkin_cmake_args' from command line to 'None'
[0.374s] Level 5:colcon.colcon_core.verb:set package 'hello_moveit' build argument 'catkin_skip_building_tests' from command line to 'False'
[0.374s] DEBUG:colcon.colcon_core.verb:Building package 'hello_moveit' with the following arguments: {'ament_cmake_args': None, 'build_base': '/home/developer/SPWAR_ws/src/build/hello_moveit', 'catkin_cmake_args': None, 'catkin_skip_building_tests': False, 'cmake_args': None, 'cmake_clean_cache': False, 'cmake_clean_first': False, 'cmake_force_configure': False, 'cmake_target': None, 'cmake_target_skip_unavailable': False, 'install_base': '/home/developer/SPWAR_ws/src/install/hello_moveit', 'merge_install': False, 'path': '/home/developer/SPWAR_ws/src/hello_moveit', 'symlink_install': False, 'test_result_base': None}
[0.374s] Level 5:colcon.colcon_core.verb:set package 'spot_description' build argument 'cmake_args' from command line to 'None'
[0.374s] Level 5:colcon.colcon_core.verb:set package 'spot_description' build argument 'cmake_target' from command line to 'None'
[0.374s] Level 5:colcon.colcon_core.verb:set package 'spot_description' build argument 'cmake_target_skip_unavailable' from command line to 'False'
[0.374s] Level 5:colcon.colcon_core.verb:set package 'spot_description' build argument 'cmake_clean_cache' from command line to 'False'
[0.374s] Level 5:colcon.colcon_core.verb:set package 'spot_description' build argument 'cmake_clean_first' from command line to 'False'
[0.374s] Level 5:colcon.colcon_core.verb:set package 'spot_description' build argument 'cmake_force_configure' from command line to 'False'
[0.374s] Level 5:colcon.colcon_core.verb:set package 'spot_description' build argument 'ament_cmake_args' from command line to 'None'
[0.374s] Level 5:colcon.colcon_core.verb:set package 'spot_description' build argument 'catkin_cmake_args' from command line to 'None'
[0.374s] Level 5:colcon.colcon_core.verb:set package 'spot_description' build argument 'catkin_skip_building_tests' from command line to 'False'
[0.374s] DEBUG:colcon.colcon_core.verb:Building package 'spot_description' with the following arguments: {'ament_cmake_args': None, 'build_base': '/home/developer/SPWAR_ws/src/build/spot_description', 'catkin_cmake_args': None, 'catkin_skip_building_tests': False, 'cmake_args': None, 'cmake_clean_cache': False, 'cmake_clean_first': False, 'cmake_force_configure': False, 'cmake_target': None, 'cmake_target_skip_unavailable': False, 'install_base': '/home/developer/SPWAR_ws/src/install/spot_description', 'merge_install': False, 'path': '/home/developer/SPWAR_ws/src/spot_description', 'symlink_install': False, 'test_result_base': None}
[0.375s] Level 5:colcon.colcon_core.verb:set package 'spot_moveit_config' build argument 'cmake_args' from command line to 'None'
[0.375s] Level 5:colcon.colcon_core.verb:set package 'spot_moveit_config' build argument 'cmake_target' from command line to 'None'
[0.375s] Level 5:colcon.colcon_core.verb:set package 'spot_moveit_config' build argument 'cmake_target_skip_unavailable' from command line to 'False'
[0.375s] Level 5:colcon.colcon_core.verb:set package 'spot_moveit_config' build argument 'cmake_clean_cache' from command line to 'False'
[0.375s] Level 5:colcon.colcon_core.verb:set package 'spot_moveit_config' build argument 'cmake_clean_first' from command line to 'False'
[0.375s] Level 5:colcon.colcon_core.verb:set package 'spot_moveit_config' build argument 'cmake_force_configure' from command line to 'False'
[0.375s] Level 5:colcon.colcon_core.verb:set package 'spot_moveit_config' build argument 'ament_cmake_args' from command line to 'None'
[0.375s] Level 5:colcon.colcon_core.verb:set package 'spot_moveit_config' build argument 'catkin_cmake_args' from command line to 'None'
[0.375s] Level 5:colcon.colcon_core.verb:set package 'spot_moveit_config' build argument 'catkin_skip_building_tests' from command line to 'False'
[0.375s] DEBUG:colcon.colcon_core.verb:Building package 'spot_moveit_config' with the following arguments: {'ament_cmake_args': None, 'build_base': '/home/developer/SPWAR_ws/src/build/spot_moveit_config', 'catkin_cmake_args': None, 'catkin_skip_building_tests': False, 'cmake_args': None, 'cmake_clean_cache': False, 'cmake_clean_first': False, 'cmake_force_configure': False, 'cmake_target': None, 'cmake_target_skip_unavailable': False, 'install_base': '/home/developer/SPWAR_ws/src/install/spot_moveit_config', 'merge_install': False, 'path': '/home/developer/SPWAR_ws/src/spot_moveit_config', 'symlink_install': False, 'test_result_base': None}
[0.375s] INFO:colcon.colcon_core.executor:Executing jobs using 'parallel' executor
[0.376s] DEBUG:colcon.colcon_parallel_executor.executor.parallel:run_until_complete
[0.376s] INFO:colcon.colcon_ros.task.ament_cmake.build:Building ROS package in '/home/developer/SPWAR_ws/src/spot_description' with build type 'ament_cmake'
[0.376s] INFO:colcon.colcon_cmake.task.cmake.build:Building CMake package in '/home/developer/SPWAR_ws/src/spot_description'
[0.380s] INFO:colcon.colcon_core.plugin_system:Skipping extension 'colcon_core.shell.bat': Not used on non-Windows systems
[0.380s] INFO:colcon.colcon_core.shell:Skip shell extension 'powershell' for command environment: Not usable outside of PowerShell
[0.380s] DEBUG:colcon.colcon_core.shell:Skip shell extension 'dsv' for command environment
[0.390s] INFO:colcon.colcon_ros.task.ament_cmake.build:Building ROS package in '/home/developer/SPWAR_ws/src/hello_moveit' with build type 'ament_cmake'
[0.390s] INFO:colcon.colcon_cmake.task.cmake.build:Building CMake package in '/home/developer/SPWAR_ws/src/hello_moveit'
[0.391s] INFO:colcon.colcon_core.shell:Skip shell extension 'powershell' for command environment: Not usable outside of PowerShell
[0.391s] DEBUG:colcon.colcon_core.shell:Skip shell extension 'dsv' for command environment
[0.401s] DEBUG:colcon.colcon_core.event_handler.log_command:Invoking command in '/home/developer/SPWAR_ws/src/build/spot_description': CMAKE_PREFIX_PATH=${CMAKE_PREFIX_PATH}:/opt/ros/humble /usr/bin/cmake /home/developer/SPWAR_ws/src/spot_description -DCMAKE_INSTALL_PREFIX=/home/developer/SPWAR_ws/src/install/spot_description
[0.404s] DEBUG:colcon.colcon_core.event_handler.log_command:Invoking command in '/home/developer/SPWAR_ws/src/build/hello_moveit': CMAKE_PREFIX_PATH=${CMAKE_PREFIX_PATH}:/opt/ros/humble /usr/bin/cmake /home/developer/SPWAR_ws/src/hello_moveit -DCMAKE_INSTALL_PREFIX=/home/developer/SPWAR_ws/src/install/hello_moveit
[1.622s] DEBUG:colcon.colcon_core.event_handler.log_command:Invoked command in '/home/developer/SPWAR_ws/src/build/spot_description' returned '0': CMAKE_PREFIX_PATH=${CMAKE_PREFIX_PATH}:/opt/ros/humble /usr/bin/cmake /home/developer/SPWAR_ws/src/spot_description -DCMAKE_INSTALL_PREFIX=/home/developer/SPWAR_ws/src/install/spot_description
[1.624s] DEBUG:colcon.colcon_core.event_handler.log_command:Invoking command in '/home/developer/SPWAR_ws/src/build/spot_description': CMAKE_PREFIX_PATH=${CMAKE_PREFIX_PATH}:/opt/ros/humble /usr/bin/cmake --build /home/developer/SPWAR_ws/src/build/spot_description -- -j16 -l16
[1.673s] DEBUG:colcon.colcon_core.event_handler.log_command:Invoked command in '/home/developer/SPWAR_ws/src/build/spot_description' returned '0': CMAKE_PREFIX_PATH=${CMAKE_PREFIX_PATH}:/opt/ros/humble /usr/bin/cmake --build /home/developer/SPWAR_ws/src/build/spot_description -- -j16 -l16
[1.689s] DEBUG:colcon.colcon_core.event_handler.log_command:Invoked command in '/home/developer/SPWAR_ws/src/build/hello_moveit' returned '0': CMAKE_PREFIX_PATH=${CMAKE_PREFIX_PATH}:/opt/ros/humble /usr/bin/cmake /home/developer/SPWAR_ws/src/hello_moveit -DCMAKE_INSTALL_PREFIX=/home/developer/SPWAR_ws/src/install/hello_moveit
[1.690s] DEBUG:colcon.colcon_core.event_handler.log_command:Invoking command in '/home/developer/SPWAR_ws/src/build/hello_moveit': CMAKE_PREFIX_PATH=${CMAKE_PREFIX_PATH}:/opt/ros/humble /usr/bin/cmake --build /home/developer/SPWAR_ws/src/build/hello_moveit -- -j16 -l16
[1.709s] DEBUG:colcon.colcon_core.event_handler.log_command:Invoking command in '/home/developer/SPWAR_ws/src/build/spot_description': CMAKE_PREFIX_PATH=${CMAKE_PREFIX_PATH}:/opt/ros/humble /usr/bin/cmake --install /home/developer/SPWAR_ws/src/build/spot_description
[1.735s] Level 1:colcon.colcon_core.environment:create_environment_scripts_only(spot_description)
[1.736s] DEBUG:colcon.colcon_core.event_handler.log_command:Invoked command in '/home/developer/SPWAR_ws/src/build/spot_description' returned '0': CMAKE_PREFIX_PATH=${CMAKE_PREFIX_PATH}:/opt/ros/humble /usr/bin/cmake --install /home/developer/SPWAR_ws/src/build/spot_description
[1.740s] Level 1:colcon.colcon_core.environment:checking '/home/developer/SPWAR_ws/src/install/spot_description' for CMake module files
[1.740s] Level 1:colcon.colcon_core.environment:checking '/home/developer/SPWAR_ws/src/install/spot_description' for CMake config files
[1.741s] Level 1:colcon.colcon_core.shell:create_environment_hook('spot_description', 'cmake_prefix_path')
[1.741s] INFO:colcon.colcon_core.shell:Creating environment hook '/home/developer/SPWAR_ws/src/install/spot_description/share/spot_description/hook/cmake_prefix_path.ps1'
[1.742s] INFO:colcon.colcon_core.shell:Creating environment descriptor '/home/developer/SPWAR_ws/src/install/spot_description/share/spot_description/hook/cmake_prefix_path.dsv'
[1.743s] INFO:colcon.colcon_core.shell:Creating environment hook '/home/developer/SPWAR_ws/src/install/spot_description/share/spot_description/hook/cmake_prefix_path.sh'
[1.744s] Level 1:colcon.colcon_core.environment:checking '/home/developer/SPWAR_ws/src/install/spot_description/bin'
[1.744s] Level 1:colcon.colcon_core.environment:checking '/home/developer/SPWAR_ws/src/install/spot_description/lib/pkgconfig/spot_description.pc'
[1.746s] Level 1:colcon.colcon_core.environment:checking '/home/developer/SPWAR_ws/src/install/spot_description/lib/python3.10/site-packages'
[1.747s] Level 1:colcon.colcon_core.environment:checking '/home/developer/SPWAR_ws/src/install/spot_description/bin'
[1.747s] INFO:colcon.colcon_core.shell:Creating package script '/home/developer/SPWAR_ws/src/install/spot_description/share/spot_description/package.ps1'
[1.748s] INFO:colcon.colcon_core.shell:Creating package descriptor '/home/developer/SPWAR_ws/src/install/spot_description/share/spot_description/package.dsv'
[1.748s] INFO:colcon.colcon_core.shell:Creating package script '/home/developer/SPWAR_ws/src/install/spot_description/share/spot_description/package.sh'
[1.749s] INFO:colcon.colcon_core.shell:Creating package script '/home/developer/SPWAR_ws/src/install/spot_description/share/spot_description/package.bash'
[1.750s] INFO:colcon.colcon_core.shell:Creating package script '/home/developer/SPWAR_ws/src/install/spot_description/share/spot_description/package.zsh'
[1.751s] Level 1:colcon.colcon_core.environment:create_file_with_runtime_dependencies(/home/developer/SPWAR_ws/src/install/spot_description/share/colcon-core/packages/spot_description)
[1.776s] Level 1:colcon.colcon_core.environment:create_environment_scripts_only(spot_description)
[1.776s] Level 1:colcon.colcon_core.environment:checking '/home/developer/SPWAR_ws/src/install/spot_description' for CMake module files
[1.777s] Level 1:colcon.colcon_core.environment:checking '/home/developer/SPWAR_ws/src/install/spot_description' for CMake config files
[1.777s] Level 1:colcon.colcon_core.shell:create_environment_hook('spot_description', 'cmake_prefix_path')
[1.778s] INFO:colcon.colcon_core.shell:Creating environment hook '/home/developer/SPWAR_ws/src/install/spot_description/share/spot_description/hook/cmake_prefix_path.ps1'
[1.778s] INFO:colcon.colcon_core.shell:Creating environment descriptor '/home/developer/SPWAR_ws/src/install/spot_description/share/spot_description/hook/cmake_prefix_path.dsv'
[1.779s] INFO:colcon.colcon_core.shell:Creating environment hook '/home/developer/SPWAR_ws/src/install/spot_description/share/spot_description/hook/cmake_prefix_path.sh'
[1.779s] Level 1:colcon.colcon_core.environment:checking '/home/developer/SPWAR_ws/src/install/spot_description/bin'
[1.779s] Level 1:colcon.colcon_core.environment:checking '/home/developer/SPWAR_ws/src/install/spot_description/lib/pkgconfig/spot_description.pc'
[1.780s] Level 1:colcon.colcon_core.environment:checking '/home/developer/SPWAR_ws/src/install/spot_description/lib/python3.10/site-packages'
[1.780s] Level 1:colcon.colcon_core.environment:checking '/home/developer/SPWAR_ws/src/install/spot_description/bin'
[1.780s] INFO:colcon.colcon_core.shell:Creating package script '/home/developer/SPWAR_ws/src/install/spot_description/share/spot_description/package.ps1'
[1.780s] INFO:colcon.colcon_core.shell:Creating package descriptor '/home/developer/SPWAR_ws/src/install/spot_description/share/spot_description/package.dsv'
[1.781s] INFO:colcon.colcon_core.shell:Creating package script '/home/developer/SPWAR_ws/src/install/spot_description/share/spot_description/package.sh'
[1.781s] INFO:colcon.colcon_core.shell:Creating package script '/home/developer/SPWAR_ws/src/install/spot_description/share/spot_description/package.bash'
[1.782s] INFO:colcon.colcon_core.shell:Creating package script '/home/developer/SPWAR_ws/src/install/spot_description/share/spot_description/package.zsh'
[1.782s] Level 1:colcon.colcon_core.environment:create_file_with_runtime_dependencies(/home/developer/SPWAR_ws/src/install/spot_description/share/colcon-core/packages/spot_description)
[1.782s] INFO:colcon.colcon_ros.task.ament_cmake.build:Building ROS package in '/home/developer/SPWAR_ws/src/spot_moveit_config' with build type 'ament_cmake'
[1.782s] INFO:colcon.colcon_cmake.task.cmake.build:Building CMake package in '/home/developer/SPWAR_ws/src/spot_moveit_config'
[1.783s] INFO:colcon.colcon_core.shell:Skip shell extension 'powershell' for command environment: Not usable outside of PowerShell
[1.783s] DEBUG:colcon.colcon_core.shell:Skip shell extension 'dsv' for command environment
[1.793s] DEBUG:colcon.colcon_core.event_handler.log_command:Invoking command in '/home/developer/SPWAR_ws/src/build/spot_moveit_config': CMAKE_PREFIX_PATH=/home/developer/SPWAR_ws/src/install/spot_description:/home/developer/SPWAR_ws/install/hello_moveit:/home/developer/SPWAR_ws/src/install/spot_moveit_config:/home/developer/SPWAR_ws/src/install/hello_moveit:/home/developer/SPWAR_ws/install/spot_moveit_config:/home/developer/SPWAR_ws/install/spot_description:/opt/ros/humble /usr/bin/cmake /home/developer/SPWAR_ws/src/spot_moveit_config -DCMAKE_INSTALL_PREFIX=/home/developer/SPWAR_ws/src/install/spot_moveit_config
[1.807s] DEBUG:colcon.colcon_core.event_handler.log_command:Invoked command in '/home/developer/SPWAR_ws/src/build/hello_moveit' returned '0': CMAKE_PREFIX_PATH=${CMAKE_PREFIX_PATH}:/opt/ros/humble /usr/bin/cmake --build /home/developer/SPWAR_ws/src/build/hello_moveit -- -j16 -l16
[1.835s] DEBUG:colcon.colcon_core.event_handler.log_command:Invoking command in '/home/developer/SPWAR_ws/src/build/hello_moveit': CMAKE_PREFIX_PATH=${CMAKE_PREFIX_PATH}:/opt/ros/humble /usr/bin/cmake --install /home/developer/SPWAR_ws/src/build/hello_moveit
[1.862s] Level 1:colcon.colcon_core.environment:create_environment_scripts_only(hello_moveit)
[1.862s] Level 1:colcon.colcon_core.environment:checking '/home/developer/SPWAR_ws/src/install/hello_moveit' for CMake module files
[1.863s] DEBUG:colcon.colcon_core.event_handler.log_command:Invoked command in '/home/developer/SPWAR_ws/src/build/hello_moveit' returned '0': CMAKE_PREFIX_PATH=${CMAKE_PREFIX_PATH}:/opt/ros/humble /usr/bin/cmake --install /home/developer/SPWAR_ws/src/build/hello_moveit
[1.863s] Level 1:colcon.colcon_core.environment:checking '/home/developer/SPWAR_ws/src/install/hello_moveit' for CMake config files
[1.863s] Level 1:colcon.colcon_core.shell:create_environment_hook('hello_moveit', 'cmake_prefix_path')
[1.863s] INFO:colcon.colcon_core.shell:Creating environment hook '/home/developer/SPWAR_ws/src/install/hello_moveit/share/hello_moveit/hook/cmake_prefix_path.ps1'
[1.864s] INFO:colcon.colcon_core.shell:Creating environment descriptor '/home/developer/SPWAR_ws/src/install/hello_moveit/share/hello_moveit/hook/cmake_prefix_path.dsv'
[1.864s] INFO:colcon.colcon_core.shell:Creating environment hook '/home/developer/SPWAR_ws/src/install/hello_moveit/share/hello_moveit/hook/cmake_prefix_path.sh'
[1.865s] Level 1:colcon.colcon_core.environment:checking '/home/developer/SPWAR_ws/src/install/hello_moveit/lib'
[1.865s] Level 1:colcon.colcon_core.environment:checking '/home/developer/SPWAR_ws/src/install/hello_moveit/bin'
[1.865s] Level 1:colcon.colcon_core.environment:checking '/home/developer/SPWAR_ws/src/install/hello_moveit/lib/pkgconfig/hello_moveit.pc'
[1.865s] Level 1:colcon.colcon_core.environment:checking '/home/developer/SPWAR_ws/src/install/hello_moveit/lib/python3.10/site-packages'
[1.865s] Level 1:colcon.colcon_core.environment:checking '/home/developer/SPWAR_ws/src/install/hello_moveit/bin'
[1.866s] INFO:colcon.colcon_core.shell:Creating package script '/home/developer/SPWAR_ws/src/install/hello_moveit/share/hello_moveit/package.ps1'
[1.866s] INFO:colcon.colcon_core.shell:Creating package descriptor '/home/developer/SPWAR_ws/src/install/hello_moveit/share/hello_moveit/package.dsv'
[1.866s] INFO:colcon.colcon_core.shell:Creating package script '/home/developer/SPWAR_ws/src/install/hello_moveit/share/hello_moveit/package.sh'
[1.866s] INFO:colcon.colcon_core.shell:Creating package script '/home/developer/SPWAR_ws/src/install/hello_moveit/share/hello_moveit/package.bash'
[1.867s] INFO:colcon.colcon_core.shell:Creating package script '/home/developer/SPWAR_ws/src/install/hello_moveit/share/hello_moveit/package.zsh'
[1.867s] Level 1:colcon.colcon_core.environment:create_file_with_runtime_dependencies(/home/developer/SPWAR_ws/src/install/hello_moveit/share/colcon-core/packages/hello_moveit)
[1.896s] Level 1:colcon.colcon_core.environment:create_environment_scripts_only(hello_moveit)
[1.897s] Level 1:colcon.colcon_core.environment:checking '/home/developer/SPWAR_ws/src/install/hello_moveit' for CMake module files
[1.897s] Level 1:colcon.colcon_core.environment:checking '/home/developer/SPWAR_ws/src/install/hello_moveit' for CMake config files
[1.897s] Level 1:colcon.colcon_core.shell:create_environment_hook('hello_moveit', 'cmake_prefix_path')
[1.897s] INFO:colcon.colcon_core.shell:Creating environment hook '/home/developer/SPWAR_ws/src/install/hello_moveit/share/hello_moveit/hook/cmake_prefix_path.ps1'
[1.898s] INFO:colcon.colcon_core.shell:Creating environment descriptor '/home/developer/SPWAR_ws/src/install/hello_moveit/share/hello_moveit/hook/cmake_prefix_path.dsv'
[1.898s] INFO:colcon.colcon_core.shell:Creating environment hook '/home/developer/SPWAR_ws/src/install/hello_moveit/share/hello_moveit/hook/cmake_prefix_path.sh'
[1.899s] Level 1:colcon.colcon_core.environment:checking '/home/developer/SPWAR_ws/src/install/hello_moveit/lib'
[1.899s] Level 1:colcon.colcon_core.environment:checking '/home/developer/SPWAR_ws/src/install/hello_moveit/bin'
[1.899s] Level 1:colcon.colcon_core.environment:checking '/home/developer/SPWAR_ws/src/install/hello_moveit/lib/pkgconfig/hello_moveit.pc'
[1.899s] Level 1:colcon.colcon_core.environment:checking '/home/developer/SPWAR_ws/src/install/hello_moveit/lib/python3.10/site-packages'
[1.899s] Level 1:colcon.colcon_core.environment:checking '/home/developer/SPWAR_ws/src/install/hello_moveit/bin'
[1.899s] INFO:colcon.colcon_core.shell:Creating package script '/home/developer/SPWAR_ws/src/install/hello_moveit/share/hello_moveit/package.ps1'
[1.900s] INFO:colcon.colcon_core.shell:Creating package descriptor '/home/developer/SPWAR_ws/src/install/hello_moveit/share/hello_moveit/package.dsv'
[1.900s] INFO:colcon.colcon_core.shell:Creating package script '/home/developer/SPWAR_ws/src/install/hello_moveit/share/hello_moveit/package.sh'
[1.900s] INFO:colcon.colcon_core.shell:Creating package script '/home/developer/SPWAR_ws/src/install/hello_moveit/share/hello_moveit/package.bash'
[1.901s] INFO:colcon.colcon_core.shell:Creating package script '/home/developer/SPWAR_ws/src/install/hello_moveit/share/hello_moveit/package.zsh'
[1.901s] Level 1:colcon.colcon_core.environment:create_file_with_runtime_dependencies(/home/developer/SPWAR_ws/src/install/hello_moveit/share/colcon-core/packages/hello_moveit)
[1.998s] DEBUG:colcon.colcon_core.event_handler.log_command:Invoked command in '/home/developer/SPWAR_ws/src/build/spot_moveit_config' returned '0': CMAKE_PREFIX_PATH=/home/developer/SPWAR_ws/src/install/spot_description:/home/developer/SPWAR_ws/install/hello_moveit:/home/developer/SPWAR_ws/src/install/spot_moveit_config:/home/developer/SPWAR_ws/src/install/hello_moveit:/home/developer/SPWAR_ws/install/spot_moveit_config:/home/developer/SPWAR_ws/install/spot_description:/opt/ros/humble /usr/bin/cmake /home/developer/SPWAR_ws/src/spot_moveit_config -DCMAKE_INSTALL_PREFIX=/home/developer/SPWAR_ws/src/install/spot_moveit_config
[2.000s] DEBUG:colcon.colcon_core.event_handler.log_command:Invoking command in '/home/developer/SPWAR_ws/src/build/spot_moveit_config': CMAKE_PREFIX_PATH=/home/developer/SPWAR_ws/src/install/spot_description:/home/developer/SPWAR_ws/install/hello_moveit:/home/developer/SPWAR_ws/src/install/spot_moveit_config:/home/developer/SPWAR_ws/src/install/hello_moveit:/home/developer/SPWAR_ws/install/spot_moveit_config:/home/developer/SPWAR_ws/install/spot_description:/opt/ros/humble /usr/bin/cmake --build /home/developer/SPWAR_ws/src/build/spot_moveit_config -- -j16 -l16
[2.041s] DEBUG:colcon.colcon_core.event_handler.log_command:Invoked command in '/home/developer/SPWAR_ws/src/build/spot_moveit_config' returned '0': CMAKE_PREFIX_PATH=/home/developer/SPWAR_ws/src/install/spot_description:/home/developer/SPWAR_ws/install/hello_moveit:/home/developer/SPWAR_ws/src/install/spot_moveit_config:/home/developer/SPWAR_ws/src/install/hello_moveit:/home/developer/SPWAR_ws/install/spot_moveit_config:/home/developer/SPWAR_ws/install/spot_description:/opt/ros/humble /usr/bin/cmake --build /home/developer/SPWAR_ws/src/build/spot_moveit_config -- -j16 -l16
[2.067s] DEBUG:colcon.colcon_core.event_handler.log_command:Invoking command in '/home/developer/SPWAR_ws/src/build/spot_moveit_config': CMAKE_PREFIX_PATH=/home/developer/SPWAR_ws/src/install/spot_description:/home/developer/SPWAR_ws/install/hello_moveit:/home/developer/SPWAR_ws/src/install/spot_moveit_config:/home/developer/SPWAR_ws/src/install/hello_moveit:/home/developer/SPWAR_ws/install/spot_moveit_config:/home/developer/SPWAR_ws/install/spot_description:/opt/ros/humble /usr/bin/cmake --install /home/developer/SPWAR_ws/src/build/spot_moveit_config
[2.096s] Level 1:colcon.colcon_core.environment:create_environment_scripts_only(spot_moveit_config)
[2.097s] Level 1:colcon.colcon_core.environment:checking '/home/developer/SPWAR_ws/src/install/spot_moveit_config' for CMake module files
[2.097s] DEBUG:colcon.colcon_core.event_handler.log_command:Invoked command in '/home/developer/SPWAR_ws/src/build/spot_moveit_config' returned '0': CMAKE_PREFIX_PATH=/home/developer/SPWAR_ws/src/install/spot_description:/home/developer/SPWAR_ws/install/hello_moveit:/home/developer/SPWAR_ws/src/install/spot_moveit_config:/home/developer/SPWAR_ws/src/install/hello_moveit:/home/developer/SPWAR_ws/install/spot_moveit_config:/home/developer/SPWAR_ws/install/spot_description:/opt/ros/humble /usr/bin/cmake --install /home/developer/SPWAR_ws/src/build/spot_moveit_config
[2.097s] Level 1:colcon.colcon_core.environment:checking '/home/developer/SPWAR_ws/src/install/spot_moveit_config' for CMake config files
[2.098s] Level 1:colcon.colcon_core.shell:create_environment_hook('spot_moveit_config', 'cmake_prefix_path')
[2.098s] INFO:colcon.colcon_core.shell:Creating environment hook '/home/developer/SPWAR_ws/src/install/spot_moveit_config/share/spot_moveit_config/hook/cmake_prefix_path.ps1'
[2.098s] INFO:colcon.colcon_core.shell:Creating environment descriptor '/home/developer/SPWAR_ws/src/install/spot_moveit_config/share/spot_moveit_config/hook/cmake_prefix_path.dsv'
[2.099s] INFO:colcon.colcon_core.shell:Creating environment hook '/home/developer/SPWAR_ws/src/install/spot_moveit_config/share/spot_moveit_config/hook/cmake_prefix_path.sh'
[2.099s] Level 1:colcon.colcon_core.environment:checking '/home/developer/SPWAR_ws/src/install/spot_moveit_config/bin'
[2.099s] Level 1:colcon.colcon_core.environment:checking '/home/developer/SPWAR_ws/src/install/spot_moveit_config/lib/pkgconfig/spot_moveit_config.pc'
[2.099s] Level 1:colcon.colcon_core.environment:checking '/home/developer/SPWAR_ws/src/install/spot_moveit_config/lib/python3.10/site-packages'
[2.099s] Level 1:colcon.colcon_core.environment:checking '/home/developer/SPWAR_ws/src/install/spot_moveit_config/bin'
[2.100s] INFO:colcon.colcon_core.shell:Creating package script '/home/developer/SPWAR_ws/src/install/spot_moveit_config/share/spot_moveit_config/package.ps1'
[2.100s] INFO:colcon.colcon_core.shell:Creating package descriptor '/home/developer/SPWAR_ws/src/install/spot_moveit_config/share/spot_moveit_config/package.dsv'
[2.100s] INFO:colcon.colcon_core.shell:Creating package script '/home/developer/SPWAR_ws/src/install/spot_moveit_config/share/spot_moveit_config/package.sh'
[2.101s] INFO:colcon.colcon_core.shell:Creating package script '/home/developer/SPWAR_ws/src/install/spot_moveit_config/share/spot_moveit_config/package.bash'
[2.101s] INFO:colcon.colcon_core.shell:Creating package script '/home/developer/SPWAR_ws/src/install/spot_moveit_config/share/spot_moveit_config/package.zsh'
[2.101s] Level 1:colcon.colcon_core.environment:create_file_with_runtime_dependencies(/home/developer/SPWAR_ws/src/install/spot_moveit_config/share/colcon-core/packages/spot_moveit_config)
[2.126s] Level 1:colcon.colcon_core.environment:create_environment_scripts_only(spot_moveit_config)
[2.127s] Level 1:colcon.colcon_core.environment:checking '/home/developer/SPWAR_ws/src/install/spot_moveit_config' for CMake module files
[2.127s] Level 1:colcon.colcon_core.environment:checking '/home/developer/SPWAR_ws/src/install/spot_moveit_config' for CMake config files
[2.127s] Level 1:colcon.colcon_core.shell:create_environment_hook('spot_moveit_config', 'cmake_prefix_path')
[2.127s] INFO:colcon.colcon_core.shell:Creating environment hook '/home/developer/SPWAR_ws/src/install/spot_moveit_config/share/spot_moveit_config/hook/cmake_prefix_path.ps1'
[2.128s] INFO:colcon.colcon_core.shell:Creating environment descriptor '/home/developer/SPWAR_ws/src/install/spot_moveit_config/share/spot_moveit_config/hook/cmake_prefix_path.dsv'
[2.128s] INFO:colcon.colcon_core.shell:Creating environment hook '/home/developer/SPWAR_ws/src/install/spot_moveit_config/share/spot_moveit_config/hook/cmake_prefix_path.sh'
[2.129s] Level 1:colcon.colcon_core.environment:checking '/home/developer/SPWAR_ws/src/install/spot_moveit_config/bin'
[2.129s] Level 1:colcon.colcon_core.environment:checking '/home/developer/SPWAR_ws/src/install/spot_moveit_config/lib/pkgconfig/spot_moveit_config.pc'
[2.129s] Level 1:colcon.colcon_core.environment:checking '/home/developer/SPWAR_ws/src/install/spot_moveit_config/lib/python3.10/site-packages'
[2.129s] Level 1:colcon.colcon_core.environment:checking '/home/developer/SPWAR_ws/src/install/spot_moveit_config/bin'
[2.129s] INFO:colcon.colcon_core.shell:Creating package script '/home/developer/SPWAR_ws/src/install/spot_moveit_config/share/spot_moveit_config/package.ps1'
[2.130s] INFO:colcon.colcon_core.shell:Creating package descriptor '/home/developer/SPWAR_ws/src/install/spot_moveit_config/share/spot_moveit_config/package.dsv'
[2.130s] INFO:colcon.colcon_core.shell:Creating package script '/home/developer/SPWAR_ws/src/install/spot_moveit_config/share/spot_moveit_config/package.sh'
[2.130s] INFO:colcon.colcon_core.shell:Creating package script '/home/developer/SPWAR_ws/src/install/spot_moveit_config/share/spot_moveit_config/package.bash'
[2.131s] INFO:colcon.colcon_core.shell:Creating package script '/home/developer/SPWAR_ws/src/install/spot_moveit_config/share/spot_moveit_config/package.zsh'
[2.131s] Level 1:colcon.colcon_core.environment:create_file_with_runtime_dependencies(/home/developer/SPWAR_ws/src/install/spot_moveit_config/share/colcon-core/packages/spot_moveit_config)
[2.131s] DEBUG:colcon.colcon_parallel_executor.executor.parallel:closing loop
[2.132s] DEBUG:colcon.colcon_parallel_executor.executor.parallel:loop closed
[2.132s] DEBUG:colcon.colcon_parallel_executor.executor.parallel:run_until_complete finished with '0'
[2.132s] DEBUG:colcon.colcon_core.event_reactor:joining thread
[2.140s] INFO:colcon.colcon_core.plugin_system:Skipping extension 'colcon_notification.desktop_notification.notify_send': Could not find 'notify-send'
[2.140s] INFO:colcon.colcon_core.plugin_system:Skipping extension 'colcon_notification.desktop_notification.terminal_notifier': Not used on non-Darwin systems
[2.140s] INFO:colcon.colcon_core.plugin_system:Skipping extension 'colcon_notification.desktop_notification.win32': Not used on non-Windows systems
[2.140s] INFO:colcon.colcon_notification.desktop_notification:Sending desktop notification using 'notify2'
[2.143s] DEBUG:colcon.colcon_notification.desktop_notification.notify2:Failed to initialize notify2: org.freedesktop.DBus.Error.Spawn.ExecFailed: /usr/bin/dbus-launch terminated abnormally without any error message
[2.144s] DEBUG:colcon.colcon_core.event_reactor:joined thread
[2.144s] INFO:colcon.colcon_core.shell:Creating prefix script '/home/developer/SPWAR_ws/src/install/local_setup.ps1'
[2.146s] INFO:colcon.colcon_core.shell:Creating prefix util module '/home/developer/SPWAR_ws/src/install/_local_setup_util_ps1.py'
[2.147s] INFO:colcon.colcon_core.shell:Creating prefix chain script '/home/developer/SPWAR_ws/src/install/setup.ps1'
[2.150s] INFO:colcon.colcon_core.shell:Creating prefix script '/home/developer/SPWAR_ws/src/install/local_setup.sh'
[2.150s] INFO:colcon.colcon_core.shell:Creating prefix util module '/home/developer/SPWAR_ws/src/install/_local_setup_util_sh.py'
[2.151s] INFO:colcon.colcon_core.shell:Creating prefix chain script '/home/developer/SPWAR_ws/src/install/setup.sh'
[2.152s] INFO:colcon.colcon_core.shell:Creating prefix script '/home/developer/SPWAR_ws/src/install/local_setup.bash'
[2.152s] INFO:colcon.colcon_core.shell:Creating prefix chain script '/home/developer/SPWAR_ws/src/install/setup.bash'
[2.153s] INFO:colcon.colcon_core.shell:Creating prefix script '/home/developer/SPWAR_ws/src/install/local_setup.zsh'
[2.154s] INFO:colcon.colcon_core.shell:Creating prefix chain script '/home/developer/SPWAR_ws/src/install/setup.zsh'
