[0.017s] Invoking command in '/home/developer/SPWAR_ws/build/spot_description': CMAKE_PREFIX_PATH=${CMAKE_PREFIX_PATH}:/opt/ros/humble /usr/bin/cmake /home/developer/SPWAR_ws/src/spot_description -DAMENT_CMAKE_SYMLINK_INSTALL=1 -DCMAKE_INSTALL_PREFIX=/home/developer/SPWAR_ws/install/spot_description
[0.081s] -- The C compiler identification is GNU 11.4.0
[0.136s] -- The CXX compiler identification is GNU 11.4.0
[0.146s] -- Detecting C compiler ABI info
[0.215s] -- Detecting C compiler ABI info - done
[0.220s] -- Check for working C compiler: /usr/bin/cc - skipped
[0.221s] -- Detecting C compile features
[0.221s] -- Detecting C compile features - done
[0.225s] -- Detecting CXX compiler ABI info
[0.302s] -- Detecting CXX compiler ABI info - done
[0.308s] -- Check for working CXX compiler: /usr/bin/c++ - skipped
[0.308s] -- Detecting CXX compile features
[0.309s] -- Detecting CXX compile features - done
[0.317s] -- Found ament_cmake: 1.3.10 (/opt/ros/humble/share/ament_cmake/cmake)
[0.457s] -- Found Python3: /usr/bin/python3 (found version "3.10.12") found components: Interpreter 
[0.520s] -- Override CMake install command with custom implementation using symlinks instead of copying resources
[0.580s] -- Found gazebo_ros: 3.7.0 (/opt/ros/humble/share/gazebo_ros/cmake)
[0.645s] -- Found rosidl_generator_c: 3.1.5 (/opt/ros/humble/share/rosidl_generator_c/cmake)
[0.654s] -- Found rosidl_adapter: 3.1.5 (/opt/ros/humble/share/rosidl_adapter/cmake)
[0.669s] -- Found rosidl_generator_cpp: 3.1.5 (/opt/ros/humble/share/rosidl_generator_cpp/cmake)
[0.688s] -- Using all available rosidl_typesupport_c: rosidl_typesupport_fastrtps_c;rosidl_typesupport_introspection_c
[0.713s] -- Using all available rosidl_typesupport_cpp: rosidl_typesupport_fastrtps_cpp;rosidl_typesupport_introspection_cpp
[0.785s] -- Found rmw_implementation_cmake: 6.1.2 (/opt/ros/humble/share/rmw_implementation_cmake/cmake)
[0.790s] -- Found rmw_fastrtps_cpp: 6.2.7 (/opt/ros/humble/share/rmw_fastrtps_cpp/cmake)
[0.929s] -- Found OpenSSL: /usr/lib/x86_64-linux-gnu/libcrypto.so (found version "3.0.2")  
[0.972s] -- Found FastRTPS: /opt/ros/humble/include  
[1.037s] -- Using RMW implementation 'rmw_fastrtps_cpp' as default
[1.056s] -- Looking for pthread.h
[1.135s] -- Looking for pthread.h - found
[1.135s] -- Performing Test CMAKE_HAVE_LIBC_PTHREAD
[1.212s] -- Performing Test CMAKE_HAVE_LIBC_PTHREAD - Success
[1.213s] -- Found Threads: TRUE  
[1.288s] -- Found PkgConfig: /usr/bin/pkg-config (found version "0.29.2") 
[1.289s] -- Checking for module 'bullet>=2.82'
[1.305s] --   Found bullet, version 3.05
[1.448s] -- Found fcl: /usr/include (found suitable version "0.7.0", minimum required is "0.5.0") 
[1.518s] -- Found assimp: /usr/include (found version "5.2.0") 
[1.541s] -- Found DART: /usr/include (Required is at least version "6.6") found components: dart 
[1.578s] -- Found Boost: /usr/lib/x86_64-linux-gnu/cmake/Boost-1.74.0/BoostConfig.cmake (found suitable version "1.74.0", minimum required is "1.40.0") found components: thread system filesystem program_options regex iostreams date_time 
[1.596s] -- Found Protobuf: /usr/lib/x86_64-linux-gnu/libprotobuf.so (found version "3.12.4") 
[1.607s] -- Looking for ignition-math6 -- found version 6.15.1
[1.616s] -- Searching for dependencies of ignition-math6
[1.618s] -- Looking for OGRE...
[1.619s] -- OGRE_PREFIX_WATCH changed.
[1.624s] -- Checking for module 'OGRE'
[1.637s] --   Found OGRE, version 1.9.0
[1.671s] -- Found Ogre Ghadamon (1.9.0)
[1.677s] -- Found OGRE: optimized;/usr/lib/x86_64-linux-gnu/libOgreMain.so;debug;/usr/lib/x86_64-linux-gnu/libOgreMain.so
[1.686s] -- Looking for OGRE_Paging...
[1.690s] -- Found OGRE_Paging: optimized;/usr/lib/x86_64-linux-gnu/libOgrePaging.so;debug;/usr/lib/x86_64-linux-gnu/libOgrePaging.so
[1.690s] -- Looking for OGRE_Terrain...
[1.693s] -- Found OGRE_Terrain: optimized;/usr/lib/x86_64-linux-gnu/libOgreTerrain.so;debug;/usr/lib/x86_64-linux-gnu/libOgreTerrain.so
[1.693s] -- Looking for OGRE_Property...
[1.697s] -- Found OGRE_Property: optimized;/usr/lib/x86_64-linux-gnu/libOgreProperty.so;debug;/usr/lib/x86_64-linux-gnu/libOgreProperty.so
[1.697s] -- Looking for OGRE_RTShaderSystem...
[1.701s] -- Found OGRE_RTShaderSystem: optimized;/usr/lib/x86_64-linux-gnu/libOgreRTShaderSystem.so;debug;/usr/lib/x86_64-linux-gnu/libOgreRTShaderSystem.so
[1.701s] -- Looking for OGRE_Volume...
[1.704s] -- Found OGRE_Volume: optimized;/usr/lib/x86_64-linux-gnu/libOgreVolume.so;debug;/usr/lib/x86_64-linux-gnu/libOgreVolume.so
[1.704s] -- Looking for OGRE_Overlay...
[1.708s] -- Found OGRE_Overlay: optimized;/usr/lib/x86_64-linux-gnu/libOgreOverlay.so;debug;/usr/lib/x86_64-linux-gnu/libOgreOverlay.so
[1.800s] -- Looking for ignition-math6 -- found version 6.15.1
[1.805s] -- Looking for ignition-transport8 -- found version 8.2.1
[1.805s] -- Searching for dependencies of ignition-transport8
[1.831s] -- Found Protobuf: /usr/lib/x86_64-linux-gnu/libprotobuf.so (found suitable version "3.12.4", minimum required is "3") 
[1.848s] -- Config-file not installed for ZeroMQ -- checking for pkg-config
[1.853s] -- Checking for module 'libzmq >= 4'
[1.868s] --   Found libzmq , version 4.3.4
[1.909s] -- Found ZeroMQ: TRUE (Required is at least version "4") 
[1.915s] -- Checking for module 'uuid'
[1.929s] --   Found uuid, version 2.37.2
[1.964s] -- Found UUID: TRUE  
[1.969s] -- Looking for ignition-msgs5 -- found version 5.8.1
[1.969s] -- Searching for dependencies of ignition-msgs5
[1.994s] -- Looking for ignition-math6 -- found version 6.15.1
[1.999s] -- Checking for module 'tinyxml2'
[2.013s] --   Found tinyxml2, version 9.0.0
[2.050s] -- Looking for ignition-msgs5 -- found version 5.8.1
[2.055s] -- Looking for ignition-common3 -- found version 3.14.0
[2.056s] -- Searching for dependencies of ignition-common3
[2.056s] -- Looking for dlfcn.h - found
[2.057s] -- Looking for libdl - found
[2.058s] -- Found DL: TRUE  
[2.070s] -- Found tinyobjloader: /usr/lib/x86_64-linux-gnu/cmake/tinyobjloader/tinyobjloader-config.cmake (found version "2.0.0") 
[2.071s] -- Searching for <ignition-common3> component [graphics]
[2.076s] -- Looking for ignition-common3-graphics -- found version 3.14.0
[2.076s] -- Searching for dependencies of ignition-common3-graphics
[2.076s] -- Looking for ignition-math6 -- found version 6.15.1
[2.081s] -- Looking for ignition-fuel_tools4 -- found version 4.4.0
[2.082s] -- Searching for dependencies of ignition-fuel_tools4
[2.167s] -- Found CURL: /usr/lib/x86_64-linux-gnu/libcurl.so (found version "7.81.0")  
[2.177s] -- Checking for module 'jsoncpp'
[2.190s] --   Found jsoncpp, version 1.9.5
[2.226s] -- Found JSONCPP: TRUE  
[2.231s] -- Checking for module 'libzip'
[2.245s] --   Found libzip, version 1.7.3
[2.282s] -- Found ZIP: TRUE  
[2.282s] -- Looking for ignition-common3 -- found version 3.14.0
[2.282s] -- Looking for ignition-math6 -- found version 6.15.1
[2.283s] -- Looking for ignition-msgs5 -- found version 5.8.1
[2.288s] -- Gazebo version: 11.10
[2.288s] -- Checking for module 'tbb'
[2.303s] --   Found tbb, version 2021.5.0
[2.341s] -- Found xacro: 2.0.8 (/opt/ros/humble/share/xacro/cmake)
[2.395s] -- Configuring done
[2.402s] -- Generating done
[2.404s] -- Build files have been written to: /home/developer/SPWAR_ws/build/spot_description
[2.416s] Invoked command in '/home/developer/SPWAR_ws/build/spot_description' returned '0': CMAKE_PREFIX_PATH=${CMAKE_PREFIX_PATH}:/opt/ros/humble /usr/bin/cmake /home/developer/SPWAR_ws/src/spot_description -DAMENT_CMAKE_SYMLINK_INSTALL=1 -DCMAKE_INSTALL_PREFIX=/home/developer/SPWAR_ws/install/spot_description
[2.417s] Invoking command in '/home/developer/SPWAR_ws/build/spot_description': CMAKE_PREFIX_PATH=${CMAKE_PREFIX_PATH}:/opt/ros/humble /usr/bin/cmake --build /home/developer/SPWAR_ws/build/spot_description -- -j16 -l16
[2.457s] Invoked command in '/home/developer/SPWAR_ws/build/spot_description' returned '0': CMAKE_PREFIX_PATH=${CMAKE_PREFIX_PATH}:/opt/ros/humble /usr/bin/cmake --build /home/developer/SPWAR_ws/build/spot_description -- -j16 -l16
[2.489s] Invoking command in '/home/developer/SPWAR_ws/build/spot_description': CMAKE_PREFIX_PATH=${CMAKE_PREFIX_PATH}:/opt/ros/humble /usr/bin/cmake --install /home/developer/SPWAR_ws/build/spot_description
[2.495s] -- Install configuration: ""
[2.495s] -- Execute custom install script
[2.496s] -- Symlinking: /home/developer/SPWAR_ws/install/spot_description/share/spot_description/urdf/simple_robot.urdf
[2.504s] -- Symlinking: /home/developer/SPWAR_ws/install/spot_description/share/spot_description/urdf/spot_with_arm.urdf
[2.515s] -- Symlinking: /home/developer/SPWAR_ws/install/spot_description/share/spot_description/meshes/arm0.link_el0.stl
[2.524s] -- Symlinking: /home/developer/SPWAR_ws/install/spot_description/share/spot_description/meshes/arm0.link_el1.stl
[2.534s] -- Symlinking: /home/developer/SPWAR_ws/install/spot_description/share/spot_description/meshes/arm0.link_fngr.stl
[2.542s] -- Symlinking: /home/developer/SPWAR_ws/install/spot_description/share/spot_description/meshes/arm0.link_hr0.stl
[2.551s] -- Symlinking: /home/developer/SPWAR_ws/install/spot_description/share/spot_description/meshes/arm0.link_sh0.stl
[2.561s] -- Symlinking: /home/developer/SPWAR_ws/install/spot_description/share/spot_description/meshes/arm0.link_sh1.stl
[2.569s] -- Symlinking: /home/developer/SPWAR_ws/install/spot_description/share/spot_description/meshes/arm0.link_wr0.stl
[2.577s] -- Symlinking: /home/developer/SPWAR_ws/install/spot_description/share/spot_description/meshes/arm0.link_wr1.stl
[2.586s] -- Symlinking: /home/developer/SPWAR_ws/install/spot_description/share/spot_description/meshes/base_link_0_geom_visual_mesh.stl
[2.594s] -- Symlinking: /home/developer/SPWAR_ws/install/spot_description/share/spot_description/meshes/fl_hip_0_geom_visual_mesh.stl
[2.602s] -- Symlinking: /home/developer/SPWAR_ws/install/spot_description/share/spot_description/meshes/fr_hip_0_geom_visual_mesh.stl
[2.611s] -- Symlinking: /home/developer/SPWAR_ws/install/spot_description/share/spot_description/meshes/hl_hip_0_geom_visual_mesh.stl
[2.619s] -- Symlinking: /home/developer/SPWAR_ws/install/spot_description/share/spot_description/meshes/hr_hip_0_geom_visual_mesh.stl
[2.628s] -- Symlinking: /home/developer/SPWAR_ws/install/spot_description/share/spot_description/meshes/l_uleg_0_geom_visual_mesh.stl
[2.636s] -- Symlinking: /home/developer/SPWAR_ws/install/spot_description/share/spot_description/meshes/lleg_0_geom_visual_mesh.stl
[2.644s] -- Symlinking: /home/developer/SPWAR_ws/install/spot_description/share/spot_description/meshes/r_uleg_0_geom_visual_mesh.stl
[2.652s] -- Symlinking: /home/developer/SPWAR_ws/install/spot_description/share/spot_description/launch/display.launch.py
[2.660s] -- Symlinking: /home/developer/SPWAR_ws/install/spot_description/share/spot_description/launch/gazebo.launch.py
[2.668s] -- Symlinking: /home/developer/SPWAR_ws/install/spot_description/share/spot_description/launch/spot_moveit_rviz.launch.py
[2.676s] -- Symlinking: /home/developer/SPWAR_ws/install/spot_description/share/ament_index/resource_index/package_run_dependencies/spot_description
[2.684s] -- Symlinking: /home/developer/SPWAR_ws/install/spot_description/share/ament_index/resource_index/parent_prefix_path/spot_description
[2.692s] -- Symlinking: /home/developer/SPWAR_ws/install/spot_description/share/spot_description/environment/ament_prefix_path.sh
[2.700s] -- Symlinking: /home/developer/SPWAR_ws/install/spot_description/share/spot_description/environment/ament_prefix_path.dsv
[2.709s] -- Symlinking: /home/developer/SPWAR_ws/install/spot_description/share/spot_description/environment/path.sh
[2.719s] -- Symlinking: /home/developer/SPWAR_ws/install/spot_description/share/spot_description/environment/path.dsv
[2.727s] -- Symlinking: /home/developer/SPWAR_ws/install/spot_description/share/spot_description/local_setup.bash
[2.736s] -- Symlinking: /home/developer/SPWAR_ws/install/spot_description/share/spot_description/local_setup.sh
[2.745s] -- Symlinking: /home/developer/SPWAR_ws/install/spot_description/share/spot_description/local_setup.zsh
[2.753s] -- Symlinking: /home/developer/SPWAR_ws/install/spot_description/share/spot_description/local_setup.dsv
[2.761s] -- Symlinking: /home/developer/SPWAR_ws/install/spot_description/share/spot_description/package.dsv
[2.769s] -- Symlinking: /home/developer/SPWAR_ws/install/spot_description/share/ament_index/resource_index/packages/spot_description
[2.778s] -- Symlinking: /home/developer/SPWAR_ws/install/spot_description/share/spot_description/cmake/spot_descriptionConfig.cmake
[2.789s] -- Symlinking: /home/developer/SPWAR_ws/install/spot_description/share/spot_description/cmake/spot_descriptionConfig-version.cmake
[2.799s] -- Symlinking: /home/developer/SPWAR_ws/install/spot_description/share/spot_description/package.xml
[2.810s] Invoked command in '/home/developer/SPWAR_ws/build/spot_description' returned '0': CMAKE_PREFIX_PATH=${CMAKE_PREFIX_PATH}:/opt/ros/humble /usr/bin/cmake --install /home/developer/SPWAR_ws/build/spot_description
