[0.010s] Invoking command in '/home/developer/SPWAR_ws/build/spot_description': CMAKE_PREFIX_PATH=${CMAKE_PREFIX_PATH}:/opt/ros/humble /usr/bin/cmake /home/developer/SPWAR_ws/src/spot_description -DCMAKE_INSTALL_PREFIX=/home/developer/SPWAR_ws/install/spot_description
[0.133s] -- The C compiler identification is GNU 11.4.0
[0.228s] -- The CXX compiler identification is GNU 11.4.0
[0.239s] -- Detecting C compiler ABI info
[0.304s] -- Detecting C compiler ABI info - done
[0.309s] -- Check for working C compiler: /usr/bin/cc - skipped
[0.309s] -- Detecting C compile features
[0.310s] -- Detecting C compile features - done
[0.313s] -- Detecting CXX compiler ABI info
[0.385s] -- Detecting CXX compiler ABI info - done
[0.391s] -- Check for working CXX compiler: /usr/bin/c++ - skipped
[0.391s] -- Detecting CXX compile features
[0.391s] -- Detecting CXX compile features - done
[0.401s] -- Found ament_cmake: 1.3.10 (/opt/ros/humble/share/ament_cmake/cmake)
[0.529s] -- Found Python3: /usr/bin/python3 (found version "3.10.12") found components: Interpreter 
[0.618s] -- Found gazebo_ros: 3.7.0 (/opt/ros/humble/share/gazebo_ros/cmake)
[0.681s] -- Found rosidl_generator_c: 3.1.5 (/opt/ros/humble/share/rosidl_generator_c/cmake)
[0.687s] -- Found rosidl_adapter: 3.1.5 (/opt/ros/humble/share/rosidl_adapter/cmake)
[0.697s] -- Found rosidl_generator_cpp: 3.1.5 (/opt/ros/humble/share/rosidl_generator_cpp/cmake)
[0.714s] -- Using all available rosidl_typesupport_c: rosidl_typesupport_fastrtps_c;rosidl_typesupport_introspection_c
[0.733s] -- Using all available rosidl_typesupport_cpp: rosidl_typesupport_fastrtps_cpp;rosidl_typesupport_introspection_cpp
[0.785s] -- Found rmw_implementation_cmake: 6.1.2 (/opt/ros/humble/share/rmw_implementation_cmake/cmake)
[0.788s] -- Found rmw_fastrtps_cpp: 6.2.7 (/opt/ros/humble/share/rmw_fastrtps_cpp/cmake)
[0.896s] -- Found OpenSSL: /usr/lib/x86_64-linux-gnu/libcrypto.so (found version "3.0.2")  
[0.928s] -- Found FastRTPS: /opt/ros/humble/include  
[0.978s] -- Using RMW implementation 'rmw_fastrtps_cpp' as default
[0.990s] -- Looking for pthread.h
[1.068s] -- Looking for pthread.h - found
[1.068s] -- Performing Test CMAKE_HAVE_LIBC_PTHREAD
[1.137s] -- Performing Test CMAKE_HAVE_LIBC_PTHREAD - Success
[1.138s] -- Found Threads: TRUE  
[1.202s] -- Found PkgConfig: /usr/bin/pkg-config (found version "0.29.2") 
[1.203s] -- Checking for module 'bullet>=2.82'
[1.218s] --   Found bullet, version 3.05
[1.341s] -- Found fcl: /usr/include (found suitable version "0.7.0", minimum required is "0.5.0") 
[1.393s] -- Found assimp: /usr/include (found version "5.2.0") 
[1.422s] -- Found DART: /usr/include (Required is at least version "6.6") found components: dart 
[1.456s] -- Found Boost: /usr/lib/x86_64-linux-gnu/cmake/Boost-1.74.0/BoostConfig.cmake (found suitable version "1.74.0", minimum required is "1.40.0") found components: thread system filesystem program_options regex iostreams date_time 
[1.473s] -- Found Protobuf: /usr/lib/x86_64-linux-gnu/libprotobuf.so (found version "3.12.4") 
[1.481s] -- Looking for ignition-math6 -- found version 6.15.1
[1.490s] -- Searching for dependencies of ignition-math6
[1.493s] -- Looking for OGRE...
[1.493s] -- OGRE_PREFIX_WATCH changed.
[1.499s] -- Checking for module 'OGRE'
[1.513s] --   Found OGRE, version 1.9.0
[1.551s] -- Found Ogre Ghadamon (1.9.0)
[1.556s] -- Found OGRE: optimized;/usr/lib/x86_64-linux-gnu/libOgreMain.so;debug;/usr/lib/x86_64-linux-gnu/libOgreMain.so
[1.565s] -- Looking for OGRE_Paging...
[1.569s] -- Found OGRE_Paging: optimized;/usr/lib/x86_64-linux-gnu/libOgrePaging.so;debug;/usr/lib/x86_64-linux-gnu/libOgrePaging.so
[1.569s] -- Looking for OGRE_Terrain...
[1.573s] -- Found OGRE_Terrain: optimized;/usr/lib/x86_64-linux-gnu/libOgreTerrain.so;debug;/usr/lib/x86_64-linux-gnu/libOgreTerrain.so
[1.573s] -- Looking for OGRE_Property...
[1.576s] -- Found OGRE_Property: optimized;/usr/lib/x86_64-linux-gnu/libOgreProperty.so;debug;/usr/lib/x86_64-linux-gnu/libOgreProperty.so
[1.576s] -- Looking for OGRE_RTShaderSystem...
[1.579s] -- Found OGRE_RTShaderSystem: optimized;/usr/lib/x86_64-linux-gnu/libOgreRTShaderSystem.so;debug;/usr/lib/x86_64-linux-gnu/libOgreRTShaderSystem.so
[1.579s] -- Looking for OGRE_Volume...
[1.582s] -- Found OGRE_Volume: optimized;/usr/lib/x86_64-linux-gnu/libOgreVolume.so;debug;/usr/lib/x86_64-linux-gnu/libOgreVolume.so
[1.582s] -- Looking for OGRE_Overlay...
[1.585s] -- Found OGRE_Overlay: optimized;/usr/lib/x86_64-linux-gnu/libOgreOverlay.so;debug;/usr/lib/x86_64-linux-gnu/libOgreOverlay.so
[1.657s] -- Looking for ignition-math6 -- found version 6.15.1
[1.660s] -- Looking for ignition-transport8 -- found version 8.2.1
[1.661s] -- Searching for dependencies of ignition-transport8
[1.684s] -- Found Protobuf: /usr/lib/x86_64-linux-gnu/libprotobuf.so (found suitable version "3.12.4", minimum required is "3") 
[1.700s] -- Config-file not installed for ZeroMQ -- checking for pkg-config
[1.705s] -- Checking for module 'libzmq >= 4'
[1.720s] --   Found libzmq , version 4.3.4
[1.760s] -- Found ZeroMQ: TRUE (Required is at least version "4") 
[1.766s] -- Checking for module 'uuid'
[1.779s] --   Found uuid, version 2.37.2
[1.812s] -- Found UUID: TRUE  
[1.815s] -- Looking for ignition-msgs5 -- found version 5.8.1
[1.816s] -- Searching for dependencies of ignition-msgs5
[1.840s] -- Looking for ignition-math6 -- found version 6.15.1
[1.845s] -- Checking for module 'tinyxml2'
[1.859s] --   Found tinyxml2, version 9.0.0
[1.895s] -- Looking for ignition-msgs5 -- found version 5.8.1
[1.899s] -- Looking for ignition-common3 -- found version 3.14.0
[1.899s] -- Searching for dependencies of ignition-common3
[1.900s] -- Looking for dlfcn.h - found
[1.900s] -- Looking for libdl - found
[1.901s] -- Found DL: TRUE  
[1.913s] -- Found tinyobjloader: /usr/lib/x86_64-linux-gnu/cmake/tinyobjloader/tinyobjloader-config.cmake (found version "2.0.0") 
[1.914s] -- Searching for <ignition-common3> component [graphics]
[1.917s] -- Looking for ignition-common3-graphics -- found version 3.14.0
[1.918s] -- Searching for dependencies of ignition-common3-graphics
[1.918s] -- Looking for ignition-math6 -- found version 6.15.1
[1.922s] -- Looking for ignition-fuel_tools4 -- found version 4.4.0
[1.923s] -- Searching for dependencies of ignition-fuel_tools4
[2.007s] -- Found CURL: /usr/lib/x86_64-linux-gnu/libcurl.so (found version "7.81.0")  
[2.016s] -- Checking for module 'jsoncpp'
[2.029s] --   Found jsoncpp, version 1.9.5
[2.064s] -- Found JSONCPP: TRUE  
[2.070s] -- Checking for module 'libzip'
[2.083s] --   Found libzip, version 1.7.3
[2.117s] -- Found ZIP: TRUE  
[2.117s] -- Looking for ignition-common3 -- found version 3.14.0
[2.118s] -- Looking for ignition-math6 -- found version 6.15.1
[2.118s] -- Looking for ignition-msgs5 -- found version 5.8.1
[2.124s] -- Gazebo version: 11.10
[2.124s] -- Checking for module 'tbb'
[2.140s] --   Found tbb, version 2021.5.0
[2.179s] -- Found xacro: 2.0.8 (/opt/ros/humble/share/xacro/cmake)
[2.233s] -- Configuring done
[2.239s] -- Generating done
[2.240s] -- Build files have been written to: /home/developer/SPWAR_ws/build/spot_description
[2.251s] Invoked command in '/home/developer/SPWAR_ws/build/spot_description' returned '0': CMAKE_PREFIX_PATH=${CMAKE_PREFIX_PATH}:/opt/ros/humble /usr/bin/cmake /home/developer/SPWAR_ws/src/spot_description -DCMAKE_INSTALL_PREFIX=/home/developer/SPWAR_ws/install/spot_description
[2.253s] Invoking command in '/home/developer/SPWAR_ws/build/spot_description': CMAKE_PREFIX_PATH=${CMAKE_PREFIX_PATH}:/opt/ros/humble /usr/bin/cmake --build /home/developer/SPWAR_ws/build/spot_description -- -j16 -l16
[2.291s] Invoked command in '/home/developer/SPWAR_ws/build/spot_description' returned '0': CMAKE_PREFIX_PATH=${CMAKE_PREFIX_PATH}:/opt/ros/humble /usr/bin/cmake --build /home/developer/SPWAR_ws/build/spot_description -- -j16 -l16
[2.323s] Invoking command in '/home/developer/SPWAR_ws/build/spot_description': CMAKE_PREFIX_PATH=${CMAKE_PREFIX_PATH}:/opt/ros/humble /usr/bin/cmake --install /home/developer/SPWAR_ws/build/spot_description
[2.331s] -- Install configuration: ""
[2.331s] -- Installing: /home/developer/SPWAR_ws/install/spot_description/share/spot_description/urdf
[2.331s] -- Installing: /home/developer/SPWAR_ws/install/spot_description/share/spot_description/urdf/simple_robot.urdf
[2.331s] -- Installing: /home/developer/SPWAR_ws/install/spot_description/share/spot_description/urdf/spot_with_arm.urdf
[2.331s] -- Installing: /home/developer/SPWAR_ws/install/spot_description/share/spot_description/meshes
[2.331s] -- Installing: /home/developer/SPWAR_ws/install/spot_description/share/spot_description/meshes/arm0.link_el0.stl
[2.332s] -- Installing: /home/developer/SPWAR_ws/install/spot_description/share/spot_description/meshes/arm0.link_wr1.stl
[2.334s] -- Installing: /home/developer/SPWAR_ws/install/spot_description/share/spot_description/meshes/arm0.link_hr0.stl
[2.334s] -- Installing: /home/developer/SPWAR_ws/install/spot_description/share/spot_description/meshes/arm0.link_sh0.stl
[2.335s] -- Installing: /home/developer/SPWAR_ws/install/spot_description/share/spot_description/meshes/fl_hip_0_geom_visual_mesh.stl
[2.335s] -- Installing: /home/developer/SPWAR_ws/install/spot_description/share/spot_description/meshes/arm0.link_fngr.stl
[2.336s] -- Installing: /home/developer/SPWAR_ws/install/spot_description/share/spot_description/meshes/lleg_0_geom_visual_mesh.stl
[2.337s] -- Installing: /home/developer/SPWAR_ws/install/spot_description/share/spot_description/meshes/fr_hip_0_geom_visual_mesh.stl
[2.337s] -- Installing: /home/developer/SPWAR_ws/install/spot_description/share/spot_description/meshes/arm0.link_el1.stl
[2.338s] -- Installing: /home/developer/SPWAR_ws/install/spot_description/share/spot_description/meshes/hr_hip_0_geom_visual_mesh.stl
[2.339s] -- Installing: /home/developer/SPWAR_ws/install/spot_description/share/spot_description/meshes/arm0.link_wr0.stl
[2.340s] -- Installing: /home/developer/SPWAR_ws/install/spot_description/share/spot_description/meshes/base_link_0_geom_visual_mesh.stl
[2.341s] -- Installing: /home/developer/SPWAR_ws/install/spot_description/share/spot_description/meshes/l_uleg_0_geom_visual_mesh.stl
[2.341s] -- Installing: /home/developer/SPWAR_ws/install/spot_description/share/spot_description/meshes/hl_hip_0_geom_visual_mesh.stl
[2.341s] -- Installing: /home/developer/SPWAR_ws/install/spot_description/share/spot_description/meshes/arm0.link_sh1.stl
[2.342s] -- Installing: /home/developer/SPWAR_ws/install/spot_description/share/spot_description/meshes/r_uleg_0_geom_visual_mesh.stl
[2.342s] -- Installing: /home/developer/SPWAR_ws/install/spot_description/share/spot_description/launch
[2.342s] -- Installing: /home/developer/SPWAR_ws/install/spot_description/share/spot_description/launch/gazebo.launch.py
[2.343s] -- Installing: /home/developer/SPWAR_ws/install/spot_description/share/spot_description/launch/display.launch.py
[2.343s] -- Installing: /home/developer/SPWAR_ws/install/spot_description/share/ament_index/resource_index/package_run_dependencies/spot_description
[2.343s] -- Installing: /home/developer/SPWAR_ws/install/spot_description/share/ament_index/resource_index/parent_prefix_path/spot_description
[2.343s] -- Installing: /home/developer/SPWAR_ws/install/spot_description/share/spot_description/environment/ament_prefix_path.sh
[2.343s] -- Installing: /home/developer/SPWAR_ws/install/spot_description/share/spot_description/environment/ament_prefix_path.dsv
[2.344s] -- Installing: /home/developer/SPWAR_ws/install/spot_description/share/spot_description/environment/path.sh
[2.344s] -- Installing: /home/developer/SPWAR_ws/install/spot_description/share/spot_description/environment/path.dsv
[2.344s] -- Installing: /home/developer/SPWAR_ws/install/spot_description/share/spot_description/local_setup.bash
[2.344s] -- Installing: /home/developer/SPWAR_ws/install/spot_description/share/spot_description/local_setup.sh
[2.344s] -- Installing: /home/developer/SPWAR_ws/install/spot_description/share/spot_description/local_setup.zsh
[2.344s] -- Installing: /home/developer/SPWAR_ws/install/spot_description/share/spot_description/local_setup.dsv
[2.344s] -- Installing: /home/developer/SPWAR_ws/install/spot_description/share/spot_description/package.dsv
[2.345s] -- Installing: /home/developer/SPWAR_ws/install/spot_description/share/ament_index/resource_index/packages/spot_description
[2.345s] -- Installing: /home/developer/SPWAR_ws/install/spot_description/share/spot_description/cmake/spot_descriptionConfig.cmake
[2.345s] -- Installing: /home/developer/SPWAR_ws/install/spot_description/share/spot_description/cmake/spot_descriptionConfig-version.cmake
[2.345s] -- Installing: /home/developer/SPWAR_ws/install/spot_description/share/spot_description/package.xml
[2.349s] Invoked command in '/home/developer/SPWAR_ws/build/spot_description' returned '0': CMAKE_PREFIX_PATH=${CMAKE_PREFIX_PATH}:/opt/ros/humble /usr/bin/cmake --install /home/developer/SPWAR_ws/build/spot_description
