[0.013s] Invoking command in '/home/developer/SPWAR_ws/build/hello_moveit': CMAKE_PREFIX_PATH=${CMAKE_PREFIX_PATH}:/opt/ros/humble /usr/bin/cmake --build /home/developer/SPWAR_ws/build/hello_moveit -- -j16 -l16
[0.065s] [35m[1mConsolidate compiler generated dependencies of target hello_moveit[0m
[0.111s] [ 50%] [32mBuilding CXX object CMakeFiles/hello_moveit.dir/src/hello_moveit.cpp.o[0m
[9.926s] [100%] [32m[1mLinking CXX executable hello_moveit[0m
[10.357s] [100%] Built target hello_moveit
[10.368s] Invoked command in '/home/developer/SPWAR_ws/build/hello_moveit' returned '0': CMAKE_PREFIX_PATH=${CMAKE_PREFIX_PATH}:/opt/ros/humble /usr/bin/cmake --build /home/developer/SPWAR_ws/build/hello_moveit -- -j16 -l16
[10.397s] Invoking command in '/home/developer/SPWAR_ws/build/hello_moveit': CMAKE_PREFIX_PATH=${CMAKE_PREFIX_PATH}:/opt/ros/humble /usr/bin/cmake --install /home/developer/SPWAR_ws/build/hello_moveit
[10.404s] -- Install configuration: ""
[10.405s] -- Execute custom install script
[10.405s] -- Up-to-date symlink: /home/developer/SPWAR_ws/install/hello_moveit/lib/hello_moveit/hello_moveit
[10.405s] -- Up-to-date symlink: /home/developer/SPWAR_ws/install/hello_moveit/share/ament_index/resource_index/package_run_dependencies/hello_moveit
[10.405s] -- Up-to-date symlink: /home/developer/SPWAR_ws/install/hello_moveit/share/ament_index/resource_index/parent_prefix_path/hello_moveit
[10.406s] -- Up-to-date symlink: /home/developer/SPWAR_ws/install/hello_moveit/share/hello_moveit/environment/ament_prefix_path.sh
[10.406s] -- Up-to-date symlink: /home/developer/SPWAR_ws/install/hello_moveit/share/hello_moveit/environment/ament_prefix_path.dsv
[10.406s] -- Up-to-date symlink: /home/developer/SPWAR_ws/install/hello_moveit/share/hello_moveit/environment/path.sh
[10.406s] -- Up-to-date symlink: /home/developer/SPWAR_ws/install/hello_moveit/share/hello_moveit/environment/path.dsv
[10.406s] -- Up-to-date symlink: /home/developer/SPWAR_ws/install/hello_moveit/share/hello_moveit/local_setup.bash
[10.406s] -- Up-to-date symlink: /home/developer/SPWAR_ws/install/hello_moveit/share/hello_moveit/local_setup.sh
[10.406s] -- Up-to-date symlink: /home/developer/SPWAR_ws/install/hello_moveit/share/hello_moveit/local_setup.zsh
[10.406s] -- Up-to-date symlink: /home/developer/SPWAR_ws/install/hello_moveit/share/hello_moveit/local_setup.dsv
[10.407s] -- Symlinking: /home/developer/SPWAR_ws/install/hello_moveit/share/hello_moveit/package.dsv
[10.415s] -- Up-to-date symlink: /home/developer/SPWAR_ws/install/hello_moveit/share/ament_index/resource_index/packages/hello_moveit
[10.415s] -- Up-to-date symlink: /home/developer/SPWAR_ws/install/hello_moveit/share/hello_moveit/cmake/hello_moveitConfig.cmake
[10.416s] -- Up-to-date symlink: /home/developer/SPWAR_ws/install/hello_moveit/share/hello_moveit/cmake/hello_moveitConfig-version.cmake
[10.416s] -- Up-to-date symlink: /home/developer/SPWAR_ws/install/hello_moveit/share/hello_moveit/package.xml
[10.418s] Invoked command in '/home/developer/SPWAR_ws/build/hello_moveit' returned '0': CMAKE_PREFIX_PATH=${CMAKE_PREFIX_PATH}:/opt/ros/humble /usr/bin/cmake --install /home/developer/SPWAR_ws/build/hello_moveit
