[0.016s] Invoking command in '/home/developer/SPWAR_ws/build/hello_moveit': CMAKE_PREFIX_PATH=${CMAKE_PREFIX_PATH}:/opt/ros/humble /usr/bin/cmake /home/developer/SPWAR_ws/src/hello_moveit -DCMAKE_INSTALL_PREFIX=/home/developer/SPWAR_ws/install/hello_moveit
[0.099s] -- Found ament_cmake: 1.3.10 (/opt/ros/humble/share/ament_cmake/cmake)
[0.259s] -- Override CMake install command with custom implementation using symlinks instead of copying resources
[0.286s] -- Found moveit_ros_planning_interface: 2.5.7 (/opt/ros/humble/share/moveit_ros_planning_interface/cmake)
[0.311s] -- Found Boost: /usr/lib/x86_64-linux-gnu/cmake/Boost-1.74.0/BoostConfig.cmake (found version "1.74.0") found components: date_time filesystem program_options system thread 
[0.348s] -- Found rosidl_generator_c: 3.1.5 (/opt/ros/humble/share/rosidl_generator_c/cmake)
[0.353s] -- Found rosidl_adapter: 3.1.5 (/opt/ros/humble/share/rosidl_adapter/cmake)
[0.365s] -- Found rosidl_generator_cpp: 3.1.5 (/opt/ros/humble/share/rosidl_generator_cpp/cmake)
[0.382s] -- Using all available rosidl_typesupport_c: rosidl_typesupport_fastrtps_c;rosidl_typesupport_introspection_c
[0.401s] -- Using all available rosidl_typesupport_cpp: rosidl_typesupport_fastrtps_cpp;rosidl_typesupport_introspection_cpp
[0.616s] -- Found Boost: /usr/lib/x86_64-linux-gnu/cmake/Boost-1.74.0/BoostConfig.cmake (found version "1.74.0") found components: chrono date_time filesystem iostreams program_options regex serialization system thread 
[0.648s] -- Found parameter_traits: 0.4.0 (/opt/ros/humble/share/parameter_traits/cmake)
[0.672s] -- Found rmw_implementation_cmake: 6.1.2 (/opt/ros/humble/share/rmw_implementation_cmake/cmake)
[0.673s] -- Found rmw_fastrtps_cpp: 6.2.7 (/opt/ros/humble/share/rmw_fastrtps_cpp/cmake)
[0.805s] -- Using RMW implementation 'rmw_fastrtps_cpp' as default
[0.849s] -- Found rclcpp_lifecycle: 16.0.10 (/opt/ros/humble/share/rclcpp_lifecycle/cmake)
[0.874s] -- Found Boost: /usr/lib/x86_64-linux-gnu/cmake/Boost-1.74.0/BoostConfig.cmake (found version "1.74.0") found components: filesystem 
[0.928s] -- library: /usr/lib/x86_64-linux-gnu/libcurl.so
[0.958s] -- Ensuring Eigen3 include directory is part of orocos-kdl CMake target
[1.092s] -- Found Boost: /usr/lib/x86_64-linux-gnu/cmake/Boost-1.74.0/BoostConfig.cmake (found version "1.74.0") found components: system filesystem date_time program_options thread chrono 
[1.121s] -- Found Boost: /usr/lib/x86_64-linux-gnu/cmake/Boost-1.74.0/BoostConfig.cmake (found version "1.74.0") found components: thread system filesystem regex date_time program_options 
[1.143s] -- Found Boost: /usr/lib/x86_64-linux-gnu/cmake/Boost-1.74.0/BoostConfig.cmake (found version "1.74.0") found components: system filesystem date_time program_options thread 
[1.170s] -- Found moveit_visual_tools: 4.1.1 (/opt/ros/humble/share/moveit_visual_tools/cmake)
[1.236s] -- Setting assimp_DIR to: '/opt/ros/humble/share/rviz_assimp_vendor/cmake/../../../opt/rviz_assimp_vendor/lib/cmake/assimp-4.1'
[1.244s] -- Setting OGRE_DIR to: '/opt/ros/humble/share/rviz_ogre_vendor/cmake/../../../opt/rviz_ogre_vendor/lib/OGRE/cmake'
[1.247s] -- Found OGRE
[1.247s] --   static     : OFF
[1.247s] --   components : HLMS;MeshLodGenerator;Overlay;Paging;Property;RTShaderSystem;Terrain;Volume
[1.247s] --   plugins    : Plugin_BSPSceneManager;Plugin_OctreeSceneManager;Plugin_PCZSceneManager;Plugin_ParticleFX;RenderSystem_GL;RenderSystem_GL3Plus;Codec_STBI
[1.247s] --   media      : /opt/ros/humble/opt/rviz_ogre_vendor/share/OGRE/Media
[1.247s] -- OGRE_LIBRARIES: OgreHLMS;OgreMeshLodGenerator;OgreOverlay;OgrePaging;OgreProperty;OgreRTShaderSystem;OgreTerrain;OgreVolume;OgreMain
[1.247s] -- OGRE_LIBRARY_DIRS: /opt/ros/humble/opt/rviz_ogre_vendor/lib
[1.247s] -- OGRE_PLUGINS: Plugin_BSPSceneManager;Plugin_OctreeSceneManager;Plugin_PCZSceneManager;Plugin_ParticleFX;RenderSystem_GL;RenderSystem_GL3Plus;Codec_STBI
[1.247s] -- OGRE_PLUGIN_DIR: /opt/ros/humble/opt/rviz_ogre_vendor/lib/OGRE
[1.247s] -- rviz_ogre_vendor::OgreOverlay for IMPORTED_LOCATION_RELEASE: /opt/ros/humble/opt/rviz_ogre_vendor/lib/libOgreOverlay.so
[1.247s] -- rviz_ogre_vendor::OgreOverlay for IMPORTED_LOCATION_DEBUG: /opt/ros/humble/opt/rviz_ogre_vendor/lib/libOgreOverlay.so
[1.247s] -- rviz_ogre_vendor::OgreMain for IMPORTED_LOCATION_RELEASE: /opt/ros/humble/opt/rviz_ogre_vendor/lib/libOgreMain.so
[1.247s] -- rviz_ogre_vendor::OgreMain for IMPORTED_LOCATION_DEBUG: /opt/ros/humble/opt/rviz_ogre_vendor/lib/libOgreMain.so
[1.381s] -- Found ament_lint_auto: 0.12.11 (/opt/ros/humble/share/ament_lint_auto/cmake)
[1.456s] -- Added test 'cppcheck' to perform static code analysis on C / C++ code
[1.457s] -- Configured cppcheck include dirs: $<BUILD_INTERFACE:/home/developer/SPWAR_ws/src/hello_moveit/include>
[1.457s] -- Configured cppcheck exclude dirs and/or files: 
[1.457s] -- Added test 'lint_cmake' to check CMake code style
[1.459s] -- Added test 'uncrustify' to check C / C++ code style
[1.461s] -- Configured uncrustify additional arguments: 
[1.462s] -- Added test 'xmllint' to check XML markup files
[1.462s] -- Configuring done
[1.537s] -- Generating done
[1.540s] -- Build files have been written to: /home/developer/SPWAR_ws/build/hello_moveit
[1.560s] Invoked command in '/home/developer/SPWAR_ws/build/hello_moveit' returned '0': CMAKE_PREFIX_PATH=${CMAKE_PREFIX_PATH}:/opt/ros/humble /usr/bin/cmake /home/developer/SPWAR_ws/src/hello_moveit -DCMAKE_INSTALL_PREFIX=/home/developer/SPWAR_ws/install/hello_moveit
[1.561s] Invoking command in '/home/developer/SPWAR_ws/build/hello_moveit': CMAKE_PREFIX_PATH=${CMAKE_PREFIX_PATH}:/opt/ros/humble /usr/bin/cmake --build /home/developer/SPWAR_ws/build/hello_moveit -- -j16 -l16
[1.616s] [35m[1mConsolidate compiler generated dependencies of target hello_moveit[0m
[1.739s] [100%] Built target hello_moveit
[1.753s] Invoked command in '/home/developer/SPWAR_ws/build/hello_moveit' returned '0': CMAKE_PREFIX_PATH=${CMAKE_PREFIX_PATH}:/opt/ros/humble /usr/bin/cmake --build /home/developer/SPWAR_ws/build/hello_moveit -- -j16 -l16
[1.786s] Invoking command in '/home/developer/SPWAR_ws/build/hello_moveit': CMAKE_PREFIX_PATH=${CMAKE_PREFIX_PATH}:/opt/ros/humble /usr/bin/cmake --install /home/developer/SPWAR_ws/build/hello_moveit
[1.797s] -- Install configuration: ""
[1.797s] -- Execute custom install script
[1.798s] -- Up-to-date symlink: /home/developer/SPWAR_ws/install/hello_moveit/lib/hello_moveit/hello_moveit
[1.798s] -- Up-to-date symlink: /home/developer/SPWAR_ws/install/hello_moveit/share/ament_index/resource_index/package_run_dependencies/hello_moveit
[1.798s] -- Up-to-date symlink: /home/developer/SPWAR_ws/install/hello_moveit/share/ament_index/resource_index/parent_prefix_path/hello_moveit
[1.798s] -- Up-to-date symlink: /home/developer/SPWAR_ws/install/hello_moveit/share/hello_moveit/environment/ament_prefix_path.sh
[1.799s] -- Up-to-date symlink: /home/developer/SPWAR_ws/install/hello_moveit/share/hello_moveit/environment/ament_prefix_path.dsv
[1.799s] -- Up-to-date symlink: /home/developer/SPWAR_ws/install/hello_moveit/share/hello_moveit/environment/path.sh
[1.799s] -- Up-to-date symlink: /home/developer/SPWAR_ws/install/hello_moveit/share/hello_moveit/environment/path.dsv
[1.800s] -- Up-to-date symlink: /home/developer/SPWAR_ws/install/hello_moveit/share/hello_moveit/local_setup.bash
[1.800s] -- Up-to-date symlink: /home/developer/SPWAR_ws/install/hello_moveit/share/hello_moveit/local_setup.sh
[1.800s] -- Up-to-date symlink: /home/developer/SPWAR_ws/install/hello_moveit/share/hello_moveit/local_setup.zsh
[1.800s] -- Up-to-date symlink: /home/developer/SPWAR_ws/install/hello_moveit/share/hello_moveit/local_setup.dsv
[1.800s] -- Symlinking: /home/developer/SPWAR_ws/install/hello_moveit/share/hello_moveit/package.dsv
[1.814s] -- Up-to-date symlink: /home/developer/SPWAR_ws/install/hello_moveit/share/ament_index/resource_index/packages/hello_moveit
[1.814s] -- Up-to-date symlink: /home/developer/SPWAR_ws/install/hello_moveit/share/hello_moveit/cmake/hello_moveitConfig.cmake
[1.814s] -- Up-to-date symlink: /home/developer/SPWAR_ws/install/hello_moveit/share/hello_moveit/cmake/hello_moveitConfig-version.cmake
[1.814s] -- Up-to-date symlink: /home/developer/SPWAR_ws/install/hello_moveit/share/hello_moveit/package.xml
[1.818s] Invoked command in '/home/developer/SPWAR_ws/build/hello_moveit' returned '0': CMAKE_PREFIX_PATH=${CMAKE_PREFIX_PATH}:/opt/ros/humble /usr/bin/cmake --install /home/developer/SPWAR_ws/build/hello_moveit
