[0.222s] DEBUG:colcon:Command line arguments: ['/usr/bin/colcon', 'build']
[0.223s] DEBUG:colcon:Parsed command line arguments: Namespace(log_base=None, log_level=None, verb_name='build', build_base='build', install_base='install', merge_install=False, symlink_install=False, test_result_base=None, continue_on_error=False, executor='parallel', parallel_workers=16, event_handlers=None, ignore_user_meta=False, metas=['./colcon.meta'], base_paths=['.'], packages_ignore=None, packages_ignore_regex=None, paths=None, packages_up_to=None, packages_up_to_regex=None, packages_above=None, packages_above_and_dependencies=None, packages_above_depth=None, packages_select_by_dep=None, packages_skip_by_dep=None, packages_skip_up_to=None, packages_select_build_failed=False, packages_skip_build_finished=False, packages_select_test_failures=False, packages_skip_test_passed=False, packages_select=None, packages_skip=None, packages_select_regex=None, packages_skip_regex=None, packages_start=None, packages_end=None, cmake_args=None, cmake_target=None, cmake_target_skip_unavailable=False, cmake_clean_cache=False, cmake_clean_first=False, cmake_force_configure=False, ament_cmake_args=None, catkin_cmake_args=None, catkin_skip_building_tests=False, mixin_files=None, mixin=None, verb_parser=<colcon_mixin.mixin.mixin_argument.MixinArgumentDecorator object at 0x78bf1c10c6a0>, verb_extension=<colcon_core.verb.build.BuildVerb object at 0x78bf1c10c130>, main=<bound method BuildVerb.main of <colcon_core.verb.build.BuildVerb object at 0x78bf1c10c130>>, mixin_verb=('build',))
[0.415s] Level 1:colcon.colcon_core.package_discovery:discover_packages(colcon_meta) check parameters
[0.416s] INFO:colcon.colcon_metadata.package_discovery.colcon_meta:Using configuration from '/root/.colcon/metadata/default/Gazebo.meta'
[0.416s] INFO:colcon.colcon_metadata.package_discovery.colcon_meta:Using configuration from '/root/.colcon/metadata/default/fastrtps.meta'
[0.417s] Level 1:colcon.colcon_core.package_discovery:discover_packages(recursive) check parameters
[0.417s] Level 1:colcon.colcon_core.package_discovery:discover_packages(ignore) check parameters
[0.417s] Level 1:colcon.colcon_core.package_discovery:discover_packages(path) check parameters
[0.417s] Level 1:colcon.colcon_core.package_discovery:discover_packages(colcon_meta) discover
[0.417s] Level 1:colcon.colcon_core.package_discovery:discover_packages(recursive) discover
[0.417s] INFO:colcon.colcon_core.package_discovery:Crawling recursively for packages in '/home/developer/SPWAR_ws'
[0.417s] Level 1:colcon.colcon_core.package_identification:_identify(.) by extensions ['ignore', 'ignore_ament_install']
[0.417s] Level 1:colcon.colcon_core.package_identification:_identify(.) by extension 'ignore'
[0.417s] Level 1:colcon.colcon_core.package_identification:_identify(.) by extension 'ignore_ament_install'
[0.417s] Level 1:colcon.colcon_core.package_identification:_identify(.) by extensions ['colcon_pkg']
[0.417s] Level 1:colcon.colcon_core.package_identification:_identify(.) by extension 'colcon_pkg'
[0.417s] Level 1:colcon.colcon_core.package_identification:_identify(.) by extensions ['colcon_meta']
[0.417s] Level 1:colcon.colcon_core.package_identification:_identify(.) by extension 'colcon_meta'
[0.417s] Level 1:colcon.colcon_core.package_identification:_identify(.) by extensions ['ros']
[0.417s] Level 1:colcon.colcon_core.package_identification:_identify(.) by extension 'ros'
[0.430s] Level 1:colcon.colcon_core.package_identification:_identify(.) by extensions ['cmake', 'python']
[0.430s] Level 1:colcon.colcon_core.package_identification:_identify(.) by extension 'cmake'
[0.430s] Level 1:colcon.colcon_core.package_identification:_identify(.) by extension 'python'
[0.430s] Level 1:colcon.colcon_core.package_identification:_identify(.) by extensions ['python_setup_py']
[0.430s] Level 1:colcon.colcon_core.package_identification:_identify(.) by extension 'python_setup_py'
[0.430s] Level 1:colcon.colcon_core.package_identification:_identify(__pycache__) by extensions ['ignore', 'ignore_ament_install']
[0.430s] Level 1:colcon.colcon_core.package_identification:_identify(__pycache__) by extension 'ignore'
[0.430s] Level 1:colcon.colcon_core.package_identification:_identify(__pycache__) by extension 'ignore_ament_install'
[0.430s] Level 1:colcon.colcon_core.package_identification:_identify(__pycache__) by extensions ['colcon_pkg']
[0.430s] Level 1:colcon.colcon_core.package_identification:_identify(__pycache__) by extension 'colcon_pkg'
[0.431s] Level 1:colcon.colcon_core.package_identification:_identify(__pycache__) by extensions ['colcon_meta']
[0.431s] Level 1:colcon.colcon_core.package_identification:_identify(__pycache__) by extension 'colcon_meta'
[0.431s] Level 1:colcon.colcon_core.package_identification:_identify(__pycache__) by extensions ['ros']
[0.431s] Level 1:colcon.colcon_core.package_identification:_identify(__pycache__) by extension 'ros'
[0.431s] Level 1:colcon.colcon_core.package_identification:_identify(__pycache__) by extensions ['cmake', 'python']
[0.431s] Level 1:colcon.colcon_core.package_identification:_identify(__pycache__) by extension 'cmake'
[0.431s] Level 1:colcon.colcon_core.package_identification:_identify(__pycache__) by extension 'python'
[0.431s] Level 1:colcon.colcon_core.package_identification:_identify(__pycache__) by extensions ['python_setup_py']
[0.431s] Level 1:colcon.colcon_core.package_identification:_identify(__pycache__) by extension 'python_setup_py'
[0.431s] Level 1:colcon.colcon_core.package_identification:_identify(build) by extensions ['ignore', 'ignore_ament_install']
[0.431s] Level 1:colcon.colcon_core.package_identification:_identify(build) by extension 'ignore'
[0.431s] Level 1:colcon.colcon_core.package_identification:_identify(build) ignored
[0.431s] Level 1:colcon.colcon_core.package_identification:_identify(install) by extensions ['ignore', 'ignore_ament_install']
[0.431s] Level 1:colcon.colcon_core.package_identification:_identify(install) by extension 'ignore'
[0.431s] Level 1:colcon.colcon_core.package_identification:_identify(install) ignored
[0.431s] Level 1:colcon.colcon_core.package_identification:_identify(log) by extensions ['ignore', 'ignore_ament_install']
[0.431s] Level 1:colcon.colcon_core.package_identification:_identify(log) by extension 'ignore'
[0.431s] Level 1:colcon.colcon_core.package_identification:_identify(log) ignored
[0.432s] Level 1:colcon.colcon_core.package_identification:_identify(logs) by extensions ['ignore', 'ignore_ament_install']
[0.432s] Level 1:colcon.colcon_core.package_identification:_identify(logs) by extension 'ignore'
[0.432s] Level 1:colcon.colcon_core.package_identification:_identify(logs) by extension 'ignore_ament_install'
[0.432s] Level 1:colcon.colcon_core.package_identification:_identify(logs) by extensions ['colcon_pkg']
[0.432s] Level 1:colcon.colcon_core.package_identification:_identify(logs) by extension 'colcon_pkg'
[0.432s] Level 1:colcon.colcon_core.package_identification:_identify(logs) by extensions ['colcon_meta']
[0.432s] Level 1:colcon.colcon_core.package_identification:_identify(logs) by extension 'colcon_meta'
[0.432s] Level 1:colcon.colcon_core.package_identification:_identify(logs) by extensions ['ros']
[0.432s] Level 1:colcon.colcon_core.package_identification:_identify(logs) by extension 'ros'
[0.432s] Level 1:colcon.colcon_core.package_identification:_identify(logs) by extensions ['cmake', 'python']
[0.432s] Level 1:colcon.colcon_core.package_identification:_identify(logs) by extension 'cmake'
[0.432s] Level 1:colcon.colcon_core.package_identification:_identify(logs) by extension 'python'
[0.432s] Level 1:colcon.colcon_core.package_identification:_identify(logs) by extensions ['python_setup_py']
[0.432s] Level 1:colcon.colcon_core.package_identification:_identify(logs) by extension 'python_setup_py'
[0.432s] Level 1:colcon.colcon_core.package_identification:_identify(logs/2025-01-19-23-54-33-725698-397ac8843c53-81) by extensions ['ignore', 'ignore_ament_install']
[0.432s] Level 1:colcon.colcon_core.package_identification:_identify(logs/2025-01-19-23-54-33-725698-397ac8843c53-81) by extension 'ignore'
[0.432s] Level 1:colcon.colcon_core.package_identification:_identify(logs/2025-01-19-23-54-33-725698-397ac8843c53-81) by extension 'ignore_ament_install'
[0.432s] Level 1:colcon.colcon_core.package_identification:_identify(logs/2025-01-19-23-54-33-725698-397ac8843c53-81) by extensions ['colcon_pkg']
[0.433s] Level 1:colcon.colcon_core.package_identification:_identify(logs/2025-01-19-23-54-33-725698-397ac8843c53-81) by extension 'colcon_pkg'
[0.433s] Level 1:colcon.colcon_core.package_identification:_identify(logs/2025-01-19-23-54-33-725698-397ac8843c53-81) by extensions ['colcon_meta']
[0.433s] Level 1:colcon.colcon_core.package_identification:_identify(logs/2025-01-19-23-54-33-725698-397ac8843c53-81) by extension 'colcon_meta'
[0.433s] Level 1:colcon.colcon_core.package_identification:_identify(logs/2025-01-19-23-54-33-725698-397ac8843c53-81) by extensions ['ros']
[0.433s] Level 1:colcon.colcon_core.package_identification:_identify(logs/2025-01-19-23-54-33-725698-397ac8843c53-81) by extension 'ros'
[0.433s] Level 1:colcon.colcon_core.package_identification:_identify(logs/2025-01-19-23-54-33-725698-397ac8843c53-81) by extensions ['cmake', 'python']
[0.433s] Level 1:colcon.colcon_core.package_identification:_identify(logs/2025-01-19-23-54-33-725698-397ac8843c53-81) by extension 'cmake'
[0.433s] Level 1:colcon.colcon_core.package_identification:_identify(logs/2025-01-19-23-54-33-725698-397ac8843c53-81) by extension 'python'
[0.433s] Level 1:colcon.colcon_core.package_identification:_identify(logs/2025-01-19-23-54-33-725698-397ac8843c53-81) by extensions ['python_setup_py']
[0.433s] Level 1:colcon.colcon_core.package_identification:_identify(logs/2025-01-19-23-54-33-725698-397ac8843c53-81) by extension 'python_setup_py'
[0.433s] Level 1:colcon.colcon_core.package_identification:_identify(logs/2025-01-20-00-01-23-722671-9b19273669b6-78) by extensions ['ignore', 'ignore_ament_install']
[0.433s] Level 1:colcon.colcon_core.package_identification:_identify(logs/2025-01-20-00-01-23-722671-9b19273669b6-78) by extension 'ignore'
[0.433s] Level 1:colcon.colcon_core.package_identification:_identify(logs/2025-01-20-00-01-23-722671-9b19273669b6-78) by extension 'ignore_ament_install'
[0.433s] Level 1:colcon.colcon_core.package_identification:_identify(logs/2025-01-20-00-01-23-722671-9b19273669b6-78) by extensions ['colcon_pkg']
[0.433s] Level 1:colcon.colcon_core.package_identification:_identify(logs/2025-01-20-00-01-23-722671-9b19273669b6-78) by extension 'colcon_pkg'
[0.433s] Level 1:colcon.colcon_core.package_identification:_identify(logs/2025-01-20-00-01-23-722671-9b19273669b6-78) by extensions ['colcon_meta']
[0.433s] Level 1:colcon.colcon_core.package_identification:_identify(logs/2025-01-20-00-01-23-722671-9b19273669b6-78) by extension 'colcon_meta'
[0.433s] Level 1:colcon.colcon_core.package_identification:_identify(logs/2025-01-20-00-01-23-722671-9b19273669b6-78) by extensions ['ros']
[0.433s] Level 1:colcon.colcon_core.package_identification:_identify(logs/2025-01-20-00-01-23-722671-9b19273669b6-78) by extension 'ros'
[0.433s] Level 1:colcon.colcon_core.package_identification:_identify(logs/2025-01-20-00-01-23-722671-9b19273669b6-78) by extensions ['cmake', 'python']
[0.433s] Level 1:colcon.colcon_core.package_identification:_identify(logs/2025-01-20-00-01-23-722671-9b19273669b6-78) by extension 'cmake'
[0.433s] Level 1:colcon.colcon_core.package_identification:_identify(logs/2025-01-20-00-01-23-722671-9b19273669b6-78) by extension 'python'
[0.433s] Level 1:colcon.colcon_core.package_identification:_identify(logs/2025-01-20-00-01-23-722671-9b19273669b6-78) by extensions ['python_setup_py']
[0.433s] Level 1:colcon.colcon_core.package_identification:_identify(logs/2025-01-20-00-01-23-722671-9b19273669b6-78) by extension 'python_setup_py'
[0.434s] Level 1:colcon.colcon_core.package_identification:_identify(logs/2025-01-20-00-06-17-488083-739bb811525e-304) by extensions ['ignore', 'ignore_ament_install']
[0.434s] Level 1:colcon.colcon_core.package_identification:_identify(logs/2025-01-20-00-06-17-488083-739bb811525e-304) by extension 'ignore'
[0.434s] Level 1:colcon.colcon_core.package_identification:_identify(logs/2025-01-20-00-06-17-488083-739bb811525e-304) by extension 'ignore_ament_install'
[0.434s] Level 1:colcon.colcon_core.package_identification:_identify(logs/2025-01-20-00-06-17-488083-739bb811525e-304) by extensions ['colcon_pkg']
[0.434s] Level 1:colcon.colcon_core.package_identification:_identify(logs/2025-01-20-00-06-17-488083-739bb811525e-304) by extension 'colcon_pkg'
[0.434s] Level 1:colcon.colcon_core.package_identification:_identify(logs/2025-01-20-00-06-17-488083-739bb811525e-304) by extensions ['colcon_meta']
[0.434s] Level 1:colcon.colcon_core.package_identification:_identify(logs/2025-01-20-00-06-17-488083-739bb811525e-304) by extension 'colcon_meta'
[0.434s] Level 1:colcon.colcon_core.package_identification:_identify(logs/2025-01-20-00-06-17-488083-739bb811525e-304) by extensions ['ros']
[0.434s] Level 1:colcon.colcon_core.package_identification:_identify(logs/2025-01-20-00-06-17-488083-739bb811525e-304) by extension 'ros'
[0.434s] Level 1:colcon.colcon_core.package_identification:_identify(logs/2025-01-20-00-06-17-488083-739bb811525e-304) by extensions ['cmake', 'python']
[0.434s] Level 1:colcon.colcon_core.package_identification:_identify(logs/2025-01-20-00-06-17-488083-739bb811525e-304) by extension 'cmake'
[0.434s] Level 1:colcon.colcon_core.package_identification:_identify(logs/2025-01-20-00-06-17-488083-739bb811525e-304) by extension 'python'
[0.434s] Level 1:colcon.colcon_core.package_identification:_identify(logs/2025-01-20-00-06-17-488083-739bb811525e-304) by extensions ['python_setup_py']
[0.434s] Level 1:colcon.colcon_core.package_identification:_identify(logs/2025-01-20-00-06-17-488083-739bb811525e-304) by extension 'python_setup_py'
[0.434s] Level 1:colcon.colcon_core.package_identification:_identify(logs/2025-01-20-00-46-18-279212-739bb811525e-727) by extensions ['ignore', 'ignore_ament_install']
[0.434s] Level 1:colcon.colcon_core.package_identification:_identify(logs/2025-01-20-00-46-18-279212-739bb811525e-727) by extension 'ignore'
[0.434s] Level 1:colcon.colcon_core.package_identification:_identify(logs/2025-01-20-00-46-18-279212-739bb811525e-727) by extension 'ignore_ament_install'
[0.434s] Level 1:colcon.colcon_core.package_identification:_identify(logs/2025-01-20-00-46-18-279212-739bb811525e-727) by extensions ['colcon_pkg']
[0.434s] Level 1:colcon.colcon_core.package_identification:_identify(logs/2025-01-20-00-46-18-279212-739bb811525e-727) by extension 'colcon_pkg'
[0.434s] Level 1:colcon.colcon_core.package_identification:_identify(logs/2025-01-20-00-46-18-279212-739bb811525e-727) by extensions ['colcon_meta']
[0.434s] Level 1:colcon.colcon_core.package_identification:_identify(logs/2025-01-20-00-46-18-279212-739bb811525e-727) by extension 'colcon_meta'
[0.434s] Level 1:colcon.colcon_core.package_identification:_identify(logs/2025-01-20-00-46-18-279212-739bb811525e-727) by extensions ['ros']
[0.434s] Level 1:colcon.colcon_core.package_identification:_identify(logs/2025-01-20-00-46-18-279212-739bb811525e-727) by extension 'ros'
[0.435s] Level 1:colcon.colcon_core.package_identification:_identify(logs/2025-01-20-00-46-18-279212-739bb811525e-727) by extensions ['cmake', 'python']
[0.435s] Level 1:colcon.colcon_core.package_identification:_identify(logs/2025-01-20-00-46-18-279212-739bb811525e-727) by extension 'cmake'
[0.435s] Level 1:colcon.colcon_core.package_identification:_identify(logs/2025-01-20-00-46-18-279212-739bb811525e-727) by extension 'python'
[0.435s] Level 1:colcon.colcon_core.package_identification:_identify(logs/2025-01-20-00-46-18-279212-739bb811525e-727) by extensions ['python_setup_py']
[0.435s] Level 1:colcon.colcon_core.package_identification:_identify(logs/2025-01-20-00-46-18-279212-739bb811525e-727) by extension 'python_setup_py'
[0.435s] Level 1:colcon.colcon_core.package_identification:_identify(logs/2025-01-20-01-04-41-720866-e2c2a517fb71-920) by extensions ['ignore', 'ignore_ament_install']
[0.435s] Level 1:colcon.colcon_core.package_identification:_identify(logs/2025-01-20-01-04-41-720866-e2c2a517fb71-920) by extension 'ignore'
[0.435s] Level 1:colcon.colcon_core.package_identification:_identify(logs/2025-01-20-01-04-41-720866-e2c2a517fb71-920) by extension 'ignore_ament_install'
[0.435s] Level 1:colcon.colcon_core.package_identification:_identify(logs/2025-01-20-01-04-41-720866-e2c2a517fb71-920) by extensions ['colcon_pkg']
[0.435s] Level 1:colcon.colcon_core.package_identification:_identify(logs/2025-01-20-01-04-41-720866-e2c2a517fb71-920) by extension 'colcon_pkg'
[0.435s] Level 1:colcon.colcon_core.package_identification:_identify(logs/2025-01-20-01-04-41-720866-e2c2a517fb71-920) by extensions ['colcon_meta']
[0.435s] Level 1:colcon.colcon_core.package_identification:_identify(logs/2025-01-20-01-04-41-720866-e2c2a517fb71-920) by extension 'colcon_meta'
[0.435s] Level 1:colcon.colcon_core.package_identification:_identify(logs/2025-01-20-01-04-41-720866-e2c2a517fb71-920) by extensions ['ros']
[0.435s] Level 1:colcon.colcon_core.package_identification:_identify(logs/2025-01-20-01-04-41-720866-e2c2a517fb71-920) by extension 'ros'
[0.435s] Level 1:colcon.colcon_core.package_identification:_identify(logs/2025-01-20-01-04-41-720866-e2c2a517fb71-920) by extensions ['cmake', 'python']
[0.435s] Level 1:colcon.colcon_core.package_identification:_identify(logs/2025-01-20-01-04-41-720866-e2c2a517fb71-920) by extension 'cmake'
[0.435s] Level 1:colcon.colcon_core.package_identification:_identify(logs/2025-01-20-01-04-41-720866-e2c2a517fb71-920) by extension 'python'
[0.435s] Level 1:colcon.colcon_core.package_identification:_identify(logs/2025-01-20-01-04-41-720866-e2c2a517fb71-920) by extensions ['python_setup_py']
[0.435s] Level 1:colcon.colcon_core.package_identification:_identify(logs/2025-01-20-01-04-41-720866-e2c2a517fb71-920) by extension 'python_setup_py'
[0.435s] Level 1:colcon.colcon_core.package_identification:_identify(logs/2025-01-20-01-09-57-508762-0613b6a6621a-1115) by extensions ['ignore', 'ignore_ament_install']
[0.436s] Level 1:colcon.colcon_core.package_identification:_identify(logs/2025-01-20-01-09-57-508762-0613b6a6621a-1115) by extension 'ignore'
[0.436s] Level 1:colcon.colcon_core.package_identification:_identify(logs/2025-01-20-01-09-57-508762-0613b6a6621a-1115) by extension 'ignore_ament_install'
[0.436s] Level 1:colcon.colcon_core.package_identification:_identify(logs/2025-01-20-01-09-57-508762-0613b6a6621a-1115) by extensions ['colcon_pkg']
[0.436s] Level 1:colcon.colcon_core.package_identification:_identify(logs/2025-01-20-01-09-57-508762-0613b6a6621a-1115) by extension 'colcon_pkg'
[0.436s] Level 1:colcon.colcon_core.package_identification:_identify(logs/2025-01-20-01-09-57-508762-0613b6a6621a-1115) by extensions ['colcon_meta']
[0.436s] Level 1:colcon.colcon_core.package_identification:_identify(logs/2025-01-20-01-09-57-508762-0613b6a6621a-1115) by extension 'colcon_meta'
[0.436s] Level 1:colcon.colcon_core.package_identification:_identify(logs/2025-01-20-01-09-57-508762-0613b6a6621a-1115) by extensions ['ros']
[0.436s] Level 1:colcon.colcon_core.package_identification:_identify(logs/2025-01-20-01-09-57-508762-0613b6a6621a-1115) by extension 'ros'
[0.436s] Level 1:colcon.colcon_core.package_identification:_identify(logs/2025-01-20-01-09-57-508762-0613b6a6621a-1115) by extensions ['cmake', 'python']
[0.436s] Level 1:colcon.colcon_core.package_identification:_identify(logs/2025-01-20-01-09-57-508762-0613b6a6621a-1115) by extension 'cmake'
[0.436s] Level 1:colcon.colcon_core.package_identification:_identify(logs/2025-01-20-01-09-57-508762-0613b6a6621a-1115) by extension 'python'
[0.436s] Level 1:colcon.colcon_core.package_identification:_identify(logs/2025-01-20-01-09-57-508762-0613b6a6621a-1115) by extensions ['python_setup_py']
[0.436s] Level 1:colcon.colcon_core.package_identification:_identify(logs/2025-01-20-01-09-57-508762-0613b6a6621a-1115) by extension 'python_setup_py'
[0.436s] Level 1:colcon.colcon_core.package_identification:_identify(logs/2025-01-20-01-13-37-764431-0613b6a6621a-3434) by extensions ['ignore', 'ignore_ament_install']
[0.436s] Level 1:colcon.colcon_core.package_identification:_identify(logs/2025-01-20-01-13-37-764431-0613b6a6621a-3434) by extension 'ignore'
[0.436s] Level 1:colcon.colcon_core.package_identification:_identify(logs/2025-01-20-01-13-37-764431-0613b6a6621a-3434) by extension 'ignore_ament_install'
[0.436s] Level 1:colcon.colcon_core.package_identification:_identify(logs/2025-01-20-01-13-37-764431-0613b6a6621a-3434) by extensions ['colcon_pkg']
[0.437s] Level 1:colcon.colcon_core.package_identification:_identify(logs/2025-01-20-01-13-37-764431-0613b6a6621a-3434) by extension 'colcon_pkg'
[0.437s] Level 1:colcon.colcon_core.package_identification:_identify(logs/2025-01-20-01-13-37-764431-0613b6a6621a-3434) by extensions ['colcon_meta']
[0.437s] Level 1:colcon.colcon_core.package_identification:_identify(logs/2025-01-20-01-13-37-764431-0613b6a6621a-3434) by extension 'colcon_meta'
[0.437s] Level 1:colcon.colcon_core.package_identification:_identify(logs/2025-01-20-01-13-37-764431-0613b6a6621a-3434) by extensions ['ros']
[0.437s] Level 1:colcon.colcon_core.package_identification:_identify(logs/2025-01-20-01-13-37-764431-0613b6a6621a-3434) by extension 'ros'
[0.437s] Level 1:colcon.colcon_core.package_identification:_identify(logs/2025-01-20-01-13-37-764431-0613b6a6621a-3434) by extensions ['cmake', 'python']
[0.437s] Level 1:colcon.colcon_core.package_identification:_identify(logs/2025-01-20-01-13-37-764431-0613b6a6621a-3434) by extension 'cmake'
[0.437s] Level 1:colcon.colcon_core.package_identification:_identify(logs/2025-01-20-01-13-37-764431-0613b6a6621a-3434) by extension 'python'
[0.437s] Level 1:colcon.colcon_core.package_identification:_identify(logs/2025-01-20-01-13-37-764431-0613b6a6621a-3434) by extensions ['python_setup_py']
[0.437s] Level 1:colcon.colcon_core.package_identification:_identify(logs/2025-01-20-01-13-37-764431-0613b6a6621a-3434) by extension 'python_setup_py'
[0.437s] Level 1:colcon.colcon_core.package_identification:_identify(logs/2025-01-20-01-15-36-690991-0613b6a6621a-4982) by extensions ['ignore', 'ignore_ament_install']
[0.437s] Level 1:colcon.colcon_core.package_identification:_identify(logs/2025-01-20-01-15-36-690991-0613b6a6621a-4982) by extension 'ignore'
[0.437s] Level 1:colcon.colcon_core.package_identification:_identify(logs/2025-01-20-01-15-36-690991-0613b6a6621a-4982) by extension 'ignore_ament_install'
[0.437s] Level 1:colcon.colcon_core.package_identification:_identify(logs/2025-01-20-01-15-36-690991-0613b6a6621a-4982) by extensions ['colcon_pkg']
[0.437s] Level 1:colcon.colcon_core.package_identification:_identify(logs/2025-01-20-01-15-36-690991-0613b6a6621a-4982) by extension 'colcon_pkg'
[0.437s] Level 1:colcon.colcon_core.package_identification:_identify(logs/2025-01-20-01-15-36-690991-0613b6a6621a-4982) by extensions ['colcon_meta']
[0.437s] Level 1:colcon.colcon_core.package_identification:_identify(logs/2025-01-20-01-15-36-690991-0613b6a6621a-4982) by extension 'colcon_meta'
[0.437s] Level 1:colcon.colcon_core.package_identification:_identify(logs/2025-01-20-01-15-36-690991-0613b6a6621a-4982) by extensions ['ros']
[0.437s] Level 1:colcon.colcon_core.package_identification:_identify(logs/2025-01-20-01-15-36-690991-0613b6a6621a-4982) by extension 'ros'
[0.437s] Level 1:colcon.colcon_core.package_identification:_identify(logs/2025-01-20-01-15-36-690991-0613b6a6621a-4982) by extensions ['cmake', 'python']
[0.437s] Level 1:colcon.colcon_core.package_identification:_identify(logs/2025-01-20-01-15-36-690991-0613b6a6621a-4982) by extension 'cmake'
[0.437s] Level 1:colcon.colcon_core.package_identification:_identify(logs/2025-01-20-01-15-36-690991-0613b6a6621a-4982) by extension 'python'
[0.437s] Level 1:colcon.colcon_core.package_identification:_identify(logs/2025-01-20-01-15-36-690991-0613b6a6621a-4982) by extensions ['python_setup_py']
[0.437s] Level 1:colcon.colcon_core.package_identification:_identify(logs/2025-01-20-01-15-36-690991-0613b6a6621a-4982) by extension 'python_setup_py'
[0.438s] Level 1:colcon.colcon_core.package_identification:_identify(logs/2025-01-20-01-42-20-126294-0613b6a6621a-19893) by extensions ['ignore', 'ignore_ament_install']
[0.438s] Level 1:colcon.colcon_core.package_identification:_identify(logs/2025-01-20-01-42-20-126294-0613b6a6621a-19893) by extension 'ignore'
[0.438s] Level 1:colcon.colcon_core.package_identification:_identify(logs/2025-01-20-01-42-20-126294-0613b6a6621a-19893) by extension 'ignore_ament_install'
[0.438s] Level 1:colcon.colcon_core.package_identification:_identify(logs/2025-01-20-01-42-20-126294-0613b6a6621a-19893) by extensions ['colcon_pkg']
[0.438s] Level 1:colcon.colcon_core.package_identification:_identify(logs/2025-01-20-01-42-20-126294-0613b6a6621a-19893) by extension 'colcon_pkg'
[0.438s] Level 1:colcon.colcon_core.package_identification:_identify(logs/2025-01-20-01-42-20-126294-0613b6a6621a-19893) by extensions ['colcon_meta']
[0.438s] Level 1:colcon.colcon_core.package_identification:_identify(logs/2025-01-20-01-42-20-126294-0613b6a6621a-19893) by extension 'colcon_meta'
[0.438s] Level 1:colcon.colcon_core.package_identification:_identify(logs/2025-01-20-01-42-20-126294-0613b6a6621a-19893) by extensions ['ros']
[0.438s] Level 1:colcon.colcon_core.package_identification:_identify(logs/2025-01-20-01-42-20-126294-0613b6a6621a-19893) by extension 'ros'
[0.438s] Level 1:colcon.colcon_core.package_identification:_identify(logs/2025-01-20-01-42-20-126294-0613b6a6621a-19893) by extensions ['cmake', 'python']
[0.438s] Level 1:colcon.colcon_core.package_identification:_identify(logs/2025-01-20-01-42-20-126294-0613b6a6621a-19893) by extension 'cmake'
[0.438s] Level 1:colcon.colcon_core.package_identification:_identify(logs/2025-01-20-01-42-20-126294-0613b6a6621a-19893) by extension 'python'
[0.438s] Level 1:colcon.colcon_core.package_identification:_identify(logs/2025-01-20-01-42-20-126294-0613b6a6621a-19893) by extensions ['python_setup_py']
[0.438s] Level 1:colcon.colcon_core.package_identification:_identify(logs/2025-01-20-01-42-20-126294-0613b6a6621a-19893) by extension 'python_setup_py'
[0.438s] Level 1:colcon.colcon_core.package_identification:_identify(logs/2025-01-20-01-47-56-476166-0613b6a6621a-23721) by extensions ['ignore', 'ignore_ament_install']
[0.438s] Level 1:colcon.colcon_core.package_identification:_identify(logs/2025-01-20-01-47-56-476166-0613b6a6621a-23721) by extension 'ignore'
[0.438s] Level 1:colcon.colcon_core.package_identification:_identify(logs/2025-01-20-01-47-56-476166-0613b6a6621a-23721) by extension 'ignore_ament_install'
[0.438s] Level 1:colcon.colcon_core.package_identification:_identify(logs/2025-01-20-01-47-56-476166-0613b6a6621a-23721) by extensions ['colcon_pkg']
[0.438s] Level 1:colcon.colcon_core.package_identification:_identify(logs/2025-01-20-01-47-56-476166-0613b6a6621a-23721) by extension 'colcon_pkg'
[0.438s] Level 1:colcon.colcon_core.package_identification:_identify(logs/2025-01-20-01-47-56-476166-0613b6a6621a-23721) by extensions ['colcon_meta']
[0.438s] Level 1:colcon.colcon_core.package_identification:_identify(logs/2025-01-20-01-47-56-476166-0613b6a6621a-23721) by extension 'colcon_meta'
[0.438s] Level 1:colcon.colcon_core.package_identification:_identify(logs/2025-01-20-01-47-56-476166-0613b6a6621a-23721) by extensions ['ros']
[0.438s] Level 1:colcon.colcon_core.package_identification:_identify(logs/2025-01-20-01-47-56-476166-0613b6a6621a-23721) by extension 'ros'
[0.439s] Level 1:colcon.colcon_core.package_identification:_identify(logs/2025-01-20-01-47-56-476166-0613b6a6621a-23721) by extensions ['cmake', 'python']
[0.439s] Level 1:colcon.colcon_core.package_identification:_identify(logs/2025-01-20-01-47-56-476166-0613b6a6621a-23721) by extension 'cmake'
[0.439s] Level 1:colcon.colcon_core.package_identification:_identify(logs/2025-01-20-01-47-56-476166-0613b6a6621a-23721) by extension 'python'
[0.439s] Level 1:colcon.colcon_core.package_identification:_identify(logs/2025-01-20-01-47-56-476166-0613b6a6621a-23721) by extensions ['python_setup_py']
[0.439s] Level 1:colcon.colcon_core.package_identification:_identify(logs/2025-01-20-01-47-56-476166-0613b6a6621a-23721) by extension 'python_setup_py'
[0.439s] Level 1:colcon.colcon_core.package_identification:_identify(logs/2025-01-20-01-49-30-982999-0613b6a6621a-24608) by extensions ['ignore', 'ignore_ament_install']
[0.439s] Level 1:colcon.colcon_core.package_identification:_identify(logs/2025-01-20-01-49-30-982999-0613b6a6621a-24608) by extension 'ignore'
[0.439s] Level 1:colcon.colcon_core.package_identification:_identify(logs/2025-01-20-01-49-30-982999-0613b6a6621a-24608) by extension 'ignore_ament_install'
[0.439s] Level 1:colcon.colcon_core.package_identification:_identify(logs/2025-01-20-01-49-30-982999-0613b6a6621a-24608) by extensions ['colcon_pkg']
[0.439s] Level 1:colcon.colcon_core.package_identification:_identify(logs/2025-01-20-01-49-30-982999-0613b6a6621a-24608) by extension 'colcon_pkg'
[0.439s] Level 1:colcon.colcon_core.package_identification:_identify(logs/2025-01-20-01-49-30-982999-0613b6a6621a-24608) by extensions ['colcon_meta']
[0.439s] Level 1:colcon.colcon_core.package_identification:_identify(logs/2025-01-20-01-49-30-982999-0613b6a6621a-24608) by extension 'colcon_meta'
[0.439s] Level 1:colcon.colcon_core.package_identification:_identify(logs/2025-01-20-01-49-30-982999-0613b6a6621a-24608) by extensions ['ros']
[0.439s] Level 1:colcon.colcon_core.package_identification:_identify(logs/2025-01-20-01-49-30-982999-0613b6a6621a-24608) by extension 'ros'
[0.439s] Level 1:colcon.colcon_core.package_identification:_identify(logs/2025-01-20-01-49-30-982999-0613b6a6621a-24608) by extensions ['cmake', 'python']
[0.439s] Level 1:colcon.colcon_core.package_identification:_identify(logs/2025-01-20-01-49-30-982999-0613b6a6621a-24608) by extension 'cmake'
[0.439s] Level 1:colcon.colcon_core.package_identification:_identify(logs/2025-01-20-01-49-30-982999-0613b6a6621a-24608) by extension 'python'
[0.439s] Level 1:colcon.colcon_core.package_identification:_identify(logs/2025-01-20-01-49-30-982999-0613b6a6621a-24608) by extensions ['python_setup_py']
[0.439s] Level 1:colcon.colcon_core.package_identification:_identify(logs/2025-01-20-01-49-30-982999-0613b6a6621a-24608) by extension 'python_setup_py'
[0.439s] Level 1:colcon.colcon_core.package_identification:_identify(logs/2025-01-20-01-58-57-221797-0613b6a6621a-30485) by extensions ['ignore', 'ignore_ament_install']
[0.439s] Level 1:colcon.colcon_core.package_identification:_identify(logs/2025-01-20-01-58-57-221797-0613b6a6621a-30485) by extension 'ignore'
[0.440s] Level 1:colcon.colcon_core.package_identification:_identify(logs/2025-01-20-01-58-57-221797-0613b6a6621a-30485) by extension 'ignore_ament_install'
[0.440s] Level 1:colcon.colcon_core.package_identification:_identify(logs/2025-01-20-01-58-57-221797-0613b6a6621a-30485) by extensions ['colcon_pkg']
[0.440s] Level 1:colcon.colcon_core.package_identification:_identify(logs/2025-01-20-01-58-57-221797-0613b6a6621a-30485) by extension 'colcon_pkg'
[0.440s] Level 1:colcon.colcon_core.package_identification:_identify(logs/2025-01-20-01-58-57-221797-0613b6a6621a-30485) by extensions ['colcon_meta']
[0.440s] Level 1:colcon.colcon_core.package_identification:_identify(logs/2025-01-20-01-58-57-221797-0613b6a6621a-30485) by extension 'colcon_meta'
[0.440s] Level 1:colcon.colcon_core.package_identification:_identify(logs/2025-01-20-01-58-57-221797-0613b6a6621a-30485) by extensions ['ros']
[0.440s] Level 1:colcon.colcon_core.package_identification:_identify(logs/2025-01-20-01-58-57-221797-0613b6a6621a-30485) by extension 'ros'
[0.440s] Level 1:colcon.colcon_core.package_identification:_identify(logs/2025-01-20-01-58-57-221797-0613b6a6621a-30485) by extensions ['cmake', 'python']
[0.440s] Level 1:colcon.colcon_core.package_identification:_identify(logs/2025-01-20-01-58-57-221797-0613b6a6621a-30485) by extension 'cmake'
[0.440s] Level 1:colcon.colcon_core.package_identification:_identify(logs/2025-01-20-01-58-57-221797-0613b6a6621a-30485) by extension 'python'
[0.440s] Level 1:colcon.colcon_core.package_identification:_identify(logs/2025-01-20-01-58-57-221797-0613b6a6621a-30485) by extensions ['python_setup_py']
[0.440s] Level 1:colcon.colcon_core.package_identification:_identify(logs/2025-01-20-01-58-57-221797-0613b6a6621a-30485) by extension 'python_setup_py'
[0.440s] Level 1:colcon.colcon_core.package_identification:_identify(logs/2025-01-20-01-59-23-763285-0613b6a6621a-30948) by extensions ['ignore', 'ignore_ament_install']
[0.440s] Level 1:colcon.colcon_core.package_identification:_identify(logs/2025-01-20-01-59-23-763285-0613b6a6621a-30948) by extension 'ignore'
[0.440s] Level 1:colcon.colcon_core.package_identification:_identify(logs/2025-01-20-01-59-23-763285-0613b6a6621a-30948) by extension 'ignore_ament_install'
[0.440s] Level 1:colcon.colcon_core.package_identification:_identify(logs/2025-01-20-01-59-23-763285-0613b6a6621a-30948) by extensions ['colcon_pkg']
[0.440s] Level 1:colcon.colcon_core.package_identification:_identify(logs/2025-01-20-01-59-23-763285-0613b6a6621a-30948) by extension 'colcon_pkg'
[0.440s] Level 1:colcon.colcon_core.package_identification:_identify(logs/2025-01-20-01-59-23-763285-0613b6a6621a-30948) by extensions ['colcon_meta']
[0.440s] Level 1:colcon.colcon_core.package_identification:_identify(logs/2025-01-20-01-59-23-763285-0613b6a6621a-30948) by extension 'colcon_meta'
[0.440s] Level 1:colcon.colcon_core.package_identification:_identify(logs/2025-01-20-01-59-23-763285-0613b6a6621a-30948) by extensions ['ros']
[0.440s] Level 1:colcon.colcon_core.package_identification:_identify(logs/2025-01-20-01-59-23-763285-0613b6a6621a-30948) by extension 'ros'
[0.441s] Level 1:colcon.colcon_core.package_identification:_identify(logs/2025-01-20-01-59-23-763285-0613b6a6621a-30948) by extensions ['cmake', 'python']
[0.441s] Level 1:colcon.colcon_core.package_identification:_identify(logs/2025-01-20-01-59-23-763285-0613b6a6621a-30948) by extension 'cmake'
[0.441s] Level 1:colcon.colcon_core.package_identification:_identify(logs/2025-01-20-01-59-23-763285-0613b6a6621a-30948) by extension 'python'
[0.441s] Level 1:colcon.colcon_core.package_identification:_identify(logs/2025-01-20-01-59-23-763285-0613b6a6621a-30948) by extensions ['python_setup_py']
[0.441s] Level 1:colcon.colcon_core.package_identification:_identify(logs/2025-01-20-01-59-23-763285-0613b6a6621a-30948) by extension 'python_setup_py'
[0.441s] Level 1:colcon.colcon_core.package_identification:_identify(logs/2025-01-20-02-07-06-633743-0613b6a6621a-35780) by extensions ['ignore', 'ignore_ament_install']
[0.441s] Level 1:colcon.colcon_core.package_identification:_identify(logs/2025-01-20-02-07-06-633743-0613b6a6621a-35780) by extension 'ignore'
[0.441s] Level 1:colcon.colcon_core.package_identification:_identify(logs/2025-01-20-02-07-06-633743-0613b6a6621a-35780) by extension 'ignore_ament_install'
[0.441s] Level 1:colcon.colcon_core.package_identification:_identify(logs/2025-01-20-02-07-06-633743-0613b6a6621a-35780) by extensions ['colcon_pkg']
[0.441s] Level 1:colcon.colcon_core.package_identification:_identify(logs/2025-01-20-02-07-06-633743-0613b6a6621a-35780) by extension 'colcon_pkg'
[0.441s] Level 1:colcon.colcon_core.package_identification:_identify(logs/2025-01-20-02-07-06-633743-0613b6a6621a-35780) by extensions ['colcon_meta']
[0.441s] Level 1:colcon.colcon_core.package_identification:_identify(logs/2025-01-20-02-07-06-633743-0613b6a6621a-35780) by extension 'colcon_meta'
[0.441s] Level 1:colcon.colcon_core.package_identification:_identify(logs/2025-01-20-02-07-06-633743-0613b6a6621a-35780) by extensions ['ros']
[0.441s] Level 1:colcon.colcon_core.package_identification:_identify(logs/2025-01-20-02-07-06-633743-0613b6a6621a-35780) by extension 'ros'
[0.441s] Level 1:colcon.colcon_core.package_identification:_identify(logs/2025-01-20-02-07-06-633743-0613b6a6621a-35780) by extensions ['cmake', 'python']
[0.441s] Level 1:colcon.colcon_core.package_identification:_identify(logs/2025-01-20-02-07-06-633743-0613b6a6621a-35780) by extension 'cmake'
[0.441s] Level 1:colcon.colcon_core.package_identification:_identify(logs/2025-01-20-02-07-06-633743-0613b6a6621a-35780) by extension 'python'
[0.441s] Level 1:colcon.colcon_core.package_identification:_identify(logs/2025-01-20-02-07-06-633743-0613b6a6621a-35780) by extensions ['python_setup_py']
[0.441s] Level 1:colcon.colcon_core.package_identification:_identify(logs/2025-01-20-02-07-06-633743-0613b6a6621a-35780) by extension 'python_setup_py'
[0.442s] Level 1:colcon.colcon_core.package_identification:_identify(logs/2025-01-20-02-08-59-332891-0613b6a6621a-37368) by extensions ['ignore', 'ignore_ament_install']
[0.442s] Level 1:colcon.colcon_core.package_identification:_identify(logs/2025-01-20-02-08-59-332891-0613b6a6621a-37368) by extension 'ignore'
[0.442s] Level 1:colcon.colcon_core.package_identification:_identify(logs/2025-01-20-02-08-59-332891-0613b6a6621a-37368) by extension 'ignore_ament_install'
[0.442s] Level 1:colcon.colcon_core.package_identification:_identify(logs/2025-01-20-02-08-59-332891-0613b6a6621a-37368) by extensions ['colcon_pkg']
[0.442s] Level 1:colcon.colcon_core.package_identification:_identify(logs/2025-01-20-02-08-59-332891-0613b6a6621a-37368) by extension 'colcon_pkg'
[0.442s] Level 1:colcon.colcon_core.package_identification:_identify(logs/2025-01-20-02-08-59-332891-0613b6a6621a-37368) by extensions ['colcon_meta']
[0.442s] Level 1:colcon.colcon_core.package_identification:_identify(logs/2025-01-20-02-08-59-332891-0613b6a6621a-37368) by extension 'colcon_meta'
[0.442s] Level 1:colcon.colcon_core.package_identification:_identify(logs/2025-01-20-02-08-59-332891-0613b6a6621a-37368) by extensions ['ros']
[0.442s] Level 1:colcon.colcon_core.package_identification:_identify(logs/2025-01-20-02-08-59-332891-0613b6a6621a-37368) by extension 'ros'
[0.442s] Level 1:colcon.colcon_core.package_identification:_identify(logs/2025-01-20-02-08-59-332891-0613b6a6621a-37368) by extensions ['cmake', 'python']
[0.442s] Level 1:colcon.colcon_core.package_identification:_identify(logs/2025-01-20-02-08-59-332891-0613b6a6621a-37368) by extension 'cmake'
[0.442s] Level 1:colcon.colcon_core.package_identification:_identify(logs/2025-01-20-02-08-59-332891-0613b6a6621a-37368) by extension 'python'
[0.442s] Level 1:colcon.colcon_core.package_identification:_identify(logs/2025-01-20-02-08-59-332891-0613b6a6621a-37368) by extensions ['python_setup_py']
[0.442s] Level 1:colcon.colcon_core.package_identification:_identify(logs/2025-01-20-02-08-59-332891-0613b6a6621a-37368) by extension 'python_setup_py'
[0.442s] Level 1:colcon.colcon_core.package_identification:_identify(logs/2025-01-20-02-11-41-889548-0613b6a6621a-39757) by extensions ['ignore', 'ignore_ament_install']
[0.442s] Level 1:colcon.colcon_core.package_identification:_identify(logs/2025-01-20-02-11-41-889548-0613b6a6621a-39757) by extension 'ignore'
[0.442s] Level 1:colcon.colcon_core.package_identification:_identify(logs/2025-01-20-02-11-41-889548-0613b6a6621a-39757) by extension 'ignore_ament_install'
[0.442s] Level 1:colcon.colcon_core.package_identification:_identify(logs/2025-01-20-02-11-41-889548-0613b6a6621a-39757) by extensions ['colcon_pkg']
[0.442s] Level 1:colcon.colcon_core.package_identification:_identify(logs/2025-01-20-02-11-41-889548-0613b6a6621a-39757) by extension 'colcon_pkg'
[0.442s] Level 1:colcon.colcon_core.package_identification:_identify(logs/2025-01-20-02-11-41-889548-0613b6a6621a-39757) by extensions ['colcon_meta']
[0.443s] Level 1:colcon.colcon_core.package_identification:_identify(logs/2025-01-20-02-11-41-889548-0613b6a6621a-39757) by extension 'colcon_meta'
[0.443s] Level 1:colcon.colcon_core.package_identification:_identify(logs/2025-01-20-02-11-41-889548-0613b6a6621a-39757) by extensions ['ros']
[0.443s] Level 1:colcon.colcon_core.package_identification:_identify(logs/2025-01-20-02-11-41-889548-0613b6a6621a-39757) by extension 'ros'
[0.443s] Level 1:colcon.colcon_core.package_identification:_identify(logs/2025-01-20-02-11-41-889548-0613b6a6621a-39757) by extensions ['cmake', 'python']
[0.443s] Level 1:colcon.colcon_core.package_identification:_identify(logs/2025-01-20-02-11-41-889548-0613b6a6621a-39757) by extension 'cmake'
[0.443s] Level 1:colcon.colcon_core.package_identification:_identify(logs/2025-01-20-02-11-41-889548-0613b6a6621a-39757) by extension 'python'
[0.443s] Level 1:colcon.colcon_core.package_identification:_identify(logs/2025-01-20-02-11-41-889548-0613b6a6621a-39757) by extensions ['python_setup_py']
[0.443s] Level 1:colcon.colcon_core.package_identification:_identify(logs/2025-01-20-02-11-41-889548-0613b6a6621a-39757) by extension 'python_setup_py'
[0.443s] Level 1:colcon.colcon_core.package_identification:_identify(logs/2025-01-20-02-17-29-136048-0613b6a6621a-43553) by extensions ['ignore', 'ignore_ament_install']
[0.443s] Level 1:colcon.colcon_core.package_identification:_identify(logs/2025-01-20-02-17-29-136048-0613b6a6621a-43553) by extension 'ignore'
[0.443s] Level 1:colcon.colcon_core.package_identification:_identify(logs/2025-01-20-02-17-29-136048-0613b6a6621a-43553) by extension 'ignore_ament_install'
[0.443s] Level 1:colcon.colcon_core.package_identification:_identify(logs/2025-01-20-02-17-29-136048-0613b6a6621a-43553) by extensions ['colcon_pkg']
[0.443s] Level 1:colcon.colcon_core.package_identification:_identify(logs/2025-01-20-02-17-29-136048-0613b6a6621a-43553) by extension 'colcon_pkg'
[0.443s] Level 1:colcon.colcon_core.package_identification:_identify(logs/2025-01-20-02-17-29-136048-0613b6a6621a-43553) by extensions ['colcon_meta']
[0.443s] Level 1:colcon.colcon_core.package_identification:_identify(logs/2025-01-20-02-17-29-136048-0613b6a6621a-43553) by extension 'colcon_meta'
[0.443s] Level 1:colcon.colcon_core.package_identification:_identify(logs/2025-01-20-02-17-29-136048-0613b6a6621a-43553) by extensions ['ros']
[0.443s] Level 1:colcon.colcon_core.package_identification:_identify(logs/2025-01-20-02-17-29-136048-0613b6a6621a-43553) by extension 'ros'
[0.443s] Level 1:colcon.colcon_core.package_identification:_identify(logs/2025-01-20-02-17-29-136048-0613b6a6621a-43553) by extensions ['cmake', 'python']
[0.443s] Level 1:colcon.colcon_core.package_identification:_identify(logs/2025-01-20-02-17-29-136048-0613b6a6621a-43553) by extension 'cmake'
[0.443s] Level 1:colcon.colcon_core.package_identification:_identify(logs/2025-01-20-02-17-29-136048-0613b6a6621a-43553) by extension 'python'
[0.443s] Level 1:colcon.colcon_core.package_identification:_identify(logs/2025-01-20-02-17-29-136048-0613b6a6621a-43553) by extensions ['python_setup_py']
[0.443s] Level 1:colcon.colcon_core.package_identification:_identify(logs/2025-01-20-02-17-29-136048-0613b6a6621a-43553) by extension 'python_setup_py'
[0.444s] Level 1:colcon.colcon_core.package_identification:_identify(logs/2025-01-20-02-23-55-355803-0613b6a6621a-47689) by extensions ['ignore', 'ignore_ament_install']
[0.444s] Level 1:colcon.colcon_core.package_identification:_identify(logs/2025-01-20-02-23-55-355803-0613b6a6621a-47689) by extension 'ignore'
[0.444s] Level 1:colcon.colcon_core.package_identification:_identify(logs/2025-01-20-02-23-55-355803-0613b6a6621a-47689) by extension 'ignore_ament_install'
[0.444s] Level 1:colcon.colcon_core.package_identification:_identify(logs/2025-01-20-02-23-55-355803-0613b6a6621a-47689) by extensions ['colcon_pkg']
[0.444s] Level 1:colcon.colcon_core.package_identification:_identify(logs/2025-01-20-02-23-55-355803-0613b6a6621a-47689) by extension 'colcon_pkg'
[0.444s] Level 1:colcon.colcon_core.package_identification:_identify(logs/2025-01-20-02-23-55-355803-0613b6a6621a-47689) by extensions ['colcon_meta']
[0.444s] Level 1:colcon.colcon_core.package_identification:_identify(logs/2025-01-20-02-23-55-355803-0613b6a6621a-47689) by extension 'colcon_meta'
[0.444s] Level 1:colcon.colcon_core.package_identification:_identify(logs/2025-01-20-02-23-55-355803-0613b6a6621a-47689) by extensions ['ros']
[0.444s] Level 1:colcon.colcon_core.package_identification:_identify(logs/2025-01-20-02-23-55-355803-0613b6a6621a-47689) by extension 'ros'
[0.444s] Level 1:colcon.colcon_core.package_identification:_identify(logs/2025-01-20-02-23-55-355803-0613b6a6621a-47689) by extensions ['cmake', 'python']
[0.444s] Level 1:colcon.colcon_core.package_identification:_identify(logs/2025-01-20-02-23-55-355803-0613b6a6621a-47689) by extension 'cmake'
[0.444s] Level 1:colcon.colcon_core.package_identification:_identify(logs/2025-01-20-02-23-55-355803-0613b6a6621a-47689) by extension 'python'
[0.444s] Level 1:colcon.colcon_core.package_identification:_identify(logs/2025-01-20-02-23-55-355803-0613b6a6621a-47689) by extensions ['python_setup_py']
[0.444s] Level 1:colcon.colcon_core.package_identification:_identify(logs/2025-01-20-02-23-55-355803-0613b6a6621a-47689) by extension 'python_setup_py'
[0.444s] Level 1:colcon.colcon_core.package_identification:_identify(logs/2025-01-20-02-24-45-078405-0613b6a6621a-48428) by extensions ['ignore', 'ignore_ament_install']
[0.444s] Level 1:colcon.colcon_core.package_identification:_identify(logs/2025-01-20-02-24-45-078405-0613b6a6621a-48428) by extension 'ignore'
[0.444s] Level 1:colcon.colcon_core.package_identification:_identify(logs/2025-01-20-02-24-45-078405-0613b6a6621a-48428) by extension 'ignore_ament_install'
[0.444s] Level 1:colcon.colcon_core.package_identification:_identify(logs/2025-01-20-02-24-45-078405-0613b6a6621a-48428) by extensions ['colcon_pkg']
[0.444s] Level 1:colcon.colcon_core.package_identification:_identify(logs/2025-01-20-02-24-45-078405-0613b6a6621a-48428) by extension 'colcon_pkg'
[0.444s] Level 1:colcon.colcon_core.package_identification:_identify(logs/2025-01-20-02-24-45-078405-0613b6a6621a-48428) by extensions ['colcon_meta']
[0.444s] Level 1:colcon.colcon_core.package_identification:_identify(logs/2025-01-20-02-24-45-078405-0613b6a6621a-48428) by extension 'colcon_meta'
[0.444s] Level 1:colcon.colcon_core.package_identification:_identify(logs/2025-01-20-02-24-45-078405-0613b6a6621a-48428) by extensions ['ros']
[0.444s] Level 1:colcon.colcon_core.package_identification:_identify(logs/2025-01-20-02-24-45-078405-0613b6a6621a-48428) by extension 'ros'
[0.445s] Level 1:colcon.colcon_core.package_identification:_identify(logs/2025-01-20-02-24-45-078405-0613b6a6621a-48428) by extensions ['cmake', 'python']
[0.445s] Level 1:colcon.colcon_core.package_identification:_identify(logs/2025-01-20-02-24-45-078405-0613b6a6621a-48428) by extension 'cmake'
[0.445s] Level 1:colcon.colcon_core.package_identification:_identify(logs/2025-01-20-02-24-45-078405-0613b6a6621a-48428) by extension 'python'
[0.445s] Level 1:colcon.colcon_core.package_identification:_identify(logs/2025-01-20-02-24-45-078405-0613b6a6621a-48428) by extensions ['python_setup_py']
[0.445s] Level 1:colcon.colcon_core.package_identification:_identify(logs/2025-01-20-02-24-45-078405-0613b6a6621a-48428) by extension 'python_setup_py'
[0.445s] Level 1:colcon.colcon_core.package_identification:_identify(logs/2025-01-20-19-01-48-691685-ce4368b3e964-82) by extensions ['ignore', 'ignore_ament_install']
[0.445s] Level 1:colcon.colcon_core.package_identification:_identify(logs/2025-01-20-19-01-48-691685-ce4368b3e964-82) by extension 'ignore'
[0.445s] Level 1:colcon.colcon_core.package_identification:_identify(logs/2025-01-20-19-01-48-691685-ce4368b3e964-82) by extension 'ignore_ament_install'
[0.445s] Level 1:colcon.colcon_core.package_identification:_identify(logs/2025-01-20-19-01-48-691685-ce4368b3e964-82) by extensions ['colcon_pkg']
[0.445s] Level 1:colcon.colcon_core.package_identification:_identify(logs/2025-01-20-19-01-48-691685-ce4368b3e964-82) by extension 'colcon_pkg'
[0.445s] Level 1:colcon.colcon_core.package_identification:_identify(logs/2025-01-20-19-01-48-691685-ce4368b3e964-82) by extensions ['colcon_meta']
[0.445s] Level 1:colcon.colcon_core.package_identification:_identify(logs/2025-01-20-19-01-48-691685-ce4368b3e964-82) by extension 'colcon_meta'
[0.445s] Level 1:colcon.colcon_core.package_identification:_identify(logs/2025-01-20-19-01-48-691685-ce4368b3e964-82) by extensions ['ros']
[0.445s] Level 1:colcon.colcon_core.package_identification:_identify(logs/2025-01-20-19-01-48-691685-ce4368b3e964-82) by extension 'ros'
[0.445s] Level 1:colcon.colcon_core.package_identification:_identify(logs/2025-01-20-19-01-48-691685-ce4368b3e964-82) by extensions ['cmake', 'python']
[0.445s] Level 1:colcon.colcon_core.package_identification:_identify(logs/2025-01-20-19-01-48-691685-ce4368b3e964-82) by extension 'cmake'
[0.445s] Level 1:colcon.colcon_core.package_identification:_identify(logs/2025-01-20-19-01-48-691685-ce4368b3e964-82) by extension 'python'
[0.445s] Level 1:colcon.colcon_core.package_identification:_identify(logs/2025-01-20-19-01-48-691685-ce4368b3e964-82) by extensions ['python_setup_py']
[0.445s] Level 1:colcon.colcon_core.package_identification:_identify(logs/2025-01-20-19-01-48-691685-ce4368b3e964-82) by extension 'python_setup_py'
[0.445s] Level 1:colcon.colcon_core.package_identification:_identify(logs/2025-01-20-19-02-04-335754-ce4368b3e964-280) by extensions ['ignore', 'ignore_ament_install']
[0.445s] Level 1:colcon.colcon_core.package_identification:_identify(logs/2025-01-20-19-02-04-335754-ce4368b3e964-280) by extension 'ignore'
[0.445s] Level 1:colcon.colcon_core.package_identification:_identify(logs/2025-01-20-19-02-04-335754-ce4368b3e964-280) by extension 'ignore_ament_install'
[0.446s] Level 1:colcon.colcon_core.package_identification:_identify(logs/2025-01-20-19-02-04-335754-ce4368b3e964-280) by extensions ['colcon_pkg']
[0.446s] Level 1:colcon.colcon_core.package_identification:_identify(logs/2025-01-20-19-02-04-335754-ce4368b3e964-280) by extension 'colcon_pkg'
[0.446s] Level 1:colcon.colcon_core.package_identification:_identify(logs/2025-01-20-19-02-04-335754-ce4368b3e964-280) by extensions ['colcon_meta']
[0.446s] Level 1:colcon.colcon_core.package_identification:_identify(logs/2025-01-20-19-02-04-335754-ce4368b3e964-280) by extension 'colcon_meta'
[0.446s] Level 1:colcon.colcon_core.package_identification:_identify(logs/2025-01-20-19-02-04-335754-ce4368b3e964-280) by extensions ['ros']
[0.446s] Level 1:colcon.colcon_core.package_identification:_identify(logs/2025-01-20-19-02-04-335754-ce4368b3e964-280) by extension 'ros'
[0.446s] Level 1:colcon.colcon_core.package_identification:_identify(logs/2025-01-20-19-02-04-335754-ce4368b3e964-280) by extensions ['cmake', 'python']
[0.446s] Level 1:colcon.colcon_core.package_identification:_identify(logs/2025-01-20-19-02-04-335754-ce4368b3e964-280) by extension 'cmake'
[0.446s] Level 1:colcon.colcon_core.package_identification:_identify(logs/2025-01-20-19-02-04-335754-ce4368b3e964-280) by extension 'python'
[0.446s] Level 1:colcon.colcon_core.package_identification:_identify(logs/2025-01-20-19-02-04-335754-ce4368b3e964-280) by extensions ['python_setup_py']
[0.446s] Level 1:colcon.colcon_core.package_identification:_identify(logs/2025-01-20-19-02-04-335754-ce4368b3e964-280) by extension 'python_setup_py'
[0.446s] Level 1:colcon.colcon_core.package_identification:_identify(logs/2025-01-20-19-02-16-912196-ce4368b3e964-460) by extensions ['ignore', 'ignore_ament_install']
[0.446s] Level 1:colcon.colcon_core.package_identification:_identify(logs/2025-01-20-19-02-16-912196-ce4368b3e964-460) by extension 'ignore'
[0.446s] Level 1:colcon.colcon_core.package_identification:_identify(logs/2025-01-20-19-02-16-912196-ce4368b3e964-460) by extension 'ignore_ament_install'
[0.446s] Level 1:colcon.colcon_core.package_identification:_identify(logs/2025-01-20-19-02-16-912196-ce4368b3e964-460) by extensions ['colcon_pkg']
[0.446s] Level 1:colcon.colcon_core.package_identification:_identify(logs/2025-01-20-19-02-16-912196-ce4368b3e964-460) by extension 'colcon_pkg'
[0.446s] Level 1:colcon.colcon_core.package_identification:_identify(logs/2025-01-20-19-02-16-912196-ce4368b3e964-460) by extensions ['colcon_meta']
[0.446s] Level 1:colcon.colcon_core.package_identification:_identify(logs/2025-01-20-19-02-16-912196-ce4368b3e964-460) by extension 'colcon_meta'
[0.446s] Level 1:colcon.colcon_core.package_identification:_identify(logs/2025-01-20-19-02-16-912196-ce4368b3e964-460) by extensions ['ros']
[0.446s] Level 1:colcon.colcon_core.package_identification:_identify(logs/2025-01-20-19-02-16-912196-ce4368b3e964-460) by extension 'ros'
[0.446s] Level 1:colcon.colcon_core.package_identification:_identify(logs/2025-01-20-19-02-16-912196-ce4368b3e964-460) by extensions ['cmake', 'python']
[0.446s] Level 1:colcon.colcon_core.package_identification:_identify(logs/2025-01-20-19-02-16-912196-ce4368b3e964-460) by extension 'cmake'
[0.446s] Level 1:colcon.colcon_core.package_identification:_identify(logs/2025-01-20-19-02-16-912196-ce4368b3e964-460) by extension 'python'
[0.447s] Level 1:colcon.colcon_core.package_identification:_identify(logs/2025-01-20-19-02-16-912196-ce4368b3e964-460) by extensions ['python_setup_py']
[0.447s] Level 1:colcon.colcon_core.package_identification:_identify(logs/2025-01-20-19-02-16-912196-ce4368b3e964-460) by extension 'python_setup_py'
[0.447s] Level 1:colcon.colcon_core.package_identification:_identify(logs/2025-01-20-19-02-45-859625-ce4368b3e964-696) by extensions ['ignore', 'ignore_ament_install']
[0.447s] Level 1:colcon.colcon_core.package_identification:_identify(logs/2025-01-20-19-02-45-859625-ce4368b3e964-696) by extension 'ignore'
[0.447s] Level 1:colcon.colcon_core.package_identification:_identify(logs/2025-01-20-19-02-45-859625-ce4368b3e964-696) by extension 'ignore_ament_install'
[0.447s] Level 1:colcon.colcon_core.package_identification:_identify(logs/2025-01-20-19-02-45-859625-ce4368b3e964-696) by extensions ['colcon_pkg']
[0.447s] Level 1:colcon.colcon_core.package_identification:_identify(logs/2025-01-20-19-02-45-859625-ce4368b3e964-696) by extension 'colcon_pkg'
[0.447s] Level 1:colcon.colcon_core.package_identification:_identify(logs/2025-01-20-19-02-45-859625-ce4368b3e964-696) by extensions ['colcon_meta']
[0.447s] Level 1:colcon.colcon_core.package_identification:_identify(logs/2025-01-20-19-02-45-859625-ce4368b3e964-696) by extension 'colcon_meta'
[0.447s] Level 1:colcon.colcon_core.package_identification:_identify(logs/2025-01-20-19-02-45-859625-ce4368b3e964-696) by extensions ['ros']
[0.447s] Level 1:colcon.colcon_core.package_identification:_identify(logs/2025-01-20-19-02-45-859625-ce4368b3e964-696) by extension 'ros'
[0.447s] Level 1:colcon.colcon_core.package_identification:_identify(logs/2025-01-20-19-02-45-859625-ce4368b3e964-696) by extensions ['cmake', 'python']
[0.447s] Level 1:colcon.colcon_core.package_identification:_identify(logs/2025-01-20-19-02-45-859625-ce4368b3e964-696) by extension 'cmake'
[0.447s] Level 1:colcon.colcon_core.package_identification:_identify(logs/2025-01-20-19-02-45-859625-ce4368b3e964-696) by extension 'python'
[0.447s] Level 1:colcon.colcon_core.package_identification:_identify(logs/2025-01-20-19-02-45-859625-ce4368b3e964-696) by extensions ['python_setup_py']
[0.447s] Level 1:colcon.colcon_core.package_identification:_identify(logs/2025-01-20-19-02-45-859625-ce4368b3e964-696) by extension 'python_setup_py'
[0.447s] Level 1:colcon.colcon_core.package_identification:_identify(logs/2025-01-20-19-03-55-797730-ce4368b3e964-1074) by extensions ['ignore', 'ignore_ament_install']
[0.447s] Level 1:colcon.colcon_core.package_identification:_identify(logs/2025-01-20-19-03-55-797730-ce4368b3e964-1074) by extension 'ignore'
[0.447s] Level 1:colcon.colcon_core.package_identification:_identify(logs/2025-01-20-19-03-55-797730-ce4368b3e964-1074) by extension 'ignore_ament_install'
[0.447s] Level 1:colcon.colcon_core.package_identification:_identify(logs/2025-01-20-19-03-55-797730-ce4368b3e964-1074) by extensions ['colcon_pkg']
[0.447s] Level 1:colcon.colcon_core.package_identification:_identify(logs/2025-01-20-19-03-55-797730-ce4368b3e964-1074) by extension 'colcon_pkg'
[0.447s] Level 1:colcon.colcon_core.package_identification:_identify(logs/2025-01-20-19-03-55-797730-ce4368b3e964-1074) by extensions ['colcon_meta']
[0.448s] Level 1:colcon.colcon_core.package_identification:_identify(logs/2025-01-20-19-03-55-797730-ce4368b3e964-1074) by extension 'colcon_meta'
[0.448s] Level 1:colcon.colcon_core.package_identification:_identify(logs/2025-01-20-19-03-55-797730-ce4368b3e964-1074) by extensions ['ros']
[0.448s] Level 1:colcon.colcon_core.package_identification:_identify(logs/2025-01-20-19-03-55-797730-ce4368b3e964-1074) by extension 'ros'
[0.448s] Level 1:colcon.colcon_core.package_identification:_identify(logs/2025-01-20-19-03-55-797730-ce4368b3e964-1074) by extensions ['cmake', 'python']
[0.448s] Level 1:colcon.colcon_core.package_identification:_identify(logs/2025-01-20-19-03-55-797730-ce4368b3e964-1074) by extension 'cmake'
[0.448s] Level 1:colcon.colcon_core.package_identification:_identify(logs/2025-01-20-19-03-55-797730-ce4368b3e964-1074) by extension 'python'
[0.448s] Level 1:colcon.colcon_core.package_identification:_identify(logs/2025-01-20-19-03-55-797730-ce4368b3e964-1074) by extensions ['python_setup_py']
[0.448s] Level 1:colcon.colcon_core.package_identification:_identify(logs/2025-01-20-19-03-55-797730-ce4368b3e964-1074) by extension 'python_setup_py'
[0.448s] Level 1:colcon.colcon_core.package_identification:_identify(logs/2025-01-20-19-24-20-029407-ce4368b3e964-1669) by extensions ['ignore', 'ignore_ament_install']
[0.448s] Level 1:colcon.colcon_core.package_identification:_identify(logs/2025-01-20-19-24-20-029407-ce4368b3e964-1669) by extension 'ignore'
[0.448s] Level 1:colcon.colcon_core.package_identification:_identify(logs/2025-01-20-19-24-20-029407-ce4368b3e964-1669) by extension 'ignore_ament_install'
[0.448s] Level 1:colcon.colcon_core.package_identification:_identify(logs/2025-01-20-19-24-20-029407-ce4368b3e964-1669) by extensions ['colcon_pkg']
[0.448s] Level 1:colcon.colcon_core.package_identification:_identify(logs/2025-01-20-19-24-20-029407-ce4368b3e964-1669) by extension 'colcon_pkg'
[0.448s] Level 1:colcon.colcon_core.package_identification:_identify(logs/2025-01-20-19-24-20-029407-ce4368b3e964-1669) by extensions ['colcon_meta']
[0.448s] Level 1:colcon.colcon_core.package_identification:_identify(logs/2025-01-20-19-24-20-029407-ce4368b3e964-1669) by extension 'colcon_meta'
[0.448s] Level 1:colcon.colcon_core.package_identification:_identify(logs/2025-01-20-19-24-20-029407-ce4368b3e964-1669) by extensions ['ros']
[0.448s] Level 1:colcon.colcon_core.package_identification:_identify(logs/2025-01-20-19-24-20-029407-ce4368b3e964-1669) by extension 'ros'
[0.448s] Level 1:colcon.colcon_core.package_identification:_identify(logs/2025-01-20-19-24-20-029407-ce4368b3e964-1669) by extensions ['cmake', 'python']
[0.448s] Level 1:colcon.colcon_core.package_identification:_identify(logs/2025-01-20-19-24-20-029407-ce4368b3e964-1669) by extension 'cmake'
[0.448s] Level 1:colcon.colcon_core.package_identification:_identify(logs/2025-01-20-19-24-20-029407-ce4368b3e964-1669) by extension 'python'
[0.448s] Level 1:colcon.colcon_core.package_identification:_identify(logs/2025-01-20-19-24-20-029407-ce4368b3e964-1669) by extensions ['python_setup_py']
[0.448s] Level 1:colcon.colcon_core.package_identification:_identify(logs/2025-01-20-19-24-20-029407-ce4368b3e964-1669) by extension 'python_setup_py'
[0.449s] Level 1:colcon.colcon_core.package_identification:_identify(logs/2025-01-20-19-24-39-825446-ce4368b3e964-1883) by extensions ['ignore', 'ignore_ament_install']
[0.449s] Level 1:colcon.colcon_core.package_identification:_identify(logs/2025-01-20-19-24-39-825446-ce4368b3e964-1883) by extension 'ignore'
[0.449s] Level 1:colcon.colcon_core.package_identification:_identify(logs/2025-01-20-19-24-39-825446-ce4368b3e964-1883) by extension 'ignore_ament_install'
[0.449s] Level 1:colcon.colcon_core.package_identification:_identify(logs/2025-01-20-19-24-39-825446-ce4368b3e964-1883) by extensions ['colcon_pkg']
[0.449s] Level 1:colcon.colcon_core.package_identification:_identify(logs/2025-01-20-19-24-39-825446-ce4368b3e964-1883) by extension 'colcon_pkg'
[0.449s] Level 1:colcon.colcon_core.package_identification:_identify(logs/2025-01-20-19-24-39-825446-ce4368b3e964-1883) by extensions ['colcon_meta']
[0.449s] Level 1:colcon.colcon_core.package_identification:_identify(logs/2025-01-20-19-24-39-825446-ce4368b3e964-1883) by extension 'colcon_meta'
[0.449s] Level 1:colcon.colcon_core.package_identification:_identify(logs/2025-01-20-19-24-39-825446-ce4368b3e964-1883) by extensions ['ros']
[0.449s] Level 1:colcon.colcon_core.package_identification:_identify(logs/2025-01-20-19-24-39-825446-ce4368b3e964-1883) by extension 'ros'
[0.449s] Level 1:colcon.colcon_core.package_identification:_identify(logs/2025-01-20-19-24-39-825446-ce4368b3e964-1883) by extensions ['cmake', 'python']
[0.449s] Level 1:colcon.colcon_core.package_identification:_identify(logs/2025-01-20-19-24-39-825446-ce4368b3e964-1883) by extension 'cmake'
[0.449s] Level 1:colcon.colcon_core.package_identification:_identify(logs/2025-01-20-19-24-39-825446-ce4368b3e964-1883) by extension 'python'
[0.449s] Level 1:colcon.colcon_core.package_identification:_identify(logs/2025-01-20-19-24-39-825446-ce4368b3e964-1883) by extensions ['python_setup_py']
[0.449s] Level 1:colcon.colcon_core.package_identification:_identify(logs/2025-01-20-19-24-39-825446-ce4368b3e964-1883) by extension 'python_setup_py'
[0.449s] Level 1:colcon.colcon_core.package_identification:_identify(logs/2025-01-20-19-25-37-778592-ce4368b3e964-2203) by extensions ['ignore', 'ignore_ament_install']
[0.449s] Level 1:colcon.colcon_core.package_identification:_identify(logs/2025-01-20-19-25-37-778592-ce4368b3e964-2203) by extension 'ignore'
[0.449s] Level 1:colcon.colcon_core.package_identification:_identify(logs/2025-01-20-19-25-37-778592-ce4368b3e964-2203) by extension 'ignore_ament_install'
[0.449s] Level 1:colcon.colcon_core.package_identification:_identify(logs/2025-01-20-19-25-37-778592-ce4368b3e964-2203) by extensions ['colcon_pkg']
[0.449s] Level 1:colcon.colcon_core.package_identification:_identify(logs/2025-01-20-19-25-37-778592-ce4368b3e964-2203) by extension 'colcon_pkg'
[0.449s] Level 1:colcon.colcon_core.package_identification:_identify(logs/2025-01-20-19-25-37-778592-ce4368b3e964-2203) by extensions ['colcon_meta']
[0.449s] Level 1:colcon.colcon_core.package_identification:_identify(logs/2025-01-20-19-25-37-778592-ce4368b3e964-2203) by extension 'colcon_meta'
[0.449s] Level 1:colcon.colcon_core.package_identification:_identify(logs/2025-01-20-19-25-37-778592-ce4368b3e964-2203) by extensions ['ros']
[0.449s] Level 1:colcon.colcon_core.package_identification:_identify(logs/2025-01-20-19-25-37-778592-ce4368b3e964-2203) by extension 'ros'
[0.449s] Level 1:colcon.colcon_core.package_identification:_identify(logs/2025-01-20-19-25-37-778592-ce4368b3e964-2203) by extensions ['cmake', 'python']
[0.450s] Level 1:colcon.colcon_core.package_identification:_identify(logs/2025-01-20-19-25-37-778592-ce4368b3e964-2203) by extension 'cmake'
[0.450s] Level 1:colcon.colcon_core.package_identification:_identify(logs/2025-01-20-19-25-37-778592-ce4368b3e964-2203) by extension 'python'
[0.450s] Level 1:colcon.colcon_core.package_identification:_identify(logs/2025-01-20-19-25-37-778592-ce4368b3e964-2203) by extensions ['python_setup_py']
[0.450s] Level 1:colcon.colcon_core.package_identification:_identify(logs/2025-01-20-19-25-37-778592-ce4368b3e964-2203) by extension 'python_setup_py'
[0.450s] Level 1:colcon.colcon_core.package_identification:_identify(src) by extensions ['ignore', 'ignore_ament_install']
[0.450s] Level 1:colcon.colcon_core.package_identification:_identify(src) by extension 'ignore'
[0.450s] Level 1:colcon.colcon_core.package_identification:_identify(src) by extension 'ignore_ament_install'
[0.450s] Level 1:colcon.colcon_core.package_identification:_identify(src) by extensions ['colcon_pkg']
[0.450s] Level 1:colcon.colcon_core.package_identification:_identify(src) by extension 'colcon_pkg'
[0.450s] Level 1:colcon.colcon_core.package_identification:_identify(src) by extensions ['colcon_meta']
[0.450s] Level 1:colcon.colcon_core.package_identification:_identify(src) by extension 'colcon_meta'
[0.450s] Level 1:colcon.colcon_core.package_identification:_identify(src) by extensions ['ros']
[0.450s] Level 1:colcon.colcon_core.package_identification:_identify(src) by extension 'ros'
[0.450s] Level 1:colcon.colcon_core.package_identification:_identify(src) by extensions ['cmake', 'python']
[0.450s] Level 1:colcon.colcon_core.package_identification:_identify(src) by extension 'cmake'
[0.450s] Level 1:colcon.colcon_core.package_identification:_identify(src) by extension 'python'
[0.450s] Level 1:colcon.colcon_core.package_identification:_identify(src) by extensions ['python_setup_py']
[0.450s] Level 1:colcon.colcon_core.package_identification:_identify(src) by extension 'python_setup_py'
[0.450s] Level 1:colcon.colcon_core.package_identification:_identify(src/build) by extensions ['ignore', 'ignore_ament_install']
[0.450s] Level 1:colcon.colcon_core.package_identification:_identify(src/build) by extension 'ignore'
[0.450s] Level 1:colcon.colcon_core.package_identification:_identify(src/build) ignored
[0.450s] Level 1:colcon.colcon_core.package_identification:_identify(src/install) by extensions ['ignore', 'ignore_ament_install']
[0.451s] Level 1:colcon.colcon_core.package_identification:_identify(src/install) by extension 'ignore'
[0.451s] Level 1:colcon.colcon_core.package_identification:_identify(src/install) ignored
[0.451s] Level 1:colcon.colcon_core.package_identification:_identify(src/log) by extensions ['ignore', 'ignore_ament_install']
[0.451s] Level 1:colcon.colcon_core.package_identification:_identify(src/log) by extension 'ignore'
[0.451s] Level 1:colcon.colcon_core.package_identification:_identify(src/log) ignored
[0.451s] Level 1:colcon.colcon_core.package_identification:_identify(src/spot_description) by extensions ['ignore', 'ignore_ament_install']
[0.451s] Level 1:colcon.colcon_core.package_identification:_identify(src/spot_description) by extension 'ignore'
[0.451s] Level 1:colcon.colcon_core.package_identification:_identify(src/spot_description) by extension 'ignore_ament_install'
[0.451s] Level 1:colcon.colcon_core.package_identification:_identify(src/spot_description) by extensions ['colcon_pkg']
[0.451s] Level 1:colcon.colcon_core.package_identification:_identify(src/spot_description) by extension 'colcon_pkg'
[0.451s] Level 1:colcon.colcon_core.package_identification:_identify(src/spot_description) by extensions ['colcon_meta']
[0.451s] Level 1:colcon.colcon_core.package_identification:_identify(src/spot_description) by extension 'colcon_meta'
[0.451s] Level 1:colcon.colcon_core.package_identification:_identify(src/spot_description) by extensions ['ros']
[0.451s] Level 1:colcon.colcon_core.package_identification:_identify(src/spot_description) by extension 'ros'
[0.455s] DEBUG:colcon.colcon_core.package_identification:Package 'src/spot_description' with type 'ros.ament_cmake' and name 'spot_description'
[0.455s] Level 1:colcon.colcon_core.package_discovery:discover_packages(recursive) using defaults
[0.456s] Level 1:colcon.colcon_core.package_discovery:discover_packages(ignore) discover
[0.456s] Level 1:colcon.colcon_core.package_discovery:discover_packages(ignore) using defaults
[0.456s] Level 1:colcon.colcon_core.package_discovery:discover_packages(path) discover
[0.456s] Level 1:colcon.colcon_core.package_discovery:discover_packages(path) using defaults
[0.481s] Level 5:colcon.colcon_core.verb:set package 'spot_description' build argument 'cmake_args' from command line to 'None'
[0.481s] Level 5:colcon.colcon_core.verb:set package 'spot_description' build argument 'cmake_target' from command line to 'None'
[0.481s] Level 5:colcon.colcon_core.verb:set package 'spot_description' build argument 'cmake_target_skip_unavailable' from command line to 'False'
[0.481s] Level 5:colcon.colcon_core.verb:set package 'spot_description' build argument 'cmake_clean_cache' from command line to 'False'
[0.481s] Level 5:colcon.colcon_core.verb:set package 'spot_description' build argument 'cmake_clean_first' from command line to 'False'
[0.481s] Level 5:colcon.colcon_core.verb:set package 'spot_description' build argument 'cmake_force_configure' from command line to 'False'
[0.481s] Level 5:colcon.colcon_core.verb:set package 'spot_description' build argument 'ament_cmake_args' from command line to 'None'
[0.481s] Level 5:colcon.colcon_core.verb:set package 'spot_description' build argument 'catkin_cmake_args' from command line to 'None'
[0.481s] Level 5:colcon.colcon_core.verb:set package 'spot_description' build argument 'catkin_skip_building_tests' from command line to 'False'
[0.481s] DEBUG:colcon.colcon_core.verb:Building package 'spot_description' with the following arguments: {'ament_cmake_args': None, 'build_base': '/home/developer/SPWAR_ws/build/spot_description', 'catkin_cmake_args': None, 'catkin_skip_building_tests': False, 'cmake_args': None, 'cmake_clean_cache': False, 'cmake_clean_first': False, 'cmake_force_configure': False, 'cmake_target': None, 'cmake_target_skip_unavailable': False, 'install_base': '/home/developer/SPWAR_ws/install/spot_description', 'merge_install': False, 'path': '/home/developer/SPWAR_ws/src/spot_description', 'symlink_install': False, 'test_result_base': None}
[0.481s] INFO:colcon.colcon_core.executor:Executing jobs using 'parallel' executor
[0.482s] DEBUG:colcon.colcon_parallel_executor.executor.parallel:run_until_complete
[0.483s] INFO:colcon.colcon_ros.task.ament_cmake.build:Building ROS package in '/home/developer/SPWAR_ws/src/spot_description' with build type 'ament_cmake'
[0.483s] INFO:colcon.colcon_cmake.task.cmake.build:Building CMake package in '/home/developer/SPWAR_ws/src/spot_description'
[0.486s] INFO:colcon.colcon_core.plugin_system:Skipping extension 'colcon_core.shell.bat': Not used on non-Windows systems
[0.487s] INFO:colcon.colcon_core.shell:Skip shell extension 'powershell' for command environment: Not usable outside of PowerShell
[0.487s] DEBUG:colcon.colcon_core.shell:Skip shell extension 'dsv' for command environment
[0.500s] DEBUG:colcon.colcon_core.event_handler.log_command:Invoking command in '/home/developer/SPWAR_ws/build/spot_description': CMAKE_PREFIX_PATH=/opt/ros/humble /usr/bin/cmake --build /home/developer/SPWAR_ws/build/spot_description -- -j16 -l16
[0.620s] DEBUG:colcon.colcon_core.event_handler.log_command:Invoked command in '/home/developer/SPWAR_ws/build/spot_description' returned '0': CMAKE_PREFIX_PATH=/opt/ros/humble /usr/bin/cmake --build /home/developer/SPWAR_ws/build/spot_description -- -j16 -l16
[0.655s] DEBUG:colcon.colcon_core.event_handler.log_command:Invoking command in '/home/developer/SPWAR_ws/build/spot_description': CMAKE_PREFIX_PATH=/opt/ros/humble /usr/bin/cmake --install /home/developer/SPWAR_ws/build/spot_description
[0.668s] Level 1:colcon.colcon_core.environment:create_environment_scripts_only(spot_description)
[0.668s] DEBUG:colcon.colcon_core.event_handler.log_command:Invoked command in '/home/developer/SPWAR_ws/build/spot_description' returned '0': CMAKE_PREFIX_PATH=/opt/ros/humble /usr/bin/cmake --install /home/developer/SPWAR_ws/build/spot_description
[0.673s] Level 1:colcon.colcon_core.environment:checking '/home/developer/SPWAR_ws/install/spot_description' for CMake module files
[0.673s] Level 1:colcon.colcon_core.environment:checking '/home/developer/SPWAR_ws/install/spot_description' for CMake config files
[0.673s] Level 1:colcon.colcon_core.shell:create_environment_hook('spot_description', 'cmake_prefix_path')
[0.674s] INFO:colcon.colcon_core.shell:Creating environment hook '/home/developer/SPWAR_ws/install/spot_description/share/spot_description/hook/cmake_prefix_path.ps1'
[0.675s] INFO:colcon.colcon_core.shell:Creating environment descriptor '/home/developer/SPWAR_ws/install/spot_description/share/spot_description/hook/cmake_prefix_path.dsv'
[0.675s] INFO:colcon.colcon_core.shell:Creating environment hook '/home/developer/SPWAR_ws/install/spot_description/share/spot_description/hook/cmake_prefix_path.sh'
[0.676s] Level 1:colcon.colcon_core.environment:checking '/home/developer/SPWAR_ws/install/spot_description/bin'
[0.676s] Level 1:colcon.colcon_core.environment:checking '/home/developer/SPWAR_ws/install/spot_description/lib/pkgconfig/spot_description.pc'
[0.679s] Level 1:colcon.colcon_core.environment:checking '/home/developer/SPWAR_ws/install/spot_description/lib/python3.10/site-packages'
[0.679s] Level 1:colcon.colcon_core.environment:checking '/home/developer/SPWAR_ws/install/spot_description/bin'
[0.679s] INFO:colcon.colcon_core.shell:Creating package script '/home/developer/SPWAR_ws/install/spot_description/share/spot_description/package.ps1'
[0.680s] INFO:colcon.colcon_core.shell:Creating package descriptor '/home/developer/SPWAR_ws/install/spot_description/share/spot_description/package.dsv'
[0.681s] INFO:colcon.colcon_core.shell:Creating package script '/home/developer/SPWAR_ws/install/spot_description/share/spot_description/package.sh'
[0.682s] INFO:colcon.colcon_core.shell:Creating package script '/home/developer/SPWAR_ws/install/spot_description/share/spot_description/package.bash'
[0.683s] INFO:colcon.colcon_core.shell:Creating package script '/home/developer/SPWAR_ws/install/spot_description/share/spot_description/package.zsh'
[0.684s] Level 1:colcon.colcon_core.environment:create_file_with_runtime_dependencies(/home/developer/SPWAR_ws/install/spot_description/share/colcon-core/packages/spot_description)
[0.708s] Level 1:colcon.colcon_core.environment:create_environment_scripts_only(spot_description)
[0.709s] Level 1:colcon.colcon_core.environment:checking '/home/developer/SPWAR_ws/install/spot_description' for CMake module files
[0.709s] Level 1:colcon.colcon_core.environment:checking '/home/developer/SPWAR_ws/install/spot_description' for CMake config files
[0.709s] Level 1:colcon.colcon_core.shell:create_environment_hook('spot_description', 'cmake_prefix_path')
[0.710s] INFO:colcon.colcon_core.shell:Creating environment hook '/home/developer/SPWAR_ws/install/spot_description/share/spot_description/hook/cmake_prefix_path.ps1'
[0.710s] INFO:colcon.colcon_core.shell:Creating environment descriptor '/home/developer/SPWAR_ws/install/spot_description/share/spot_description/hook/cmake_prefix_path.dsv'
[0.710s] INFO:colcon.colcon_core.shell:Creating environment hook '/home/developer/SPWAR_ws/install/spot_description/share/spot_description/hook/cmake_prefix_path.sh'
[0.711s] Level 1:colcon.colcon_core.environment:checking '/home/developer/SPWAR_ws/install/spot_description/bin'
[0.711s] Level 1:colcon.colcon_core.environment:checking '/home/developer/SPWAR_ws/install/spot_description/lib/pkgconfig/spot_description.pc'
[0.711s] Level 1:colcon.colcon_core.environment:checking '/home/developer/SPWAR_ws/install/spot_description/lib/python3.10/site-packages'
[0.711s] Level 1:colcon.colcon_core.environment:checking '/home/developer/SPWAR_ws/install/spot_description/bin'
[0.712s] INFO:colcon.colcon_core.shell:Creating package script '/home/developer/SPWAR_ws/install/spot_description/share/spot_description/package.ps1'
[0.712s] INFO:colcon.colcon_core.shell:Creating package descriptor '/home/developer/SPWAR_ws/install/spot_description/share/spot_description/package.dsv'
[0.712s] INFO:colcon.colcon_core.shell:Creating package script '/home/developer/SPWAR_ws/install/spot_description/share/spot_description/package.sh'
[0.713s] INFO:colcon.colcon_core.shell:Creating package script '/home/developer/SPWAR_ws/install/spot_description/share/spot_description/package.bash'
[0.713s] INFO:colcon.colcon_core.shell:Creating package script '/home/developer/SPWAR_ws/install/spot_description/share/spot_description/package.zsh'
[0.713s] Level 1:colcon.colcon_core.environment:create_file_with_runtime_dependencies(/home/developer/SPWAR_ws/install/spot_description/share/colcon-core/packages/spot_description)
[0.713s] DEBUG:colcon.colcon_parallel_executor.executor.parallel:closing loop
[0.714s] DEBUG:colcon.colcon_parallel_executor.executor.parallel:loop closed
[0.714s] DEBUG:colcon.colcon_parallel_executor.executor.parallel:run_until_complete finished with '0'
[0.714s] DEBUG:colcon.colcon_core.event_reactor:joining thread
[0.725s] INFO:colcon.colcon_core.plugin_system:Skipping extension 'colcon_notification.desktop_notification.notify_send': Could not find 'notify-send'
[0.725s] INFO:colcon.colcon_core.plugin_system:Skipping extension 'colcon_notification.desktop_notification.terminal_notifier': Not used on non-Darwin systems
[0.725s] INFO:colcon.colcon_core.plugin_system:Skipping extension 'colcon_notification.desktop_notification.win32': Not used on non-Windows systems
[0.725s] INFO:colcon.colcon_notification.desktop_notification:Sending desktop notification using 'notify2'
[0.731s] DEBUG:colcon.colcon_notification.desktop_notification.notify2:Failed to initialize notify2: org.freedesktop.DBus.Error.Spawn.ExecFailed: /usr/bin/dbus-launch terminated abnormally without any error message
[0.731s] DEBUG:colcon.colcon_core.event_reactor:joined thread
[0.732s] INFO:colcon.colcon_core.shell:Creating prefix script '/home/developer/SPWAR_ws/install/local_setup.ps1'
[0.733s] INFO:colcon.colcon_core.shell:Creating prefix util module '/home/developer/SPWAR_ws/install/_local_setup_util_ps1.py'
[0.734s] INFO:colcon.colcon_core.shell:Creating prefix chain script '/home/developer/SPWAR_ws/install/setup.ps1'
[0.735s] INFO:colcon.colcon_core.shell:Creating prefix script '/home/developer/SPWAR_ws/install/local_setup.sh'
[0.736s] INFO:colcon.colcon_core.shell:Creating prefix util module '/home/developer/SPWAR_ws/install/_local_setup_util_sh.py'
[0.736s] INFO:colcon.colcon_core.shell:Creating prefix chain script '/home/developer/SPWAR_ws/install/setup.sh'
[0.737s] INFO:colcon.colcon_core.shell:Creating prefix script '/home/developer/SPWAR_ws/install/local_setup.bash'
[0.738s] INFO:colcon.colcon_core.shell:Creating prefix chain script '/home/developer/SPWAR_ws/install/setup.bash'
[0.739s] INFO:colcon.colcon_core.shell:Creating prefix script '/home/developer/SPWAR_ws/install/local_setup.zsh'
[0.740s] INFO:colcon.colcon_core.shell:Creating prefix chain script '/home/developer/SPWAR_ws/install/setup.zsh'
