[0.191s] DEBUG:colcon:Command line arguments: ['/usr/bin/colcon', 'build', '--symlink-install']
[0.192s] DEBUG:colcon:Parsed command line arguments: Namespace(log_base=None, log_level=None, verb_name='build', build_base='build', install_base='install', merge_install=False, symlink_install=True, test_result_base=None, continue_on_error=False, executor='parallel', parallel_workers=16, event_handlers=None, ignore_user_meta=False, metas=['./colcon.meta'], base_paths=['.'], packages_ignore=None, packages_ignore_regex=None, paths=None, packages_up_to=None, packages_up_to_regex=None, packages_above=None, packages_above_and_dependencies=None, packages_above_depth=None, packages_select_by_dep=None, packages_skip_by_dep=None, packages_skip_up_to=None, packages_select_build_failed=False, packages_skip_build_finished=False, packages_select_test_failures=False, packages_skip_test_passed=False, packages_select=None, packages_skip=None, packages_select_regex=None, packages_skip_regex=None, packages_start=None, packages_end=None, cmake_args=None, cmake_target=None, cmake_target_skip_unavailable=False, cmake_clean_cache=False, cmake_clean_first=False, cmake_force_configure=False, ament_cmake_args=None, catkin_cmake_args=None, catkin_skip_building_tests=False, mixin_files=None, mixin=None, verb_parser=<colcon_mixin.mixin.mixin_argument.MixinArgumentDecorator object at 0x72e5cdf58940>, verb_extension=<colcon_core.verb.build.BuildVerb object at 0x72e5cdf583d0>, main=<bound method BuildVerb.main of <colcon_core.verb.build.BuildVerb object at 0x72e5cdf583d0>>, mixin_verb=('build',))
[0.428s] Level 1:colcon.colcon_core.package_discovery:discover_packages(colcon_meta) check parameters
[0.429s] INFO:colcon.colcon_metadata.package_discovery.colcon_meta:Using configuration from '/root/.colcon/metadata/default/Gazebo.meta'
[0.430s] INFO:colcon.colcon_metadata.package_discovery.colcon_meta:Using configuration from '/root/.colcon/metadata/default/fastrtps.meta'
[0.430s] Level 1:colcon.colcon_core.package_discovery:discover_packages(recursive) check parameters
[0.430s] Level 1:colcon.colcon_core.package_discovery:discover_packages(ignore) check parameters
[0.430s] Level 1:colcon.colcon_core.package_discovery:discover_packages(path) check parameters
[0.430s] Level 1:colcon.colcon_core.package_discovery:discover_packages(colcon_meta) discover
[0.430s] Level 1:colcon.colcon_core.package_discovery:discover_packages(recursive) discover
[0.431s] INFO:colcon.colcon_core.package_discovery:Crawling recursively for packages in '/home/developer/SPWAR_ws/src'
[0.431s] Level 1:colcon.colcon_core.package_identification:_identify(.) by extensions ['ignore', 'ignore_ament_install']
[0.431s] Level 1:colcon.colcon_core.package_identification:_identify(.) by extension 'ignore'
[0.431s] Level 1:colcon.colcon_core.package_identification:_identify(.) by extension 'ignore_ament_install'
[0.431s] Level 1:colcon.colcon_core.package_identification:_identify(.) by extensions ['colcon_pkg']
[0.431s] Level 1:colcon.colcon_core.package_identification:_identify(.) by extension 'colcon_pkg'
[0.431s] Level 1:colcon.colcon_core.package_identification:_identify(.) by extensions ['colcon_meta']
[0.431s] Level 1:colcon.colcon_core.package_identification:_identify(.) by extension 'colcon_meta'
[0.431s] Level 1:colcon.colcon_core.package_identification:_identify(.) by extensions ['ros']
[0.431s] Level 1:colcon.colcon_core.package_identification:_identify(.) by extension 'ros'
[0.450s] Level 1:colcon.colcon_core.package_identification:_identify(.) by extensions ['cmake', 'python']
[0.450s] Level 1:colcon.colcon_core.package_identification:_identify(.) by extension 'cmake'
[0.450s] Level 1:colcon.colcon_core.package_identification:_identify(.) by extension 'python'
[0.450s] Level 1:colcon.colcon_core.package_identification:_identify(.) by extensions ['python_setup_py']
[0.450s] Level 1:colcon.colcon_core.package_identification:_identify(.) by extension 'python_setup_py'
[0.451s] Level 1:colcon.colcon_core.package_identification:_identify(build) by extensions ['ignore', 'ignore_ament_install']
[0.451s] Level 1:colcon.colcon_core.package_identification:_identify(build) by extension 'ignore'
[0.451s] Level 1:colcon.colcon_core.package_identification:_identify(build) ignored
[0.451s] Level 1:colcon.colcon_core.package_identification:_identify(hello_moveit) by extensions ['ignore', 'ignore_ament_install']
[0.451s] Level 1:colcon.colcon_core.package_identification:_identify(hello_moveit) by extension 'ignore'
[0.452s] Level 1:colcon.colcon_core.package_identification:_identify(hello_moveit) by extension 'ignore_ament_install'
[0.452s] Level 1:colcon.colcon_core.package_identification:_identify(hello_moveit) by extensions ['colcon_pkg']
[0.452s] Level 1:colcon.colcon_core.package_identification:_identify(hello_moveit) by extension 'colcon_pkg'
[0.452s] Level 1:colcon.colcon_core.package_identification:_identify(hello_moveit) by extensions ['colcon_meta']
[0.452s] Level 1:colcon.colcon_core.package_identification:_identify(hello_moveit) by extension 'colcon_meta'
[0.452s] Level 1:colcon.colcon_core.package_identification:_identify(hello_moveit) by extensions ['ros']
[0.452s] Level 1:colcon.colcon_core.package_identification:_identify(hello_moveit) by extension 'ros'
[0.457s] DEBUG:colcon.colcon_core.package_identification:Package 'hello_moveit' with type 'ros.ament_cmake' and name 'hello_moveit'
[0.457s] Level 1:colcon.colcon_core.package_identification:_identify(install) by extensions ['ignore', 'ignore_ament_install']
[0.457s] Level 1:colcon.colcon_core.package_identification:_identify(install) by extension 'ignore'
[0.457s] Level 1:colcon.colcon_core.package_identification:_identify(install) ignored
[0.457s] Level 1:colcon.colcon_core.package_identification:_identify(log) by extensions ['ignore', 'ignore_ament_install']
[0.458s] Level 1:colcon.colcon_core.package_identification:_identify(log) by extension 'ignore'
[0.458s] Level 1:colcon.colcon_core.package_identification:_identify(log) ignored
[0.458s] Level 1:colcon.colcon_core.package_identification:_identify(spot_description) by extensions ['ignore', 'ignore_ament_install']
[0.458s] Level 1:colcon.colcon_core.package_identification:_identify(spot_description) by extension 'ignore'
[0.458s] Level 1:colcon.colcon_core.package_identification:_identify(spot_description) by extension 'ignore_ament_install'
[0.458s] Level 1:colcon.colcon_core.package_identification:_identify(spot_description) by extensions ['colcon_pkg']
[0.458s] Level 1:colcon.colcon_core.package_identification:_identify(spot_description) by extension 'colcon_pkg'
[0.458s] Level 1:colcon.colcon_core.package_identification:_identify(spot_description) by extensions ['colcon_meta']
[0.458s] Level 1:colcon.colcon_core.package_identification:_identify(spot_description) by extension 'colcon_meta'
[0.458s] Level 1:colcon.colcon_core.package_identification:_identify(spot_description) by extensions ['ros']
[0.458s] Level 1:colcon.colcon_core.package_identification:_identify(spot_description) by extension 'ros'
[0.462s] DEBUG:colcon.colcon_core.package_identification:Package 'spot_description' with type 'ros.ament_cmake' and name 'spot_description'
[0.463s] Level 1:colcon.colcon_core.package_identification:_identify(spot_moveit_config) by extensions ['ignore', 'ignore_ament_install']
[0.463s] Level 1:colcon.colcon_core.package_identification:_identify(spot_moveit_config) by extension 'ignore'
[0.463s] Level 1:colcon.colcon_core.package_identification:_identify(spot_moveit_config) by extension 'ignore_ament_install'
[0.463s] Level 1:colcon.colcon_core.package_identification:_identify(spot_moveit_config) by extensions ['colcon_pkg']
[0.464s] Level 1:colcon.colcon_core.package_identification:_identify(spot_moveit_config) by extension 'colcon_pkg'
[0.464s] Level 1:colcon.colcon_core.package_identification:_identify(spot_moveit_config) by extensions ['colcon_meta']
[0.464s] Level 1:colcon.colcon_core.package_identification:_identify(spot_moveit_config) by extension 'colcon_meta'
[0.464s] Level 1:colcon.colcon_core.package_identification:_identify(spot_moveit_config) by extensions ['ros']
[0.464s] Level 1:colcon.colcon_core.package_identification:_identify(spot_moveit_config) by extension 'ros'
[0.465s] DEBUG:colcon.colcon_core.package_identification:Package 'spot_moveit_config' with type 'ros.ament_cmake' and name 'spot_moveit_config'
[0.465s] Level 1:colcon.colcon_core.package_discovery:discover_packages(recursive) using defaults
[0.466s] Level 1:colcon.colcon_core.package_discovery:discover_packages(ignore) discover
[0.466s] Level 1:colcon.colcon_core.package_discovery:discover_packages(ignore) using defaults
[0.466s] Level 1:colcon.colcon_core.package_discovery:discover_packages(path) discover
[0.466s] Level 1:colcon.colcon_core.package_discovery:discover_packages(path) using defaults
[0.500s] Level 5:colcon.colcon_core.verb:set package 'hello_moveit' build argument 'cmake_args' from command line to 'None'
[0.500s] Level 5:colcon.colcon_core.verb:set package 'hello_moveit' build argument 'cmake_target' from command line to 'None'
[0.500s] Level 5:colcon.colcon_core.verb:set package 'hello_moveit' build argument 'cmake_target_skip_unavailable' from command line to 'False'
[0.500s] Level 5:colcon.colcon_core.verb:set package 'hello_moveit' build argument 'cmake_clean_cache' from command line to 'False'
[0.500s] Level 5:colcon.colcon_core.verb:set package 'hello_moveit' build argument 'cmake_clean_first' from command line to 'False'
[0.500s] Level 5:colcon.colcon_core.verb:set package 'hello_moveit' build argument 'cmake_force_configure' from command line to 'False'
[0.500s] Level 5:colcon.colcon_core.verb:set package 'hello_moveit' build argument 'ament_cmake_args' from command line to 'None'
[0.501s] Level 5:colcon.colcon_core.verb:set package 'hello_moveit' build argument 'catkin_cmake_args' from command line to 'None'
[0.501s] Level 5:colcon.colcon_core.verb:set package 'hello_moveit' build argument 'catkin_skip_building_tests' from command line to 'False'
[0.501s] DEBUG:colcon.colcon_core.verb:Building package 'hello_moveit' with the following arguments: {'ament_cmake_args': None, 'build_base': '/home/developer/SPWAR_ws/src/build/hello_moveit', 'catkin_cmake_args': None, 'catkin_skip_building_tests': False, 'cmake_args': None, 'cmake_clean_cache': False, 'cmake_clean_first': False, 'cmake_force_configure': False, 'cmake_target': None, 'cmake_target_skip_unavailable': False, 'install_base': '/home/developer/SPWAR_ws/src/install/hello_moveit', 'merge_install': False, 'path': '/home/developer/SPWAR_ws/src/hello_moveit', 'symlink_install': True, 'test_result_base': None}
[0.501s] Level 5:colcon.colcon_core.verb:set package 'spot_description' build argument 'cmake_args' from command line to 'None'
[0.501s] Level 5:colcon.colcon_core.verb:set package 'spot_description' build argument 'cmake_target' from command line to 'None'
[0.501s] Level 5:colcon.colcon_core.verb:set package 'spot_description' build argument 'cmake_target_skip_unavailable' from command line to 'False'
[0.501s] Level 5:colcon.colcon_core.verb:set package 'spot_description' build argument 'cmake_clean_cache' from command line to 'False'
[0.501s] Level 5:colcon.colcon_core.verb:set package 'spot_description' build argument 'cmake_clean_first' from command line to 'False'
[0.501s] Level 5:colcon.colcon_core.verb:set package 'spot_description' build argument 'cmake_force_configure' from command line to 'False'
[0.501s] Level 5:colcon.colcon_core.verb:set package 'spot_description' build argument 'ament_cmake_args' from command line to 'None'
[0.501s] Level 5:colcon.colcon_core.verb:set package 'spot_description' build argument 'catkin_cmake_args' from command line to 'None'
[0.502s] Level 5:colcon.colcon_core.verb:set package 'spot_description' build argument 'catkin_skip_building_tests' from command line to 'False'
[0.502s] DEBUG:colcon.colcon_core.verb:Building package 'spot_description' with the following arguments: {'ament_cmake_args': None, 'build_base': '/home/developer/SPWAR_ws/src/build/spot_description', 'catkin_cmake_args': None, 'catkin_skip_building_tests': False, 'cmake_args': None, 'cmake_clean_cache': False, 'cmake_clean_first': False, 'cmake_force_configure': False, 'cmake_target': None, 'cmake_target_skip_unavailable': False, 'install_base': '/home/developer/SPWAR_ws/src/install/spot_description', 'merge_install': False, 'path': '/home/developer/SPWAR_ws/src/spot_description', 'symlink_install': True, 'test_result_base': None}
[0.502s] Level 5:colcon.colcon_core.verb:set package 'spot_moveit_config' build argument 'cmake_args' from command line to 'None'
[0.502s] Level 5:colcon.colcon_core.verb:set package 'spot_moveit_config' build argument 'cmake_target' from command line to 'None'
[0.502s] Level 5:colcon.colcon_core.verb:set package 'spot_moveit_config' build argument 'cmake_target_skip_unavailable' from command line to 'False'
[0.502s] Level 5:colcon.colcon_core.verb:set package 'spot_moveit_config' build argument 'cmake_clean_cache' from command line to 'False'
[0.502s] Level 5:colcon.colcon_core.verb:set package 'spot_moveit_config' build argument 'cmake_clean_first' from command line to 'False'
[0.502s] Level 5:colcon.colcon_core.verb:set package 'spot_moveit_config' build argument 'cmake_force_configure' from command line to 'False'
[0.502s] Level 5:colcon.colcon_core.verb:set package 'spot_moveit_config' build argument 'ament_cmake_args' from command line to 'None'
[0.502s] Level 5:colcon.colcon_core.verb:set package 'spot_moveit_config' build argument 'catkin_cmake_args' from command line to 'None'
[0.502s] Level 5:colcon.colcon_core.verb:set package 'spot_moveit_config' build argument 'catkin_skip_building_tests' from command line to 'False'
[0.502s] DEBUG:colcon.colcon_core.verb:Building package 'spot_moveit_config' with the following arguments: {'ament_cmake_args': None, 'build_base': '/home/developer/SPWAR_ws/src/build/spot_moveit_config', 'catkin_cmake_args': None, 'catkin_skip_building_tests': False, 'cmake_args': None, 'cmake_clean_cache': False, 'cmake_clean_first': False, 'cmake_force_configure': False, 'cmake_target': None, 'cmake_target_skip_unavailable': False, 'install_base': '/home/developer/SPWAR_ws/src/install/spot_moveit_config', 'merge_install': False, 'path': '/home/developer/SPWAR_ws/src/spot_moveit_config', 'symlink_install': True, 'test_result_base': None}
[0.503s] INFO:colcon.colcon_core.executor:Executing jobs using 'parallel' executor
[0.504s] DEBUG:colcon.colcon_parallel_executor.executor.parallel:run_until_complete
[0.504s] INFO:colcon.colcon_ros.task.ament_cmake.build:Building ROS package in '/home/developer/SPWAR_ws/src/spot_description' with build type 'ament_cmake'
[0.505s] INFO:colcon.colcon_cmake.task.cmake.build:Building CMake package in '/home/developer/SPWAR_ws/src/spot_description'
[0.509s] INFO:colcon.colcon_core.plugin_system:Skipping extension 'colcon_core.shell.bat': Not used on non-Windows systems
[0.509s] INFO:colcon.colcon_core.shell:Skip shell extension 'powershell' for command environment: Not usable outside of PowerShell
[0.509s] DEBUG:colcon.colcon_core.shell:Skip shell extension 'dsv' for command environment
[0.511s] WARNING:colcon.colcon_ros.prefix_path.ament:The path '/home/developer/SPWAR_ws/src/install/spot_moveit_config' in the environment variable AMENT_PREFIX_PATH doesn't exist
[0.511s] WARNING:colcon.colcon_ros.prefix_path.ament:The path '/home/developer/SPWAR_ws/src/install/spot_description' in the environment variable AMENT_PREFIX_PATH doesn't exist
[0.511s] WARNING:colcon.colcon_ros.prefix_path.ament:The path '/home/developer/SPWAR_ws/src/install/hello_moveit' in the environment variable AMENT_PREFIX_PATH doesn't exist
[0.512s] WARNING:colcon.colcon_ros.prefix_path.catkin:The path '/home/developer/SPWAR_ws/src/install/spot_moveit_config' in the environment variable CMAKE_PREFIX_PATH doesn't exist
[0.512s] WARNING:colcon.colcon_ros.prefix_path.catkin:The path '/home/developer/SPWAR_ws/src/install/spot_description' in the environment variable CMAKE_PREFIX_PATH doesn't exist
[0.512s] WARNING:colcon.colcon_ros.prefix_path.catkin:The path '/home/developer/SPWAR_ws/src/install/hello_moveit' in the environment variable CMAKE_PREFIX_PATH doesn't exist
[0.520s] INFO:colcon.colcon_ros.task.ament_cmake.build:Building ROS package in '/home/developer/SPWAR_ws/src/hello_moveit' with build type 'ament_cmake'
[0.521s] INFO:colcon.colcon_cmake.task.cmake.build:Building CMake package in '/home/developer/SPWAR_ws/src/hello_moveit'
[0.521s] INFO:colcon.colcon_core.shell:Skip shell extension 'powershell' for command environment: Not usable outside of PowerShell
[0.521s] DEBUG:colcon.colcon_core.shell:Skip shell extension 'dsv' for command environment
[0.537s] DEBUG:colcon.colcon_core.event_handler.log_command:Invoking command in '/home/developer/SPWAR_ws/src/build/spot_description': CMAKE_PREFIX_PATH=${CMAKE_PREFIX_PATH}:/opt/ros/humble /usr/bin/cmake /home/developer/SPWAR_ws/src/spot_description -DAMENT_CMAKE_SYMLINK_INSTALL=1 -DCMAKE_INSTALL_PREFIX=/home/developer/SPWAR_ws/src/install/spot_description
[0.542s] DEBUG:colcon.colcon_core.event_handler.log_command:Invoking command in '/home/developer/SPWAR_ws/src/build/hello_moveit': CMAKE_PREFIX_PATH=${CMAKE_PREFIX_PATH}:/opt/ros/humble /usr/bin/cmake /home/developer/SPWAR_ws/src/hello_moveit -DAMENT_CMAKE_SYMLINK_INSTALL=1 -DCMAKE_INSTALL_PREFIX=/home/developer/SPWAR_ws/src/install/hello_moveit
[5.007s] DEBUG:colcon.colcon_core.event_handler.log_command:Invoked command in '/home/developer/SPWAR_ws/src/build/spot_description' returned '0': CMAKE_PREFIX_PATH=${CMAKE_PREFIX_PATH}:/opt/ros/humble /usr/bin/cmake /home/developer/SPWAR_ws/src/spot_description -DAMENT_CMAKE_SYMLINK_INSTALL=1 -DCMAKE_INSTALL_PREFIX=/home/developer/SPWAR_ws/src/install/spot_description
[5.010s] DEBUG:colcon.colcon_core.event_handler.log_command:Invoking command in '/home/developer/SPWAR_ws/src/build/spot_description': CMAKE_PREFIX_PATH=${CMAKE_PREFIX_PATH}:/opt/ros/humble /usr/bin/cmake --build /home/developer/SPWAR_ws/src/build/spot_description -- -j16 -l16
[5.089s] DEBUG:colcon.colcon_core.event_handler.log_command:Invoked command in '/home/developer/SPWAR_ws/src/build/spot_description' returned '0': CMAKE_PREFIX_PATH=${CMAKE_PREFIX_PATH}:/opt/ros/humble /usr/bin/cmake --build /home/developer/SPWAR_ws/src/build/spot_description -- -j16 -l16
[5.157s] DEBUG:colcon.colcon_core.event_handler.log_command:Invoking command in '/home/developer/SPWAR_ws/src/build/spot_description': CMAKE_PREFIX_PATH=${CMAKE_PREFIX_PATH}:/opt/ros/humble /usr/bin/cmake --install /home/developer/SPWAR_ws/src/build/spot_description
[5.805s] Level 1:colcon.colcon_core.environment:create_environment_scripts_only(spot_description)
[5.806s] DEBUG:colcon.colcon_core.event_handler.log_command:Invoked command in '/home/developer/SPWAR_ws/src/build/spot_description' returned '0': CMAKE_PREFIX_PATH=${CMAKE_PREFIX_PATH}:/opt/ros/humble /usr/bin/cmake --install /home/developer/SPWAR_ws/src/build/spot_description
[5.809s] Level 1:colcon.colcon_core.environment:checking '/home/developer/SPWAR_ws/src/install/spot_description' for CMake module files
[5.810s] Level 1:colcon.colcon_core.environment:checking '/home/developer/SPWAR_ws/src/install/spot_description' for CMake config files
[5.811s] Level 1:colcon.colcon_core.shell:create_environment_hook('spot_description', 'cmake_prefix_path')
[5.811s] INFO:colcon.colcon_core.shell:Creating environment hook '/home/developer/SPWAR_ws/src/install/spot_description/share/spot_description/hook/cmake_prefix_path.ps1'
[5.812s] INFO:colcon.colcon_core.shell:Creating environment descriptor '/home/developer/SPWAR_ws/src/install/spot_description/share/spot_description/hook/cmake_prefix_path.dsv'
[5.813s] INFO:colcon.colcon_core.shell:Creating environment hook '/home/developer/SPWAR_ws/src/install/spot_description/share/spot_description/hook/cmake_prefix_path.sh'
[5.814s] Level 1:colcon.colcon_core.environment:checking '/home/developer/SPWAR_ws/src/install/spot_description/bin'
[5.814s] Level 1:colcon.colcon_core.environment:checking '/home/developer/SPWAR_ws/src/install/spot_description/lib/pkgconfig/spot_description.pc'
[5.818s] Level 1:colcon.colcon_core.environment:checking '/home/developer/SPWAR_ws/src/install/spot_description/lib/python3.10/site-packages'
[5.818s] Level 1:colcon.colcon_core.environment:checking '/home/developer/SPWAR_ws/src/install/spot_description/bin'
[5.819s] INFO:colcon.colcon_core.shell:Creating package script '/home/developer/SPWAR_ws/src/install/spot_description/share/spot_description/package.ps1'
[5.820s] INFO:colcon.colcon_core.shell:Creating package descriptor '/home/developer/SPWAR_ws/src/install/spot_description/share/spot_description/package.dsv'
[5.821s] INFO:colcon.colcon_core.shell:Creating package script '/home/developer/SPWAR_ws/src/install/spot_description/share/spot_description/package.sh'
[5.822s] INFO:colcon.colcon_core.shell:Creating package script '/home/developer/SPWAR_ws/src/install/spot_description/share/spot_description/package.bash'
[5.823s] INFO:colcon.colcon_core.shell:Creating package script '/home/developer/SPWAR_ws/src/install/spot_description/share/spot_description/package.zsh'
[5.824s] Level 1:colcon.colcon_core.environment:create_file_with_runtime_dependencies(/home/developer/SPWAR_ws/src/install/spot_description/share/colcon-core/packages/spot_description)
[5.841s] DEBUG:colcon.colcon_core.event_handler.log_command:Invoked command in '/home/developer/SPWAR_ws/src/build/hello_moveit' returned '0': CMAKE_PREFIX_PATH=${CMAKE_PREFIX_PATH}:/opt/ros/humble /usr/bin/cmake /home/developer/SPWAR_ws/src/hello_moveit -DAMENT_CMAKE_SYMLINK_INSTALL=1 -DCMAKE_INSTALL_PREFIX=/home/developer/SPWAR_ws/src/install/hello_moveit
[5.845s] DEBUG:colcon.colcon_core.event_handler.log_command:Invoking command in '/home/developer/SPWAR_ws/src/build/hello_moveit': CMAKE_PREFIX_PATH=${CMAKE_PREFIX_PATH}:/opt/ros/humble /usr/bin/cmake --build /home/developer/SPWAR_ws/src/build/hello_moveit -- -j16 -l16
[5.872s] Level 1:colcon.colcon_core.environment:create_environment_scripts_only(spot_description)
[5.873s] Level 1:colcon.colcon_core.environment:checking '/home/developer/SPWAR_ws/src/install/spot_description' for CMake module files
[5.874s] Level 1:colcon.colcon_core.environment:checking '/home/developer/SPWAR_ws/src/install/spot_description' for CMake config files
[5.874s] Level 1:colcon.colcon_core.shell:create_environment_hook('spot_description', 'cmake_prefix_path')
[5.874s] INFO:colcon.colcon_core.shell:Creating environment hook '/home/developer/SPWAR_ws/src/install/spot_description/share/spot_description/hook/cmake_prefix_path.ps1'
[5.875s] INFO:colcon.colcon_core.shell:Creating environment descriptor '/home/developer/SPWAR_ws/src/install/spot_description/share/spot_description/hook/cmake_prefix_path.dsv'
[5.876s] INFO:colcon.colcon_core.shell:Creating environment hook '/home/developer/SPWAR_ws/src/install/spot_description/share/spot_description/hook/cmake_prefix_path.sh'
[5.876s] Level 1:colcon.colcon_core.environment:checking '/home/developer/SPWAR_ws/src/install/spot_description/bin'
[5.876s] Level 1:colcon.colcon_core.environment:checking '/home/developer/SPWAR_ws/src/install/spot_description/lib/pkgconfig/spot_description.pc'
[5.877s] Level 1:colcon.colcon_core.environment:checking '/home/developer/SPWAR_ws/src/install/spot_description/lib/python3.10/site-packages'
[5.877s] Level 1:colcon.colcon_core.environment:checking '/home/developer/SPWAR_ws/src/install/spot_description/bin'
[5.878s] INFO:colcon.colcon_core.shell:Creating package script '/home/developer/SPWAR_ws/src/install/spot_description/share/spot_description/package.ps1'
[5.879s] INFO:colcon.colcon_core.shell:Creating package descriptor '/home/developer/SPWAR_ws/src/install/spot_description/share/spot_description/package.dsv'
[5.879s] INFO:colcon.colcon_core.shell:Creating package script '/home/developer/SPWAR_ws/src/install/spot_description/share/spot_description/package.sh'
[5.880s] INFO:colcon.colcon_core.shell:Creating package script '/home/developer/SPWAR_ws/src/install/spot_description/share/spot_description/package.bash'
[5.880s] INFO:colcon.colcon_core.shell:Creating package script '/home/developer/SPWAR_ws/src/install/spot_description/share/spot_description/package.zsh'
[5.881s] Level 1:colcon.colcon_core.environment:create_file_with_runtime_dependencies(/home/developer/SPWAR_ws/src/install/spot_description/share/colcon-core/packages/spot_description)
[5.882s] INFO:colcon.colcon_ros.task.ament_cmake.build:Building ROS package in '/home/developer/SPWAR_ws/src/spot_moveit_config' with build type 'ament_cmake'
[5.882s] INFO:colcon.colcon_cmake.task.cmake.build:Building CMake package in '/home/developer/SPWAR_ws/src/spot_moveit_config'
[5.882s] INFO:colcon.colcon_core.shell:Skip shell extension 'powershell' for command environment: Not usable outside of PowerShell
[5.882s] DEBUG:colcon.colcon_core.shell:Skip shell extension 'dsv' for command environment
[5.902s] DEBUG:colcon.colcon_core.event_handler.log_command:Invoking command in '/home/developer/SPWAR_ws/src/build/spot_moveit_config': CMAKE_PREFIX_PATH=/home/developer/SPWAR_ws/src/install/spot_description:/home/developer/SPWAR_ws/src/install/spot_moveit_config:/home/developer/SPWAR_ws/src/install/hello_moveit:/home/developer/SPWAR_ws/install/spot_moveit_config:/home/developer/SPWAR_ws/install/spot_description:/opt/ros/humble /usr/bin/cmake /home/developer/SPWAR_ws/src/spot_moveit_config -DAMENT_CMAKE_SYMLINK_INSTALL=1 -DCMAKE_INSTALL_PREFIX=/home/developer/SPWAR_ws/src/install/spot_moveit_config
[6.985s] DEBUG:colcon.colcon_core.event_handler.log_command:Invoked command in '/home/developer/SPWAR_ws/src/build/spot_moveit_config' returned '0': CMAKE_PREFIX_PATH=/home/developer/SPWAR_ws/src/install/spot_description:/home/developer/SPWAR_ws/src/install/spot_moveit_config:/home/developer/SPWAR_ws/src/install/hello_moveit:/home/developer/SPWAR_ws/install/spot_moveit_config:/home/developer/SPWAR_ws/install/spot_description:/opt/ros/humble /usr/bin/cmake /home/developer/SPWAR_ws/src/spot_moveit_config -DAMENT_CMAKE_SYMLINK_INSTALL=1 -DCMAKE_INSTALL_PREFIX=/home/developer/SPWAR_ws/src/install/spot_moveit_config
[6.987s] DEBUG:colcon.colcon_core.event_handler.log_command:Invoking command in '/home/developer/SPWAR_ws/src/build/spot_moveit_config': CMAKE_PREFIX_PATH=/home/developer/SPWAR_ws/src/install/spot_description:/home/developer/SPWAR_ws/src/install/spot_moveit_config:/home/developer/SPWAR_ws/src/install/hello_moveit:/home/developer/SPWAR_ws/install/spot_moveit_config:/home/developer/SPWAR_ws/install/spot_description:/opt/ros/humble /usr/bin/cmake --build /home/developer/SPWAR_ws/src/build/spot_moveit_config -- -j16 -l16
[7.065s] DEBUG:colcon.colcon_core.event_handler.log_command:Invoked command in '/home/developer/SPWAR_ws/src/build/spot_moveit_config' returned '0': CMAKE_PREFIX_PATH=/home/developer/SPWAR_ws/src/install/spot_description:/home/developer/SPWAR_ws/src/install/spot_moveit_config:/home/developer/SPWAR_ws/src/install/hello_moveit:/home/developer/SPWAR_ws/install/spot_moveit_config:/home/developer/SPWAR_ws/install/spot_description:/opt/ros/humble /usr/bin/cmake --build /home/developer/SPWAR_ws/src/build/spot_moveit_config -- -j16 -l16
[7.114s] DEBUG:colcon.colcon_core.event_handler.log_command:Invoking command in '/home/developer/SPWAR_ws/src/build/spot_moveit_config': CMAKE_PREFIX_PATH=/home/developer/SPWAR_ws/src/install/spot_description:/home/developer/SPWAR_ws/src/install/spot_moveit_config:/home/developer/SPWAR_ws/src/install/hello_moveit:/home/developer/SPWAR_ws/install/spot_moveit_config:/home/developer/SPWAR_ws/install/spot_description:/opt/ros/humble /usr/bin/cmake --install /home/developer/SPWAR_ws/src/build/spot_moveit_config
[7.727s] Level 1:colcon.colcon_core.environment:create_environment_scripts_only(spot_moveit_config)
[7.728s] Level 1:colcon.colcon_core.environment:checking '/home/developer/SPWAR_ws/src/install/spot_moveit_config' for CMake module files
[7.729s] DEBUG:colcon.colcon_core.event_handler.log_command:Invoked command in '/home/developer/SPWAR_ws/src/build/spot_moveit_config' returned '0': CMAKE_PREFIX_PATH=/home/developer/SPWAR_ws/src/install/spot_description:/home/developer/SPWAR_ws/src/install/spot_moveit_config:/home/developer/SPWAR_ws/src/install/hello_moveit:/home/developer/SPWAR_ws/install/spot_moveit_config:/home/developer/SPWAR_ws/install/spot_description:/opt/ros/humble /usr/bin/cmake --install /home/developer/SPWAR_ws/src/build/spot_moveit_config
[7.730s] Level 1:colcon.colcon_core.environment:checking '/home/developer/SPWAR_ws/src/install/spot_moveit_config' for CMake config files
[7.730s] Level 1:colcon.colcon_core.shell:create_environment_hook('spot_moveit_config', 'cmake_prefix_path')
[7.731s] INFO:colcon.colcon_core.shell:Creating environment hook '/home/developer/SPWAR_ws/src/install/spot_moveit_config/share/spot_moveit_config/hook/cmake_prefix_path.ps1'
[7.731s] INFO:colcon.colcon_core.shell:Creating environment descriptor '/home/developer/SPWAR_ws/src/install/spot_moveit_config/share/spot_moveit_config/hook/cmake_prefix_path.dsv'
[7.732s] INFO:colcon.colcon_core.shell:Creating environment hook '/home/developer/SPWAR_ws/src/install/spot_moveit_config/share/spot_moveit_config/hook/cmake_prefix_path.sh'
[7.733s] Level 1:colcon.colcon_core.environment:checking '/home/developer/SPWAR_ws/src/install/spot_moveit_config/bin'
[7.733s] Level 1:colcon.colcon_core.environment:checking '/home/developer/SPWAR_ws/src/install/spot_moveit_config/lib/pkgconfig/spot_moveit_config.pc'
[7.733s] Level 1:colcon.colcon_core.environment:checking '/home/developer/SPWAR_ws/src/install/spot_moveit_config/lib/python3.10/site-packages'
[7.733s] Level 1:colcon.colcon_core.environment:checking '/home/developer/SPWAR_ws/src/install/spot_moveit_config/bin'
[7.734s] INFO:colcon.colcon_core.shell:Creating package script '/home/developer/SPWAR_ws/src/install/spot_moveit_config/share/spot_moveit_config/package.ps1'
[7.734s] INFO:colcon.colcon_core.shell:Creating package descriptor '/home/developer/SPWAR_ws/src/install/spot_moveit_config/share/spot_moveit_config/package.dsv'
[7.735s] INFO:colcon.colcon_core.shell:Creating package script '/home/developer/SPWAR_ws/src/install/spot_moveit_config/share/spot_moveit_config/package.sh'
[7.735s] INFO:colcon.colcon_core.shell:Creating package script '/home/developer/SPWAR_ws/src/install/spot_moveit_config/share/spot_moveit_config/package.bash'
[7.736s] INFO:colcon.colcon_core.shell:Creating package script '/home/developer/SPWAR_ws/src/install/spot_moveit_config/share/spot_moveit_config/package.zsh'
[7.736s] Level 1:colcon.colcon_core.environment:create_file_with_runtime_dependencies(/home/developer/SPWAR_ws/src/install/spot_moveit_config/share/colcon-core/packages/spot_moveit_config)
[7.780s] Level 1:colcon.colcon_core.environment:create_environment_scripts_only(spot_moveit_config)
[7.781s] Level 1:colcon.colcon_core.environment:checking '/home/developer/SPWAR_ws/src/install/spot_moveit_config' for CMake module files
[7.781s] Level 1:colcon.colcon_core.environment:checking '/home/developer/SPWAR_ws/src/install/spot_moveit_config' for CMake config files
[7.782s] Level 1:colcon.colcon_core.shell:create_environment_hook('spot_moveit_config', 'cmake_prefix_path')
[7.782s] INFO:colcon.colcon_core.shell:Creating environment hook '/home/developer/SPWAR_ws/src/install/spot_moveit_config/share/spot_moveit_config/hook/cmake_prefix_path.ps1'
[7.782s] INFO:colcon.colcon_core.shell:Creating environment descriptor '/home/developer/SPWAR_ws/src/install/spot_moveit_config/share/spot_moveit_config/hook/cmake_prefix_path.dsv'
[7.783s] INFO:colcon.colcon_core.shell:Creating environment hook '/home/developer/SPWAR_ws/src/install/spot_moveit_config/share/spot_moveit_config/hook/cmake_prefix_path.sh'
[7.784s] Level 1:colcon.colcon_core.environment:checking '/home/developer/SPWAR_ws/src/install/spot_moveit_config/bin'
[7.784s] Level 1:colcon.colcon_core.environment:checking '/home/developer/SPWAR_ws/src/install/spot_moveit_config/lib/pkgconfig/spot_moveit_config.pc'
[7.784s] Level 1:colcon.colcon_core.environment:checking '/home/developer/SPWAR_ws/src/install/spot_moveit_config/lib/python3.10/site-packages'
[7.785s] Level 1:colcon.colcon_core.environment:checking '/home/developer/SPWAR_ws/src/install/spot_moveit_config/bin'
[7.785s] INFO:colcon.colcon_core.shell:Creating package script '/home/developer/SPWAR_ws/src/install/spot_moveit_config/share/spot_moveit_config/package.ps1'
[7.786s] INFO:colcon.colcon_core.shell:Creating package descriptor '/home/developer/SPWAR_ws/src/install/spot_moveit_config/share/spot_moveit_config/package.dsv'
[7.786s] INFO:colcon.colcon_core.shell:Creating package script '/home/developer/SPWAR_ws/src/install/spot_moveit_config/share/spot_moveit_config/package.sh'
[7.787s] INFO:colcon.colcon_core.shell:Creating package script '/home/developer/SPWAR_ws/src/install/spot_moveit_config/share/spot_moveit_config/package.bash'
[7.787s] INFO:colcon.colcon_core.shell:Creating package script '/home/developer/SPWAR_ws/src/install/spot_moveit_config/share/spot_moveit_config/package.zsh'
[7.788s] Level 1:colcon.colcon_core.environment:create_file_with_runtime_dependencies(/home/developer/SPWAR_ws/src/install/spot_moveit_config/share/colcon-core/packages/spot_moveit_config)
[18.269s] DEBUG:colcon.colcon_core.event_handler.log_command:Invoked command in '/home/developer/SPWAR_ws/src/build/hello_moveit' returned '0': CMAKE_PREFIX_PATH=${CMAKE_PREFIX_PATH}:/opt/ros/humble /usr/bin/cmake --build /home/developer/SPWAR_ws/src/build/hello_moveit -- -j16 -l16
[18.304s] DEBUG:colcon.colcon_core.event_handler.log_command:Invoking command in '/home/developer/SPWAR_ws/src/build/hello_moveit': CMAKE_PREFIX_PATH=${CMAKE_PREFIX_PATH}:/opt/ros/humble /usr/bin/cmake --install /home/developer/SPWAR_ws/src/build/hello_moveit
[18.460s] Level 1:colcon.colcon_core.environment:create_environment_scripts_only(hello_moveit)
[18.461s] Level 1:colcon.colcon_core.environment:checking '/home/developer/SPWAR_ws/src/install/hello_moveit' for CMake module files
[18.461s] DEBUG:colcon.colcon_core.event_handler.log_command:Invoked command in '/home/developer/SPWAR_ws/src/build/hello_moveit' returned '0': CMAKE_PREFIX_PATH=${CMAKE_PREFIX_PATH}:/opt/ros/humble /usr/bin/cmake --install /home/developer/SPWAR_ws/src/build/hello_moveit
[18.461s] Level 1:colcon.colcon_core.environment:checking '/home/developer/SPWAR_ws/src/install/hello_moveit' for CMake config files
[18.462s] Level 1:colcon.colcon_core.shell:create_environment_hook('hello_moveit', 'cmake_prefix_path')
[18.462s] INFO:colcon.colcon_core.shell:Creating environment hook '/home/developer/SPWAR_ws/src/install/hello_moveit/share/hello_moveit/hook/cmake_prefix_path.ps1'
[18.462s] INFO:colcon.colcon_core.shell:Creating environment descriptor '/home/developer/SPWAR_ws/src/install/hello_moveit/share/hello_moveit/hook/cmake_prefix_path.dsv'
[18.462s] INFO:colcon.colcon_core.shell:Creating environment hook '/home/developer/SPWAR_ws/src/install/hello_moveit/share/hello_moveit/hook/cmake_prefix_path.sh'
[18.463s] Level 1:colcon.colcon_core.environment:checking '/home/developer/SPWAR_ws/src/install/hello_moveit/lib'
[18.463s] Level 1:colcon.colcon_core.environment:checking '/home/developer/SPWAR_ws/src/install/hello_moveit/bin'
[18.463s] Level 1:colcon.colcon_core.environment:checking '/home/developer/SPWAR_ws/src/install/hello_moveit/lib/pkgconfig/hello_moveit.pc'
[18.463s] Level 1:colcon.colcon_core.environment:checking '/home/developer/SPWAR_ws/src/install/hello_moveit/lib/python3.10/site-packages'
[18.464s] Level 1:colcon.colcon_core.environment:checking '/home/developer/SPWAR_ws/src/install/hello_moveit/bin'
[18.464s] INFO:colcon.colcon_core.shell:Creating package script '/home/developer/SPWAR_ws/src/install/hello_moveit/share/hello_moveit/package.ps1'
[18.464s] INFO:colcon.colcon_core.shell:Creating package descriptor '/home/developer/SPWAR_ws/src/install/hello_moveit/share/hello_moveit/package.dsv'
[18.464s] INFO:colcon.colcon_core.shell:Creating package script '/home/developer/SPWAR_ws/src/install/hello_moveit/share/hello_moveit/package.sh'
[18.465s] INFO:colcon.colcon_core.shell:Creating package script '/home/developer/SPWAR_ws/src/install/hello_moveit/share/hello_moveit/package.bash'
[18.465s] INFO:colcon.colcon_core.shell:Creating package script '/home/developer/SPWAR_ws/src/install/hello_moveit/share/hello_moveit/package.zsh'
[18.465s] Level 1:colcon.colcon_core.environment:create_file_with_runtime_dependencies(/home/developer/SPWAR_ws/src/install/hello_moveit/share/colcon-core/packages/hello_moveit)
[18.496s] Level 1:colcon.colcon_core.environment:create_environment_scripts_only(hello_moveit)
[18.496s] Level 1:colcon.colcon_core.environment:checking '/home/developer/SPWAR_ws/src/install/hello_moveit' for CMake module files
[18.496s] Level 1:colcon.colcon_core.environment:checking '/home/developer/SPWAR_ws/src/install/hello_moveit' for CMake config files
[18.497s] Level 1:colcon.colcon_core.shell:create_environment_hook('hello_moveit', 'cmake_prefix_path')
[18.497s] INFO:colcon.colcon_core.shell:Creating environment hook '/home/developer/SPWAR_ws/src/install/hello_moveit/share/hello_moveit/hook/cmake_prefix_path.ps1'
[18.497s] INFO:colcon.colcon_core.shell:Creating environment descriptor '/home/developer/SPWAR_ws/src/install/hello_moveit/share/hello_moveit/hook/cmake_prefix_path.dsv'
[18.498s] INFO:colcon.colcon_core.shell:Creating environment hook '/home/developer/SPWAR_ws/src/install/hello_moveit/share/hello_moveit/hook/cmake_prefix_path.sh'
[18.498s] Level 1:colcon.colcon_core.environment:checking '/home/developer/SPWAR_ws/src/install/hello_moveit/lib'
[18.498s] Level 1:colcon.colcon_core.environment:checking '/home/developer/SPWAR_ws/src/install/hello_moveit/bin'
[18.498s] Level 1:colcon.colcon_core.environment:checking '/home/developer/SPWAR_ws/src/install/hello_moveit/lib/pkgconfig/hello_moveit.pc'
[18.498s] Level 1:colcon.colcon_core.environment:checking '/home/developer/SPWAR_ws/src/install/hello_moveit/lib/python3.10/site-packages'
[18.498s] Level 1:colcon.colcon_core.environment:checking '/home/developer/SPWAR_ws/src/install/hello_moveit/bin'
[18.499s] INFO:colcon.colcon_core.shell:Creating package script '/home/developer/SPWAR_ws/src/install/hello_moveit/share/hello_moveit/package.ps1'
[18.499s] INFO:colcon.colcon_core.shell:Creating package descriptor '/home/developer/SPWAR_ws/src/install/hello_moveit/share/hello_moveit/package.dsv'
[18.499s] INFO:colcon.colcon_core.shell:Creating package script '/home/developer/SPWAR_ws/src/install/hello_moveit/share/hello_moveit/package.sh'
[18.500s] INFO:colcon.colcon_core.shell:Creating package script '/home/developer/SPWAR_ws/src/install/hello_moveit/share/hello_moveit/package.bash'
[18.500s] INFO:colcon.colcon_core.shell:Creating package script '/home/developer/SPWAR_ws/src/install/hello_moveit/share/hello_moveit/package.zsh'
[18.500s] Level 1:colcon.colcon_core.environment:create_file_with_runtime_dependencies(/home/developer/SPWAR_ws/src/install/hello_moveit/share/colcon-core/packages/hello_moveit)
[18.501s] DEBUG:colcon.colcon_parallel_executor.executor.parallel:closing loop
[18.501s] DEBUG:colcon.colcon_parallel_executor.executor.parallel:loop closed
[18.501s] DEBUG:colcon.colcon_parallel_executor.executor.parallel:run_until_complete finished with '0'
[18.501s] DEBUG:colcon.colcon_core.event_reactor:joining thread
[18.512s] INFO:colcon.colcon_core.plugin_system:Skipping extension 'colcon_notification.desktop_notification.notify_send': Could not find 'notify-send'
[18.512s] INFO:colcon.colcon_core.plugin_system:Skipping extension 'colcon_notification.desktop_notification.terminal_notifier': Not used on non-Darwin systems
[18.512s] INFO:colcon.colcon_core.plugin_system:Skipping extension 'colcon_notification.desktop_notification.win32': Not used on non-Windows systems
[18.512s] INFO:colcon.colcon_notification.desktop_notification:Sending desktop notification using 'notify2'
[18.515s] DEBUG:colcon.colcon_notification.desktop_notification.notify2:Failed to initialize notify2: org.freedesktop.DBus.Error.Spawn.ExecFailed: /usr/bin/dbus-launch terminated abnormally without any error message
[18.515s] DEBUG:colcon.colcon_core.event_reactor:joined thread
[18.516s] INFO:colcon.colcon_core.shell:Creating prefix script '/home/developer/SPWAR_ws/src/install/local_setup.ps1'
[18.517s] INFO:colcon.colcon_core.shell:Creating prefix util module '/home/developer/SPWAR_ws/src/install/_local_setup_util_ps1.py'
[18.520s] INFO:colcon.colcon_core.shell:Creating prefix chain script '/home/developer/SPWAR_ws/src/install/setup.ps1'
[18.521s] INFO:colcon.colcon_core.shell:Creating prefix script '/home/developer/SPWAR_ws/src/install/local_setup.sh'
[18.522s] INFO:colcon.colcon_core.shell:Creating prefix util module '/home/developer/SPWAR_ws/src/install/_local_setup_util_sh.py'
[18.522s] INFO:colcon.colcon_core.shell:Creating prefix chain script '/home/developer/SPWAR_ws/src/install/setup.sh'
[18.523s] INFO:colcon.colcon_core.shell:Creating prefix script '/home/developer/SPWAR_ws/src/install/local_setup.bash'
[18.524s] INFO:colcon.colcon_core.shell:Creating prefix chain script '/home/developer/SPWAR_ws/src/install/setup.bash'
[18.525s] INFO:colcon.colcon_core.shell:Creating prefix script '/home/developer/SPWAR_ws/src/install/local_setup.zsh'
[18.525s] INFO:colcon.colcon_core.shell:Creating prefix chain script '/home/developer/SPWAR_ws/src/install/setup.zsh'
