[0.135s] DEBUG:colcon:Command line arguments: ['/usr/bin/colcon', 'build']
[0.135s] DEBUG:colcon:Parsed command line arguments: Namespace(log_base=None, log_level=None, verb_name='build', build_base='build', install_base='install', merge_install=False, symlink_install=False, test_result_base=None, continue_on_error=False, executor='parallel', parallel_workers=16, event_handlers=None, ignore_user_meta=False, metas=['./colcon.meta'], base_paths=['.'], packages_ignore=None, packages_ignore_regex=None, paths=None, packages_up_to=None, packages_up_to_regex=None, packages_above=None, packages_above_and_dependencies=None, packages_above_depth=None, packages_select_by_dep=None, packages_skip_by_dep=None, packages_skip_up_to=None, packages_select_build_failed=False, packages_skip_build_finished=False, packages_select_test_failures=False, packages_skip_test_passed=False, packages_select=None, packages_skip=None, packages_select_regex=None, packages_skip_regex=None, packages_start=None, packages_end=None, cmake_args=None, cmake_target=None, cmake_target_skip_unavailable=False, cmake_clean_cache=False, cmake_clean_first=False, cmake_force_configure=False, ament_cmake_args=None, catkin_cmake_args=None, catkin_skip_building_tests=False, mixin_files=None, mixin=None, verb_parser=<colcon_mixin.mixin.mixin_argument.MixinArgumentDecorator object at 0x790d6616c940>, verb_extension=<colcon_core.verb.build.BuildVerb object at 0x790d6616c3d0>, main=<bound method BuildVerb.main of <colcon_core.verb.build.BuildVerb object at 0x790d6616c3d0>>, mixin_verb=('build',))
[0.262s] Level 1:colcon.colcon_core.package_discovery:discover_packages(colcon_meta) check parameters
[0.263s] INFO:colcon.colcon_metadata.package_discovery.colcon_meta:Using configuration from '/root/.colcon/metadata/default/Gazebo.meta'
[0.263s] INFO:colcon.colcon_metadata.package_discovery.colcon_meta:Using configuration from '/root/.colcon/metadata/default/fastrtps.meta'
[0.263s] Level 1:colcon.colcon_core.package_discovery:discover_packages(recursive) check parameters
[0.263s] Level 1:colcon.colcon_core.package_discovery:discover_packages(ignore) check parameters
[0.263s] Level 1:colcon.colcon_core.package_discovery:discover_packages(path) check parameters
[0.263s] Level 1:colcon.colcon_core.package_discovery:discover_packages(colcon_meta) discover
[0.263s] Level 1:colcon.colcon_core.package_discovery:discover_packages(recursive) discover
[0.263s] INFO:colcon.colcon_core.package_discovery:Crawling recursively for packages in '/home/developer/SPWAR_ws/src'
[0.263s] Level 1:colcon.colcon_core.package_identification:_identify(.) by extensions ['ignore', 'ignore_ament_install']
[0.264s] Level 1:colcon.colcon_core.package_identification:_identify(.) by extension 'ignore'
[0.264s] Level 1:colcon.colcon_core.package_identification:_identify(.) by extension 'ignore_ament_install'
[0.264s] Level 1:colcon.colcon_core.package_identification:_identify(.) by extensions ['colcon_pkg']
[0.264s] Level 1:colcon.colcon_core.package_identification:_identify(.) by extension 'colcon_pkg'
[0.264s] Level 1:colcon.colcon_core.package_identification:_identify(.) by extensions ['colcon_meta']
[0.264s] Level 1:colcon.colcon_core.package_identification:_identify(.) by extension 'colcon_meta'
[0.264s] Level 1:colcon.colcon_core.package_identification:_identify(.) by extensions ['ros']
[0.264s] Level 1:colcon.colcon_core.package_identification:_identify(.) by extension 'ros'
[0.273s] Level 1:colcon.colcon_core.package_identification:_identify(.) by extensions ['cmake', 'python']
[0.273s] Level 1:colcon.colcon_core.package_identification:_identify(.) by extension 'cmake'
[0.273s] Level 1:colcon.colcon_core.package_identification:_identify(.) by extension 'python'
[0.273s] Level 1:colcon.colcon_core.package_identification:_identify(.) by extensions ['python_setup_py']
[0.273s] Level 1:colcon.colcon_core.package_identification:_identify(.) by extension 'python_setup_py'
[0.273s] Level 1:colcon.colcon_core.package_identification:_identify(build) by extensions ['ignore', 'ignore_ament_install']
[0.273s] Level 1:colcon.colcon_core.package_identification:_identify(build) by extension 'ignore'
[0.273s] Level 1:colcon.colcon_core.package_identification:_identify(build) ignored
[0.273s] Level 1:colcon.colcon_core.package_identification:_identify(hello_moveit) by extensions ['ignore', 'ignore_ament_install']
[0.273s] Level 1:colcon.colcon_core.package_identification:_identify(hello_moveit) by extension 'ignore'
[0.273s] Level 1:colcon.colcon_core.package_identification:_identify(hello_moveit) by extension 'ignore_ament_install'
[0.273s] Level 1:colcon.colcon_core.package_identification:_identify(hello_moveit) by extensions ['colcon_pkg']
[0.273s] Level 1:colcon.colcon_core.package_identification:_identify(hello_moveit) by extension 'colcon_pkg'
[0.273s] Level 1:colcon.colcon_core.package_identification:_identify(hello_moveit) by extensions ['colcon_meta']
[0.273s] Level 1:colcon.colcon_core.package_identification:_identify(hello_moveit) by extension 'colcon_meta'
[0.273s] Level 1:colcon.colcon_core.package_identification:_identify(hello_moveit) by extensions ['ros']
[0.274s] Level 1:colcon.colcon_core.package_identification:_identify(hello_moveit) by extension 'ros'
[0.275s] DEBUG:colcon.colcon_core.package_identification:Package 'hello_moveit' with type 'ros.ament_cmake' and name 'hello_moveit'
[0.275s] Level 1:colcon.colcon_core.package_identification:_identify(install) by extensions ['ignore', 'ignore_ament_install']
[0.276s] Level 1:colcon.colcon_core.package_identification:_identify(install) by extension 'ignore'
[0.276s] Level 1:colcon.colcon_core.package_identification:_identify(install) ignored
[0.276s] Level 1:colcon.colcon_core.package_identification:_identify(log) by extensions ['ignore', 'ignore_ament_install']
[0.276s] Level 1:colcon.colcon_core.package_identification:_identify(log) by extension 'ignore'
[0.276s] Level 1:colcon.colcon_core.package_identification:_identify(log) ignored
[0.276s] Level 1:colcon.colcon_core.package_identification:_identify(spot_description) by extensions ['ignore', 'ignore_ament_install']
[0.276s] Level 1:colcon.colcon_core.package_identification:_identify(spot_description) by extension 'ignore'
[0.276s] Level 1:colcon.colcon_core.package_identification:_identify(spot_description) by extension 'ignore_ament_install'
[0.276s] Level 1:colcon.colcon_core.package_identification:_identify(spot_description) by extensions ['colcon_pkg']
[0.276s] Level 1:colcon.colcon_core.package_identification:_identify(spot_description) by extension 'colcon_pkg'
[0.276s] Level 1:colcon.colcon_core.package_identification:_identify(spot_description) by extensions ['colcon_meta']
[0.276s] Level 1:colcon.colcon_core.package_identification:_identify(spot_description) by extension 'colcon_meta'
[0.276s] Level 1:colcon.colcon_core.package_identification:_identify(spot_description) by extensions ['ros']
[0.276s] Level 1:colcon.colcon_core.package_identification:_identify(spot_description) by extension 'ros'
[0.277s] DEBUG:colcon.colcon_core.package_identification:Package 'spot_description' with type 'ros.ament_cmake' and name 'spot_description'
[0.278s] Level 1:colcon.colcon_core.package_identification:_identify(spot_moveit_config) by extensions ['ignore', 'ignore_ament_install']
[0.278s] Level 1:colcon.colcon_core.package_identification:_identify(spot_moveit_config) by extension 'ignore'
[0.278s] Level 1:colcon.colcon_core.package_identification:_identify(spot_moveit_config) by extension 'ignore_ament_install'
[0.278s] Level 1:colcon.colcon_core.package_identification:_identify(spot_moveit_config) by extensions ['colcon_pkg']
[0.278s] Level 1:colcon.colcon_core.package_identification:_identify(spot_moveit_config) by extension 'colcon_pkg'
[0.278s] Level 1:colcon.colcon_core.package_identification:_identify(spot_moveit_config) by extensions ['colcon_meta']
[0.278s] Level 1:colcon.colcon_core.package_identification:_identify(spot_moveit_config) by extension 'colcon_meta'
[0.278s] Level 1:colcon.colcon_core.package_identification:_identify(spot_moveit_config) by extensions ['ros']
[0.278s] Level 1:colcon.colcon_core.package_identification:_identify(spot_moveit_config) by extension 'ros'
[0.278s] DEBUG:colcon.colcon_core.package_identification:Package 'spot_moveit_config' with type 'ros.ament_cmake' and name 'spot_moveit_config'
[0.279s] Level 1:colcon.colcon_core.package_discovery:discover_packages(recursive) using defaults
[0.279s] Level 1:colcon.colcon_core.package_discovery:discover_packages(ignore) discover
[0.279s] Level 1:colcon.colcon_core.package_discovery:discover_packages(ignore) using defaults
[0.279s] Level 1:colcon.colcon_core.package_discovery:discover_packages(path) discover
[0.279s] Level 1:colcon.colcon_core.package_discovery:discover_packages(path) using defaults
[0.296s] Level 5:colcon.colcon_core.verb:set package 'hello_moveit' build argument 'cmake_args' from command line to 'None'
[0.296s] Level 5:colcon.colcon_core.verb:set package 'hello_moveit' build argument 'cmake_target' from command line to 'None'
[0.296s] Level 5:colcon.colcon_core.verb:set package 'hello_moveit' build argument 'cmake_target_skip_unavailable' from command line to 'False'
[0.296s] Level 5:colcon.colcon_core.verb:set package 'hello_moveit' build argument 'cmake_clean_cache' from command line to 'False'
[0.296s] Level 5:colcon.colcon_core.verb:set package 'hello_moveit' build argument 'cmake_clean_first' from command line to 'False'
[0.296s] Level 5:colcon.colcon_core.verb:set package 'hello_moveit' build argument 'cmake_force_configure' from command line to 'False'
[0.296s] Level 5:colcon.colcon_core.verb:set package 'hello_moveit' build argument 'ament_cmake_args' from command line to 'None'
[0.296s] Level 5:colcon.colcon_core.verb:set package 'hello_moveit' build argument 'catkin_cmake_args' from command line to 'None'
[0.296s] Level 5:colcon.colcon_core.verb:set package 'hello_moveit' build argument 'catkin_skip_building_tests' from command line to 'False'
[0.296s] DEBUG:colcon.colcon_core.verb:Building package 'hello_moveit' with the following arguments: {'ament_cmake_args': None, 'build_base': '/home/developer/SPWAR_ws/src/build/hello_moveit', 'catkin_cmake_args': None, 'catkin_skip_building_tests': False, 'cmake_args': None, 'cmake_clean_cache': False, 'cmake_clean_first': False, 'cmake_force_configure': False, 'cmake_target': None, 'cmake_target_skip_unavailable': False, 'install_base': '/home/developer/SPWAR_ws/src/install/hello_moveit', 'merge_install': False, 'path': '/home/developer/SPWAR_ws/src/hello_moveit', 'symlink_install': False, 'test_result_base': None}
[0.297s] Level 5:colcon.colcon_core.verb:set package 'spot_description' build argument 'cmake_args' from command line to 'None'
[0.297s] Level 5:colcon.colcon_core.verb:set package 'spot_description' build argument 'cmake_target' from command line to 'None'
[0.297s] Level 5:colcon.colcon_core.verb:set package 'spot_description' build argument 'cmake_target_skip_unavailable' from command line to 'False'
[0.297s] Level 5:colcon.colcon_core.verb:set package 'spot_description' build argument 'cmake_clean_cache' from command line to 'False'
[0.297s] Level 5:colcon.colcon_core.verb:set package 'spot_description' build argument 'cmake_clean_first' from command line to 'False'
[0.297s] Level 5:colcon.colcon_core.verb:set package 'spot_description' build argument 'cmake_force_configure' from command line to 'False'
[0.297s] Level 5:colcon.colcon_core.verb:set package 'spot_description' build argument 'ament_cmake_args' from command line to 'None'
[0.297s] Level 5:colcon.colcon_core.verb:set package 'spot_description' build argument 'catkin_cmake_args' from command line to 'None'
[0.297s] Level 5:colcon.colcon_core.verb:set package 'spot_description' build argument 'catkin_skip_building_tests' from command line to 'False'
[0.297s] DEBUG:colcon.colcon_core.verb:Building package 'spot_description' with the following arguments: {'ament_cmake_args': None, 'build_base': '/home/developer/SPWAR_ws/src/build/spot_description', 'catkin_cmake_args': None, 'catkin_skip_building_tests': False, 'cmake_args': None, 'cmake_clean_cache': False, 'cmake_clean_first': False, 'cmake_force_configure': False, 'cmake_target': None, 'cmake_target_skip_unavailable': False, 'install_base': '/home/developer/SPWAR_ws/src/install/spot_description', 'merge_install': False, 'path': '/home/developer/SPWAR_ws/src/spot_description', 'symlink_install': False, 'test_result_base': None}
[0.297s] Level 5:colcon.colcon_core.verb:set package 'spot_moveit_config' build argument 'cmake_args' from command line to 'None'
[0.297s] Level 5:colcon.colcon_core.verb:set package 'spot_moveit_config' build argument 'cmake_target' from command line to 'None'
[0.297s] Level 5:colcon.colcon_core.verb:set package 'spot_moveit_config' build argument 'cmake_target_skip_unavailable' from command line to 'False'
[0.297s] Level 5:colcon.colcon_core.verb:set package 'spot_moveit_config' build argument 'cmake_clean_cache' from command line to 'False'
[0.297s] Level 5:colcon.colcon_core.verb:set package 'spot_moveit_config' build argument 'cmake_clean_first' from command line to 'False'
[0.297s] Level 5:colcon.colcon_core.verb:set package 'spot_moveit_config' build argument 'cmake_force_configure' from command line to 'False'
[0.297s] Level 5:colcon.colcon_core.verb:set package 'spot_moveit_config' build argument 'ament_cmake_args' from command line to 'None'
[0.297s] Level 5:colcon.colcon_core.verb:set package 'spot_moveit_config' build argument 'catkin_cmake_args' from command line to 'None'
[0.297s] Level 5:colcon.colcon_core.verb:set package 'spot_moveit_config' build argument 'catkin_skip_building_tests' from command line to 'False'
[0.297s] DEBUG:colcon.colcon_core.verb:Building package 'spot_moveit_config' with the following arguments: {'ament_cmake_args': None, 'build_base': '/home/developer/SPWAR_ws/src/build/spot_moveit_config', 'catkin_cmake_args': None, 'catkin_skip_building_tests': False, 'cmake_args': None, 'cmake_clean_cache': False, 'cmake_clean_first': False, 'cmake_force_configure': False, 'cmake_target': None, 'cmake_target_skip_unavailable': False, 'install_base': '/home/developer/SPWAR_ws/src/install/spot_moveit_config', 'merge_install': False, 'path': '/home/developer/SPWAR_ws/src/spot_moveit_config', 'symlink_install': False, 'test_result_base': None}
[0.297s] INFO:colcon.colcon_core.executor:Executing jobs using 'parallel' executor
[0.298s] DEBUG:colcon.colcon_parallel_executor.executor.parallel:run_until_complete
[0.299s] INFO:colcon.colcon_ros.task.ament_cmake.build:Building ROS package in '/home/developer/SPWAR_ws/src/spot_description' with build type 'ament_cmake'
[0.299s] INFO:colcon.colcon_cmake.task.cmake.build:Building CMake package in '/home/developer/SPWAR_ws/src/spot_description'
[0.301s] INFO:colcon.colcon_core.plugin_system:Skipping extension 'colcon_core.shell.bat': Not used on non-Windows systems
[0.302s] INFO:colcon.colcon_core.shell:Skip shell extension 'powershell' for command environment: Not usable outside of PowerShell
[0.302s] DEBUG:colcon.colcon_core.shell:Skip shell extension 'dsv' for command environment
[0.312s] INFO:colcon.colcon_ros.task.ament_cmake.build:Building ROS package in '/home/developer/SPWAR_ws/src/hello_moveit' with build type 'ament_cmake'
[0.312s] INFO:colcon.colcon_cmake.task.cmake.build:Building CMake package in '/home/developer/SPWAR_ws/src/hello_moveit'
[0.312s] INFO:colcon.colcon_core.shell:Skip shell extension 'powershell' for command environment: Not usable outside of PowerShell
[0.312s] DEBUG:colcon.colcon_core.shell:Skip shell extension 'dsv' for command environment
[0.321s] DEBUG:colcon.colcon_core.event_handler.log_command:Invoking command in '/home/developer/SPWAR_ws/src/build/spot_description': CMAKE_PREFIX_PATH=${CMAKE_PREFIX_PATH}:/opt/ros/humble /usr/bin/cmake --build /home/developer/SPWAR_ws/src/build/spot_description -- -j16 -l16
[0.324s] DEBUG:colcon.colcon_core.event_handler.log_command:Invoking command in '/home/developer/SPWAR_ws/src/build/hello_moveit': CMAKE_PREFIX_PATH=${CMAKE_PREFIX_PATH}:/opt/ros/humble /usr/bin/cmake --build /home/developer/SPWAR_ws/src/build/hello_moveit -- -j16 -l16
[0.381s] DEBUG:colcon.colcon_core.event_handler.log_command:Invoked command in '/home/developer/SPWAR_ws/src/build/spot_description' returned '0': CMAKE_PREFIX_PATH=${CMAKE_PREFIX_PATH}:/opt/ros/humble /usr/bin/cmake --build /home/developer/SPWAR_ws/src/build/spot_description -- -j16 -l16
[0.411s] DEBUG:colcon.colcon_core.event_handler.log_command:Invoking command in '/home/developer/SPWAR_ws/src/build/spot_description': CMAKE_PREFIX_PATH=${CMAKE_PREFIX_PATH}:/opt/ros/humble /usr/bin/cmake --install /home/developer/SPWAR_ws/src/build/spot_description
[0.436s] Level 1:colcon.colcon_core.environment:create_environment_scripts_only(spot_description)
[0.437s] DEBUG:colcon.colcon_core.event_handler.log_command:Invoked command in '/home/developer/SPWAR_ws/src/build/spot_description' returned '0': CMAKE_PREFIX_PATH=${CMAKE_PREFIX_PATH}:/opt/ros/humble /usr/bin/cmake --install /home/developer/SPWAR_ws/src/build/spot_description
[0.439s] Level 1:colcon.colcon_core.environment:checking '/home/developer/SPWAR_ws/src/install/spot_description' for CMake module files
[0.439s] Level 1:colcon.colcon_core.environment:checking '/home/developer/SPWAR_ws/src/install/spot_description' for CMake config files
[0.440s] Level 1:colcon.colcon_core.shell:create_environment_hook('spot_description', 'cmake_prefix_path')
[0.440s] INFO:colcon.colcon_core.shell:Creating environment hook '/home/developer/SPWAR_ws/src/install/spot_description/share/spot_description/hook/cmake_prefix_path.ps1'
[0.441s] INFO:colcon.colcon_core.shell:Creating environment descriptor '/home/developer/SPWAR_ws/src/install/spot_description/share/spot_description/hook/cmake_prefix_path.dsv'
[0.441s] INFO:colcon.colcon_core.shell:Creating environment hook '/home/developer/SPWAR_ws/src/install/spot_description/share/spot_description/hook/cmake_prefix_path.sh'
[0.441s] Level 1:colcon.colcon_core.environment:checking '/home/developer/SPWAR_ws/src/install/spot_description/bin'
[0.442s] Level 1:colcon.colcon_core.environment:checking '/home/developer/SPWAR_ws/src/install/spot_description/lib/pkgconfig/spot_description.pc'
[0.443s] Level 1:colcon.colcon_core.environment:checking '/home/developer/SPWAR_ws/src/install/spot_description/lib/python3.10/site-packages'
[0.443s] Level 1:colcon.colcon_core.environment:checking '/home/developer/SPWAR_ws/src/install/spot_description/bin'
[0.443s] INFO:colcon.colcon_core.shell:Creating package script '/home/developer/SPWAR_ws/src/install/spot_description/share/spot_description/package.ps1'
[0.444s] INFO:colcon.colcon_core.shell:Creating package descriptor '/home/developer/SPWAR_ws/src/install/spot_description/share/spot_description/package.dsv'
[0.444s] INFO:colcon.colcon_core.shell:Creating package script '/home/developer/SPWAR_ws/src/install/spot_description/share/spot_description/package.sh'
[0.445s] INFO:colcon.colcon_core.shell:Creating package script '/home/developer/SPWAR_ws/src/install/spot_description/share/spot_description/package.bash'
[0.445s] INFO:colcon.colcon_core.shell:Creating package script '/home/developer/SPWAR_ws/src/install/spot_description/share/spot_description/package.zsh'
[0.446s] Level 1:colcon.colcon_core.environment:create_file_with_runtime_dependencies(/home/developer/SPWAR_ws/src/install/spot_description/share/colcon-core/packages/spot_description)
[0.470s] Level 1:colcon.colcon_core.environment:create_environment_scripts_only(spot_description)
[0.470s] Level 1:colcon.colcon_core.environment:checking '/home/developer/SPWAR_ws/src/install/spot_description' for CMake module files
[0.470s] Level 1:colcon.colcon_core.environment:checking '/home/developer/SPWAR_ws/src/install/spot_description' for CMake config files
[0.471s] Level 1:colcon.colcon_core.shell:create_environment_hook('spot_description', 'cmake_prefix_path')
[0.471s] INFO:colcon.colcon_core.shell:Creating environment hook '/home/developer/SPWAR_ws/src/install/spot_description/share/spot_description/hook/cmake_prefix_path.ps1'
[0.471s] INFO:colcon.colcon_core.shell:Creating environment descriptor '/home/developer/SPWAR_ws/src/install/spot_description/share/spot_description/hook/cmake_prefix_path.dsv'
[0.472s] INFO:colcon.colcon_core.shell:Creating environment hook '/home/developer/SPWAR_ws/src/install/spot_description/share/spot_description/hook/cmake_prefix_path.sh'
[0.472s] Level 1:colcon.colcon_core.environment:checking '/home/developer/SPWAR_ws/src/install/spot_description/bin'
[0.472s] Level 1:colcon.colcon_core.environment:checking '/home/developer/SPWAR_ws/src/install/spot_description/lib/pkgconfig/spot_description.pc'
[0.472s] Level 1:colcon.colcon_core.environment:checking '/home/developer/SPWAR_ws/src/install/spot_description/lib/python3.10/site-packages'
[0.473s] Level 1:colcon.colcon_core.environment:checking '/home/developer/SPWAR_ws/src/install/spot_description/bin'
[0.473s] INFO:colcon.colcon_core.shell:Creating package script '/home/developer/SPWAR_ws/src/install/spot_description/share/spot_description/package.ps1'
[0.473s] INFO:colcon.colcon_core.shell:Creating package descriptor '/home/developer/SPWAR_ws/src/install/spot_description/share/spot_description/package.dsv'
[0.474s] INFO:colcon.colcon_core.shell:Creating package script '/home/developer/SPWAR_ws/src/install/spot_description/share/spot_description/package.sh'
[0.474s] INFO:colcon.colcon_core.shell:Creating package script '/home/developer/SPWAR_ws/src/install/spot_description/share/spot_description/package.bash'
[0.474s] INFO:colcon.colcon_core.shell:Creating package script '/home/developer/SPWAR_ws/src/install/spot_description/share/spot_description/package.zsh'
[0.475s] Level 1:colcon.colcon_core.environment:create_file_with_runtime_dependencies(/home/developer/SPWAR_ws/src/install/spot_description/share/colcon-core/packages/spot_description)
[0.475s] INFO:colcon.colcon_ros.task.ament_cmake.build:Building ROS package in '/home/developer/SPWAR_ws/src/spot_moveit_config' with build type 'ament_cmake'
[0.475s] INFO:colcon.colcon_cmake.task.cmake.build:Building CMake package in '/home/developer/SPWAR_ws/src/spot_moveit_config'
[0.475s] INFO:colcon.colcon_core.shell:Skip shell extension 'powershell' for command environment: Not usable outside of PowerShell
[0.475s] DEBUG:colcon.colcon_core.shell:Skip shell extension 'dsv' for command environment
[0.485s] DEBUG:colcon.colcon_core.event_handler.log_command:Invoking command in '/home/developer/SPWAR_ws/src/build/spot_moveit_config': CMAKE_PREFIX_PATH=/home/developer/SPWAR_ws/src/install/spot_description:/home/developer/SPWAR_ws/install/hello_moveit:/home/developer/SPWAR_ws/src/install/spot_moveit_config:/home/developer/SPWAR_ws/src/install/hello_moveit:/home/developer/SPWAR_ws/install/spot_moveit_config:/home/developer/SPWAR_ws/install/spot_description:/opt/ros/humble /usr/bin/cmake --build /home/developer/SPWAR_ws/src/build/spot_moveit_config -- -j16 -l16
[0.525s] DEBUG:colcon.colcon_core.event_handler.log_command:Invoked command in '/home/developer/SPWAR_ws/src/build/spot_moveit_config' returned '0': CMAKE_PREFIX_PATH=/home/developer/SPWAR_ws/src/install/spot_description:/home/developer/SPWAR_ws/install/hello_moveit:/home/developer/SPWAR_ws/src/install/spot_moveit_config:/home/developer/SPWAR_ws/src/install/hello_moveit:/home/developer/SPWAR_ws/install/spot_moveit_config:/home/developer/SPWAR_ws/install/spot_description:/opt/ros/humble /usr/bin/cmake --build /home/developer/SPWAR_ws/src/build/spot_moveit_config -- -j16 -l16
[0.548s] DEBUG:colcon.colcon_core.event_handler.log_command:Invoking command in '/home/developer/SPWAR_ws/src/build/spot_moveit_config': CMAKE_PREFIX_PATH=/home/developer/SPWAR_ws/src/install/spot_description:/home/developer/SPWAR_ws/install/hello_moveit:/home/developer/SPWAR_ws/src/install/spot_moveit_config:/home/developer/SPWAR_ws/src/install/hello_moveit:/home/developer/SPWAR_ws/install/spot_moveit_config:/home/developer/SPWAR_ws/install/spot_description:/opt/ros/humble /usr/bin/cmake --install /home/developer/SPWAR_ws/src/build/spot_moveit_config
[0.573s] Level 1:colcon.colcon_core.environment:create_environment_scripts_only(spot_moveit_config)
[0.573s] Level 1:colcon.colcon_core.environment:checking '/home/developer/SPWAR_ws/src/install/spot_moveit_config' for CMake module files
[0.573s] DEBUG:colcon.colcon_core.event_handler.log_command:Invoked command in '/home/developer/SPWAR_ws/src/build/spot_moveit_config' returned '0': CMAKE_PREFIX_PATH=/home/developer/SPWAR_ws/src/install/spot_description:/home/developer/SPWAR_ws/install/hello_moveit:/home/developer/SPWAR_ws/src/install/spot_moveit_config:/home/developer/SPWAR_ws/src/install/hello_moveit:/home/developer/SPWAR_ws/install/spot_moveit_config:/home/developer/SPWAR_ws/install/spot_description:/opt/ros/humble /usr/bin/cmake --install /home/developer/SPWAR_ws/src/build/spot_moveit_config
[0.574s] Level 1:colcon.colcon_core.environment:checking '/home/developer/SPWAR_ws/src/install/spot_moveit_config' for CMake config files
[0.574s] Level 1:colcon.colcon_core.shell:create_environment_hook('spot_moveit_config', 'cmake_prefix_path')
[0.574s] INFO:colcon.colcon_core.shell:Creating environment hook '/home/developer/SPWAR_ws/src/install/spot_moveit_config/share/spot_moveit_config/hook/cmake_prefix_path.ps1'
[0.574s] INFO:colcon.colcon_core.shell:Creating environment descriptor '/home/developer/SPWAR_ws/src/install/spot_moveit_config/share/spot_moveit_config/hook/cmake_prefix_path.dsv'
[0.575s] INFO:colcon.colcon_core.shell:Creating environment hook '/home/developer/SPWAR_ws/src/install/spot_moveit_config/share/spot_moveit_config/hook/cmake_prefix_path.sh'
[0.575s] Level 1:colcon.colcon_core.environment:checking '/home/developer/SPWAR_ws/src/install/spot_moveit_config/bin'
[0.575s] Level 1:colcon.colcon_core.environment:checking '/home/developer/SPWAR_ws/src/install/spot_moveit_config/lib/pkgconfig/spot_moveit_config.pc'
[0.575s] Level 1:colcon.colcon_core.environment:checking '/home/developer/SPWAR_ws/src/install/spot_moveit_config/lib/python3.10/site-packages'
[0.576s] Level 1:colcon.colcon_core.environment:checking '/home/developer/SPWAR_ws/src/install/spot_moveit_config/bin'
[0.576s] INFO:colcon.colcon_core.shell:Creating package script '/home/developer/SPWAR_ws/src/install/spot_moveit_config/share/spot_moveit_config/package.ps1'
[0.576s] INFO:colcon.colcon_core.shell:Creating package descriptor '/home/developer/SPWAR_ws/src/install/spot_moveit_config/share/spot_moveit_config/package.dsv'
[0.576s] INFO:colcon.colcon_core.shell:Creating package script '/home/developer/SPWAR_ws/src/install/spot_moveit_config/share/spot_moveit_config/package.sh'
[0.577s] INFO:colcon.colcon_core.shell:Creating package script '/home/developer/SPWAR_ws/src/install/spot_moveit_config/share/spot_moveit_config/package.bash'
[0.577s] INFO:colcon.colcon_core.shell:Creating package script '/home/developer/SPWAR_ws/src/install/spot_moveit_config/share/spot_moveit_config/package.zsh'
[0.577s] Level 1:colcon.colcon_core.environment:create_file_with_runtime_dependencies(/home/developer/SPWAR_ws/src/install/spot_moveit_config/share/colcon-core/packages/spot_moveit_config)
[0.600s] Level 1:colcon.colcon_core.environment:create_environment_scripts_only(spot_moveit_config)
[0.600s] Level 1:colcon.colcon_core.environment:checking '/home/developer/SPWAR_ws/src/install/spot_moveit_config' for CMake module files
[0.601s] Level 1:colcon.colcon_core.environment:checking '/home/developer/SPWAR_ws/src/install/spot_moveit_config' for CMake config files
[0.601s] Level 1:colcon.colcon_core.shell:create_environment_hook('spot_moveit_config', 'cmake_prefix_path')
[0.601s] INFO:colcon.colcon_core.shell:Creating environment hook '/home/developer/SPWAR_ws/src/install/spot_moveit_config/share/spot_moveit_config/hook/cmake_prefix_path.ps1'
[0.601s] INFO:colcon.colcon_core.shell:Creating environment descriptor '/home/developer/SPWAR_ws/src/install/spot_moveit_config/share/spot_moveit_config/hook/cmake_prefix_path.dsv'
[0.602s] INFO:colcon.colcon_core.shell:Creating environment hook '/home/developer/SPWAR_ws/src/install/spot_moveit_config/share/spot_moveit_config/hook/cmake_prefix_path.sh'
[0.602s] Level 1:colcon.colcon_core.environment:checking '/home/developer/SPWAR_ws/src/install/spot_moveit_config/bin'
[0.602s] Level 1:colcon.colcon_core.environment:checking '/home/developer/SPWAR_ws/src/install/spot_moveit_config/lib/pkgconfig/spot_moveit_config.pc'
[0.602s] Level 1:colcon.colcon_core.environment:checking '/home/developer/SPWAR_ws/src/install/spot_moveit_config/lib/python3.10/site-packages'
[0.602s] Level 1:colcon.colcon_core.environment:checking '/home/developer/SPWAR_ws/src/install/spot_moveit_config/bin'
[0.603s] INFO:colcon.colcon_core.shell:Creating package script '/home/developer/SPWAR_ws/src/install/spot_moveit_config/share/spot_moveit_config/package.ps1'
[0.603s] INFO:colcon.colcon_core.shell:Creating package descriptor '/home/developer/SPWAR_ws/src/install/spot_moveit_config/share/spot_moveit_config/package.dsv'
[0.603s] INFO:colcon.colcon_core.shell:Creating package script '/home/developer/SPWAR_ws/src/install/spot_moveit_config/share/spot_moveit_config/package.sh'
[0.604s] INFO:colcon.colcon_core.shell:Creating package script '/home/developer/SPWAR_ws/src/install/spot_moveit_config/share/spot_moveit_config/package.bash'
[0.604s] INFO:colcon.colcon_core.shell:Creating package script '/home/developer/SPWAR_ws/src/install/spot_moveit_config/share/spot_moveit_config/package.zsh'
[0.604s] Level 1:colcon.colcon_core.environment:create_file_with_runtime_dependencies(/home/developer/SPWAR_ws/src/install/spot_moveit_config/share/colcon-core/packages/spot_moveit_config)
[10.062s] DEBUG:colcon.colcon_core.event_handler.log_command:Invoked command in '/home/developer/SPWAR_ws/src/build/hello_moveit' returned '0': CMAKE_PREFIX_PATH=${CMAKE_PREFIX_PATH}:/opt/ros/humble /usr/bin/cmake --build /home/developer/SPWAR_ws/src/build/hello_moveit -- -j16 -l16
[10.088s] DEBUG:colcon.colcon_core.event_handler.log_command:Invoking command in '/home/developer/SPWAR_ws/src/build/hello_moveit': CMAKE_PREFIX_PATH=${CMAKE_PREFIX_PATH}:/opt/ros/humble /usr/bin/cmake --install /home/developer/SPWAR_ws/src/build/hello_moveit
[10.110s] Level 1:colcon.colcon_core.environment:create_environment_scripts_only(hello_moveit)
[10.110s] Level 1:colcon.colcon_core.environment:checking '/home/developer/SPWAR_ws/src/install/hello_moveit' for CMake module files
[10.110s] DEBUG:colcon.colcon_core.event_handler.log_command:Invoked command in '/home/developer/SPWAR_ws/src/build/hello_moveit' returned '0': CMAKE_PREFIX_PATH=${CMAKE_PREFIX_PATH}:/opt/ros/humble /usr/bin/cmake --install /home/developer/SPWAR_ws/src/build/hello_moveit
[10.111s] Level 1:colcon.colcon_core.environment:checking '/home/developer/SPWAR_ws/src/install/hello_moveit' for CMake config files
[10.111s] Level 1:colcon.colcon_core.shell:create_environment_hook('hello_moveit', 'cmake_prefix_path')
[10.111s] INFO:colcon.colcon_core.shell:Creating environment hook '/home/developer/SPWAR_ws/src/install/hello_moveit/share/hello_moveit/hook/cmake_prefix_path.ps1'
[10.111s] INFO:colcon.colcon_core.shell:Creating environment descriptor '/home/developer/SPWAR_ws/src/install/hello_moveit/share/hello_moveit/hook/cmake_prefix_path.dsv'
[10.112s] INFO:colcon.colcon_core.shell:Creating environment hook '/home/developer/SPWAR_ws/src/install/hello_moveit/share/hello_moveit/hook/cmake_prefix_path.sh'
[10.112s] Level 1:colcon.colcon_core.environment:checking '/home/developer/SPWAR_ws/src/install/hello_moveit/lib'
[10.112s] Level 1:colcon.colcon_core.environment:checking '/home/developer/SPWAR_ws/src/install/hello_moveit/bin'
[10.112s] Level 1:colcon.colcon_core.environment:checking '/home/developer/SPWAR_ws/src/install/hello_moveit/lib/pkgconfig/hello_moveit.pc'
[10.113s] Level 1:colcon.colcon_core.environment:checking '/home/developer/SPWAR_ws/src/install/hello_moveit/lib/python3.10/site-packages'
[10.113s] Level 1:colcon.colcon_core.environment:checking '/home/developer/SPWAR_ws/src/install/hello_moveit/bin'
[10.113s] INFO:colcon.colcon_core.shell:Creating package script '/home/developer/SPWAR_ws/src/install/hello_moveit/share/hello_moveit/package.ps1'
[10.113s] INFO:colcon.colcon_core.shell:Creating package descriptor '/home/developer/SPWAR_ws/src/install/hello_moveit/share/hello_moveit/package.dsv'
[10.114s] INFO:colcon.colcon_core.shell:Creating package script '/home/developer/SPWAR_ws/src/install/hello_moveit/share/hello_moveit/package.sh'
[10.114s] INFO:colcon.colcon_core.shell:Creating package script '/home/developer/SPWAR_ws/src/install/hello_moveit/share/hello_moveit/package.bash'
[10.114s] INFO:colcon.colcon_core.shell:Creating package script '/home/developer/SPWAR_ws/src/install/hello_moveit/share/hello_moveit/package.zsh'
[10.114s] Level 1:colcon.colcon_core.environment:create_file_with_runtime_dependencies(/home/developer/SPWAR_ws/src/install/hello_moveit/share/colcon-core/packages/hello_moveit)
[10.140s] Level 1:colcon.colcon_core.environment:create_environment_scripts_only(hello_moveit)
[10.140s] Level 1:colcon.colcon_core.environment:checking '/home/developer/SPWAR_ws/src/install/hello_moveit' for CMake module files
[10.140s] Level 1:colcon.colcon_core.environment:checking '/home/developer/SPWAR_ws/src/install/hello_moveit' for CMake config files
[10.141s] Level 1:colcon.colcon_core.shell:create_environment_hook('hello_moveit', 'cmake_prefix_path')
[10.141s] INFO:colcon.colcon_core.shell:Creating environment hook '/home/developer/SPWAR_ws/src/install/hello_moveit/share/hello_moveit/hook/cmake_prefix_path.ps1'
[10.141s] INFO:colcon.colcon_core.shell:Creating environment descriptor '/home/developer/SPWAR_ws/src/install/hello_moveit/share/hello_moveit/hook/cmake_prefix_path.dsv'
[10.141s] INFO:colcon.colcon_core.shell:Creating environment hook '/home/developer/SPWAR_ws/src/install/hello_moveit/share/hello_moveit/hook/cmake_prefix_path.sh'
[10.142s] Level 1:colcon.colcon_core.environment:checking '/home/developer/SPWAR_ws/src/install/hello_moveit/lib'
[10.142s] Level 1:colcon.colcon_core.environment:checking '/home/developer/SPWAR_ws/src/install/hello_moveit/bin'
[10.142s] Level 1:colcon.colcon_core.environment:checking '/home/developer/SPWAR_ws/src/install/hello_moveit/lib/pkgconfig/hello_moveit.pc'
[10.142s] Level 1:colcon.colcon_core.environment:checking '/home/developer/SPWAR_ws/src/install/hello_moveit/lib/python3.10/site-packages'
[10.142s] Level 1:colcon.colcon_core.environment:checking '/home/developer/SPWAR_ws/src/install/hello_moveit/bin'
[10.143s] INFO:colcon.colcon_core.shell:Creating package script '/home/developer/SPWAR_ws/src/install/hello_moveit/share/hello_moveit/package.ps1'
[10.143s] INFO:colcon.colcon_core.shell:Creating package descriptor '/home/developer/SPWAR_ws/src/install/hello_moveit/share/hello_moveit/package.dsv'
[10.143s] INFO:colcon.colcon_core.shell:Creating package script '/home/developer/SPWAR_ws/src/install/hello_moveit/share/hello_moveit/package.sh'
[10.144s] INFO:colcon.colcon_core.shell:Creating package script '/home/developer/SPWAR_ws/src/install/hello_moveit/share/hello_moveit/package.bash'
[10.144s] INFO:colcon.colcon_core.shell:Creating package script '/home/developer/SPWAR_ws/src/install/hello_moveit/share/hello_moveit/package.zsh'
[10.144s] Level 1:colcon.colcon_core.environment:create_file_with_runtime_dependencies(/home/developer/SPWAR_ws/src/install/hello_moveit/share/colcon-core/packages/hello_moveit)
[10.144s] DEBUG:colcon.colcon_parallel_executor.executor.parallel:closing loop
[10.145s] DEBUG:colcon.colcon_parallel_executor.executor.parallel:loop closed
[10.145s] DEBUG:colcon.colcon_parallel_executor.executor.parallel:run_until_complete finished with '0'
[10.145s] DEBUG:colcon.colcon_core.event_reactor:joining thread
[10.158s] INFO:colcon.colcon_core.plugin_system:Skipping extension 'colcon_notification.desktop_notification.notify_send': Could not find 'notify-send'
[10.158s] INFO:colcon.colcon_core.plugin_system:Skipping extension 'colcon_notification.desktop_notification.terminal_notifier': Not used on non-Darwin systems
[10.158s] INFO:colcon.colcon_core.plugin_system:Skipping extension 'colcon_notification.desktop_notification.win32': Not used on non-Windows systems
[10.158s] INFO:colcon.colcon_notification.desktop_notification:Sending desktop notification using 'notify2'
[10.160s] DEBUG:colcon.colcon_notification.desktop_notification.notify2:Failed to initialize notify2: org.freedesktop.DBus.Error.Spawn.ExecFailed: /usr/bin/dbus-launch terminated abnormally without any error message
[10.161s] DEBUG:colcon.colcon_core.event_reactor:joined thread
[10.161s] INFO:colcon.colcon_core.shell:Creating prefix script '/home/developer/SPWAR_ws/src/install/local_setup.ps1'
[10.162s] INFO:colcon.colcon_core.shell:Creating prefix util module '/home/developer/SPWAR_ws/src/install/_local_setup_util_ps1.py'
[10.165s] INFO:colcon.colcon_core.shell:Creating prefix chain script '/home/developer/SPWAR_ws/src/install/setup.ps1'
[10.166s] INFO:colcon.colcon_core.shell:Creating prefix script '/home/developer/SPWAR_ws/src/install/local_setup.sh'
[10.167s] INFO:colcon.colcon_core.shell:Creating prefix util module '/home/developer/SPWAR_ws/src/install/_local_setup_util_sh.py'
[10.167s] INFO:colcon.colcon_core.shell:Creating prefix chain script '/home/developer/SPWAR_ws/src/install/setup.sh'
[10.168s] INFO:colcon.colcon_core.shell:Creating prefix script '/home/developer/SPWAR_ws/src/install/local_setup.bash'
[10.169s] INFO:colcon.colcon_core.shell:Creating prefix chain script '/home/developer/SPWAR_ws/src/install/setup.bash'
[10.170s] INFO:colcon.colcon_core.shell:Creating prefix script '/home/developer/SPWAR_ws/src/install/local_setup.zsh'
[10.171s] INFO:colcon.colcon_core.shell:Creating prefix chain script '/home/developer/SPWAR_ws/src/install/setup.zsh'
