[0.034s] Invoking command in '/home/developer/SPWAR_ws/build/hello_moveit': CMAKE_PREFIX_PATH=${CMAKE_PREFIX_PATH}:/opt/ros/humble /usr/bin/cmake --build /home/developer/SPWAR_ws/build/hello_moveit -- -j16 -l16
[0.417s] [100%] Built target hello_moveit
[0.443s] Invoked command in '/home/developer/SPWAR_ws/build/hello_moveit' returned '0': CMAKE_PREFIX_PATH=${CMAKE_PREFIX_PATH}:/opt/ros/humble /usr/bin/cmake --build /home/developer/SPWAR_ws/build/hello_moveit -- -j16 -l16
[0.513s] Invoking command in '/home/developer/SPWAR_ws/build/hello_moveit': CMAKE_PREFIX_PATH=${CMAKE_PREFIX_PATH}:/opt/ros/humble /usr/bin/cmake --install /home/developer/SPWAR_ws/build/hello_moveit
[0.532s] -- Install configuration: ""
[0.533s] -- Execute custom install script
[0.534s] -- Up-to-date symlink: /home/developer/SPWAR_ws/install/hello_moveit/lib/hello_moveit/hello_moveit
[0.535s] -- Up-to-date symlink: /home/developer/SPWAR_ws/install/hello_moveit/share/ament_index/resource_index/package_run_dependencies/hello_moveit
[0.536s] -- Up-to-date symlink: /home/developer/SPWAR_ws/install/hello_moveit/share/ament_index/resource_index/parent_prefix_path/hello_moveit
[0.537s] -- Up-to-date symlink: /home/developer/SPWAR_ws/install/hello_moveit/share/hello_moveit/environment/ament_prefix_path.sh
[0.541s] -- Up-to-date symlink: /home/developer/SPWAR_ws/install/hello_moveit/share/hello_moveit/environment/ament_prefix_path.dsv
[0.541s] -- Up-to-date symlink: /home/developer/SPWAR_ws/install/hello_moveit/share/hello_moveit/environment/path.sh
[0.541s] -- Up-to-date symlink: /home/developer/SPWAR_ws/install/hello_moveit/share/hello_moveit/environment/path.dsv
[0.543s] -- Up-to-date symlink: /home/developer/SPWAR_ws/install/hello_moveit/share/hello_moveit/local_setup.bash
[0.543s] -- Up-to-date symlink: /home/developer/SPWAR_ws/install/hello_moveit/share/hello_moveit/local_setup.sh
[0.544s] -- Up-to-date symlink: /home/developer/SPWAR_ws/install/hello_moveit/share/hello_moveit/local_setup.zsh
[0.544s] -- Up-to-date symlink: /home/developer/SPWAR_ws/install/hello_moveit/share/hello_moveit/local_setup.dsv
[0.545s] -- Symlinking: /home/developer/SPWAR_ws/install/hello_moveit/share/hello_moveit/package.dsv
[0.573s] -- Up-to-date symlink: /home/developer/SPWAR_ws/install/hello_moveit/share/ament_index/resource_index/packages/hello_moveit
[0.574s] -- Up-to-date symlink: /home/developer/SPWAR_ws/install/hello_moveit/share/hello_moveit/cmake/hello_moveitConfig.cmake
[0.574s] -- Up-to-date symlink: /home/developer/SPWAR_ws/install/hello_moveit/share/hello_moveit/cmake/hello_moveitConfig-version.cmake
[0.575s] -- Up-to-date symlink: /home/developer/SPWAR_ws/install/hello_moveit/share/hello_moveit/package.xml
[0.580s] Invoked command in '/home/developer/SPWAR_ws/build/hello_moveit' returned '0': CMAKE_PREFIX_PATH=${CMAKE_PREFIX_PATH}:/opt/ros/humble /usr/bin/cmake --install /home/developer/SPWAR_ws/build/hello_moveit
