[0.028s] Invoking command in '/home/developer/SPWAR_ws/build/spot_description': CMAKE_PREFIX_PATH=${CMAKE_PREFIX_PATH}:/opt/ros/humble /usr/bin/cmake /home/developer/SPWAR_ws/src/spot_description -DCMAKE_INSTALL_PREFIX=/home/developer/SPWAR_ws/install/spot_description
[0.119s] -- Found ament_cmake: 1.3.10 (/opt/ros/humble/share/ament_cmake/cmake)
[0.279s] -- Override CMake install command with custom implementation using symlinks instead of copying resources
[0.306s] -- Found gazebo_ros: 3.7.0 (/opt/ros/humble/share/gazebo_ros/cmake)
[0.368s] -- Found rosidl_generator_c: 3.1.5 (/opt/ros/humble/share/rosidl_generator_c/cmake)
[0.374s] -- Found rosidl_adapter: 3.1.5 (/opt/ros/humble/share/rosidl_adapter/cmake)
[0.386s] -- Found rosidl_generator_cpp: 3.1.5 (/opt/ros/humble/share/rosidl_generator_cpp/cmake)
[0.402s] -- Using all available rosidl_typesupport_c: rosidl_typesupport_fastrtps_c;rosidl_typesupport_introspection_c
[0.422s] -- Using all available rosidl_typesupport_cpp: rosidl_typesupport_fastrtps_cpp;rosidl_typesupport_introspection_cpp
[0.468s] -- Found rmw_implementation_cmake: 6.1.2 (/opt/ros/humble/share/rmw_implementation_cmake/cmake)
[0.470s] -- Found rmw_fastrtps_cpp: 6.2.7 (/opt/ros/humble/share/rmw_fastrtps_cpp/cmake)
[0.634s] -- Using RMW implementation 'rmw_fastrtps_cpp' as default
[0.729s] -- Found DART: /usr/include (Required is at least version "6.6") found components: dart 
[0.774s] -- Found Protobuf: /usr/lib/x86_64-linux-gnu/libprotobuf.so (found version "3.12.4") 
[0.777s] -- Looking for ignition-math6 -- found version 6.15.1
[0.784s] -- Searching for dependencies of ignition-math6
[0.789s] -- Looking for OGRE...
[0.795s] -- Found Ogre Ghadamon (1.9.0)
[0.795s] -- Found OGRE: optimized;/usr/lib/x86_64-linux-gnu/libOgreMain.so;debug;/usr/lib/x86_64-linux-gnu/libOgreMain.so
[0.804s] -- Looking for OGRE_Paging...
[0.804s] -- Found OGRE_Paging: optimized;/usr/lib/x86_64-linux-gnu/libOgrePaging.so;debug;/usr/lib/x86_64-linux-gnu/libOgrePaging.so
[0.804s] -- Looking for OGRE_Terrain...
[0.805s] -- Found OGRE_Terrain: optimized;/usr/lib/x86_64-linux-gnu/libOgreTerrain.so;debug;/usr/lib/x86_64-linux-gnu/libOgreTerrain.so
[0.805s] -- Looking for OGRE_Property...
[0.805s] -- Found OGRE_Property: optimized;/usr/lib/x86_64-linux-gnu/libOgreProperty.so;debug;/usr/lib/x86_64-linux-gnu/libOgreProperty.so
[0.805s] -- Looking for OGRE_RTShaderSystem...
[0.805s] -- Found OGRE_RTShaderSystem: optimized;/usr/lib/x86_64-linux-gnu/libOgreRTShaderSystem.so;debug;/usr/lib/x86_64-linux-gnu/libOgreRTShaderSystem.so
[0.805s] -- Looking for OGRE_Volume...
[0.805s] -- Found OGRE_Volume: optimized;/usr/lib/x86_64-linux-gnu/libOgreVolume.so;debug;/usr/lib/x86_64-linux-gnu/libOgreVolume.so
[0.805s] -- Looking for OGRE_Overlay...
[0.805s] -- Found OGRE_Overlay: optimized;/usr/lib/x86_64-linux-gnu/libOgreOverlay.so;debug;/usr/lib/x86_64-linux-gnu/libOgreOverlay.so
[0.906s] -- Looking for ignition-math6 -- found version 6.15.1
[0.907s] -- Looking for ignition-transport8 -- found version 8.2.1
[0.908s] -- Searching for dependencies of ignition-transport8
[0.937s] -- Found Protobuf: /usr/lib/x86_64-linux-gnu/libprotobuf.so (found suitable version "3.12.4", minimum required is "3") 
[0.958s] -- Config-file not installed for ZeroMQ -- checking for pkg-config
[0.965s] -- Checking for module 'libzmq >= 4'
[0.984s] --   Found libzmq , version 4.3.4
[1.035s] -- Checking for module 'uuid'
[1.050s] --   Found uuid, version 2.37.2
[1.089s] -- Looking for ignition-msgs5 -- found version 5.8.1
[1.089s] -- Searching for dependencies of ignition-msgs5
[1.119s] -- Looking for ignition-math6 -- found version 6.15.1
[1.124s] -- Checking for module 'tinyxml2'
[1.143s] --   Found tinyxml2, version 9.0.0
[1.186s] -- Looking for ignition-msgs5 -- found version 5.8.1
[1.186s] -- Looking for ignition-common3 -- found version 3.14.0
[1.187s] -- Searching for dependencies of ignition-common3
[1.187s] -- Looking for dlfcn.h - found
[1.187s] -- Looking for libdl - found
[1.202s] -- Searching for <ignition-common3> component [graphics]
[1.203s] -- Looking for ignition-common3-graphics -- found version 3.14.0
[1.204s] -- Searching for dependencies of ignition-common3-graphics
[1.204s] -- Looking for ignition-math6 -- found version 6.15.1
[1.206s] -- Looking for ignition-fuel_tools4 -- found version 4.4.0
[1.206s] -- Searching for dependencies of ignition-fuel_tools4
[1.259s] -- Checking for module 'jsoncpp'
[1.276s] --   Found jsoncpp, version 1.9.5
[1.323s] -- Checking for module 'libzip'
[1.339s] --   Found libzip, version 1.7.3
[1.379s] -- Looking for ignition-common3 -- found version 3.14.0
[1.379s] -- Looking for ignition-math6 -- found version 6.15.1
[1.379s] -- Looking for ignition-msgs5 -- found version 5.8.1
[1.382s] -- Gazebo version: 11.10
[1.384s] -- Found xacro: 2.0.8 (/opt/ros/humble/share/xacro/cmake)
[1.452s] -- Configuring done
[1.462s] -- Generating done
[1.465s] -- Build files have been written to: /home/developer/SPWAR_ws/build/spot_description
[1.479s] Invoked command in '/home/developer/SPWAR_ws/build/spot_description' returned '0': CMAKE_PREFIX_PATH=${CMAKE_PREFIX_PATH}:/opt/ros/humble /usr/bin/cmake /home/developer/SPWAR_ws/src/spot_description -DCMAKE_INSTALL_PREFIX=/home/developer/SPWAR_ws/install/spot_description
[1.482s] Invoking command in '/home/developer/SPWAR_ws/build/spot_description': CMAKE_PREFIX_PATH=${CMAKE_PREFIX_PATH}:/opt/ros/humble /usr/bin/cmake --build /home/developer/SPWAR_ws/build/spot_description -- -j16 -l16
[1.536s] Invoked command in '/home/developer/SPWAR_ws/build/spot_description' returned '0': CMAKE_PREFIX_PATH=${CMAKE_PREFIX_PATH}:/opt/ros/humble /usr/bin/cmake --build /home/developer/SPWAR_ws/build/spot_description -- -j16 -l16
[1.576s] Invoking command in '/home/developer/SPWAR_ws/build/spot_description': CMAKE_PREFIX_PATH=${CMAKE_PREFIX_PATH}:/opt/ros/humble /usr/bin/cmake --install /home/developer/SPWAR_ws/build/spot_description
[1.586s] -- Install configuration: ""
[1.587s] -- Execute custom install script
[1.587s] -- Up-to-date symlink: /home/developer/SPWAR_ws/install/spot_description/share/spot_description/urdf/simple_robot.urdf
[1.588s] -- Up-to-date symlink: /home/developer/SPWAR_ws/install/spot_description/share/spot_description/urdf/spot_with_arm.urdf
[1.588s] -- Up-to-date symlink: /home/developer/SPWAR_ws/install/spot_description/share/spot_description/meshes/arm0.link_el0.stl
[1.588s] -- Up-to-date symlink: /home/developer/SPWAR_ws/install/spot_description/share/spot_description/meshes/arm0.link_el1.stl
[1.589s] -- Up-to-date symlink: /home/developer/SPWAR_ws/install/spot_description/share/spot_description/meshes/arm0.link_fngr.stl
[1.589s] -- Up-to-date symlink: /home/developer/SPWAR_ws/install/spot_description/share/spot_description/meshes/arm0.link_hr0.stl
[1.589s] -- Up-to-date symlink: /home/developer/SPWAR_ws/install/spot_description/share/spot_description/meshes/arm0.link_sh0.stl
[1.589s] -- Up-to-date symlink: /home/developer/SPWAR_ws/install/spot_description/share/spot_description/meshes/arm0.link_sh1.stl
[1.590s] -- Up-to-date symlink: /home/developer/SPWAR_ws/install/spot_description/share/spot_description/meshes/arm0.link_wr0.stl
[1.590s] -- Up-to-date symlink: /home/developer/SPWAR_ws/install/spot_description/share/spot_description/meshes/arm0.link_wr1.stl
[1.590s] -- Up-to-date symlink: /home/developer/SPWAR_ws/install/spot_description/share/spot_description/meshes/base_link_0_geom_visual_mesh.stl
[1.591s] -- Up-to-date symlink: /home/developer/SPWAR_ws/install/spot_description/share/spot_description/meshes/fl_hip_0_geom_visual_mesh.stl
[1.591s] -- Up-to-date symlink: /home/developer/SPWAR_ws/install/spot_description/share/spot_description/meshes/fr_hip_0_geom_visual_mesh.stl
[1.591s] -- Up-to-date symlink: /home/developer/SPWAR_ws/install/spot_description/share/spot_description/meshes/hl_hip_0_geom_visual_mesh.stl
[1.591s] -- Up-to-date symlink: /home/developer/SPWAR_ws/install/spot_description/share/spot_description/meshes/hr_hip_0_geom_visual_mesh.stl
[1.591s] -- Up-to-date symlink: /home/developer/SPWAR_ws/install/spot_description/share/spot_description/meshes/l_uleg_0_geom_visual_mesh.stl
[1.592s] -- Up-to-date symlink: /home/developer/SPWAR_ws/install/spot_description/share/spot_description/meshes/lleg_0_geom_visual_mesh.stl
[1.592s] -- Up-to-date symlink: /home/developer/SPWAR_ws/install/spot_description/share/spot_description/meshes/r_uleg_0_geom_visual_mesh.stl
[1.592s] -- Up-to-date symlink: /home/developer/SPWAR_ws/install/spot_description/share/spot_description/launch/display.launch.py
[1.592s] -- Up-to-date symlink: /home/developer/SPWAR_ws/install/spot_description/share/spot_description/launch/gazebo.launch.py
[1.592s] -- Up-to-date symlink: /home/developer/SPWAR_ws/install/spot_description/share/spot_description/launch/spot_moveit_rviz.launch.py
[1.593s] -- Up-to-date symlink: /home/developer/SPWAR_ws/install/spot_description/share/ament_index/resource_index/package_run_dependencies/spot_description
[1.593s] -- Up-to-date symlink: /home/developer/SPWAR_ws/install/spot_description/share/ament_index/resource_index/parent_prefix_path/spot_description
[1.593s] -- Up-to-date symlink: /home/developer/SPWAR_ws/install/spot_description/share/spot_description/environment/ament_prefix_path.sh
[1.593s] -- Up-to-date symlink: /home/developer/SPWAR_ws/install/spot_description/share/spot_description/environment/ament_prefix_path.dsv
[1.594s] -- Up-to-date symlink: /home/developer/SPWAR_ws/install/spot_description/share/spot_description/environment/path.sh
[1.594s] -- Up-to-date symlink: /home/developer/SPWAR_ws/install/spot_description/share/spot_description/environment/path.dsv
[1.594s] -- Up-to-date symlink: /home/developer/SPWAR_ws/install/spot_description/share/spot_description/local_setup.bash
[1.594s] -- Up-to-date symlink: /home/developer/SPWAR_ws/install/spot_description/share/spot_description/local_setup.sh
[1.595s] -- Up-to-date symlink: /home/developer/SPWAR_ws/install/spot_description/share/spot_description/local_setup.zsh
[1.595s] -- Up-to-date symlink: /home/developer/SPWAR_ws/install/spot_description/share/spot_description/local_setup.dsv
[1.595s] -- Symlinking: /home/developer/SPWAR_ws/install/spot_description/share/spot_description/package.dsv
[1.606s] -- Up-to-date symlink: /home/developer/SPWAR_ws/install/spot_description/share/ament_index/resource_index/packages/spot_description
[1.606s] -- Up-to-date symlink: /home/developer/SPWAR_ws/install/spot_description/share/spot_description/cmake/spot_descriptionConfig.cmake
[1.606s] -- Up-to-date symlink: /home/developer/SPWAR_ws/install/spot_description/share/spot_description/cmake/spot_descriptionConfig-version.cmake
[1.607s] -- Up-to-date symlink: /home/developer/SPWAR_ws/install/spot_description/share/spot_description/package.xml
[1.609s] Invoked command in '/home/developer/SPWAR_ws/build/spot_description' returned '0': CMAKE_PREFIX_PATH=${CMAKE_PREFIX_PATH}:/opt/ros/humble /usr/bin/cmake --install /home/developer/SPWAR_ws/build/spot_description
