[0.012s] Invoking command in '/home/developer/SPWAR_ws/build/spot_description': CMAKE_PREFIX_PATH=${CMAKE_PREFIX_PATH}:/opt/ros/humble /usr/bin/cmake --build /home/developer/SPWAR_ws/build/spot_description -- -j16 -l16
[0.037s] -- Found ament_cmake: 1.3.10 (/opt/ros/humble/share/ament_cmake/cmake)
[0.139s] -- Found gazebo_ros: 3.7.0 (/opt/ros/humble/share/gazebo_ros/cmake)
[0.199s] -- Found rosidl_generator_c: 3.1.5 (/opt/ros/humble/share/rosidl_generator_c/cmake)
[0.206s] -- Found rosidl_adapter: 3.1.5 (/opt/ros/humble/share/rosidl_adapter/cmake)
[0.218s] -- Found rosidl_generator_cpp: 3.1.5 (/opt/ros/humble/share/rosidl_generator_cpp/cmake)
[0.245s] -- Using all available rosidl_typesupport_c: rosidl_typesupport_fastrtps_c;rosidl_typesupport_introspection_c
[0.277s] -- Using all available rosidl_typesupport_cpp: rosidl_typesupport_fastrtps_cpp;rosidl_typesupport_introspection_cpp
[0.338s] -- Found rmw_implementation_cmake: 6.1.2 (/opt/ros/humble/share/rmw_implementation_cmake/cmake)
[0.342s] -- Found rmw_fastrtps_cpp: 6.2.7 (/opt/ros/humble/share/rmw_fastrtps_cpp/cmake)
[0.442s] -- Found OpenSSL: /usr/lib/x86_64-linux-gnu/libcrypto.so (found version "3.0.2")  
[0.473s] -- Found FastRTPS: /opt/ros/humble/include  
[0.525s] -- Using RMW implementation 'rmw_fastrtps_cpp' as default
[0.538s] -- Looking for pthread.h
[0.652s] -- Looking for pthread.h - found
[0.652s] -- Performing Test CMAKE_HAVE_LIBC_PTHREAD
[0.723s] -- Performing Test CMAKE_HAVE_LIBC_PTHREAD - Success
[0.724s] -- Found Threads: TRUE  
[0.787s] -- Found PkgConfig: /usr/bin/pkg-config (found version "0.29.2") 
[0.788s] -- Checking for module 'bullet>=2.82'
[0.801s] --   Found bullet, version 3.05
[0.916s] -- Found fcl: /usr/include (found suitable version "0.7.0", minimum required is "0.5.0") 
[0.978s] -- Found assimp: /usr/include (found version "5.2.0") 
[1.014s] -- Found DART: /usr/include (Required is at least version "6.6") found components: dart 
[1.051s] -- Found Boost: /usr/lib/x86_64-linux-gnu/cmake/Boost-1.74.0/BoostConfig.cmake (found suitable version "1.74.0", minimum required is "1.40.0") found components: thread system filesystem program_options regex iostreams date_time 
[1.070s] -- Found Protobuf: /usr/lib/x86_64-linux-gnu/libprotobuf.so (found version "3.12.4") 
[1.077s] -- Looking for ignition-math6 -- found version 6.15.1
[1.086s] -- Searching for dependencies of ignition-math6
[1.087s] -- Looking for OGRE...
[1.088s] -- OGRE_PREFIX_WATCH changed.
[1.093s] -- Checking for module 'OGRE'
[1.105s] --   Found OGRE, version 1.9.0
[1.138s] -- Found Ogre Ghadamon (1.9.0)
[1.143s] -- Found OGRE: optimized;/usr/lib/x86_64-linux-gnu/libOgreMain.so;debug;/usr/lib/x86_64-linux-gnu/libOgreMain.so
[1.151s] -- Looking for OGRE_Paging...
[1.154s] -- Found OGRE_Paging: optimized;/usr/lib/x86_64-linux-gnu/libOgrePaging.so;debug;/usr/lib/x86_64-linux-gnu/libOgrePaging.so
[1.154s] -- Looking for OGRE_Terrain...
[1.157s] -- Found OGRE_Terrain: optimized;/usr/lib/x86_64-linux-gnu/libOgreTerrain.so;debug;/usr/lib/x86_64-linux-gnu/libOgreTerrain.so
[1.157s] -- Looking for OGRE_Property...
[1.160s] -- Found OGRE_Property: optimized;/usr/lib/x86_64-linux-gnu/libOgreProperty.so;debug;/usr/lib/x86_64-linux-gnu/libOgreProperty.so
[1.160s] -- Looking for OGRE_RTShaderSystem...
[1.163s] -- Found OGRE_RTShaderSystem: optimized;/usr/lib/x86_64-linux-gnu/libOgreRTShaderSystem.so;debug;/usr/lib/x86_64-linux-gnu/libOgreRTShaderSystem.so
[1.163s] -- Looking for OGRE_Volume...
[1.166s] -- Found OGRE_Volume: optimized;/usr/lib/x86_64-linux-gnu/libOgreVolume.so;debug;/usr/lib/x86_64-linux-gnu/libOgreVolume.so
[1.166s] -- Looking for OGRE_Overlay...
[1.169s] -- Found OGRE_Overlay: optimized;/usr/lib/x86_64-linux-gnu/libOgreOverlay.so;debug;/usr/lib/x86_64-linux-gnu/libOgreOverlay.so
[1.239s] -- Looking for ignition-math6 -- found version 6.15.1
[1.241s] -- Looking for ignition-transport8 -- found version 8.2.1
[1.242s] -- Searching for dependencies of ignition-transport8
[1.264s] -- Found Protobuf: /usr/lib/x86_64-linux-gnu/libprotobuf.so (found suitable version "3.12.4", minimum required is "3") 
[1.280s] -- Config-file not installed for ZeroMQ -- checking for pkg-config
[1.284s] -- Checking for module 'libzmq >= 4'
[1.298s] --   Found libzmq , version 4.3.4
[1.335s] -- Found ZeroMQ: TRUE (Required is at least version "4") 
[1.341s] -- Checking for module 'uuid'
[1.353s] --   Found uuid, version 2.37.2
[1.386s] -- Found UUID: TRUE  
[1.389s] -- Looking for ignition-msgs5 -- found version 5.8.1
[1.389s] -- Searching for dependencies of ignition-msgs5
[1.413s] -- Looking for ignition-math6 -- found version 6.15.1
[1.418s] -- Checking for module 'tinyxml2'
[1.431s] --   Found tinyxml2, version 9.0.0
[1.465s] -- Looking for ignition-msgs5 -- found version 5.8.1
[1.468s] -- Looking for ignition-common3 -- found version 3.14.0
[1.468s] -- Searching for dependencies of ignition-common3
[1.469s] -- Looking for dlfcn.h - found
[1.469s] -- Looking for libdl - found
[1.470s] -- Found DL: TRUE  
[1.481s] -- Found tinyobjloader: /usr/lib/x86_64-linux-gnu/cmake/tinyobjloader/tinyobjloader-config.cmake (found version "2.0.0") 
[1.481s] -- Searching for <ignition-common3> component [graphics]
[1.484s] -- Looking for ignition-common3-graphics -- found version 3.14.0
[1.484s] -- Searching for dependencies of ignition-common3-graphics
[1.485s] -- Looking for ignition-math6 -- found version 6.15.1
[1.488s] -- Looking for ignition-fuel_tools4 -- found version 4.4.0
[1.488s] -- Searching for dependencies of ignition-fuel_tools4
[1.571s] -- Found CURL: /usr/lib/x86_64-linux-gnu/libcurl.so (found version "7.81.0")  
[1.580s] -- Checking for module 'jsoncpp'
[1.593s] --   Found jsoncpp, version 1.9.5
[1.626s] -- Found JSONCPP: TRUE  
[1.632s] -- Checking for module 'libzip'
[1.644s] --   Found libzip, version 1.7.3
[1.678s] -- Found ZIP: TRUE  
[1.678s] -- Looking for ignition-common3 -- found version 3.14.0
[1.679s] -- Looking for ignition-math6 -- found version 6.15.1
[1.679s] -- Looking for ignition-msgs5 -- found version 5.8.1
[1.683s] -- Gazebo version: 11.10
[1.684s] -- Checking for module 'tbb'
[1.698s] --   Found tbb, version 2021.5.0
[1.735s] -- Found xacro: 2.0.8 (/opt/ros/humble/share/xacro/cmake)
[1.788s] -- Configuring done
[1.797s] -- Generating done
[1.798s] -- Build files have been written to: /home/developer/SPWAR_ws/build/spot_description
[1.824s] Invoked command in '/home/developer/SPWAR_ws/build/spot_description' returned '0': CMAKE_PREFIX_PATH=${CMAKE_PREFIX_PATH}:/opt/ros/humble /usr/bin/cmake --build /home/developer/SPWAR_ws/build/spot_description -- -j16 -l16
[1.856s] Invoking command in '/home/developer/SPWAR_ws/build/spot_description': CMAKE_PREFIX_PATH=${CMAKE_PREFIX_PATH}:/opt/ros/humble /usr/bin/cmake --install /home/developer/SPWAR_ws/build/spot_description
[1.862s] -- Install configuration: ""
[1.862s] -- Up-to-date: /home/developer/SPWAR_ws/install/spot_description/share/spot_description/urdf
[1.862s] -- Installing: /home/developer/SPWAR_ws/install/spot_description/share/spot_description/urdf/simple_robot.urdf
[1.863s] -- Installing: /home/developer/SPWAR_ws/install/spot_description/share/spot_description/urdf/spot_with_arm.urdf
[1.863s] -- Up-to-date: /home/developer/SPWAR_ws/install/spot_description/share/spot_description/meshes
[1.863s] -- Up-to-date: /home/developer/SPWAR_ws/install/spot_description/share/spot_description/meshes/arm0.link_el0.stl
[1.864s] -- Up-to-date: /home/developer/SPWAR_ws/install/spot_description/share/spot_description/meshes/arm0.link_wr1.stl
[1.864s] -- Up-to-date: /home/developer/SPWAR_ws/install/spot_description/share/spot_description/meshes/arm0.link_hr0.stl
[1.864s] -- Up-to-date: /home/developer/SPWAR_ws/install/spot_description/share/spot_description/meshes/arm0.link_sh0.stl
[1.864s] -- Up-to-date: /home/developer/SPWAR_ws/install/spot_description/share/spot_description/meshes/fl_hip_0_geom_visual_mesh.stl
[1.864s] -- Up-to-date: /home/developer/SPWAR_ws/install/spot_description/share/spot_description/meshes/arm0.link_fngr.stl
[1.864s] -- Up-to-date: /home/developer/SPWAR_ws/install/spot_description/share/spot_description/meshes/lleg_0_geom_visual_mesh.stl
[1.864s] -- Up-to-date: /home/developer/SPWAR_ws/install/spot_description/share/spot_description/meshes/fr_hip_0_geom_visual_mesh.stl
[1.864s] -- Up-to-date: /home/developer/SPWAR_ws/install/spot_description/share/spot_description/meshes/arm0.link_el1.stl
[1.864s] -- Up-to-date: /home/developer/SPWAR_ws/install/spot_description/share/spot_description/meshes/hr_hip_0_geom_visual_mesh.stl
[1.864s] -- Up-to-date: /home/developer/SPWAR_ws/install/spot_description/share/spot_description/meshes/arm0.link_wr0.stl
[1.864s] -- Up-to-date: /home/developer/SPWAR_ws/install/spot_description/share/spot_description/meshes/base_link_0_geom_visual_mesh.stl
[1.864s] -- Up-to-date: /home/developer/SPWAR_ws/install/spot_description/share/spot_description/meshes/l_uleg_0_geom_visual_mesh.stl
[1.864s] -- Up-to-date: /home/developer/SPWAR_ws/install/spot_description/share/spot_description/meshes/hl_hip_0_geom_visual_mesh.stl
[1.864s] -- Up-to-date: /home/developer/SPWAR_ws/install/spot_description/share/spot_description/meshes/arm0.link_sh1.stl
[1.864s] -- Up-to-date: /home/developer/SPWAR_ws/install/spot_description/share/spot_description/meshes/r_uleg_0_geom_visual_mesh.stl
[1.864s] -- Up-to-date: /home/developer/SPWAR_ws/install/spot_description/share/spot_description/launch
[1.864s] -- Installing: /home/developer/SPWAR_ws/install/spot_description/share/spot_description/launch/gazebo.launch.py
[1.865s] -- Installing: /home/developer/SPWAR_ws/install/spot_description/share/spot_description/launch/display.launch.py
[1.865s] -- Installing: /home/developer/SPWAR_ws/install/spot_description/share/ament_index/resource_index/package_run_dependencies/spot_description
[1.865s] -- Installing: /home/developer/SPWAR_ws/install/spot_description/share/ament_index/resource_index/parent_prefix_path/spot_description
[1.865s] -- Up-to-date: /home/developer/SPWAR_ws/install/spot_description/share/spot_description/environment/ament_prefix_path.sh
[1.866s] -- Installing: /home/developer/SPWAR_ws/install/spot_description/share/spot_description/environment/ament_prefix_path.dsv
[1.866s] -- Up-to-date: /home/developer/SPWAR_ws/install/spot_description/share/spot_description/environment/path.sh
[1.866s] -- Installing: /home/developer/SPWAR_ws/install/spot_description/share/spot_description/environment/path.dsv
[1.866s] -- Up-to-date: /home/developer/SPWAR_ws/install/spot_description/share/spot_description/local_setup.bash
[1.866s] -- Up-to-date: /home/developer/SPWAR_ws/install/spot_description/share/spot_description/local_setup.sh
[1.866s] -- Up-to-date: /home/developer/SPWAR_ws/install/spot_description/share/spot_description/local_setup.zsh
[1.866s] -- Installing: /home/developer/SPWAR_ws/install/spot_description/share/spot_description/local_setup.dsv
[1.866s] -- Installing: /home/developer/SPWAR_ws/install/spot_description/share/spot_description/package.dsv
[1.867s] -- Up-to-date: /home/developer/SPWAR_ws/install/spot_description/share/ament_index/resource_index/packages/spot_description
[1.867s] -- Up-to-date: /home/developer/SPWAR_ws/install/spot_description/share/spot_description/cmake/spot_descriptionConfig.cmake
[1.867s] -- Up-to-date: /home/developer/SPWAR_ws/install/spot_description/share/spot_description/cmake/spot_descriptionConfig-version.cmake
[1.867s] -- Installing: /home/developer/SPWAR_ws/install/spot_description/share/spot_description/package.xml
[1.869s] Invoked command in '/home/developer/SPWAR_ws/build/spot_description' returned '0': CMAKE_PREFIX_PATH=${CMAKE_PREFIX_PATH}:/opt/ros/humble /usr/bin/cmake --install /home/developer/SPWAR_ws/build/spot_description
