[0.015s] Invoking command in '/home/developer/SPWAR_ws/build/hello_moveit': CMAKE_PREFIX_PATH=${CMAKE_PREFIX_PATH}:/opt/ros/humble /usr/bin/cmake --build /home/developer/SPWAR_ws/build/hello_moveit -- -j16 -l16
[0.070s] [35m[1mConsolidate compiler generated dependencies of target hello_moveit[0m
[0.118s] [100%] Built target hello_moveit
[0.143s] Invoked command in '/home/developer/SPWAR_ws/build/hello_moveit' returned '0': CMAKE_PREFIX_PATH=${CMAKE_PREFIX_PATH}:/opt/ros/humble /usr/bin/cmake --build /home/developer/SPWAR_ws/build/hello_moveit -- -j16 -l16
[0.179s] Invoking command in '/home/developer/SPWAR_ws/build/hello_moveit': CMAKE_PREFIX_PATH=${CMAKE_PREFIX_PATH}:/opt/ros/humble /usr/bin/cmake --install /home/developer/SPWAR_ws/build/hello_moveit
[0.188s] -- Install configuration: ""
[0.188s] -- Execute custom install script
[0.188s] -- Up-to-date symlink: /home/developer/SPWAR_ws/install/hello_moveit/lib/hello_moveit/hello_moveit
[0.188s] -- Up-to-date symlink: /home/developer/SPWAR_ws/install/hello_moveit/share/ament_index/resource_index/package_run_dependencies/hello_moveit
[0.189s] -- Up-to-date symlink: /home/developer/SPWAR_ws/install/hello_moveit/share/ament_index/resource_index/parent_prefix_path/hello_moveit
[0.189s] -- Up-to-date symlink: /home/developer/SPWAR_ws/install/hello_moveit/share/hello_moveit/environment/ament_prefix_path.sh
[0.189s] -- Up-to-date symlink: /home/developer/SPWAR_ws/install/hello_moveit/share/hello_moveit/environment/ament_prefix_path.dsv
[0.189s] -- Up-to-date symlink: /home/developer/SPWAR_ws/install/hello_moveit/share/hello_moveit/environment/path.sh
[0.189s] -- Up-to-date symlink: /home/developer/SPWAR_ws/install/hello_moveit/share/hello_moveit/environment/path.dsv
[0.189s] -- Up-to-date symlink: /home/developer/SPWAR_ws/install/hello_moveit/share/hello_moveit/local_setup.bash
[0.189s] -- Up-to-date symlink: /home/developer/SPWAR_ws/install/hello_moveit/share/hello_moveit/local_setup.sh
[0.189s] -- Up-to-date symlink: /home/developer/SPWAR_ws/install/hello_moveit/share/hello_moveit/local_setup.zsh
[0.190s] -- Up-to-date symlink: /home/developer/SPWAR_ws/install/hello_moveit/share/hello_moveit/local_setup.dsv
[0.190s] -- Symlinking: /home/developer/SPWAR_ws/install/hello_moveit/share/hello_moveit/package.dsv
[0.201s] -- Up-to-date symlink: /home/developer/SPWAR_ws/install/hello_moveit/share/ament_index/resource_index/packages/hello_moveit
[0.201s] -- Up-to-date symlink: /home/developer/SPWAR_ws/install/hello_moveit/share/hello_moveit/cmake/hello_moveitConfig.cmake
[0.201s] -- Up-to-date symlink: /home/developer/SPWAR_ws/install/hello_moveit/share/hello_moveit/cmake/hello_moveitConfig-version.cmake
[0.201s] -- Up-to-date symlink: /home/developer/SPWAR_ws/install/hello_moveit/share/hello_moveit/package.xml
[0.203s] Invoked command in '/home/developer/SPWAR_ws/build/hello_moveit' returned '0': CMAKE_PREFIX_PATH=${CMAKE_PREFIX_PATH}:/opt/ros/humble /usr/bin/cmake --install /home/developer/SPWAR_ws/build/hello_moveit
