[0.010s] Invoking command in '/home/developer/SPWAR_ws/build/spot_moveit_config': AMENT_PREFIX_PATH=/home/developer/SPWAR_ws/install/spot_description:${AMENT_PREFIX_PATH} CMAKE_PREFIX_PATH=/home/developer/SPWAR_ws/install/spot_description:/home/developer/SPWAR_ws/install:/opt/ros/humble: /usr/bin/cmake /home/developer/SPWAR_ws/src/spot_moveit_config -DAMENT_CMAKE_SYMLINK_INSTALL=1 -DCMAKE_INSTALL_PREFIX=/home/developer/SPWAR_ws/install/spot_moveit_config
[0.025s] -- Found ament_cmake: 1.3.10 (/opt/ros/humble/share/ament_cmake/cmake)
[0.145s] -- Override CMake install command with custom implementation using symlinks instead of copying resources
[0.152s] -- Found rclcpp: 16.0.10 (/opt/ros/humble/share/rclcpp/cmake)
[0.178s] -- Found rosidl_generator_c: 3.1.5 (/opt/ros/humble/share/rosidl_generator_c/cmake)
[0.180s] -- Found rosidl_adapter: 3.1.5 (/opt/ros/humble/share/rosidl_adapter/cmake)
[0.185s] -- Found rosidl_generator_cpp: 3.1.5 (/opt/ros/humble/share/rosidl_generator_cpp/cmake)
[0.193s] -- Using all available rosidl_typesupport_c: rosidl_typesupport_fastrtps_c;rosidl_typesupport_introspection_c
[0.204s] -- Using all available rosidl_typesupport_cpp: rosidl_typesupport_fastrtps_cpp;rosidl_typesupport_introspection_cpp
[0.233s] -- Found rmw_implementation_cmake: 6.1.2 (/opt/ros/humble/share/rmw_implementation_cmake/cmake)
[0.234s] -- Found rmw_fastrtps_cpp: 6.2.7 (/opt/ros/humble/share/rmw_fastrtps_cpp/cmake)
[0.356s] -- Using RMW implementation 'rmw_fastrtps_cpp' as default
[0.396s] -- Found moveit_ros_planning_interface: 2.5.7 (/opt/ros/humble/share/moveit_ros_planning_interface/cmake)
[0.405s] -- Found Boost: /usr/lib/x86_64-linux-gnu/cmake/Boost-1.74.0/BoostConfig.cmake (found version "1.74.0") found components: date_time filesystem program_options system thread 
[0.537s] -- Found Boost: /usr/lib/x86_64-linux-gnu/cmake/Boost-1.74.0/BoostConfig.cmake (found version "1.74.0") found components: chrono date_time filesystem iostreams program_options regex serialization system thread 
[0.553s] -- Found parameter_traits: 0.4.0 (/opt/ros/humble/share/parameter_traits/cmake)
[0.560s] -- Found rclcpp_lifecycle: 16.0.10 (/opt/ros/humble/share/rclcpp_lifecycle/cmake)
[0.577s] -- Found Boost: /usr/lib/x86_64-linux-gnu/cmake/Boost-1.74.0/BoostConfig.cmake (found version "1.74.0") found components: filesystem 
[0.613s] -- library: /usr/lib/x86_64-linux-gnu/libcurl.so
[0.634s] -- Ensuring Eigen3 include directory is part of orocos-kdl CMake target
[0.728s] -- Found Boost: /usr/lib/x86_64-linux-gnu/cmake/Boost-1.74.0/BoostConfig.cmake (found version "1.74.0") found components: system filesystem date_time program_options thread chrono 
[0.750s] -- Found Boost: /usr/lib/x86_64-linux-gnu/cmake/Boost-1.74.0/BoostConfig.cmake (found version "1.74.0") found components: thread system filesystem regex date_time program_options 
[0.765s] -- Found Boost: /usr/lib/x86_64-linux-gnu/cmake/Boost-1.74.0/BoostConfig.cmake (found version "1.74.0") found components: system filesystem date_time program_options thread 
[0.841s] -- Configuring done
[0.850s] -- Generating done
[0.852s] -- Build files have been written to: /home/developer/SPWAR_ws/build/spot_moveit_config
[0.861s] Invoked command in '/home/developer/SPWAR_ws/build/spot_moveit_config' returned '0': AMENT_PREFIX_PATH=/home/developer/SPWAR_ws/install/spot_description:${AMENT_PREFIX_PATH} CMAKE_PREFIX_PATH=/home/developer/SPWAR_ws/install/spot_description:/home/developer/SPWAR_ws/install:/opt/ros/humble: /usr/bin/cmake /home/developer/SPWAR_ws/src/spot_moveit_config -DAMENT_CMAKE_SYMLINK_INSTALL=1 -DCMAKE_INSTALL_PREFIX=/home/developer/SPWAR_ws/install/spot_moveit_config
[0.863s] Invoking command in '/home/developer/SPWAR_ws/build/spot_moveit_config': AMENT_PREFIX_PATH=/home/developer/SPWAR_ws/install/spot_description:${AMENT_PREFIX_PATH} CMAKE_PREFIX_PATH=/home/developer/SPWAR_ws/install/spot_description:/home/developer/SPWAR_ws/install:/opt/ros/humble: /usr/bin/cmake --build /home/developer/SPWAR_ws/build/spot_moveit_config -- -j16 -l16
[0.908s] Invoked command in '/home/developer/SPWAR_ws/build/spot_moveit_config' returned '0': AMENT_PREFIX_PATH=/home/developer/SPWAR_ws/install/spot_description:${AMENT_PREFIX_PATH} CMAKE_PREFIX_PATH=/home/developer/SPWAR_ws/install/spot_description:/home/developer/SPWAR_ws/install:/opt/ros/humble: /usr/bin/cmake --build /home/developer/SPWAR_ws/build/spot_moveit_config -- -j16 -l16
[0.932s] Invoking command in '/home/developer/SPWAR_ws/build/spot_moveit_config': AMENT_PREFIX_PATH=/home/developer/SPWAR_ws/install/spot_description:${AMENT_PREFIX_PATH} CMAKE_PREFIX_PATH=/home/developer/SPWAR_ws/install/spot_description:/home/developer/SPWAR_ws/install:/opt/ros/humble: /usr/bin/cmake --install /home/developer/SPWAR_ws/build/spot_moveit_config
[0.939s] -- Install configuration: ""
[0.939s] -- Execute custom install script
[0.939s] -- Up-to-date symlink: /home/developer/SPWAR_ws/install/spot_moveit_config/share/spot_moveit_config/launch/demo.launch.py
[0.939s] -- Up-to-date symlink: /home/developer/SPWAR_ws/install/spot_moveit_config/share/spot_moveit_config/launch/move_group.launch.py
[0.940s] -- Up-to-date symlink: /home/developer/SPWAR_ws/install/spot_moveit_config/share/spot_moveit_config/launch/moveit_rviz.launch.py
[0.940s] -- Up-to-date symlink: /home/developer/SPWAR_ws/install/spot_moveit_config/share/spot_moveit_config/launch/rsp.launch.py
[0.940s] -- Up-to-date symlink: /home/developer/SPWAR_ws/install/spot_moveit_config/share/spot_moveit_config/launch/setup_assistant.launch.py
[0.940s] -- Up-to-date symlink: /home/developer/SPWAR_ws/install/spot_moveit_config/share/spot_moveit_config/launch/spawn_controllers.launch.py
[0.940s] -- Up-to-date symlink: /home/developer/SPWAR_ws/install/spot_moveit_config/share/spot_moveit_config/launch/static_virtual_joint_tfs.launch.py
[0.940s] -- Up-to-date symlink: /home/developer/SPWAR_ws/install/spot_moveit_config/share/spot_moveit_config/launch/warehouse_db.launch.py
[0.940s] -- Up-to-date symlink: /home/developer/SPWAR_ws/install/spot_moveit_config/share/spot_moveit_config/config/initial_positions.yaml
[0.940s] -- Up-to-date symlink: /home/developer/SPWAR_ws/install/spot_moveit_config/share/spot_moveit_config/config/joint_limits.yaml
[0.941s] -- Up-to-date symlink: /home/developer/SPWAR_ws/install/spot_moveit_config/share/spot_moveit_config/config/kinematics.yaml
[0.941s] -- Up-to-date symlink: /home/developer/SPWAR_ws/install/spot_moveit_config/share/spot_moveit_config/config/moveit.rviz
[0.941s] -- Up-to-date symlink: /home/developer/SPWAR_ws/install/spot_moveit_config/share/spot_moveit_config/config/moveit_controllers.yaml
[0.941s] -- Up-to-date symlink: /home/developer/SPWAR_ws/install/spot_moveit_config/share/spot_moveit_config/config/pilz_cartesian_limits.yaml
[0.941s] -- Up-to-date symlink: /home/developer/SPWAR_ws/install/spot_moveit_config/share/spot_moveit_config/config/ros2_controllers.yaml
[0.941s] -- Up-to-date symlink: /home/developer/SPWAR_ws/install/spot_moveit_config/share/spot_moveit_config/config/sensors_3d.yaml
[0.941s] -- Up-to-date symlink: /home/developer/SPWAR_ws/install/spot_moveit_config/share/spot_moveit_config/config/spot.ros2_control.xacro
[0.941s] -- Up-to-date symlink: /home/developer/SPWAR_ws/install/spot_moveit_config/share/spot_moveit_config/config/spot.srdf
[0.941s] -- Up-to-date symlink: /home/developer/SPWAR_ws/install/spot_moveit_config/share/spot_moveit_config/config/spot.urdf.xacro
[0.941s] -- Up-to-date symlink: /home/developer/SPWAR_ws/install/spot_moveit_config/share/spot_moveit_config/.setup_assistant
[0.942s] -- Up-to-date symlink: /home/developer/SPWAR_ws/install/spot_moveit_config/share/ament_index/resource_index/package_run_dependencies/spot_moveit_config
[0.942s] -- Up-to-date symlink: /home/developer/SPWAR_ws/install/spot_moveit_config/share/ament_index/resource_index/parent_prefix_path/spot_moveit_config
[0.942s] -- Up-to-date symlink: /home/developer/SPWAR_ws/install/spot_moveit_config/share/spot_moveit_config/environment/ament_prefix_path.sh
[0.942s] -- Up-to-date symlink: /home/developer/SPWAR_ws/install/spot_moveit_config/share/spot_moveit_config/environment/ament_prefix_path.dsv
[0.942s] -- Up-to-date symlink: /home/developer/SPWAR_ws/install/spot_moveit_config/share/spot_moveit_config/environment/path.sh
[0.942s] -- Up-to-date symlink: /home/developer/SPWAR_ws/install/spot_moveit_config/share/spot_moveit_config/environment/path.dsv
[0.942s] -- Up-to-date symlink: /home/developer/SPWAR_ws/install/spot_moveit_config/share/spot_moveit_config/local_setup.bash
[0.943s] -- Up-to-date symlink: /home/developer/SPWAR_ws/install/spot_moveit_config/share/spot_moveit_config/local_setup.sh
[0.943s] -- Up-to-date symlink: /home/developer/SPWAR_ws/install/spot_moveit_config/share/spot_moveit_config/local_setup.zsh
[0.943s] -- Up-to-date symlink: /home/developer/SPWAR_ws/install/spot_moveit_config/share/spot_moveit_config/local_setup.dsv
[0.943s] -- Symlinking: /home/developer/SPWAR_ws/install/spot_moveit_config/share/spot_moveit_config/package.dsv
[0.951s] -- Up-to-date symlink: /home/developer/SPWAR_ws/install/spot_moveit_config/share/ament_index/resource_index/packages/spot_moveit_config
[0.951s] -- Up-to-date symlink: /home/developer/SPWAR_ws/install/spot_moveit_config/share/spot_moveit_config/cmake/spot_moveit_configConfig.cmake
[0.952s] -- Up-to-date symlink: /home/developer/SPWAR_ws/install/spot_moveit_config/share/spot_moveit_config/cmake/spot_moveit_configConfig-version.cmake
[0.952s] -- Up-to-date symlink: /home/developer/SPWAR_ws/install/spot_moveit_config/share/spot_moveit_config/package.xml
[0.954s] Invoked command in '/home/developer/SPWAR_ws/build/spot_moveit_config' returned '0': AMENT_PREFIX_PATH=/home/developer/SPWAR_ws/install/spot_description:${AMENT_PREFIX_PATH} CMAKE_PREFIX_PATH=/home/developer/SPWAR_ws/install/spot_description:/home/developer/SPWAR_ws/install:/opt/ros/humble: /usr/bin/cmake --install /home/developer/SPWAR_ws/build/spot_moveit_config
