[0.013s] Invoking command in '/home/developer/SPWAR_ws/src/build/hello_moveit': CMAKE_PREFIX_PATH=${CMAKE_PREFIX_PATH}:/opt/ros/humble /usr/bin/cmake --build /home/developer/SPWAR_ws/src/build/hello_moveit -- -j16 -l16
[0.065s] [35m[1mConsolidate compiler generated dependencies of target hello_moveit[0m
[0.107s] [ 50%] [32mBuilding CXX object CMakeFiles/hello_moveit.dir/src/hello_moveit.cpp.o[0m
[8.957s] [100%] [32m[1mLinking CXX executable hello_moveit[0m
[9.521s] [100%] Built target hello_moveit
[9.532s] Invoked command in '/home/developer/SPWAR_ws/src/build/hello_moveit' returned '0': CMAKE_PREFIX_PATH=${CMAKE_PREFIX_PATH}:/opt/ros/humble /usr/bin/cmake --build /home/developer/SPWAR_ws/src/build/hello_moveit -- -j16 -l16
[9.559s] Invoking command in '/home/developer/SPWAR_ws/src/build/hello_moveit': CMAKE_PREFIX_PATH=${CMAKE_PREFIX_PATH}:/opt/ros/humble /usr/bin/cmake --install /home/developer/SPWAR_ws/src/build/hello_moveit
[9.566s] -- Install configuration: ""
[9.567s] -- Execute custom install script
[9.567s] -- Up-to-date symlink: /home/developer/SPWAR_ws/src/install/hello_moveit/lib/hello_moveit/hello_moveit
[9.568s] -- Up-to-date symlink: /home/developer/SPWAR_ws/src/install/hello_moveit/share/ament_index/resource_index/package_run_dependencies/hello_moveit
[9.568s] -- Up-to-date symlink: /home/developer/SPWAR_ws/src/install/hello_moveit/share/ament_index/resource_index/parent_prefix_path/hello_moveit
[9.569s] -- Up-to-date symlink: /home/developer/SPWAR_ws/src/install/hello_moveit/share/hello_moveit/environment/ament_prefix_path.sh
[9.569s] -- Up-to-date symlink: /home/developer/SPWAR_ws/src/install/hello_moveit/share/hello_moveit/environment/ament_prefix_path.dsv
[9.569s] -- Up-to-date symlink: /home/developer/SPWAR_ws/src/install/hello_moveit/share/hello_moveit/environment/path.sh
[9.569s] -- Up-to-date symlink: /home/developer/SPWAR_ws/src/install/hello_moveit/share/hello_moveit/environment/path.dsv
[9.570s] -- Up-to-date symlink: /home/developer/SPWAR_ws/src/install/hello_moveit/share/hello_moveit/local_setup.bash
[9.570s] -- Up-to-date symlink: /home/developer/SPWAR_ws/src/install/hello_moveit/share/hello_moveit/local_setup.sh
[9.570s] -- Up-to-date symlink: /home/developer/SPWAR_ws/src/install/hello_moveit/share/hello_moveit/local_setup.zsh
[9.570s] -- Up-to-date symlink: /home/developer/SPWAR_ws/src/install/hello_moveit/share/hello_moveit/local_setup.dsv
[9.570s] -- Symlinking: /home/developer/SPWAR_ws/src/install/hello_moveit/share/hello_moveit/package.dsv
[9.578s] -- Up-to-date symlink: /home/developer/SPWAR_ws/src/install/hello_moveit/share/ament_index/resource_index/packages/hello_moveit
[9.578s] -- Up-to-date symlink: /home/developer/SPWAR_ws/src/install/hello_moveit/share/hello_moveit/cmake/hello_moveitConfig.cmake
[9.579s] -- Up-to-date symlink: /home/developer/SPWAR_ws/src/install/hello_moveit/share/hello_moveit/cmake/hello_moveitConfig-version.cmake
[9.579s] -- Up-to-date symlink: /home/developer/SPWAR_ws/src/install/hello_moveit/share/hello_moveit/package.xml
[9.581s] Invoked command in '/home/developer/SPWAR_ws/src/build/hello_moveit' returned '0': CMAKE_PREFIX_PATH=${CMAKE_PREFIX_PATH}:/opt/ros/humble /usr/bin/cmake --install /home/developer/SPWAR_ws/src/build/hello_moveit
